[2023-08-07T11:52:44.727+0000] {processor.py:157} INFO - Started process (PID=234) to work on /home/airflow/.local/lib/python3.7/site-packages/airflow/example_dags/example_branch_python_dop_operator_3.py
[2023-08-07T11:52:44.744+0000] {processor.py:826} INFO - Processing file /home/airflow/.local/lib/python3.7/site-packages/airflow/example_dags/example_branch_python_dop_operator_3.py for tasks to queue
[2023-08-07T11:52:44.771+0000] {logging_mixin.py:150} INFO - [2023-08-07T11:52:44.770+0000] {dagbag.py:541} INFO - Filling up the DagBag from /home/airflow/.local/lib/python3.7/site-packages/airflow/example_dags/example_branch_python_dop_operator_3.py
[2023-08-07T11:52:44.977+0000] {processor.py:836} INFO - DAG(s) dict_keys(['example_branch_dop_operator_v3']) retrieved from /home/airflow/.local/lib/python3.7/site-packages/airflow/example_dags/example_branch_python_dop_operator_3.py
[2023-08-07T11:52:45.337+0000] {logging_mixin.py:150} INFO - [2023-08-07T11:52:45.336+0000] {dag.py:2742} INFO - Sync 1 DAGs
[2023-08-07T11:52:45.635+0000] {logging_mixin.py:150} INFO - [2023-08-07T11:52:45.625+0000] {dag.py:3508} INFO - Setting next_dagrun for example_branch_dop_operator_v3 to 2023-08-07T11:51:00+00:00, run_after=2023-08-07T11:52:00+00:00
[2023-08-07T11:52:45.804+0000] {processor.py:179} INFO - Processing /home/airflow/.local/lib/python3.7/site-packages/airflow/example_dags/example_branch_python_dop_operator_3.py took 1.127 seconds
[2023-08-07T11:53:42.977+0000] {processor.py:157} INFO - Started process (PID=480) to work on /home/airflow/.local/lib/python3.7/site-packages/airflow/example_dags/example_branch_python_dop_operator_3.py
[2023-08-07T11:53:42.986+0000] {processor.py:826} INFO - Processing file /home/airflow/.local/lib/python3.7/site-packages/airflow/example_dags/example_branch_python_dop_operator_3.py for tasks to queue
[2023-08-07T11:53:43.007+0000] {logging_mixin.py:150} INFO - [2023-08-07T11:53:43.005+0000] {dagbag.py:541} INFO - Filling up the DagBag from /home/airflow/.local/lib/python3.7/site-packages/airflow/example_dags/example_branch_python_dop_operator_3.py
[2023-08-07T11:53:43.063+0000] {processor.py:836} INFO - DAG(s) dict_keys(['example_branch_dop_operator_v3']) retrieved from /home/airflow/.local/lib/python3.7/site-packages/airflow/example_dags/example_branch_python_dop_operator_3.py
[2023-08-07T11:53:43.188+0000] {logging_mixin.py:150} INFO - [2023-08-07T11:53:43.187+0000] {dag.py:2742} INFO - Sync 1 DAGs
[2023-08-07T11:53:43.315+0000] {logging_mixin.py:150} INFO - [2023-08-07T11:53:43.315+0000] {dag.py:3508} INFO - Setting next_dagrun for example_branch_dop_operator_v3 to 2023-08-07T11:52:00+00:00, run_after=2023-08-07T11:53:00+00:00
[2023-08-07T11:53:43.424+0000] {processor.py:179} INFO - Processing /home/airflow/.local/lib/python3.7/site-packages/airflow/example_dags/example_branch_python_dop_operator_3.py took 0.466 seconds
[2023-08-07T11:54:14.045+0000] {processor.py:157} INFO - Started process (PID=719) to work on /home/airflow/.local/lib/python3.7/site-packages/airflow/example_dags/example_branch_python_dop_operator_3.py
[2023-08-07T11:54:14.049+0000] {processor.py:826} INFO - Processing file /home/airflow/.local/lib/python3.7/site-packages/airflow/example_dags/example_branch_python_dop_operator_3.py for tasks to queue
[2023-08-07T11:54:14.055+0000] {logging_mixin.py:150} INFO - [2023-08-07T11:54:14.053+0000] {dagbag.py:541} INFO - Filling up the DagBag from /home/airflow/.local/lib/python3.7/site-packages/airflow/example_dags/example_branch_python_dop_operator_3.py
[2023-08-07T11:54:14.082+0000] {processor.py:836} INFO - DAG(s) dict_keys(['example_branch_dop_operator_v3']) retrieved from /home/airflow/.local/lib/python3.7/site-packages/airflow/example_dags/example_branch_python_dop_operator_3.py
[2023-08-07T11:54:14.161+0000] {logging_mixin.py:150} INFO - [2023-08-07T11:54:14.161+0000] {dag.py:2742} INFO - Sync 1 DAGs
[2023-08-07T11:54:14.298+0000] {logging_mixin.py:150} INFO - [2023-08-07T11:54:14.296+0000] {dag.py:3508} INFO - Setting next_dagrun for example_branch_dop_operator_v3 to 2023-08-07T11:53:00+00:00, run_after=2023-08-07T11:54:00+00:00
[2023-08-07T11:54:14.373+0000] {processor.py:179} INFO - Processing /home/airflow/.local/lib/python3.7/site-packages/airflow/example_dags/example_branch_python_dop_operator_3.py took 0.340 seconds
[2023-08-07T11:54:54.669+0000] {processor.py:157} INFO - Started process (PID=957) to work on /home/airflow/.local/lib/python3.7/site-packages/airflow/example_dags/example_branch_python_dop_operator_3.py
[2023-08-07T11:54:54.685+0000] {processor.py:826} INFO - Processing file /home/airflow/.local/lib/python3.7/site-packages/airflow/example_dags/example_branch_python_dop_operator_3.py for tasks to queue
[2023-08-07T11:54:54.703+0000] {logging_mixin.py:150} INFO - [2023-08-07T11:54:54.698+0000] {dagbag.py:541} INFO - Filling up the DagBag from /home/airflow/.local/lib/python3.7/site-packages/airflow/example_dags/example_branch_python_dop_operator_3.py
[2023-08-07T11:54:54.828+0000] {processor.py:836} INFO - DAG(s) dict_keys(['example_branch_dop_operator_v3']) retrieved from /home/airflow/.local/lib/python3.7/site-packages/airflow/example_dags/example_branch_python_dop_operator_3.py
[2023-08-07T11:54:55.097+0000] {logging_mixin.py:150} INFO - [2023-08-07T11:54:55.095+0000] {dag.py:2742} INFO - Sync 1 DAGs
[2023-08-07T11:54:55.621+0000] {logging_mixin.py:150} INFO - [2023-08-07T11:54:55.610+0000] {dag.py:3508} INFO - Setting next_dagrun for example_branch_dop_operator_v3 to 2023-08-07T11:53:00+00:00, run_after=2023-08-07T11:54:00+00:00
[2023-08-07T11:54:55.924+0000] {processor.py:179} INFO - Processing /home/airflow/.local/lib/python3.7/site-packages/airflow/example_dags/example_branch_python_dop_operator_3.py took 1.275 seconds
[2023-08-07T11:55:39.849+0000] {processor.py:157} INFO - Started process (PID=1195) to work on /home/airflow/.local/lib/python3.7/site-packages/airflow/example_dags/example_branch_python_dop_operator_3.py
[2023-08-07T11:55:39.856+0000] {processor.py:826} INFO - Processing file /home/airflow/.local/lib/python3.7/site-packages/airflow/example_dags/example_branch_python_dop_operator_3.py for tasks to queue
[2023-08-07T11:55:39.866+0000] {logging_mixin.py:150} INFO - [2023-08-07T11:55:39.864+0000] {dagbag.py:541} INFO - Filling up the DagBag from /home/airflow/.local/lib/python3.7/site-packages/airflow/example_dags/example_branch_python_dop_operator_3.py
[2023-08-07T11:55:39.905+0000] {processor.py:836} INFO - DAG(s) dict_keys(['example_branch_dop_operator_v3']) retrieved from /home/airflow/.local/lib/python3.7/site-packages/airflow/example_dags/example_branch_python_dop_operator_3.py
[2023-08-07T11:55:40.030+0000] {logging_mixin.py:150} INFO - [2023-08-07T11:55:40.029+0000] {dag.py:2742} INFO - Sync 1 DAGs
[2023-08-07T11:55:40.268+0000] {logging_mixin.py:150} INFO - [2023-08-07T11:55:40.264+0000] {dag.py:3508} INFO - Setting next_dagrun for example_branch_dop_operator_v3 to 2023-08-07T11:54:00+00:00, run_after=2023-08-07T11:55:00+00:00
[2023-08-07T11:55:40.480+0000] {processor.py:179} INFO - Processing /home/airflow/.local/lib/python3.7/site-packages/airflow/example_dags/example_branch_python_dop_operator_3.py took 0.644 seconds
[2023-08-07T11:57:11.333+0000] {processor.py:157} INFO - Started process (PID=1455) to work on /home/airflow/.local/lib/python3.7/site-packages/airflow/example_dags/example_branch_python_dop_operator_3.py
[2023-08-07T11:57:11.349+0000] {processor.py:826} INFO - Processing file /home/airflow/.local/lib/python3.7/site-packages/airflow/example_dags/example_branch_python_dop_operator_3.py for tasks to queue
[2023-08-07T11:57:11.361+0000] {logging_mixin.py:150} INFO - [2023-08-07T11:57:11.360+0000] {dagbag.py:541} INFO - Filling up the DagBag from /home/airflow/.local/lib/python3.7/site-packages/airflow/example_dags/example_branch_python_dop_operator_3.py
[2023-08-07T11:57:11.488+0000] {processor.py:836} INFO - DAG(s) dict_keys(['example_branch_dop_operator_v3']) retrieved from /home/airflow/.local/lib/python3.7/site-packages/airflow/example_dags/example_branch_python_dop_operator_3.py
[2023-08-07T11:57:11.650+0000] {logging_mixin.py:150} INFO - [2023-08-07T11:57:11.650+0000] {dag.py:2742} INFO - Sync 1 DAGs
[2023-08-07T11:57:12.042+0000] {logging_mixin.py:150} INFO - [2023-08-07T11:57:12.035+0000] {dag.py:3508} INFO - Setting next_dagrun for example_branch_dop_operator_v3 to 2023-08-07T11:56:00+00:00, run_after=2023-08-07T11:57:00+00:00
[2023-08-07T11:57:12.247+0000] {processor.py:179} INFO - Processing /home/airflow/.local/lib/python3.7/site-packages/airflow/example_dags/example_branch_python_dop_operator_3.py took 0.954 seconds
