[2023-08-07T11:52:36.742+0000] {processor.py:157} INFO - Started process (PID=179) to work on /home/airflow/.local/lib/python3.7/site-packages/airflow/example_dags/example_task_group_decorator.py
[2023-08-07T11:52:36.751+0000] {processor.py:826} INFO - Processing file /home/airflow/.local/lib/python3.7/site-packages/airflow/example_dags/example_task_group_decorator.py for tasks to queue
[2023-08-07T11:52:36.765+0000] {logging_mixin.py:150} INFO - [2023-08-07T11:52:36.764+0000] {dagbag.py:541} INFO - Filling up the DagBag from /home/airflow/.local/lib/python3.7/site-packages/airflow/example_dags/example_task_group_decorator.py
[2023-08-07T11:52:36.988+0000] {processor.py:836} INFO - DAG(s) dict_keys(['example_task_group_decorator']) retrieved from /home/airflow/.local/lib/python3.7/site-packages/airflow/example_dags/example_task_group_decorator.py
[2023-08-07T11:52:37.245+0000] {logging_mixin.py:150} INFO - [2023-08-07T11:52:37.245+0000] {dag.py:2742} INFO - Sync 1 DAGs
[2023-08-07T11:52:37.474+0000] {logging_mixin.py:150} INFO - [2023-08-07T11:52:37.474+0000] {dag.py:3508} INFO - Setting next_dagrun for example_task_group_decorator to 2023-08-06T11:52:37.473899+00:00, run_after=2023-08-07T11:52:37.473899+00:00
[2023-08-07T11:52:37.583+0000] {processor.py:179} INFO - Processing /home/airflow/.local/lib/python3.7/site-packages/airflow/example_dags/example_task_group_decorator.py took 0.865 seconds
[2023-08-07T11:53:33.616+0000] {processor.py:157} INFO - Started process (PID=418) to work on /home/airflow/.local/lib/python3.7/site-packages/airflow/example_dags/example_task_group_decorator.py
[2023-08-07T11:53:33.630+0000] {processor.py:826} INFO - Processing file /home/airflow/.local/lib/python3.7/site-packages/airflow/example_dags/example_task_group_decorator.py for tasks to queue
[2023-08-07T11:53:33.634+0000] {logging_mixin.py:150} INFO - [2023-08-07T11:53:33.633+0000] {dagbag.py:541} INFO - Filling up the DagBag from /home/airflow/.local/lib/python3.7/site-packages/airflow/example_dags/example_task_group_decorator.py
[2023-08-07T11:53:33.825+0000] {processor.py:836} INFO - DAG(s) dict_keys(['example_task_group_decorator']) retrieved from /home/airflow/.local/lib/python3.7/site-packages/airflow/example_dags/example_task_group_decorator.py
[2023-08-07T11:53:34.156+0000] {logging_mixin.py:150} INFO - [2023-08-07T11:53:34.155+0000] {dag.py:2742} INFO - Sync 1 DAGs
[2023-08-07T11:53:34.400+0000] {logging_mixin.py:150} INFO - [2023-08-07T11:53:34.399+0000] {dag.py:3508} INFO - Setting next_dagrun for example_task_group_decorator to 2023-08-06T11:53:34.398906+00:00, run_after=2023-08-07T11:53:34.398906+00:00
[2023-08-07T11:53:34.575+0000] {processor.py:179} INFO - Processing /home/airflow/.local/lib/python3.7/site-packages/airflow/example_dags/example_task_group_decorator.py took 0.980 seconds
[2023-08-07T11:54:05.055+0000] {processor.py:157} INFO - Started process (PID=652) to work on /home/airflow/.local/lib/python3.7/site-packages/airflow/example_dags/example_task_group_decorator.py
[2023-08-07T11:54:05.063+0000] {processor.py:826} INFO - Processing file /home/airflow/.local/lib/python3.7/site-packages/airflow/example_dags/example_task_group_decorator.py for tasks to queue
[2023-08-07T11:54:05.086+0000] {logging_mixin.py:150} INFO - [2023-08-07T11:54:05.083+0000] {dagbag.py:541} INFO - Filling up the DagBag from /home/airflow/.local/lib/python3.7/site-packages/airflow/example_dags/example_task_group_decorator.py
[2023-08-07T11:54:05.209+0000] {processor.py:836} INFO - DAG(s) dict_keys(['example_task_group_decorator']) retrieved from /home/airflow/.local/lib/python3.7/site-packages/airflow/example_dags/example_task_group_decorator.py
[2023-08-07T11:54:05.341+0000] {logging_mixin.py:150} INFO - [2023-08-07T11:54:05.341+0000] {dag.py:2742} INFO - Sync 1 DAGs
[2023-08-07T11:54:05.403+0000] {logging_mixin.py:150} INFO - [2023-08-07T11:54:05.403+0000] {dag.py:3508} INFO - Setting next_dagrun for example_task_group_decorator to 2023-08-06T11:54:05.402754+00:00, run_after=2023-08-07T11:54:05.402754+00:00
[2023-08-07T11:54:05.444+0000] {processor.py:179} INFO - Processing /home/airflow/.local/lib/python3.7/site-packages/airflow/example_dags/example_task_group_decorator.py took 0.402 seconds
[2023-08-07T11:54:36.052+0000] {processor.py:157} INFO - Started process (PID=891) to work on /home/airflow/.local/lib/python3.7/site-packages/airflow/example_dags/example_task_group_decorator.py
[2023-08-07T11:54:36.067+0000] {processor.py:826} INFO - Processing file /home/airflow/.local/lib/python3.7/site-packages/airflow/example_dags/example_task_group_decorator.py for tasks to queue
[2023-08-07T11:54:36.084+0000] {logging_mixin.py:150} INFO - [2023-08-07T11:54:36.079+0000] {dagbag.py:541} INFO - Filling up the DagBag from /home/airflow/.local/lib/python3.7/site-packages/airflow/example_dags/example_task_group_decorator.py
[2023-08-07T11:54:36.367+0000] {processor.py:836} INFO - DAG(s) dict_keys(['example_task_group_decorator']) retrieved from /home/airflow/.local/lib/python3.7/site-packages/airflow/example_dags/example_task_group_decorator.py
[2023-08-07T11:54:36.787+0000] {logging_mixin.py:150} INFO - [2023-08-07T11:54:36.786+0000] {dag.py:2742} INFO - Sync 1 DAGs
[2023-08-07T11:54:36.946+0000] {logging_mixin.py:150} INFO - [2023-08-07T11:54:36.945+0000] {dag.py:3508} INFO - Setting next_dagrun for example_task_group_decorator to 2023-08-06T11:54:36.945138+00:00, run_after=2023-08-07T11:54:36.945138+00:00
[2023-08-07T11:54:37.158+0000] {processor.py:179} INFO - Processing /home/airflow/.local/lib/python3.7/site-packages/airflow/example_dags/example_task_group_decorator.py took 1.116 seconds
[2023-08-07T11:55:31.973+0000] {processor.py:157} INFO - Started process (PID=1134) to work on /home/airflow/.local/lib/python3.7/site-packages/airflow/example_dags/example_task_group_decorator.py
[2023-08-07T11:55:31.986+0000] {processor.py:826} INFO - Processing file /home/airflow/.local/lib/python3.7/site-packages/airflow/example_dags/example_task_group_decorator.py for tasks to queue
[2023-08-07T11:55:31.999+0000] {logging_mixin.py:150} INFO - [2023-08-07T11:55:31.995+0000] {dagbag.py:541} INFO - Filling up the DagBag from /home/airflow/.local/lib/python3.7/site-packages/airflow/example_dags/example_task_group_decorator.py
[2023-08-07T11:55:32.214+0000] {processor.py:836} INFO - DAG(s) dict_keys(['example_task_group_decorator']) retrieved from /home/airflow/.local/lib/python3.7/site-packages/airflow/example_dags/example_task_group_decorator.py
[2023-08-07T11:55:32.414+0000] {logging_mixin.py:150} INFO - [2023-08-07T11:55:32.414+0000] {dag.py:2742} INFO - Sync 1 DAGs
[2023-08-07T11:55:32.640+0000] {logging_mixin.py:150} INFO - [2023-08-07T11:55:32.639+0000] {dag.py:3508} INFO - Setting next_dagrun for example_task_group_decorator to 2023-08-06T11:55:32.639212+00:00, run_after=2023-08-07T11:55:32.639212+00:00
[2023-08-07T11:55:32.906+0000] {processor.py:179} INFO - Processing /home/airflow/.local/lib/python3.7/site-packages/airflow/example_dags/example_task_group_decorator.py took 0.966 seconds
[2023-08-07T11:56:04.907+0000] {processor.py:157} INFO - Started process (PID=1302) to work on /home/airflow/.local/lib/python3.7/site-packages/airflow/example_dags/example_task_group_decorator.py
[2023-08-07T11:56:04.923+0000] {processor.py:826} INFO - Processing file /home/airflow/.local/lib/python3.7/site-packages/airflow/example_dags/example_task_group_decorator.py for tasks to queue
[2023-08-07T11:56:04.945+0000] {logging_mixin.py:150} INFO - [2023-08-07T11:56:04.944+0000] {dagbag.py:541} INFO - Filling up the DagBag from /home/airflow/.local/lib/python3.7/site-packages/airflow/example_dags/example_task_group_decorator.py
[2023-08-07T11:56:05.446+0000] {processor.py:836} INFO - DAG(s) dict_keys(['example_task_group_decorator']) retrieved from /home/airflow/.local/lib/python3.7/site-packages/airflow/example_dags/example_task_group_decorator.py
[2023-08-07T11:56:05.754+0000] {logging_mixin.py:150} INFO - [2023-08-07T11:56:05.751+0000] {dag.py:2742} INFO - Sync 1 DAGs
[2023-08-07T11:56:07.843+0000] {logging_mixin.py:150} INFO - [2023-08-07T11:56:07.843+0000] {dag.py:3508} INFO - Setting next_dagrun for example_task_group_decorator to 2023-08-06T11:56:07.842101+00:00, run_after=2023-08-07T11:56:07.842101+00:00
[2023-08-07T11:56:08.527+0000] {processor.py:179} INFO - Processing /home/airflow/.local/lib/python3.7/site-packages/airflow/example_dags/example_task_group_decorator.py took 3.664 seconds
[2023-08-07T11:56:56.179+0000] {processor.py:157} INFO - Started process (PID=1400) to work on /home/airflow/.local/lib/python3.7/site-packages/airflow/example_dags/example_task_group_decorator.py
[2023-08-07T11:56:56.260+0000] {processor.py:826} INFO - Processing file /home/airflow/.local/lib/python3.7/site-packages/airflow/example_dags/example_task_group_decorator.py for tasks to queue
[2023-08-07T11:56:56.671+0000] {logging_mixin.py:150} INFO - [2023-08-07T11:56:56.660+0000] {dagbag.py:541} INFO - Filling up the DagBag from /home/airflow/.local/lib/python3.7/site-packages/airflow/example_dags/example_task_group_decorator.py
[2023-08-07T11:56:58.770+0000] {processor.py:836} INFO - DAG(s) dict_keys(['example_task_group_decorator']) retrieved from /home/airflow/.local/lib/python3.7/site-packages/airflow/example_dags/example_task_group_decorator.py
[2023-08-07T11:56:59.887+0000] {logging_mixin.py:150} INFO - [2023-08-07T11:56:59.886+0000] {dag.py:2742} INFO - Sync 1 DAGs
[2023-08-07T11:57:01.741+0000] {logging_mixin.py:150} INFO - [2023-08-07T11:57:01.740+0000] {dag.py:3508} INFO - Setting next_dagrun for example_task_group_decorator to 2023-08-06T11:57:01.739591+00:00, run_after=2023-08-07T11:57:01.739591+00:00
[2023-08-07T11:57:02.715+0000] {processor.py:179} INFO - Processing /home/airflow/.local/lib/python3.7/site-packages/airflow/example_dags/example_task_group_decorator.py took 6.691 seconds
