[2023-08-07T11:52:53.977+0000] {processor.py:157} INFO - Started process (PID=269) to work on /home/airflow/.local/lib/python3.7/site-packages/airflow/example_dags/example_params_trigger_ui.py
[2023-08-07T11:52:53.988+0000] {processor.py:826} INFO - Processing file /home/airflow/.local/lib/python3.7/site-packages/airflow/example_dags/example_params_trigger_ui.py for tasks to queue
[2023-08-07T11:52:54.048+0000] {logging_mixin.py:150} INFO - [2023-08-07T11:52:54.041+0000] {dagbag.py:541} INFO - Filling up the DagBag from /home/airflow/.local/lib/python3.7/site-packages/airflow/example_dags/example_params_trigger_ui.py
[2023-08-07T11:52:54.577+0000] {processor.py:836} INFO - DAG(s) dict_keys(['example_params_trigger_ui']) retrieved from /home/airflow/.local/lib/python3.7/site-packages/airflow/example_dags/example_params_trigger_ui.py
[2023-08-07T11:52:56.077+0000] {logging_mixin.py:150} INFO - [2023-08-07T11:52:56.076+0000] {dag.py:2742} INFO - Sync 1 DAGs
[2023-08-07T11:52:56.260+0000] {logging_mixin.py:150} INFO - [2023-08-07T11:52:56.260+0000] {dag.py:3508} INFO - Setting next_dagrun for example_params_trigger_ui to None, run_after=None
[2023-08-07T11:52:56.363+0000] {processor.py:179} INFO - Processing /home/airflow/.local/lib/python3.7/site-packages/airflow/example_dags/example_params_trigger_ui.py took 2.435 seconds
[2023-08-07T11:53:45.315+0000] {processor.py:157} INFO - Started process (PID=515) to work on /home/airflow/.local/lib/python3.7/site-packages/airflow/example_dags/example_params_trigger_ui.py
[2023-08-07T11:53:45.322+0000] {processor.py:826} INFO - Processing file /home/airflow/.local/lib/python3.7/site-packages/airflow/example_dags/example_params_trigger_ui.py for tasks to queue
[2023-08-07T11:53:45.333+0000] {logging_mixin.py:150} INFO - [2023-08-07T11:53:45.330+0000] {dagbag.py:541} INFO - Filling up the DagBag from /home/airflow/.local/lib/python3.7/site-packages/airflow/example_dags/example_params_trigger_ui.py
[2023-08-07T11:53:45.425+0000] {processor.py:836} INFO - DAG(s) dict_keys(['example_params_trigger_ui']) retrieved from /home/airflow/.local/lib/python3.7/site-packages/airflow/example_dags/example_params_trigger_ui.py
[2023-08-07T11:53:46.197+0000] {logging_mixin.py:150} INFO - [2023-08-07T11:53:46.196+0000] {dag.py:2742} INFO - Sync 1 DAGs
[2023-08-07T11:53:46.557+0000] {logging_mixin.py:150} INFO - [2023-08-07T11:53:46.557+0000] {dag.py:3508} INFO - Setting next_dagrun for example_params_trigger_ui to None, run_after=None
[2023-08-07T11:53:46.698+0000] {processor.py:179} INFO - Processing /home/airflow/.local/lib/python3.7/site-packages/airflow/example_dags/example_params_trigger_ui.py took 1.395 seconds
[2023-08-07T11:54:16.883+0000] {processor.py:157} INFO - Started process (PID=756) to work on /home/airflow/.local/lib/python3.7/site-packages/airflow/example_dags/example_params_trigger_ui.py
[2023-08-07T11:54:16.888+0000] {processor.py:826} INFO - Processing file /home/airflow/.local/lib/python3.7/site-packages/airflow/example_dags/example_params_trigger_ui.py for tasks to queue
[2023-08-07T11:54:16.893+0000] {logging_mixin.py:150} INFO - [2023-08-07T11:54:16.892+0000] {dagbag.py:541} INFO - Filling up the DagBag from /home/airflow/.local/lib/python3.7/site-packages/airflow/example_dags/example_params_trigger_ui.py
[2023-08-07T11:54:16.934+0000] {processor.py:836} INFO - DAG(s) dict_keys(['example_params_trigger_ui']) retrieved from /home/airflow/.local/lib/python3.7/site-packages/airflow/example_dags/example_params_trigger_ui.py
[2023-08-07T11:54:17.118+0000] {logging_mixin.py:150} INFO - [2023-08-07T11:54:17.118+0000] {dag.py:2742} INFO - Sync 1 DAGs
[2023-08-07T11:54:17.177+0000] {logging_mixin.py:150} INFO - [2023-08-07T11:54:17.176+0000] {dag.py:3508} INFO - Setting next_dagrun for example_params_trigger_ui to None, run_after=None
[2023-08-07T11:54:17.219+0000] {processor.py:179} INFO - Processing /home/airflow/.local/lib/python3.7/site-packages/airflow/example_dags/example_params_trigger_ui.py took 0.344 seconds
[2023-08-07T11:55:00.587+0000] {processor.py:157} INFO - Started process (PID=992) to work on /home/airflow/.local/lib/python3.7/site-packages/airflow/example_dags/example_params_trigger_ui.py
[2023-08-07T11:55:00.686+0000] {processor.py:826} INFO - Processing file /home/airflow/.local/lib/python3.7/site-packages/airflow/example_dags/example_params_trigger_ui.py for tasks to queue
[2023-08-07T11:55:00.711+0000] {logging_mixin.py:150} INFO - [2023-08-07T11:55:00.710+0000] {dagbag.py:541} INFO - Filling up the DagBag from /home/airflow/.local/lib/python3.7/site-packages/airflow/example_dags/example_params_trigger_ui.py
[2023-08-07T11:55:02.021+0000] {processor.py:836} INFO - DAG(s) dict_keys(['example_params_trigger_ui']) retrieved from /home/airflow/.local/lib/python3.7/site-packages/airflow/example_dags/example_params_trigger_ui.py
[2023-08-07T11:55:04.221+0000] {logging_mixin.py:150} INFO - [2023-08-07T11:55:04.220+0000] {dag.py:2742} INFO - Sync 1 DAGs
[2023-08-07T11:55:04.484+0000] {logging_mixin.py:150} INFO - [2023-08-07T11:55:04.483+0000] {dag.py:3508} INFO - Setting next_dagrun for example_params_trigger_ui to None, run_after=None
[2023-08-07T11:55:04.694+0000] {processor.py:179} INFO - Processing /home/airflow/.local/lib/python3.7/site-packages/airflow/example_dags/example_params_trigger_ui.py took 4.164 seconds
[2023-08-07T11:55:47.948+0000] {processor.py:157} INFO - Started process (PID=1244) to work on /home/airflow/.local/lib/python3.7/site-packages/airflow/example_dags/example_params_trigger_ui.py
[2023-08-07T11:55:47.960+0000] {processor.py:826} INFO - Processing file /home/airflow/.local/lib/python3.7/site-packages/airflow/example_dags/example_params_trigger_ui.py for tasks to queue
[2023-08-07T11:55:47.965+0000] {logging_mixin.py:150} INFO - [2023-08-07T11:55:47.965+0000] {dagbag.py:541} INFO - Filling up the DagBag from /home/airflow/.local/lib/python3.7/site-packages/airflow/example_dags/example_params_trigger_ui.py
[2023-08-07T11:55:48.433+0000] {processor.py:836} INFO - DAG(s) dict_keys(['example_params_trigger_ui']) retrieved from /home/airflow/.local/lib/python3.7/site-packages/airflow/example_dags/example_params_trigger_ui.py
[2023-08-07T11:55:50.534+0000] {logging_mixin.py:150} INFO - [2023-08-07T11:55:50.533+0000] {dag.py:2742} INFO - Sync 1 DAGs
[2023-08-07T11:55:50.868+0000] {logging_mixin.py:150} INFO - [2023-08-07T11:55:50.867+0000] {dag.py:3508} INFO - Setting next_dagrun for example_params_trigger_ui to None, run_after=None
[2023-08-07T11:55:51.066+0000] {processor.py:179} INFO - Processing /home/airflow/.local/lib/python3.7/site-packages/airflow/example_dags/example_params_trigger_ui.py took 3.136 seconds
[2023-08-07T11:57:22.643+0000] {processor.py:157} INFO - Started process (PID=1497) to work on /home/airflow/.local/lib/python3.7/site-packages/airflow/example_dags/example_params_trigger_ui.py
[2023-08-07T11:57:22.648+0000] {processor.py:826} INFO - Processing file /home/airflow/.local/lib/python3.7/site-packages/airflow/example_dags/example_params_trigger_ui.py for tasks to queue
[2023-08-07T11:57:22.659+0000] {logging_mixin.py:150} INFO - [2023-08-07T11:57:22.654+0000] {dagbag.py:541} INFO - Filling up the DagBag from /home/airflow/.local/lib/python3.7/site-packages/airflow/example_dags/example_params_trigger_ui.py
[2023-08-07T11:57:23.064+0000] {processor.py:836} INFO - DAG(s) dict_keys(['example_params_trigger_ui']) retrieved from /home/airflow/.local/lib/python3.7/site-packages/airflow/example_dags/example_params_trigger_ui.py
[2023-08-07T11:57:23.546+0000] {logging_mixin.py:150} INFO - [2023-08-07T11:57:23.546+0000] {dag.py:2742} INFO - Sync 1 DAGs
[2023-08-07T11:57:24.180+0000] {logging_mixin.py:150} INFO - [2023-08-07T11:57:24.179+0000] {dag.py:3508} INFO - Setting next_dagrun for example_params_trigger_ui to None, run_after=None
[2023-08-07T11:57:24.969+0000] {processor.py:179} INFO - Processing /home/airflow/.local/lib/python3.7/site-packages/airflow/example_dags/example_params_trigger_ui.py took 2.349 seconds
