[2023-08-07T11:52:53.233+0000] {processor.py:157} INFO - Started process (PID=264) to work on /home/airflow/.local/lib/python3.7/site-packages/airflow/example_dags/example_latest_only_with_trigger.py
[2023-08-07T11:52:53.250+0000] {processor.py:826} INFO - Processing file /home/airflow/.local/lib/python3.7/site-packages/airflow/example_dags/example_latest_only_with_trigger.py for tasks to queue
[2023-08-07T11:52:53.262+0000] {logging_mixin.py:150} INFO - [2023-08-07T11:52:53.257+0000] {dagbag.py:541} INFO - Filling up the DagBag from /home/airflow/.local/lib/python3.7/site-packages/airflow/example_dags/example_latest_only_with_trigger.py
[2023-08-07T11:52:53.488+0000] {processor.py:836} INFO - DAG(s) dict_keys(['latest_only_with_trigger']) retrieved from /home/airflow/.local/lib/python3.7/site-packages/airflow/example_dags/example_latest_only_with_trigger.py
[2023-08-07T11:52:53.888+0000] {logging_mixin.py:150} INFO - [2023-08-07T11:52:53.886+0000] {dag.py:2742} INFO - Sync 1 DAGs
[2023-08-07T11:52:54.277+0000] {logging_mixin.py:150} INFO - [2023-08-07T11:52:54.277+0000] {dag.py:3508} INFO - Setting next_dagrun for latest_only_with_trigger to 2023-08-07T07:52:54.271165+00:00, run_after=2023-08-07T11:52:54.271165+00:00
[2023-08-07T11:52:54.652+0000] {processor.py:179} INFO - Processing /home/airflow/.local/lib/python3.7/site-packages/airflow/example_dags/example_latest_only_with_trigger.py took 1.487 seconds
[2023-08-07T11:53:44.918+0000] {processor.py:157} INFO - Started process (PID=510) to work on /home/airflow/.local/lib/python3.7/site-packages/airflow/example_dags/example_latest_only_with_trigger.py
[2023-08-07T11:53:44.923+0000] {processor.py:826} INFO - Processing file /home/airflow/.local/lib/python3.7/site-packages/airflow/example_dags/example_latest_only_with_trigger.py for tasks to queue
[2023-08-07T11:53:44.929+0000] {logging_mixin.py:150} INFO - [2023-08-07T11:53:44.928+0000] {dagbag.py:541} INFO - Filling up the DagBag from /home/airflow/.local/lib/python3.7/site-packages/airflow/example_dags/example_latest_only_with_trigger.py
[2023-08-07T11:53:44.952+0000] {processor.py:836} INFO - DAG(s) dict_keys(['latest_only_with_trigger']) retrieved from /home/airflow/.local/lib/python3.7/site-packages/airflow/example_dags/example_latest_only_with_trigger.py
[2023-08-07T11:53:45.041+0000] {logging_mixin.py:150} INFO - [2023-08-07T11:53:45.041+0000] {dag.py:2742} INFO - Sync 1 DAGs
[2023-08-07T11:53:45.125+0000] {logging_mixin.py:150} INFO - [2023-08-07T11:53:45.124+0000] {dag.py:3508} INFO - Setting next_dagrun for latest_only_with_trigger to 2023-08-07T07:53:45.122827+00:00, run_after=2023-08-07T11:53:45.122827+00:00
[2023-08-07T11:53:45.190+0000] {processor.py:179} INFO - Processing /home/airflow/.local/lib/python3.7/site-packages/airflow/example_dags/example_latest_only_with_trigger.py took 0.284 seconds
[2023-08-07T11:54:15.898+0000] {processor.py:157} INFO - Started process (PID=749) to work on /home/airflow/.local/lib/python3.7/site-packages/airflow/example_dags/example_latest_only_with_trigger.py
[2023-08-07T11:54:15.905+0000] {processor.py:826} INFO - Processing file /home/airflow/.local/lib/python3.7/site-packages/airflow/example_dags/example_latest_only_with_trigger.py for tasks to queue
[2023-08-07T11:54:15.911+0000] {logging_mixin.py:150} INFO - [2023-08-07T11:54:15.910+0000] {dagbag.py:541} INFO - Filling up the DagBag from /home/airflow/.local/lib/python3.7/site-packages/airflow/example_dags/example_latest_only_with_trigger.py
[2023-08-07T11:54:15.943+0000] {processor.py:836} INFO - DAG(s) dict_keys(['latest_only_with_trigger']) retrieved from /home/airflow/.local/lib/python3.7/site-packages/airflow/example_dags/example_latest_only_with_trigger.py
[2023-08-07T11:54:16.061+0000] {logging_mixin.py:150} INFO - [2023-08-07T11:54:16.061+0000] {dag.py:2742} INFO - Sync 1 DAGs
[2023-08-07T11:54:16.149+0000] {logging_mixin.py:150} INFO - [2023-08-07T11:54:16.149+0000] {dag.py:3508} INFO - Setting next_dagrun for latest_only_with_trigger to 2023-08-07T07:54:16.148948+00:00, run_after=2023-08-07T11:54:16.148948+00:00
[2023-08-07T11:54:16.198+0000] {processor.py:179} INFO - Processing /home/airflow/.local/lib/python3.7/site-packages/airflow/example_dags/example_latest_only_with_trigger.py took 0.318 seconds
[2023-08-07T11:55:00.104+0000] {processor.py:157} INFO - Started process (PID=987) to work on /home/airflow/.local/lib/python3.7/site-packages/airflow/example_dags/example_latest_only_with_trigger.py
[2023-08-07T11:55:00.124+0000] {processor.py:826} INFO - Processing file /home/airflow/.local/lib/python3.7/site-packages/airflow/example_dags/example_latest_only_with_trigger.py for tasks to queue
[2023-08-07T11:55:00.149+0000] {logging_mixin.py:150} INFO - [2023-08-07T11:55:00.133+0000] {dagbag.py:541} INFO - Filling up the DagBag from /home/airflow/.local/lib/python3.7/site-packages/airflow/example_dags/example_latest_only_with_trigger.py
[2023-08-07T11:55:00.282+0000] {processor.py:836} INFO - DAG(s) dict_keys(['latest_only_with_trigger']) retrieved from /home/airflow/.local/lib/python3.7/site-packages/airflow/example_dags/example_latest_only_with_trigger.py
[2023-08-07T11:55:00.589+0000] {logging_mixin.py:150} INFO - [2023-08-07T11:55:00.586+0000] {dag.py:2742} INFO - Sync 1 DAGs
[2023-08-07T11:55:01.407+0000] {logging_mixin.py:150} INFO - [2023-08-07T11:55:01.406+0000] {dag.py:3508} INFO - Setting next_dagrun for latest_only_with_trigger to 2023-08-07T07:55:01.406309+00:00, run_after=2023-08-07T11:55:01.406309+00:00
[2023-08-07T11:55:02.306+0000] {processor.py:179} INFO - Processing /home/airflow/.local/lib/python3.7/site-packages/airflow/example_dags/example_latest_only_with_trigger.py took 2.285 seconds
[2023-08-07T11:55:46.654+0000] {processor.py:157} INFO - Started process (PID=1237) to work on /home/airflow/.local/lib/python3.7/site-packages/airflow/example_dags/example_latest_only_with_trigger.py
[2023-08-07T11:55:46.693+0000] {processor.py:826} INFO - Processing file /home/airflow/.local/lib/python3.7/site-packages/airflow/example_dags/example_latest_only_with_trigger.py for tasks to queue
[2023-08-07T11:55:46.702+0000] {logging_mixin.py:150} INFO - [2023-08-07T11:55:46.701+0000] {dagbag.py:541} INFO - Filling up the DagBag from /home/airflow/.local/lib/python3.7/site-packages/airflow/example_dags/example_latest_only_with_trigger.py
[2023-08-07T11:55:46.785+0000] {processor.py:836} INFO - DAG(s) dict_keys(['latest_only_with_trigger']) retrieved from /home/airflow/.local/lib/python3.7/site-packages/airflow/example_dags/example_latest_only_with_trigger.py
[2023-08-07T11:55:47.398+0000] {logging_mixin.py:150} INFO - [2023-08-07T11:55:47.397+0000] {dag.py:2742} INFO - Sync 1 DAGs
[2023-08-07T11:55:47.582+0000] {logging_mixin.py:150} INFO - [2023-08-07T11:55:47.582+0000] {dag.py:3508} INFO - Setting next_dagrun for latest_only_with_trigger to 2023-08-07T07:55:47.581490+00:00, run_after=2023-08-07T11:55:47.581490+00:00
[2023-08-07T11:55:47.685+0000] {processor.py:179} INFO - Processing /home/airflow/.local/lib/python3.7/site-packages/airflow/example_dags/example_latest_only_with_trigger.py took 1.104 seconds
[2023-08-07T11:57:21.948+0000] {processor.py:157} INFO - Started process (PID=1492) to work on /home/airflow/.local/lib/python3.7/site-packages/airflow/example_dags/example_latest_only_with_trigger.py
[2023-08-07T11:57:21.981+0000] {processor.py:826} INFO - Processing file /home/airflow/.local/lib/python3.7/site-packages/airflow/example_dags/example_latest_only_with_trigger.py for tasks to queue
[2023-08-07T11:57:21.994+0000] {logging_mixin.py:150} INFO - [2023-08-07T11:57:21.991+0000] {dagbag.py:541} INFO - Filling up the DagBag from /home/airflow/.local/lib/python3.7/site-packages/airflow/example_dags/example_latest_only_with_trigger.py
[2023-08-07T11:57:22.025+0000] {processor.py:836} INFO - DAG(s) dict_keys(['latest_only_with_trigger']) retrieved from /home/airflow/.local/lib/python3.7/site-packages/airflow/example_dags/example_latest_only_with_trigger.py
[2023-08-07T11:57:22.194+0000] {logging_mixin.py:150} INFO - [2023-08-07T11:57:22.194+0000] {dag.py:2742} INFO - Sync 1 DAGs
[2023-08-07T11:57:22.480+0000] {logging_mixin.py:150} INFO - [2023-08-07T11:57:22.479+0000] {dag.py:3508} INFO - Setting next_dagrun for latest_only_with_trigger to 2023-08-07T07:57:22.478931+00:00, run_after=2023-08-07T11:57:22.478931+00:00
[2023-08-07T11:57:22.566+0000] {processor.py:179} INFO - Processing /home/airflow/.local/lib/python3.7/site-packages/airflow/example_dags/example_latest_only_with_trigger.py took 0.641 seconds
