[2023-08-07T11:53:04.087+0000] {processor.py:157} INFO - Started process (PID=329) to work on /home/airflow/.local/lib/python3.7/site-packages/airflow/example_dags/example_xcomargs.py
[2023-08-07T11:53:04.121+0000] {processor.py:826} INFO - Processing file /home/airflow/.local/lib/python3.7/site-packages/airflow/example_dags/example_xcomargs.py for tasks to queue
[2023-08-07T11:53:04.148+0000] {logging_mixin.py:150} INFO - [2023-08-07T11:53:04.146+0000] {dagbag.py:541} INFO - Filling up the DagBag from /home/airflow/.local/lib/python3.7/site-packages/airflow/example_dags/example_xcomargs.py
[2023-08-07T11:53:04.329+0000] {processor.py:836} INFO - DAG(s) dict_keys(['example_xcom_args', 'example_xcom_args_with_operators']) retrieved from /home/airflow/.local/lib/python3.7/site-packages/airflow/example_dags/example_xcomargs.py
[2023-08-07T11:53:04.809+0000] {logging_mixin.py:150} INFO - [2023-08-07T11:53:04.808+0000] {dag.py:2742} INFO - Sync 2 DAGs
[2023-08-07T11:53:05.266+0000] {logging_mixin.py:150} INFO - [2023-08-07T11:53:05.265+0000] {dag.py:3508} INFO - Setting next_dagrun for example_xcom_args to None, run_after=None
[2023-08-07T11:53:05.362+0000] {logging_mixin.py:150} INFO - [2023-08-07T11:53:05.358+0000] {dag.py:3508} INFO - Setting next_dagrun for example_xcom_args_with_operators to None, run_after=None
[2023-08-07T11:53:06.470+0000] {processor.py:179} INFO - Processing /home/airflow/.local/lib/python3.7/site-packages/airflow/example_dags/example_xcomargs.py took 2.444 seconds
[2023-08-07T11:53:51.442+0000] {processor.py:157} INFO - Started process (PID=575) to work on /home/airflow/.local/lib/python3.7/site-packages/airflow/example_dags/example_xcomargs.py
[2023-08-07T11:53:51.448+0000] {processor.py:826} INFO - Processing file /home/airflow/.local/lib/python3.7/site-packages/airflow/example_dags/example_xcomargs.py for tasks to queue
[2023-08-07T11:53:51.454+0000] {logging_mixin.py:150} INFO - [2023-08-07T11:53:51.453+0000] {dagbag.py:541} INFO - Filling up the DagBag from /home/airflow/.local/lib/python3.7/site-packages/airflow/example_dags/example_xcomargs.py
[2023-08-07T11:53:51.494+0000] {processor.py:836} INFO - DAG(s) dict_keys(['example_xcom_args_with_operators', 'example_xcom_args']) retrieved from /home/airflow/.local/lib/python3.7/site-packages/airflow/example_dags/example_xcomargs.py
[2023-08-07T11:53:51.674+0000] {logging_mixin.py:150} INFO - [2023-08-07T11:53:51.673+0000] {dag.py:2742} INFO - Sync 2 DAGs
[2023-08-07T11:53:51.796+0000] {logging_mixin.py:150} INFO - [2023-08-07T11:53:51.795+0000] {dag.py:3508} INFO - Setting next_dagrun for example_xcom_args to None, run_after=None
[2023-08-07T11:53:51.815+0000] {logging_mixin.py:150} INFO - [2023-08-07T11:53:51.815+0000] {dag.py:3508} INFO - Setting next_dagrun for example_xcom_args_with_operators to None, run_after=None
[2023-08-07T11:53:51.914+0000] {processor.py:179} INFO - Processing /home/airflow/.local/lib/python3.7/site-packages/airflow/example_dags/example_xcomargs.py took 0.484 seconds
[2023-08-07T11:54:22.338+0000] {processor.py:157} INFO - Started process (PID=814) to work on /home/airflow/.local/lib/python3.7/site-packages/airflow/example_dags/example_xcomargs.py
[2023-08-07T11:54:22.341+0000] {processor.py:826} INFO - Processing file /home/airflow/.local/lib/python3.7/site-packages/airflow/example_dags/example_xcomargs.py for tasks to queue
[2023-08-07T11:54:22.345+0000] {logging_mixin.py:150} INFO - [2023-08-07T11:54:22.344+0000] {dagbag.py:541} INFO - Filling up the DagBag from /home/airflow/.local/lib/python3.7/site-packages/airflow/example_dags/example_xcomargs.py
[2023-08-07T11:54:22.369+0000] {processor.py:836} INFO - DAG(s) dict_keys(['example_xcom_args', 'example_xcom_args_with_operators']) retrieved from /home/airflow/.local/lib/python3.7/site-packages/airflow/example_dags/example_xcomargs.py
[2023-08-07T11:54:22.476+0000] {logging_mixin.py:150} INFO - [2023-08-07T11:54:22.476+0000] {dag.py:2742} INFO - Sync 2 DAGs
[2023-08-07T11:54:22.556+0000] {logging_mixin.py:150} INFO - [2023-08-07T11:54:22.556+0000] {dag.py:3508} INFO - Setting next_dagrun for example_xcom_args to None, run_after=None
[2023-08-07T11:54:22.573+0000] {logging_mixin.py:150} INFO - [2023-08-07T11:54:22.573+0000] {dag.py:3508} INFO - Setting next_dagrun for example_xcom_args_with_operators to None, run_after=None
[2023-08-07T11:54:22.635+0000] {processor.py:179} INFO - Processing /home/airflow/.local/lib/python3.7/site-packages/airflow/example_dags/example_xcomargs.py took 0.306 seconds
[2023-08-07T11:55:12.623+0000] {processor.py:157} INFO - Started process (PID=1064) to work on /home/airflow/.local/lib/python3.7/site-packages/airflow/example_dags/example_xcomargs.py
[2023-08-07T11:55:12.672+0000] {processor.py:826} INFO - Processing file /home/airflow/.local/lib/python3.7/site-packages/airflow/example_dags/example_xcomargs.py for tasks to queue
[2023-08-07T11:55:12.678+0000] {logging_mixin.py:150} INFO - [2023-08-07T11:55:12.677+0000] {dagbag.py:541} INFO - Filling up the DagBag from /home/airflow/.local/lib/python3.7/site-packages/airflow/example_dags/example_xcomargs.py
[2023-08-07T11:55:13.015+0000] {processor.py:836} INFO - DAG(s) dict_keys(['example_xcom_args', 'example_xcom_args_with_operators']) retrieved from /home/airflow/.local/lib/python3.7/site-packages/airflow/example_dags/example_xcomargs.py
[2023-08-07T11:55:13.523+0000] {logging_mixin.py:150} INFO - [2023-08-07T11:55:13.523+0000] {dag.py:2742} INFO - Sync 2 DAGs
[2023-08-07T11:55:14.326+0000] {logging_mixin.py:150} INFO - [2023-08-07T11:55:14.325+0000] {dag.py:3508} INFO - Setting next_dagrun for example_xcom_args to None, run_after=None
[2023-08-07T11:55:14.404+0000] {logging_mixin.py:150} INFO - [2023-08-07T11:55:14.391+0000] {dag.py:3508} INFO - Setting next_dagrun for example_xcom_args_with_operators to None, run_after=None
[2023-08-07T11:55:14.722+0000] {processor.py:179} INFO - Processing /home/airflow/.local/lib/python3.7/site-packages/airflow/example_dags/example_xcomargs.py took 2.263 seconds
[2023-08-07T11:56:09.203+0000] {processor.py:157} INFO - Started process (PID=1312) to work on /home/airflow/.local/lib/python3.7/site-packages/airflow/example_dags/example_xcomargs.py
[2023-08-07T11:56:09.213+0000] {processor.py:826} INFO - Processing file /home/airflow/.local/lib/python3.7/site-packages/airflow/example_dags/example_xcomargs.py for tasks to queue
[2023-08-07T11:56:09.230+0000] {logging_mixin.py:150} INFO - [2023-08-07T11:56:09.229+0000] {dagbag.py:541} INFO - Filling up the DagBag from /home/airflow/.local/lib/python3.7/site-packages/airflow/example_dags/example_xcomargs.py
[2023-08-07T11:56:09.337+0000] {processor.py:836} INFO - DAG(s) dict_keys(['example_xcom_args_with_operators', 'example_xcom_args']) retrieved from /home/airflow/.local/lib/python3.7/site-packages/airflow/example_dags/example_xcomargs.py
[2023-08-07T11:56:09.870+0000] {logging_mixin.py:150} INFO - [2023-08-07T11:56:09.869+0000] {dag.py:2742} INFO - Sync 2 DAGs
[2023-08-07T11:56:10.251+0000] {logging_mixin.py:150} INFO - [2023-08-07T11:56:10.250+0000] {dag.py:3508} INFO - Setting next_dagrun for example_xcom_args to None, run_after=None
[2023-08-07T11:56:10.307+0000] {logging_mixin.py:150} INFO - [2023-08-07T11:56:10.306+0000] {dag.py:3508} INFO - Setting next_dagrun for example_xcom_args_with_operators to None, run_after=None
[2023-08-07T11:56:12.066+0000] {processor.py:179} INFO - Processing /home/airflow/.local/lib/python3.7/site-packages/airflow/example_dags/example_xcomargs.py took 2.907 seconds
[2023-08-07T11:57:32.627+0000] {processor.py:157} INFO - Started process (PID=1556) to work on /home/airflow/.local/lib/python3.7/site-packages/airflow/example_dags/example_xcomargs.py
[2023-08-07T11:57:32.644+0000] {processor.py:826} INFO - Processing file /home/airflow/.local/lib/python3.7/site-packages/airflow/example_dags/example_xcomargs.py for tasks to queue
[2023-08-07T11:57:32.657+0000] {logging_mixin.py:150} INFO - [2023-08-07T11:57:32.653+0000] {dagbag.py:541} INFO - Filling up the DagBag from /home/airflow/.local/lib/python3.7/site-packages/airflow/example_dags/example_xcomargs.py
[2023-08-07T11:57:32.698+0000] {processor.py:836} INFO - DAG(s) dict_keys(['example_xcom_args_with_operators', 'example_xcom_args']) retrieved from /home/airflow/.local/lib/python3.7/site-packages/airflow/example_dags/example_xcomargs.py
[2023-08-07T11:57:32.865+0000] {logging_mixin.py:150} INFO - [2023-08-07T11:57:32.865+0000] {dag.py:2742} INFO - Sync 2 DAGs
[2023-08-07T11:57:33.087+0000] {logging_mixin.py:150} INFO - [2023-08-07T11:57:33.087+0000] {dag.py:3508} INFO - Setting next_dagrun for example_xcom_args to None, run_after=None
[2023-08-07T11:57:33.106+0000] {logging_mixin.py:150} INFO - [2023-08-07T11:57:33.105+0000] {dag.py:3508} INFO - Setting next_dagrun for example_xcom_args_with_operators to None, run_after=None
[2023-08-07T11:57:33.154+0000] {processor.py:179} INFO - Processing /home/airflow/.local/lib/python3.7/site-packages/airflow/example_dags/example_xcomargs.py took 0.545 seconds
