[2023-08-07T11:52:37.016+0000] {processor.py:157} INFO - Started process (PID=184) to work on /home/airflow/.local/lib/python3.7/site-packages/airflow/example_dags/example_skip_dag.py
[2023-08-07T11:52:37.030+0000] {processor.py:826} INFO - Processing file /home/airflow/.local/lib/python3.7/site-packages/airflow/example_dags/example_skip_dag.py for tasks to queue
[2023-08-07T11:52:37.044+0000] {logging_mixin.py:150} INFO - [2023-08-07T11:52:37.043+0000] {dagbag.py:541} INFO - Filling up the DagBag from /home/airflow/.local/lib/python3.7/site-packages/airflow/example_dags/example_skip_dag.py
[2023-08-07T11:52:37.144+0000] {processor.py:836} INFO - DAG(s) dict_keys(['example_skip_dag']) retrieved from /home/airflow/.local/lib/python3.7/site-packages/airflow/example_dags/example_skip_dag.py
[2023-08-07T11:52:37.391+0000] {logging_mixin.py:150} INFO - [2023-08-07T11:52:37.390+0000] {dag.py:2742} INFO - Sync 1 DAGs
[2023-08-07T11:52:37.568+0000] {logging_mixin.py:150} INFO - [2023-08-07T11:52:37.568+0000] {dag.py:3508} INFO - Setting next_dagrun for example_skip_dag to 2023-08-06T11:52:37.565623+00:00, run_after=2023-08-07T11:52:37.565623+00:00
[2023-08-07T11:52:37.685+0000] {processor.py:179} INFO - Processing /home/airflow/.local/lib/python3.7/site-packages/airflow/example_dags/example_skip_dag.py took 0.707 seconds
[2023-08-07T11:53:34.851+0000] {processor.py:157} INFO - Started process (PID=423) to work on /home/airflow/.local/lib/python3.7/site-packages/airflow/example_dags/example_skip_dag.py
[2023-08-07T11:53:34.862+0000] {processor.py:826} INFO - Processing file /home/airflow/.local/lib/python3.7/site-packages/airflow/example_dags/example_skip_dag.py for tasks to queue
[2023-08-07T11:53:34.865+0000] {logging_mixin.py:150} INFO - [2023-08-07T11:53:34.865+0000] {dagbag.py:541} INFO - Filling up the DagBag from /home/airflow/.local/lib/python3.7/site-packages/airflow/example_dags/example_skip_dag.py
[2023-08-07T11:53:34.935+0000] {processor.py:836} INFO - DAG(s) dict_keys(['example_skip_dag']) retrieved from /home/airflow/.local/lib/python3.7/site-packages/airflow/example_dags/example_skip_dag.py
[2023-08-07T11:53:35.337+0000] {logging_mixin.py:150} INFO - [2023-08-07T11:53:35.332+0000] {dag.py:2742} INFO - Sync 1 DAGs
[2023-08-07T11:53:36.135+0000] {logging_mixin.py:150} INFO - [2023-08-07T11:53:36.134+0000] {dag.py:3508} INFO - Setting next_dagrun for example_skip_dag to 2023-08-06T11:53:36.131664+00:00, run_after=2023-08-07T11:53:36.131664+00:00
[2023-08-07T11:53:36.306+0000] {processor.py:179} INFO - Processing /home/airflow/.local/lib/python3.7/site-packages/airflow/example_dags/example_skip_dag.py took 1.494 seconds
[2023-08-07T11:54:06.530+0000] {processor.py:157} INFO - Started process (PID=657) to work on /home/airflow/.local/lib/python3.7/site-packages/airflow/example_dags/example_skip_dag.py
[2023-08-07T11:54:06.538+0000] {processor.py:826} INFO - Processing file /home/airflow/.local/lib/python3.7/site-packages/airflow/example_dags/example_skip_dag.py for tasks to queue
[2023-08-07T11:54:06.544+0000] {logging_mixin.py:150} INFO - [2023-08-07T11:54:06.543+0000] {dagbag.py:541} INFO - Filling up the DagBag from /home/airflow/.local/lib/python3.7/site-packages/airflow/example_dags/example_skip_dag.py
[2023-08-07T11:54:06.588+0000] {processor.py:836} INFO - DAG(s) dict_keys(['example_skip_dag']) retrieved from /home/airflow/.local/lib/python3.7/site-packages/airflow/example_dags/example_skip_dag.py
[2023-08-07T11:54:06.749+0000] {logging_mixin.py:150} INFO - [2023-08-07T11:54:06.749+0000] {dag.py:2742} INFO - Sync 1 DAGs
[2023-08-07T11:54:06.818+0000] {logging_mixin.py:150} INFO - [2023-08-07T11:54:06.818+0000] {dag.py:3508} INFO - Setting next_dagrun for example_skip_dag to 2023-08-06T11:54:06.817994+00:00, run_after=2023-08-07T11:54:06.817994+00:00
[2023-08-07T11:54:06.860+0000] {processor.py:179} INFO - Processing /home/airflow/.local/lib/python3.7/site-packages/airflow/example_dags/example_skip_dag.py took 0.338 seconds
[2023-08-07T11:54:37.273+0000] {processor.py:157} INFO - Started process (PID=894) to work on /home/airflow/.local/lib/python3.7/site-packages/airflow/example_dags/example_skip_dag.py
[2023-08-07T11:54:37.295+0000] {processor.py:826} INFO - Processing file /home/airflow/.local/lib/python3.7/site-packages/airflow/example_dags/example_skip_dag.py for tasks to queue
[2023-08-07T11:54:37.307+0000] {logging_mixin.py:150} INFO - [2023-08-07T11:54:37.302+0000] {dagbag.py:541} INFO - Filling up the DagBag from /home/airflow/.local/lib/python3.7/site-packages/airflow/example_dags/example_skip_dag.py
[2023-08-07T11:54:37.345+0000] {processor.py:836} INFO - DAG(s) dict_keys(['example_skip_dag']) retrieved from /home/airflow/.local/lib/python3.7/site-packages/airflow/example_dags/example_skip_dag.py
[2023-08-07T11:54:37.888+0000] {logging_mixin.py:150} INFO - [2023-08-07T11:54:37.888+0000] {dag.py:2742} INFO - Sync 1 DAGs
[2023-08-07T11:54:38.493+0000] {logging_mixin.py:150} INFO - [2023-08-07T11:54:38.492+0000] {dag.py:3508} INFO - Setting next_dagrun for example_skip_dag to 2023-08-06T11:54:38.492168+00:00, run_after=2023-08-07T11:54:38.492168+00:00
[2023-08-07T11:54:38.734+0000] {processor.py:179} INFO - Processing /home/airflow/.local/lib/python3.7/site-packages/airflow/example_dags/example_skip_dag.py took 1.530 seconds
[2023-08-07T11:55:32.797+0000] {processor.py:157} INFO - Started process (PID=1139) to work on /home/airflow/.local/lib/python3.7/site-packages/airflow/example_dags/example_skip_dag.py
[2023-08-07T11:55:32.808+0000] {processor.py:826} INFO - Processing file /home/airflow/.local/lib/python3.7/site-packages/airflow/example_dags/example_skip_dag.py for tasks to queue
[2023-08-07T11:55:32.826+0000] {logging_mixin.py:150} INFO - [2023-08-07T11:55:32.826+0000] {dagbag.py:541} INFO - Filling up the DagBag from /home/airflow/.local/lib/python3.7/site-packages/airflow/example_dags/example_skip_dag.py
[2023-08-07T11:55:32.919+0000] {processor.py:836} INFO - DAG(s) dict_keys(['example_skip_dag']) retrieved from /home/airflow/.local/lib/python3.7/site-packages/airflow/example_dags/example_skip_dag.py
[2023-08-07T11:55:33.091+0000] {logging_mixin.py:150} INFO - [2023-08-07T11:55:33.090+0000] {dag.py:2742} INFO - Sync 1 DAGs
[2023-08-07T11:55:33.306+0000] {logging_mixin.py:150} INFO - [2023-08-07T11:55:33.305+0000] {dag.py:3508} INFO - Setting next_dagrun for example_skip_dag to 2023-08-06T11:55:33.304715+00:00, run_after=2023-08-07T11:55:33.304715+00:00
[2023-08-07T11:55:33.863+0000] {processor.py:179} INFO - Processing /home/airflow/.local/lib/python3.7/site-packages/airflow/example_dags/example_skip_dag.py took 1.100 seconds
[2023-08-07T11:56:58.185+0000] {processor.py:157} INFO - Started process (PID=1405) to work on /home/airflow/.local/lib/python3.7/site-packages/airflow/example_dags/example_skip_dag.py
[2023-08-07T11:56:58.394+0000] {processor.py:826} INFO - Processing file /home/airflow/.local/lib/python3.7/site-packages/airflow/example_dags/example_skip_dag.py for tasks to queue
[2023-08-07T11:56:58.447+0000] {logging_mixin.py:150} INFO - [2023-08-07T11:56:58.443+0000] {dagbag.py:541} INFO - Filling up the DagBag from /home/airflow/.local/lib/python3.7/site-packages/airflow/example_dags/example_skip_dag.py
[2023-08-07T11:56:58.810+0000] {processor.py:836} INFO - DAG(s) dict_keys(['example_skip_dag']) retrieved from /home/airflow/.local/lib/python3.7/site-packages/airflow/example_dags/example_skip_dag.py
[2023-08-07T11:56:59.601+0000] {logging_mixin.py:150} INFO - [2023-08-07T11:56:59.600+0000] {dag.py:2742} INFO - Sync 1 DAGs
[2023-08-07T11:57:00.109+0000] {logging_mixin.py:150} INFO - [2023-08-07T11:57:00.106+0000] {dag.py:3508} INFO - Setting next_dagrun for example_skip_dag to 2023-08-06T11:57:00.105839+00:00, run_after=2023-08-07T11:57:00.105839+00:00
[2023-08-07T11:57:01.434+0000] {processor.py:179} INFO - Processing /home/airflow/.local/lib/python3.7/site-packages/airflow/example_dags/example_skip_dag.py took 3.346 seconds
