[2023-08-07T11:53:03.597+0000] {processor.py:157} INFO - Started process (PID=324) to work on /home/airflow/.local/lib/python3.7/site-packages/airflow/example_dags/example_sla_dag.py
[2023-08-07T11:53:03.626+0000] {processor.py:826} INFO - Processing file /home/airflow/.local/lib/python3.7/site-packages/airflow/example_dags/example_sla_dag.py for tasks to queue
[2023-08-07T11:53:03.639+0000] {logging_mixin.py:150} INFO - [2023-08-07T11:53:03.638+0000] {dagbag.py:541} INFO - Filling up the DagBag from /home/airflow/.local/lib/python3.7/site-packages/airflow/example_dags/example_sla_dag.py
[2023-08-07T11:53:03.826+0000] {processor.py:836} INFO - DAG(s) dict_keys(['example_sla_dag']) retrieved from /home/airflow/.local/lib/python3.7/site-packages/airflow/example_dags/example_sla_dag.py
[2023-08-07T11:53:04.169+0000] {logging_mixin.py:150} INFO - [2023-08-07T11:53:04.168+0000] {dag.py:2742} INFO - Sync 1 DAGs
[2023-08-07T11:53:04.562+0000] {logging_mixin.py:150} INFO - [2023-08-07T11:53:04.558+0000] {dag.py:3508} INFO - Setting next_dagrun for example_sla_dag to 2023-08-07T11:50:00+00:00, run_after=2023-08-07T11:52:00+00:00
[2023-08-07T11:53:05.017+0000] {processor.py:179} INFO - Processing /home/airflow/.local/lib/python3.7/site-packages/airflow/example_dags/example_sla_dag.py took 1.508 seconds
[2023-08-07T11:53:51.164+0000] {processor.py:157} INFO - Started process (PID=570) to work on /home/airflow/.local/lib/python3.7/site-packages/airflow/example_dags/example_sla_dag.py
[2023-08-07T11:53:51.171+0000] {processor.py:826} INFO - Processing file /home/airflow/.local/lib/python3.7/site-packages/airflow/example_dags/example_sla_dag.py for tasks to queue
[2023-08-07T11:53:51.176+0000] {logging_mixin.py:150} INFO - [2023-08-07T11:53:51.175+0000] {dagbag.py:541} INFO - Filling up the DagBag from /home/airflow/.local/lib/python3.7/site-packages/airflow/example_dags/example_sla_dag.py
[2023-08-07T11:53:51.227+0000] {processor.py:836} INFO - DAG(s) dict_keys(['example_sla_dag']) retrieved from /home/airflow/.local/lib/python3.7/site-packages/airflow/example_dags/example_sla_dag.py
[2023-08-07T11:53:51.300+0000] {logging_mixin.py:150} INFO - [2023-08-07T11:53:51.300+0000] {dag.py:2742} INFO - Sync 1 DAGs
[2023-08-07T11:53:51.402+0000] {logging_mixin.py:150} INFO - [2023-08-07T11:53:51.402+0000] {dag.py:3508} INFO - Setting next_dagrun for example_sla_dag to 2023-08-07T11:50:00+00:00, run_after=2023-08-07T11:52:00+00:00
[2023-08-07T11:53:51.463+0000] {processor.py:179} INFO - Processing /home/airflow/.local/lib/python3.7/site-packages/airflow/example_dags/example_sla_dag.py took 0.312 seconds
[2023-08-07T11:54:22.063+0000] {processor.py:157} INFO - Started process (PID=809) to work on /home/airflow/.local/lib/python3.7/site-packages/airflow/example_dags/example_sla_dag.py
[2023-08-07T11:54:22.067+0000] {processor.py:826} INFO - Processing file /home/airflow/.local/lib/python3.7/site-packages/airflow/example_dags/example_sla_dag.py for tasks to queue
[2023-08-07T11:54:22.072+0000] {logging_mixin.py:150} INFO - [2023-08-07T11:54:22.071+0000] {dagbag.py:541} INFO - Filling up the DagBag from /home/airflow/.local/lib/python3.7/site-packages/airflow/example_dags/example_sla_dag.py
[2023-08-07T11:54:22.098+0000] {processor.py:836} INFO - DAG(s) dict_keys(['example_sla_dag']) retrieved from /home/airflow/.local/lib/python3.7/site-packages/airflow/example_dags/example_sla_dag.py
[2023-08-07T11:54:22.168+0000] {logging_mixin.py:150} INFO - [2023-08-07T11:54:22.168+0000] {dag.py:2742} INFO - Sync 1 DAGs
[2023-08-07T11:54:22.247+0000] {logging_mixin.py:150} INFO - [2023-08-07T11:54:22.247+0000] {dag.py:3508} INFO - Setting next_dagrun for example_sla_dag to 2023-08-07T11:52:00+00:00, run_after=2023-08-07T11:54:00+00:00
[2023-08-07T11:54:22.314+0000] {processor.py:179} INFO - Processing /home/airflow/.local/lib/python3.7/site-packages/airflow/example_dags/example_sla_dag.py took 0.262 seconds
[2023-08-07T11:55:11.945+0000] {processor.py:157} INFO - Started process (PID=1059) to work on /home/airflow/.local/lib/python3.7/site-packages/airflow/example_dags/example_sla_dag.py
[2023-08-07T11:55:11.954+0000] {processor.py:826} INFO - Processing file /home/airflow/.local/lib/python3.7/site-packages/airflow/example_dags/example_sla_dag.py for tasks to queue
[2023-08-07T11:55:11.975+0000] {logging_mixin.py:150} INFO - [2023-08-07T11:55:11.971+0000] {dagbag.py:541} INFO - Filling up the DagBag from /home/airflow/.local/lib/python3.7/site-packages/airflow/example_dags/example_sla_dag.py
[2023-08-07T11:55:12.093+0000] {processor.py:836} INFO - DAG(s) dict_keys(['example_sla_dag']) retrieved from /home/airflow/.local/lib/python3.7/site-packages/airflow/example_dags/example_sla_dag.py
[2023-08-07T11:55:12.312+0000] {logging_mixin.py:150} INFO - [2023-08-07T11:55:12.312+0000] {dag.py:2742} INFO - Sync 1 DAGs
[2023-08-07T11:55:12.793+0000] {logging_mixin.py:150} INFO - [2023-08-07T11:55:12.793+0000] {dag.py:3508} INFO - Setting next_dagrun for example_sla_dag to 2023-08-07T11:52:00+00:00, run_after=2023-08-07T11:54:00+00:00
[2023-08-07T11:55:13.322+0000] {processor.py:179} INFO - Processing /home/airflow/.local/lib/python3.7/site-packages/airflow/example_dags/example_sla_dag.py took 1.431 seconds
[2023-08-07T11:56:08.921+0000] {processor.py:157} INFO - Started process (PID=1307) to work on /home/airflow/.local/lib/python3.7/site-packages/airflow/example_dags/example_sla_dag.py
[2023-08-07T11:56:08.938+0000] {processor.py:826} INFO - Processing file /home/airflow/.local/lib/python3.7/site-packages/airflow/example_dags/example_sla_dag.py for tasks to queue
[2023-08-07T11:56:08.954+0000] {logging_mixin.py:150} INFO - [2023-08-07T11:56:08.952+0000] {dagbag.py:541} INFO - Filling up the DagBag from /home/airflow/.local/lib/python3.7/site-packages/airflow/example_dags/example_sla_dag.py
[2023-08-07T11:56:09.031+0000] {processor.py:836} INFO - DAG(s) dict_keys(['example_sla_dag']) retrieved from /home/airflow/.local/lib/python3.7/site-packages/airflow/example_dags/example_sla_dag.py
[2023-08-07T11:56:09.226+0000] {logging_mixin.py:150} INFO - [2023-08-07T11:56:09.224+0000] {dag.py:2742} INFO - Sync 1 DAGs
[2023-08-07T11:56:09.722+0000] {logging_mixin.py:150} INFO - [2023-08-07T11:56:09.722+0000] {dag.py:3508} INFO - Setting next_dagrun for example_sla_dag to 2023-08-07T11:54:00+00:00, run_after=2023-08-07T11:56:00+00:00
[2023-08-07T11:56:10.077+0000] {processor.py:179} INFO - Processing /home/airflow/.local/lib/python3.7/site-packages/airflow/example_dags/example_sla_dag.py took 1.186 seconds
[2023-08-07T11:57:32.557+0000] {processor.py:157} INFO - Started process (PID=1554) to work on /home/airflow/.local/lib/python3.7/site-packages/airflow/example_dags/example_sla_dag.py
[2023-08-07T11:57:32.563+0000] {processor.py:826} INFO - Processing file /home/airflow/.local/lib/python3.7/site-packages/airflow/example_dags/example_sla_dag.py for tasks to queue
[2023-08-07T11:57:32.568+0000] {logging_mixin.py:150} INFO - [2023-08-07T11:57:32.567+0000] {dagbag.py:541} INFO - Filling up the DagBag from /home/airflow/.local/lib/python3.7/site-packages/airflow/example_dags/example_sla_dag.py
[2023-08-07T11:57:32.699+0000] {processor.py:836} INFO - DAG(s) dict_keys(['example_sla_dag']) retrieved from /home/airflow/.local/lib/python3.7/site-packages/airflow/example_dags/example_sla_dag.py
[2023-08-07T11:57:32.795+0000] {logging_mixin.py:150} INFO - [2023-08-07T11:57:32.795+0000] {dag.py:2742} INFO - Sync 1 DAGs
[2023-08-07T11:57:32.945+0000] {logging_mixin.py:150} INFO - [2023-08-07T11:57:32.945+0000] {dag.py:3508} INFO - Setting next_dagrun for example_sla_dag to 2023-08-07T11:54:00+00:00, run_after=2023-08-07T11:56:00+00:00
[2023-08-07T11:57:33.031+0000] {processor.py:179} INFO - Processing /home/airflow/.local/lib/python3.7/site-packages/airflow/example_dags/example_sla_dag.py took 0.483 seconds
