[2023-08-07T11:52:33.311+0000] {processor.py:157} INFO - Started process (PID=164) to work on /home/airflow/.local/lib/python3.7/site-packages/airflow/example_dags/example_datasets.py
[2023-08-07T11:52:33.341+0000] {processor.py:826} INFO - Processing file /home/airflow/.local/lib/python3.7/site-packages/airflow/example_dags/example_datasets.py for tasks to queue
[2023-08-07T11:52:33.350+0000] {logging_mixin.py:150} INFO - [2023-08-07T11:52:33.349+0000] {dagbag.py:541} INFO - Filling up the DagBag from /home/airflow/.local/lib/python3.7/site-packages/airflow/example_dags/example_datasets.py
[2023-08-07T11:52:33.507+0000] {processor.py:836} INFO - DAG(s) dict_keys(['dataset_consumes_1_never_scheduled', 'dataset_consumes_1_and_2', 'dataset_consumes_1', 'dataset_produces_2', 'dataset_consumes_unknown_never_scheduled', 'dataset_produces_1']) retrieved from /home/airflow/.local/lib/python3.7/site-packages/airflow/example_dags/example_datasets.py
[2023-08-07T11:52:36.118+0000] {logging_mixin.py:150} INFO - [2023-08-07T11:52:36.117+0000] {dag.py:2742} INFO - Sync 6 DAGs
[2023-08-07T11:52:36.298+0000] {logging_mixin.py:150} INFO - [2023-08-07T11:52:36.297+0000] {dag.py:3508} INFO - Setting next_dagrun for dataset_consumes_1 to None, run_after=None
[2023-08-07T11:52:36.323+0000] {logging_mixin.py:150} INFO - [2023-08-07T11:52:36.323+0000] {dag.py:3508} INFO - Setting next_dagrun for dataset_consumes_1_and_2 to None, run_after=None
[2023-08-07T11:52:36.341+0000] {logging_mixin.py:150} INFO - [2023-08-07T11:52:36.341+0000] {dag.py:3508} INFO - Setting next_dagrun for dataset_consumes_1_never_scheduled to None, run_after=None
[2023-08-07T11:52:36.373+0000] {logging_mixin.py:150} INFO - [2023-08-07T11:52:36.373+0000] {dag.py:3508} INFO - Setting next_dagrun for dataset_consumes_unknown_never_scheduled to None, run_after=None
[2023-08-07T11:52:36.402+0000] {logging_mixin.py:150} INFO - [2023-08-07T11:52:36.397+0000] {dag.py:3508} INFO - Setting next_dagrun for dataset_produces_1 to 2023-08-06T00:00:00+00:00, run_after=2023-08-07T00:00:00+00:00
[2023-08-07T11:52:36.416+0000] {logging_mixin.py:150} INFO - [2023-08-07T11:52:36.416+0000] {dag.py:3508} INFO - Setting next_dagrun for dataset_produces_2 to None, run_after=None
[2023-08-07T11:52:36.742+0000] {processor.py:179} INFO - Processing /home/airflow/.local/lib/python3.7/site-packages/airflow/example_dags/example_datasets.py took 3.451 seconds
[2023-08-07T11:53:25.135+0000] {processor.py:157} INFO - Started process (PID=407) to work on /home/airflow/.local/lib/python3.7/site-packages/airflow/example_dags/example_datasets.py
[2023-08-07T11:53:25.173+0000] {processor.py:826} INFO - Processing file /home/airflow/.local/lib/python3.7/site-packages/airflow/example_dags/example_datasets.py for tasks to queue
[2023-08-07T11:53:25.187+0000] {logging_mixin.py:150} INFO - [2023-08-07T11:53:25.185+0000] {dagbag.py:541} INFO - Filling up the DagBag from /home/airflow/.local/lib/python3.7/site-packages/airflow/example_dags/example_datasets.py
[2023-08-07T11:53:25.540+0000] {processor.py:836} INFO - DAG(s) dict_keys(['dataset_consumes_1', 'dataset_consumes_1_never_scheduled', 'dataset_consumes_unknown_never_scheduled', 'dataset_consumes_1_and_2', 'dataset_produces_1', 'dataset_produces_2']) retrieved from /home/airflow/.local/lib/python3.7/site-packages/airflow/example_dags/example_datasets.py
[2023-08-07T11:53:26.064+0000] {logging_mixin.py:150} INFO - [2023-08-07T11:53:26.063+0000] {dag.py:2742} INFO - Sync 6 DAGs
[2023-08-07T11:53:26.280+0000] {logging_mixin.py:150} INFO - [2023-08-07T11:53:26.280+0000] {dag.py:3508} INFO - Setting next_dagrun for dataset_consumes_1 to None, run_after=None
[2023-08-07T11:53:26.308+0000] {logging_mixin.py:150} INFO - [2023-08-07T11:53:26.304+0000] {dag.py:3508} INFO - Setting next_dagrun for dataset_consumes_1_and_2 to None, run_after=None
[2023-08-07T11:53:26.329+0000] {logging_mixin.py:150} INFO - [2023-08-07T11:53:26.329+0000] {dag.py:3508} INFO - Setting next_dagrun for dataset_consumes_1_never_scheduled to None, run_after=None
[2023-08-07T11:53:26.341+0000] {logging_mixin.py:150} INFO - [2023-08-07T11:53:26.339+0000] {dag.py:3508} INFO - Setting next_dagrun for dataset_consumes_unknown_never_scheduled to None, run_after=None
[2023-08-07T11:53:26.374+0000] {logging_mixin.py:150} INFO - [2023-08-07T11:53:26.374+0000] {dag.py:3508} INFO - Setting next_dagrun for dataset_produces_1 to 2023-08-06T00:00:00+00:00, run_after=2023-08-07T00:00:00+00:00
[2023-08-07T11:53:26.397+0000] {logging_mixin.py:150} INFO - [2023-08-07T11:53:26.397+0000] {dag.py:3508} INFO - Setting next_dagrun for dataset_produces_2 to None, run_after=None
[2023-08-07T11:53:26.832+0000] {processor.py:179} INFO - Processing /home/airflow/.local/lib/python3.7/site-packages/airflow/example_dags/example_datasets.py took 1.889 seconds
[2023-08-07T11:53:58.680+0000] {processor.py:157} INFO - Started process (PID=640) to work on /home/airflow/.local/lib/python3.7/site-packages/airflow/example_dags/example_datasets.py
[2023-08-07T11:53:58.694+0000] {processor.py:826} INFO - Processing file /home/airflow/.local/lib/python3.7/site-packages/airflow/example_dags/example_datasets.py for tasks to queue
[2023-08-07T11:53:58.708+0000] {logging_mixin.py:150} INFO - [2023-08-07T11:53:58.705+0000] {dagbag.py:541} INFO - Filling up the DagBag from /home/airflow/.local/lib/python3.7/site-packages/airflow/example_dags/example_datasets.py
[2023-08-07T11:53:58.746+0000] {processor.py:836} INFO - DAG(s) dict_keys(['dataset_consumes_1_and_2', 'dataset_produces_1', 'dataset_produces_2', 'dataset_consumes_1_never_scheduled', 'dataset_consumes_unknown_never_scheduled', 'dataset_consumes_1']) retrieved from /home/airflow/.local/lib/python3.7/site-packages/airflow/example_dags/example_datasets.py
[2023-08-07T11:53:58.865+0000] {logging_mixin.py:150} INFO - [2023-08-07T11:53:58.865+0000] {dag.py:2742} INFO - Sync 6 DAGs
[2023-08-07T11:53:58.959+0000] {logging_mixin.py:150} INFO - [2023-08-07T11:53:58.958+0000] {dag.py:3508} INFO - Setting next_dagrun for dataset_consumes_1 to None, run_after=None
[2023-08-07T11:53:58.978+0000] {logging_mixin.py:150} INFO - [2023-08-07T11:53:58.977+0000] {dag.py:3508} INFO - Setting next_dagrun for dataset_consumes_1_and_2 to None, run_after=None
[2023-08-07T11:53:59.003+0000] {logging_mixin.py:150} INFO - [2023-08-07T11:53:58.991+0000] {dag.py:3508} INFO - Setting next_dagrun for dataset_consumes_1_never_scheduled to None, run_after=None
[2023-08-07T11:53:59.312+0000] {logging_mixin.py:150} INFO - [2023-08-07T11:53:59.311+0000] {dag.py:3508} INFO - Setting next_dagrun for dataset_consumes_unknown_never_scheduled to None, run_after=None
[2023-08-07T11:53:59.397+0000] {logging_mixin.py:150} INFO - [2023-08-07T11:53:59.396+0000] {dag.py:3508} INFO - Setting next_dagrun for dataset_produces_1 to 2023-08-06T00:00:00+00:00, run_after=2023-08-07T00:00:00+00:00
[2023-08-07T11:53:59.419+0000] {logging_mixin.py:150} INFO - [2023-08-07T11:53:59.418+0000] {dag.py:3508} INFO - Setting next_dagrun for dataset_produces_2 to None, run_after=None
[2023-08-07T11:54:00.348+0000] {processor.py:179} INFO - Processing /home/airflow/.local/lib/python3.7/site-packages/airflow/example_dags/example_datasets.py took 1.710 seconds
[2023-08-07T11:54:30.693+0000] {processor.py:157} INFO - Started process (PID=881) to work on /home/airflow/.local/lib/python3.7/site-packages/airflow/example_dags/example_datasets.py
[2023-08-07T11:54:30.710+0000] {processor.py:826} INFO - Processing file /home/airflow/.local/lib/python3.7/site-packages/airflow/example_dags/example_datasets.py for tasks to queue
[2023-08-07T11:54:30.720+0000] {logging_mixin.py:150} INFO - [2023-08-07T11:54:30.719+0000] {dagbag.py:541} INFO - Filling up the DagBag from /home/airflow/.local/lib/python3.7/site-packages/airflow/example_dags/example_datasets.py
[2023-08-07T11:54:30.897+0000] {processor.py:836} INFO - DAG(s) dict_keys(['dataset_produces_2', 'dataset_consumes_1_never_scheduled', 'dataset_consumes_unknown_never_scheduled', 'dataset_produces_1', 'dataset_consumes_1_and_2', 'dataset_consumes_1']) retrieved from /home/airflow/.local/lib/python3.7/site-packages/airflow/example_dags/example_datasets.py
[2023-08-07T11:54:31.154+0000] {logging_mixin.py:150} INFO - [2023-08-07T11:54:31.153+0000] {dag.py:2742} INFO - Sync 6 DAGs
[2023-08-07T11:54:32.128+0000] {logging_mixin.py:150} INFO - [2023-08-07T11:54:32.127+0000] {dag.py:3508} INFO - Setting next_dagrun for dataset_consumes_1 to None, run_after=None
[2023-08-07T11:54:32.248+0000] {logging_mixin.py:150} INFO - [2023-08-07T11:54:32.247+0000] {dag.py:3508} INFO - Setting next_dagrun for dataset_consumes_1_and_2 to None, run_after=None
[2023-08-07T11:54:32.272+0000] {logging_mixin.py:150} INFO - [2023-08-07T11:54:32.267+0000] {dag.py:3508} INFO - Setting next_dagrun for dataset_consumes_1_never_scheduled to None, run_after=None
[2023-08-07T11:54:32.286+0000] {logging_mixin.py:150} INFO - [2023-08-07T11:54:32.284+0000] {dag.py:3508} INFO - Setting next_dagrun for dataset_consumes_unknown_never_scheduled to None, run_after=None
[2023-08-07T11:54:32.324+0000] {logging_mixin.py:150} INFO - [2023-08-07T11:54:32.323+0000] {dag.py:3508} INFO - Setting next_dagrun for dataset_produces_1 to 2023-08-06T00:00:00+00:00, run_after=2023-08-07T00:00:00+00:00
[2023-08-07T11:54:32.346+0000] {logging_mixin.py:150} INFO - [2023-08-07T11:54:32.346+0000] {dag.py:3508} INFO - Setting next_dagrun for dataset_produces_2 to None, run_after=None
[2023-08-07T11:54:32.708+0000] {processor.py:179} INFO - Processing /home/airflow/.local/lib/python3.7/site-packages/airflow/example_dags/example_datasets.py took 2.042 seconds
[2023-08-07T11:55:05.027+0000] {processor.py:157} INFO - Started process (PID=1007) to work on /home/airflow/.local/lib/python3.7/site-packages/airflow/example_dags/example_datasets.py
[2023-08-07T11:55:05.056+0000] {processor.py:826} INFO - Processing file /home/airflow/.local/lib/python3.7/site-packages/airflow/example_dags/example_datasets.py for tasks to queue
[2023-08-07T11:55:05.078+0000] {logging_mixin.py:150} INFO - [2023-08-07T11:55:05.077+0000] {dagbag.py:541} INFO - Filling up the DagBag from /home/airflow/.local/lib/python3.7/site-packages/airflow/example_dags/example_datasets.py
[2023-08-07T11:55:05.221+0000] {processor.py:836} INFO - DAG(s) dict_keys(['dataset_consumes_1', 'dataset_produces_1', 'dataset_consumes_1_and_2', 'dataset_consumes_unknown_never_scheduled', 'dataset_produces_2', 'dataset_consumes_1_never_scheduled']) retrieved from /home/airflow/.local/lib/python3.7/site-packages/airflow/example_dags/example_datasets.py
[2023-08-07T11:55:05.661+0000] {logging_mixin.py:150} INFO - [2023-08-07T11:55:05.660+0000] {dag.py:2742} INFO - Sync 6 DAGs
[2023-08-07T11:55:05.896+0000] {logging_mixin.py:150} INFO - [2023-08-07T11:55:05.895+0000] {dag.py:3508} INFO - Setting next_dagrun for dataset_consumes_1 to None, run_after=None
[2023-08-07T11:55:05.926+0000] {logging_mixin.py:150} INFO - [2023-08-07T11:55:05.926+0000] {dag.py:3508} INFO - Setting next_dagrun for dataset_consumes_1_and_2 to None, run_after=None
[2023-08-07T11:55:05.942+0000] {logging_mixin.py:150} INFO - [2023-08-07T11:55:05.942+0000] {dag.py:3508} INFO - Setting next_dagrun for dataset_consumes_1_never_scheduled to None, run_after=None
[2023-08-07T11:55:05.956+0000] {logging_mixin.py:150} INFO - [2023-08-07T11:55:05.954+0000] {dag.py:3508} INFO - Setting next_dagrun for dataset_consumes_unknown_never_scheduled to None, run_after=None
[2023-08-07T11:55:05.977+0000] {logging_mixin.py:150} INFO - [2023-08-07T11:55:05.977+0000] {dag.py:3508} INFO - Setting next_dagrun for dataset_produces_1 to 2023-08-06T00:00:00+00:00, run_after=2023-08-07T00:00:00+00:00
[2023-08-07T11:55:05.995+0000] {logging_mixin.py:150} INFO - [2023-08-07T11:55:05.994+0000] {dag.py:3508} INFO - Setting next_dagrun for dataset_produces_2 to None, run_after=None
[2023-08-07T11:55:06.471+0000] {processor.py:179} INFO - Processing /home/airflow/.local/lib/python3.7/site-packages/airflow/example_dags/example_datasets.py took 1.487 seconds
[2023-08-07T11:55:43.045+0000] {processor.py:157} INFO - Started process (PID=1231) to work on /home/airflow/.local/lib/python3.7/site-packages/airflow/example_dags/example_datasets.py
[2023-08-07T11:55:43.080+0000] {processor.py:826} INFO - Processing file /home/airflow/.local/lib/python3.7/site-packages/airflow/example_dags/example_datasets.py for tasks to queue
[2023-08-07T11:55:43.097+0000] {logging_mixin.py:150} INFO - [2023-08-07T11:55:43.096+0000] {dagbag.py:541} INFO - Filling up the DagBag from /home/airflow/.local/lib/python3.7/site-packages/airflow/example_dags/example_datasets.py
[2023-08-07T11:55:43.264+0000] {processor.py:836} INFO - DAG(s) dict_keys(['dataset_consumes_1_never_scheduled', 'dataset_produces_2', 'dataset_consumes_unknown_never_scheduled', 'dataset_consumes_1', 'dataset_produces_1', 'dataset_consumes_1_and_2']) retrieved from /home/airflow/.local/lib/python3.7/site-packages/airflow/example_dags/example_datasets.py
[2023-08-07T11:55:45.327+0000] {logging_mixin.py:150} INFO - [2023-08-07T11:55:45.322+0000] {dag.py:2742} INFO - Sync 6 DAGs
[2023-08-07T11:55:46.068+0000] {logging_mixin.py:150} INFO - [2023-08-07T11:55:46.067+0000] {dag.py:3508} INFO - Setting next_dagrun for dataset_consumes_1 to None, run_after=None
[2023-08-07T11:55:46.118+0000] {logging_mixin.py:150} INFO - [2023-08-07T11:55:46.117+0000] {dag.py:3508} INFO - Setting next_dagrun for dataset_consumes_1_and_2 to None, run_after=None
[2023-08-07T11:55:46.136+0000] {logging_mixin.py:150} INFO - [2023-08-07T11:55:46.136+0000] {dag.py:3508} INFO - Setting next_dagrun for dataset_consumes_1_never_scheduled to None, run_after=None
[2023-08-07T11:55:46.149+0000] {logging_mixin.py:150} INFO - [2023-08-07T11:55:46.149+0000] {dag.py:3508} INFO - Setting next_dagrun for dataset_consumes_unknown_never_scheduled to None, run_after=None
[2023-08-07T11:55:46.173+0000] {logging_mixin.py:150} INFO - [2023-08-07T11:55:46.170+0000] {dag.py:3508} INFO - Setting next_dagrun for dataset_produces_1 to 2023-08-06T00:00:00+00:00, run_after=2023-08-07T00:00:00+00:00
[2023-08-07T11:55:46.184+0000] {logging_mixin.py:150} INFO - [2023-08-07T11:55:46.184+0000] {dag.py:3508} INFO - Setting next_dagrun for dataset_produces_2 to None, run_after=None
[2023-08-07T11:55:46.384+0000] {processor.py:179} INFO - Processing /home/airflow/.local/lib/python3.7/site-packages/airflow/example_dags/example_datasets.py took 3.377 seconds
[2023-08-07T11:56:50.943+0000] {processor.py:157} INFO - Started process (PID=1390) to work on /home/airflow/.local/lib/python3.7/site-packages/airflow/example_dags/example_datasets.py
[2023-08-07T11:56:51.000+0000] {processor.py:826} INFO - Processing file /home/airflow/.local/lib/python3.7/site-packages/airflow/example_dags/example_datasets.py for tasks to queue
[2023-08-07T11:56:51.069+0000] {logging_mixin.py:150} INFO - [2023-08-07T11:56:51.068+0000] {dagbag.py:541} INFO - Filling up the DagBag from /home/airflow/.local/lib/python3.7/site-packages/airflow/example_dags/example_datasets.py
[2023-08-07T11:56:51.433+0000] {processor.py:836} INFO - DAG(s) dict_keys(['dataset_consumes_1_never_scheduled', 'dataset_consumes_1', 'dataset_consumes_unknown_never_scheduled', 'dataset_produces_2', 'dataset_produces_1', 'dataset_consumes_1_and_2']) retrieved from /home/airflow/.local/lib/python3.7/site-packages/airflow/example_dags/example_datasets.py
[2023-08-07T11:56:52.197+0000] {logging_mixin.py:150} INFO - [2023-08-07T11:56:52.197+0000] {dag.py:2742} INFO - Sync 6 DAGs
[2023-08-07T11:56:52.738+0000] {logging_mixin.py:150} INFO - [2023-08-07T11:56:52.737+0000] {dag.py:3508} INFO - Setting next_dagrun for dataset_consumes_1 to None, run_after=None
[2023-08-07T11:56:52.792+0000] {logging_mixin.py:150} INFO - [2023-08-07T11:56:52.792+0000] {dag.py:3508} INFO - Setting next_dagrun for dataset_consumes_1_and_2 to None, run_after=None
[2023-08-07T11:56:52.819+0000] {logging_mixin.py:150} INFO - [2023-08-07T11:56:52.818+0000] {dag.py:3508} INFO - Setting next_dagrun for dataset_consumes_1_never_scheduled to None, run_after=None
[2023-08-07T11:56:52.839+0000] {logging_mixin.py:150} INFO - [2023-08-07T11:56:52.839+0000] {dag.py:3508} INFO - Setting next_dagrun for dataset_consumes_unknown_never_scheduled to None, run_after=None
[2023-08-07T11:56:52.905+0000] {logging_mixin.py:150} INFO - [2023-08-07T11:56:52.905+0000] {dag.py:3508} INFO - Setting next_dagrun for dataset_produces_1 to 2023-08-06T00:00:00+00:00, run_after=2023-08-07T00:00:00+00:00
[2023-08-07T11:56:52.924+0000] {logging_mixin.py:150} INFO - [2023-08-07T11:56:52.923+0000] {dag.py:3508} INFO - Setting next_dagrun for dataset_produces_2 to None, run_after=None
[2023-08-07T11:56:55.244+0000] {processor.py:179} INFO - Processing /home/airflow/.local/lib/python3.7/site-packages/airflow/example_dags/example_datasets.py took 4.458 seconds
[2023-08-07T11:57:36.649+0000] {processor.py:157} INFO - Started process (PID=1579) to work on /home/airflow/.local/lib/python3.7/site-packages/airflow/example_dags/example_datasets.py
[2023-08-07T11:57:36.661+0000] {processor.py:826} INFO - Processing file /home/airflow/.local/lib/python3.7/site-packages/airflow/example_dags/example_datasets.py for tasks to queue
[2023-08-07T11:57:36.679+0000] {logging_mixin.py:150} INFO - [2023-08-07T11:57:36.678+0000] {dagbag.py:541} INFO - Filling up the DagBag from /home/airflow/.local/lib/python3.7/site-packages/airflow/example_dags/example_datasets.py
[2023-08-07T11:57:36.839+0000] {processor.py:836} INFO - DAG(s) dict_keys(['dataset_produces_2', 'dataset_produces_1', 'dataset_consumes_unknown_never_scheduled', 'dataset_consumes_1_and_2', 'dataset_consumes_1', 'dataset_consumes_1_never_scheduled']) retrieved from /home/airflow/.local/lib/python3.7/site-packages/airflow/example_dags/example_datasets.py
[2023-08-07T11:57:37.835+0000] {logging_mixin.py:150} INFO - [2023-08-07T11:57:37.823+0000] {dag.py:2742} INFO - Sync 6 DAGs
[2023-08-07T11:57:40.993+0000] {logging_mixin.py:150} INFO - [2023-08-07T11:57:40.993+0000] {dag.py:3508} INFO - Setting next_dagrun for dataset_consumes_1 to None, run_after=None
[2023-08-07T11:57:41.143+0000] {logging_mixin.py:150} INFO - [2023-08-07T11:57:41.142+0000] {dag.py:3508} INFO - Setting next_dagrun for dataset_consumes_1_and_2 to None, run_after=None
[2023-08-07T11:57:41.209+0000] {logging_mixin.py:150} INFO - [2023-08-07T11:57:41.206+0000] {dag.py:3508} INFO - Setting next_dagrun for dataset_consumes_1_never_scheduled to None, run_after=None
[2023-08-07T11:57:41.226+0000] {logging_mixin.py:150} INFO - [2023-08-07T11:57:41.225+0000] {dag.py:3508} INFO - Setting next_dagrun for dataset_consumes_unknown_never_scheduled to None, run_after=None
[2023-08-07T11:57:41.677+0000] {logging_mixin.py:150} INFO - [2023-08-07T11:57:41.669+0000] {dag.py:3508} INFO - Setting next_dagrun for dataset_produces_1 to 2023-08-06T00:00:00+00:00, run_after=2023-08-07T00:00:00+00:00
[2023-08-07T11:57:41.708+0000] {logging_mixin.py:150} INFO - [2023-08-07T11:57:41.708+0000] {dag.py:3508} INFO - Setting next_dagrun for dataset_produces_2 to None, run_after=None
[2023-08-07T11:57:43.157+0000] {processor.py:179} INFO - Processing /home/airflow/.local/lib/python3.7/site-packages/airflow/example_dags/example_datasets.py took 6.620 seconds
