[2023-08-07T11:52:49.554+0000] {processor.py:157} INFO - Started process (PID=254) to work on /home/airflow/.local/lib/python3.7/site-packages/airflow/example_dags/example_sensor_decorator.py
[2023-08-07T11:52:49.566+0000] {processor.py:826} INFO - Processing file /home/airflow/.local/lib/python3.7/site-packages/airflow/example_dags/example_sensor_decorator.py for tasks to queue
[2023-08-07T11:52:49.578+0000] {logging_mixin.py:150} INFO - [2023-08-07T11:52:49.577+0000] {dagbag.py:541} INFO - Filling up the DagBag from /home/airflow/.local/lib/python3.7/site-packages/airflow/example_dags/example_sensor_decorator.py
[2023-08-07T11:52:49.638+0000] {processor.py:836} INFO - DAG(s) dict_keys(['example_sensor_decorator']) retrieved from /home/airflow/.local/lib/python3.7/site-packages/airflow/example_dags/example_sensor_decorator.py
[2023-08-07T11:52:51.431+0000] {logging_mixin.py:150} INFO - [2023-08-07T11:52:51.430+0000] {dag.py:2742} INFO - Sync 1 DAGs
[2023-08-07T11:52:52.074+0000] {logging_mixin.py:150} INFO - [2023-08-07T11:52:52.074+0000] {dag.py:3508} INFO - Setting next_dagrun for example_sensor_decorator to None, run_after=None
[2023-08-07T11:52:52.503+0000] {processor.py:179} INFO - Processing /home/airflow/.local/lib/python3.7/site-packages/airflow/example_dags/example_sensor_decorator.py took 2.974 seconds
[2023-08-07T11:53:44.344+0000] {processor.py:157} INFO - Started process (PID=500) to work on /home/airflow/.local/lib/python3.7/site-packages/airflow/example_dags/example_sensor_decorator.py
[2023-08-07T11:53:44.350+0000] {processor.py:826} INFO - Processing file /home/airflow/.local/lib/python3.7/site-packages/airflow/example_dags/example_sensor_decorator.py for tasks to queue
[2023-08-07T11:53:44.356+0000] {logging_mixin.py:150} INFO - [2023-08-07T11:53:44.355+0000] {dagbag.py:541} INFO - Filling up the DagBag from /home/airflow/.local/lib/python3.7/site-packages/airflow/example_dags/example_sensor_decorator.py
[2023-08-07T11:53:44.387+0000] {processor.py:836} INFO - DAG(s) dict_keys(['example_sensor_decorator']) retrieved from /home/airflow/.local/lib/python3.7/site-packages/airflow/example_dags/example_sensor_decorator.py
[2023-08-07T11:53:44.498+0000] {logging_mixin.py:150} INFO - [2023-08-07T11:53:44.497+0000] {dag.py:2742} INFO - Sync 1 DAGs
[2023-08-07T11:53:44.669+0000] {logging_mixin.py:150} INFO - [2023-08-07T11:53:44.669+0000] {dag.py:3508} INFO - Setting next_dagrun for example_sensor_decorator to None, run_after=None
[2023-08-07T11:53:44.760+0000] {processor.py:179} INFO - Processing /home/airflow/.local/lib/python3.7/site-packages/airflow/example_dags/example_sensor_decorator.py took 0.430 seconds
[2023-08-07T11:54:15.351+0000] {processor.py:157} INFO - Started process (PID=739) to work on /home/airflow/.local/lib/python3.7/site-packages/airflow/example_dags/example_sensor_decorator.py
[2023-08-07T11:54:15.359+0000] {processor.py:826} INFO - Processing file /home/airflow/.local/lib/python3.7/site-packages/airflow/example_dags/example_sensor_decorator.py for tasks to queue
[2023-08-07T11:54:15.367+0000] {logging_mixin.py:150} INFO - [2023-08-07T11:54:15.364+0000] {dagbag.py:541} INFO - Filling up the DagBag from /home/airflow/.local/lib/python3.7/site-packages/airflow/example_dags/example_sensor_decorator.py
[2023-08-07T11:54:15.400+0000] {processor.py:836} INFO - DAG(s) dict_keys(['example_sensor_decorator']) retrieved from /home/airflow/.local/lib/python3.7/site-packages/airflow/example_dags/example_sensor_decorator.py
[2023-08-07T11:54:15.522+0000] {logging_mixin.py:150} INFO - [2023-08-07T11:54:15.521+0000] {dag.py:2742} INFO - Sync 1 DAGs
[2023-08-07T11:54:15.665+0000] {logging_mixin.py:150} INFO - [2023-08-07T11:54:15.661+0000] {dag.py:3508} INFO - Setting next_dagrun for example_sensor_decorator to None, run_after=None
[2023-08-07T11:54:15.739+0000] {processor.py:179} INFO - Processing /home/airflow/.local/lib/python3.7/site-packages/airflow/example_dags/example_sensor_decorator.py took 0.409 seconds
[2023-08-07T11:54:58.424+0000] {processor.py:157} INFO - Started process (PID=977) to work on /home/airflow/.local/lib/python3.7/site-packages/airflow/example_dags/example_sensor_decorator.py
[2023-08-07T11:54:58.470+0000] {processor.py:826} INFO - Processing file /home/airflow/.local/lib/python3.7/site-packages/airflow/example_dags/example_sensor_decorator.py for tasks to queue
[2023-08-07T11:54:58.487+0000] {logging_mixin.py:150} INFO - [2023-08-07T11:54:58.486+0000] {dagbag.py:541} INFO - Filling up the DagBag from /home/airflow/.local/lib/python3.7/site-packages/airflow/example_dags/example_sensor_decorator.py
[2023-08-07T11:54:58.581+0000] {processor.py:836} INFO - DAG(s) dict_keys(['example_sensor_decorator']) retrieved from /home/airflow/.local/lib/python3.7/site-packages/airflow/example_dags/example_sensor_decorator.py
[2023-08-07T11:54:59.058+0000] {logging_mixin.py:150} INFO - [2023-08-07T11:54:59.050+0000] {dag.py:2742} INFO - Sync 1 DAGs
[2023-08-07T11:54:59.331+0000] {logging_mixin.py:150} INFO - [2023-08-07T11:54:59.331+0000] {dag.py:3508} INFO - Setting next_dagrun for example_sensor_decorator to None, run_after=None
[2023-08-07T11:54:59.612+0000] {processor.py:179} INFO - Processing /home/airflow/.local/lib/python3.7/site-packages/airflow/example_dags/example_sensor_decorator.py took 1.250 seconds
[2023-08-07T11:55:42.074+0000] {processor.py:157} INFO - Started process (PID=1215) to work on /home/airflow/.local/lib/python3.7/site-packages/airflow/example_dags/example_sensor_decorator.py
[2023-08-07T11:55:42.082+0000] {processor.py:826} INFO - Processing file /home/airflow/.local/lib/python3.7/site-packages/airflow/example_dags/example_sensor_decorator.py for tasks to queue
[2023-08-07T11:55:42.095+0000] {logging_mixin.py:150} INFO - [2023-08-07T11:55:42.094+0000] {dagbag.py:541} INFO - Filling up the DagBag from /home/airflow/.local/lib/python3.7/site-packages/airflow/example_dags/example_sensor_decorator.py
[2023-08-07T11:55:42.126+0000] {processor.py:836} INFO - DAG(s) dict_keys(['example_sensor_decorator']) retrieved from /home/airflow/.local/lib/python3.7/site-packages/airflow/example_dags/example_sensor_decorator.py
[2023-08-07T11:55:42.218+0000] {logging_mixin.py:150} INFO - [2023-08-07T11:55:42.218+0000] {dag.py:2742} INFO - Sync 1 DAGs
[2023-08-07T11:55:42.332+0000] {logging_mixin.py:150} INFO - [2023-08-07T11:55:42.332+0000] {dag.py:3508} INFO - Setting next_dagrun for example_sensor_decorator to None, run_after=None
[2023-08-07T11:55:42.416+0000] {processor.py:179} INFO - Processing /home/airflow/.local/lib/python3.7/site-packages/airflow/example_dags/example_sensor_decorator.py took 0.357 seconds
[2023-08-07T11:57:18.913+0000] {processor.py:157} INFO - Started process (PID=1482) to work on /home/airflow/.local/lib/python3.7/site-packages/airflow/example_dags/example_sensor_decorator.py
[2023-08-07T11:57:18.926+0000] {processor.py:826} INFO - Processing file /home/airflow/.local/lib/python3.7/site-packages/airflow/example_dags/example_sensor_decorator.py for tasks to queue
[2023-08-07T11:57:18.954+0000] {logging_mixin.py:150} INFO - [2023-08-07T11:57:18.952+0000] {dagbag.py:541} INFO - Filling up the DagBag from /home/airflow/.local/lib/python3.7/site-packages/airflow/example_dags/example_sensor_decorator.py
[2023-08-07T11:57:20.180+0000] {processor.py:836} INFO - DAG(s) dict_keys(['example_sensor_decorator']) retrieved from /home/airflow/.local/lib/python3.7/site-packages/airflow/example_dags/example_sensor_decorator.py
[2023-08-07T11:57:20.593+0000] {logging_mixin.py:150} INFO - [2023-08-07T11:57:20.592+0000] {dag.py:2742} INFO - Sync 1 DAGs
[2023-08-07T11:57:21.521+0000] {logging_mixin.py:150} INFO - [2023-08-07T11:57:21.520+0000] {dag.py:3508} INFO - Setting next_dagrun for example_sensor_decorator to None, run_after=None
[2023-08-07T11:57:21.710+0000] {processor.py:179} INFO - Processing /home/airflow/.local/lib/python3.7/site-packages/airflow/example_dags/example_sensor_decorator.py took 2.831 seconds
