[2023-08-07T11:52:57.458+0000] {processor.py:157} INFO - Started process (PID=288) to work on /home/airflow/.local/lib/python3.7/site-packages/airflow/example_dags/example_nested_branch_dag.py
[2023-08-07T11:52:57.464+0000] {processor.py:826} INFO - Processing file /home/airflow/.local/lib/python3.7/site-packages/airflow/example_dags/example_nested_branch_dag.py for tasks to queue
[2023-08-07T11:52:57.474+0000] {logging_mixin.py:150} INFO - [2023-08-07T11:52:57.473+0000] {dagbag.py:541} INFO - Filling up the DagBag from /home/airflow/.local/lib/python3.7/site-packages/airflow/example_dags/example_nested_branch_dag.py
[2023-08-07T11:52:57.566+0000] {processor.py:836} INFO - DAG(s) dict_keys(['example_nested_branch_dag']) retrieved from /home/airflow/.local/lib/python3.7/site-packages/airflow/example_dags/example_nested_branch_dag.py
[2023-08-07T11:52:57.843+0000] {logging_mixin.py:150} INFO - [2023-08-07T11:52:57.842+0000] {dag.py:2742} INFO - Sync 1 DAGs
[2023-08-07T11:52:58.259+0000] {logging_mixin.py:150} INFO - [2023-08-07T11:52:58.259+0000] {dag.py:3508} INFO - Setting next_dagrun for example_nested_branch_dag to 2023-08-06T00:00:00+00:00, run_after=2023-08-07T00:00:00+00:00
[2023-08-07T11:52:58.765+0000] {processor.py:179} INFO - Processing /home/airflow/.local/lib/python3.7/site-packages/airflow/example_dags/example_nested_branch_dag.py took 1.349 seconds
[2023-08-07T11:53:48.074+0000] {processor.py:157} INFO - Started process (PID=535) to work on /home/airflow/.local/lib/python3.7/site-packages/airflow/example_dags/example_nested_branch_dag.py
[2023-08-07T11:53:48.098+0000] {processor.py:826} INFO - Processing file /home/airflow/.local/lib/python3.7/site-packages/airflow/example_dags/example_nested_branch_dag.py for tasks to queue
[2023-08-07T11:53:48.131+0000] {logging_mixin.py:150} INFO - [2023-08-07T11:53:48.120+0000] {dagbag.py:541} INFO - Filling up the DagBag from /home/airflow/.local/lib/python3.7/site-packages/airflow/example_dags/example_nested_branch_dag.py
[2023-08-07T11:53:48.220+0000] {processor.py:836} INFO - DAG(s) dict_keys(['example_nested_branch_dag']) retrieved from /home/airflow/.local/lib/python3.7/site-packages/airflow/example_dags/example_nested_branch_dag.py
[2023-08-07T11:53:48.344+0000] {logging_mixin.py:150} INFO - [2023-08-07T11:53:48.343+0000] {dag.py:2742} INFO - Sync 1 DAGs
[2023-08-07T11:53:48.630+0000] {logging_mixin.py:150} INFO - [2023-08-07T11:53:48.629+0000] {dag.py:3508} INFO - Setting next_dagrun for example_nested_branch_dag to 2023-08-06T00:00:00+00:00, run_after=2023-08-07T00:00:00+00:00
[2023-08-07T11:53:48.860+0000] {processor.py:179} INFO - Processing /home/airflow/.local/lib/python3.7/site-packages/airflow/example_dags/example_nested_branch_dag.py took 0.830 seconds
[2023-08-07T11:54:19.593+0000] {processor.py:157} INFO - Started process (PID=774) to work on /home/airflow/.local/lib/python3.7/site-packages/airflow/example_dags/example_nested_branch_dag.py
[2023-08-07T11:54:19.598+0000] {processor.py:826} INFO - Processing file /home/airflow/.local/lib/python3.7/site-packages/airflow/example_dags/example_nested_branch_dag.py for tasks to queue
[2023-08-07T11:54:19.605+0000] {logging_mixin.py:150} INFO - [2023-08-07T11:54:19.603+0000] {dagbag.py:541} INFO - Filling up the DagBag from /home/airflow/.local/lib/python3.7/site-packages/airflow/example_dags/example_nested_branch_dag.py
[2023-08-07T11:54:19.637+0000] {processor.py:836} INFO - DAG(s) dict_keys(['example_nested_branch_dag']) retrieved from /home/airflow/.local/lib/python3.7/site-packages/airflow/example_dags/example_nested_branch_dag.py
[2023-08-07T11:54:19.734+0000] {logging_mixin.py:150} INFO - [2023-08-07T11:54:19.734+0000] {dag.py:2742} INFO - Sync 1 DAGs
[2023-08-07T11:54:19.809+0000] {logging_mixin.py:150} INFO - [2023-08-07T11:54:19.809+0000] {dag.py:3508} INFO - Setting next_dagrun for example_nested_branch_dag to 2023-08-06T00:00:00+00:00, run_after=2023-08-07T00:00:00+00:00
[2023-08-07T11:54:19.852+0000] {processor.py:179} INFO - Processing /home/airflow/.local/lib/python3.7/site-packages/airflow/example_dags/example_nested_branch_dag.py took 0.290 seconds
[2023-08-07T11:55:06.876+0000] {processor.py:157} INFO - Started process (PID=1019) to work on /home/airflow/.local/lib/python3.7/site-packages/airflow/example_dags/example_nested_branch_dag.py
[2023-08-07T11:55:06.911+0000] {processor.py:826} INFO - Processing file /home/airflow/.local/lib/python3.7/site-packages/airflow/example_dags/example_nested_branch_dag.py for tasks to queue
[2023-08-07T11:55:06.949+0000] {logging_mixin.py:150} INFO - [2023-08-07T11:55:06.929+0000] {dagbag.py:541} INFO - Filling up the DagBag from /home/airflow/.local/lib/python3.7/site-packages/airflow/example_dags/example_nested_branch_dag.py
[2023-08-07T11:55:07.150+0000] {processor.py:836} INFO - DAG(s) dict_keys(['example_nested_branch_dag']) retrieved from /home/airflow/.local/lib/python3.7/site-packages/airflow/example_dags/example_nested_branch_dag.py
[2023-08-07T11:55:07.547+0000] {logging_mixin.py:150} INFO - [2023-08-07T11:55:07.546+0000] {dag.py:2742} INFO - Sync 1 DAGs
[2023-08-07T11:55:07.750+0000] {logging_mixin.py:150} INFO - [2023-08-07T11:55:07.750+0000] {dag.py:3508} INFO - Setting next_dagrun for example_nested_branch_dag to 2023-08-06T00:00:00+00:00, run_after=2023-08-07T00:00:00+00:00
[2023-08-07T11:55:07.934+0000] {processor.py:179} INFO - Processing /home/airflow/.local/lib/python3.7/site-packages/airflow/example_dags/example_nested_branch_dag.py took 1.086 seconds
[2023-08-07T11:55:51.749+0000] {processor.py:157} INFO - Started process (PID=1262) to work on /home/airflow/.local/lib/python3.7/site-packages/airflow/example_dags/example_nested_branch_dag.py
[2023-08-07T11:55:51.762+0000] {processor.py:826} INFO - Processing file /home/airflow/.local/lib/python3.7/site-packages/airflow/example_dags/example_nested_branch_dag.py for tasks to queue
[2023-08-07T11:55:51.774+0000] {logging_mixin.py:150} INFO - [2023-08-07T11:55:51.768+0000] {dagbag.py:541} INFO - Filling up the DagBag from /home/airflow/.local/lib/python3.7/site-packages/airflow/example_dags/example_nested_branch_dag.py
[2023-08-07T11:55:51.848+0000] {processor.py:836} INFO - DAG(s) dict_keys(['example_nested_branch_dag']) retrieved from /home/airflow/.local/lib/python3.7/site-packages/airflow/example_dags/example_nested_branch_dag.py
[2023-08-07T11:55:52.942+0000] {logging_mixin.py:150} INFO - [2023-08-07T11:55:52.920+0000] {dag.py:2742} INFO - Sync 1 DAGs
[2023-08-07T11:55:54.868+0000] {logging_mixin.py:150} INFO - [2023-08-07T11:55:54.773+0000] {dag.py:3508} INFO - Setting next_dagrun for example_nested_branch_dag to 2023-08-06T00:00:00+00:00, run_after=2023-08-07T00:00:00+00:00
[2023-08-07T11:55:55.991+0000] {processor.py:179} INFO - Processing /home/airflow/.local/lib/python3.7/site-packages/airflow/example_dags/example_nested_branch_dag.py took 4.268 seconds
[2023-08-07T11:57:28.143+0000] {processor.py:157} INFO - Started process (PID=1517) to work on /home/airflow/.local/lib/python3.7/site-packages/airflow/example_dags/example_nested_branch_dag.py
[2023-08-07T11:57:28.151+0000] {processor.py:826} INFO - Processing file /home/airflow/.local/lib/python3.7/site-packages/airflow/example_dags/example_nested_branch_dag.py for tasks to queue
[2023-08-07T11:57:28.170+0000] {logging_mixin.py:150} INFO - [2023-08-07T11:57:28.161+0000] {dagbag.py:541} INFO - Filling up the DagBag from /home/airflow/.local/lib/python3.7/site-packages/airflow/example_dags/example_nested_branch_dag.py
[2023-08-07T11:57:28.321+0000] {processor.py:836} INFO - DAG(s) dict_keys(['example_nested_branch_dag']) retrieved from /home/airflow/.local/lib/python3.7/site-packages/airflow/example_dags/example_nested_branch_dag.py
[2023-08-07T11:57:29.368+0000] {logging_mixin.py:150} INFO - [2023-08-07T11:57:29.365+0000] {dag.py:2742} INFO - Sync 1 DAGs
[2023-08-07T11:57:29.605+0000] {logging_mixin.py:150} INFO - [2023-08-07T11:57:29.604+0000] {dag.py:3508} INFO - Setting next_dagrun for example_nested_branch_dag to 2023-08-06T00:00:00+00:00, run_after=2023-08-07T00:00:00+00:00
[2023-08-07T11:57:29.830+0000] {processor.py:179} INFO - Processing /home/airflow/.local/lib/python3.7/site-packages/airflow/example_dags/example_nested_branch_dag.py took 1.712 seconds
