[2023-08-07T11:52:55.457+0000] {processor.py:157} INFO - Started process (PID=274) to work on /home/airflow/.local/lib/python3.7/site-packages/airflow/example_dags/example_subdag_operator.py
[2023-08-07T11:52:55.470+0000] {processor.py:826} INFO - Processing file /home/airflow/.local/lib/python3.7/site-packages/airflow/example_dags/example_subdag_operator.py for tasks to queue
[2023-08-07T11:52:55.489+0000] {logging_mixin.py:150} INFO - [2023-08-07T11:52:55.488+0000] {dagbag.py:541} INFO - Filling up the DagBag from /home/airflow/.local/lib/python3.7/site-packages/airflow/example_dags/example_subdag_operator.py
[2023-08-07T11:52:55.912+0000] {processor.py:836} INFO - DAG(s) dict_keys(['example_subdag_operator.section-1', 'example_subdag_operator.section-2', 'example_subdag_operator']) retrieved from /home/airflow/.local/lib/python3.7/site-packages/airflow/example_dags/example_subdag_operator.py
[2023-08-07T11:52:56.285+0000] {logging_mixin.py:150} INFO - [2023-08-07T11:52:56.284+0000] {dag.py:2742} INFO - Sync 3 DAGs
[2023-08-07T11:52:56.556+0000] {logging_mixin.py:150} INFO - [2023-08-07T11:52:56.555+0000] {dag.py:3508} INFO - Setting next_dagrun for example_subdag_operator to 2022-01-01T00:00:00+00:00, run_after=2022-01-01T00:00:00+00:00
[2023-08-07T11:52:56.597+0000] {logging_mixin.py:150} INFO - [2023-08-07T11:52:56.596+0000] {dag.py:3508} INFO - Setting next_dagrun for example_subdag_operator.section-1 to None, run_after=None
[2023-08-07T11:52:56.610+0000] {logging_mixin.py:150} INFO - [2023-08-07T11:52:56.610+0000] {dag.py:3508} INFO - Setting next_dagrun for example_subdag_operator.section-2 to None, run_after=None
[2023-08-07T11:52:56.694+0000] {logging_mixin.py:150} INFO - [2023-08-07T11:52:56.687+0000] {dag.py:2742} INFO - Sync 2 DAGs
[2023-08-07T11:52:56.778+0000] {logging_mixin.py:150} INFO - [2023-08-07T11:52:56.777+0000] {dag.py:3508} INFO - Setting next_dagrun for example_subdag_operator.section-1 to None, run_after=None
[2023-08-07T11:52:56.810+0000] {logging_mixin.py:150} INFO - [2023-08-07T11:52:56.810+0000] {dag.py:3508} INFO - Setting next_dagrun for example_subdag_operator.section-2 to None, run_after=None
[2023-08-07T11:52:56.944+0000] {processor.py:179} INFO - Processing /home/airflow/.local/lib/python3.7/site-packages/airflow/example_dags/example_subdag_operator.py took 1.806 seconds
[2023-08-07T11:53:45.666+0000] {processor.py:157} INFO - Started process (PID=520) to work on /home/airflow/.local/lib/python3.7/site-packages/airflow/example_dags/example_subdag_operator.py
[2023-08-07T11:53:45.686+0000] {processor.py:826} INFO - Processing file /home/airflow/.local/lib/python3.7/site-packages/airflow/example_dags/example_subdag_operator.py for tasks to queue
[2023-08-07T11:53:45.692+0000] {logging_mixin.py:150} INFO - [2023-08-07T11:53:45.691+0000] {dagbag.py:541} INFO - Filling up the DagBag from /home/airflow/.local/lib/python3.7/site-packages/airflow/example_dags/example_subdag_operator.py
[2023-08-07T11:53:45.998+0000] {processor.py:836} INFO - DAG(s) dict_keys(['example_subdag_operator.section-1', 'example_subdag_operator.section-2', 'example_subdag_operator']) retrieved from /home/airflow/.local/lib/python3.7/site-packages/airflow/example_dags/example_subdag_operator.py
[2023-08-07T11:53:46.117+0000] {logging_mixin.py:150} INFO - [2023-08-07T11:53:46.117+0000] {dag.py:2742} INFO - Sync 3 DAGs
[2023-08-07T11:53:46.393+0000] {logging_mixin.py:150} INFO - [2023-08-07T11:53:46.391+0000] {dag.py:3508} INFO - Setting next_dagrun for example_subdag_operator to 2022-01-01T00:00:00+00:00, run_after=2022-01-01T00:00:00+00:00
[2023-08-07T11:53:46.458+0000] {logging_mixin.py:150} INFO - [2023-08-07T11:53:46.458+0000] {dag.py:3508} INFO - Setting next_dagrun for example_subdag_operator.section-1 to None, run_after=None
[2023-08-07T11:53:46.478+0000] {logging_mixin.py:150} INFO - [2023-08-07T11:53:46.478+0000] {dag.py:3508} INFO - Setting next_dagrun for example_subdag_operator.section-2 to None, run_after=None
[2023-08-07T11:53:46.523+0000] {logging_mixin.py:150} INFO - [2023-08-07T11:53:46.523+0000] {dag.py:2742} INFO - Sync 2 DAGs
[2023-08-07T11:53:46.590+0000] {logging_mixin.py:150} INFO - [2023-08-07T11:53:46.588+0000] {dag.py:3508} INFO - Setting next_dagrun for example_subdag_operator.section-1 to None, run_after=None
[2023-08-07T11:53:46.597+0000] {logging_mixin.py:150} INFO - [2023-08-07T11:53:46.595+0000] {dag.py:3508} INFO - Setting next_dagrun for example_subdag_operator.section-2 to None, run_after=None
[2023-08-07T11:53:46.686+0000] {processor.py:179} INFO - Processing /home/airflow/.local/lib/python3.7/site-packages/airflow/example_dags/example_subdag_operator.py took 1.047 seconds
[2023-08-07T11:54:17.290+0000] {processor.py:157} INFO - Started process (PID=761) to work on /home/airflow/.local/lib/python3.7/site-packages/airflow/example_dags/example_subdag_operator.py
[2023-08-07T11:54:17.294+0000] {processor.py:826} INFO - Processing file /home/airflow/.local/lib/python3.7/site-packages/airflow/example_dags/example_subdag_operator.py for tasks to queue
[2023-08-07T11:54:17.299+0000] {logging_mixin.py:150} INFO - [2023-08-07T11:54:17.298+0000] {dagbag.py:541} INFO - Filling up the DagBag from /home/airflow/.local/lib/python3.7/site-packages/airflow/example_dags/example_subdag_operator.py
[2023-08-07T11:54:17.353+0000] {processor.py:836} INFO - DAG(s) dict_keys(['example_subdag_operator.section-1', 'example_subdag_operator.section-2', 'example_subdag_operator']) retrieved from /home/airflow/.local/lib/python3.7/site-packages/airflow/example_dags/example_subdag_operator.py
[2023-08-07T11:54:17.401+0000] {logging_mixin.py:150} INFO - [2023-08-07T11:54:17.401+0000] {dag.py:2742} INFO - Sync 3 DAGs
[2023-08-07T11:54:17.452+0000] {logging_mixin.py:150} INFO - [2023-08-07T11:54:17.451+0000] {dag.py:3508} INFO - Setting next_dagrun for example_subdag_operator to 2022-01-01T00:00:00+00:00, run_after=2022-01-01T00:00:00+00:00
[2023-08-07T11:54:17.460+0000] {logging_mixin.py:150} INFO - [2023-08-07T11:54:17.459+0000] {dag.py:3508} INFO - Setting next_dagrun for example_subdag_operator.section-1 to None, run_after=None
[2023-08-07T11:54:17.464+0000] {logging_mixin.py:150} INFO - [2023-08-07T11:54:17.464+0000] {dag.py:3508} INFO - Setting next_dagrun for example_subdag_operator.section-2 to None, run_after=None
[2023-08-07T11:54:17.484+0000] {logging_mixin.py:150} INFO - [2023-08-07T11:54:17.484+0000] {dag.py:2742} INFO - Sync 2 DAGs
[2023-08-07T11:54:17.498+0000] {logging_mixin.py:150} INFO - [2023-08-07T11:54:17.498+0000] {dag.py:3508} INFO - Setting next_dagrun for example_subdag_operator.section-1 to None, run_after=None
[2023-08-07T11:54:17.501+0000] {logging_mixin.py:150} INFO - [2023-08-07T11:54:17.500+0000] {dag.py:3508} INFO - Setting next_dagrun for example_subdag_operator.section-2 to None, run_after=None
[2023-08-07T11:54:17.534+0000] {processor.py:179} INFO - Processing /home/airflow/.local/lib/python3.7/site-packages/airflow/example_dags/example_subdag_operator.py took 0.255 seconds
[2023-08-07T11:55:02.948+0000] {processor.py:157} INFO - Started process (PID=997) to work on /home/airflow/.local/lib/python3.7/site-packages/airflow/example_dags/example_subdag_operator.py
[2023-08-07T11:55:02.961+0000] {processor.py:826} INFO - Processing file /home/airflow/.local/lib/python3.7/site-packages/airflow/example_dags/example_subdag_operator.py for tasks to queue
[2023-08-07T11:55:02.980+0000] {logging_mixin.py:150} INFO - [2023-08-07T11:55:02.975+0000] {dagbag.py:541} INFO - Filling up the DagBag from /home/airflow/.local/lib/python3.7/site-packages/airflow/example_dags/example_subdag_operator.py
[2023-08-07T11:55:03.777+0000] {processor.py:836} INFO - DAG(s) dict_keys(['example_subdag_operator.section-1', 'example_subdag_operator.section-2', 'example_subdag_operator']) retrieved from /home/airflow/.local/lib/python3.7/site-packages/airflow/example_dags/example_subdag_operator.py
[2023-08-07T11:55:04.143+0000] {logging_mixin.py:150} INFO - [2023-08-07T11:55:04.142+0000] {dag.py:2742} INFO - Sync 3 DAGs
[2023-08-07T11:55:04.376+0000] {logging_mixin.py:150} INFO - [2023-08-07T11:55:04.376+0000] {dag.py:3508} INFO - Setting next_dagrun for example_subdag_operator to 2022-01-01T00:00:00+00:00, run_after=2022-01-01T00:00:00+00:00
[2023-08-07T11:55:04.412+0000] {logging_mixin.py:150} INFO - [2023-08-07T11:55:04.412+0000] {dag.py:3508} INFO - Setting next_dagrun for example_subdag_operator.section-1 to None, run_after=None
[2023-08-07T11:55:04.429+0000] {logging_mixin.py:150} INFO - [2023-08-07T11:55:04.428+0000] {dag.py:3508} INFO - Setting next_dagrun for example_subdag_operator.section-2 to None, run_after=None
[2023-08-07T11:55:04.504+0000] {logging_mixin.py:150} INFO - [2023-08-07T11:55:04.502+0000] {dag.py:2742} INFO - Sync 2 DAGs
[2023-08-07T11:55:04.546+0000] {logging_mixin.py:150} INFO - [2023-08-07T11:55:04.545+0000] {dag.py:3508} INFO - Setting next_dagrun for example_subdag_operator.section-1 to None, run_after=None
[2023-08-07T11:55:04.553+0000] {logging_mixin.py:150} INFO - [2023-08-07T11:55:04.552+0000] {dag.py:3508} INFO - Setting next_dagrun for example_subdag_operator.section-2 to None, run_after=None
[2023-08-07T11:55:04.642+0000] {processor.py:179} INFO - Processing /home/airflow/.local/lib/python3.7/site-packages/airflow/example_dags/example_subdag_operator.py took 1.757 seconds
[2023-08-07T11:55:48.205+0000] {processor.py:157} INFO - Started process (PID=1247) to work on /home/airflow/.local/lib/python3.7/site-packages/airflow/example_dags/example_subdag_operator.py
[2023-08-07T11:55:48.228+0000] {processor.py:826} INFO - Processing file /home/airflow/.local/lib/python3.7/site-packages/airflow/example_dags/example_subdag_operator.py for tasks to queue
[2023-08-07T11:55:48.260+0000] {logging_mixin.py:150} INFO - [2023-08-07T11:55:48.255+0000] {dagbag.py:541} INFO - Filling up the DagBag from /home/airflow/.local/lib/python3.7/site-packages/airflow/example_dags/example_subdag_operator.py
[2023-08-07T11:55:48.582+0000] {processor.py:836} INFO - DAG(s) dict_keys(['example_subdag_operator.section-1', 'example_subdag_operator.section-2', 'example_subdag_operator']) retrieved from /home/airflow/.local/lib/python3.7/site-packages/airflow/example_dags/example_subdag_operator.py
[2023-08-07T11:55:48.744+0000] {logging_mixin.py:150} INFO - [2023-08-07T11:55:48.743+0000] {dag.py:2742} INFO - Sync 3 DAGs
[2023-08-07T11:55:48.938+0000] {logging_mixin.py:150} INFO - [2023-08-07T11:55:48.938+0000] {dag.py:3508} INFO - Setting next_dagrun for example_subdag_operator to 2022-01-01T00:00:00+00:00, run_after=2022-01-01T00:00:00+00:00
[2023-08-07T11:55:49.497+0000] {logging_mixin.py:150} INFO - [2023-08-07T11:55:49.496+0000] {dag.py:3508} INFO - Setting next_dagrun for example_subdag_operator.section-1 to None, run_after=None
[2023-08-07T11:55:49.744+0000] {logging_mixin.py:150} INFO - [2023-08-07T11:55:49.743+0000] {dag.py:3508} INFO - Setting next_dagrun for example_subdag_operator.section-2 to None, run_after=None
[2023-08-07T11:55:49.968+0000] {logging_mixin.py:150} INFO - [2023-08-07T11:55:49.968+0000] {dag.py:2742} INFO - Sync 2 DAGs
[2023-08-07T11:55:50.205+0000] {logging_mixin.py:150} INFO - [2023-08-07T11:55:50.204+0000] {dag.py:3508} INFO - Setting next_dagrun for example_subdag_operator.section-1 to None, run_after=None
[2023-08-07T11:55:50.216+0000] {logging_mixin.py:150} INFO - [2023-08-07T11:55:50.214+0000] {dag.py:3508} INFO - Setting next_dagrun for example_subdag_operator.section-2 to None, run_after=None
[2023-08-07T11:55:50.491+0000] {processor.py:179} INFO - Processing /home/airflow/.local/lib/python3.7/site-packages/airflow/example_dags/example_subdag_operator.py took 2.337 seconds
[2023-08-07T11:57:23.162+0000] {processor.py:157} INFO - Started process (PID=1502) to work on /home/airflow/.local/lib/python3.7/site-packages/airflow/example_dags/example_subdag_operator.py
[2023-08-07T11:57:23.178+0000] {processor.py:826} INFO - Processing file /home/airflow/.local/lib/python3.7/site-packages/airflow/example_dags/example_subdag_operator.py for tasks to queue
[2023-08-07T11:57:23.184+0000] {logging_mixin.py:150} INFO - [2023-08-07T11:57:23.183+0000] {dagbag.py:541} INFO - Filling up the DagBag from /home/airflow/.local/lib/python3.7/site-packages/airflow/example_dags/example_subdag_operator.py
[2023-08-07T11:57:23.438+0000] {processor.py:836} INFO - DAG(s) dict_keys(['example_subdag_operator.section-1', 'example_subdag_operator.section-2', 'example_subdag_operator']) retrieved from /home/airflow/.local/lib/python3.7/site-packages/airflow/example_dags/example_subdag_operator.py
[2023-08-07T11:57:23.569+0000] {logging_mixin.py:150} INFO - [2023-08-07T11:57:23.569+0000] {dag.py:2742} INFO - Sync 3 DAGs
[2023-08-07T11:57:24.276+0000] {logging_mixin.py:150} INFO - [2023-08-07T11:57:24.275+0000] {dag.py:3508} INFO - Setting next_dagrun for example_subdag_operator to 2022-01-01T00:00:00+00:00, run_after=2022-01-01T00:00:00+00:00
[2023-08-07T11:57:24.563+0000] {logging_mixin.py:150} INFO - [2023-08-07T11:57:24.563+0000] {dag.py:3508} INFO - Setting next_dagrun for example_subdag_operator.section-1 to None, run_after=None
[2023-08-07T11:57:24.639+0000] {logging_mixin.py:150} INFO - [2023-08-07T11:57:24.622+0000] {dag.py:3508} INFO - Setting next_dagrun for example_subdag_operator.section-2 to None, run_after=None
[2023-08-07T11:57:24.935+0000] {logging_mixin.py:150} INFO - [2023-08-07T11:57:24.910+0000] {dag.py:2742} INFO - Sync 2 DAGs
[2023-08-07T11:57:25.129+0000] {logging_mixin.py:150} INFO - [2023-08-07T11:57:25.116+0000] {dag.py:3508} INFO - Setting next_dagrun for example_subdag_operator.section-1 to None, run_after=None
[2023-08-07T11:57:25.145+0000] {logging_mixin.py:150} INFO - [2023-08-07T11:57:25.145+0000] {dag.py:3508} INFO - Setting next_dagrun for example_subdag_operator.section-2 to None, run_after=None
[2023-08-07T11:57:25.783+0000] {processor.py:179} INFO - Processing /home/airflow/.local/lib/python3.7/site-packages/airflow/example_dags/example_subdag_operator.py took 2.655 seconds
