[2023-08-07T11:53:02.126+0000] {processor.py:157} INFO - Started process (PID=314) to work on /home/airflow/.local/lib/python3.7/site-packages/airflow/example_dags/example_external_task_marker_dag.py
[2023-08-07T11:53:02.159+0000] {processor.py:826} INFO - Processing file /home/airflow/.local/lib/python3.7/site-packages/airflow/example_dags/example_external_task_marker_dag.py for tasks to queue
[2023-08-07T11:53:02.215+0000] {logging_mixin.py:150} INFO - [2023-08-07T11:53:02.202+0000] {dagbag.py:541} INFO - Filling up the DagBag from /home/airflow/.local/lib/python3.7/site-packages/airflow/example_dags/example_external_task_marker_dag.py
[2023-08-07T11:53:02.382+0000] {processor.py:836} INFO - DAG(s) dict_keys(['example_external_task_marker_parent', 'example_external_task_marker_child']) retrieved from /home/airflow/.local/lib/python3.7/site-packages/airflow/example_dags/example_external_task_marker_dag.py
[2023-08-07T11:53:02.643+0000] {logging_mixin.py:150} INFO - [2023-08-07T11:53:02.642+0000] {dag.py:2742} INFO - Sync 2 DAGs
[2023-08-07T11:53:02.944+0000] {logging_mixin.py:150} INFO - [2023-08-07T11:53:02.944+0000] {dag.py:3508} INFO - Setting next_dagrun for example_external_task_marker_child to None, run_after=None
[2023-08-07T11:53:02.978+0000] {logging_mixin.py:150} INFO - [2023-08-07T11:53:02.977+0000] {dag.py:3508} INFO - Setting next_dagrun for example_external_task_marker_parent to None, run_after=None
[2023-08-07T11:53:03.158+0000] {processor.py:179} INFO - Processing /home/airflow/.local/lib/python3.7/site-packages/airflow/example_dags/example_external_task_marker_dag.py took 1.144 seconds
[2023-08-07T11:53:50.257+0000] {processor.py:157} INFO - Started process (PID=560) to work on /home/airflow/.local/lib/python3.7/site-packages/airflow/example_dags/example_external_task_marker_dag.py
[2023-08-07T11:53:50.274+0000] {processor.py:826} INFO - Processing file /home/airflow/.local/lib/python3.7/site-packages/airflow/example_dags/example_external_task_marker_dag.py for tasks to queue
[2023-08-07T11:53:50.285+0000] {logging_mixin.py:150} INFO - [2023-08-07T11:53:50.282+0000] {dagbag.py:541} INFO - Filling up the DagBag from /home/airflow/.local/lib/python3.7/site-packages/airflow/example_dags/example_external_task_marker_dag.py
[2023-08-07T11:53:50.324+0000] {processor.py:836} INFO - DAG(s) dict_keys(['example_external_task_marker_child', 'example_external_task_marker_parent']) retrieved from /home/airflow/.local/lib/python3.7/site-packages/airflow/example_dags/example_external_task_marker_dag.py
[2023-08-07T11:53:50.725+0000] {logging_mixin.py:150} INFO - [2023-08-07T11:53:50.724+0000] {dag.py:2742} INFO - Sync 2 DAGs
[2023-08-07T11:53:50.849+0000] {logging_mixin.py:150} INFO - [2023-08-07T11:53:50.848+0000] {dag.py:3508} INFO - Setting next_dagrun for example_external_task_marker_child to None, run_after=None
[2023-08-07T11:53:50.868+0000] {logging_mixin.py:150} INFO - [2023-08-07T11:53:50.868+0000] {dag.py:3508} INFO - Setting next_dagrun for example_external_task_marker_parent to None, run_after=None
[2023-08-07T11:53:50.978+0000] {processor.py:179} INFO - Processing /home/airflow/.local/lib/python3.7/site-packages/airflow/example_dags/example_external_task_marker_dag.py took 0.736 seconds
[2023-08-07T11:54:21.643+0000] {processor.py:157} INFO - Started process (PID=799) to work on /home/airflow/.local/lib/python3.7/site-packages/airflow/example_dags/example_external_task_marker_dag.py
[2023-08-07T11:54:21.647+0000] {processor.py:826} INFO - Processing file /home/airflow/.local/lib/python3.7/site-packages/airflow/example_dags/example_external_task_marker_dag.py for tasks to queue
[2023-08-07T11:54:21.653+0000] {logging_mixin.py:150} INFO - [2023-08-07T11:54:21.651+0000] {dagbag.py:541} INFO - Filling up the DagBag from /home/airflow/.local/lib/python3.7/site-packages/airflow/example_dags/example_external_task_marker_dag.py
[2023-08-07T11:54:21.680+0000] {processor.py:836} INFO - DAG(s) dict_keys(['example_external_task_marker_parent', 'example_external_task_marker_child']) retrieved from /home/airflow/.local/lib/python3.7/site-packages/airflow/example_dags/example_external_task_marker_dag.py
[2023-08-07T11:54:21.750+0000] {logging_mixin.py:150} INFO - [2023-08-07T11:54:21.749+0000] {dag.py:2742} INFO - Sync 2 DAGs
[2023-08-07T11:54:21.851+0000] {logging_mixin.py:150} INFO - [2023-08-07T11:54:21.850+0000] {dag.py:3508} INFO - Setting next_dagrun for example_external_task_marker_child to None, run_after=None
[2023-08-07T11:54:21.868+0000] {logging_mixin.py:150} INFO - [2023-08-07T11:54:21.868+0000] {dag.py:3508} INFO - Setting next_dagrun for example_external_task_marker_parent to None, run_after=None
[2023-08-07T11:54:21.941+0000] {processor.py:179} INFO - Processing /home/airflow/.local/lib/python3.7/site-packages/airflow/example_dags/example_external_task_marker_dag.py took 0.317 seconds
[2023-08-07T11:55:09.991+0000] {processor.py:157} INFO - Started process (PID=1049) to work on /home/airflow/.local/lib/python3.7/site-packages/airflow/example_dags/example_external_task_marker_dag.py
[2023-08-07T11:55:10.006+0000] {processor.py:826} INFO - Processing file /home/airflow/.local/lib/python3.7/site-packages/airflow/example_dags/example_external_task_marker_dag.py for tasks to queue
[2023-08-07T11:55:10.016+0000] {logging_mixin.py:150} INFO - [2023-08-07T11:55:10.015+0000] {dagbag.py:541} INFO - Filling up the DagBag from /home/airflow/.local/lib/python3.7/site-packages/airflow/example_dags/example_external_task_marker_dag.py
[2023-08-07T11:55:10.076+0000] {processor.py:836} INFO - DAG(s) dict_keys(['example_external_task_marker_child', 'example_external_task_marker_parent']) retrieved from /home/airflow/.local/lib/python3.7/site-packages/airflow/example_dags/example_external_task_marker_dag.py
[2023-08-07T11:55:11.224+0000] {logging_mixin.py:150} INFO - [2023-08-07T11:55:11.224+0000] {dag.py:2742} INFO - Sync 2 DAGs
[2023-08-07T11:55:11.529+0000] {logging_mixin.py:150} INFO - [2023-08-07T11:55:11.528+0000] {dag.py:3508} INFO - Setting next_dagrun for example_external_task_marker_child to None, run_after=None
[2023-08-07T11:55:11.556+0000] {logging_mixin.py:150} INFO - [2023-08-07T11:55:11.555+0000] {dag.py:3508} INFO - Setting next_dagrun for example_external_task_marker_parent to None, run_after=None
[2023-08-07T11:55:11.677+0000] {processor.py:179} INFO - Processing /home/airflow/.local/lib/python3.7/site-packages/airflow/example_dags/example_external_task_marker_dag.py took 1.714 seconds
[2023-08-07T11:55:59.924+0000] {processor.py:157} INFO - Started process (PID=1287) to work on /home/airflow/.local/lib/python3.7/site-packages/airflow/example_dags/example_external_task_marker_dag.py
[2023-08-07T11:55:59.937+0000] {processor.py:826} INFO - Processing file /home/airflow/.local/lib/python3.7/site-packages/airflow/example_dags/example_external_task_marker_dag.py for tasks to queue
[2023-08-07T11:55:59.951+0000] {logging_mixin.py:150} INFO - [2023-08-07T11:55:59.951+0000] {dagbag.py:541} INFO - Filling up the DagBag from /home/airflow/.local/lib/python3.7/site-packages/airflow/example_dags/example_external_task_marker_dag.py
[2023-08-07T11:56:00.145+0000] {processor.py:836} INFO - DAG(s) dict_keys(['example_external_task_marker_child', 'example_external_task_marker_parent']) retrieved from /home/airflow/.local/lib/python3.7/site-packages/airflow/example_dags/example_external_task_marker_dag.py
[2023-08-07T11:56:02.800+0000] {logging_mixin.py:150} INFO - [2023-08-07T11:56:02.799+0000] {dag.py:2742} INFO - Sync 2 DAGs
[2023-08-07T11:56:03.720+0000] {logging_mixin.py:150} INFO - [2023-08-07T11:56:03.719+0000] {dag.py:3508} INFO - Setting next_dagrun for example_external_task_marker_child to None, run_after=None
[2023-08-07T11:56:03.795+0000] {logging_mixin.py:150} INFO - [2023-08-07T11:56:03.794+0000] {dag.py:3508} INFO - Setting next_dagrun for example_external_task_marker_parent to None, run_after=None
[2023-08-07T11:56:04.154+0000] {processor.py:179} INFO - Processing /home/airflow/.local/lib/python3.7/site-packages/airflow/example_dags/example_external_task_marker_dag.py took 4.262 seconds
[2023-08-07T11:57:31.171+0000] {processor.py:157} INFO - Started process (PID=1542) to work on /home/airflow/.local/lib/python3.7/site-packages/airflow/example_dags/example_external_task_marker_dag.py
[2023-08-07T11:57:31.198+0000] {processor.py:826} INFO - Processing file /home/airflow/.local/lib/python3.7/site-packages/airflow/example_dags/example_external_task_marker_dag.py for tasks to queue
[2023-08-07T11:57:31.219+0000] {logging_mixin.py:150} INFO - [2023-08-07T11:57:31.218+0000] {dagbag.py:541} INFO - Filling up the DagBag from /home/airflow/.local/lib/python3.7/site-packages/airflow/example_dags/example_external_task_marker_dag.py
[2023-08-07T11:57:31.256+0000] {processor.py:836} INFO - DAG(s) dict_keys(['example_external_task_marker_child', 'example_external_task_marker_parent']) retrieved from /home/airflow/.local/lib/python3.7/site-packages/airflow/example_dags/example_external_task_marker_dag.py
[2023-08-07T11:57:31.365+0000] {logging_mixin.py:150} INFO - [2023-08-07T11:57:31.364+0000] {dag.py:2742} INFO - Sync 2 DAGs
[2023-08-07T11:57:31.707+0000] {logging_mixin.py:150} INFO - [2023-08-07T11:57:31.706+0000] {dag.py:3508} INFO - Setting next_dagrun for example_external_task_marker_child to None, run_after=None
[2023-08-07T11:57:31.733+0000] {logging_mixin.py:150} INFO - [2023-08-07T11:57:31.733+0000] {dag.py:3508} INFO - Setting next_dagrun for example_external_task_marker_parent to None, run_after=None
[2023-08-07T11:57:31.953+0000] {processor.py:179} INFO - Processing /home/airflow/.local/lib/python3.7/site-packages/airflow/example_dags/example_external_task_marker_dag.py took 0.810 seconds
