[2023-08-07T11:53:16.756+0000] {processor.py:157} INFO - Started process (PID=358) to work on /home/airflow/.local/lib/python3.7/site-packages/airflow/example_dags/example_dynamic_task_mapping_with_no_taskflow_operators.py
[2023-08-07T11:53:16.783+0000] {processor.py:826} INFO - Processing file /home/airflow/.local/lib/python3.7/site-packages/airflow/example_dags/example_dynamic_task_mapping_with_no_taskflow_operators.py for tasks to queue
[2023-08-07T11:53:16.817+0000] {logging_mixin.py:150} INFO - [2023-08-07T11:53:16.816+0000] {dagbag.py:541} INFO - Filling up the DagBag from /home/airflow/.local/lib/python3.7/site-packages/airflow/example_dags/example_dynamic_task_mapping_with_no_taskflow_operators.py
[2023-08-07T11:53:17.135+0000] {processor.py:836} INFO - DAG(s) dict_keys(['example_dynamic_task_mapping_with_no_taskflow_operators']) retrieved from /home/airflow/.local/lib/python3.7/site-packages/airflow/example_dags/example_dynamic_task_mapping_with_no_taskflow_operators.py
[2023-08-07T11:53:17.612+0000] {logging_mixin.py:150} INFO - [2023-08-07T11:53:17.612+0000] {dag.py:2742} INFO - Sync 1 DAGs
[2023-08-07T11:53:17.914+0000] {logging_mixin.py:150} INFO - [2023-08-07T11:53:17.913+0000] {dag.py:3508} INFO - Setting next_dagrun for example_dynamic_task_mapping_with_no_taskflow_operators to 2023-08-06T11:53:17.911924+00:00, run_after=2023-08-07T11:53:17.911924+00:00
[2023-08-07T11:53:18.102+0000] {processor.py:179} INFO - Processing /home/airflow/.local/lib/python3.7/site-packages/airflow/example_dags/example_dynamic_task_mapping_with_no_taskflow_operators.py took 1.509 seconds
[2023-08-07T11:53:52.983+0000] {processor.py:157} INFO - Started process (PID=595) to work on /home/airflow/.local/lib/python3.7/site-packages/airflow/example_dags/example_dynamic_task_mapping_with_no_taskflow_operators.py
[2023-08-07T11:53:52.988+0000] {processor.py:826} INFO - Processing file /home/airflow/.local/lib/python3.7/site-packages/airflow/example_dags/example_dynamic_task_mapping_with_no_taskflow_operators.py for tasks to queue
[2023-08-07T11:53:52.996+0000] {logging_mixin.py:150} INFO - [2023-08-07T11:53:52.993+0000] {dagbag.py:541} INFO - Filling up the DagBag from /home/airflow/.local/lib/python3.7/site-packages/airflow/example_dags/example_dynamic_task_mapping_with_no_taskflow_operators.py
[2023-08-07T11:53:53.020+0000] {processor.py:836} INFO - DAG(s) dict_keys(['example_dynamic_task_mapping_with_no_taskflow_operators']) retrieved from /home/airflow/.local/lib/python3.7/site-packages/airflow/example_dags/example_dynamic_task_mapping_with_no_taskflow_operators.py
[2023-08-07T11:53:53.170+0000] {logging_mixin.py:150} INFO - [2023-08-07T11:53:53.169+0000] {dag.py:2742} INFO - Sync 1 DAGs
[2023-08-07T11:53:53.399+0000] {logging_mixin.py:150} INFO - [2023-08-07T11:53:53.399+0000] {dag.py:3508} INFO - Setting next_dagrun for example_dynamic_task_mapping_with_no_taskflow_operators to 2023-08-06T11:53:53.398771+00:00, run_after=2023-08-07T11:53:53.398771+00:00
[2023-08-07T11:53:53.560+0000] {processor.py:179} INFO - Processing /home/airflow/.local/lib/python3.7/site-packages/airflow/example_dags/example_dynamic_task_mapping_with_no_taskflow_operators.py took 0.588 seconds
[2023-08-07T11:54:23.789+0000] {processor.py:157} INFO - Started process (PID=829) to work on /home/airflow/.local/lib/python3.7/site-packages/airflow/example_dags/example_dynamic_task_mapping_with_no_taskflow_operators.py
[2023-08-07T11:54:23.800+0000] {processor.py:826} INFO - Processing file /home/airflow/.local/lib/python3.7/site-packages/airflow/example_dags/example_dynamic_task_mapping_with_no_taskflow_operators.py for tasks to queue
[2023-08-07T11:54:23.804+0000] {logging_mixin.py:150} INFO - [2023-08-07T11:54:23.803+0000] {dagbag.py:541} INFO - Filling up the DagBag from /home/airflow/.local/lib/python3.7/site-packages/airflow/example_dags/example_dynamic_task_mapping_with_no_taskflow_operators.py
[2023-08-07T11:54:23.839+0000] {processor.py:836} INFO - DAG(s) dict_keys(['example_dynamic_task_mapping_with_no_taskflow_operators']) retrieved from /home/airflow/.local/lib/python3.7/site-packages/airflow/example_dags/example_dynamic_task_mapping_with_no_taskflow_operators.py
[2023-08-07T11:54:23.893+0000] {logging_mixin.py:150} INFO - [2023-08-07T11:54:23.892+0000] {dag.py:2742} INFO - Sync 1 DAGs
[2023-08-07T11:54:23.956+0000] {logging_mixin.py:150} INFO - [2023-08-07T11:54:23.956+0000] {dag.py:3508} INFO - Setting next_dagrun for example_dynamic_task_mapping_with_no_taskflow_operators to 2023-08-06T11:54:23.956038+00:00, run_after=2023-08-07T11:54:23.956038+00:00
[2023-08-07T11:54:24.001+0000] {processor.py:179} INFO - Processing /home/airflow/.local/lib/python3.7/site-packages/airflow/example_dags/example_dynamic_task_mapping_with_no_taskflow_operators.py took 0.222 seconds
[2023-08-07T11:55:25.408+0000] {processor.py:157} INFO - Started process (PID=1084) to work on /home/airflow/.local/lib/python3.7/site-packages/airflow/example_dags/example_dynamic_task_mapping_with_no_taskflow_operators.py
[2023-08-07T11:55:25.428+0000] {processor.py:826} INFO - Processing file /home/airflow/.local/lib/python3.7/site-packages/airflow/example_dags/example_dynamic_task_mapping_with_no_taskflow_operators.py for tasks to queue
[2023-08-07T11:55:25.476+0000] {logging_mixin.py:150} INFO - [2023-08-07T11:55:25.475+0000] {dagbag.py:541} INFO - Filling up the DagBag from /home/airflow/.local/lib/python3.7/site-packages/airflow/example_dags/example_dynamic_task_mapping_with_no_taskflow_operators.py
[2023-08-07T11:55:25.587+0000] {processor.py:836} INFO - DAG(s) dict_keys(['example_dynamic_task_mapping_with_no_taskflow_operators']) retrieved from /home/airflow/.local/lib/python3.7/site-packages/airflow/example_dags/example_dynamic_task_mapping_with_no_taskflow_operators.py
[2023-08-07T11:55:26.021+0000] {logging_mixin.py:150} INFO - [2023-08-07T11:55:26.020+0000] {dag.py:2742} INFO - Sync 1 DAGs
[2023-08-07T11:55:26.293+0000] {logging_mixin.py:150} INFO - [2023-08-07T11:55:26.292+0000] {dag.py:3508} INFO - Setting next_dagrun for example_dynamic_task_mapping_with_no_taskflow_operators to 2023-08-06T11:55:26.291913+00:00, run_after=2023-08-07T11:55:26.291913+00:00
[2023-08-07T11:55:26.382+0000] {processor.py:179} INFO - Processing /home/airflow/.local/lib/python3.7/site-packages/airflow/example_dags/example_dynamic_task_mapping_with_no_taskflow_operators.py took 1.132 seconds
[2023-08-07T11:56:33.087+0000] {processor.py:157} INFO - Started process (PID=1340) to work on /home/airflow/.local/lib/python3.7/site-packages/airflow/example_dags/example_dynamic_task_mapping_with_no_taskflow_operators.py
[2023-08-07T11:56:33.466+0000] {processor.py:826} INFO - Processing file /home/airflow/.local/lib/python3.7/site-packages/airflow/example_dags/example_dynamic_task_mapping_with_no_taskflow_operators.py for tasks to queue
[2023-08-07T11:56:33.737+0000] {logging_mixin.py:150} INFO - [2023-08-07T11:56:33.720+0000] {dagbag.py:541} INFO - Filling up the DagBag from /home/airflow/.local/lib/python3.7/site-packages/airflow/example_dags/example_dynamic_task_mapping_with_no_taskflow_operators.py
[2023-08-07T11:56:33.922+0000] {processor.py:836} INFO - DAG(s) dict_keys(['example_dynamic_task_mapping_with_no_taskflow_operators']) retrieved from /home/airflow/.local/lib/python3.7/site-packages/airflow/example_dags/example_dynamic_task_mapping_with_no_taskflow_operators.py
[2023-08-07T11:56:35.264+0000] {logging_mixin.py:150} INFO - [2023-08-07T11:56:35.028+0000] {dag.py:2742} INFO - Sync 1 DAGs
[2023-08-07T11:56:36.600+0000] {logging_mixin.py:150} INFO - [2023-08-07T11:56:36.597+0000] {dag.py:3508} INFO - Setting next_dagrun for example_dynamic_task_mapping_with_no_taskflow_operators to 2023-08-06T11:56:36.593326+00:00, run_after=2023-08-07T11:56:36.593326+00:00
[2023-08-07T11:56:37.710+0000] {processor.py:179} INFO - Processing /home/airflow/.local/lib/python3.7/site-packages/airflow/example_dags/example_dynamic_task_mapping_with_no_taskflow_operators.py took 5.320 seconds
