[2023-08-07T11:52:39.932+0000] {processor.py:157} INFO - Started process (PID=214) to work on /home/airflow/.local/lib/python3.7/site-packages/airflow/example_dags/example_time_delta_sensor_async.py
[2023-08-07T11:52:39.939+0000] {processor.py:826} INFO - Processing file /home/airflow/.local/lib/python3.7/site-packages/airflow/example_dags/example_time_delta_sensor_async.py for tasks to queue
[2023-08-07T11:52:39.946+0000] {logging_mixin.py:150} INFO - [2023-08-07T11:52:39.944+0000] {dagbag.py:541} INFO - Filling up the DagBag from /home/airflow/.local/lib/python3.7/site-packages/airflow/example_dags/example_time_delta_sensor_async.py
[2023-08-07T11:52:40.005+0000] {processor.py:836} INFO - DAG(s) dict_keys(['example_time_delta_sensor_async']) retrieved from /home/airflow/.local/lib/python3.7/site-packages/airflow/example_dags/example_time_delta_sensor_async.py
[2023-08-07T11:52:40.278+0000] {logging_mixin.py:150} INFO - [2023-08-07T11:52:40.277+0000] {dag.py:2742} INFO - Sync 1 DAGs
[2023-08-07T11:52:40.600+0000] {logging_mixin.py:150} INFO - [2023-08-07T11:52:40.599+0000] {dag.py:3508} INFO - Setting next_dagrun for example_time_delta_sensor_async to None, run_after=None
[2023-08-07T11:52:41.251+0000] {processor.py:179} INFO - Processing /home/airflow/.local/lib/python3.7/site-packages/airflow/example_dags/example_time_delta_sensor_async.py took 1.338 seconds
[2023-08-07T11:53:41.256+0000] {processor.py:157} INFO - Started process (PID=462) to work on /home/airflow/.local/lib/python3.7/site-packages/airflow/example_dags/example_time_delta_sensor_async.py
[2023-08-07T11:53:41.268+0000] {processor.py:826} INFO - Processing file /home/airflow/.local/lib/python3.7/site-packages/airflow/example_dags/example_time_delta_sensor_async.py for tasks to queue
[2023-08-07T11:53:41.273+0000] {logging_mixin.py:150} INFO - [2023-08-07T11:53:41.273+0000] {dagbag.py:541} INFO - Filling up the DagBag from /home/airflow/.local/lib/python3.7/site-packages/airflow/example_dags/example_time_delta_sensor_async.py
[2023-08-07T11:53:41.370+0000] {processor.py:836} INFO - DAG(s) dict_keys(['example_time_delta_sensor_async']) retrieved from /home/airflow/.local/lib/python3.7/site-packages/airflow/example_dags/example_time_delta_sensor_async.py
[2023-08-07T11:53:41.699+0000] {logging_mixin.py:150} INFO - [2023-08-07T11:53:41.692+0000] {dag.py:2742} INFO - Sync 1 DAGs
[2023-08-07T11:53:41.936+0000] {logging_mixin.py:150} INFO - [2023-08-07T11:53:41.935+0000] {dag.py:3508} INFO - Setting next_dagrun for example_time_delta_sensor_async to None, run_after=None
[2023-08-07T11:53:42.070+0000] {processor.py:179} INFO - Processing /home/airflow/.local/lib/python3.7/site-packages/airflow/example_dags/example_time_delta_sensor_async.py took 0.848 seconds
[2023-08-07T11:54:12.868+0000] {processor.py:157} INFO - Started process (PID=701) to work on /home/airflow/.local/lib/python3.7/site-packages/airflow/example_dags/example_time_delta_sensor_async.py
[2023-08-07T11:54:12.876+0000] {processor.py:826} INFO - Processing file /home/airflow/.local/lib/python3.7/site-packages/airflow/example_dags/example_time_delta_sensor_async.py for tasks to queue
[2023-08-07T11:54:12.887+0000] {logging_mixin.py:150} INFO - [2023-08-07T11:54:12.883+0000] {dagbag.py:541} INFO - Filling up the DagBag from /home/airflow/.local/lib/python3.7/site-packages/airflow/example_dags/example_time_delta_sensor_async.py
[2023-08-07T11:54:12.916+0000] {processor.py:836} INFO - DAG(s) dict_keys(['example_time_delta_sensor_async']) retrieved from /home/airflow/.local/lib/python3.7/site-packages/airflow/example_dags/example_time_delta_sensor_async.py
[2023-08-07T11:54:13.176+0000] {logging_mixin.py:150} INFO - [2023-08-07T11:54:13.175+0000] {dag.py:2742} INFO - Sync 1 DAGs
[2023-08-07T11:54:13.322+0000] {logging_mixin.py:150} INFO - [2023-08-07T11:54:13.322+0000] {dag.py:3508} INFO - Setting next_dagrun for example_time_delta_sensor_async to None, run_after=None
[2023-08-07T11:54:13.548+0000] {processor.py:179} INFO - Processing /home/airflow/.local/lib/python3.7/site-packages/airflow/example_dags/example_time_delta_sensor_async.py took 0.704 seconds
[2023-08-07T11:54:47.325+0000] {processor.py:157} INFO - Started process (PID=932) to work on /home/airflow/.local/lib/python3.7/site-packages/airflow/example_dags/example_time_delta_sensor_async.py
[2023-08-07T11:54:47.333+0000] {processor.py:826} INFO - Processing file /home/airflow/.local/lib/python3.7/site-packages/airflow/example_dags/example_time_delta_sensor_async.py for tasks to queue
[2023-08-07T11:54:47.348+0000] {logging_mixin.py:150} INFO - [2023-08-07T11:54:47.346+0000] {dagbag.py:541} INFO - Filling up the DagBag from /home/airflow/.local/lib/python3.7/site-packages/airflow/example_dags/example_time_delta_sensor_async.py
[2023-08-07T11:54:47.382+0000] {processor.py:836} INFO - DAG(s) dict_keys(['example_time_delta_sensor_async']) retrieved from /home/airflow/.local/lib/python3.7/site-packages/airflow/example_dags/example_time_delta_sensor_async.py
[2023-08-07T11:54:47.486+0000] {logging_mixin.py:150} INFO - [2023-08-07T11:54:47.485+0000] {dag.py:2742} INFO - Sync 1 DAGs
[2023-08-07T11:54:47.603+0000] {logging_mixin.py:150} INFO - [2023-08-07T11:54:47.602+0000] {dag.py:3508} INFO - Setting next_dagrun for example_time_delta_sensor_async to None, run_after=None
[2023-08-07T11:54:47.692+0000] {processor.py:179} INFO - Processing /home/airflow/.local/lib/python3.7/site-packages/airflow/example_dags/example_time_delta_sensor_async.py took 0.382 seconds
[2023-08-07T11:55:37.096+0000] {processor.py:157} INFO - Started process (PID=1169) to work on /home/airflow/.local/lib/python3.7/site-packages/airflow/example_dags/example_time_delta_sensor_async.py
[2023-08-07T11:55:37.116+0000] {processor.py:826} INFO - Processing file /home/airflow/.local/lib/python3.7/site-packages/airflow/example_dags/example_time_delta_sensor_async.py for tasks to queue
[2023-08-07T11:55:37.122+0000] {logging_mixin.py:150} INFO - [2023-08-07T11:55:37.121+0000] {dagbag.py:541} INFO - Filling up the DagBag from /home/airflow/.local/lib/python3.7/site-packages/airflow/example_dags/example_time_delta_sensor_async.py
[2023-08-07T11:55:37.174+0000] {processor.py:836} INFO - DAG(s) dict_keys(['example_time_delta_sensor_async']) retrieved from /home/airflow/.local/lib/python3.7/site-packages/airflow/example_dags/example_time_delta_sensor_async.py
[2023-08-07T11:55:37.423+0000] {logging_mixin.py:150} INFO - [2023-08-07T11:55:37.423+0000] {dag.py:2742} INFO - Sync 1 DAGs
[2023-08-07T11:55:38.033+0000] {logging_mixin.py:150} INFO - [2023-08-07T11:55:38.032+0000] {dag.py:3508} INFO - Setting next_dagrun for example_time_delta_sensor_async to None, run_after=None
[2023-08-07T11:55:38.405+0000] {processor.py:179} INFO - Processing /home/airflow/.local/lib/python3.7/site-packages/airflow/example_dags/example_time_delta_sensor_async.py took 1.337 seconds
[2023-08-07T11:57:08.017+0000] {processor.py:157} INFO - Started process (PID=1435) to work on /home/airflow/.local/lib/python3.7/site-packages/airflow/example_dags/example_time_delta_sensor_async.py
[2023-08-07T11:57:08.022+0000] {processor.py:826} INFO - Processing file /home/airflow/.local/lib/python3.7/site-packages/airflow/example_dags/example_time_delta_sensor_async.py for tasks to queue
[2023-08-07T11:57:08.052+0000] {logging_mixin.py:150} INFO - [2023-08-07T11:57:08.050+0000] {dagbag.py:541} INFO - Filling up the DagBag from /home/airflow/.local/lib/python3.7/site-packages/airflow/example_dags/example_time_delta_sensor_async.py
[2023-08-07T11:57:08.091+0000] {processor.py:836} INFO - DAG(s) dict_keys(['example_time_delta_sensor_async']) retrieved from /home/airflow/.local/lib/python3.7/site-packages/airflow/example_dags/example_time_delta_sensor_async.py
[2023-08-07T11:57:08.256+0000] {logging_mixin.py:150} INFO - [2023-08-07T11:57:08.254+0000] {dag.py:2742} INFO - Sync 1 DAGs
[2023-08-07T11:57:08.955+0000] {logging_mixin.py:150} INFO - [2023-08-07T11:57:08.954+0000] {dag.py:3508} INFO - Setting next_dagrun for example_time_delta_sensor_async to None, run_after=None
[2023-08-07T11:57:09.192+0000] {processor.py:179} INFO - Processing /home/airflow/.local/lib/python3.7/site-packages/airflow/example_dags/example_time_delta_sensor_async.py took 1.204 seconds
