[2023-08-07T11:53:01.130+0000] {processor.py:157} INFO - Started process (PID=309) to work on /home/airflow/.local/lib/python3.7/site-packages/airflow/example_dags/example_sensors.py
[2023-08-07T11:53:01.150+0000] {processor.py:826} INFO - Processing file /home/airflow/.local/lib/python3.7/site-packages/airflow/example_dags/example_sensors.py for tasks to queue
[2023-08-07T11:53:01.160+0000] {logging_mixin.py:150} INFO - [2023-08-07T11:53:01.158+0000] {dagbag.py:541} INFO - Filling up the DagBag from /home/airflow/.local/lib/python3.7/site-packages/airflow/example_dags/example_sensors.py
[2023-08-07T11:53:01.323+0000] {processor.py:836} INFO - DAG(s) dict_keys(['example_sensors']) retrieved from /home/airflow/.local/lib/python3.7/site-packages/airflow/example_dags/example_sensors.py
[2023-08-07T11:53:01.693+0000] {logging_mixin.py:150} INFO - [2023-08-07T11:53:01.692+0000] {dag.py:2742} INFO - Sync 1 DAGs
[2023-08-07T11:53:02.072+0000] {logging_mixin.py:150} INFO - [2023-08-07T11:53:02.070+0000] {dag.py:3508} INFO - Setting next_dagrun for example_sensors to None, run_after=None
[2023-08-07T11:53:02.312+0000] {processor.py:179} INFO - Processing /home/airflow/.local/lib/python3.7/site-packages/airflow/example_dags/example_sensors.py took 1.245 seconds
[2023-08-07T11:53:49.989+0000] {processor.py:157} INFO - Started process (PID=555) to work on /home/airflow/.local/lib/python3.7/site-packages/airflow/example_dags/example_sensors.py
[2023-08-07T11:53:49.997+0000] {processor.py:826} INFO - Processing file /home/airflow/.local/lib/python3.7/site-packages/airflow/example_dags/example_sensors.py for tasks to queue
[2023-08-07T11:53:50.016+0000] {logging_mixin.py:150} INFO - [2023-08-07T11:53:50.015+0000] {dagbag.py:541} INFO - Filling up the DagBag from /home/airflow/.local/lib/python3.7/site-packages/airflow/example_dags/example_sensors.py
[2023-08-07T11:53:50.088+0000] {processor.py:836} INFO - DAG(s) dict_keys(['example_sensors']) retrieved from /home/airflow/.local/lib/python3.7/site-packages/airflow/example_dags/example_sensors.py
[2023-08-07T11:53:50.293+0000] {logging_mixin.py:150} INFO - [2023-08-07T11:53:50.293+0000] {dag.py:2742} INFO - Sync 1 DAGs
[2023-08-07T11:53:50.763+0000] {logging_mixin.py:150} INFO - [2023-08-07T11:53:50.763+0000] {dag.py:3508} INFO - Setting next_dagrun for example_sensors to None, run_after=None
[2023-08-07T11:53:50.811+0000] {processor.py:179} INFO - Processing /home/airflow/.local/lib/python3.7/site-packages/airflow/example_dags/example_sensors.py took 0.846 seconds
[2023-08-07T11:54:21.594+0000] {processor.py:157} INFO - Started process (PID=796) to work on /home/airflow/.local/lib/python3.7/site-packages/airflow/example_dags/example_sensors.py
[2023-08-07T11:54:21.597+0000] {processor.py:826} INFO - Processing file /home/airflow/.local/lib/python3.7/site-packages/airflow/example_dags/example_sensors.py for tasks to queue
[2023-08-07T11:54:21.603+0000] {logging_mixin.py:150} INFO - [2023-08-07T11:54:21.601+0000] {dagbag.py:541} INFO - Filling up the DagBag from /home/airflow/.local/lib/python3.7/site-packages/airflow/example_dags/example_sensors.py
[2023-08-07T11:54:21.655+0000] {processor.py:836} INFO - DAG(s) dict_keys(['example_sensors']) retrieved from /home/airflow/.local/lib/python3.7/site-packages/airflow/example_dags/example_sensors.py
[2023-08-07T11:54:21.736+0000] {logging_mixin.py:150} INFO - [2023-08-07T11:54:21.736+0000] {dag.py:2742} INFO - Sync 1 DAGs
[2023-08-07T11:54:21.807+0000] {logging_mixin.py:150} INFO - [2023-08-07T11:54:21.807+0000] {dag.py:3508} INFO - Setting next_dagrun for example_sensors to None, run_after=None
[2023-08-07T11:54:21.892+0000] {processor.py:179} INFO - Processing /home/airflow/.local/lib/python3.7/site-packages/airflow/example_dags/example_sensors.py took 0.308 seconds
[2023-08-07T11:55:09.696+0000] {processor.py:157} INFO - Started process (PID=1044) to work on /home/airflow/.local/lib/python3.7/site-packages/airflow/example_dags/example_sensors.py
[2023-08-07T11:55:09.711+0000] {processor.py:826} INFO - Processing file /home/airflow/.local/lib/python3.7/site-packages/airflow/example_dags/example_sensors.py for tasks to queue
[2023-08-07T11:55:09.723+0000] {logging_mixin.py:150} INFO - [2023-08-07T11:55:09.722+0000] {dagbag.py:541} INFO - Filling up the DagBag from /home/airflow/.local/lib/python3.7/site-packages/airflow/example_dags/example_sensors.py
[2023-08-07T11:55:09.784+0000] {processor.py:836} INFO - DAG(s) dict_keys(['example_sensors']) retrieved from /home/airflow/.local/lib/python3.7/site-packages/airflow/example_dags/example_sensors.py
[2023-08-07T11:55:09.921+0000] {logging_mixin.py:150} INFO - [2023-08-07T11:55:09.921+0000] {dag.py:2742} INFO - Sync 1 DAGs
[2023-08-07T11:55:10.126+0000] {logging_mixin.py:150} INFO - [2023-08-07T11:55:10.125+0000] {dag.py:3508} INFO - Setting next_dagrun for example_sensors to None, run_after=None
[2023-08-07T11:55:10.580+0000] {processor.py:179} INFO - Processing /home/airflow/.local/lib/python3.7/site-packages/airflow/example_dags/example_sensors.py took 0.911 seconds
[2023-08-07T11:55:59.156+0000] {processor.py:157} INFO - Started process (PID=1282) to work on /home/airflow/.local/lib/python3.7/site-packages/airflow/example_dags/example_sensors.py
[2023-08-07T11:55:59.163+0000] {processor.py:826} INFO - Processing file /home/airflow/.local/lib/python3.7/site-packages/airflow/example_dags/example_sensors.py for tasks to queue
[2023-08-07T11:55:59.177+0000] {logging_mixin.py:150} INFO - [2023-08-07T11:55:59.174+0000] {dagbag.py:541} INFO - Filling up the DagBag from /home/airflow/.local/lib/python3.7/site-packages/airflow/example_dags/example_sensors.py
[2023-08-07T11:55:59.259+0000] {processor.py:836} INFO - DAG(s) dict_keys(['example_sensors']) retrieved from /home/airflow/.local/lib/python3.7/site-packages/airflow/example_dags/example_sensors.py
[2023-08-07T11:55:59.605+0000] {logging_mixin.py:150} INFO - [2023-08-07T11:55:59.603+0000] {dag.py:2742} INFO - Sync 1 DAGs
[2023-08-07T11:55:59.782+0000] {logging_mixin.py:150} INFO - [2023-08-07T11:55:59.782+0000] {dag.py:3508} INFO - Setting next_dagrun for example_sensors to None, run_after=None
[2023-08-07T11:56:00.109+0000] {processor.py:179} INFO - Processing /home/airflow/.local/lib/python3.7/site-packages/airflow/example_dags/example_sensors.py took 0.978 seconds
[2023-08-07T11:57:31.088+0000] {processor.py:157} INFO - Started process (PID=1539) to work on /home/airflow/.local/lib/python3.7/site-packages/airflow/example_dags/example_sensors.py
[2023-08-07T11:57:31.127+0000] {processor.py:826} INFO - Processing file /home/airflow/.local/lib/python3.7/site-packages/airflow/example_dags/example_sensors.py for tasks to queue
[2023-08-07T11:57:31.147+0000] {logging_mixin.py:150} INFO - [2023-08-07T11:57:31.141+0000] {dagbag.py:541} INFO - Filling up the DagBag from /home/airflow/.local/lib/python3.7/site-packages/airflow/example_dags/example_sensors.py
[2023-08-07T11:57:31.263+0000] {processor.py:836} INFO - DAG(s) dict_keys(['example_sensors']) retrieved from /home/airflow/.local/lib/python3.7/site-packages/airflow/example_dags/example_sensors.py
[2023-08-07T11:57:31.463+0000] {logging_mixin.py:150} INFO - [2023-08-07T11:57:31.463+0000] {dag.py:2742} INFO - Sync 1 DAGs
[2023-08-07T11:57:31.758+0000] {logging_mixin.py:150} INFO - [2023-08-07T11:57:31.758+0000] {dag.py:3508} INFO - Setting next_dagrun for example_sensors to None, run_after=None
[2023-08-07T11:57:31.969+0000] {processor.py:179} INFO - Processing /home/airflow/.local/lib/python3.7/site-packages/airflow/example_dags/example_sensors.py took 0.904 seconds
