[2023-08-07T11:52:44.193+0000] {processor.py:157} INFO - Started process (PID=229) to work on /home/airflow/.local/lib/python3.7/site-packages/airflow/example_dags/example_dag_decorator.py
[2023-08-07T11:52:44.244+0000] {processor.py:826} INFO - Processing file /home/airflow/.local/lib/python3.7/site-packages/airflow/example_dags/example_dag_decorator.py for tasks to queue
[2023-08-07T11:52:44.260+0000] {logging_mixin.py:150} INFO - [2023-08-07T11:52:44.252+0000] {dagbag.py:541} INFO - Filling up the DagBag from /home/airflow/.local/lib/python3.7/site-packages/airflow/example_dags/example_dag_decorator.py
[2023-08-07T11:52:44.861+0000] {processor.py:836} INFO - DAG(s) dict_keys(['example_dag_decorator']) retrieved from /home/airflow/.local/lib/python3.7/site-packages/airflow/example_dags/example_dag_decorator.py
[2023-08-07T11:52:47.004+0000] {logging_mixin.py:150} INFO - [2023-08-07T11:52:47.004+0000] {dag.py:2742} INFO - Sync 1 DAGs
[2023-08-07T11:52:47.337+0000] {logging_mixin.py:150} INFO - [2023-08-07T11:52:47.331+0000] {dag.py:3508} INFO - Setting next_dagrun for example_dag_decorator to None, run_after=None
[2023-08-07T11:52:47.572+0000] {processor.py:179} INFO - Processing /home/airflow/.local/lib/python3.7/site-packages/airflow/example_dags/example_dag_decorator.py took 3.459 seconds
[2023-08-07T11:53:42.318+0000] {processor.py:157} INFO - Started process (PID=475) to work on /home/airflow/.local/lib/python3.7/site-packages/airflow/example_dags/example_dag_decorator.py
[2023-08-07T11:53:42.334+0000] {processor.py:826} INFO - Processing file /home/airflow/.local/lib/python3.7/site-packages/airflow/example_dags/example_dag_decorator.py for tasks to queue
[2023-08-07T11:53:42.338+0000] {logging_mixin.py:150} INFO - [2023-08-07T11:53:42.337+0000] {dagbag.py:541} INFO - Filling up the DagBag from /home/airflow/.local/lib/python3.7/site-packages/airflow/example_dags/example_dag_decorator.py
[2023-08-07T11:53:42.419+0000] {processor.py:836} INFO - DAG(s) dict_keys(['example_dag_decorator']) retrieved from /home/airflow/.local/lib/python3.7/site-packages/airflow/example_dags/example_dag_decorator.py
[2023-08-07T11:53:43.076+0000] {logging_mixin.py:150} INFO - [2023-08-07T11:53:43.075+0000] {dag.py:2742} INFO - Sync 1 DAGs
[2023-08-07T11:53:43.159+0000] {logging_mixin.py:150} INFO - [2023-08-07T11:53:43.159+0000] {dag.py:3508} INFO - Setting next_dagrun for example_dag_decorator to None, run_after=None
[2023-08-07T11:53:43.301+0000] {processor.py:179} INFO - Processing /home/airflow/.local/lib/python3.7/site-packages/airflow/example_dags/example_dag_decorator.py took 1.000 seconds
[2023-08-07T11:54:13.797+0000] {processor.py:157} INFO - Started process (PID=714) to work on /home/airflow/.local/lib/python3.7/site-packages/airflow/example_dags/example_dag_decorator.py
[2023-08-07T11:54:13.802+0000] {processor.py:826} INFO - Processing file /home/airflow/.local/lib/python3.7/site-packages/airflow/example_dags/example_dag_decorator.py for tasks to queue
[2023-08-07T11:54:13.807+0000] {logging_mixin.py:150} INFO - [2023-08-07T11:54:13.806+0000] {dagbag.py:541} INFO - Filling up the DagBag from /home/airflow/.local/lib/python3.7/site-packages/airflow/example_dags/example_dag_decorator.py
[2023-08-07T11:54:13.850+0000] {processor.py:836} INFO - DAG(s) dict_keys(['example_dag_decorator']) retrieved from /home/airflow/.local/lib/python3.7/site-packages/airflow/example_dags/example_dag_decorator.py
[2023-08-07T11:54:14.206+0000] {logging_mixin.py:150} INFO - [2023-08-07T11:54:14.206+0000] {dag.py:2742} INFO - Sync 1 DAGs
[2023-08-07T11:54:14.335+0000] {logging_mixin.py:150} INFO - [2023-08-07T11:54:14.335+0000] {dag.py:3508} INFO - Setting next_dagrun for example_dag_decorator to None, run_after=None
[2023-08-07T11:54:14.411+0000] {processor.py:179} INFO - Processing /home/airflow/.local/lib/python3.7/site-packages/airflow/example_dags/example_dag_decorator.py took 0.624 seconds
[2023-08-07T11:54:49.355+0000] {processor.py:157} INFO - Started process (PID=951) to work on /home/airflow/.local/lib/python3.7/site-packages/airflow/example_dags/example_dag_decorator.py
[2023-08-07T11:54:49.363+0000] {processor.py:826} INFO - Processing file /home/airflow/.local/lib/python3.7/site-packages/airflow/example_dags/example_dag_decorator.py for tasks to queue
[2023-08-07T11:54:49.372+0000] {logging_mixin.py:150} INFO - [2023-08-07T11:54:49.369+0000] {dagbag.py:541} INFO - Filling up the DagBag from /home/airflow/.local/lib/python3.7/site-packages/airflow/example_dags/example_dag_decorator.py
[2023-08-07T11:54:49.445+0000] {processor.py:836} INFO - DAG(s) dict_keys(['example_dag_decorator']) retrieved from /home/airflow/.local/lib/python3.7/site-packages/airflow/example_dags/example_dag_decorator.py
[2023-08-07T11:54:53.083+0000] {logging_mixin.py:150} INFO - [2023-08-07T11:54:53.083+0000] {dag.py:2742} INFO - Sync 1 DAGs
[2023-08-07T11:54:53.377+0000] {logging_mixin.py:150} INFO - [2023-08-07T11:54:53.376+0000] {dag.py:3508} INFO - Setting next_dagrun for example_dag_decorator to None, run_after=None
[2023-08-07T11:54:53.840+0000] {processor.py:179} INFO - Processing /home/airflow/.local/lib/python3.7/site-packages/airflow/example_dags/example_dag_decorator.py took 4.517 seconds
[2023-08-07T11:55:39.598+0000] {processor.py:157} INFO - Started process (PID=1190) to work on /home/airflow/.local/lib/python3.7/site-packages/airflow/example_dags/example_dag_decorator.py
[2023-08-07T11:55:39.603+0000] {processor.py:826} INFO - Processing file /home/airflow/.local/lib/python3.7/site-packages/airflow/example_dags/example_dag_decorator.py for tasks to queue
[2023-08-07T11:55:39.621+0000] {logging_mixin.py:150} INFO - [2023-08-07T11:55:39.607+0000] {dagbag.py:541} INFO - Filling up the DagBag from /home/airflow/.local/lib/python3.7/site-packages/airflow/example_dags/example_dag_decorator.py
[2023-08-07T11:55:39.708+0000] {processor.py:836} INFO - DAG(s) dict_keys(['example_dag_decorator']) retrieved from /home/airflow/.local/lib/python3.7/site-packages/airflow/example_dags/example_dag_decorator.py
[2023-08-07T11:55:40.581+0000] {logging_mixin.py:150} INFO - [2023-08-07T11:55:40.581+0000] {dag.py:2742} INFO - Sync 1 DAGs
[2023-08-07T11:55:40.730+0000] {logging_mixin.py:150} INFO - [2023-08-07T11:55:40.730+0000] {dag.py:3508} INFO - Setting next_dagrun for example_dag_decorator to None, run_after=None
[2023-08-07T11:55:40.832+0000] {processor.py:179} INFO - Processing /home/airflow/.local/lib/python3.7/site-packages/airflow/example_dags/example_dag_decorator.py took 1.269 seconds
[2023-08-07T11:57:10.974+0000] {processor.py:157} INFO - Started process (PID=1450) to work on /home/airflow/.local/lib/python3.7/site-packages/airflow/example_dags/example_dag_decorator.py
[2023-08-07T11:57:10.989+0000] {processor.py:826} INFO - Processing file /home/airflow/.local/lib/python3.7/site-packages/airflow/example_dags/example_dag_decorator.py for tasks to queue
[2023-08-07T11:57:11.017+0000] {logging_mixin.py:150} INFO - [2023-08-07T11:57:11.004+0000] {dagbag.py:541} INFO - Filling up the DagBag from /home/airflow/.local/lib/python3.7/site-packages/airflow/example_dags/example_dag_decorator.py
[2023-08-07T11:57:11.148+0000] {processor.py:836} INFO - DAG(s) dict_keys(['example_dag_decorator']) retrieved from /home/airflow/.local/lib/python3.7/site-packages/airflow/example_dags/example_dag_decorator.py
[2023-08-07T11:57:12.803+0000] {logging_mixin.py:150} INFO - [2023-08-07T11:57:12.803+0000] {dag.py:2742} INFO - Sync 1 DAGs
[2023-08-07T11:57:14.692+0000] {logging_mixin.py:150} INFO - [2023-08-07T11:57:14.692+0000] {dag.py:3508} INFO - Setting next_dagrun for example_dag_decorator to None, run_after=None
[2023-08-07T11:57:15.742+0000] {processor.py:179} INFO - Processing /home/airflow/.local/lib/python3.7/site-packages/airflow/example_dags/example_dag_decorator.py took 4.796 seconds
