[2023-08-07T11:52:59.243+0000] {processor.py:157} INFO - Started process (PID=299) to work on /home/airflow/.local/lib/python3.7/site-packages/airflow/example_dags/example_branch_operator.py
[2023-08-07T11:52:59.250+0000] {processor.py:826} INFO - Processing file /home/airflow/.local/lib/python3.7/site-packages/airflow/example_dags/example_branch_operator.py for tasks to queue
[2023-08-07T11:52:59.260+0000] {logging_mixin.py:150} INFO - [2023-08-07T11:52:59.258+0000] {dagbag.py:541} INFO - Filling up the DagBag from /home/airflow/.local/lib/python3.7/site-packages/airflow/example_dags/example_branch_operator.py
[2023-08-07T11:52:59.387+0000] {processor.py:836} INFO - DAG(s) dict_keys(['example_branch_operator']) retrieved from /home/airflow/.local/lib/python3.7/site-packages/airflow/example_dags/example_branch_operator.py
[2023-08-07T11:52:59.770+0000] {logging_mixin.py:150} INFO - [2023-08-07T11:52:59.770+0000] {dag.py:2742} INFO - Sync 1 DAGs
[2023-08-07T11:53:00.412+0000] {logging_mixin.py:150} INFO - [2023-08-07T11:53:00.411+0000] {dag.py:3508} INFO - Setting next_dagrun for example_branch_operator to 2023-08-06T00:00:00+00:00, run_after=2023-08-07T00:00:00+00:00
[2023-08-07T11:53:00.668+0000] {processor.py:179} INFO - Processing /home/airflow/.local/lib/python3.7/site-packages/airflow/example_dags/example_branch_operator.py took 1.454 seconds
[2023-08-07T11:53:49.090+0000] {processor.py:157} INFO - Started process (PID=545) to work on /home/airflow/.local/lib/python3.7/site-packages/airflow/example_dags/example_branch_operator.py
[2023-08-07T11:53:49.094+0000] {processor.py:826} INFO - Processing file /home/airflow/.local/lib/python3.7/site-packages/airflow/example_dags/example_branch_operator.py for tasks to queue
[2023-08-07T11:53:49.099+0000] {logging_mixin.py:150} INFO - [2023-08-07T11:53:49.098+0000] {dagbag.py:541} INFO - Filling up the DagBag from /home/airflow/.local/lib/python3.7/site-packages/airflow/example_dags/example_branch_operator.py
[2023-08-07T11:53:49.281+0000] {processor.py:836} INFO - DAG(s) dict_keys(['example_branch_operator']) retrieved from /home/airflow/.local/lib/python3.7/site-packages/airflow/example_dags/example_branch_operator.py
[2023-08-07T11:53:49.565+0000] {logging_mixin.py:150} INFO - [2023-08-07T11:53:49.565+0000] {dag.py:2742} INFO - Sync 1 DAGs
[2023-08-07T11:53:49.745+0000] {logging_mixin.py:150} INFO - [2023-08-07T11:53:49.736+0000] {dag.py:3508} INFO - Setting next_dagrun for example_branch_operator to 2023-08-06T00:00:00+00:00, run_after=2023-08-07T00:00:00+00:00
[2023-08-07T11:53:49.822+0000] {processor.py:179} INFO - Processing /home/airflow/.local/lib/python3.7/site-packages/airflow/example_dags/example_branch_operator.py took 0.764 seconds
[2023-08-07T11:54:20.043+0000] {processor.py:157} INFO - Started process (PID=784) to work on /home/airflow/.local/lib/python3.7/site-packages/airflow/example_dags/example_branch_operator.py
[2023-08-07T11:54:20.064+0000] {processor.py:826} INFO - Processing file /home/airflow/.local/lib/python3.7/site-packages/airflow/example_dags/example_branch_operator.py for tasks to queue
[2023-08-07T11:54:20.086+0000] {logging_mixin.py:150} INFO - [2023-08-07T11:54:20.081+0000] {dagbag.py:541} INFO - Filling up the DagBag from /home/airflow/.local/lib/python3.7/site-packages/airflow/example_dags/example_branch_operator.py
[2023-08-07T11:54:20.148+0000] {processor.py:836} INFO - DAG(s) dict_keys(['example_branch_operator']) retrieved from /home/airflow/.local/lib/python3.7/site-packages/airflow/example_dags/example_branch_operator.py
[2023-08-07T11:54:20.310+0000] {logging_mixin.py:150} INFO - [2023-08-07T11:54:20.309+0000] {dag.py:2742} INFO - Sync 1 DAGs
[2023-08-07T11:54:20.406+0000] {logging_mixin.py:150} INFO - [2023-08-07T11:54:20.405+0000] {dag.py:3508} INFO - Setting next_dagrun for example_branch_operator to 2023-08-06T00:00:00+00:00, run_after=2023-08-07T00:00:00+00:00
[2023-08-07T11:54:20.475+0000] {processor.py:179} INFO - Processing /home/airflow/.local/lib/python3.7/site-packages/airflow/example_dags/example_branch_operator.py took 0.458 seconds
[2023-08-07T11:55:08.149+0000] {processor.py:157} INFO - Started process (PID=1027) to work on /home/airflow/.local/lib/python3.7/site-packages/airflow/example_dags/example_branch_operator.py
[2023-08-07T11:55:08.157+0000] {processor.py:826} INFO - Processing file /home/airflow/.local/lib/python3.7/site-packages/airflow/example_dags/example_branch_operator.py for tasks to queue
[2023-08-07T11:55:08.165+0000] {logging_mixin.py:150} INFO - [2023-08-07T11:55:08.163+0000] {dagbag.py:541} INFO - Filling up the DagBag from /home/airflow/.local/lib/python3.7/site-packages/airflow/example_dags/example_branch_operator.py
[2023-08-07T11:55:08.221+0000] {processor.py:836} INFO - DAG(s) dict_keys(['example_branch_operator']) retrieved from /home/airflow/.local/lib/python3.7/site-packages/airflow/example_dags/example_branch_operator.py
[2023-08-07T11:55:08.463+0000] {logging_mixin.py:150} INFO - [2023-08-07T11:55:08.450+0000] {dag.py:2742} INFO - Sync 1 DAGs
[2023-08-07T11:55:08.741+0000] {logging_mixin.py:150} INFO - [2023-08-07T11:55:08.740+0000] {dag.py:3508} INFO - Setting next_dagrun for example_branch_operator to 2023-08-06T00:00:00+00:00, run_after=2023-08-07T00:00:00+00:00
[2023-08-07T11:55:08.915+0000] {processor.py:179} INFO - Processing /home/airflow/.local/lib/python3.7/site-packages/airflow/example_dags/example_branch_operator.py took 0.850 seconds
[2023-08-07T11:55:56.393+0000] {processor.py:157} INFO - Started process (PID=1272) to work on /home/airflow/.local/lib/python3.7/site-packages/airflow/example_dags/example_branch_operator.py
[2023-08-07T11:55:56.405+0000] {processor.py:826} INFO - Processing file /home/airflow/.local/lib/python3.7/site-packages/airflow/example_dags/example_branch_operator.py for tasks to queue
[2023-08-07T11:55:56.424+0000] {logging_mixin.py:150} INFO - [2023-08-07T11:55:56.423+0000] {dagbag.py:541} INFO - Filling up the DagBag from /home/airflow/.local/lib/python3.7/site-packages/airflow/example_dags/example_branch_operator.py
[2023-08-07T11:55:56.751+0000] {processor.py:836} INFO - DAG(s) dict_keys(['example_branch_operator']) retrieved from /home/airflow/.local/lib/python3.7/site-packages/airflow/example_dags/example_branch_operator.py
[2023-08-07T11:55:58.555+0000] {logging_mixin.py:150} INFO - [2023-08-07T11:55:58.554+0000] {dag.py:2742} INFO - Sync 1 DAGs
[2023-08-07T11:55:58.773+0000] {logging_mixin.py:150} INFO - [2023-08-07T11:55:58.772+0000] {dag.py:3508} INFO - Setting next_dagrun for example_branch_operator to 2023-08-06T00:00:00+00:00, run_after=2023-08-07T00:00:00+00:00
[2023-08-07T11:55:58.920+0000] {processor.py:179} INFO - Processing /home/airflow/.local/lib/python3.7/site-packages/airflow/example_dags/example_branch_operator.py took 2.562 seconds
[2023-08-07T11:57:30.014+0000] {processor.py:157} INFO - Started process (PID=1527) to work on /home/airflow/.local/lib/python3.7/site-packages/airflow/example_dags/example_branch_operator.py
[2023-08-07T11:57:30.039+0000] {processor.py:826} INFO - Processing file /home/airflow/.local/lib/python3.7/site-packages/airflow/example_dags/example_branch_operator.py for tasks to queue
[2023-08-07T11:57:30.049+0000] {logging_mixin.py:150} INFO - [2023-08-07T11:57:30.044+0000] {dagbag.py:541} INFO - Filling up the DagBag from /home/airflow/.local/lib/python3.7/site-packages/airflow/example_dags/example_branch_operator.py
[2023-08-07T11:57:30.129+0000] {processor.py:836} INFO - DAG(s) dict_keys(['example_branch_operator']) retrieved from /home/airflow/.local/lib/python3.7/site-packages/airflow/example_dags/example_branch_operator.py
[2023-08-07T11:57:30.307+0000] {logging_mixin.py:150} INFO - [2023-08-07T11:57:30.306+0000] {dag.py:2742} INFO - Sync 1 DAGs
[2023-08-07T11:57:30.630+0000] {logging_mixin.py:150} INFO - [2023-08-07T11:57:30.629+0000] {dag.py:3508} INFO - Setting next_dagrun for example_branch_operator to 2023-08-06T00:00:00+00:00, run_after=2023-08-07T00:00:00+00:00
[2023-08-07T11:57:30.904+0000] {processor.py:179} INFO - Processing /home/airflow/.local/lib/python3.7/site-packages/airflow/example_dags/example_branch_operator.py took 0.909 seconds
