[2023-08-07T11:52:38.727+0000] {processor.py:157} INFO - Started process (PID=199) to work on /home/airflow/.local/lib/python3.7/site-packages/airflow/example_dags/example_trigger_target_dag.py
[2023-08-07T11:52:38.735+0000] {processor.py:826} INFO - Processing file /home/airflow/.local/lib/python3.7/site-packages/airflow/example_dags/example_trigger_target_dag.py for tasks to queue
[2023-08-07T11:52:38.739+0000] {logging_mixin.py:150} INFO - [2023-08-07T11:52:38.738+0000] {dagbag.py:541} INFO - Filling up the DagBag from /home/airflow/.local/lib/python3.7/site-packages/airflow/example_dags/example_trigger_target_dag.py
[2023-08-07T11:52:38.808+0000] {processor.py:836} INFO - DAG(s) dict_keys(['example_trigger_target_dag']) retrieved from /home/airflow/.local/lib/python3.7/site-packages/airflow/example_dags/example_trigger_target_dag.py
[2023-08-07T11:52:39.070+0000] {logging_mixin.py:150} INFO - [2023-08-07T11:52:39.070+0000] {dag.py:2742} INFO - Sync 1 DAGs
[2023-08-07T11:52:39.457+0000] {logging_mixin.py:150} INFO - [2023-08-07T11:52:39.451+0000] {dag.py:3508} INFO - Setting next_dagrun for example_trigger_target_dag to None, run_after=None
[2023-08-07T11:52:39.663+0000] {processor.py:179} INFO - Processing /home/airflow/.local/lib/python3.7/site-packages/airflow/example_dags/example_trigger_target_dag.py took 0.959 seconds
[2023-08-07T11:53:38.985+0000] {processor.py:157} INFO - Started process (PID=445) to work on /home/airflow/.local/lib/python3.7/site-packages/airflow/example_dags/example_trigger_target_dag.py
[2023-08-07T11:53:39.003+0000] {processor.py:826} INFO - Processing file /home/airflow/.local/lib/python3.7/site-packages/airflow/example_dags/example_trigger_target_dag.py for tasks to queue
[2023-08-07T11:53:39.013+0000] {logging_mixin.py:150} INFO - [2023-08-07T11:53:39.009+0000] {dagbag.py:541} INFO - Filling up the DagBag from /home/airflow/.local/lib/python3.7/site-packages/airflow/example_dags/example_trigger_target_dag.py
[2023-08-07T11:53:39.048+0000] {processor.py:836} INFO - DAG(s) dict_keys(['example_trigger_target_dag']) retrieved from /home/airflow/.local/lib/python3.7/site-packages/airflow/example_dags/example_trigger_target_dag.py
[2023-08-07T11:53:39.170+0000] {logging_mixin.py:150} INFO - [2023-08-07T11:53:39.170+0000] {dag.py:2742} INFO - Sync 1 DAGs
[2023-08-07T11:53:39.421+0000] {logging_mixin.py:150} INFO - [2023-08-07T11:53:39.421+0000] {dag.py:3508} INFO - Setting next_dagrun for example_trigger_target_dag to None, run_after=None
[2023-08-07T11:53:39.506+0000] {processor.py:179} INFO - Processing /home/airflow/.local/lib/python3.7/site-packages/airflow/example_dags/example_trigger_target_dag.py took 0.539 seconds
[2023-08-07T11:54:10.410+0000] {processor.py:157} INFO - Started process (PID=679) to work on /home/airflow/.local/lib/python3.7/site-packages/airflow/example_dags/example_trigger_target_dag.py
[2023-08-07T11:54:10.414+0000] {processor.py:826} INFO - Processing file /home/airflow/.local/lib/python3.7/site-packages/airflow/example_dags/example_trigger_target_dag.py for tasks to queue
[2023-08-07T11:54:10.419+0000] {logging_mixin.py:150} INFO - [2023-08-07T11:54:10.418+0000] {dagbag.py:541} INFO - Filling up the DagBag from /home/airflow/.local/lib/python3.7/site-packages/airflow/example_dags/example_trigger_target_dag.py
[2023-08-07T11:54:10.435+0000] {processor.py:836} INFO - DAG(s) dict_keys(['example_trigger_target_dag']) retrieved from /home/airflow/.local/lib/python3.7/site-packages/airflow/example_dags/example_trigger_target_dag.py
[2023-08-07T11:54:10.516+0000] {logging_mixin.py:150} INFO - [2023-08-07T11:54:10.515+0000] {dag.py:2742} INFO - Sync 1 DAGs
[2023-08-07T11:54:10.590+0000] {logging_mixin.py:150} INFO - [2023-08-07T11:54:10.589+0000] {dag.py:3508} INFO - Setting next_dagrun for example_trigger_target_dag to None, run_after=None
[2023-08-07T11:54:10.646+0000] {processor.py:179} INFO - Processing /home/airflow/.local/lib/python3.7/site-packages/airflow/example_dags/example_trigger_target_dag.py took 0.249 seconds
[2023-08-07T11:54:45.254+0000] {processor.py:157} INFO - Started process (PID=922) to work on /home/airflow/.local/lib/python3.7/site-packages/airflow/example_dags/example_trigger_target_dag.py
[2023-08-07T11:54:45.314+0000] {processor.py:826} INFO - Processing file /home/airflow/.local/lib/python3.7/site-packages/airflow/example_dags/example_trigger_target_dag.py for tasks to queue
[2023-08-07T11:54:45.334+0000] {logging_mixin.py:150} INFO - [2023-08-07T11:54:45.332+0000] {dagbag.py:541} INFO - Filling up the DagBag from /home/airflow/.local/lib/python3.7/site-packages/airflow/example_dags/example_trigger_target_dag.py
[2023-08-07T11:54:45.457+0000] {processor.py:836} INFO - DAG(s) dict_keys(['example_trigger_target_dag']) retrieved from /home/airflow/.local/lib/python3.7/site-packages/airflow/example_dags/example_trigger_target_dag.py
[2023-08-07T11:54:45.733+0000] {logging_mixin.py:150} INFO - [2023-08-07T11:54:45.732+0000] {dag.py:2742} INFO - Sync 1 DAGs
[2023-08-07T11:54:46.131+0000] {logging_mixin.py:150} INFO - [2023-08-07T11:54:46.131+0000] {dag.py:3508} INFO - Setting next_dagrun for example_trigger_target_dag to None, run_after=None
[2023-08-07T11:54:47.047+0000] {processor.py:179} INFO - Processing /home/airflow/.local/lib/python3.7/site-packages/airflow/example_dags/example_trigger_target_dag.py took 2.058 seconds
[2023-08-07T11:55:34.490+0000] {processor.py:157} INFO - Started process (PID=1153) to work on /home/airflow/.local/lib/python3.7/site-packages/airflow/example_dags/example_trigger_target_dag.py
[2023-08-07T11:55:34.499+0000] {processor.py:826} INFO - Processing file /home/airflow/.local/lib/python3.7/site-packages/airflow/example_dags/example_trigger_target_dag.py for tasks to queue
[2023-08-07T11:55:34.516+0000] {logging_mixin.py:150} INFO - [2023-08-07T11:55:34.509+0000] {dagbag.py:541} INFO - Filling up the DagBag from /home/airflow/.local/lib/python3.7/site-packages/airflow/example_dags/example_trigger_target_dag.py
[2023-08-07T11:55:34.606+0000] {processor.py:836} INFO - DAG(s) dict_keys(['example_trigger_target_dag']) retrieved from /home/airflow/.local/lib/python3.7/site-packages/airflow/example_dags/example_trigger_target_dag.py
[2023-08-07T11:55:34.831+0000] {logging_mixin.py:150} INFO - [2023-08-07T11:55:34.831+0000] {dag.py:2742} INFO - Sync 1 DAGs
[2023-08-07T11:55:35.549+0000] {logging_mixin.py:150} INFO - [2023-08-07T11:55:35.543+0000] {dag.py:3508} INFO - Setting next_dagrun for example_trigger_target_dag to None, run_after=None
[2023-08-07T11:55:35.673+0000] {processor.py:179} INFO - Processing /home/airflow/.local/lib/python3.7/site-packages/airflow/example_dags/example_trigger_target_dag.py took 1.219 seconds
[2023-08-07T11:57:06.407+0000] {processor.py:157} INFO - Started process (PID=1420) to work on /home/airflow/.local/lib/python3.7/site-packages/airflow/example_dags/example_trigger_target_dag.py
[2023-08-07T11:57:06.427+0000] {processor.py:826} INFO - Processing file /home/airflow/.local/lib/python3.7/site-packages/airflow/example_dags/example_trigger_target_dag.py for tasks to queue
[2023-08-07T11:57:06.436+0000] {logging_mixin.py:150} INFO - [2023-08-07T11:57:06.436+0000] {dagbag.py:541} INFO - Filling up the DagBag from /home/airflow/.local/lib/python3.7/site-packages/airflow/example_dags/example_trigger_target_dag.py
[2023-08-07T11:57:06.636+0000] {processor.py:836} INFO - DAG(s) dict_keys(['example_trigger_target_dag']) retrieved from /home/airflow/.local/lib/python3.7/site-packages/airflow/example_dags/example_trigger_target_dag.py
[2023-08-07T11:57:07.038+0000] {logging_mixin.py:150} INFO - [2023-08-07T11:57:07.038+0000] {dag.py:2742} INFO - Sync 1 DAGs
[2023-08-07T11:57:07.536+0000] {logging_mixin.py:150} INFO - [2023-08-07T11:57:07.536+0000] {dag.py:3508} INFO - Setting next_dagrun for example_trigger_target_dag to None, run_after=None
[2023-08-07T11:57:07.734+0000] {processor.py:179} INFO - Processing /home/airflow/.local/lib/python3.7/site-packages/airflow/example_dags/example_trigger_target_dag.py took 1.389 seconds
