[2023-08-07T11:52:49.002+0000] {processor.py:157} INFO - Started process (PID=249) to work on /home/airflow/.local/lib/python3.7/site-packages/airflow/example_dags/example_short_circuit_operator.py
[2023-08-07T11:52:49.009+0000] {processor.py:826} INFO - Processing file /home/airflow/.local/lib/python3.7/site-packages/airflow/example_dags/example_short_circuit_operator.py for tasks to queue
[2023-08-07T11:52:49.024+0000] {logging_mixin.py:150} INFO - [2023-08-07T11:52:49.024+0000] {dagbag.py:541} INFO - Filling up the DagBag from /home/airflow/.local/lib/python3.7/site-packages/airflow/example_dags/example_short_circuit_operator.py
[2023-08-07T11:52:49.157+0000] {processor.py:836} INFO - DAG(s) dict_keys(['example_short_circuit_operator']) retrieved from /home/airflow/.local/lib/python3.7/site-packages/airflow/example_dags/example_short_circuit_operator.py
[2023-08-07T11:52:49.444+0000] {logging_mixin.py:150} INFO - [2023-08-07T11:52:49.444+0000] {dag.py:2742} INFO - Sync 1 DAGs
[2023-08-07T11:52:49.659+0000] {logging_mixin.py:150} INFO - [2023-08-07T11:52:49.659+0000] {dag.py:3508} INFO - Setting next_dagrun for example_short_circuit_operator to 2023-08-06T11:52:49.657334+00:00, run_after=2023-08-07T11:52:49.657334+00:00
[2023-08-07T11:52:51.055+0000] {processor.py:179} INFO - Processing /home/airflow/.local/lib/python3.7/site-packages/airflow/example_dags/example_short_circuit_operator.py took 2.109 seconds
[2023-08-07T11:53:44.242+0000] {processor.py:157} INFO - Started process (PID=495) to work on /home/airflow/.local/lib/python3.7/site-packages/airflow/example_dags/example_short_circuit_operator.py
[2023-08-07T11:53:44.252+0000] {processor.py:826} INFO - Processing file /home/airflow/.local/lib/python3.7/site-packages/airflow/example_dags/example_short_circuit_operator.py for tasks to queue
[2023-08-07T11:53:44.266+0000] {logging_mixin.py:150} INFO - [2023-08-07T11:53:44.264+0000] {dagbag.py:541} INFO - Filling up the DagBag from /home/airflow/.local/lib/python3.7/site-packages/airflow/example_dags/example_short_circuit_operator.py
[2023-08-07T11:53:44.355+0000] {processor.py:836} INFO - DAG(s) dict_keys(['example_short_circuit_operator']) retrieved from /home/airflow/.local/lib/python3.7/site-packages/airflow/example_dags/example_short_circuit_operator.py
[2023-08-07T11:53:44.513+0000] {logging_mixin.py:150} INFO - [2023-08-07T11:53:44.512+0000] {dag.py:2742} INFO - Sync 1 DAGs
[2023-08-07T11:53:44.685+0000] {logging_mixin.py:150} INFO - [2023-08-07T11:53:44.685+0000] {dag.py:3508} INFO - Setting next_dagrun for example_short_circuit_operator to 2023-08-06T11:53:44.684926+00:00, run_after=2023-08-07T11:53:44.684926+00:00
[2023-08-07T11:53:44.781+0000] {processor.py:179} INFO - Processing /home/airflow/.local/lib/python3.7/site-packages/airflow/example_dags/example_short_circuit_operator.py took 0.572 seconds
[2023-08-07T11:54:15.127+0000] {processor.py:157} INFO - Started process (PID=734) to work on /home/airflow/.local/lib/python3.7/site-packages/airflow/example_dags/example_short_circuit_operator.py
[2023-08-07T11:54:15.140+0000] {processor.py:826} INFO - Processing file /home/airflow/.local/lib/python3.7/site-packages/airflow/example_dags/example_short_circuit_operator.py for tasks to queue
[2023-08-07T11:54:15.148+0000] {logging_mixin.py:150} INFO - [2023-08-07T11:54:15.147+0000] {dagbag.py:541} INFO - Filling up the DagBag from /home/airflow/.local/lib/python3.7/site-packages/airflow/example_dags/example_short_circuit_operator.py
[2023-08-07T11:54:15.240+0000] {processor.py:836} INFO - DAG(s) dict_keys(['example_short_circuit_operator']) retrieved from /home/airflow/.local/lib/python3.7/site-packages/airflow/example_dags/example_short_circuit_operator.py
[2023-08-07T11:54:15.392+0000] {logging_mixin.py:150} INFO - [2023-08-07T11:54:15.391+0000] {dag.py:2742} INFO - Sync 1 DAGs
[2023-08-07T11:54:15.541+0000] {logging_mixin.py:150} INFO - [2023-08-07T11:54:15.541+0000] {dag.py:3508} INFO - Setting next_dagrun for example_short_circuit_operator to 2023-08-06T11:54:15.540076+00:00, run_after=2023-08-07T11:54:15.540076+00:00
[2023-08-07T11:54:15.650+0000] {processor.py:179} INFO - Processing /home/airflow/.local/lib/python3.7/site-packages/airflow/example_dags/example_short_circuit_operator.py took 0.535 seconds
[2023-08-07T11:54:57.422+0000] {processor.py:157} INFO - Started process (PID=972) to work on /home/airflow/.local/lib/python3.7/site-packages/airflow/example_dags/example_short_circuit_operator.py
[2023-08-07T11:54:57.439+0000] {processor.py:826} INFO - Processing file /home/airflow/.local/lib/python3.7/site-packages/airflow/example_dags/example_short_circuit_operator.py for tasks to queue
[2023-08-07T11:54:57.458+0000] {logging_mixin.py:150} INFO - [2023-08-07T11:54:57.457+0000] {dagbag.py:541} INFO - Filling up the DagBag from /home/airflow/.local/lib/python3.7/site-packages/airflow/example_dags/example_short_circuit_operator.py
[2023-08-07T11:54:57.589+0000] {processor.py:836} INFO - DAG(s) dict_keys(['example_short_circuit_operator']) retrieved from /home/airflow/.local/lib/python3.7/site-packages/airflow/example_dags/example_short_circuit_operator.py
[2023-08-07T11:54:58.104+0000] {logging_mixin.py:150} INFO - [2023-08-07T11:54:58.103+0000] {dag.py:2742} INFO - Sync 1 DAGs
[2023-08-07T11:54:58.602+0000] {logging_mixin.py:150} INFO - [2023-08-07T11:54:58.602+0000] {dag.py:3508} INFO - Setting next_dagrun for example_short_circuit_operator to 2023-08-06T11:54:58.601346+00:00, run_after=2023-08-07T11:54:58.601346+00:00
[2023-08-07T11:54:58.883+0000] {processor.py:179} INFO - Processing /home/airflow/.local/lib/python3.7/site-packages/airflow/example_dags/example_short_circuit_operator.py took 1.481 seconds
[2023-08-07T11:55:41.900+0000] {processor.py:157} INFO - Started process (PID=1210) to work on /home/airflow/.local/lib/python3.7/site-packages/airflow/example_dags/example_short_circuit_operator.py
[2023-08-07T11:55:41.914+0000] {processor.py:826} INFO - Processing file /home/airflow/.local/lib/python3.7/site-packages/airflow/example_dags/example_short_circuit_operator.py for tasks to queue
[2023-08-07T11:55:41.927+0000] {logging_mixin.py:150} INFO - [2023-08-07T11:55:41.925+0000] {dagbag.py:541} INFO - Filling up the DagBag from /home/airflow/.local/lib/python3.7/site-packages/airflow/example_dags/example_short_circuit_operator.py
[2023-08-07T11:55:41.994+0000] {processor.py:836} INFO - DAG(s) dict_keys(['example_short_circuit_operator']) retrieved from /home/airflow/.local/lib/python3.7/site-packages/airflow/example_dags/example_short_circuit_operator.py
[2023-08-07T11:55:42.150+0000] {logging_mixin.py:150} INFO - [2023-08-07T11:55:42.150+0000] {dag.py:2742} INFO - Sync 1 DAGs
[2023-08-07T11:55:42.256+0000] {logging_mixin.py:150} INFO - [2023-08-07T11:55:42.255+0000] {dag.py:3508} INFO - Setting next_dagrun for example_short_circuit_operator to 2023-08-06T11:55:42.255000+00:00, run_after=2023-08-07T11:55:42.255000+00:00
[2023-08-07T11:55:42.332+0000] {processor.py:179} INFO - Processing /home/airflow/.local/lib/python3.7/site-packages/airflow/example_dags/example_short_circuit_operator.py took 0.469 seconds
[2023-08-07T11:57:18.501+0000] {processor.py:157} INFO - Started process (PID=1477) to work on /home/airflow/.local/lib/python3.7/site-packages/airflow/example_dags/example_short_circuit_operator.py
[2023-08-07T11:57:18.514+0000] {processor.py:826} INFO - Processing file /home/airflow/.local/lib/python3.7/site-packages/airflow/example_dags/example_short_circuit_operator.py for tasks to queue
[2023-08-07T11:57:18.542+0000] {logging_mixin.py:150} INFO - [2023-08-07T11:57:18.528+0000] {dagbag.py:541} INFO - Filling up the DagBag from /home/airflow/.local/lib/python3.7/site-packages/airflow/example_dags/example_short_circuit_operator.py
[2023-08-07T11:57:18.685+0000] {processor.py:836} INFO - DAG(s) dict_keys(['example_short_circuit_operator']) retrieved from /home/airflow/.local/lib/python3.7/site-packages/airflow/example_dags/example_short_circuit_operator.py
[2023-08-07T11:57:19.974+0000] {logging_mixin.py:150} INFO - [2023-08-07T11:57:19.973+0000] {dag.py:2742} INFO - Sync 1 DAGs
[2023-08-07T11:57:20.841+0000] {logging_mixin.py:150} INFO - [2023-08-07T11:57:20.840+0000] {dag.py:3508} INFO - Setting next_dagrun for example_short_circuit_operator to 2023-08-06T11:57:20.838013+00:00, run_after=2023-08-07T11:57:20.838013+00:00
[2023-08-07T11:57:21.424+0000] {processor.py:179} INFO - Processing /home/airflow/.local/lib/python3.7/site-packages/airflow/example_dags/example_short_circuit_operator.py took 2.972 seconds
