[2023-08-07T11:53:06.809+0000] {processor.py:157} INFO - Started process (PID=346) to work on /home/airflow/.local/lib/python3.7/site-packages/airflow/example_dags/example_local_kubernetes_executor.py
[2023-08-07T11:53:06.818+0000] {processor.py:826} INFO - Processing file /home/airflow/.local/lib/python3.7/site-packages/airflow/example_dags/example_local_kubernetes_executor.py for tasks to queue
[2023-08-07T11:53:06.832+0000] {logging_mixin.py:150} INFO - [2023-08-07T11:53:06.830+0000] {dagbag.py:541} INFO - Filling up the DagBag from /home/airflow/.local/lib/python3.7/site-packages/airflow/example_dags/example_local_kubernetes_executor.py
[2023-08-07T11:53:14.680+0000] {processor.py:836} INFO - DAG(s) dict_keys(['example_local_kubernetes_executor']) retrieved from /home/airflow/.local/lib/python3.7/site-packages/airflow/example_dags/example_local_kubernetes_executor.py
[2023-08-07T11:53:15.038+0000] {logging_mixin.py:150} INFO - [2023-08-07T11:53:15.037+0000] {dag.py:2742} INFO - Sync 1 DAGs
[2023-08-07T11:53:15.521+0000] {logging_mixin.py:150} INFO - [2023-08-07T11:53:15.521+0000] {dag.py:3508} INFO - Setting next_dagrun for example_local_kubernetes_executor to None, run_after=None
[2023-08-07T11:53:15.968+0000] {processor.py:179} INFO - Processing /home/airflow/.local/lib/python3.7/site-packages/airflow/example_dags/example_local_kubernetes_executor.py took 9.185 seconds
[2023-08-07T11:53:52.035+0000] {processor.py:157} INFO - Started process (PID=587) to work on /home/airflow/.local/lib/python3.7/site-packages/airflow/example_dags/example_local_kubernetes_executor.py
[2023-08-07T11:53:52.038+0000] {processor.py:826} INFO - Processing file /home/airflow/.local/lib/python3.7/site-packages/airflow/example_dags/example_local_kubernetes_executor.py for tasks to queue
[2023-08-07T11:53:52.042+0000] {logging_mixin.py:150} INFO - [2023-08-07T11:53:52.042+0000] {dagbag.py:541} INFO - Filling up the DagBag from /home/airflow/.local/lib/python3.7/site-packages/airflow/example_dags/example_local_kubernetes_executor.py
[2023-08-07T11:53:52.636+0000] {processor.py:836} INFO - DAG(s) dict_keys(['example_local_kubernetes_executor']) retrieved from /home/airflow/.local/lib/python3.7/site-packages/airflow/example_dags/example_local_kubernetes_executor.py
[2023-08-07T11:53:52.756+0000] {logging_mixin.py:150} INFO - [2023-08-07T11:53:52.752+0000] {dag.py:2742} INFO - Sync 1 DAGs
[2023-08-07T11:53:52.833+0000] {logging_mixin.py:150} INFO - [2023-08-07T11:53:52.833+0000] {dag.py:3508} INFO - Setting next_dagrun for example_local_kubernetes_executor to None, run_after=None
[2023-08-07T11:53:52.886+0000] {processor.py:179} INFO - Processing /home/airflow/.local/lib/python3.7/site-packages/airflow/example_dags/example_local_kubernetes_executor.py took 0.861 seconds
[2023-08-07T11:54:23.788+0000] {processor.py:157} INFO - Started process (PID=826) to work on /home/airflow/.local/lib/python3.7/site-packages/airflow/example_dags/example_local_kubernetes_executor.py
[2023-08-07T11:54:23.793+0000] {processor.py:826} INFO - Processing file /home/airflow/.local/lib/python3.7/site-packages/airflow/example_dags/example_local_kubernetes_executor.py for tasks to queue
[2023-08-07T11:54:23.799+0000] {logging_mixin.py:150} INFO - [2023-08-07T11:54:23.797+0000] {dagbag.py:541} INFO - Filling up the DagBag from /home/airflow/.local/lib/python3.7/site-packages/airflow/example_dags/example_local_kubernetes_executor.py
[2023-08-07T11:54:24.242+0000] {processor.py:836} INFO - DAG(s) dict_keys(['example_local_kubernetes_executor']) retrieved from /home/airflow/.local/lib/python3.7/site-packages/airflow/example_dags/example_local_kubernetes_executor.py
[2023-08-07T11:54:24.311+0000] {logging_mixin.py:150} INFO - [2023-08-07T11:54:24.311+0000] {dag.py:2742} INFO - Sync 1 DAGs
[2023-08-07T11:54:24.379+0000] {logging_mixin.py:150} INFO - [2023-08-07T11:54:24.379+0000] {dag.py:3508} INFO - Setting next_dagrun for example_local_kubernetes_executor to None, run_after=None
[2023-08-07T11:54:24.422+0000] {processor.py:179} INFO - Processing /home/airflow/.local/lib/python3.7/site-packages/airflow/example_dags/example_local_kubernetes_executor.py took 0.655 seconds
[2023-08-07T11:55:15.128+0000] {processor.py:157} INFO - Started process (PID=1074) to work on /home/airflow/.local/lib/python3.7/site-packages/airflow/example_dags/example_local_kubernetes_executor.py
[2023-08-07T11:55:15.166+0000] {processor.py:826} INFO - Processing file /home/airflow/.local/lib/python3.7/site-packages/airflow/example_dags/example_local_kubernetes_executor.py for tasks to queue
[2023-08-07T11:55:15.177+0000] {logging_mixin.py:150} INFO - [2023-08-07T11:55:15.176+0000] {dagbag.py:541} INFO - Filling up the DagBag from /home/airflow/.local/lib/python3.7/site-packages/airflow/example_dags/example_local_kubernetes_executor.py
[2023-08-07T11:55:18.930+0000] {processor.py:836} INFO - DAG(s) dict_keys(['example_local_kubernetes_executor']) retrieved from /home/airflow/.local/lib/python3.7/site-packages/airflow/example_dags/example_local_kubernetes_executor.py
[2023-08-07T11:55:23.634+0000] {logging_mixin.py:150} INFO - [2023-08-07T11:55:23.634+0000] {dag.py:2742} INFO - Sync 1 DAGs
[2023-08-07T11:55:24.118+0000] {logging_mixin.py:150} INFO - [2023-08-07T11:55:24.093+0000] {dag.py:3508} INFO - Setting next_dagrun for example_local_kubernetes_executor to None, run_after=None
[2023-08-07T11:55:24.608+0000] {processor.py:179} INFO - Processing /home/airflow/.local/lib/python3.7/site-packages/airflow/example_dags/example_local_kubernetes_executor.py took 9.636 seconds
[2023-08-07T11:56:15.494+0000] {processor.py:157} INFO - Started process (PID=1328) to work on /home/airflow/.local/lib/python3.7/site-packages/airflow/example_dags/example_local_kubernetes_executor.py
[2023-08-07T11:56:15.786+0000] {processor.py:826} INFO - Processing file /home/airflow/.local/lib/python3.7/site-packages/airflow/example_dags/example_local_kubernetes_executor.py for tasks to queue
[2023-08-07T11:56:15.926+0000] {logging_mixin.py:150} INFO - [2023-08-07T11:56:15.806+0000] {dagbag.py:541} INFO - Filling up the DagBag from /home/airflow/.local/lib/python3.7/site-packages/airflow/example_dags/example_local_kubernetes_executor.py
[2023-08-07T11:56:26.390+0000] {processor.py:836} INFO - DAG(s) dict_keys(['example_local_kubernetes_executor']) retrieved from /home/airflow/.local/lib/python3.7/site-packages/airflow/example_dags/example_local_kubernetes_executor.py
[2023-08-07T11:56:27.897+0000] {logging_mixin.py:150} INFO - [2023-08-07T11:56:27.896+0000] {dag.py:2742} INFO - Sync 1 DAGs
[2023-08-07T11:56:29.143+0000] {logging_mixin.py:150} INFO - [2023-08-07T11:56:29.142+0000] {dag.py:3508} INFO - Setting next_dagrun for example_local_kubernetes_executor to None, run_after=None
[2023-08-07T11:56:29.862+0000] {processor.py:179} INFO - Processing /home/airflow/.local/lib/python3.7/site-packages/airflow/example_dags/example_local_kubernetes_executor.py took 14.608 seconds
