[2023-08-07T11:52:47.748+0000] {processor.py:157} INFO - Started process (PID=244) to work on /home/airflow/.local/lib/python3.7/site-packages/airflow/example_dags/example_short_circuit_decorator.py
[2023-08-07T11:52:47.771+0000] {processor.py:826} INFO - Processing file /home/airflow/.local/lib/python3.7/site-packages/airflow/example_dags/example_short_circuit_decorator.py for tasks to queue
[2023-08-07T11:52:47.776+0000] {logging_mixin.py:150} INFO - [2023-08-07T11:52:47.775+0000] {dagbag.py:541} INFO - Filling up the DagBag from /home/airflow/.local/lib/python3.7/site-packages/airflow/example_dags/example_short_circuit_decorator.py
[2023-08-07T11:52:47.937+0000] {processor.py:836} INFO - DAG(s) dict_keys(['example_short_circuit_decorator']) retrieved from /home/airflow/.local/lib/python3.7/site-packages/airflow/example_dags/example_short_circuit_decorator.py
[2023-08-07T11:52:48.913+0000] {logging_mixin.py:150} INFO - [2023-08-07T11:52:48.912+0000] {dag.py:2742} INFO - Sync 1 DAGs
[2023-08-07T11:52:49.194+0000] {logging_mixin.py:150} INFO - [2023-08-07T11:52:49.194+0000] {dag.py:3508} INFO - Setting next_dagrun for example_short_circuit_decorator to 2023-08-06T11:52:49.193331+00:00, run_after=2023-08-07T11:52:49.193331+00:00
[2023-08-07T11:52:49.323+0000] {processor.py:179} INFO - Processing /home/airflow/.local/lib/python3.7/site-packages/airflow/example_dags/example_short_circuit_decorator.py took 1.595 seconds
[2023-08-07T11:53:43.609+0000] {processor.py:157} INFO - Started process (PID=490) to work on /home/airflow/.local/lib/python3.7/site-packages/airflow/example_dags/example_short_circuit_decorator.py
[2023-08-07T11:53:43.614+0000] {processor.py:826} INFO - Processing file /home/airflow/.local/lib/python3.7/site-packages/airflow/example_dags/example_short_circuit_decorator.py for tasks to queue
[2023-08-07T11:53:43.620+0000] {logging_mixin.py:150} INFO - [2023-08-07T11:53:43.619+0000] {dagbag.py:541} INFO - Filling up the DagBag from /home/airflow/.local/lib/python3.7/site-packages/airflow/example_dags/example_short_circuit_decorator.py
[2023-08-07T11:53:43.651+0000] {processor.py:836} INFO - DAG(s) dict_keys(['example_short_circuit_decorator']) retrieved from /home/airflow/.local/lib/python3.7/site-packages/airflow/example_dags/example_short_circuit_decorator.py
[2023-08-07T11:53:43.789+0000] {logging_mixin.py:150} INFO - [2023-08-07T11:53:43.789+0000] {dag.py:2742} INFO - Sync 1 DAGs
[2023-08-07T11:53:43.923+0000] {logging_mixin.py:150} INFO - [2023-08-07T11:53:43.923+0000] {dag.py:3508} INFO - Setting next_dagrun for example_short_circuit_decorator to 2023-08-06T11:53:43.920760+00:00, run_after=2023-08-07T11:53:43.920760+00:00
[2023-08-07T11:53:44.046+0000] {processor.py:179} INFO - Processing /home/airflow/.local/lib/python3.7/site-packages/airflow/example_dags/example_short_circuit_decorator.py took 0.460 seconds
[2023-08-07T11:54:14.543+0000] {processor.py:157} INFO - Started process (PID=729) to work on /home/airflow/.local/lib/python3.7/site-packages/airflow/example_dags/example_short_circuit_decorator.py
[2023-08-07T11:54:14.552+0000] {processor.py:826} INFO - Processing file /home/airflow/.local/lib/python3.7/site-packages/airflow/example_dags/example_short_circuit_decorator.py for tasks to queue
[2023-08-07T11:54:14.557+0000] {logging_mixin.py:150} INFO - [2023-08-07T11:54:14.556+0000] {dagbag.py:541} INFO - Filling up the DagBag from /home/airflow/.local/lib/python3.7/site-packages/airflow/example_dags/example_short_circuit_decorator.py
[2023-08-07T11:54:14.604+0000] {processor.py:836} INFO - DAG(s) dict_keys(['example_short_circuit_decorator']) retrieved from /home/airflow/.local/lib/python3.7/site-packages/airflow/example_dags/example_short_circuit_decorator.py
[2023-08-07T11:54:14.733+0000] {logging_mixin.py:150} INFO - [2023-08-07T11:54:14.732+0000] {dag.py:2742} INFO - Sync 1 DAGs
[2023-08-07T11:54:14.918+0000] {logging_mixin.py:150} INFO - [2023-08-07T11:54:14.917+0000] {dag.py:3508} INFO - Setting next_dagrun for example_short_circuit_decorator to 2023-08-06T11:54:14.917388+00:00, run_after=2023-08-07T11:54:14.917388+00:00
[2023-08-07T11:54:14.993+0000] {processor.py:179} INFO - Processing /home/airflow/.local/lib/python3.7/site-packages/airflow/example_dags/example_short_circuit_decorator.py took 0.463 seconds
[2023-08-07T11:54:56.814+0000] {processor.py:157} INFO - Started process (PID=967) to work on /home/airflow/.local/lib/python3.7/site-packages/airflow/example_dags/example_short_circuit_decorator.py
[2023-08-07T11:54:56.823+0000] {processor.py:826} INFO - Processing file /home/airflow/.local/lib/python3.7/site-packages/airflow/example_dags/example_short_circuit_decorator.py for tasks to queue
[2023-08-07T11:54:56.836+0000] {logging_mixin.py:150} INFO - [2023-08-07T11:54:56.834+0000] {dagbag.py:541} INFO - Filling up the DagBag from /home/airflow/.local/lib/python3.7/site-packages/airflow/example_dags/example_short_circuit_decorator.py
[2023-08-07T11:54:56.958+0000] {processor.py:836} INFO - DAG(s) dict_keys(['example_short_circuit_decorator']) retrieved from /home/airflow/.local/lib/python3.7/site-packages/airflow/example_dags/example_short_circuit_decorator.py
[2023-08-07T11:54:57.210+0000] {logging_mixin.py:150} INFO - [2023-08-07T11:54:57.209+0000] {dag.py:2742} INFO - Sync 1 DAGs
[2023-08-07T11:54:57.562+0000] {logging_mixin.py:150} INFO - [2023-08-07T11:54:57.560+0000] {dag.py:3508} INFO - Setting next_dagrun for example_short_circuit_decorator to 2023-08-06T11:54:57.560070+00:00, run_after=2023-08-07T11:54:57.560070+00:00
[2023-08-07T11:54:57.976+0000] {processor.py:179} INFO - Processing /home/airflow/.local/lib/python3.7/site-packages/airflow/example_dags/example_short_circuit_decorator.py took 1.188 seconds
[2023-08-07T11:55:40.979+0000] {processor.py:157} INFO - Started process (PID=1205) to work on /home/airflow/.local/lib/python3.7/site-packages/airflow/example_dags/example_short_circuit_decorator.py
[2023-08-07T11:55:40.991+0000] {processor.py:826} INFO - Processing file /home/airflow/.local/lib/python3.7/site-packages/airflow/example_dags/example_short_circuit_decorator.py for tasks to queue
[2023-08-07T11:55:41.003+0000] {logging_mixin.py:150} INFO - [2023-08-07T11:55:40.999+0000] {dagbag.py:541} INFO - Filling up the DagBag from /home/airflow/.local/lib/python3.7/site-packages/airflow/example_dags/example_short_circuit_decorator.py
[2023-08-07T11:55:41.095+0000] {processor.py:836} INFO - DAG(s) dict_keys(['example_short_circuit_decorator']) retrieved from /home/airflow/.local/lib/python3.7/site-packages/airflow/example_dags/example_short_circuit_decorator.py
[2023-08-07T11:55:41.475+0000] {logging_mixin.py:150} INFO - [2023-08-07T11:55:41.475+0000] {dag.py:2742} INFO - Sync 1 DAGs
[2023-08-07T11:55:41.601+0000] {logging_mixin.py:150} INFO - [2023-08-07T11:55:41.600+0000] {dag.py:3508} INFO - Setting next_dagrun for example_short_circuit_decorator to 2023-08-06T11:55:41.600045+00:00, run_after=2023-08-07T11:55:41.600045+00:00
[2023-08-07T11:55:41.699+0000] {processor.py:179} INFO - Processing /home/airflow/.local/lib/python3.7/site-packages/airflow/example_dags/example_short_circuit_decorator.py took 0.736 seconds
[2023-08-07T11:57:16.657+0000] {processor.py:157} INFO - Started process (PID=1472) to work on /home/airflow/.local/lib/python3.7/site-packages/airflow/example_dags/example_short_circuit_decorator.py
[2023-08-07T11:57:16.664+0000] {processor.py:826} INFO - Processing file /home/airflow/.local/lib/python3.7/site-packages/airflow/example_dags/example_short_circuit_decorator.py for tasks to queue
[2023-08-07T11:57:16.686+0000] {logging_mixin.py:150} INFO - [2023-08-07T11:57:16.675+0000] {dagbag.py:541} INFO - Filling up the DagBag from /home/airflow/.local/lib/python3.7/site-packages/airflow/example_dags/example_short_circuit_decorator.py
[2023-08-07T11:57:16.859+0000] {processor.py:836} INFO - DAG(s) dict_keys(['example_short_circuit_decorator']) retrieved from /home/airflow/.local/lib/python3.7/site-packages/airflow/example_dags/example_short_circuit_decorator.py
[2023-08-07T11:57:17.548+0000] {logging_mixin.py:150} INFO - [2023-08-07T11:57:17.544+0000] {dag.py:2742} INFO - Sync 1 DAGs
[2023-08-07T11:57:18.237+0000] {logging_mixin.py:150} INFO - [2023-08-07T11:57:18.236+0000] {dag.py:3508} INFO - Setting next_dagrun for example_short_circuit_decorator to 2023-08-06T11:57:18.236315+00:00, run_after=2023-08-07T11:57:18.236315+00:00
[2023-08-07T11:57:18.622+0000] {processor.py:179} INFO - Processing /home/airflow/.local/lib/python3.7/site-packages/airflow/example_dags/example_short_circuit_decorator.py took 2.031 seconds
