[2023-08-07T11:52:41.588+0000] {processor.py:157} INFO - Started process (PID=221) to work on /home/airflow/.local/lib/python3.7/site-packages/airflow/example_dags/tutorial_taskflow_api.py
[2023-08-07T11:52:42.011+0000] {processor.py:826} INFO - Processing file /home/airflow/.local/lib/python3.7/site-packages/airflow/example_dags/tutorial_taskflow_api.py for tasks to queue
[2023-08-07T11:52:42.026+0000] {logging_mixin.py:150} INFO - [2023-08-07T11:52:42.023+0000] {dagbag.py:541} INFO - Filling up the DagBag from /home/airflow/.local/lib/python3.7/site-packages/airflow/example_dags/tutorial_taskflow_api.py
[2023-08-07T11:52:42.209+0000] {processor.py:836} INFO - DAG(s) dict_keys(['tutorial_taskflow_api']) retrieved from /home/airflow/.local/lib/python3.7/site-packages/airflow/example_dags/tutorial_taskflow_api.py
[2023-08-07T11:52:42.839+0000] {logging_mixin.py:150} INFO - [2023-08-07T11:52:42.839+0000] {dag.py:2742} INFO - Sync 1 DAGs
[2023-08-07T11:52:43.385+0000] {logging_mixin.py:150} INFO - [2023-08-07T11:52:43.385+0000] {dag.py:3508} INFO - Setting next_dagrun for tutorial_taskflow_api to None, run_after=None
[2023-08-07T11:52:43.602+0000] {processor.py:179} INFO - Processing /home/airflow/.local/lib/python3.7/site-packages/airflow/example_dags/tutorial_taskflow_api.py took 2.063 seconds
[2023-08-07T11:53:41.459+0000] {processor.py:157} INFO - Started process (PID=465) to work on /home/airflow/.local/lib/python3.7/site-packages/airflow/example_dags/tutorial_taskflow_api.py
[2023-08-07T11:53:41.490+0000] {processor.py:826} INFO - Processing file /home/airflow/.local/lib/python3.7/site-packages/airflow/example_dags/tutorial_taskflow_api.py for tasks to queue
[2023-08-07T11:53:41.503+0000] {logging_mixin.py:150} INFO - [2023-08-07T11:53:41.495+0000] {dagbag.py:541} INFO - Filling up the DagBag from /home/airflow/.local/lib/python3.7/site-packages/airflow/example_dags/tutorial_taskflow_api.py
[2023-08-07T11:53:41.619+0000] {processor.py:836} INFO - DAG(s) dict_keys(['tutorial_taskflow_api']) retrieved from /home/airflow/.local/lib/python3.7/site-packages/airflow/example_dags/tutorial_taskflow_api.py
[2023-08-07T11:53:41.881+0000] {logging_mixin.py:150} INFO - [2023-08-07T11:53:41.880+0000] {dag.py:2742} INFO - Sync 1 DAGs
[2023-08-07T11:53:42.091+0000] {logging_mixin.py:150} INFO - [2023-08-07T11:53:42.091+0000] {dag.py:3508} INFO - Setting next_dagrun for tutorial_taskflow_api to None, run_after=None
[2023-08-07T11:53:42.146+0000] {processor.py:179} INFO - Processing /home/airflow/.local/lib/python3.7/site-packages/airflow/example_dags/tutorial_taskflow_api.py took 0.717 seconds
[2023-08-07T11:54:12.959+0000] {processor.py:157} INFO - Started process (PID=704) to work on /home/airflow/.local/lib/python3.7/site-packages/airflow/example_dags/tutorial_taskflow_api.py
[2023-08-07T11:54:12.967+0000] {processor.py:826} INFO - Processing file /home/airflow/.local/lib/python3.7/site-packages/airflow/example_dags/tutorial_taskflow_api.py for tasks to queue
[2023-08-07T11:54:12.976+0000] {logging_mixin.py:150} INFO - [2023-08-07T11:54:12.975+0000] {dagbag.py:541} INFO - Filling up the DagBag from /home/airflow/.local/lib/python3.7/site-packages/airflow/example_dags/tutorial_taskflow_api.py
[2023-08-07T11:54:13.125+0000] {processor.py:836} INFO - DAG(s) dict_keys(['tutorial_taskflow_api']) retrieved from /home/airflow/.local/lib/python3.7/site-packages/airflow/example_dags/tutorial_taskflow_api.py
[2023-08-07T11:54:13.288+0000] {logging_mixin.py:150} INFO - [2023-08-07T11:54:13.288+0000] {dag.py:2742} INFO - Sync 1 DAGs
[2023-08-07T11:54:13.493+0000] {logging_mixin.py:150} INFO - [2023-08-07T11:54:13.493+0000] {dag.py:3508} INFO - Setting next_dagrun for tutorial_taskflow_api to None, run_after=None
[2023-08-07T11:54:13.666+0000] {processor.py:179} INFO - Processing /home/airflow/.local/lib/python3.7/site-packages/airflow/example_dags/tutorial_taskflow_api.py took 0.730 seconds
[2023-08-07T11:54:47.885+0000] {processor.py:157} INFO - Started process (PID=937) to work on /home/airflow/.local/lib/python3.7/site-packages/airflow/example_dags/tutorial_taskflow_api.py
[2023-08-07T11:54:47.912+0000] {processor.py:826} INFO - Processing file /home/airflow/.local/lib/python3.7/site-packages/airflow/example_dags/tutorial_taskflow_api.py for tasks to queue
[2023-08-07T11:54:47.924+0000] {logging_mixin.py:150} INFO - [2023-08-07T11:54:47.918+0000] {dagbag.py:541} INFO - Filling up the DagBag from /home/airflow/.local/lib/python3.7/site-packages/airflow/example_dags/tutorial_taskflow_api.py
[2023-08-07T11:54:47.970+0000] {processor.py:836} INFO - DAG(s) dict_keys(['tutorial_taskflow_api']) retrieved from /home/airflow/.local/lib/python3.7/site-packages/airflow/example_dags/tutorial_taskflow_api.py
[2023-08-07T11:54:48.231+0000] {logging_mixin.py:150} INFO - [2023-08-07T11:54:48.230+0000] {dag.py:2742} INFO - Sync 1 DAGs
[2023-08-07T11:54:48.523+0000] {logging_mixin.py:150} INFO - [2023-08-07T11:54:48.519+0000] {dag.py:3508} INFO - Setting next_dagrun for tutorial_taskflow_api to None, run_after=None
[2023-08-07T11:54:48.789+0000] {processor.py:179} INFO - Processing /home/airflow/.local/lib/python3.7/site-packages/airflow/example_dags/tutorial_taskflow_api.py took 0.946 seconds
[2023-08-07T11:55:38.000+0000] {processor.py:157} INFO - Started process (PID=1174) to work on /home/airflow/.local/lib/python3.7/site-packages/airflow/example_dags/tutorial_taskflow_api.py
[2023-08-07T11:55:38.021+0000] {processor.py:826} INFO - Processing file /home/airflow/.local/lib/python3.7/site-packages/airflow/example_dags/tutorial_taskflow_api.py for tasks to queue
[2023-08-07T11:55:38.031+0000] {logging_mixin.py:150} INFO - [2023-08-07T11:55:38.030+0000] {dagbag.py:541} INFO - Filling up the DagBag from /home/airflow/.local/lib/python3.7/site-packages/airflow/example_dags/tutorial_taskflow_api.py
[2023-08-07T11:55:38.166+0000] {processor.py:836} INFO - DAG(s) dict_keys(['tutorial_taskflow_api']) retrieved from /home/airflow/.local/lib/python3.7/site-packages/airflow/example_dags/tutorial_taskflow_api.py
[2023-08-07T11:55:38.754+0000] {logging_mixin.py:150} INFO - [2023-08-07T11:55:38.754+0000] {dag.py:2742} INFO - Sync 1 DAGs
[2023-08-07T11:55:39.238+0000] {logging_mixin.py:150} INFO - [2023-08-07T11:55:39.238+0000] {dag.py:3508} INFO - Setting next_dagrun for tutorial_taskflow_api to None, run_after=None
[2023-08-07T11:55:39.387+0000] {processor.py:179} INFO - Processing /home/airflow/.local/lib/python3.7/site-packages/airflow/example_dags/tutorial_taskflow_api.py took 1.503 seconds
[2023-08-07T11:57:09.581+0000] {processor.py:157} INFO - Started process (PID=1440) to work on /home/airflow/.local/lib/python3.7/site-packages/airflow/example_dags/tutorial_taskflow_api.py
[2023-08-07T11:57:09.654+0000] {processor.py:826} INFO - Processing file /home/airflow/.local/lib/python3.7/site-packages/airflow/example_dags/tutorial_taskflow_api.py for tasks to queue
[2023-08-07T11:57:09.666+0000] {logging_mixin.py:150} INFO - [2023-08-07T11:57:09.661+0000] {dagbag.py:541} INFO - Filling up the DagBag from /home/airflow/.local/lib/python3.7/site-packages/airflow/example_dags/tutorial_taskflow_api.py
[2023-08-07T11:57:09.736+0000] {processor.py:836} INFO - DAG(s) dict_keys(['tutorial_taskflow_api']) retrieved from /home/airflow/.local/lib/python3.7/site-packages/airflow/example_dags/tutorial_taskflow_api.py
[2023-08-07T11:57:09.871+0000] {logging_mixin.py:150} INFO - [2023-08-07T11:57:09.871+0000] {dag.py:2742} INFO - Sync 1 DAGs
[2023-08-07T11:57:10.126+0000] {logging_mixin.py:150} INFO - [2023-08-07T11:57:10.125+0000] {dag.py:3508} INFO - Setting next_dagrun for tutorial_taskflow_api to None, run_after=None
[2023-08-07T11:57:10.464+0000] {processor.py:179} INFO - Processing /home/airflow/.local/lib/python3.7/site-packages/airflow/example_dags/tutorial_taskflow_api.py took 0.969 seconds
