[2023-08-07T11:53:05.184+0000] {processor.py:157} INFO - Started process (PID=334) to work on /home/airflow/.local/lib/python3.7/site-packages/airflow/example_dags/tutorial_dag.py
[2023-08-07T11:53:05.193+0000] {processor.py:826} INFO - Processing file /home/airflow/.local/lib/python3.7/site-packages/airflow/example_dags/tutorial_dag.py for tasks to queue
[2023-08-07T11:53:05.203+0000] {logging_mixin.py:150} INFO - [2023-08-07T11:53:05.201+0000] {dagbag.py:541} INFO - Filling up the DagBag from /home/airflow/.local/lib/python3.7/site-packages/airflow/example_dags/tutorial_dag.py
[2023-08-07T11:53:05.231+0000] {processor.py:836} INFO - DAG(s) dict_keys(['tutorial_dag']) retrieved from /home/airflow/.local/lib/python3.7/site-packages/airflow/example_dags/tutorial_dag.py
[2023-08-07T11:53:05.663+0000] {logging_mixin.py:150} INFO - [2023-08-07T11:53:05.662+0000] {dag.py:2742} INFO - Sync 1 DAGs
[2023-08-07T11:53:06.684+0000] {logging_mixin.py:150} INFO - [2023-08-07T11:53:06.679+0000] {dag.py:3508} INFO - Setting next_dagrun for tutorial_dag to None, run_after=None
[2023-08-07T11:53:06.953+0000] {processor.py:179} INFO - Processing /home/airflow/.local/lib/python3.7/site-packages/airflow/example_dags/tutorial_dag.py took 1.787 seconds
[2023-08-07T11:53:51.576+0000] {processor.py:157} INFO - Started process (PID=580) to work on /home/airflow/.local/lib/python3.7/site-packages/airflow/example_dags/tutorial_dag.py
[2023-08-07T11:53:51.582+0000] {processor.py:826} INFO - Processing file /home/airflow/.local/lib/python3.7/site-packages/airflow/example_dags/tutorial_dag.py for tasks to queue
[2023-08-07T11:53:51.593+0000] {logging_mixin.py:150} INFO - [2023-08-07T11:53:51.590+0000] {dagbag.py:541} INFO - Filling up the DagBag from /home/airflow/.local/lib/python3.7/site-packages/airflow/example_dags/tutorial_dag.py
[2023-08-07T11:53:51.632+0000] {processor.py:836} INFO - DAG(s) dict_keys(['tutorial_dag']) retrieved from /home/airflow/.local/lib/python3.7/site-packages/airflow/example_dags/tutorial_dag.py
[2023-08-07T11:53:51.784+0000] {logging_mixin.py:150} INFO - [2023-08-07T11:53:51.783+0000] {dag.py:2742} INFO - Sync 1 DAGs
[2023-08-07T11:53:51.879+0000] {logging_mixin.py:150} INFO - [2023-08-07T11:53:51.877+0000] {dag.py:3508} INFO - Setting next_dagrun for tutorial_dag to None, run_after=None
[2023-08-07T11:53:51.950+0000] {processor.py:179} INFO - Processing /home/airflow/.local/lib/python3.7/site-packages/airflow/example_dags/tutorial_dag.py took 0.383 seconds
[2023-08-07T11:54:22.423+0000] {processor.py:157} INFO - Started process (PID=819) to work on /home/airflow/.local/lib/python3.7/site-packages/airflow/example_dags/tutorial_dag.py
[2023-08-07T11:54:22.427+0000] {processor.py:826} INFO - Processing file /home/airflow/.local/lib/python3.7/site-packages/airflow/example_dags/tutorial_dag.py for tasks to queue
[2023-08-07T11:54:22.437+0000] {logging_mixin.py:150} INFO - [2023-08-07T11:54:22.436+0000] {dagbag.py:541} INFO - Filling up the DagBag from /home/airflow/.local/lib/python3.7/site-packages/airflow/example_dags/tutorial_dag.py
[2023-08-07T11:54:22.456+0000] {processor.py:836} INFO - DAG(s) dict_keys(['tutorial_dag']) retrieved from /home/airflow/.local/lib/python3.7/site-packages/airflow/example_dags/tutorial_dag.py
[2023-08-07T11:54:22.526+0000] {logging_mixin.py:150} INFO - [2023-08-07T11:54:22.525+0000] {dag.py:2742} INFO - Sync 1 DAGs
[2023-08-07T11:54:22.623+0000] {logging_mixin.py:150} INFO - [2023-08-07T11:54:22.620+0000] {dag.py:3508} INFO - Setting next_dagrun for tutorial_dag to None, run_after=None
[2023-08-07T11:54:22.720+0000] {processor.py:179} INFO - Processing /home/airflow/.local/lib/python3.7/site-packages/airflow/example_dags/tutorial_dag.py took 0.306 seconds
[2023-08-07T11:55:14.066+0000] {processor.py:157} INFO - Started process (PID=1069) to work on /home/airflow/.local/lib/python3.7/site-packages/airflow/example_dags/tutorial_dag.py
[2023-08-07T11:55:14.099+0000] {processor.py:826} INFO - Processing file /home/airflow/.local/lib/python3.7/site-packages/airflow/example_dags/tutorial_dag.py for tasks to queue
[2023-08-07T11:55:14.142+0000] {logging_mixin.py:150} INFO - [2023-08-07T11:55:14.141+0000] {dagbag.py:541} INFO - Filling up the DagBag from /home/airflow/.local/lib/python3.7/site-packages/airflow/example_dags/tutorial_dag.py
[2023-08-07T11:55:14.280+0000] {processor.py:836} INFO - DAG(s) dict_keys(['tutorial_dag']) retrieved from /home/airflow/.local/lib/python3.7/site-packages/airflow/example_dags/tutorial_dag.py
[2023-08-07T11:55:14.979+0000] {logging_mixin.py:150} INFO - [2023-08-07T11:55:14.978+0000] {dag.py:2742} INFO - Sync 1 DAGs
[2023-08-07T11:55:15.310+0000] {logging_mixin.py:150} INFO - [2023-08-07T11:55:15.310+0000] {dag.py:3508} INFO - Setting next_dagrun for tutorial_dag to None, run_after=None
[2023-08-07T11:55:15.658+0000] {processor.py:179} INFO - Processing /home/airflow/.local/lib/python3.7/site-packages/airflow/example_dags/tutorial_dag.py took 1.731 seconds
[2023-08-07T11:56:11.915+0000] {processor.py:157} INFO - Started process (PID=1323) to work on /home/airflow/.local/lib/python3.7/site-packages/airflow/example_dags/tutorial_dag.py
[2023-08-07T11:56:12.001+0000] {processor.py:826} INFO - Processing file /home/airflow/.local/lib/python3.7/site-packages/airflow/example_dags/tutorial_dag.py for tasks to queue
[2023-08-07T11:56:12.344+0000] {logging_mixin.py:150} INFO - [2023-08-07T11:56:12.343+0000] {dagbag.py:541} INFO - Filling up the DagBag from /home/airflow/.local/lib/python3.7/site-packages/airflow/example_dags/tutorial_dag.py
[2023-08-07T11:56:12.784+0000] {processor.py:836} INFO - DAG(s) dict_keys(['tutorial_dag']) retrieved from /home/airflow/.local/lib/python3.7/site-packages/airflow/example_dags/tutorial_dag.py
[2023-08-07T11:56:14.837+0000] {logging_mixin.py:150} INFO - [2023-08-07T11:56:14.836+0000] {dag.py:2742} INFO - Sync 1 DAGs
[2023-08-07T11:56:15.960+0000] {logging_mixin.py:150} INFO - [2023-08-07T11:56:15.960+0000] {dag.py:3508} INFO - Setting next_dagrun for tutorial_dag to None, run_after=None
[2023-08-07T11:56:16.792+0000] {processor.py:179} INFO - Processing /home/airflow/.local/lib/python3.7/site-packages/airflow/example_dags/tutorial_dag.py took 5.079 seconds
[2023-08-07T11:57:33.828+0000] {processor.py:157} INFO - Started process (PID=1567) to work on /home/airflow/.local/lib/python3.7/site-packages/airflow/example_dags/tutorial_dag.py
[2023-08-07T11:57:33.843+0000] {processor.py:826} INFO - Processing file /home/airflow/.local/lib/python3.7/site-packages/airflow/example_dags/tutorial_dag.py for tasks to queue
[2023-08-07T11:57:33.858+0000] {logging_mixin.py:150} INFO - [2023-08-07T11:57:33.850+0000] {dagbag.py:541} INFO - Filling up the DagBag from /home/airflow/.local/lib/python3.7/site-packages/airflow/example_dags/tutorial_dag.py
[2023-08-07T11:57:33.912+0000] {processor.py:836} INFO - DAG(s) dict_keys(['tutorial_dag']) retrieved from /home/airflow/.local/lib/python3.7/site-packages/airflow/example_dags/tutorial_dag.py
[2023-08-07T11:57:34.156+0000] {logging_mixin.py:150} INFO - [2023-08-07T11:57:34.156+0000] {dag.py:2742} INFO - Sync 1 DAGs
[2023-08-07T11:57:34.340+0000] {logging_mixin.py:150} INFO - [2023-08-07T11:57:34.340+0000] {dag.py:3508} INFO - Setting next_dagrun for tutorial_dag to None, run_after=None
[2023-08-07T11:57:34.479+0000] {processor.py:179} INFO - Processing /home/airflow/.local/lib/python3.7/site-packages/airflow/example_dags/tutorial_dag.py took 0.694 seconds
