[2023-08-07T11:52:39.750+0000] {processor.py:157} INFO - Started process (PID=209) to work on /home/airflow/.local/lib/python3.7/site-packages/airflow/example_dags/tutorial.py
[2023-08-07T11:52:39.779+0000] {processor.py:826} INFO - Processing file /home/airflow/.local/lib/python3.7/site-packages/airflow/example_dags/tutorial.py for tasks to queue
[2023-08-07T11:52:39.789+0000] {logging_mixin.py:150} INFO - [2023-08-07T11:52:39.788+0000] {dagbag.py:541} INFO - Filling up the DagBag from /home/airflow/.local/lib/python3.7/site-packages/airflow/example_dags/tutorial.py
[2023-08-07T11:52:39.912+0000] {processor.py:836} INFO - DAG(s) dict_keys(['tutorial']) retrieved from /home/airflow/.local/lib/python3.7/site-packages/airflow/example_dags/tutorial.py
[2023-08-07T11:52:40.167+0000] {logging_mixin.py:150} INFO - [2023-08-07T11:52:40.167+0000] {dag.py:2742} INFO - Sync 1 DAGs
[2023-08-07T11:52:40.530+0000] {logging_mixin.py:150} INFO - [2023-08-07T11:52:40.530+0000] {dag.py:3508} INFO - Setting next_dagrun for tutorial to 2023-08-06T11:52:40.529924+00:00, run_after=2023-08-07T11:52:40.529924+00:00
[2023-08-07T11:52:41.075+0000] {processor.py:179} INFO - Processing /home/airflow/.local/lib/python3.7/site-packages/airflow/example_dags/tutorial.py took 1.352 seconds
[2023-08-07T11:53:40.239+0000] {processor.py:157} INFO - Started process (PID=457) to work on /home/airflow/.local/lib/python3.7/site-packages/airflow/example_dags/tutorial.py
[2023-08-07T11:53:40.249+0000] {processor.py:826} INFO - Processing file /home/airflow/.local/lib/python3.7/site-packages/airflow/example_dags/tutorial.py for tasks to queue
[2023-08-07T11:53:40.254+0000] {logging_mixin.py:150} INFO - [2023-08-07T11:53:40.252+0000] {dagbag.py:541} INFO - Filling up the DagBag from /home/airflow/.local/lib/python3.7/site-packages/airflow/example_dags/tutorial.py
[2023-08-07T11:53:40.354+0000] {processor.py:836} INFO - DAG(s) dict_keys(['tutorial']) retrieved from /home/airflow/.local/lib/python3.7/site-packages/airflow/example_dags/tutorial.py
[2023-08-07T11:53:40.463+0000] {logging_mixin.py:150} INFO - [2023-08-07T11:53:40.463+0000] {dag.py:2742} INFO - Sync 1 DAGs
[2023-08-07T11:53:40.764+0000] {logging_mixin.py:150} INFO - [2023-08-07T11:53:40.763+0000] {dag.py:3508} INFO - Setting next_dagrun for tutorial to 2023-08-06T11:53:40.762689+00:00, run_after=2023-08-07T11:53:40.762689+00:00
[2023-08-07T11:53:41.047+0000] {processor.py:179} INFO - Processing /home/airflow/.local/lib/python3.7/site-packages/airflow/example_dags/tutorial.py took 0.821 seconds
[2023-08-07T11:54:11.557+0000] {processor.py:157} INFO - Started process (PID=694) to work on /home/airflow/.local/lib/python3.7/site-packages/airflow/example_dags/tutorial.py
[2023-08-07T11:54:11.562+0000] {processor.py:826} INFO - Processing file /home/airflow/.local/lib/python3.7/site-packages/airflow/example_dags/tutorial.py for tasks to queue
[2023-08-07T11:54:11.568+0000] {logging_mixin.py:150} INFO - [2023-08-07T11:54:11.566+0000] {dagbag.py:541} INFO - Filling up the DagBag from /home/airflow/.local/lib/python3.7/site-packages/airflow/example_dags/tutorial.py
[2023-08-07T11:54:11.586+0000] {processor.py:836} INFO - DAG(s) dict_keys(['tutorial']) retrieved from /home/airflow/.local/lib/python3.7/site-packages/airflow/example_dags/tutorial.py
[2023-08-07T11:54:11.644+0000] {logging_mixin.py:150} INFO - [2023-08-07T11:54:11.644+0000] {dag.py:2742} INFO - Sync 1 DAGs
[2023-08-07T11:54:11.705+0000] {logging_mixin.py:150} INFO - [2023-08-07T11:54:11.705+0000] {dag.py:3508} INFO - Setting next_dagrun for tutorial to 2023-08-06T11:54:11.704930+00:00, run_after=2023-08-07T11:54:11.704930+00:00
[2023-08-07T11:54:11.744+0000] {processor.py:179} INFO - Processing /home/airflow/.local/lib/python3.7/site-packages/airflow/example_dags/tutorial.py took 0.199 seconds
[2023-08-07T11:54:45.407+0000] {processor.py:157} INFO - Started process (PID=925) to work on /home/airflow/.local/lib/python3.7/site-packages/airflow/example_dags/tutorial.py
[2023-08-07T11:54:45.424+0000] {processor.py:826} INFO - Processing file /home/airflow/.local/lib/python3.7/site-packages/airflow/example_dags/tutorial.py for tasks to queue
[2023-08-07T11:54:45.451+0000] {logging_mixin.py:150} INFO - [2023-08-07T11:54:45.449+0000] {dagbag.py:541} INFO - Filling up the DagBag from /home/airflow/.local/lib/python3.7/site-packages/airflow/example_dags/tutorial.py
[2023-08-07T11:54:45.609+0000] {processor.py:836} INFO - DAG(s) dict_keys(['tutorial']) retrieved from /home/airflow/.local/lib/python3.7/site-packages/airflow/example_dags/tutorial.py
[2023-08-07T11:54:45.943+0000] {logging_mixin.py:150} INFO - [2023-08-07T11:54:45.943+0000] {dag.py:2742} INFO - Sync 1 DAGs
[2023-08-07T11:54:46.334+0000] {logging_mixin.py:150} INFO - [2023-08-07T11:54:46.333+0000] {dag.py:3508} INFO - Setting next_dagrun for tutorial to 2023-08-06T11:54:46.332648+00:00, run_after=2023-08-07T11:54:46.332648+00:00
[2023-08-07T11:54:47.122+0000] {processor.py:179} INFO - Processing /home/airflow/.local/lib/python3.7/site-packages/airflow/example_dags/tutorial.py took 1.930 seconds
[2023-08-07T11:55:36.692+0000] {processor.py:157} INFO - Started process (PID=1166) to work on /home/airflow/.local/lib/python3.7/site-packages/airflow/example_dags/tutorial.py
[2023-08-07T11:55:36.738+0000] {processor.py:826} INFO - Processing file /home/airflow/.local/lib/python3.7/site-packages/airflow/example_dags/tutorial.py for tasks to queue
[2023-08-07T11:55:36.764+0000] {logging_mixin.py:150} INFO - [2023-08-07T11:55:36.758+0000] {dagbag.py:541} INFO - Filling up the DagBag from /home/airflow/.local/lib/python3.7/site-packages/airflow/example_dags/tutorial.py
[2023-08-07T11:55:36.829+0000] {processor.py:836} INFO - DAG(s) dict_keys(['tutorial']) retrieved from /home/airflow/.local/lib/python3.7/site-packages/airflow/example_dags/tutorial.py
[2023-08-07T11:55:37.040+0000] {logging_mixin.py:150} INFO - [2023-08-07T11:55:37.039+0000] {dag.py:2742} INFO - Sync 1 DAGs
[2023-08-07T11:55:37.324+0000] {logging_mixin.py:150} INFO - [2023-08-07T11:55:37.323+0000] {dag.py:3508} INFO - Setting next_dagrun for tutorial to 2023-08-06T11:55:37.322225+00:00, run_after=2023-08-07T11:55:37.322225+00:00
[2023-08-07T11:55:37.488+0000] {processor.py:179} INFO - Processing /home/airflow/.local/lib/python3.7/site-packages/airflow/example_dags/tutorial.py took 0.836 seconds
[2023-08-07T11:57:07.932+0000] {processor.py:157} INFO - Started process (PID=1432) to work on /home/airflow/.local/lib/python3.7/site-packages/airflow/example_dags/tutorial.py
[2023-08-07T11:57:07.942+0000] {processor.py:826} INFO - Processing file /home/airflow/.local/lib/python3.7/site-packages/airflow/example_dags/tutorial.py for tasks to queue
[2023-08-07T11:57:07.959+0000] {logging_mixin.py:150} INFO - [2023-08-07T11:57:07.951+0000] {dagbag.py:541} INFO - Filling up the DagBag from /home/airflow/.local/lib/python3.7/site-packages/airflow/example_dags/tutorial.py
[2023-08-07T11:57:08.043+0000] {processor.py:836} INFO - DAG(s) dict_keys(['tutorial']) retrieved from /home/airflow/.local/lib/python3.7/site-packages/airflow/example_dags/tutorial.py
[2023-08-07T11:57:08.364+0000] {logging_mixin.py:150} INFO - [2023-08-07T11:57:08.350+0000] {dag.py:2742} INFO - Sync 1 DAGs
[2023-08-07T11:57:09.117+0000] {logging_mixin.py:150} INFO - [2023-08-07T11:57:09.116+0000] {dag.py:3508} INFO - Setting next_dagrun for tutorial to 2023-08-06T11:57:09.110209+00:00, run_after=2023-08-07T11:57:09.110209+00:00
[2023-08-07T11:57:09.443+0000] {processor.py:179} INFO - Processing /home/airflow/.local/lib/python3.7/site-packages/airflow/example_dags/tutorial.py took 1.550 seconds
