[2023-08-05T10:36:33.147+0200] {processor.py:157} INFO - Started process (PID=82523) to work on /Users/felipe.vasconcelos/repos/courses/python-learnings/.venv/lib/python3.10/site-packages/airflow/example_dags/subdags/subdag.py
[2023-08-05T10:36:33.153+0200] {processor.py:826} INFO - Processing file /Users/felipe.vasconcelos/repos/courses/python-learnings/.venv/lib/python3.10/site-packages/airflow/example_dags/subdags/subdag.py for tasks to queue
[2023-08-05T10:36:33.153+0200] {logging_mixin.py:150} INFO - [2023-08-05T10:36:33.153+0200] {dagbag.py:541} INFO - Filling up the DagBag from /Users/felipe.vasconcelos/repos/courses/python-learnings/.venv/lib/python3.10/site-packages/airflow/example_dags/subdags/subdag.py
[2023-08-05T10:36:33.158+0200] {processor.py:838} WARNING - No viable dags retrieved from /Users/felipe.vasconcelos/repos/courses/python-learnings/.venv/lib/python3.10/site-packages/airflow/example_dags/subdags/subdag.py
[2023-08-05T10:36:34.034+0200] {processor.py:179} INFO - Processing /Users/felipe.vasconcelos/repos/courses/python-learnings/.venv/lib/python3.10/site-packages/airflow/example_dags/subdags/subdag.py took 0.888 seconds
[2023-08-05T10:41:36.746+0200] {processor.py:157} INFO - Started process (PID=82646) to work on /Users/felipe.vasconcelos/repos/courses/python-learnings/.venv/lib/python3.10/site-packages/airflow/example_dags/subdags/subdag.py
[2023-08-05T10:41:36.753+0200] {processor.py:826} INFO - Processing file /Users/felipe.vasconcelos/repos/courses/python-learnings/.venv/lib/python3.10/site-packages/airflow/example_dags/subdags/subdag.py for tasks to queue
[2023-08-05T10:41:36.754+0200] {logging_mixin.py:150} INFO - [2023-08-05T10:41:36.754+0200] {dagbag.py:541} INFO - Filling up the DagBag from /Users/felipe.vasconcelos/repos/courses/python-learnings/.venv/lib/python3.10/site-packages/airflow/example_dags/subdags/subdag.py
[2023-08-05T10:41:36.757+0200] {processor.py:838} WARNING - No viable dags retrieved from /Users/felipe.vasconcelos/repos/courses/python-learnings/.venv/lib/python3.10/site-packages/airflow/example_dags/subdags/subdag.py
[2023-08-05T10:41:37.567+0200] {processor.py:179} INFO - Processing /Users/felipe.vasconcelos/repos/courses/python-learnings/.venv/lib/python3.10/site-packages/airflow/example_dags/subdags/subdag.py took 0.822 seconds
[2023-08-05T10:44:55.960+0200] {processor.py:157} INFO - Started process (PID=82747) to work on /Users/felipe.vasconcelos/repos/courses/python-learnings/.venv/lib/python3.10/site-packages/airflow/example_dags/subdags/subdag.py
[2023-08-05T10:44:55.977+0200] {processor.py:826} INFO - Processing file /Users/felipe.vasconcelos/repos/courses/python-learnings/.venv/lib/python3.10/site-packages/airflow/example_dags/subdags/subdag.py for tasks to queue
[2023-08-05T10:44:55.979+0200] {logging_mixin.py:150} INFO - [2023-08-05T10:44:55.979+0200] {dagbag.py:541} INFO - Filling up the DagBag from /Users/felipe.vasconcelos/repos/courses/python-learnings/.venv/lib/python3.10/site-packages/airflow/example_dags/subdags/subdag.py
[2023-08-05T10:44:55.985+0200] {processor.py:838} WARNING - No viable dags retrieved from /Users/felipe.vasconcelos/repos/courses/python-learnings/.venv/lib/python3.10/site-packages/airflow/example_dags/subdags/subdag.py
[2023-08-05T10:44:57.201+0200] {processor.py:179} INFO - Processing /Users/felipe.vasconcelos/repos/courses/python-learnings/.venv/lib/python3.10/site-packages/airflow/example_dags/subdags/subdag.py took 1.242 seconds
[2023-08-05T10:47:53.036+0200] {processor.py:157} INFO - Started process (PID=82854) to work on /Users/felipe.vasconcelos/repos/courses/python-learnings/.venv/lib/python3.10/site-packages/airflow/example_dags/subdags/subdag.py
[2023-08-05T10:47:53.042+0200] {processor.py:826} INFO - Processing file /Users/felipe.vasconcelos/repos/courses/python-learnings/.venv/lib/python3.10/site-packages/airflow/example_dags/subdags/subdag.py for tasks to queue
[2023-08-05T10:47:53.043+0200] {logging_mixin.py:150} INFO - [2023-08-05T10:47:53.043+0200] {dagbag.py:541} INFO - Filling up the DagBag from /Users/felipe.vasconcelos/repos/courses/python-learnings/.venv/lib/python3.10/site-packages/airflow/example_dags/subdags/subdag.py
[2023-08-05T10:47:53.047+0200] {processor.py:838} WARNING - No viable dags retrieved from /Users/felipe.vasconcelos/repos/courses/python-learnings/.venv/lib/python3.10/site-packages/airflow/example_dags/subdags/subdag.py
[2023-08-05T10:47:53.718+0200] {processor.py:179} INFO - Processing /Users/felipe.vasconcelos/repos/courses/python-learnings/.venv/lib/python3.10/site-packages/airflow/example_dags/subdags/subdag.py took 0.683 seconds
[2023-08-05T10:50:03.864+0200] {processor.py:157} INFO - Started process (PID=82913) to work on /Users/felipe.vasconcelos/repos/courses/python-learnings/.venv/lib/python3.10/site-packages/airflow/example_dags/subdags/subdag.py
[2023-08-05T10:50:03.870+0200] {processor.py:826} INFO - Processing file /Users/felipe.vasconcelos/repos/courses/python-learnings/.venv/lib/python3.10/site-packages/airflow/example_dags/subdags/subdag.py for tasks to queue
[2023-08-05T10:50:03.871+0200] {logging_mixin.py:150} INFO - [2023-08-05T10:50:03.870+0200] {dagbag.py:541} INFO - Filling up the DagBag from /Users/felipe.vasconcelos/repos/courses/python-learnings/.venv/lib/python3.10/site-packages/airflow/example_dags/subdags/subdag.py
[2023-08-05T10:50:03.874+0200] {processor.py:838} WARNING - No viable dags retrieved from /Users/felipe.vasconcelos/repos/courses/python-learnings/.venv/lib/python3.10/site-packages/airflow/example_dags/subdags/subdag.py
[2023-08-05T10:50:04.549+0200] {processor.py:179} INFO - Processing /Users/felipe.vasconcelos/repos/courses/python-learnings/.venv/lib/python3.10/site-packages/airflow/example_dags/subdags/subdag.py took 0.686 seconds
[2023-08-05T10:52:23.302+0200] {processor.py:157} INFO - Started process (PID=82980) to work on /Users/felipe.vasconcelos/repos/courses/python-learnings/.venv/lib/python3.10/site-packages/airflow/example_dags/subdags/subdag.py
[2023-08-05T10:52:23.309+0200] {processor.py:826} INFO - Processing file /Users/felipe.vasconcelos/repos/courses/python-learnings/.venv/lib/python3.10/site-packages/airflow/example_dags/subdags/subdag.py for tasks to queue
[2023-08-05T10:52:23.309+0200] {logging_mixin.py:150} INFO - [2023-08-05T10:52:23.309+0200] {dagbag.py:541} INFO - Filling up the DagBag from /Users/felipe.vasconcelos/repos/courses/python-learnings/.venv/lib/python3.10/site-packages/airflow/example_dags/subdags/subdag.py
[2023-08-05T10:52:23.339+0200] {processor.py:838} WARNING - No viable dags retrieved from /Users/felipe.vasconcelos/repos/courses/python-learnings/.venv/lib/python3.10/site-packages/airflow/example_dags/subdags/subdag.py
[2023-08-05T10:52:24.373+0200] {processor.py:179} INFO - Processing /Users/felipe.vasconcelos/repos/courses/python-learnings/.venv/lib/python3.10/site-packages/airflow/example_dags/subdags/subdag.py took 1.073 seconds
[2023-08-05T10:54:37.082+0200] {processor.py:157} INFO - Started process (PID=83038) to work on /Users/felipe.vasconcelos/repos/courses/python-learnings/.venv/lib/python3.10/site-packages/airflow/example_dags/subdags/subdag.py
[2023-08-05T10:54:37.088+0200] {processor.py:826} INFO - Processing file /Users/felipe.vasconcelos/repos/courses/python-learnings/.venv/lib/python3.10/site-packages/airflow/example_dags/subdags/subdag.py for tasks to queue
[2023-08-05T10:54:37.089+0200] {logging_mixin.py:150} INFO - [2023-08-05T10:54:37.089+0200] {dagbag.py:541} INFO - Filling up the DagBag from /Users/felipe.vasconcelos/repos/courses/python-learnings/.venv/lib/python3.10/site-packages/airflow/example_dags/subdags/subdag.py
[2023-08-05T10:54:37.092+0200] {processor.py:838} WARNING - No viable dags retrieved from /Users/felipe.vasconcelos/repos/courses/python-learnings/.venv/lib/python3.10/site-packages/airflow/example_dags/subdags/subdag.py
[2023-08-05T10:54:37.792+0200] {processor.py:179} INFO - Processing /Users/felipe.vasconcelos/repos/courses/python-learnings/.venv/lib/python3.10/site-packages/airflow/example_dags/subdags/subdag.py took 0.711 seconds
[2023-08-05T10:56:47.953+0200] {processor.py:157} INFO - Started process (PID=83098) to work on /Users/felipe.vasconcelos/repos/courses/python-learnings/.venv/lib/python3.10/site-packages/airflow/example_dags/subdags/subdag.py
[2023-08-05T10:56:47.959+0200] {processor.py:826} INFO - Processing file /Users/felipe.vasconcelos/repos/courses/python-learnings/.venv/lib/python3.10/site-packages/airflow/example_dags/subdags/subdag.py for tasks to queue
[2023-08-05T10:56:47.960+0200] {logging_mixin.py:150} INFO - [2023-08-05T10:56:47.960+0200] {dagbag.py:541} INFO - Filling up the DagBag from /Users/felipe.vasconcelos/repos/courses/python-learnings/.venv/lib/python3.10/site-packages/airflow/example_dags/subdags/subdag.py
[2023-08-05T10:56:47.963+0200] {processor.py:838} WARNING - No viable dags retrieved from /Users/felipe.vasconcelos/repos/courses/python-learnings/.venv/lib/python3.10/site-packages/airflow/example_dags/subdags/subdag.py
[2023-08-05T10:56:48.639+0200] {processor.py:179} INFO - Processing /Users/felipe.vasconcelos/repos/courses/python-learnings/.venv/lib/python3.10/site-packages/airflow/example_dags/subdags/subdag.py took 0.687 seconds
[2023-08-05T10:58:58.595+0200] {processor.py:157} INFO - Started process (PID=83164) to work on /Users/felipe.vasconcelos/repos/courses/python-learnings/.venv/lib/python3.10/site-packages/airflow/example_dags/subdags/subdag.py
[2023-08-05T10:58:58.601+0200] {processor.py:826} INFO - Processing file /Users/felipe.vasconcelos/repos/courses/python-learnings/.venv/lib/python3.10/site-packages/airflow/example_dags/subdags/subdag.py for tasks to queue
[2023-08-05T10:58:58.602+0200] {logging_mixin.py:150} INFO - [2023-08-05T10:58:58.602+0200] {dagbag.py:541} INFO - Filling up the DagBag from /Users/felipe.vasconcelos/repos/courses/python-learnings/.venv/lib/python3.10/site-packages/airflow/example_dags/subdags/subdag.py
[2023-08-05T10:58:58.605+0200] {processor.py:838} WARNING - No viable dags retrieved from /Users/felipe.vasconcelos/repos/courses/python-learnings/.venv/lib/python3.10/site-packages/airflow/example_dags/subdags/subdag.py
[2023-08-05T10:58:59.316+0200] {processor.py:179} INFO - Processing /Users/felipe.vasconcelos/repos/courses/python-learnings/.venv/lib/python3.10/site-packages/airflow/example_dags/subdags/subdag.py took 0.722 seconds
[2023-08-05T11:13:21.852+0200] {processor.py:157} INFO - Started process (PID=83292) to work on /Users/felipe.vasconcelos/repos/courses/python-learnings/.venv/lib/python3.10/site-packages/airflow/example_dags/subdags/subdag.py
[2023-08-05T11:13:21.868+0200] {processor.py:826} INFO - Processing file /Users/felipe.vasconcelos/repos/courses/python-learnings/.venv/lib/python3.10/site-packages/airflow/example_dags/subdags/subdag.py for tasks to queue
[2023-08-05T11:13:21.869+0200] {logging_mixin.py:150} INFO - [2023-08-05T11:13:21.868+0200] {dagbag.py:541} INFO - Filling up the DagBag from /Users/felipe.vasconcelos/repos/courses/python-learnings/.venv/lib/python3.10/site-packages/airflow/example_dags/subdags/subdag.py
[2023-08-05T11:13:21.872+0200] {processor.py:838} WARNING - No viable dags retrieved from /Users/felipe.vasconcelos/repos/courses/python-learnings/.venv/lib/python3.10/site-packages/airflow/example_dags/subdags/subdag.py
[2023-08-05T11:13:24.222+0200] {processor.py:179} INFO - Processing /Users/felipe.vasconcelos/repos/courses/python-learnings/.venv/lib/python3.10/site-packages/airflow/example_dags/subdags/subdag.py took 2.373 seconds
[2023-08-05T11:15:35.063+0200] {processor.py:157} INFO - Started process (PID=83362) to work on /Users/felipe.vasconcelos/repos/courses/python-learnings/.venv/lib/python3.10/site-packages/airflow/example_dags/subdags/subdag.py
[2023-08-05T11:15:35.069+0200] {processor.py:826} INFO - Processing file /Users/felipe.vasconcelos/repos/courses/python-learnings/.venv/lib/python3.10/site-packages/airflow/example_dags/subdags/subdag.py for tasks to queue
[2023-08-05T11:15:35.070+0200] {logging_mixin.py:150} INFO - [2023-08-05T11:15:35.070+0200] {dagbag.py:541} INFO - Filling up the DagBag from /Users/felipe.vasconcelos/repos/courses/python-learnings/.venv/lib/python3.10/site-packages/airflow/example_dags/subdags/subdag.py
[2023-08-05T11:15:35.073+0200] {processor.py:838} WARNING - No viable dags retrieved from /Users/felipe.vasconcelos/repos/courses/python-learnings/.venv/lib/python3.10/site-packages/airflow/example_dags/subdags/subdag.py
[2023-08-05T11:15:35.781+0200] {processor.py:179} INFO - Processing /Users/felipe.vasconcelos/repos/courses/python-learnings/.venv/lib/python3.10/site-packages/airflow/example_dags/subdags/subdag.py took 0.719 seconds
[2023-08-05T11:17:39.207+0200] {processor.py:157} INFO - Started process (PID=83415) to work on /Users/felipe.vasconcelos/repos/courses/python-learnings/.venv/lib/python3.10/site-packages/airflow/example_dags/subdags/subdag.py
[2023-08-05T11:17:39.212+0200] {processor.py:826} INFO - Processing file /Users/felipe.vasconcelos/repos/courses/python-learnings/.venv/lib/python3.10/site-packages/airflow/example_dags/subdags/subdag.py for tasks to queue
[2023-08-05T11:17:39.213+0200] {logging_mixin.py:150} INFO - [2023-08-05T11:17:39.213+0200] {dagbag.py:541} INFO - Filling up the DagBag from /Users/felipe.vasconcelos/repos/courses/python-learnings/.venv/lib/python3.10/site-packages/airflow/example_dags/subdags/subdag.py
[2023-08-05T11:17:39.217+0200] {processor.py:838} WARNING - No viable dags retrieved from /Users/felipe.vasconcelos/repos/courses/python-learnings/.venv/lib/python3.10/site-packages/airflow/example_dags/subdags/subdag.py
[2023-08-05T11:17:39.913+0200] {processor.py:179} INFO - Processing /Users/felipe.vasconcelos/repos/courses/python-learnings/.venv/lib/python3.10/site-packages/airflow/example_dags/subdags/subdag.py took 0.707 seconds
[2023-08-05T11:19:48.834+0200] {processor.py:157} INFO - Started process (PID=83479) to work on /Users/felipe.vasconcelos/repos/courses/python-learnings/.venv/lib/python3.10/site-packages/airflow/example_dags/subdags/subdag.py
[2023-08-05T11:19:48.841+0200] {processor.py:826} INFO - Processing file /Users/felipe.vasconcelos/repos/courses/python-learnings/.venv/lib/python3.10/site-packages/airflow/example_dags/subdags/subdag.py for tasks to queue
[2023-08-05T11:19:48.841+0200] {logging_mixin.py:150} INFO - [2023-08-05T11:19:48.841+0200] {dagbag.py:541} INFO - Filling up the DagBag from /Users/felipe.vasconcelos/repos/courses/python-learnings/.venv/lib/python3.10/site-packages/airflow/example_dags/subdags/subdag.py
[2023-08-05T11:19:48.844+0200] {processor.py:838} WARNING - No viable dags retrieved from /Users/felipe.vasconcelos/repos/courses/python-learnings/.venv/lib/python3.10/site-packages/airflow/example_dags/subdags/subdag.py
[2023-08-05T11:19:49.593+0200] {processor.py:179} INFO - Processing /Users/felipe.vasconcelos/repos/courses/python-learnings/.venv/lib/python3.10/site-packages/airflow/example_dags/subdags/subdag.py took 0.760 seconds
[2023-08-05T11:22:16.215+0200] {processor.py:157} INFO - Started process (PID=83552) to work on /Users/felipe.vasconcelos/repos/courses/python-learnings/.venv/lib/python3.10/site-packages/airflow/example_dags/subdags/subdag.py
[2023-08-05T11:22:16.228+0200] {processor.py:826} INFO - Processing file /Users/felipe.vasconcelos/repos/courses/python-learnings/.venv/lib/python3.10/site-packages/airflow/example_dags/subdags/subdag.py for tasks to queue
[2023-08-05T11:22:16.229+0200] {logging_mixin.py:150} INFO - [2023-08-05T11:22:16.229+0200] {dagbag.py:541} INFO - Filling up the DagBag from /Users/felipe.vasconcelos/repos/courses/python-learnings/.venv/lib/python3.10/site-packages/airflow/example_dags/subdags/subdag.py
[2023-08-05T11:22:16.236+0200] {processor.py:838} WARNING - No viable dags retrieved from /Users/felipe.vasconcelos/repos/courses/python-learnings/.venv/lib/python3.10/site-packages/airflow/example_dags/subdags/subdag.py
[2023-08-05T11:22:17.595+0200] {processor.py:179} INFO - Processing /Users/felipe.vasconcelos/repos/courses/python-learnings/.venv/lib/python3.10/site-packages/airflow/example_dags/subdags/subdag.py took 1.382 seconds
[2023-08-05T11:24:31.647+0200] {processor.py:157} INFO - Started process (PID=83606) to work on /Users/felipe.vasconcelos/repos/courses/python-learnings/.venv/lib/python3.10/site-packages/airflow/example_dags/subdags/subdag.py
[2023-08-05T11:24:31.653+0200] {processor.py:826} INFO - Processing file /Users/felipe.vasconcelos/repos/courses/python-learnings/.venv/lib/python3.10/site-packages/airflow/example_dags/subdags/subdag.py for tasks to queue
[2023-08-05T11:24:31.654+0200] {logging_mixin.py:150} INFO - [2023-08-05T11:24:31.653+0200] {dagbag.py:541} INFO - Filling up the DagBag from /Users/felipe.vasconcelos/repos/courses/python-learnings/.venv/lib/python3.10/site-packages/airflow/example_dags/subdags/subdag.py
[2023-08-05T11:24:31.657+0200] {processor.py:838} WARNING - No viable dags retrieved from /Users/felipe.vasconcelos/repos/courses/python-learnings/.venv/lib/python3.10/site-packages/airflow/example_dags/subdags/subdag.py
[2023-08-05T11:24:32.383+0200] {processor.py:179} INFO - Processing /Users/felipe.vasconcelos/repos/courses/python-learnings/.venv/lib/python3.10/site-packages/airflow/example_dags/subdags/subdag.py took 0.738 seconds
[2023-08-05T11:26:40.658+0200] {processor.py:157} INFO - Started process (PID=83663) to work on /Users/felipe.vasconcelos/repos/courses/python-learnings/.venv/lib/python3.10/site-packages/airflow/example_dags/subdags/subdag.py
[2023-08-05T11:26:40.664+0200] {processor.py:826} INFO - Processing file /Users/felipe.vasconcelos/repos/courses/python-learnings/.venv/lib/python3.10/site-packages/airflow/example_dags/subdags/subdag.py for tasks to queue
[2023-08-05T11:26:40.665+0200] {logging_mixin.py:150} INFO - [2023-08-05T11:26:40.665+0200] {dagbag.py:541} INFO - Filling up the DagBag from /Users/felipe.vasconcelos/repos/courses/python-learnings/.venv/lib/python3.10/site-packages/airflow/example_dags/subdags/subdag.py
[2023-08-05T11:26:40.669+0200] {processor.py:838} WARNING - No viable dags retrieved from /Users/felipe.vasconcelos/repos/courses/python-learnings/.venv/lib/python3.10/site-packages/airflow/example_dags/subdags/subdag.py
[2023-08-05T11:26:41.377+0200] {processor.py:179} INFO - Processing /Users/felipe.vasconcelos/repos/courses/python-learnings/.venv/lib/python3.10/site-packages/airflow/example_dags/subdags/subdag.py took 0.720 seconds
[2023-08-05T11:28:57.399+0200] {processor.py:157} INFO - Started process (PID=83721) to work on /Users/felipe.vasconcelos/repos/courses/python-learnings/.venv/lib/python3.10/site-packages/airflow/example_dags/subdags/subdag.py
[2023-08-05T11:28:57.405+0200] {processor.py:826} INFO - Processing file /Users/felipe.vasconcelos/repos/courses/python-learnings/.venv/lib/python3.10/site-packages/airflow/example_dags/subdags/subdag.py for tasks to queue
[2023-08-05T11:28:57.406+0200] {logging_mixin.py:150} INFO - [2023-08-05T11:28:57.406+0200] {dagbag.py:541} INFO - Filling up the DagBag from /Users/felipe.vasconcelos/repos/courses/python-learnings/.venv/lib/python3.10/site-packages/airflow/example_dags/subdags/subdag.py
[2023-08-05T11:28:57.409+0200] {processor.py:838} WARNING - No viable dags retrieved from /Users/felipe.vasconcelos/repos/courses/python-learnings/.venv/lib/python3.10/site-packages/airflow/example_dags/subdags/subdag.py
[2023-08-05T11:28:58.087+0200] {processor.py:179} INFO - Processing /Users/felipe.vasconcelos/repos/courses/python-learnings/.venv/lib/python3.10/site-packages/airflow/example_dags/subdags/subdag.py took 0.689 seconds
[2023-08-05T11:31:45.030+0200] {processor.py:157} INFO - Started process (PID=83810) to work on /Users/felipe.vasconcelos/repos/courses/python-learnings/.venv/lib/python3.10/site-packages/airflow/example_dags/subdags/subdag.py
[2023-08-05T11:31:45.036+0200] {processor.py:826} INFO - Processing file /Users/felipe.vasconcelos/repos/courses/python-learnings/.venv/lib/python3.10/site-packages/airflow/example_dags/subdags/subdag.py for tasks to queue
[2023-08-05T11:31:45.037+0200] {logging_mixin.py:150} INFO - [2023-08-05T11:31:45.037+0200] {dagbag.py:541} INFO - Filling up the DagBag from /Users/felipe.vasconcelos/repos/courses/python-learnings/.venv/lib/python3.10/site-packages/airflow/example_dags/subdags/subdag.py
[2023-08-05T11:31:45.041+0200] {processor.py:838} WARNING - No viable dags retrieved from /Users/felipe.vasconcelos/repos/courses/python-learnings/.venv/lib/python3.10/site-packages/airflow/example_dags/subdags/subdag.py
[2023-08-05T11:31:47.465+0200] {processor.py:179} INFO - Processing /Users/felipe.vasconcelos/repos/courses/python-learnings/.venv/lib/python3.10/site-packages/airflow/example_dags/subdags/subdag.py took 2.436 seconds
[2023-08-05T11:34:33.312+0200] {processor.py:157} INFO - Started process (PID=83908) to work on /Users/felipe.vasconcelos/repos/courses/python-learnings/.venv/lib/python3.10/site-packages/airflow/example_dags/subdags/subdag.py
[2023-08-05T11:34:33.318+0200] {processor.py:826} INFO - Processing file /Users/felipe.vasconcelos/repos/courses/python-learnings/.venv/lib/python3.10/site-packages/airflow/example_dags/subdags/subdag.py for tasks to queue
[2023-08-05T11:34:33.319+0200] {logging_mixin.py:150} INFO - [2023-08-05T11:34:33.319+0200] {dagbag.py:541} INFO - Filling up the DagBag from /Users/felipe.vasconcelos/repos/courses/python-learnings/.venv/lib/python3.10/site-packages/airflow/example_dags/subdags/subdag.py
[2023-08-05T11:34:33.323+0200] {processor.py:838} WARNING - No viable dags retrieved from /Users/felipe.vasconcelos/repos/courses/python-learnings/.venv/lib/python3.10/site-packages/airflow/example_dags/subdags/subdag.py
[2023-08-05T11:34:34.017+0200] {processor.py:179} INFO - Processing /Users/felipe.vasconcelos/repos/courses/python-learnings/.venv/lib/python3.10/site-packages/airflow/example_dags/subdags/subdag.py took 0.707 seconds
[2023-08-05T11:36:47.911+0200] {processor.py:157} INFO - Started process (PID=83978) to work on /Users/felipe.vasconcelos/repos/courses/python-learnings/.venv/lib/python3.10/site-packages/airflow/example_dags/subdags/subdag.py
[2023-08-05T11:36:47.917+0200] {processor.py:826} INFO - Processing file /Users/felipe.vasconcelos/repos/courses/python-learnings/.venv/lib/python3.10/site-packages/airflow/example_dags/subdags/subdag.py for tasks to queue
[2023-08-05T11:36:47.918+0200] {logging_mixin.py:150} INFO - [2023-08-05T11:36:47.918+0200] {dagbag.py:541} INFO - Filling up the DagBag from /Users/felipe.vasconcelos/repos/courses/python-learnings/.venv/lib/python3.10/site-packages/airflow/example_dags/subdags/subdag.py
[2023-08-05T11:36:47.921+0200] {processor.py:838} WARNING - No viable dags retrieved from /Users/felipe.vasconcelos/repos/courses/python-learnings/.venv/lib/python3.10/site-packages/airflow/example_dags/subdags/subdag.py
[2023-08-05T11:36:48.647+0200] {processor.py:179} INFO - Processing /Users/felipe.vasconcelos/repos/courses/python-learnings/.venv/lib/python3.10/site-packages/airflow/example_dags/subdags/subdag.py took 0.738 seconds
[2023-08-05T11:38:53.488+0200] {processor.py:157} INFO - Started process (PID=84038) to work on /Users/felipe.vasconcelos/repos/courses/python-learnings/.venv/lib/python3.10/site-packages/airflow/example_dags/subdags/subdag.py
[2023-08-05T11:38:53.493+0200] {processor.py:826} INFO - Processing file /Users/felipe.vasconcelos/repos/courses/python-learnings/.venv/lib/python3.10/site-packages/airflow/example_dags/subdags/subdag.py for tasks to queue
[2023-08-05T11:38:53.494+0200] {logging_mixin.py:150} INFO - [2023-08-05T11:38:53.494+0200] {dagbag.py:541} INFO - Filling up the DagBag from /Users/felipe.vasconcelos/repos/courses/python-learnings/.venv/lib/python3.10/site-packages/airflow/example_dags/subdags/subdag.py
[2023-08-05T11:38:53.496+0200] {processor.py:838} WARNING - No viable dags retrieved from /Users/felipe.vasconcelos/repos/courses/python-learnings/.venv/lib/python3.10/site-packages/airflow/example_dags/subdags/subdag.py
[2023-08-05T11:38:54.176+0200] {processor.py:179} INFO - Processing /Users/felipe.vasconcelos/repos/courses/python-learnings/.venv/lib/python3.10/site-packages/airflow/example_dags/subdags/subdag.py took 0.689 seconds
[2023-08-05T11:41:06.752+0200] {processor.py:157} INFO - Started process (PID=84108) to work on /Users/felipe.vasconcelos/repos/courses/python-learnings/.venv/lib/python3.10/site-packages/airflow/example_dags/subdags/subdag.py
[2023-08-05T11:41:06.758+0200] {processor.py:826} INFO - Processing file /Users/felipe.vasconcelos/repos/courses/python-learnings/.venv/lib/python3.10/site-packages/airflow/example_dags/subdags/subdag.py for tasks to queue
[2023-08-05T11:41:06.759+0200] {logging_mixin.py:150} INFO - [2023-08-05T11:41:06.759+0200] {dagbag.py:541} INFO - Filling up the DagBag from /Users/felipe.vasconcelos/repos/courses/python-learnings/.venv/lib/python3.10/site-packages/airflow/example_dags/subdags/subdag.py
[2023-08-05T11:41:06.763+0200] {processor.py:838} WARNING - No viable dags retrieved from /Users/felipe.vasconcelos/repos/courses/python-learnings/.venv/lib/python3.10/site-packages/airflow/example_dags/subdags/subdag.py
[2023-08-05T11:41:07.460+0200] {processor.py:179} INFO - Processing /Users/felipe.vasconcelos/repos/courses/python-learnings/.venv/lib/python3.10/site-packages/airflow/example_dags/subdags/subdag.py took 0.710 seconds
[2023-08-05T11:43:19.507+0200] {processor.py:157} INFO - Started process (PID=84166) to work on /Users/felipe.vasconcelos/repos/courses/python-learnings/.venv/lib/python3.10/site-packages/airflow/example_dags/subdags/subdag.py
[2023-08-05T11:43:19.513+0200] {processor.py:826} INFO - Processing file /Users/felipe.vasconcelos/repos/courses/python-learnings/.venv/lib/python3.10/site-packages/airflow/example_dags/subdags/subdag.py for tasks to queue
[2023-08-05T11:43:19.514+0200] {logging_mixin.py:150} INFO - [2023-08-05T11:43:19.514+0200] {dagbag.py:541} INFO - Filling up the DagBag from /Users/felipe.vasconcelos/repos/courses/python-learnings/.venv/lib/python3.10/site-packages/airflow/example_dags/subdags/subdag.py
[2023-08-05T11:43:19.518+0200] {processor.py:838} WARNING - No viable dags retrieved from /Users/felipe.vasconcelos/repos/courses/python-learnings/.venv/lib/python3.10/site-packages/airflow/example_dags/subdags/subdag.py
[2023-08-05T11:43:20.213+0200] {processor.py:179} INFO - Processing /Users/felipe.vasconcelos/repos/courses/python-learnings/.venv/lib/python3.10/site-packages/airflow/example_dags/subdags/subdag.py took 0.707 seconds
[2023-08-05T11:45:21.519+0200] {processor.py:157} INFO - Started process (PID=84229) to work on /Users/felipe.vasconcelos/repos/courses/python-learnings/.venv/lib/python3.10/site-packages/airflow/example_dags/subdags/subdag.py
[2023-08-05T11:45:21.528+0200] {processor.py:826} INFO - Processing file /Users/felipe.vasconcelos/repos/courses/python-learnings/.venv/lib/python3.10/site-packages/airflow/example_dags/subdags/subdag.py for tasks to queue
[2023-08-05T11:45:21.529+0200] {logging_mixin.py:150} INFO - [2023-08-05T11:45:21.528+0200] {dagbag.py:541} INFO - Filling up the DagBag from /Users/felipe.vasconcelos/repos/courses/python-learnings/.venv/lib/python3.10/site-packages/airflow/example_dags/subdags/subdag.py
[2023-08-05T11:45:21.532+0200] {processor.py:838} WARNING - No viable dags retrieved from /Users/felipe.vasconcelos/repos/courses/python-learnings/.venv/lib/python3.10/site-packages/airflow/example_dags/subdags/subdag.py
[2023-08-05T11:45:23.028+0200] {processor.py:179} INFO - Processing /Users/felipe.vasconcelos/repos/courses/python-learnings/.venv/lib/python3.10/site-packages/airflow/example_dags/subdags/subdag.py took 1.511 seconds
[2023-08-05T11:47:57.818+0200] {processor.py:157} INFO - Started process (PID=84327) to work on /Users/felipe.vasconcelos/repos/courses/python-learnings/.venv/lib/python3.10/site-packages/airflow/example_dags/subdags/subdag.py
[2023-08-05T11:47:57.824+0200] {processor.py:826} INFO - Processing file /Users/felipe.vasconcelos/repos/courses/python-learnings/.venv/lib/python3.10/site-packages/airflow/example_dags/subdags/subdag.py for tasks to queue
[2023-08-05T11:47:57.825+0200] {logging_mixin.py:150} INFO - [2023-08-05T11:47:57.825+0200] {dagbag.py:541} INFO - Filling up the DagBag from /Users/felipe.vasconcelos/repos/courses/python-learnings/.venv/lib/python3.10/site-packages/airflow/example_dags/subdags/subdag.py
[2023-08-05T11:47:57.829+0200] {processor.py:838} WARNING - No viable dags retrieved from /Users/felipe.vasconcelos/repos/courses/python-learnings/.venv/lib/python3.10/site-packages/airflow/example_dags/subdags/subdag.py
[2023-08-05T11:47:58.650+0200] {processor.py:179} INFO - Processing /Users/felipe.vasconcelos/repos/courses/python-learnings/.venv/lib/python3.10/site-packages/airflow/example_dags/subdags/subdag.py took 0.836 seconds
[2023-08-05T11:50:39.624+0200] {processor.py:157} INFO - Started process (PID=84412) to work on /Users/felipe.vasconcelos/repos/courses/python-learnings/.venv/lib/python3.10/site-packages/airflow/example_dags/subdags/subdag.py
[2023-08-05T11:50:39.630+0200] {processor.py:826} INFO - Processing file /Users/felipe.vasconcelos/repos/courses/python-learnings/.venv/lib/python3.10/site-packages/airflow/example_dags/subdags/subdag.py for tasks to queue
[2023-08-05T11:50:39.631+0200] {logging_mixin.py:150} INFO - [2023-08-05T11:50:39.630+0200] {dagbag.py:541} INFO - Filling up the DagBag from /Users/felipe.vasconcelos/repos/courses/python-learnings/.venv/lib/python3.10/site-packages/airflow/example_dags/subdags/subdag.py
[2023-08-05T11:50:39.633+0200] {processor.py:838} WARNING - No viable dags retrieved from /Users/felipe.vasconcelos/repos/courses/python-learnings/.venv/lib/python3.10/site-packages/airflow/example_dags/subdags/subdag.py
[2023-08-05T11:50:40.302+0200] {processor.py:179} INFO - Processing /Users/felipe.vasconcelos/repos/courses/python-learnings/.venv/lib/python3.10/site-packages/airflow/example_dags/subdags/subdag.py took 0.680 seconds
[2023-08-05T11:52:48.588+0200] {processor.py:157} INFO - Started process (PID=84471) to work on /Users/felipe.vasconcelos/repos/courses/python-learnings/.venv/lib/python3.10/site-packages/airflow/example_dags/subdags/subdag.py
[2023-08-05T11:52:48.594+0200] {processor.py:826} INFO - Processing file /Users/felipe.vasconcelos/repos/courses/python-learnings/.venv/lib/python3.10/site-packages/airflow/example_dags/subdags/subdag.py for tasks to queue
[2023-08-05T11:52:48.595+0200] {logging_mixin.py:150} INFO - [2023-08-05T11:52:48.594+0200] {dagbag.py:541} INFO - Filling up the DagBag from /Users/felipe.vasconcelos/repos/courses/python-learnings/.venv/lib/python3.10/site-packages/airflow/example_dags/subdags/subdag.py
[2023-08-05T11:52:48.598+0200] {processor.py:838} WARNING - No viable dags retrieved from /Users/felipe.vasconcelos/repos/courses/python-learnings/.venv/lib/python3.10/site-packages/airflow/example_dags/subdags/subdag.py
[2023-08-05T11:52:49.288+0200] {processor.py:179} INFO - Processing /Users/felipe.vasconcelos/repos/courses/python-learnings/.venv/lib/python3.10/site-packages/airflow/example_dags/subdags/subdag.py took 0.702 seconds
[2023-08-05T11:54:57.866+0200] {processor.py:157} INFO - Started process (PID=84537) to work on /Users/felipe.vasconcelos/repos/courses/python-learnings/.venv/lib/python3.10/site-packages/airflow/example_dags/subdags/subdag.py
[2023-08-05T11:54:57.872+0200] {processor.py:826} INFO - Processing file /Users/felipe.vasconcelos/repos/courses/python-learnings/.venv/lib/python3.10/site-packages/airflow/example_dags/subdags/subdag.py for tasks to queue
[2023-08-05T11:54:57.873+0200] {logging_mixin.py:150} INFO - [2023-08-05T11:54:57.873+0200] {dagbag.py:541} INFO - Filling up the DagBag from /Users/felipe.vasconcelos/repos/courses/python-learnings/.venv/lib/python3.10/site-packages/airflow/example_dags/subdags/subdag.py
[2023-08-05T11:54:57.876+0200] {processor.py:838} WARNING - No viable dags retrieved from /Users/felipe.vasconcelos/repos/courses/python-learnings/.venv/lib/python3.10/site-packages/airflow/example_dags/subdags/subdag.py
[2023-08-05T11:54:58.576+0200] {processor.py:179} INFO - Processing /Users/felipe.vasconcelos/repos/courses/python-learnings/.venv/lib/python3.10/site-packages/airflow/example_dags/subdags/subdag.py took 0.711 seconds
[2023-08-05T11:56:59.092+0200] {processor.py:157} INFO - Started process (PID=84595) to work on /Users/felipe.vasconcelos/repos/courses/python-learnings/.venv/lib/python3.10/site-packages/airflow/example_dags/subdags/subdag.py
[2023-08-05T11:56:59.101+0200] {processor.py:826} INFO - Processing file /Users/felipe.vasconcelos/repos/courses/python-learnings/.venv/lib/python3.10/site-packages/airflow/example_dags/subdags/subdag.py for tasks to queue
[2023-08-05T11:56:59.102+0200] {logging_mixin.py:150} INFO - [2023-08-05T11:56:59.102+0200] {dagbag.py:541} INFO - Filling up the DagBag from /Users/felipe.vasconcelos/repos/courses/python-learnings/.venv/lib/python3.10/site-packages/airflow/example_dags/subdags/subdag.py
[2023-08-05T11:56:59.106+0200] {processor.py:838} WARNING - No viable dags retrieved from /Users/felipe.vasconcelos/repos/courses/python-learnings/.venv/lib/python3.10/site-packages/airflow/example_dags/subdags/subdag.py
[2023-08-05T11:56:59.802+0200] {processor.py:179} INFO - Processing /Users/felipe.vasconcelos/repos/courses/python-learnings/.venv/lib/python3.10/site-packages/airflow/example_dags/subdags/subdag.py took 0.711 seconds
[2023-08-05T11:59:30.692+0200] {processor.py:157} INFO - Started process (PID=84674) to work on /Users/felipe.vasconcelos/repos/courses/python-learnings/.venv/lib/python3.10/site-packages/airflow/example_dags/subdags/subdag.py
[2023-08-05T11:59:30.700+0200] {processor.py:826} INFO - Processing file /Users/felipe.vasconcelos/repos/courses/python-learnings/.venv/lib/python3.10/site-packages/airflow/example_dags/subdags/subdag.py for tasks to queue
[2023-08-05T11:59:30.702+0200] {logging_mixin.py:150} INFO - [2023-08-05T11:59:30.701+0200] {dagbag.py:541} INFO - Filling up the DagBag from /Users/felipe.vasconcelos/repos/courses/python-learnings/.venv/lib/python3.10/site-packages/airflow/example_dags/subdags/subdag.py
[2023-08-05T11:59:30.705+0200] {processor.py:838} WARNING - No viable dags retrieved from /Users/felipe.vasconcelos/repos/courses/python-learnings/.venv/lib/python3.10/site-packages/airflow/example_dags/subdags/subdag.py
[2023-08-05T11:59:31.745+0200] {processor.py:179} INFO - Processing /Users/felipe.vasconcelos/repos/courses/python-learnings/.venv/lib/python3.10/site-packages/airflow/example_dags/subdags/subdag.py took 1.055 seconds
[2023-08-05T12:03:25.782+0200] {processor.py:157} INFO - Started process (PID=84841) to work on /Users/felipe.vasconcelos/repos/courses/python-learnings/.venv/lib/python3.10/site-packages/airflow/example_dags/subdags/subdag.py
[2023-08-05T12:03:25.803+0200] {processor.py:826} INFO - Processing file /Users/felipe.vasconcelos/repos/courses/python-learnings/.venv/lib/python3.10/site-packages/airflow/example_dags/subdags/subdag.py for tasks to queue
[2023-08-05T12:03:25.804+0200] {logging_mixin.py:150} INFO - [2023-08-05T12:03:25.803+0200] {dagbag.py:541} INFO - Filling up the DagBag from /Users/felipe.vasconcelos/repos/courses/python-learnings/.venv/lib/python3.10/site-packages/airflow/example_dags/subdags/subdag.py
[2023-08-05T12:03:25.814+0200] {processor.py:838} WARNING - No viable dags retrieved from /Users/felipe.vasconcelos/repos/courses/python-learnings/.venv/lib/python3.10/site-packages/airflow/example_dags/subdags/subdag.py
[2023-08-05T12:03:27.439+0200] {processor.py:179} INFO - Processing /Users/felipe.vasconcelos/repos/courses/python-learnings/.venv/lib/python3.10/site-packages/airflow/example_dags/subdags/subdag.py took 1.659 seconds
