[2023-08-05T10:36:56.815+0200] {processor.py:157} INFO - Started process (PID=82539) to work on /Users/felipe.vasconcelos/repos/courses/python-learnings/.venv/lib/python3.10/site-packages/airflow/example_dags/plugins/event_listener.py
[2023-08-05T10:36:56.834+0200] {processor.py:826} INFO - Processing file /Users/felipe.vasconcelos/repos/courses/python-learnings/.venv/lib/python3.10/site-packages/airflow/example_dags/plugins/event_listener.py for tasks to queue
[2023-08-05T10:36:56.835+0200] {logging_mixin.py:150} INFO - [2023-08-05T10:36:56.834+0200] {dagbag.py:541} INFO - Filling up the DagBag from /Users/felipe.vasconcelos/repos/courses/python-learnings/.venv/lib/python3.10/site-packages/airflow/example_dags/plugins/event_listener.py
[2023-08-05T10:36:56.837+0200] {processor.py:838} WARNING - No viable dags retrieved from /Users/felipe.vasconcelos/repos/courses/python-learnings/.venv/lib/python3.10/site-packages/airflow/example_dags/plugins/event_listener.py
[2023-08-05T10:37:02.031+0200] {processor.py:179} INFO - Processing /Users/felipe.vasconcelos/repos/courses/python-learnings/.venv/lib/python3.10/site-packages/airflow/example_dags/plugins/event_listener.py took 5.218 seconds
[2023-08-05T10:41:46.857+0200] {processor.py:157} INFO - Started process (PID=82650) to work on /Users/felipe.vasconcelos/repos/courses/python-learnings/.venv/lib/python3.10/site-packages/airflow/example_dags/plugins/event_listener.py
[2023-08-05T10:41:46.862+0200] {processor.py:826} INFO - Processing file /Users/felipe.vasconcelos/repos/courses/python-learnings/.venv/lib/python3.10/site-packages/airflow/example_dags/plugins/event_listener.py for tasks to queue
[2023-08-05T10:41:46.863+0200] {logging_mixin.py:150} INFO - [2023-08-05T10:41:46.863+0200] {dagbag.py:541} INFO - Filling up the DagBag from /Users/felipe.vasconcelos/repos/courses/python-learnings/.venv/lib/python3.10/site-packages/airflow/example_dags/plugins/event_listener.py
[2023-08-05T10:41:46.865+0200] {processor.py:838} WARNING - No viable dags retrieved from /Users/felipe.vasconcelos/repos/courses/python-learnings/.venv/lib/python3.10/site-packages/airflow/example_dags/plugins/event_listener.py
[2023-08-05T10:41:47.568+0200] {processor.py:179} INFO - Processing /Users/felipe.vasconcelos/repos/courses/python-learnings/.venv/lib/python3.10/site-packages/airflow/example_dags/plugins/event_listener.py took 0.713 seconds
[2023-08-05T10:45:10.169+0200] {processor.py:157} INFO - Started process (PID=82752) to work on /Users/felipe.vasconcelos/repos/courses/python-learnings/.venv/lib/python3.10/site-packages/airflow/example_dags/plugins/event_listener.py
[2023-08-05T10:45:10.176+0200] {processor.py:826} INFO - Processing file /Users/felipe.vasconcelos/repos/courses/python-learnings/.venv/lib/python3.10/site-packages/airflow/example_dags/plugins/event_listener.py for tasks to queue
[2023-08-05T10:45:10.177+0200] {logging_mixin.py:150} INFO - [2023-08-05T10:45:10.177+0200] {dagbag.py:541} INFO - Filling up the DagBag from /Users/felipe.vasconcelos/repos/courses/python-learnings/.venv/lib/python3.10/site-packages/airflow/example_dags/plugins/event_listener.py
[2023-08-05T10:45:10.179+0200] {processor.py:838} WARNING - No viable dags retrieved from /Users/felipe.vasconcelos/repos/courses/python-learnings/.venv/lib/python3.10/site-packages/airflow/example_dags/plugins/event_listener.py
[2023-08-05T10:45:11.754+0200] {processor.py:179} INFO - Processing /Users/felipe.vasconcelos/repos/courses/python-learnings/.venv/lib/python3.10/site-packages/airflow/example_dags/plugins/event_listener.py took 1.587 seconds
[2023-08-05T10:48:01.783+0200] {processor.py:157} INFO - Started process (PID=82858) to work on /Users/felipe.vasconcelos/repos/courses/python-learnings/.venv/lib/python3.10/site-packages/airflow/example_dags/plugins/event_listener.py
[2023-08-05T10:48:01.789+0200] {processor.py:826} INFO - Processing file /Users/felipe.vasconcelos/repos/courses/python-learnings/.venv/lib/python3.10/site-packages/airflow/example_dags/plugins/event_listener.py for tasks to queue
[2023-08-05T10:48:01.790+0200] {logging_mixin.py:150} INFO - [2023-08-05T10:48:01.789+0200] {dagbag.py:541} INFO - Filling up the DagBag from /Users/felipe.vasconcelos/repos/courses/python-learnings/.venv/lib/python3.10/site-packages/airflow/example_dags/plugins/event_listener.py
[2023-08-05T10:48:01.791+0200] {processor.py:838} WARNING - No viable dags retrieved from /Users/felipe.vasconcelos/repos/courses/python-learnings/.venv/lib/python3.10/site-packages/airflow/example_dags/plugins/event_listener.py
[2023-08-05T10:48:02.456+0200] {processor.py:179} INFO - Processing /Users/felipe.vasconcelos/repos/courses/python-learnings/.venv/lib/python3.10/site-packages/airflow/example_dags/plugins/event_listener.py took 0.675 seconds
[2023-08-05T10:50:12.903+0200] {processor.py:157} INFO - Started process (PID=82917) to work on /Users/felipe.vasconcelos/repos/courses/python-learnings/.venv/lib/python3.10/site-packages/airflow/example_dags/plugins/event_listener.py
[2023-08-05T10:50:12.910+0200] {processor.py:826} INFO - Processing file /Users/felipe.vasconcelos/repos/courses/python-learnings/.venv/lib/python3.10/site-packages/airflow/example_dags/plugins/event_listener.py for tasks to queue
[2023-08-05T10:50:12.911+0200] {logging_mixin.py:150} INFO - [2023-08-05T10:50:12.910+0200] {dagbag.py:541} INFO - Filling up the DagBag from /Users/felipe.vasconcelos/repos/courses/python-learnings/.venv/lib/python3.10/site-packages/airflow/example_dags/plugins/event_listener.py
[2023-08-05T10:50:12.912+0200] {processor.py:838} WARNING - No viable dags retrieved from /Users/felipe.vasconcelos/repos/courses/python-learnings/.venv/lib/python3.10/site-packages/airflow/example_dags/plugins/event_listener.py
[2023-08-05T10:50:13.760+0200] {processor.py:179} INFO - Processing /Users/felipe.vasconcelos/repos/courses/python-learnings/.venv/lib/python3.10/site-packages/airflow/example_dags/plugins/event_listener.py took 0.858 seconds
[2023-08-05T10:52:33.865+0200] {processor.py:157} INFO - Started process (PID=82984) to work on /Users/felipe.vasconcelos/repos/courses/python-learnings/.venv/lib/python3.10/site-packages/airflow/example_dags/plugins/event_listener.py
[2023-08-05T10:52:33.871+0200] {processor.py:826} INFO - Processing file /Users/felipe.vasconcelos/repos/courses/python-learnings/.venv/lib/python3.10/site-packages/airflow/example_dags/plugins/event_listener.py for tasks to queue
[2023-08-05T10:52:33.872+0200] {logging_mixin.py:150} INFO - [2023-08-05T10:52:33.872+0200] {dagbag.py:541} INFO - Filling up the DagBag from /Users/felipe.vasconcelos/repos/courses/python-learnings/.venv/lib/python3.10/site-packages/airflow/example_dags/plugins/event_listener.py
[2023-08-05T10:52:33.873+0200] {processor.py:838} WARNING - No viable dags retrieved from /Users/felipe.vasconcelos/repos/courses/python-learnings/.venv/lib/python3.10/site-packages/airflow/example_dags/plugins/event_listener.py
[2023-08-05T10:52:34.591+0200] {processor.py:179} INFO - Processing /Users/felipe.vasconcelos/repos/courses/python-learnings/.venv/lib/python3.10/site-packages/airflow/example_dags/plugins/event_listener.py took 0.727 seconds
[2023-08-05T10:54:45.952+0200] {processor.py:157} INFO - Started process (PID=83041) to work on /Users/felipe.vasconcelos/repos/courses/python-learnings/.venv/lib/python3.10/site-packages/airflow/example_dags/plugins/event_listener.py
[2023-08-05T10:54:45.958+0200] {processor.py:826} INFO - Processing file /Users/felipe.vasconcelos/repos/courses/python-learnings/.venv/lib/python3.10/site-packages/airflow/example_dags/plugins/event_listener.py for tasks to queue
[2023-08-05T10:54:45.959+0200] {logging_mixin.py:150} INFO - [2023-08-05T10:54:45.959+0200] {dagbag.py:541} INFO - Filling up the DagBag from /Users/felipe.vasconcelos/repos/courses/python-learnings/.venv/lib/python3.10/site-packages/airflow/example_dags/plugins/event_listener.py
[2023-08-05T10:54:45.961+0200] {processor.py:838} WARNING - No viable dags retrieved from /Users/felipe.vasconcelos/repos/courses/python-learnings/.venv/lib/python3.10/site-packages/airflow/example_dags/plugins/event_listener.py
[2023-08-05T10:54:46.705+0200] {processor.py:179} INFO - Processing /Users/felipe.vasconcelos/repos/courses/python-learnings/.venv/lib/python3.10/site-packages/airflow/example_dags/plugins/event_listener.py took 0.754 seconds
[2023-08-05T10:56:56.362+0200] {processor.py:157} INFO - Started process (PID=83102) to work on /Users/felipe.vasconcelos/repos/courses/python-learnings/.venv/lib/python3.10/site-packages/airflow/example_dags/plugins/event_listener.py
[2023-08-05T10:56:56.369+0200] {processor.py:826} INFO - Processing file /Users/felipe.vasconcelos/repos/courses/python-learnings/.venv/lib/python3.10/site-packages/airflow/example_dags/plugins/event_listener.py for tasks to queue
[2023-08-05T10:56:56.370+0200] {logging_mixin.py:150} INFO - [2023-08-05T10:56:56.369+0200] {dagbag.py:541} INFO - Filling up the DagBag from /Users/felipe.vasconcelos/repos/courses/python-learnings/.venv/lib/python3.10/site-packages/airflow/example_dags/plugins/event_listener.py
[2023-08-05T10:56:56.371+0200] {processor.py:838} WARNING - No viable dags retrieved from /Users/felipe.vasconcelos/repos/courses/python-learnings/.venv/lib/python3.10/site-packages/airflow/example_dags/plugins/event_listener.py
[2023-08-05T10:56:57.158+0200] {processor.py:179} INFO - Processing /Users/felipe.vasconcelos/repos/courses/python-learnings/.venv/lib/python3.10/site-packages/airflow/example_dags/plugins/event_listener.py took 0.798 seconds
[2023-08-05T10:59:11.498+0200] {processor.py:157} INFO - Started process (PID=83169) to work on /Users/felipe.vasconcelos/repos/courses/python-learnings/.venv/lib/python3.10/site-packages/airflow/example_dags/plugins/event_listener.py
[2023-08-05T10:59:11.505+0200] {processor.py:826} INFO - Processing file /Users/felipe.vasconcelos/repos/courses/python-learnings/.venv/lib/python3.10/site-packages/airflow/example_dags/plugins/event_listener.py for tasks to queue
[2023-08-05T10:59:11.506+0200] {logging_mixin.py:150} INFO - [2023-08-05T10:59:11.506+0200] {dagbag.py:541} INFO - Filling up the DagBag from /Users/felipe.vasconcelos/repos/courses/python-learnings/.venv/lib/python3.10/site-packages/airflow/example_dags/plugins/event_listener.py
[2023-08-05T10:59:11.508+0200] {processor.py:838} WARNING - No viable dags retrieved from /Users/felipe.vasconcelos/repos/courses/python-learnings/.venv/lib/python3.10/site-packages/airflow/example_dags/plugins/event_listener.py
[2023-08-05T10:59:12.284+0200] {processor.py:179} INFO - Processing /Users/felipe.vasconcelos/repos/courses/python-learnings/.venv/lib/python3.10/site-packages/airflow/example_dags/plugins/event_listener.py took 0.788 seconds
[2023-08-05T11:13:34.924+0200] {processor.py:157} INFO - Started process (PID=83307) to work on /Users/felipe.vasconcelos/repos/courses/python-learnings/.venv/lib/python3.10/site-packages/airflow/example_dags/plugins/event_listener.py
[2023-08-05T11:13:34.930+0200] {processor.py:826} INFO - Processing file /Users/felipe.vasconcelos/repos/courses/python-learnings/.venv/lib/python3.10/site-packages/airflow/example_dags/plugins/event_listener.py for tasks to queue
[2023-08-05T11:13:34.931+0200] {logging_mixin.py:150} INFO - [2023-08-05T11:13:34.931+0200] {dagbag.py:541} INFO - Filling up the DagBag from /Users/felipe.vasconcelos/repos/courses/python-learnings/.venv/lib/python3.10/site-packages/airflow/example_dags/plugins/event_listener.py
[2023-08-05T11:13:34.933+0200] {processor.py:838} WARNING - No viable dags retrieved from /Users/felipe.vasconcelos/repos/courses/python-learnings/.venv/lib/python3.10/site-packages/airflow/example_dags/plugins/event_listener.py
[2023-08-05T11:13:35.634+0200] {processor.py:179} INFO - Processing /Users/felipe.vasconcelos/repos/courses/python-learnings/.venv/lib/python3.10/site-packages/airflow/example_dags/plugins/event_listener.py took 0.711 seconds
[2023-08-05T11:15:43.992+0200] {processor.py:157} INFO - Started process (PID=83366) to work on /Users/felipe.vasconcelos/repos/courses/python-learnings/.venv/lib/python3.10/site-packages/airflow/example_dags/plugins/event_listener.py
[2023-08-05T11:15:43.998+0200] {processor.py:826} INFO - Processing file /Users/felipe.vasconcelos/repos/courses/python-learnings/.venv/lib/python3.10/site-packages/airflow/example_dags/plugins/event_listener.py for tasks to queue
[2023-08-05T11:15:43.999+0200] {logging_mixin.py:150} INFO - [2023-08-05T11:15:43.998+0200] {dagbag.py:541} INFO - Filling up the DagBag from /Users/felipe.vasconcelos/repos/courses/python-learnings/.venv/lib/python3.10/site-packages/airflow/example_dags/plugins/event_listener.py
[2023-08-05T11:15:44.000+0200] {processor.py:838} WARNING - No viable dags retrieved from /Users/felipe.vasconcelos/repos/courses/python-learnings/.venv/lib/python3.10/site-packages/airflow/example_dags/plugins/event_listener.py
[2023-08-05T11:15:44.722+0200] {processor.py:179} INFO - Processing /Users/felipe.vasconcelos/repos/courses/python-learnings/.venv/lib/python3.10/site-packages/airflow/example_dags/plugins/event_listener.py took 0.731 seconds
[2023-08-05T11:17:48.105+0200] {processor.py:157} INFO - Started process (PID=83419) to work on /Users/felipe.vasconcelos/repos/courses/python-learnings/.venv/lib/python3.10/site-packages/airflow/example_dags/plugins/event_listener.py
[2023-08-05T11:17:48.112+0200] {processor.py:826} INFO - Processing file /Users/felipe.vasconcelos/repos/courses/python-learnings/.venv/lib/python3.10/site-packages/airflow/example_dags/plugins/event_listener.py for tasks to queue
[2023-08-05T11:17:48.113+0200] {logging_mixin.py:150} INFO - [2023-08-05T11:17:48.112+0200] {dagbag.py:541} INFO - Filling up the DagBag from /Users/felipe.vasconcelos/repos/courses/python-learnings/.venv/lib/python3.10/site-packages/airflow/example_dags/plugins/event_listener.py
[2023-08-05T11:17:48.114+0200] {processor.py:838} WARNING - No viable dags retrieved from /Users/felipe.vasconcelos/repos/courses/python-learnings/.venv/lib/python3.10/site-packages/airflow/example_dags/plugins/event_listener.py
[2023-08-05T11:17:48.822+0200] {processor.py:179} INFO - Processing /Users/felipe.vasconcelos/repos/courses/python-learnings/.venv/lib/python3.10/site-packages/airflow/example_dags/plugins/event_listener.py took 0.718 seconds
[2023-08-05T11:20:01.078+0200] {processor.py:157} INFO - Started process (PID=83483) to work on /Users/felipe.vasconcelos/repos/courses/python-learnings/.venv/lib/python3.10/site-packages/airflow/example_dags/plugins/event_listener.py
[2023-08-05T11:20:01.093+0200] {processor.py:826} INFO - Processing file /Users/felipe.vasconcelos/repos/courses/python-learnings/.venv/lib/python3.10/site-packages/airflow/example_dags/plugins/event_listener.py for tasks to queue
[2023-08-05T11:20:01.095+0200] {logging_mixin.py:150} INFO - [2023-08-05T11:20:01.094+0200] {dagbag.py:541} INFO - Filling up the DagBag from /Users/felipe.vasconcelos/repos/courses/python-learnings/.venv/lib/python3.10/site-packages/airflow/example_dags/plugins/event_listener.py
[2023-08-05T11:20:01.098+0200] {processor.py:838} WARNING - No viable dags retrieved from /Users/felipe.vasconcelos/repos/courses/python-learnings/.venv/lib/python3.10/site-packages/airflow/example_dags/plugins/event_listener.py
[2023-08-05T11:20:02.095+0200] {processor.py:179} INFO - Processing /Users/felipe.vasconcelos/repos/courses/python-learnings/.venv/lib/python3.10/site-packages/airflow/example_dags/plugins/event_listener.py took 1.019 seconds
[2023-08-05T11:22:27.438+0200] {processor.py:157} INFO - Started process (PID=83557) to work on /Users/felipe.vasconcelos/repos/courses/python-learnings/.venv/lib/python3.10/site-packages/airflow/example_dags/plugins/event_listener.py
[2023-08-05T11:22:27.444+0200] {processor.py:826} INFO - Processing file /Users/felipe.vasconcelos/repos/courses/python-learnings/.venv/lib/python3.10/site-packages/airflow/example_dags/plugins/event_listener.py for tasks to queue
[2023-08-05T11:22:27.445+0200] {logging_mixin.py:150} INFO - [2023-08-05T11:22:27.445+0200] {dagbag.py:541} INFO - Filling up the DagBag from /Users/felipe.vasconcelos/repos/courses/python-learnings/.venv/lib/python3.10/site-packages/airflow/example_dags/plugins/event_listener.py
[2023-08-05T11:22:27.447+0200] {processor.py:838} WARNING - No viable dags retrieved from /Users/felipe.vasconcelos/repos/courses/python-learnings/.venv/lib/python3.10/site-packages/airflow/example_dags/plugins/event_listener.py
[2023-08-05T11:22:28.162+0200] {processor.py:179} INFO - Processing /Users/felipe.vasconcelos/repos/courses/python-learnings/.venv/lib/python3.10/site-packages/airflow/example_dags/plugins/event_listener.py took 0.725 seconds
[2023-08-05T11:24:42.121+0200] {processor.py:157} INFO - Started process (PID=83610) to work on /Users/felipe.vasconcelos/repos/courses/python-learnings/.venv/lib/python3.10/site-packages/airflow/example_dags/plugins/event_listener.py
[2023-08-05T11:24:42.129+0200] {processor.py:826} INFO - Processing file /Users/felipe.vasconcelos/repos/courses/python-learnings/.venv/lib/python3.10/site-packages/airflow/example_dags/plugins/event_listener.py for tasks to queue
[2023-08-05T11:24:42.130+0200] {logging_mixin.py:150} INFO - [2023-08-05T11:24:42.130+0200] {dagbag.py:541} INFO - Filling up the DagBag from /Users/felipe.vasconcelos/repos/courses/python-learnings/.venv/lib/python3.10/site-packages/airflow/example_dags/plugins/event_listener.py
[2023-08-05T11:24:42.132+0200] {processor.py:838} WARNING - No viable dags retrieved from /Users/felipe.vasconcelos/repos/courses/python-learnings/.venv/lib/python3.10/site-packages/airflow/example_dags/plugins/event_listener.py
[2023-08-05T11:24:43.070+0200] {processor.py:179} INFO - Processing /Users/felipe.vasconcelos/repos/courses/python-learnings/.venv/lib/python3.10/site-packages/airflow/example_dags/plugins/event_listener.py took 0.953 seconds
[2023-08-05T11:26:50.052+0200] {processor.py:157} INFO - Started process (PID=83667) to work on /Users/felipe.vasconcelos/repos/courses/python-learnings/.venv/lib/python3.10/site-packages/airflow/example_dags/plugins/event_listener.py
[2023-08-05T11:26:50.059+0200] {processor.py:826} INFO - Processing file /Users/felipe.vasconcelos/repos/courses/python-learnings/.venv/lib/python3.10/site-packages/airflow/example_dags/plugins/event_listener.py for tasks to queue
[2023-08-05T11:26:50.060+0200] {logging_mixin.py:150} INFO - [2023-08-05T11:26:50.059+0200] {dagbag.py:541} INFO - Filling up the DagBag from /Users/felipe.vasconcelos/repos/courses/python-learnings/.venv/lib/python3.10/site-packages/airflow/example_dags/plugins/event_listener.py
[2023-08-05T11:26:50.061+0200] {processor.py:838} WARNING - No viable dags retrieved from /Users/felipe.vasconcelos/repos/courses/python-learnings/.venv/lib/python3.10/site-packages/airflow/example_dags/plugins/event_listener.py
[2023-08-05T11:26:51.066+0200] {processor.py:179} INFO - Processing /Users/felipe.vasconcelos/repos/courses/python-learnings/.venv/lib/python3.10/site-packages/airflow/example_dags/plugins/event_listener.py took 1.015 seconds
[2023-08-05T11:29:06.390+0200] {processor.py:157} INFO - Started process (PID=83725) to work on /Users/felipe.vasconcelos/repos/courses/python-learnings/.venv/lib/python3.10/site-packages/airflow/example_dags/plugins/event_listener.py
[2023-08-05T11:29:06.396+0200] {processor.py:826} INFO - Processing file /Users/felipe.vasconcelos/repos/courses/python-learnings/.venv/lib/python3.10/site-packages/airflow/example_dags/plugins/event_listener.py for tasks to queue
[2023-08-05T11:29:06.397+0200] {logging_mixin.py:150} INFO - [2023-08-05T11:29:06.397+0200] {dagbag.py:541} INFO - Filling up the DagBag from /Users/felipe.vasconcelos/repos/courses/python-learnings/.venv/lib/python3.10/site-packages/airflow/example_dags/plugins/event_listener.py
[2023-08-05T11:29:06.399+0200] {processor.py:838} WARNING - No viable dags retrieved from /Users/felipe.vasconcelos/repos/courses/python-learnings/.venv/lib/python3.10/site-packages/airflow/example_dags/plugins/event_listener.py
[2023-08-05T11:29:07.089+0200] {processor.py:179} INFO - Processing /Users/felipe.vasconcelos/repos/courses/python-learnings/.venv/lib/python3.10/site-packages/airflow/example_dags/plugins/event_listener.py took 0.701 seconds
[2023-08-05T11:31:58.863+0200] {processor.py:157} INFO - Started process (PID=83816) to work on /Users/felipe.vasconcelos/repos/courses/python-learnings/.venv/lib/python3.10/site-packages/airflow/example_dags/plugins/event_listener.py
[2023-08-05T11:31:58.871+0200] {processor.py:826} INFO - Processing file /Users/felipe.vasconcelos/repos/courses/python-learnings/.venv/lib/python3.10/site-packages/airflow/example_dags/plugins/event_listener.py for tasks to queue
[2023-08-05T11:31:58.871+0200] {logging_mixin.py:150} INFO - [2023-08-05T11:31:58.871+0200] {dagbag.py:541} INFO - Filling up the DagBag from /Users/felipe.vasconcelos/repos/courses/python-learnings/.venv/lib/python3.10/site-packages/airflow/example_dags/plugins/event_listener.py
[2023-08-05T11:31:58.873+0200] {processor.py:838} WARNING - No viable dags retrieved from /Users/felipe.vasconcelos/repos/courses/python-learnings/.venv/lib/python3.10/site-packages/airflow/example_dags/plugins/event_listener.py
[2023-08-05T11:31:59.935+0200] {processor.py:179} INFO - Processing /Users/felipe.vasconcelos/repos/courses/python-learnings/.venv/lib/python3.10/site-packages/airflow/example_dags/plugins/event_listener.py took 1.075 seconds
[2023-08-05T11:34:42.970+0200] {processor.py:157} INFO - Started process (PID=83913) to work on /Users/felipe.vasconcelos/repos/courses/python-learnings/.venv/lib/python3.10/site-packages/airflow/example_dags/plugins/event_listener.py
[2023-08-05T11:34:42.977+0200] {processor.py:826} INFO - Processing file /Users/felipe.vasconcelos/repos/courses/python-learnings/.venv/lib/python3.10/site-packages/airflow/example_dags/plugins/event_listener.py for tasks to queue
[2023-08-05T11:34:42.978+0200] {logging_mixin.py:150} INFO - [2023-08-05T11:34:42.978+0200] {dagbag.py:541} INFO - Filling up the DagBag from /Users/felipe.vasconcelos/repos/courses/python-learnings/.venv/lib/python3.10/site-packages/airflow/example_dags/plugins/event_listener.py
[2023-08-05T11:34:42.980+0200] {processor.py:838} WARNING - No viable dags retrieved from /Users/felipe.vasconcelos/repos/courses/python-learnings/.venv/lib/python3.10/site-packages/airflow/example_dags/plugins/event_listener.py
[2023-08-05T11:34:43.674+0200] {processor.py:179} INFO - Processing /Users/felipe.vasconcelos/repos/courses/python-learnings/.venv/lib/python3.10/site-packages/airflow/example_dags/plugins/event_listener.py took 0.705 seconds
[2023-08-05T11:36:57.221+0200] {processor.py:157} INFO - Started process (PID=83982) to work on /Users/felipe.vasconcelos/repos/courses/python-learnings/.venv/lib/python3.10/site-packages/airflow/example_dags/plugins/event_listener.py
[2023-08-05T11:36:57.228+0200] {processor.py:826} INFO - Processing file /Users/felipe.vasconcelos/repos/courses/python-learnings/.venv/lib/python3.10/site-packages/airflow/example_dags/plugins/event_listener.py for tasks to queue
[2023-08-05T11:36:57.229+0200] {logging_mixin.py:150} INFO - [2023-08-05T11:36:57.229+0200] {dagbag.py:541} INFO - Filling up the DagBag from /Users/felipe.vasconcelos/repos/courses/python-learnings/.venv/lib/python3.10/site-packages/airflow/example_dags/plugins/event_listener.py
[2023-08-05T11:36:57.231+0200] {processor.py:838} WARNING - No viable dags retrieved from /Users/felipe.vasconcelos/repos/courses/python-learnings/.venv/lib/python3.10/site-packages/airflow/example_dags/plugins/event_listener.py
[2023-08-05T11:36:57.913+0200] {processor.py:179} INFO - Processing /Users/felipe.vasconcelos/repos/courses/python-learnings/.venv/lib/python3.10/site-packages/airflow/example_dags/plugins/event_listener.py took 0.693 seconds
[2023-08-05T11:39:02.875+0200] {processor.py:157} INFO - Started process (PID=84042) to work on /Users/felipe.vasconcelos/repos/courses/python-learnings/.venv/lib/python3.10/site-packages/airflow/example_dags/plugins/event_listener.py
[2023-08-05T11:39:02.881+0200] {processor.py:826} INFO - Processing file /Users/felipe.vasconcelos/repos/courses/python-learnings/.venv/lib/python3.10/site-packages/airflow/example_dags/plugins/event_listener.py for tasks to queue
[2023-08-05T11:39:02.881+0200] {logging_mixin.py:150} INFO - [2023-08-05T11:39:02.881+0200] {dagbag.py:541} INFO - Filling up the DagBag from /Users/felipe.vasconcelos/repos/courses/python-learnings/.venv/lib/python3.10/site-packages/airflow/example_dags/plugins/event_listener.py
[2023-08-05T11:39:02.883+0200] {processor.py:838} WARNING - No viable dags retrieved from /Users/felipe.vasconcelos/repos/courses/python-learnings/.venv/lib/python3.10/site-packages/airflow/example_dags/plugins/event_listener.py
[2023-08-05T11:39:03.581+0200] {processor.py:179} INFO - Processing /Users/felipe.vasconcelos/repos/courses/python-learnings/.venv/lib/python3.10/site-packages/airflow/example_dags/plugins/event_listener.py took 0.707 seconds
[2023-08-05T11:41:15.620+0200] {processor.py:157} INFO - Started process (PID=84112) to work on /Users/felipe.vasconcelos/repos/courses/python-learnings/.venv/lib/python3.10/site-packages/airflow/example_dags/plugins/event_listener.py
[2023-08-05T11:41:15.626+0200] {processor.py:826} INFO - Processing file /Users/felipe.vasconcelos/repos/courses/python-learnings/.venv/lib/python3.10/site-packages/airflow/example_dags/plugins/event_listener.py for tasks to queue
[2023-08-05T11:41:15.627+0200] {logging_mixin.py:150} INFO - [2023-08-05T11:41:15.627+0200] {dagbag.py:541} INFO - Filling up the DagBag from /Users/felipe.vasconcelos/repos/courses/python-learnings/.venv/lib/python3.10/site-packages/airflow/example_dags/plugins/event_listener.py
[2023-08-05T11:41:15.628+0200] {processor.py:838} WARNING - No viable dags retrieved from /Users/felipe.vasconcelos/repos/courses/python-learnings/.venv/lib/python3.10/site-packages/airflow/example_dags/plugins/event_listener.py
[2023-08-05T11:41:16.451+0200] {processor.py:179} INFO - Processing /Users/felipe.vasconcelos/repos/courses/python-learnings/.venv/lib/python3.10/site-packages/airflow/example_dags/plugins/event_listener.py took 0.832 seconds
[2023-08-05T11:43:29.072+0200] {processor.py:157} INFO - Started process (PID=84172) to work on /Users/felipe.vasconcelos/repos/courses/python-learnings/.venv/lib/python3.10/site-packages/airflow/example_dags/plugins/event_listener.py
[2023-08-05T11:43:29.079+0200] {processor.py:826} INFO - Processing file /Users/felipe.vasconcelos/repos/courses/python-learnings/.venv/lib/python3.10/site-packages/airflow/example_dags/plugins/event_listener.py for tasks to queue
[2023-08-05T11:43:29.080+0200] {logging_mixin.py:150} INFO - [2023-08-05T11:43:29.080+0200] {dagbag.py:541} INFO - Filling up the DagBag from /Users/felipe.vasconcelos/repos/courses/python-learnings/.venv/lib/python3.10/site-packages/airflow/example_dags/plugins/event_listener.py
[2023-08-05T11:43:29.081+0200] {processor.py:838} WARNING - No viable dags retrieved from /Users/felipe.vasconcelos/repos/courses/python-learnings/.venv/lib/python3.10/site-packages/airflow/example_dags/plugins/event_listener.py
[2023-08-05T11:43:29.803+0200] {processor.py:179} INFO - Processing /Users/felipe.vasconcelos/repos/courses/python-learnings/.venv/lib/python3.10/site-packages/airflow/example_dags/plugins/event_listener.py took 0.731 seconds
[2023-08-05T11:45:32.496+0200] {processor.py:157} INFO - Started process (PID=84238) to work on /Users/felipe.vasconcelos/repos/courses/python-learnings/.venv/lib/python3.10/site-packages/airflow/example_dags/plugins/event_listener.py
[2023-08-05T11:45:32.503+0200] {processor.py:826} INFO - Processing file /Users/felipe.vasconcelos/repos/courses/python-learnings/.venv/lib/python3.10/site-packages/airflow/example_dags/plugins/event_listener.py for tasks to queue
[2023-08-05T11:45:32.504+0200] {logging_mixin.py:150} INFO - [2023-08-05T11:45:32.503+0200] {dagbag.py:541} INFO - Filling up the DagBag from /Users/felipe.vasconcelos/repos/courses/python-learnings/.venv/lib/python3.10/site-packages/airflow/example_dags/plugins/event_listener.py
[2023-08-05T11:45:32.505+0200] {processor.py:838} WARNING - No viable dags retrieved from /Users/felipe.vasconcelos/repos/courses/python-learnings/.venv/lib/python3.10/site-packages/airflow/example_dags/plugins/event_listener.py
[2023-08-05T11:45:33.229+0200] {processor.py:179} INFO - Processing /Users/felipe.vasconcelos/repos/courses/python-learnings/.venv/lib/python3.10/site-packages/airflow/example_dags/plugins/event_listener.py took 0.735 seconds
[2023-08-05T11:48:09.593+0200] {processor.py:157} INFO - Started process (PID=84331) to work on /Users/felipe.vasconcelos/repos/courses/python-learnings/.venv/lib/python3.10/site-packages/airflow/example_dags/plugins/event_listener.py
[2023-08-05T11:48:09.600+0200] {processor.py:826} INFO - Processing file /Users/felipe.vasconcelos/repos/courses/python-learnings/.venv/lib/python3.10/site-packages/airflow/example_dags/plugins/event_listener.py for tasks to queue
[2023-08-05T11:48:09.601+0200] {logging_mixin.py:150} INFO - [2023-08-05T11:48:09.601+0200] {dagbag.py:541} INFO - Filling up the DagBag from /Users/felipe.vasconcelos/repos/courses/python-learnings/.venv/lib/python3.10/site-packages/airflow/example_dags/plugins/event_listener.py
[2023-08-05T11:48:09.603+0200] {processor.py:838} WARNING - No viable dags retrieved from /Users/felipe.vasconcelos/repos/courses/python-learnings/.venv/lib/python3.10/site-packages/airflow/example_dags/plugins/event_listener.py
[2023-08-05T11:48:10.305+0200] {processor.py:179} INFO - Processing /Users/felipe.vasconcelos/repos/courses/python-learnings/.venv/lib/python3.10/site-packages/airflow/example_dags/plugins/event_listener.py took 0.713 seconds
[2023-08-05T11:50:48.358+0200] {processor.py:157} INFO - Started process (PID=84416) to work on /Users/felipe.vasconcelos/repos/courses/python-learnings/.venv/lib/python3.10/site-packages/airflow/example_dags/plugins/event_listener.py
[2023-08-05T11:50:48.364+0200] {processor.py:826} INFO - Processing file /Users/felipe.vasconcelos/repos/courses/python-learnings/.venv/lib/python3.10/site-packages/airflow/example_dags/plugins/event_listener.py for tasks to queue
[2023-08-05T11:50:48.365+0200] {logging_mixin.py:150} INFO - [2023-08-05T11:50:48.365+0200] {dagbag.py:541} INFO - Filling up the DagBag from /Users/felipe.vasconcelos/repos/courses/python-learnings/.venv/lib/python3.10/site-packages/airflow/example_dags/plugins/event_listener.py
[2023-08-05T11:50:48.367+0200] {processor.py:838} WARNING - No viable dags retrieved from /Users/felipe.vasconcelos/repos/courses/python-learnings/.venv/lib/python3.10/site-packages/airflow/example_dags/plugins/event_listener.py
[2023-08-05T11:50:49.095+0200] {processor.py:179} INFO - Processing /Users/felipe.vasconcelos/repos/courses/python-learnings/.venv/lib/python3.10/site-packages/airflow/example_dags/plugins/event_listener.py took 0.739 seconds
[2023-08-05T11:52:57.635+0200] {processor.py:157} INFO - Started process (PID=84475) to work on /Users/felipe.vasconcelos/repos/courses/python-learnings/.venv/lib/python3.10/site-packages/airflow/example_dags/plugins/event_listener.py
[2023-08-05T11:52:57.642+0200] {processor.py:826} INFO - Processing file /Users/felipe.vasconcelos/repos/courses/python-learnings/.venv/lib/python3.10/site-packages/airflow/example_dags/plugins/event_listener.py for tasks to queue
[2023-08-05T11:52:57.642+0200] {logging_mixin.py:150} INFO - [2023-08-05T11:52:57.642+0200] {dagbag.py:541} INFO - Filling up the DagBag from /Users/felipe.vasconcelos/repos/courses/python-learnings/.venv/lib/python3.10/site-packages/airflow/example_dags/plugins/event_listener.py
[2023-08-05T11:52:57.644+0200] {processor.py:838} WARNING - No viable dags retrieved from /Users/felipe.vasconcelos/repos/courses/python-learnings/.venv/lib/python3.10/site-packages/airflow/example_dags/plugins/event_listener.py
[2023-08-05T11:52:58.382+0200] {processor.py:179} INFO - Processing /Users/felipe.vasconcelos/repos/courses/python-learnings/.venv/lib/python3.10/site-packages/airflow/example_dags/plugins/event_listener.py took 0.748 seconds
[2023-08-05T11:55:07.470+0200] {processor.py:157} INFO - Started process (PID=84541) to work on /Users/felipe.vasconcelos/repos/courses/python-learnings/.venv/lib/python3.10/site-packages/airflow/example_dags/plugins/event_listener.py
[2023-08-05T11:55:07.477+0200] {processor.py:826} INFO - Processing file /Users/felipe.vasconcelos/repos/courses/python-learnings/.venv/lib/python3.10/site-packages/airflow/example_dags/plugins/event_listener.py for tasks to queue
[2023-08-05T11:55:07.478+0200] {logging_mixin.py:150} INFO - [2023-08-05T11:55:07.477+0200] {dagbag.py:541} INFO - Filling up the DagBag from /Users/felipe.vasconcelos/repos/courses/python-learnings/.venv/lib/python3.10/site-packages/airflow/example_dags/plugins/event_listener.py
[2023-08-05T11:55:07.479+0200] {processor.py:838} WARNING - No viable dags retrieved from /Users/felipe.vasconcelos/repos/courses/python-learnings/.venv/lib/python3.10/site-packages/airflow/example_dags/plugins/event_listener.py
[2023-08-05T11:55:08.678+0200] {processor.py:179} INFO - Processing /Users/felipe.vasconcelos/repos/courses/python-learnings/.venv/lib/python3.10/site-packages/airflow/example_dags/plugins/event_listener.py took 1.209 seconds
[2023-08-05T11:57:08.631+0200] {processor.py:157} INFO - Started process (PID=84601) to work on /Users/felipe.vasconcelos/repos/courses/python-learnings/.venv/lib/python3.10/site-packages/airflow/example_dags/plugins/event_listener.py
[2023-08-05T11:57:08.637+0200] {processor.py:826} INFO - Processing file /Users/felipe.vasconcelos/repos/courses/python-learnings/.venv/lib/python3.10/site-packages/airflow/example_dags/plugins/event_listener.py for tasks to queue
[2023-08-05T11:57:08.638+0200] {logging_mixin.py:150} INFO - [2023-08-05T11:57:08.638+0200] {dagbag.py:541} INFO - Filling up the DagBag from /Users/felipe.vasconcelos/repos/courses/python-learnings/.venv/lib/python3.10/site-packages/airflow/example_dags/plugins/event_listener.py
[2023-08-05T11:57:08.640+0200] {processor.py:838} WARNING - No viable dags retrieved from /Users/felipe.vasconcelos/repos/courses/python-learnings/.venv/lib/python3.10/site-packages/airflow/example_dags/plugins/event_listener.py
[2023-08-05T11:57:09.321+0200] {processor.py:179} INFO - Processing /Users/felipe.vasconcelos/repos/courses/python-learnings/.venv/lib/python3.10/site-packages/airflow/example_dags/plugins/event_listener.py took 0.691 seconds
[2023-08-05T11:59:44.319+0200] {processor.py:157} INFO - Started process (PID=84681) to work on /Users/felipe.vasconcelos/repos/courses/python-learnings/.venv/lib/python3.10/site-packages/airflow/example_dags/plugins/event_listener.py
[2023-08-05T11:59:44.327+0200] {processor.py:826} INFO - Processing file /Users/felipe.vasconcelos/repos/courses/python-learnings/.venv/lib/python3.10/site-packages/airflow/example_dags/plugins/event_listener.py for tasks to queue
[2023-08-05T11:59:44.328+0200] {logging_mixin.py:150} INFO - [2023-08-05T11:59:44.327+0200] {dagbag.py:541} INFO - Filling up the DagBag from /Users/felipe.vasconcelos/repos/courses/python-learnings/.venv/lib/python3.10/site-packages/airflow/example_dags/plugins/event_listener.py
[2023-08-05T11:59:44.331+0200] {processor.py:838} WARNING - No viable dags retrieved from /Users/felipe.vasconcelos/repos/courses/python-learnings/.venv/lib/python3.10/site-packages/airflow/example_dags/plugins/event_listener.py
[2023-08-05T11:59:45.232+0200] {processor.py:179} INFO - Processing /Users/felipe.vasconcelos/repos/courses/python-learnings/.venv/lib/python3.10/site-packages/airflow/example_dags/plugins/event_listener.py took 0.915 seconds
[2023-08-05T12:03:37.691+0200] {processor.py:157} INFO - Started process (PID=84852) to work on /Users/felipe.vasconcelos/repos/courses/python-learnings/.venv/lib/python3.10/site-packages/airflow/example_dags/plugins/event_listener.py
[2023-08-05T12:03:37.697+0200] {processor.py:826} INFO - Processing file /Users/felipe.vasconcelos/repos/courses/python-learnings/.venv/lib/python3.10/site-packages/airflow/example_dags/plugins/event_listener.py for tasks to queue
[2023-08-05T12:03:37.698+0200] {logging_mixin.py:150} INFO - [2023-08-05T12:03:37.698+0200] {dagbag.py:541} INFO - Filling up the DagBag from /Users/felipe.vasconcelos/repos/courses/python-learnings/.venv/lib/python3.10/site-packages/airflow/example_dags/plugins/event_listener.py
[2023-08-05T12:03:37.700+0200] {processor.py:838} WARNING - No viable dags retrieved from /Users/felipe.vasconcelos/repos/courses/python-learnings/.venv/lib/python3.10/site-packages/airflow/example_dags/plugins/event_listener.py
[2023-08-05T12:03:40.477+0200] {processor.py:179} INFO - Processing /Users/felipe.vasconcelos/repos/courses/python-learnings/.venv/lib/python3.10/site-packages/airflow/example_dags/plugins/event_listener.py took 2.788 seconds
