[2023-08-05T10:36:46.487+0200] {processor.py:157} INFO - Started process (PID=82535) to work on /Users/felipe.vasconcelos/repos/courses/python-learnings/.venv/lib/python3.10/site-packages/airflow/example_dags/plugins/listener_plugin.py
[2023-08-05T10:36:46.494+0200] {processor.py:826} INFO - Processing file /Users/felipe.vasconcelos/repos/courses/python-learnings/.venv/lib/python3.10/site-packages/airflow/example_dags/plugins/listener_plugin.py for tasks to queue
[2023-08-05T10:36:46.495+0200] {logging_mixin.py:150} INFO - [2023-08-05T10:36:46.495+0200] {dagbag.py:541} INFO - Filling up the DagBag from /Users/felipe.vasconcelos/repos/courses/python-learnings/.venv/lib/python3.10/site-packages/airflow/example_dags/plugins/listener_plugin.py
[2023-08-05T10:36:46.499+0200] {processor.py:838} WARNING - No viable dags retrieved from /Users/felipe.vasconcelos/repos/courses/python-learnings/.venv/lib/python3.10/site-packages/airflow/example_dags/plugins/listener_plugin.py
[2023-08-05T10:36:49.512+0200] {processor.py:179} INFO - Processing /Users/felipe.vasconcelos/repos/courses/python-learnings/.venv/lib/python3.10/site-packages/airflow/example_dags/plugins/listener_plugin.py took 3.026 seconds
[2023-08-05T10:41:43.682+0200] {processor.py:157} INFO - Started process (PID=82649) to work on /Users/felipe.vasconcelos/repos/courses/python-learnings/.venv/lib/python3.10/site-packages/airflow/example_dags/plugins/listener_plugin.py
[2023-08-05T10:41:43.689+0200] {processor.py:826} INFO - Processing file /Users/felipe.vasconcelos/repos/courses/python-learnings/.venv/lib/python3.10/site-packages/airflow/example_dags/plugins/listener_plugin.py for tasks to queue
[2023-08-05T10:41:43.690+0200] {logging_mixin.py:150} INFO - [2023-08-05T10:41:43.690+0200] {dagbag.py:541} INFO - Filling up the DagBag from /Users/felipe.vasconcelos/repos/courses/python-learnings/.venv/lib/python3.10/site-packages/airflow/example_dags/plugins/listener_plugin.py
[2023-08-05T10:41:43.692+0200] {processor.py:838} WARNING - No viable dags retrieved from /Users/felipe.vasconcelos/repos/courses/python-learnings/.venv/lib/python3.10/site-packages/airflow/example_dags/plugins/listener_plugin.py
[2023-08-05T10:41:44.628+0200] {processor.py:179} INFO - Processing /Users/felipe.vasconcelos/repos/courses/python-learnings/.venv/lib/python3.10/site-packages/airflow/example_dags/plugins/listener_plugin.py took 0.948 seconds
[2023-08-05T10:45:04.352+0200] {processor.py:157} INFO - Started process (PID=82750) to work on /Users/felipe.vasconcelos/repos/courses/python-learnings/.venv/lib/python3.10/site-packages/airflow/example_dags/plugins/listener_plugin.py
[2023-08-05T10:45:04.359+0200] {processor.py:826} INFO - Processing file /Users/felipe.vasconcelos/repos/courses/python-learnings/.venv/lib/python3.10/site-packages/airflow/example_dags/plugins/listener_plugin.py for tasks to queue
[2023-08-05T10:45:04.360+0200] {logging_mixin.py:150} INFO - [2023-08-05T10:45:04.360+0200] {dagbag.py:541} INFO - Filling up the DagBag from /Users/felipe.vasconcelos/repos/courses/python-learnings/.venv/lib/python3.10/site-packages/airflow/example_dags/plugins/listener_plugin.py
[2023-08-05T10:45:04.365+0200] {processor.py:838} WARNING - No viable dags retrieved from /Users/felipe.vasconcelos/repos/courses/python-learnings/.venv/lib/python3.10/site-packages/airflow/example_dags/plugins/listener_plugin.py
[2023-08-05T10:45:05.368+0200] {processor.py:179} INFO - Processing /Users/felipe.vasconcelos/repos/courses/python-learnings/.venv/lib/python3.10/site-packages/airflow/example_dags/plugins/listener_plugin.py took 1.017 seconds
[2023-08-05T10:47:58.663+0200] {processor.py:157} INFO - Started process (PID=82856) to work on /Users/felipe.vasconcelos/repos/courses/python-learnings/.venv/lib/python3.10/site-packages/airflow/example_dags/plugins/listener_plugin.py
[2023-08-05T10:47:58.669+0200] {processor.py:826} INFO - Processing file /Users/felipe.vasconcelos/repos/courses/python-learnings/.venv/lib/python3.10/site-packages/airflow/example_dags/plugins/listener_plugin.py for tasks to queue
[2023-08-05T10:47:58.670+0200] {logging_mixin.py:150} INFO - [2023-08-05T10:47:58.670+0200] {dagbag.py:541} INFO - Filling up the DagBag from /Users/felipe.vasconcelos/repos/courses/python-learnings/.venv/lib/python3.10/site-packages/airflow/example_dags/plugins/listener_plugin.py
[2023-08-05T10:47:58.676+0200] {processor.py:838} WARNING - No viable dags retrieved from /Users/felipe.vasconcelos/repos/courses/python-learnings/.venv/lib/python3.10/site-packages/airflow/example_dags/plugins/listener_plugin.py
[2023-08-05T10:47:59.352+0200] {processor.py:179} INFO - Processing /Users/felipe.vasconcelos/repos/courses/python-learnings/.venv/lib/python3.10/site-packages/airflow/example_dags/plugins/listener_plugin.py took 0.690 seconds
[2023-08-05T10:50:09.639+0200] {processor.py:157} INFO - Started process (PID=82915) to work on /Users/felipe.vasconcelos/repos/courses/python-learnings/.venv/lib/python3.10/site-packages/airflow/example_dags/plugins/listener_plugin.py
[2023-08-05T10:50:09.645+0200] {processor.py:826} INFO - Processing file /Users/felipe.vasconcelos/repos/courses/python-learnings/.venv/lib/python3.10/site-packages/airflow/example_dags/plugins/listener_plugin.py for tasks to queue
[2023-08-05T10:50:09.646+0200] {logging_mixin.py:150} INFO - [2023-08-05T10:50:09.645+0200] {dagbag.py:541} INFO - Filling up the DagBag from /Users/felipe.vasconcelos/repos/courses/python-learnings/.venv/lib/python3.10/site-packages/airflow/example_dags/plugins/listener_plugin.py
[2023-08-05T10:50:09.651+0200] {processor.py:838} WARNING - No viable dags retrieved from /Users/felipe.vasconcelos/repos/courses/python-learnings/.venv/lib/python3.10/site-packages/airflow/example_dags/plugins/listener_plugin.py
[2023-08-05T10:50:10.395+0200] {processor.py:179} INFO - Processing /Users/felipe.vasconcelos/repos/courses/python-learnings/.venv/lib/python3.10/site-packages/airflow/example_dags/plugins/listener_plugin.py took 0.758 seconds
[2023-08-05T10:52:30.286+0200] {processor.py:157} INFO - Started process (PID=82983) to work on /Users/felipe.vasconcelos/repos/courses/python-learnings/.venv/lib/python3.10/site-packages/airflow/example_dags/plugins/listener_plugin.py
[2023-08-05T10:52:30.292+0200] {processor.py:826} INFO - Processing file /Users/felipe.vasconcelos/repos/courses/python-learnings/.venv/lib/python3.10/site-packages/airflow/example_dags/plugins/listener_plugin.py for tasks to queue
[2023-08-05T10:52:30.293+0200] {logging_mixin.py:150} INFO - [2023-08-05T10:52:30.293+0200] {dagbag.py:541} INFO - Filling up the DagBag from /Users/felipe.vasconcelos/repos/courses/python-learnings/.venv/lib/python3.10/site-packages/airflow/example_dags/plugins/listener_plugin.py
[2023-08-05T10:52:30.297+0200] {processor.py:838} WARNING - No viable dags retrieved from /Users/felipe.vasconcelos/repos/courses/python-learnings/.venv/lib/python3.10/site-packages/airflow/example_dags/plugins/listener_plugin.py
[2023-08-05T10:52:30.991+0200] {processor.py:179} INFO - Processing /Users/felipe.vasconcelos/repos/courses/python-learnings/.venv/lib/python3.10/site-packages/airflow/example_dags/plugins/listener_plugin.py took 0.706 seconds
[2023-08-05T10:54:43.562+0200] {processor.py:157} INFO - Started process (PID=83040) to work on /Users/felipe.vasconcelos/repos/courses/python-learnings/.venv/lib/python3.10/site-packages/airflow/example_dags/plugins/listener_plugin.py
[2023-08-05T10:54:43.568+0200] {processor.py:826} INFO - Processing file /Users/felipe.vasconcelos/repos/courses/python-learnings/.venv/lib/python3.10/site-packages/airflow/example_dags/plugins/listener_plugin.py for tasks to queue
[2023-08-05T10:54:43.569+0200] {logging_mixin.py:150} INFO - [2023-08-05T10:54:43.568+0200] {dagbag.py:541} INFO - Filling up the DagBag from /Users/felipe.vasconcelos/repos/courses/python-learnings/.venv/lib/python3.10/site-packages/airflow/example_dags/plugins/listener_plugin.py
[2023-08-05T10:54:43.576+0200] {processor.py:838} WARNING - No viable dags retrieved from /Users/felipe.vasconcelos/repos/courses/python-learnings/.venv/lib/python3.10/site-packages/airflow/example_dags/plugins/listener_plugin.py
[2023-08-05T10:54:44.264+0200] {processor.py:179} INFO - Processing /Users/felipe.vasconcelos/repos/courses/python-learnings/.venv/lib/python3.10/site-packages/airflow/example_dags/plugins/listener_plugin.py took 0.704 seconds
[2023-08-05T10:56:53.251+0200] {processor.py:157} INFO - Started process (PID=83101) to work on /Users/felipe.vasconcelos/repos/courses/python-learnings/.venv/lib/python3.10/site-packages/airflow/example_dags/plugins/listener_plugin.py
[2023-08-05T10:56:53.257+0200] {processor.py:826} INFO - Processing file /Users/felipe.vasconcelos/repos/courses/python-learnings/.venv/lib/python3.10/site-packages/airflow/example_dags/plugins/listener_plugin.py for tasks to queue
[2023-08-05T10:56:53.258+0200] {logging_mixin.py:150} INFO - [2023-08-05T10:56:53.258+0200] {dagbag.py:541} INFO - Filling up the DagBag from /Users/felipe.vasconcelos/repos/courses/python-learnings/.venv/lib/python3.10/site-packages/airflow/example_dags/plugins/listener_plugin.py
[2023-08-05T10:56:53.264+0200] {processor.py:838} WARNING - No viable dags retrieved from /Users/felipe.vasconcelos/repos/courses/python-learnings/.venv/lib/python3.10/site-packages/airflow/example_dags/plugins/listener_plugin.py
[2023-08-05T10:56:53.940+0200] {processor.py:179} INFO - Processing /Users/felipe.vasconcelos/repos/courses/python-learnings/.venv/lib/python3.10/site-packages/airflow/example_dags/plugins/listener_plugin.py took 0.690 seconds
[2023-08-05T10:59:07.206+0200] {processor.py:157} INFO - Started process (PID=83168) to work on /Users/felipe.vasconcelos/repos/courses/python-learnings/.venv/lib/python3.10/site-packages/airflow/example_dags/plugins/listener_plugin.py
[2023-08-05T10:59:07.212+0200] {processor.py:826} INFO - Processing file /Users/felipe.vasconcelos/repos/courses/python-learnings/.venv/lib/python3.10/site-packages/airflow/example_dags/plugins/listener_plugin.py for tasks to queue
[2023-08-05T10:59:07.213+0200] {logging_mixin.py:150} INFO - [2023-08-05T10:59:07.212+0200] {dagbag.py:541} INFO - Filling up the DagBag from /Users/felipe.vasconcelos/repos/courses/python-learnings/.venv/lib/python3.10/site-packages/airflow/example_dags/plugins/listener_plugin.py
[2023-08-05T10:59:07.218+0200] {processor.py:838} WARNING - No viable dags retrieved from /Users/felipe.vasconcelos/repos/courses/python-learnings/.venv/lib/python3.10/site-packages/airflow/example_dags/plugins/listener_plugin.py
[2023-08-05T10:59:09.510+0200] {processor.py:179} INFO - Processing /Users/felipe.vasconcelos/repos/courses/python-learnings/.venv/lib/python3.10/site-packages/airflow/example_dags/plugins/listener_plugin.py took 2.311 seconds
[2023-08-05T11:13:31.667+0200] {processor.py:157} INFO - Started process (PID=83302) to work on /Users/felipe.vasconcelos/repos/courses/python-learnings/.venv/lib/python3.10/site-packages/airflow/example_dags/plugins/listener_plugin.py
[2023-08-05T11:13:31.673+0200] {processor.py:826} INFO - Processing file /Users/felipe.vasconcelos/repos/courses/python-learnings/.venv/lib/python3.10/site-packages/airflow/example_dags/plugins/listener_plugin.py for tasks to queue
[2023-08-05T11:13:31.673+0200] {logging_mixin.py:150} INFO - [2023-08-05T11:13:31.673+0200] {dagbag.py:541} INFO - Filling up the DagBag from /Users/felipe.vasconcelos/repos/courses/python-learnings/.venv/lib/python3.10/site-packages/airflow/example_dags/plugins/listener_plugin.py
[2023-08-05T11:13:31.679+0200] {processor.py:838} WARNING - No viable dags retrieved from /Users/felipe.vasconcelos/repos/courses/python-learnings/.venv/lib/python3.10/site-packages/airflow/example_dags/plugins/listener_plugin.py
[2023-08-05T11:13:32.379+0200] {processor.py:179} INFO - Processing /Users/felipe.vasconcelos/repos/courses/python-learnings/.venv/lib/python3.10/site-packages/airflow/example_dags/plugins/listener_plugin.py took 0.713 seconds
[2023-08-05T11:15:40.860+0200] {processor.py:157} INFO - Started process (PID=83364) to work on /Users/felipe.vasconcelos/repos/courses/python-learnings/.venv/lib/python3.10/site-packages/airflow/example_dags/plugins/listener_plugin.py
[2023-08-05T11:15:40.866+0200] {processor.py:826} INFO - Processing file /Users/felipe.vasconcelos/repos/courses/python-learnings/.venv/lib/python3.10/site-packages/airflow/example_dags/plugins/listener_plugin.py for tasks to queue
[2023-08-05T11:15:40.867+0200] {logging_mixin.py:150} INFO - [2023-08-05T11:15:40.867+0200] {dagbag.py:541} INFO - Filling up the DagBag from /Users/felipe.vasconcelos/repos/courses/python-learnings/.venv/lib/python3.10/site-packages/airflow/example_dags/plugins/listener_plugin.py
[2023-08-05T11:15:40.869+0200] {processor.py:838} WARNING - No viable dags retrieved from /Users/felipe.vasconcelos/repos/courses/python-learnings/.venv/lib/python3.10/site-packages/airflow/example_dags/plugins/listener_plugin.py
[2023-08-05T11:15:41.574+0200] {processor.py:179} INFO - Processing /Users/felipe.vasconcelos/repos/courses/python-learnings/.venv/lib/python3.10/site-packages/airflow/example_dags/plugins/listener_plugin.py took 0.715 seconds
[2023-08-05T11:17:44.940+0200] {processor.py:157} INFO - Started process (PID=83417) to work on /Users/felipe.vasconcelos/repos/courses/python-learnings/.venv/lib/python3.10/site-packages/airflow/example_dags/plugins/listener_plugin.py
[2023-08-05T11:17:44.946+0200] {processor.py:826} INFO - Processing file /Users/felipe.vasconcelos/repos/courses/python-learnings/.venv/lib/python3.10/site-packages/airflow/example_dags/plugins/listener_plugin.py for tasks to queue
[2023-08-05T11:17:44.947+0200] {logging_mixin.py:150} INFO - [2023-08-05T11:17:44.947+0200] {dagbag.py:541} INFO - Filling up the DagBag from /Users/felipe.vasconcelos/repos/courses/python-learnings/.venv/lib/python3.10/site-packages/airflow/example_dags/plugins/listener_plugin.py
[2023-08-05T11:17:44.954+0200] {processor.py:838} WARNING - No viable dags retrieved from /Users/felipe.vasconcelos/repos/courses/python-learnings/.venv/lib/python3.10/site-packages/airflow/example_dags/plugins/listener_plugin.py
[2023-08-05T11:17:45.660+0200] {processor.py:179} INFO - Processing /Users/felipe.vasconcelos/repos/courses/python-learnings/.venv/lib/python3.10/site-packages/airflow/example_dags/plugins/listener_plugin.py took 0.721 seconds
[2023-08-05T11:19:55.323+0200] {processor.py:157} INFO - Started process (PID=83481) to work on /Users/felipe.vasconcelos/repos/courses/python-learnings/.venv/lib/python3.10/site-packages/airflow/example_dags/plugins/listener_plugin.py
[2023-08-05T11:19:55.329+0200] {processor.py:826} INFO - Processing file /Users/felipe.vasconcelos/repos/courses/python-learnings/.venv/lib/python3.10/site-packages/airflow/example_dags/plugins/listener_plugin.py for tasks to queue
[2023-08-05T11:19:55.330+0200] {logging_mixin.py:150} INFO - [2023-08-05T11:19:55.330+0200] {dagbag.py:541} INFO - Filling up the DagBag from /Users/felipe.vasconcelos/repos/courses/python-learnings/.venv/lib/python3.10/site-packages/airflow/example_dags/plugins/listener_plugin.py
[2023-08-05T11:19:55.333+0200] {processor.py:838} WARNING - No viable dags retrieved from /Users/felipe.vasconcelos/repos/courses/python-learnings/.venv/lib/python3.10/site-packages/airflow/example_dags/plugins/listener_plugin.py
[2023-08-05T11:19:57.189+0200] {processor.py:179} INFO - Processing /Users/felipe.vasconcelos/repos/courses/python-learnings/.venv/lib/python3.10/site-packages/airflow/example_dags/plugins/listener_plugin.py took 1.867 seconds
[2023-08-05T11:22:24.122+0200] {processor.py:157} INFO - Started process (PID=83556) to work on /Users/felipe.vasconcelos/repos/courses/python-learnings/.venv/lib/python3.10/site-packages/airflow/example_dags/plugins/listener_plugin.py
[2023-08-05T11:22:24.130+0200] {processor.py:826} INFO - Processing file /Users/felipe.vasconcelos/repos/courses/python-learnings/.venv/lib/python3.10/site-packages/airflow/example_dags/plugins/listener_plugin.py for tasks to queue
[2023-08-05T11:22:24.130+0200] {logging_mixin.py:150} INFO - [2023-08-05T11:22:24.130+0200] {dagbag.py:541} INFO - Filling up the DagBag from /Users/felipe.vasconcelos/repos/courses/python-learnings/.venv/lib/python3.10/site-packages/airflow/example_dags/plugins/listener_plugin.py
[2023-08-05T11:22:24.135+0200] {processor.py:838} WARNING - No viable dags retrieved from /Users/felipe.vasconcelos/repos/courses/python-learnings/.venv/lib/python3.10/site-packages/airflow/example_dags/plugins/listener_plugin.py
[2023-08-05T11:22:24.879+0200] {processor.py:179} INFO - Processing /Users/felipe.vasconcelos/repos/courses/python-learnings/.venv/lib/python3.10/site-packages/airflow/example_dags/plugins/listener_plugin.py took 0.758 seconds
[2023-08-05T11:24:38.469+0200] {processor.py:157} INFO - Started process (PID=83609) to work on /Users/felipe.vasconcelos/repos/courses/python-learnings/.venv/lib/python3.10/site-packages/airflow/example_dags/plugins/listener_plugin.py
[2023-08-05T11:24:38.475+0200] {processor.py:826} INFO - Processing file /Users/felipe.vasconcelos/repos/courses/python-learnings/.venv/lib/python3.10/site-packages/airflow/example_dags/plugins/listener_plugin.py for tasks to queue
[2023-08-05T11:24:38.476+0200] {logging_mixin.py:150} INFO - [2023-08-05T11:24:38.476+0200] {dagbag.py:541} INFO - Filling up the DagBag from /Users/felipe.vasconcelos/repos/courses/python-learnings/.venv/lib/python3.10/site-packages/airflow/example_dags/plugins/listener_plugin.py
[2023-08-05T11:24:38.479+0200] {processor.py:838} WARNING - No viable dags retrieved from /Users/felipe.vasconcelos/repos/courses/python-learnings/.venv/lib/python3.10/site-packages/airflow/example_dags/plugins/listener_plugin.py
[2023-08-05T11:24:39.202+0200] {processor.py:179} INFO - Processing /Users/felipe.vasconcelos/repos/courses/python-learnings/.venv/lib/python3.10/site-packages/airflow/example_dags/plugins/listener_plugin.py took 0.734 seconds
[2023-08-05T11:26:46.376+0200] {processor.py:157} INFO - Started process (PID=83666) to work on /Users/felipe.vasconcelos/repos/courses/python-learnings/.venv/lib/python3.10/site-packages/airflow/example_dags/plugins/listener_plugin.py
[2023-08-05T11:26:46.382+0200] {processor.py:826} INFO - Processing file /Users/felipe.vasconcelos/repos/courses/python-learnings/.venv/lib/python3.10/site-packages/airflow/example_dags/plugins/listener_plugin.py for tasks to queue
[2023-08-05T11:26:46.383+0200] {logging_mixin.py:150} INFO - [2023-08-05T11:26:46.382+0200] {dagbag.py:541} INFO - Filling up the DagBag from /Users/felipe.vasconcelos/repos/courses/python-learnings/.venv/lib/python3.10/site-packages/airflow/example_dags/plugins/listener_plugin.py
[2023-08-05T11:26:46.388+0200] {processor.py:838} WARNING - No viable dags retrieved from /Users/felipe.vasconcelos/repos/courses/python-learnings/.venv/lib/python3.10/site-packages/airflow/example_dags/plugins/listener_plugin.py
[2023-08-05T11:26:47.228+0200] {processor.py:179} INFO - Processing /Users/felipe.vasconcelos/repos/courses/python-learnings/.venv/lib/python3.10/site-packages/airflow/example_dags/plugins/listener_plugin.py took 0.854 seconds
[2023-08-05T11:29:03.777+0200] {processor.py:157} INFO - Started process (PID=83723) to work on /Users/felipe.vasconcelos/repos/courses/python-learnings/.venv/lib/python3.10/site-packages/airflow/example_dags/plugins/listener_plugin.py
[2023-08-05T11:29:03.783+0200] {processor.py:826} INFO - Processing file /Users/felipe.vasconcelos/repos/courses/python-learnings/.venv/lib/python3.10/site-packages/airflow/example_dags/plugins/listener_plugin.py for tasks to queue
[2023-08-05T11:29:03.784+0200] {logging_mixin.py:150} INFO - [2023-08-05T11:29:03.784+0200] {dagbag.py:541} INFO - Filling up the DagBag from /Users/felipe.vasconcelos/repos/courses/python-learnings/.venv/lib/python3.10/site-packages/airflow/example_dags/plugins/listener_plugin.py
[2023-08-05T11:29:03.788+0200] {processor.py:838} WARNING - No viable dags retrieved from /Users/felipe.vasconcelos/repos/courses/python-learnings/.venv/lib/python3.10/site-packages/airflow/example_dags/plugins/listener_plugin.py
[2023-08-05T11:29:04.484+0200] {processor.py:179} INFO - Processing /Users/felipe.vasconcelos/repos/courses/python-learnings/.venv/lib/python3.10/site-packages/airflow/example_dags/plugins/listener_plugin.py took 0.709 seconds
[2023-08-05T11:31:54.445+0200] {processor.py:157} INFO - Started process (PID=83813) to work on /Users/felipe.vasconcelos/repos/courses/python-learnings/.venv/lib/python3.10/site-packages/airflow/example_dags/plugins/listener_plugin.py
[2023-08-05T11:31:54.452+0200] {processor.py:826} INFO - Processing file /Users/felipe.vasconcelos/repos/courses/python-learnings/.venv/lib/python3.10/site-packages/airflow/example_dags/plugins/listener_plugin.py for tasks to queue
[2023-08-05T11:31:54.453+0200] {logging_mixin.py:150} INFO - [2023-08-05T11:31:54.453+0200] {dagbag.py:541} INFO - Filling up the DagBag from /Users/felipe.vasconcelos/repos/courses/python-learnings/.venv/lib/python3.10/site-packages/airflow/example_dags/plugins/listener_plugin.py
[2023-08-05T11:31:54.460+0200] {processor.py:838} WARNING - No viable dags retrieved from /Users/felipe.vasconcelos/repos/courses/python-learnings/.venv/lib/python3.10/site-packages/airflow/example_dags/plugins/listener_plugin.py
[2023-08-05T11:31:55.598+0200] {processor.py:179} INFO - Processing /Users/felipe.vasconcelos/repos/courses/python-learnings/.venv/lib/python3.10/site-packages/airflow/example_dags/plugins/listener_plugin.py took 1.154 seconds
[2023-08-05T11:34:39.711+0200] {processor.py:157} INFO - Started process (PID=83911) to work on /Users/felipe.vasconcelos/repos/courses/python-learnings/.venv/lib/python3.10/site-packages/airflow/example_dags/plugins/listener_plugin.py
[2023-08-05T11:34:39.716+0200] {processor.py:826} INFO - Processing file /Users/felipe.vasconcelos/repos/courses/python-learnings/.venv/lib/python3.10/site-packages/airflow/example_dags/plugins/listener_plugin.py for tasks to queue
[2023-08-05T11:34:39.717+0200] {logging_mixin.py:150} INFO - [2023-08-05T11:34:39.717+0200] {dagbag.py:541} INFO - Filling up the DagBag from /Users/felipe.vasconcelos/repos/courses/python-learnings/.venv/lib/python3.10/site-packages/airflow/example_dags/plugins/listener_plugin.py
[2023-08-05T11:34:39.720+0200] {processor.py:838} WARNING - No viable dags retrieved from /Users/felipe.vasconcelos/repos/courses/python-learnings/.venv/lib/python3.10/site-packages/airflow/example_dags/plugins/listener_plugin.py
[2023-08-05T11:34:40.362+0200] {processor.py:179} INFO - Processing /Users/felipe.vasconcelos/repos/courses/python-learnings/.venv/lib/python3.10/site-packages/airflow/example_dags/plugins/listener_plugin.py took 0.652 seconds
[2023-08-05T11:36:53.988+0200] {processor.py:157} INFO - Started process (PID=83980) to work on /Users/felipe.vasconcelos/repos/courses/python-learnings/.venv/lib/python3.10/site-packages/airflow/example_dags/plugins/listener_plugin.py
[2023-08-05T11:36:53.993+0200] {processor.py:826} INFO - Processing file /Users/felipe.vasconcelos/repos/courses/python-learnings/.venv/lib/python3.10/site-packages/airflow/example_dags/plugins/listener_plugin.py for tasks to queue
[2023-08-05T11:36:53.994+0200] {logging_mixin.py:150} INFO - [2023-08-05T11:36:53.994+0200] {dagbag.py:541} INFO - Filling up the DagBag from /Users/felipe.vasconcelos/repos/courses/python-learnings/.venv/lib/python3.10/site-packages/airflow/example_dags/plugins/listener_plugin.py
[2023-08-05T11:36:54.000+0200] {processor.py:838} WARNING - No viable dags retrieved from /Users/felipe.vasconcelos/repos/courses/python-learnings/.venv/lib/python3.10/site-packages/airflow/example_dags/plugins/listener_plugin.py
[2023-08-05T11:36:54.736+0200] {processor.py:179} INFO - Processing /Users/felipe.vasconcelos/repos/courses/python-learnings/.venv/lib/python3.10/site-packages/airflow/example_dags/plugins/listener_plugin.py took 0.750 seconds
[2023-08-05T11:38:59.776+0200] {processor.py:157} INFO - Started process (PID=84041) to work on /Users/felipe.vasconcelos/repos/courses/python-learnings/.venv/lib/python3.10/site-packages/airflow/example_dags/plugins/listener_plugin.py
[2023-08-05T11:38:59.781+0200] {processor.py:826} INFO - Processing file /Users/felipe.vasconcelos/repos/courses/python-learnings/.venv/lib/python3.10/site-packages/airflow/example_dags/plugins/listener_plugin.py for tasks to queue
[2023-08-05T11:38:59.782+0200] {logging_mixin.py:150} INFO - [2023-08-05T11:38:59.781+0200] {dagbag.py:541} INFO - Filling up the DagBag from /Users/felipe.vasconcelos/repos/courses/python-learnings/.venv/lib/python3.10/site-packages/airflow/example_dags/plugins/listener_plugin.py
[2023-08-05T11:38:59.784+0200] {processor.py:838} WARNING - No viable dags retrieved from /Users/felipe.vasconcelos/repos/courses/python-learnings/.venv/lib/python3.10/site-packages/airflow/example_dags/plugins/listener_plugin.py
[2023-08-05T11:39:00.468+0200] {processor.py:179} INFO - Processing /Users/felipe.vasconcelos/repos/courses/python-learnings/.venv/lib/python3.10/site-packages/airflow/example_dags/plugins/listener_plugin.py took 0.694 seconds
[2023-08-05T11:41:12.228+0200] {processor.py:157} INFO - Started process (PID=84111) to work on /Users/felipe.vasconcelos/repos/courses/python-learnings/.venv/lib/python3.10/site-packages/airflow/example_dags/plugins/listener_plugin.py
[2023-08-05T11:41:12.235+0200] {processor.py:826} INFO - Processing file /Users/felipe.vasconcelos/repos/courses/python-learnings/.venv/lib/python3.10/site-packages/airflow/example_dags/plugins/listener_plugin.py for tasks to queue
[2023-08-05T11:41:12.236+0200] {logging_mixin.py:150} INFO - [2023-08-05T11:41:12.235+0200] {dagbag.py:541} INFO - Filling up the DagBag from /Users/felipe.vasconcelos/repos/courses/python-learnings/.venv/lib/python3.10/site-packages/airflow/example_dags/plugins/listener_plugin.py
[2023-08-05T11:41:12.242+0200] {processor.py:838} WARNING - No viable dags retrieved from /Users/felipe.vasconcelos/repos/courses/python-learnings/.venv/lib/python3.10/site-packages/airflow/example_dags/plugins/listener_plugin.py
[2023-08-05T11:41:13.006+0200] {processor.py:179} INFO - Processing /Users/felipe.vasconcelos/repos/courses/python-learnings/.venv/lib/python3.10/site-packages/airflow/example_dags/plugins/listener_plugin.py took 0.779 seconds
[2023-08-05T11:43:25.951+0200] {processor.py:157} INFO - Started process (PID=84171) to work on /Users/felipe.vasconcelos/repos/courses/python-learnings/.venv/lib/python3.10/site-packages/airflow/example_dags/plugins/listener_plugin.py
[2023-08-05T11:43:25.957+0200] {processor.py:826} INFO - Processing file /Users/felipe.vasconcelos/repos/courses/python-learnings/.venv/lib/python3.10/site-packages/airflow/example_dags/plugins/listener_plugin.py for tasks to queue
[2023-08-05T11:43:25.958+0200] {logging_mixin.py:150} INFO - [2023-08-05T11:43:25.958+0200] {dagbag.py:541} INFO - Filling up the DagBag from /Users/felipe.vasconcelos/repos/courses/python-learnings/.venv/lib/python3.10/site-packages/airflow/example_dags/plugins/listener_plugin.py
[2023-08-05T11:43:25.962+0200] {processor.py:838} WARNING - No viable dags retrieved from /Users/felipe.vasconcelos/repos/courses/python-learnings/.venv/lib/python3.10/site-packages/airflow/example_dags/plugins/listener_plugin.py
[2023-08-05T11:43:26.645+0200] {processor.py:179} INFO - Processing /Users/felipe.vasconcelos/repos/courses/python-learnings/.venv/lib/python3.10/site-packages/airflow/example_dags/plugins/listener_plugin.py took 0.695 seconds
[2023-08-05T11:45:29.099+0200] {processor.py:157} INFO - Started process (PID=84237) to work on /Users/felipe.vasconcelos/repos/courses/python-learnings/.venv/lib/python3.10/site-packages/airflow/example_dags/plugins/listener_plugin.py
[2023-08-05T11:45:29.127+0200] {processor.py:826} INFO - Processing file /Users/felipe.vasconcelos/repos/courses/python-learnings/.venv/lib/python3.10/site-packages/airflow/example_dags/plugins/listener_plugin.py for tasks to queue
[2023-08-05T11:45:29.133+0200] {logging_mixin.py:150} INFO - [2023-08-05T11:45:29.133+0200] {dagbag.py:541} INFO - Filling up the DagBag from /Users/felipe.vasconcelos/repos/courses/python-learnings/.venv/lib/python3.10/site-packages/airflow/example_dags/plugins/listener_plugin.py
[2023-08-05T11:45:29.140+0200] {processor.py:838} WARNING - No viable dags retrieved from /Users/felipe.vasconcelos/repos/courses/python-learnings/.venv/lib/python3.10/site-packages/airflow/example_dags/plugins/listener_plugin.py
[2023-08-05T11:45:29.891+0200] {processor.py:179} INFO - Processing /Users/felipe.vasconcelos/repos/courses/python-learnings/.venv/lib/python3.10/site-packages/airflow/example_dags/plugins/listener_plugin.py took 0.793 seconds
[2023-08-05T11:48:06.309+0200] {processor.py:157} INFO - Started process (PID=84329) to work on /Users/felipe.vasconcelos/repos/courses/python-learnings/.venv/lib/python3.10/site-packages/airflow/example_dags/plugins/listener_plugin.py
[2023-08-05T11:48:06.315+0200] {processor.py:826} INFO - Processing file /Users/felipe.vasconcelos/repos/courses/python-learnings/.venv/lib/python3.10/site-packages/airflow/example_dags/plugins/listener_plugin.py for tasks to queue
[2023-08-05T11:48:06.316+0200] {logging_mixin.py:150} INFO - [2023-08-05T11:48:06.315+0200] {dagbag.py:541} INFO - Filling up the DagBag from /Users/felipe.vasconcelos/repos/courses/python-learnings/.venv/lib/python3.10/site-packages/airflow/example_dags/plugins/listener_plugin.py
[2023-08-05T11:48:06.321+0200] {processor.py:838} WARNING - No viable dags retrieved from /Users/felipe.vasconcelos/repos/courses/python-learnings/.venv/lib/python3.10/site-packages/airflow/example_dags/plugins/listener_plugin.py
[2023-08-05T11:48:07.051+0200] {processor.py:179} INFO - Processing /Users/felipe.vasconcelos/repos/courses/python-learnings/.venv/lib/python3.10/site-packages/airflow/example_dags/plugins/listener_plugin.py took 0.743 seconds
[2023-08-05T11:50:45.220+0200] {processor.py:157} INFO - Started process (PID=84415) to work on /Users/felipe.vasconcelos/repos/courses/python-learnings/.venv/lib/python3.10/site-packages/airflow/example_dags/plugins/listener_plugin.py
[2023-08-05T11:50:45.226+0200] {processor.py:826} INFO - Processing file /Users/felipe.vasconcelos/repos/courses/python-learnings/.venv/lib/python3.10/site-packages/airflow/example_dags/plugins/listener_plugin.py for tasks to queue
[2023-08-05T11:50:45.227+0200] {logging_mixin.py:150} INFO - [2023-08-05T11:50:45.227+0200] {dagbag.py:541} INFO - Filling up the DagBag from /Users/felipe.vasconcelos/repos/courses/python-learnings/.venv/lib/python3.10/site-packages/airflow/example_dags/plugins/listener_plugin.py
[2023-08-05T11:50:45.230+0200] {processor.py:838} WARNING - No viable dags retrieved from /Users/felipe.vasconcelos/repos/courses/python-learnings/.venv/lib/python3.10/site-packages/airflow/example_dags/plugins/listener_plugin.py
[2023-08-05T11:50:45.924+0200] {processor.py:179} INFO - Processing /Users/felipe.vasconcelos/repos/courses/python-learnings/.venv/lib/python3.10/site-packages/airflow/example_dags/plugins/listener_plugin.py took 0.705 seconds
[2023-08-05T11:52:54.298+0200] {processor.py:157} INFO - Started process (PID=84474) to work on /Users/felipe.vasconcelos/repos/courses/python-learnings/.venv/lib/python3.10/site-packages/airflow/example_dags/plugins/listener_plugin.py
[2023-08-05T11:52:54.304+0200] {processor.py:826} INFO - Processing file /Users/felipe.vasconcelos/repos/courses/python-learnings/.venv/lib/python3.10/site-packages/airflow/example_dags/plugins/listener_plugin.py for tasks to queue
[2023-08-05T11:52:54.305+0200] {logging_mixin.py:150} INFO - [2023-08-05T11:52:54.305+0200] {dagbag.py:541} INFO - Filling up the DagBag from /Users/felipe.vasconcelos/repos/courses/python-learnings/.venv/lib/python3.10/site-packages/airflow/example_dags/plugins/listener_plugin.py
[2023-08-05T11:52:54.311+0200] {processor.py:838} WARNING - No viable dags retrieved from /Users/felipe.vasconcelos/repos/courses/python-learnings/.venv/lib/python3.10/site-packages/airflow/example_dags/plugins/listener_plugin.py
[2023-08-05T11:52:55.179+0200] {processor.py:179} INFO - Processing /Users/felipe.vasconcelos/repos/courses/python-learnings/.venv/lib/python3.10/site-packages/airflow/example_dags/plugins/listener_plugin.py took 0.882 seconds
[2023-08-05T11:55:04.172+0200] {processor.py:157} INFO - Started process (PID=84540) to work on /Users/felipe.vasconcelos/repos/courses/python-learnings/.venv/lib/python3.10/site-packages/airflow/example_dags/plugins/listener_plugin.py
[2023-08-05T11:55:04.178+0200] {processor.py:826} INFO - Processing file /Users/felipe.vasconcelos/repos/courses/python-learnings/.venv/lib/python3.10/site-packages/airflow/example_dags/plugins/listener_plugin.py for tasks to queue
[2023-08-05T11:55:04.179+0200] {logging_mixin.py:150} INFO - [2023-08-05T11:55:04.179+0200] {dagbag.py:541} INFO - Filling up the DagBag from /Users/felipe.vasconcelos/repos/courses/python-learnings/.venv/lib/python3.10/site-packages/airflow/example_dags/plugins/listener_plugin.py
[2023-08-05T11:55:04.182+0200] {processor.py:838} WARNING - No viable dags retrieved from /Users/felipe.vasconcelos/repos/courses/python-learnings/.venv/lib/python3.10/site-packages/airflow/example_dags/plugins/listener_plugin.py
[2023-08-05T11:55:04.884+0200] {processor.py:179} INFO - Processing /Users/felipe.vasconcelos/repos/courses/python-learnings/.venv/lib/python3.10/site-packages/airflow/example_dags/plugins/listener_plugin.py took 0.713 seconds
[2023-08-05T11:57:05.459+0200] {processor.py:157} INFO - Started process (PID=84599) to work on /Users/felipe.vasconcelos/repos/courses/python-learnings/.venv/lib/python3.10/site-packages/airflow/example_dags/plugins/listener_plugin.py
[2023-08-05T11:57:05.466+0200] {processor.py:826} INFO - Processing file /Users/felipe.vasconcelos/repos/courses/python-learnings/.venv/lib/python3.10/site-packages/airflow/example_dags/plugins/listener_plugin.py for tasks to queue
[2023-08-05T11:57:05.467+0200] {logging_mixin.py:150} INFO - [2023-08-05T11:57:05.466+0200] {dagbag.py:541} INFO - Filling up the DagBag from /Users/felipe.vasconcelos/repos/courses/python-learnings/.venv/lib/python3.10/site-packages/airflow/example_dags/plugins/listener_plugin.py
[2023-08-05T11:57:05.471+0200] {processor.py:838} WARNING - No viable dags retrieved from /Users/felipe.vasconcelos/repos/courses/python-learnings/.venv/lib/python3.10/site-packages/airflow/example_dags/plugins/listener_plugin.py
[2023-08-05T11:57:06.173+0200] {processor.py:179} INFO - Processing /Users/felipe.vasconcelos/repos/courses/python-learnings/.venv/lib/python3.10/site-packages/airflow/example_dags/plugins/listener_plugin.py took 0.715 seconds
[2023-08-05T11:59:39.801+0200] {processor.py:157} INFO - Started process (PID=84677) to work on /Users/felipe.vasconcelos/repos/courses/python-learnings/.venv/lib/python3.10/site-packages/airflow/example_dags/plugins/listener_plugin.py
[2023-08-05T11:59:39.810+0200] {processor.py:826} INFO - Processing file /Users/felipe.vasconcelos/repos/courses/python-learnings/.venv/lib/python3.10/site-packages/airflow/example_dags/plugins/listener_plugin.py for tasks to queue
[2023-08-05T11:59:39.811+0200] {logging_mixin.py:150} INFO - [2023-08-05T11:59:39.810+0200] {dagbag.py:541} INFO - Filling up the DagBag from /Users/felipe.vasconcelos/repos/courses/python-learnings/.venv/lib/python3.10/site-packages/airflow/example_dags/plugins/listener_plugin.py
[2023-08-05T11:59:39.815+0200] {processor.py:838} WARNING - No viable dags retrieved from /Users/felipe.vasconcelos/repos/courses/python-learnings/.venv/lib/python3.10/site-packages/airflow/example_dags/plugins/listener_plugin.py
[2023-08-05T11:59:41.260+0200] {processor.py:179} INFO - Processing /Users/felipe.vasconcelos/repos/courses/python-learnings/.venv/lib/python3.10/site-packages/airflow/example_dags/plugins/listener_plugin.py took 1.467 seconds
[2023-08-05T12:03:34.429+0200] {processor.py:157} INFO - Started process (PID=84851) to work on /Users/felipe.vasconcelos/repos/courses/python-learnings/.venv/lib/python3.10/site-packages/airflow/example_dags/plugins/listener_plugin.py
[2023-08-05T12:03:34.434+0200] {processor.py:826} INFO - Processing file /Users/felipe.vasconcelos/repos/courses/python-learnings/.venv/lib/python3.10/site-packages/airflow/example_dags/plugins/listener_plugin.py for tasks to queue
[2023-08-05T12:03:34.435+0200] {logging_mixin.py:150} INFO - [2023-08-05T12:03:34.435+0200] {dagbag.py:541} INFO - Filling up the DagBag from /Users/felipe.vasconcelos/repos/courses/python-learnings/.venv/lib/python3.10/site-packages/airflow/example_dags/plugins/listener_plugin.py
[2023-08-05T12:03:34.439+0200] {processor.py:838} WARNING - No viable dags retrieved from /Users/felipe.vasconcelos/repos/courses/python-learnings/.venv/lib/python3.10/site-packages/airflow/example_dags/plugins/listener_plugin.py
[2023-08-05T12:03:35.330+0200] {processor.py:179} INFO - Processing /Users/felipe.vasconcelos/repos/courses/python-learnings/.venv/lib/python3.10/site-packages/airflow/example_dags/plugins/listener_plugin.py took 0.903 seconds
