[2023-08-05T10:36:40.206+0200] {processor.py:157} INFO - Started process (PID=82530) to work on /Users/felipe.vasconcelos/repos/courses/python-learnings/.venv/lib/python3.10/site-packages/airflow/example_dags/plugins/workday.py
[2023-08-05T10:36:40.219+0200] {processor.py:826} INFO - Processing file /Users/felipe.vasconcelos/repos/courses/python-learnings/.venv/lib/python3.10/site-packages/airflow/example_dags/plugins/workday.py for tasks to queue
[2023-08-05T10:36:40.220+0200] {logging_mixin.py:150} INFO - [2023-08-05T10:36:40.220+0200] {dagbag.py:541} INFO - Filling up the DagBag from /Users/felipe.vasconcelos/repos/courses/python-learnings/.venv/lib/python3.10/site-packages/airflow/example_dags/plugins/workday.py
[2023-08-05T10:36:40.223+0200] {logging_mixin.py:150} INFO - [2023-08-05T10:36:40.223+0200] {workday.py:36} WARNING - Could not import pandas. Holidays will not be considered.
[2023-08-05T10:36:40.224+0200] {processor.py:838} WARNING - No viable dags retrieved from /Users/felipe.vasconcelos/repos/courses/python-learnings/.venv/lib/python3.10/site-packages/airflow/example_dags/plugins/workday.py
[2023-08-05T10:36:42.357+0200] {processor.py:179} INFO - Processing /Users/felipe.vasconcelos/repos/courses/python-learnings/.venv/lib/python3.10/site-packages/airflow/example_dags/plugins/workday.py took 2.155 seconds
[2023-08-05T10:41:40.134+0200] {processor.py:157} INFO - Started process (PID=82647) to work on /Users/felipe.vasconcelos/repos/courses/python-learnings/.venv/lib/python3.10/site-packages/airflow/example_dags/plugins/workday.py
[2023-08-05T10:41:40.140+0200] {processor.py:826} INFO - Processing file /Users/felipe.vasconcelos/repos/courses/python-learnings/.venv/lib/python3.10/site-packages/airflow/example_dags/plugins/workday.py for tasks to queue
[2023-08-05T10:41:40.141+0200] {logging_mixin.py:150} INFO - [2023-08-05T10:41:40.141+0200] {dagbag.py:541} INFO - Filling up the DagBag from /Users/felipe.vasconcelos/repos/courses/python-learnings/.venv/lib/python3.10/site-packages/airflow/example_dags/plugins/workday.py
[2023-08-05T10:41:40.143+0200] {logging_mixin.py:150} INFO - [2023-08-05T10:41:40.143+0200] {workday.py:36} WARNING - Could not import pandas. Holidays will not be considered.
[2023-08-05T10:41:40.143+0200] {processor.py:838} WARNING - No viable dags retrieved from /Users/felipe.vasconcelos/repos/courses/python-learnings/.venv/lib/python3.10/site-packages/airflow/example_dags/plugins/workday.py
[2023-08-05T10:41:40.870+0200] {processor.py:179} INFO - Processing /Users/felipe.vasconcelos/repos/courses/python-learnings/.venv/lib/python3.10/site-packages/airflow/example_dags/plugins/workday.py took 0.738 seconds
[2023-08-05T10:45:00.916+0200] {processor.py:157} INFO - Started process (PID=82749) to work on /Users/felipe.vasconcelos/repos/courses/python-learnings/.venv/lib/python3.10/site-packages/airflow/example_dags/plugins/workday.py
[2023-08-05T10:45:00.922+0200] {processor.py:826} INFO - Processing file /Users/felipe.vasconcelos/repos/courses/python-learnings/.venv/lib/python3.10/site-packages/airflow/example_dags/plugins/workday.py for tasks to queue
[2023-08-05T10:45:00.923+0200] {logging_mixin.py:150} INFO - [2023-08-05T10:45:00.923+0200] {dagbag.py:541} INFO - Filling up the DagBag from /Users/felipe.vasconcelos/repos/courses/python-learnings/.venv/lib/python3.10/site-packages/airflow/example_dags/plugins/workday.py
[2023-08-05T10:45:00.925+0200] {logging_mixin.py:150} INFO - [2023-08-05T10:45:00.925+0200] {workday.py:36} WARNING - Could not import pandas. Holidays will not be considered.
[2023-08-05T10:45:00.926+0200] {processor.py:838} WARNING - No viable dags retrieved from /Users/felipe.vasconcelos/repos/courses/python-learnings/.venv/lib/python3.10/site-packages/airflow/example_dags/plugins/workday.py
[2023-08-05T10:45:01.755+0200] {processor.py:179} INFO - Processing /Users/felipe.vasconcelos/repos/courses/python-learnings/.venv/lib/python3.10/site-packages/airflow/example_dags/plugins/workday.py took 0.840 seconds
[2023-08-05T10:47:55.515+0200] {processor.py:157} INFO - Started process (PID=82855) to work on /Users/felipe.vasconcelos/repos/courses/python-learnings/.venv/lib/python3.10/site-packages/airflow/example_dags/plugins/workday.py
[2023-08-05T10:47:55.521+0200] {processor.py:826} INFO - Processing file /Users/felipe.vasconcelos/repos/courses/python-learnings/.venv/lib/python3.10/site-packages/airflow/example_dags/plugins/workday.py for tasks to queue
[2023-08-05T10:47:55.522+0200] {logging_mixin.py:150} INFO - [2023-08-05T10:47:55.522+0200] {dagbag.py:541} INFO - Filling up the DagBag from /Users/felipe.vasconcelos/repos/courses/python-learnings/.venv/lib/python3.10/site-packages/airflow/example_dags/plugins/workday.py
[2023-08-05T10:47:55.525+0200] {logging_mixin.py:150} INFO - [2023-08-05T10:47:55.524+0200] {workday.py:36} WARNING - Could not import pandas. Holidays will not be considered.
[2023-08-05T10:47:55.525+0200] {processor.py:838} WARNING - No viable dags retrieved from /Users/felipe.vasconcelos/repos/courses/python-learnings/.venv/lib/python3.10/site-packages/airflow/example_dags/plugins/workday.py
[2023-08-05T10:47:56.233+0200] {processor.py:179} INFO - Processing /Users/felipe.vasconcelos/repos/courses/python-learnings/.venv/lib/python3.10/site-packages/airflow/example_dags/plugins/workday.py took 0.720 seconds
[2023-08-05T10:50:05.929+0200] {processor.py:157} INFO - Started process (PID=82914) to work on /Users/felipe.vasconcelos/repos/courses/python-learnings/.venv/lib/python3.10/site-packages/airflow/example_dags/plugins/workday.py
[2023-08-05T10:50:05.935+0200] {processor.py:826} INFO - Processing file /Users/felipe.vasconcelos/repos/courses/python-learnings/.venv/lib/python3.10/site-packages/airflow/example_dags/plugins/workday.py for tasks to queue
[2023-08-05T10:50:05.936+0200] {logging_mixin.py:150} INFO - [2023-08-05T10:50:05.936+0200] {dagbag.py:541} INFO - Filling up the DagBag from /Users/felipe.vasconcelos/repos/courses/python-learnings/.venv/lib/python3.10/site-packages/airflow/example_dags/plugins/workday.py
[2023-08-05T10:50:05.938+0200] {logging_mixin.py:150} INFO - [2023-08-05T10:50:05.938+0200] {workday.py:36} WARNING - Could not import pandas. Holidays will not be considered.
[2023-08-05T10:50:05.938+0200] {processor.py:838} WARNING - No viable dags retrieved from /Users/felipe.vasconcelos/repos/courses/python-learnings/.venv/lib/python3.10/site-packages/airflow/example_dags/plugins/workday.py
[2023-08-05T10:50:06.616+0200] {processor.py:179} INFO - Processing /Users/felipe.vasconcelos/repos/courses/python-learnings/.venv/lib/python3.10/site-packages/airflow/example_dags/plugins/workday.py took 0.688 seconds
[2023-08-05T10:52:26.854+0200] {processor.py:157} INFO - Started process (PID=82982) to work on /Users/felipe.vasconcelos/repos/courses/python-learnings/.venv/lib/python3.10/site-packages/airflow/example_dags/plugins/workday.py
[2023-08-05T10:52:26.860+0200] {processor.py:826} INFO - Processing file /Users/felipe.vasconcelos/repos/courses/python-learnings/.venv/lib/python3.10/site-packages/airflow/example_dags/plugins/workday.py for tasks to queue
[2023-08-05T10:52:26.862+0200] {logging_mixin.py:150} INFO - [2023-08-05T10:52:26.861+0200] {dagbag.py:541} INFO - Filling up the DagBag from /Users/felipe.vasconcelos/repos/courses/python-learnings/.venv/lib/python3.10/site-packages/airflow/example_dags/plugins/workday.py
[2023-08-05T10:52:26.865+0200] {logging_mixin.py:150} INFO - [2023-08-05T10:52:26.864+0200] {workday.py:36} WARNING - Could not import pandas. Holidays will not be considered.
[2023-08-05T10:52:26.866+0200] {processor.py:838} WARNING - No viable dags retrieved from /Users/felipe.vasconcelos/repos/courses/python-learnings/.venv/lib/python3.10/site-packages/airflow/example_dags/plugins/workday.py
[2023-08-05T10:52:27.582+0200] {processor.py:179} INFO - Processing /Users/felipe.vasconcelos/repos/courses/python-learnings/.venv/lib/python3.10/site-packages/airflow/example_dags/plugins/workday.py took 0.729 seconds
[2023-08-05T10:54:40.340+0200] {processor.py:157} INFO - Started process (PID=83039) to work on /Users/felipe.vasconcelos/repos/courses/python-learnings/.venv/lib/python3.10/site-packages/airflow/example_dags/plugins/workday.py
[2023-08-05T10:54:40.346+0200] {processor.py:826} INFO - Processing file /Users/felipe.vasconcelos/repos/courses/python-learnings/.venv/lib/python3.10/site-packages/airflow/example_dags/plugins/workday.py for tasks to queue
[2023-08-05T10:54:40.347+0200] {logging_mixin.py:150} INFO - [2023-08-05T10:54:40.347+0200] {dagbag.py:541} INFO - Filling up the DagBag from /Users/felipe.vasconcelos/repos/courses/python-learnings/.venv/lib/python3.10/site-packages/airflow/example_dags/plugins/workday.py
[2023-08-05T10:54:40.350+0200] {logging_mixin.py:150} INFO - [2023-08-05T10:54:40.349+0200] {workday.py:36} WARNING - Could not import pandas. Holidays will not be considered.
[2023-08-05T10:54:40.350+0200] {processor.py:838} WARNING - No viable dags retrieved from /Users/felipe.vasconcelos/repos/courses/python-learnings/.venv/lib/python3.10/site-packages/airflow/example_dags/plugins/workday.py
[2023-08-05T10:54:41.059+0200] {processor.py:179} INFO - Processing /Users/felipe.vasconcelos/repos/courses/python-learnings/.venv/lib/python3.10/site-packages/airflow/example_dags/plugins/workday.py took 0.720 seconds
[2023-08-05T10:56:50.116+0200] {processor.py:157} INFO - Started process (PID=83100) to work on /Users/felipe.vasconcelos/repos/courses/python-learnings/.venv/lib/python3.10/site-packages/airflow/example_dags/plugins/workday.py
[2023-08-05T10:56:50.122+0200] {processor.py:826} INFO - Processing file /Users/felipe.vasconcelos/repos/courses/python-learnings/.venv/lib/python3.10/site-packages/airflow/example_dags/plugins/workday.py for tasks to queue
[2023-08-05T10:56:50.123+0200] {logging_mixin.py:150} INFO - [2023-08-05T10:56:50.122+0200] {dagbag.py:541} INFO - Filling up the DagBag from /Users/felipe.vasconcelos/repos/courses/python-learnings/.venv/lib/python3.10/site-packages/airflow/example_dags/plugins/workday.py
[2023-08-05T10:56:50.125+0200] {logging_mixin.py:150} INFO - [2023-08-05T10:56:50.125+0200] {workday.py:36} WARNING - Could not import pandas. Holidays will not be considered.
[2023-08-05T10:56:50.125+0200] {processor.py:838} WARNING - No viable dags retrieved from /Users/felipe.vasconcelos/repos/courses/python-learnings/.venv/lib/python3.10/site-packages/airflow/example_dags/plugins/workday.py
[2023-08-05T10:56:50.794+0200] {processor.py:179} INFO - Processing /Users/felipe.vasconcelos/repos/courses/python-learnings/.venv/lib/python3.10/site-packages/airflow/example_dags/plugins/workday.py took 0.679 seconds
[2023-08-05T10:59:01.765+0200] {processor.py:157} INFO - Started process (PID=83166) to work on /Users/felipe.vasconcelos/repos/courses/python-learnings/.venv/lib/python3.10/site-packages/airflow/example_dags/plugins/workday.py
[2023-08-05T10:59:01.771+0200] {processor.py:826} INFO - Processing file /Users/felipe.vasconcelos/repos/courses/python-learnings/.venv/lib/python3.10/site-packages/airflow/example_dags/plugins/workday.py for tasks to queue
[2023-08-05T10:59:01.772+0200] {logging_mixin.py:150} INFO - [2023-08-05T10:59:01.772+0200] {dagbag.py:541} INFO - Filling up the DagBag from /Users/felipe.vasconcelos/repos/courses/python-learnings/.venv/lib/python3.10/site-packages/airflow/example_dags/plugins/workday.py
[2023-08-05T10:59:01.774+0200] {logging_mixin.py:150} INFO - [2023-08-05T10:59:01.774+0200] {workday.py:36} WARNING - Could not import pandas. Holidays will not be considered.
[2023-08-05T10:59:01.775+0200] {processor.py:838} WARNING - No viable dags retrieved from /Users/felipe.vasconcelos/repos/courses/python-learnings/.venv/lib/python3.10/site-packages/airflow/example_dags/plugins/workday.py
[2023-08-05T10:59:03.688+0200] {processor.py:179} INFO - Processing /Users/felipe.vasconcelos/repos/courses/python-learnings/.venv/lib/python3.10/site-packages/airflow/example_dags/plugins/workday.py took 1.924 seconds
[2023-08-05T11:13:28.352+0200] {processor.py:157} INFO - Started process (PID=83299) to work on /Users/felipe.vasconcelos/repos/courses/python-learnings/.venv/lib/python3.10/site-packages/airflow/example_dags/plugins/workday.py
[2023-08-05T11:13:28.358+0200] {processor.py:826} INFO - Processing file /Users/felipe.vasconcelos/repos/courses/python-learnings/.venv/lib/python3.10/site-packages/airflow/example_dags/plugins/workday.py for tasks to queue
[2023-08-05T11:13:28.359+0200] {logging_mixin.py:150} INFO - [2023-08-05T11:13:28.358+0200] {dagbag.py:541} INFO - Filling up the DagBag from /Users/felipe.vasconcelos/repos/courses/python-learnings/.venv/lib/python3.10/site-packages/airflow/example_dags/plugins/workday.py
[2023-08-05T11:13:28.361+0200] {logging_mixin.py:150} INFO - [2023-08-05T11:13:28.361+0200] {workday.py:36} WARNING - Could not import pandas. Holidays will not be considered.
[2023-08-05T11:13:28.361+0200] {processor.py:838} WARNING - No viable dags retrieved from /Users/felipe.vasconcelos/repos/courses/python-learnings/.venv/lib/python3.10/site-packages/airflow/example_dags/plugins/workday.py
[2023-08-05T11:13:29.073+0200] {processor.py:179} INFO - Processing /Users/felipe.vasconcelos/repos/courses/python-learnings/.venv/lib/python3.10/site-packages/airflow/example_dags/plugins/workday.py took 0.722 seconds
[2023-08-05T11:15:38.205+0200] {processor.py:157} INFO - Started process (PID=83363) to work on /Users/felipe.vasconcelos/repos/courses/python-learnings/.venv/lib/python3.10/site-packages/airflow/example_dags/plugins/workday.py
[2023-08-05T11:15:38.211+0200] {processor.py:826} INFO - Processing file /Users/felipe.vasconcelos/repos/courses/python-learnings/.venv/lib/python3.10/site-packages/airflow/example_dags/plugins/workday.py for tasks to queue
[2023-08-05T11:15:38.212+0200] {logging_mixin.py:150} INFO - [2023-08-05T11:15:38.212+0200] {dagbag.py:541} INFO - Filling up the DagBag from /Users/felipe.vasconcelos/repos/courses/python-learnings/.venv/lib/python3.10/site-packages/airflow/example_dags/plugins/workday.py
[2023-08-05T11:15:38.214+0200] {logging_mixin.py:150} INFO - [2023-08-05T11:15:38.214+0200] {workday.py:36} WARNING - Could not import pandas. Holidays will not be considered.
[2023-08-05T11:15:38.214+0200] {processor.py:838} WARNING - No viable dags retrieved from /Users/felipe.vasconcelos/repos/courses/python-learnings/.venv/lib/python3.10/site-packages/airflow/example_dags/plugins/workday.py
[2023-08-05T11:15:38.912+0200] {processor.py:179} INFO - Processing /Users/felipe.vasconcelos/repos/courses/python-learnings/.venv/lib/python3.10/site-packages/airflow/example_dags/plugins/workday.py took 0.708 seconds
[2023-08-05T11:17:42.361+0200] {processor.py:157} INFO - Started process (PID=83416) to work on /Users/felipe.vasconcelos/repos/courses/python-learnings/.venv/lib/python3.10/site-packages/airflow/example_dags/plugins/workday.py
[2023-08-05T11:17:42.368+0200] {processor.py:826} INFO - Processing file /Users/felipe.vasconcelos/repos/courses/python-learnings/.venv/lib/python3.10/site-packages/airflow/example_dags/plugins/workday.py for tasks to queue
[2023-08-05T11:17:42.368+0200] {logging_mixin.py:150} INFO - [2023-08-05T11:17:42.368+0200] {dagbag.py:541} INFO - Filling up the DagBag from /Users/felipe.vasconcelos/repos/courses/python-learnings/.venv/lib/python3.10/site-packages/airflow/example_dags/plugins/workday.py
[2023-08-05T11:17:42.372+0200] {logging_mixin.py:150} INFO - [2023-08-05T11:17:42.372+0200] {workday.py:36} WARNING - Could not import pandas. Holidays will not be considered.
[2023-08-05T11:17:42.373+0200] {processor.py:838} WARNING - No viable dags retrieved from /Users/felipe.vasconcelos/repos/courses/python-learnings/.venv/lib/python3.10/site-packages/airflow/example_dags/plugins/workday.py
[2023-08-05T11:17:43.055+0200] {processor.py:179} INFO - Processing /Users/felipe.vasconcelos/repos/courses/python-learnings/.venv/lib/python3.10/site-packages/airflow/example_dags/plugins/workday.py took 0.695 seconds
[2023-08-05T11:19:52.107+0200] {processor.py:157} INFO - Started process (PID=83480) to work on /Users/felipe.vasconcelos/repos/courses/python-learnings/.venv/lib/python3.10/site-packages/airflow/example_dags/plugins/workday.py
[2023-08-05T11:19:52.118+0200] {processor.py:826} INFO - Processing file /Users/felipe.vasconcelos/repos/courses/python-learnings/.venv/lib/python3.10/site-packages/airflow/example_dags/plugins/workday.py for tasks to queue
[2023-08-05T11:19:52.119+0200] {logging_mixin.py:150} INFO - [2023-08-05T11:19:52.119+0200] {dagbag.py:541} INFO - Filling up the DagBag from /Users/felipe.vasconcelos/repos/courses/python-learnings/.venv/lib/python3.10/site-packages/airflow/example_dags/plugins/workday.py
[2023-08-05T11:19:52.121+0200] {logging_mixin.py:150} INFO - [2023-08-05T11:19:52.121+0200] {workday.py:36} WARNING - Could not import pandas. Holidays will not be considered.
[2023-08-05T11:19:52.121+0200] {processor.py:838} WARNING - No viable dags retrieved from /Users/felipe.vasconcelos/repos/courses/python-learnings/.venv/lib/python3.10/site-packages/airflow/example_dags/plugins/workday.py
[2023-08-05T11:19:52.862+0200] {processor.py:179} INFO - Processing /Users/felipe.vasconcelos/repos/courses/python-learnings/.venv/lib/python3.10/site-packages/airflow/example_dags/plugins/workday.py took 0.757 seconds
[2023-08-05T11:22:21.169+0200] {processor.py:157} INFO - Started process (PID=83555) to work on /Users/felipe.vasconcelos/repos/courses/python-learnings/.venv/lib/python3.10/site-packages/airflow/example_dags/plugins/workday.py
[2023-08-05T11:22:21.175+0200] {processor.py:826} INFO - Processing file /Users/felipe.vasconcelos/repos/courses/python-learnings/.venv/lib/python3.10/site-packages/airflow/example_dags/plugins/workday.py for tasks to queue
[2023-08-05T11:22:21.176+0200] {logging_mixin.py:150} INFO - [2023-08-05T11:22:21.176+0200] {dagbag.py:541} INFO - Filling up the DagBag from /Users/felipe.vasconcelos/repos/courses/python-learnings/.venv/lib/python3.10/site-packages/airflow/example_dags/plugins/workday.py
[2023-08-05T11:22:21.179+0200] {logging_mixin.py:150} INFO - [2023-08-05T11:22:21.179+0200] {workday.py:36} WARNING - Could not import pandas. Holidays will not be considered.
[2023-08-05T11:22:21.180+0200] {processor.py:838} WARNING - No viable dags retrieved from /Users/felipe.vasconcelos/repos/courses/python-learnings/.venv/lib/python3.10/site-packages/airflow/example_dags/plugins/workday.py
[2023-08-05T11:22:21.947+0200] {processor.py:179} INFO - Processing /Users/felipe.vasconcelos/repos/courses/python-learnings/.venv/lib/python3.10/site-packages/airflow/example_dags/plugins/workday.py took 0.779 seconds
[2023-08-05T11:24:35.003+0200] {processor.py:157} INFO - Started process (PID=83608) to work on /Users/felipe.vasconcelos/repos/courses/python-learnings/.venv/lib/python3.10/site-packages/airflow/example_dags/plugins/workday.py
[2023-08-05T11:24:35.009+0200] {processor.py:826} INFO - Processing file /Users/felipe.vasconcelos/repos/courses/python-learnings/.venv/lib/python3.10/site-packages/airflow/example_dags/plugins/workday.py for tasks to queue
[2023-08-05T11:24:35.010+0200] {logging_mixin.py:150} INFO - [2023-08-05T11:24:35.009+0200] {dagbag.py:541} INFO - Filling up the DagBag from /Users/felipe.vasconcelos/repos/courses/python-learnings/.venv/lib/python3.10/site-packages/airflow/example_dags/plugins/workday.py
[2023-08-05T11:24:35.012+0200] {logging_mixin.py:150} INFO - [2023-08-05T11:24:35.012+0200] {workday.py:36} WARNING - Could not import pandas. Holidays will not be considered.
[2023-08-05T11:24:35.012+0200] {processor.py:838} WARNING - No viable dags retrieved from /Users/felipe.vasconcelos/repos/courses/python-learnings/.venv/lib/python3.10/site-packages/airflow/example_dags/plugins/workday.py
[2023-08-05T11:24:35.797+0200] {processor.py:179} INFO - Processing /Users/felipe.vasconcelos/repos/courses/python-learnings/.venv/lib/python3.10/site-packages/airflow/example_dags/plugins/workday.py took 0.795 seconds
[2023-08-05T11:26:43.084+0200] {processor.py:157} INFO - Started process (PID=83664) to work on /Users/felipe.vasconcelos/repos/courses/python-learnings/.venv/lib/python3.10/site-packages/airflow/example_dags/plugins/workday.py
[2023-08-05T11:26:43.091+0200] {processor.py:826} INFO - Processing file /Users/felipe.vasconcelos/repos/courses/python-learnings/.venv/lib/python3.10/site-packages/airflow/example_dags/plugins/workday.py for tasks to queue
[2023-08-05T11:26:43.091+0200] {logging_mixin.py:150} INFO - [2023-08-05T11:26:43.091+0200] {dagbag.py:541} INFO - Filling up the DagBag from /Users/felipe.vasconcelos/repos/courses/python-learnings/.venv/lib/python3.10/site-packages/airflow/example_dags/plugins/workday.py
[2023-08-05T11:26:43.094+0200] {logging_mixin.py:150} INFO - [2023-08-05T11:26:43.093+0200] {workday.py:36} WARNING - Could not import pandas. Holidays will not be considered.
[2023-08-05T11:26:43.094+0200] {processor.py:838} WARNING - No viable dags retrieved from /Users/felipe.vasconcelos/repos/courses/python-learnings/.venv/lib/python3.10/site-packages/airflow/example_dags/plugins/workday.py
[2023-08-05T11:26:43.820+0200] {processor.py:179} INFO - Processing /Users/felipe.vasconcelos/repos/courses/python-learnings/.venv/lib/python3.10/site-packages/airflow/example_dags/plugins/workday.py took 0.737 seconds
[2023-08-05T11:29:00.599+0200] {processor.py:157} INFO - Started process (PID=83722) to work on /Users/felipe.vasconcelos/repos/courses/python-learnings/.venv/lib/python3.10/site-packages/airflow/example_dags/plugins/workday.py
[2023-08-05T11:29:00.606+0200] {processor.py:826} INFO - Processing file /Users/felipe.vasconcelos/repos/courses/python-learnings/.venv/lib/python3.10/site-packages/airflow/example_dags/plugins/workday.py for tasks to queue
[2023-08-05T11:29:00.607+0200] {logging_mixin.py:150} INFO - [2023-08-05T11:29:00.606+0200] {dagbag.py:541} INFO - Filling up the DagBag from /Users/felipe.vasconcelos/repos/courses/python-learnings/.venv/lib/python3.10/site-packages/airflow/example_dags/plugins/workday.py
[2023-08-05T11:29:00.609+0200] {logging_mixin.py:150} INFO - [2023-08-05T11:29:00.608+0200] {workday.py:36} WARNING - Could not import pandas. Holidays will not be considered.
[2023-08-05T11:29:00.609+0200] {processor.py:838} WARNING - No viable dags retrieved from /Users/felipe.vasconcelos/repos/courses/python-learnings/.venv/lib/python3.10/site-packages/airflow/example_dags/plugins/workday.py
[2023-08-05T11:29:01.297+0200] {processor.py:179} INFO - Processing /Users/felipe.vasconcelos/repos/courses/python-learnings/.venv/lib/python3.10/site-packages/airflow/example_dags/plugins/workday.py took 0.699 seconds
[2023-08-05T11:31:50.986+0200] {processor.py:157} INFO - Started process (PID=83812) to work on /Users/felipe.vasconcelos/repos/courses/python-learnings/.venv/lib/python3.10/site-packages/airflow/example_dags/plugins/workday.py
[2023-08-05T11:31:50.994+0200] {processor.py:826} INFO - Processing file /Users/felipe.vasconcelos/repos/courses/python-learnings/.venv/lib/python3.10/site-packages/airflow/example_dags/plugins/workday.py for tasks to queue
[2023-08-05T11:31:50.995+0200] {logging_mixin.py:150} INFO - [2023-08-05T11:31:50.995+0200] {dagbag.py:541} INFO - Filling up the DagBag from /Users/felipe.vasconcelos/repos/courses/python-learnings/.venv/lib/python3.10/site-packages/airflow/example_dags/plugins/workday.py
[2023-08-05T11:31:50.998+0200] {logging_mixin.py:150} INFO - [2023-08-05T11:31:50.998+0200] {workday.py:36} WARNING - Could not import pandas. Holidays will not be considered.
[2023-08-05T11:31:50.999+0200] {processor.py:838} WARNING - No viable dags retrieved from /Users/felipe.vasconcelos/repos/courses/python-learnings/.venv/lib/python3.10/site-packages/airflow/example_dags/plugins/workday.py
[2023-08-05T11:31:52.033+0200] {processor.py:179} INFO - Processing /Users/felipe.vasconcelos/repos/courses/python-learnings/.venv/lib/python3.10/site-packages/airflow/example_dags/plugins/workday.py took 1.048 seconds
[2023-08-05T11:34:36.454+0200] {processor.py:157} INFO - Started process (PID=83910) to work on /Users/felipe.vasconcelos/repos/courses/python-learnings/.venv/lib/python3.10/site-packages/airflow/example_dags/plugins/workday.py
[2023-08-05T11:34:36.460+0200] {processor.py:826} INFO - Processing file /Users/felipe.vasconcelos/repos/courses/python-learnings/.venv/lib/python3.10/site-packages/airflow/example_dags/plugins/workday.py for tasks to queue
[2023-08-05T11:34:36.461+0200] {logging_mixin.py:150} INFO - [2023-08-05T11:34:36.461+0200] {dagbag.py:541} INFO - Filling up the DagBag from /Users/felipe.vasconcelos/repos/courses/python-learnings/.venv/lib/python3.10/site-packages/airflow/example_dags/plugins/workday.py
[2023-08-05T11:34:36.463+0200] {logging_mixin.py:150} INFO - [2023-08-05T11:34:36.463+0200] {workday.py:36} WARNING - Could not import pandas. Holidays will not be considered.
[2023-08-05T11:34:36.464+0200] {processor.py:838} WARNING - No viable dags retrieved from /Users/felipe.vasconcelos/repos/courses/python-learnings/.venv/lib/python3.10/site-packages/airflow/example_dags/plugins/workday.py
[2023-08-05T11:34:37.170+0200] {processor.py:179} INFO - Processing /Users/felipe.vasconcelos/repos/courses/python-learnings/.venv/lib/python3.10/site-packages/airflow/example_dags/plugins/workday.py took 0.717 seconds
[2023-08-05T11:36:51.168+0200] {processor.py:157} INFO - Started process (PID=83979) to work on /Users/felipe.vasconcelos/repos/courses/python-learnings/.venv/lib/python3.10/site-packages/airflow/example_dags/plugins/workday.py
[2023-08-05T11:36:51.174+0200] {processor.py:826} INFO - Processing file /Users/felipe.vasconcelos/repos/courses/python-learnings/.venv/lib/python3.10/site-packages/airflow/example_dags/plugins/workday.py for tasks to queue
[2023-08-05T11:36:51.175+0200] {logging_mixin.py:150} INFO - [2023-08-05T11:36:51.175+0200] {dagbag.py:541} INFO - Filling up the DagBag from /Users/felipe.vasconcelos/repos/courses/python-learnings/.venv/lib/python3.10/site-packages/airflow/example_dags/plugins/workday.py
[2023-08-05T11:36:51.177+0200] {logging_mixin.py:150} INFO - [2023-08-05T11:36:51.177+0200] {workday.py:36} WARNING - Could not import pandas. Holidays will not be considered.
[2023-08-05T11:36:51.178+0200] {processor.py:838} WARNING - No viable dags retrieved from /Users/felipe.vasconcelos/repos/courses/python-learnings/.venv/lib/python3.10/site-packages/airflow/example_dags/plugins/workday.py
[2023-08-05T11:36:51.889+0200] {processor.py:179} INFO - Processing /Users/felipe.vasconcelos/repos/courses/python-learnings/.venv/lib/python3.10/site-packages/airflow/example_dags/plugins/workday.py took 0.721 seconds
[2023-08-05T11:38:56.641+0200] {processor.py:157} INFO - Started process (PID=84039) to work on /Users/felipe.vasconcelos/repos/courses/python-learnings/.venv/lib/python3.10/site-packages/airflow/example_dags/plugins/workday.py
[2023-08-05T11:38:56.647+0200] {processor.py:826} INFO - Processing file /Users/felipe.vasconcelos/repos/courses/python-learnings/.venv/lib/python3.10/site-packages/airflow/example_dags/plugins/workday.py for tasks to queue
[2023-08-05T11:38:56.647+0200] {logging_mixin.py:150} INFO - [2023-08-05T11:38:56.647+0200] {dagbag.py:541} INFO - Filling up the DagBag from /Users/felipe.vasconcelos/repos/courses/python-learnings/.venv/lib/python3.10/site-packages/airflow/example_dags/plugins/workday.py
[2023-08-05T11:38:56.649+0200] {logging_mixin.py:150} INFO - [2023-08-05T11:38:56.649+0200] {workday.py:36} WARNING - Could not import pandas. Holidays will not be considered.
[2023-08-05T11:38:56.649+0200] {processor.py:838} WARNING - No viable dags retrieved from /Users/felipe.vasconcelos/repos/courses/python-learnings/.venv/lib/python3.10/site-packages/airflow/example_dags/plugins/workday.py
[2023-08-05T11:38:57.335+0200] {processor.py:179} INFO - Processing /Users/felipe.vasconcelos/repos/courses/python-learnings/.venv/lib/python3.10/site-packages/airflow/example_dags/plugins/workday.py took 0.695 seconds
[2023-08-05T11:41:09.020+0200] {processor.py:157} INFO - Started process (PID=84110) to work on /Users/felipe.vasconcelos/repos/courses/python-learnings/.venv/lib/python3.10/site-packages/airflow/example_dags/plugins/workday.py
[2023-08-05T11:41:09.027+0200] {processor.py:826} INFO - Processing file /Users/felipe.vasconcelos/repos/courses/python-learnings/.venv/lib/python3.10/site-packages/airflow/example_dags/plugins/workday.py for tasks to queue
[2023-08-05T11:41:09.028+0200] {logging_mixin.py:150} INFO - [2023-08-05T11:41:09.027+0200] {dagbag.py:541} INFO - Filling up the DagBag from /Users/felipe.vasconcelos/repos/courses/python-learnings/.venv/lib/python3.10/site-packages/airflow/example_dags/plugins/workday.py
[2023-08-05T11:41:09.030+0200] {logging_mixin.py:150} INFO - [2023-08-05T11:41:09.030+0200] {workday.py:36} WARNING - Could not import pandas. Holidays will not be considered.
[2023-08-05T11:41:09.031+0200] {processor.py:838} WARNING - No viable dags retrieved from /Users/felipe.vasconcelos/repos/courses/python-learnings/.venv/lib/python3.10/site-packages/airflow/example_dags/plugins/workday.py
[2023-08-05T11:41:09.721+0200] {processor.py:179} INFO - Processing /Users/felipe.vasconcelos/repos/courses/python-learnings/.venv/lib/python3.10/site-packages/airflow/example_dags/plugins/workday.py took 0.702 seconds
[2023-08-05T11:43:22.730+0200] {processor.py:157} INFO - Started process (PID=84170) to work on /Users/felipe.vasconcelos/repos/courses/python-learnings/.venv/lib/python3.10/site-packages/airflow/example_dags/plugins/workday.py
[2023-08-05T11:43:22.736+0200] {processor.py:826} INFO - Processing file /Users/felipe.vasconcelos/repos/courses/python-learnings/.venv/lib/python3.10/site-packages/airflow/example_dags/plugins/workday.py for tasks to queue
[2023-08-05T11:43:22.737+0200] {logging_mixin.py:150} INFO - [2023-08-05T11:43:22.737+0200] {dagbag.py:541} INFO - Filling up the DagBag from /Users/felipe.vasconcelos/repos/courses/python-learnings/.venv/lib/python3.10/site-packages/airflow/example_dags/plugins/workday.py
[2023-08-05T11:43:22.740+0200] {logging_mixin.py:150} INFO - [2023-08-05T11:43:22.740+0200] {workday.py:36} WARNING - Could not import pandas. Holidays will not be considered.
[2023-08-05T11:43:22.740+0200] {processor.py:838} WARNING - No viable dags retrieved from /Users/felipe.vasconcelos/repos/courses/python-learnings/.venv/lib/python3.10/site-packages/airflow/example_dags/plugins/workday.py
[2023-08-05T11:43:23.454+0200] {processor.py:179} INFO - Processing /Users/felipe.vasconcelos/repos/courses/python-learnings/.venv/lib/python3.10/site-packages/airflow/example_dags/plugins/workday.py took 0.726 seconds
[2023-08-05T11:45:25.721+0200] {processor.py:157} INFO - Started process (PID=84236) to work on /Users/felipe.vasconcelos/repos/courses/python-learnings/.venv/lib/python3.10/site-packages/airflow/example_dags/plugins/workday.py
[2023-08-05T11:45:25.727+0200] {processor.py:826} INFO - Processing file /Users/felipe.vasconcelos/repos/courses/python-learnings/.venv/lib/python3.10/site-packages/airflow/example_dags/plugins/workday.py for tasks to queue
[2023-08-05T11:45:25.728+0200] {logging_mixin.py:150} INFO - [2023-08-05T11:45:25.728+0200] {dagbag.py:541} INFO - Filling up the DagBag from /Users/felipe.vasconcelos/repos/courses/python-learnings/.venv/lib/python3.10/site-packages/airflow/example_dags/plugins/workday.py
[2023-08-05T11:45:25.730+0200] {logging_mixin.py:150} INFO - [2023-08-05T11:45:25.730+0200] {workday.py:36} WARNING - Could not import pandas. Holidays will not be considered.
[2023-08-05T11:45:25.731+0200] {processor.py:838} WARNING - No viable dags retrieved from /Users/felipe.vasconcelos/repos/courses/python-learnings/.venv/lib/python3.10/site-packages/airflow/example_dags/plugins/workday.py
[2023-08-05T11:45:26.488+0200] {processor.py:179} INFO - Processing /Users/felipe.vasconcelos/repos/courses/python-learnings/.venv/lib/python3.10/site-packages/airflow/example_dags/plugins/workday.py took 0.768 seconds
[2023-08-05T11:48:01.840+0200] {processor.py:157} INFO - Started process (PID=84328) to work on /Users/felipe.vasconcelos/repos/courses/python-learnings/.venv/lib/python3.10/site-packages/airflow/example_dags/plugins/workday.py
[2023-08-05T11:48:01.847+0200] {processor.py:826} INFO - Processing file /Users/felipe.vasconcelos/repos/courses/python-learnings/.venv/lib/python3.10/site-packages/airflow/example_dags/plugins/workday.py for tasks to queue
[2023-08-05T11:48:01.847+0200] {logging_mixin.py:150} INFO - [2023-08-05T11:48:01.847+0200] {dagbag.py:541} INFO - Filling up the DagBag from /Users/felipe.vasconcelos/repos/courses/python-learnings/.venv/lib/python3.10/site-packages/airflow/example_dags/plugins/workday.py
[2023-08-05T11:48:01.849+0200] {logging_mixin.py:150} INFO - [2023-08-05T11:48:01.849+0200] {workday.py:36} WARNING - Could not import pandas. Holidays will not be considered.
[2023-08-05T11:48:01.850+0200] {processor.py:838} WARNING - No viable dags retrieved from /Users/felipe.vasconcelos/repos/courses/python-learnings/.venv/lib/python3.10/site-packages/airflow/example_dags/plugins/workday.py
[2023-08-05T11:48:03.148+0200] {processor.py:179} INFO - Processing /Users/felipe.vasconcelos/repos/courses/python-learnings/.venv/lib/python3.10/site-packages/airflow/example_dags/plugins/workday.py took 1.309 seconds
[2023-08-05T11:50:42.759+0200] {processor.py:157} INFO - Started process (PID=84414) to work on /Users/felipe.vasconcelos/repos/courses/python-learnings/.venv/lib/python3.10/site-packages/airflow/example_dags/plugins/workday.py
[2023-08-05T11:50:42.766+0200] {processor.py:826} INFO - Processing file /Users/felipe.vasconcelos/repos/courses/python-learnings/.venv/lib/python3.10/site-packages/airflow/example_dags/plugins/workday.py for tasks to queue
[2023-08-05T11:50:42.767+0200] {logging_mixin.py:150} INFO - [2023-08-05T11:50:42.766+0200] {dagbag.py:541} INFO - Filling up the DagBag from /Users/felipe.vasconcelos/repos/courses/python-learnings/.venv/lib/python3.10/site-packages/airflow/example_dags/plugins/workday.py
[2023-08-05T11:50:42.768+0200] {logging_mixin.py:150} INFO - [2023-08-05T11:50:42.768+0200] {workday.py:36} WARNING - Could not import pandas. Holidays will not be considered.
[2023-08-05T11:50:42.769+0200] {processor.py:838} WARNING - No viable dags retrieved from /Users/felipe.vasconcelos/repos/courses/python-learnings/.venv/lib/python3.10/site-packages/airflow/example_dags/plugins/workday.py
[2023-08-05T11:50:43.458+0200] {processor.py:179} INFO - Processing /Users/felipe.vasconcelos/repos/courses/python-learnings/.venv/lib/python3.10/site-packages/airflow/example_dags/plugins/workday.py took 0.700 seconds
[2023-08-05T11:52:51.771+0200] {processor.py:157} INFO - Started process (PID=84472) to work on /Users/felipe.vasconcelos/repos/courses/python-learnings/.venv/lib/python3.10/site-packages/airflow/example_dags/plugins/workday.py
[2023-08-05T11:52:51.776+0200] {processor.py:826} INFO - Processing file /Users/felipe.vasconcelos/repos/courses/python-learnings/.venv/lib/python3.10/site-packages/airflow/example_dags/plugins/workday.py for tasks to queue
[2023-08-05T11:52:51.777+0200] {logging_mixin.py:150} INFO - [2023-08-05T11:52:51.777+0200] {dagbag.py:541} INFO - Filling up the DagBag from /Users/felipe.vasconcelos/repos/courses/python-learnings/.venv/lib/python3.10/site-packages/airflow/example_dags/plugins/workday.py
[2023-08-05T11:52:51.780+0200] {logging_mixin.py:150} INFO - [2023-08-05T11:52:51.779+0200] {workday.py:36} WARNING - Could not import pandas. Holidays will not be considered.
[2023-08-05T11:52:51.780+0200] {processor.py:838} WARNING - No viable dags retrieved from /Users/felipe.vasconcelos/repos/courses/python-learnings/.venv/lib/python3.10/site-packages/airflow/example_dags/plugins/workday.py
[2023-08-05T11:52:52.466+0200] {processor.py:179} INFO - Processing /Users/felipe.vasconcelos/repos/courses/python-learnings/.venv/lib/python3.10/site-packages/airflow/example_dags/plugins/workday.py took 0.696 seconds
[2023-08-05T11:55:01.056+0200] {processor.py:157} INFO - Started process (PID=84538) to work on /Users/felipe.vasconcelos/repos/courses/python-learnings/.venv/lib/python3.10/site-packages/airflow/example_dags/plugins/workday.py
[2023-08-05T11:55:01.062+0200] {processor.py:826} INFO - Processing file /Users/felipe.vasconcelos/repos/courses/python-learnings/.venv/lib/python3.10/site-packages/airflow/example_dags/plugins/workday.py for tasks to queue
[2023-08-05T11:55:01.063+0200] {logging_mixin.py:150} INFO - [2023-08-05T11:55:01.063+0200] {dagbag.py:541} INFO - Filling up the DagBag from /Users/felipe.vasconcelos/repos/courses/python-learnings/.venv/lib/python3.10/site-packages/airflow/example_dags/plugins/workday.py
[2023-08-05T11:55:01.065+0200] {logging_mixin.py:150} INFO - [2023-08-05T11:55:01.065+0200] {workday.py:36} WARNING - Could not import pandas. Holidays will not be considered.
[2023-08-05T11:55:01.065+0200] {processor.py:838} WARNING - No viable dags retrieved from /Users/felipe.vasconcelos/repos/courses/python-learnings/.venv/lib/python3.10/site-packages/airflow/example_dags/plugins/workday.py
[2023-08-05T11:55:01.764+0200] {processor.py:179} INFO - Processing /Users/felipe.vasconcelos/repos/courses/python-learnings/.venv/lib/python3.10/site-packages/airflow/example_dags/plugins/workday.py took 0.710 seconds
[2023-08-05T11:57:02.323+0200] {processor.py:157} INFO - Started process (PID=84596) to work on /Users/felipe.vasconcelos/repos/courses/python-learnings/.venv/lib/python3.10/site-packages/airflow/example_dags/plugins/workday.py
[2023-08-05T11:57:02.329+0200] {processor.py:826} INFO - Processing file /Users/felipe.vasconcelos/repos/courses/python-learnings/.venv/lib/python3.10/site-packages/airflow/example_dags/plugins/workday.py for tasks to queue
[2023-08-05T11:57:02.330+0200] {logging_mixin.py:150} INFO - [2023-08-05T11:57:02.330+0200] {dagbag.py:541} INFO - Filling up the DagBag from /Users/felipe.vasconcelos/repos/courses/python-learnings/.venv/lib/python3.10/site-packages/airflow/example_dags/plugins/workday.py
[2023-08-05T11:57:02.333+0200] {logging_mixin.py:150} INFO - [2023-08-05T11:57:02.332+0200] {workday.py:36} WARNING - Could not import pandas. Holidays will not be considered.
[2023-08-05T11:57:02.333+0200] {processor.py:838} WARNING - No viable dags retrieved from /Users/felipe.vasconcelos/repos/courses/python-learnings/.venv/lib/python3.10/site-packages/airflow/example_dags/plugins/workday.py
[2023-08-05T11:57:02.995+0200] {processor.py:179} INFO - Processing /Users/felipe.vasconcelos/repos/courses/python-learnings/.venv/lib/python3.10/site-packages/airflow/example_dags/plugins/workday.py took 0.673 seconds
[2023-08-05T11:59:34.409+0200] {processor.py:157} INFO - Started process (PID=84675) to work on /Users/felipe.vasconcelos/repos/courses/python-learnings/.venv/lib/python3.10/site-packages/airflow/example_dags/plugins/workday.py
[2023-08-05T11:59:34.418+0200] {processor.py:826} INFO - Processing file /Users/felipe.vasconcelos/repos/courses/python-learnings/.venv/lib/python3.10/site-packages/airflow/example_dags/plugins/workday.py for tasks to queue
[2023-08-05T11:59:34.419+0200] {logging_mixin.py:150} INFO - [2023-08-05T11:59:34.419+0200] {dagbag.py:541} INFO - Filling up the DagBag from /Users/felipe.vasconcelos/repos/courses/python-learnings/.venv/lib/python3.10/site-packages/airflow/example_dags/plugins/workday.py
[2023-08-05T11:59:34.423+0200] {logging_mixin.py:150} INFO - [2023-08-05T11:59:34.422+0200] {workday.py:36} WARNING - Could not import pandas. Holidays will not be considered.
[2023-08-05T11:59:34.423+0200] {processor.py:838} WARNING - No viable dags retrieved from /Users/felipe.vasconcelos/repos/courses/python-learnings/.venv/lib/python3.10/site-packages/airflow/example_dags/plugins/workday.py
[2023-08-05T11:59:35.996+0200] {processor.py:179} INFO - Processing /Users/felipe.vasconcelos/repos/courses/python-learnings/.venv/lib/python3.10/site-packages/airflow/example_dags/plugins/workday.py took 1.588 seconds
[2023-08-05T12:03:30.500+0200] {processor.py:157} INFO - Started process (PID=84849) to work on /Users/felipe.vasconcelos/repos/courses/python-learnings/.venv/lib/python3.10/site-packages/airflow/example_dags/plugins/workday.py
[2023-08-05T12:03:30.506+0200] {processor.py:826} INFO - Processing file /Users/felipe.vasconcelos/repos/courses/python-learnings/.venv/lib/python3.10/site-packages/airflow/example_dags/plugins/workday.py for tasks to queue
[2023-08-05T12:03:30.507+0200] {logging_mixin.py:150} INFO - [2023-08-05T12:03:30.506+0200] {dagbag.py:541} INFO - Filling up the DagBag from /Users/felipe.vasconcelos/repos/courses/python-learnings/.venv/lib/python3.10/site-packages/airflow/example_dags/plugins/workday.py
[2023-08-05T12:03:30.509+0200] {logging_mixin.py:150} INFO - [2023-08-05T12:03:30.509+0200] {workday.py:36} WARNING - Could not import pandas. Holidays will not be considered.
[2023-08-05T12:03:30.510+0200] {processor.py:838} WARNING - No viable dags retrieved from /Users/felipe.vasconcelos/repos/courses/python-learnings/.venv/lib/python3.10/site-packages/airflow/example_dags/plugins/workday.py
[2023-08-05T12:03:31.557+0200] {processor.py:179} INFO - Processing /Users/felipe.vasconcelos/repos/courses/python-learnings/.venv/lib/python3.10/site-packages/airflow/example_dags/plugins/workday.py took 1.059 seconds
