[2023-08-07T11:57:33.329+0000] {processor.py:157} INFO - Started process (PID=1564) to work on /opt/airflow/dags/first_dag.py
[2023-08-07T11:57:33.334+0000] {processor.py:826} INFO - Processing file /opt/airflow/dags/first_dag.py for tasks to queue
[2023-08-07T11:57:33.341+0000] {logging_mixin.py:150} INFO - [2023-08-07T11:57:33.340+0000] {dagbag.py:541} INFO - Filling up the DagBag from /opt/airflow/dags/first_dag.py
[2023-08-07T11:57:33.409+0000] {processor.py:836} INFO - DAG(s) dict_keys(['AA_first_dag_v2']) retrieved from /opt/airflow/dags/first_dag.py
[2023-08-07T11:57:33.987+0000] {logging_mixin.py:150} INFO - [2023-08-07T11:57:33.986+0000] {manager.py:504} INFO - Created Permission View: can read on DAG:AA_first_dag_v2
[2023-08-07T11:57:34.024+0000] {logging_mixin.py:150} INFO - [2023-08-07T11:57:34.024+0000] {manager.py:504} INFO - Created Permission View: can delete on DAG:AA_first_dag_v2
[2023-08-07T11:57:34.053+0000] {logging_mixin.py:150} INFO - [2023-08-07T11:57:34.053+0000] {manager.py:504} INFO - Created Permission View: can edit on DAG:AA_first_dag_v2
[2023-08-07T11:57:34.126+0000] {logging_mixin.py:150} INFO - [2023-08-07T11:57:34.125+0000] {dag.py:2742} INFO - Sync 1 DAGs
[2023-08-07T11:57:34.186+0000] {logging_mixin.py:150} INFO - [2023-08-07T11:57:34.184+0000] {dag.py:2763} INFO - Creating ORM DAG for AA_first_dag_v2
[2023-08-07T11:57:34.295+0000] {logging_mixin.py:150} INFO - [2023-08-07T11:57:34.285+0000] {dag.py:3508} INFO - Setting next_dagrun for AA_first_dag_v2 to 2023-08-07T00:00:00+00:00, run_after=2023-08-08T00:00:00+00:00
[2023-08-07T11:57:34.431+0000] {processor.py:179} INFO - Processing /opt/airflow/dags/first_dag.py took 1.124 seconds
[2023-08-07T12:00:13.809+0000] {processor.py:157} INFO - Started process (PID=170) to work on /opt/airflow/dags/first_dag.py
[2023-08-07T12:00:13.860+0000] {processor.py:826} INFO - Processing file /opt/airflow/dags/first_dag.py for tasks to queue
[2023-08-07T12:00:13.867+0000] {logging_mixin.py:150} INFO - [2023-08-07T12:00:13.866+0000] {dagbag.py:541} INFO - Filling up the DagBag from /opt/airflow/dags/first_dag.py
[2023-08-07T12:00:14.180+0000] {processor.py:836} INFO - DAG(s) dict_keys(['AA_first_dag_v2']) retrieved from /opt/airflow/dags/first_dag.py
[2023-08-07T12:00:16.469+0000] {logging_mixin.py:150} INFO - [2023-08-07T12:00:16.468+0000] {manager.py:504} INFO - Created Permission View: can edit on DAG:AA_first_dag_v2
[2023-08-07T12:00:16.533+0000] {logging_mixin.py:150} INFO - [2023-08-07T12:00:16.533+0000] {manager.py:504} INFO - Created Permission View: can delete on DAG:AA_first_dag_v2
[2023-08-07T12:00:16.581+0000] {logging_mixin.py:150} INFO - [2023-08-07T12:00:16.581+0000] {manager.py:504} INFO - Created Permission View: can read on DAG:AA_first_dag_v2
[2023-08-07T12:00:16.678+0000] {logging_mixin.py:150} INFO - [2023-08-07T12:00:16.677+0000] {dag.py:2742} INFO - Sync 1 DAGs
[2023-08-07T12:00:16.728+0000] {logging_mixin.py:150} INFO - [2023-08-07T12:00:16.728+0000] {dag.py:2763} INFO - Creating ORM DAG for AA_first_dag_v2
[2023-08-07T12:00:16.788+0000] {logging_mixin.py:150} INFO - [2023-08-07T12:00:16.787+0000] {dag.py:3508} INFO - Setting next_dagrun for AA_first_dag_v2 to 2023-08-07T00:00:00+00:00, run_after=2023-08-08T00:00:00+00:00
[2023-08-07T12:00:16.940+0000] {processor.py:179} INFO - Processing /opt/airflow/dags/first_dag.py took 3.202 seconds
[2023-08-07T12:00:47.116+0000] {processor.py:157} INFO - Started process (PID=183) to work on /opt/airflow/dags/first_dag.py
[2023-08-07T12:00:47.125+0000] {processor.py:826} INFO - Processing file /opt/airflow/dags/first_dag.py for tasks to queue
[2023-08-07T12:00:47.132+0000] {logging_mixin.py:150} INFO - [2023-08-07T12:00:47.130+0000] {dagbag.py:541} INFO - Filling up the DagBag from /opt/airflow/dags/first_dag.py
[2023-08-07T12:00:47.314+0000] {processor.py:836} INFO - DAG(s) dict_keys(['AA_first_dag_v2']) retrieved from /opt/airflow/dags/first_dag.py
[2023-08-07T12:00:47.476+0000] {logging_mixin.py:150} INFO - [2023-08-07T12:00:47.476+0000] {dag.py:2742} INFO - Sync 1 DAGs
[2023-08-07T12:00:47.588+0000] {logging_mixin.py:150} INFO - [2023-08-07T12:00:47.587+0000] {dag.py:3508} INFO - Setting next_dagrun for AA_first_dag_v2 to 2023-08-07T00:00:00+00:00, run_after=2023-08-08T00:00:00+00:00
[2023-08-07T12:00:47.683+0000] {processor.py:179} INFO - Processing /opt/airflow/dags/first_dag.py took 0.592 seconds
[2023-08-07T12:01:18.000+0000] {processor.py:157} INFO - Started process (PID=196) to work on /opt/airflow/dags/first_dag.py
[2023-08-07T12:01:18.007+0000] {processor.py:826} INFO - Processing file /opt/airflow/dags/first_dag.py for tasks to queue
[2023-08-07T12:01:18.012+0000] {logging_mixin.py:150} INFO - [2023-08-07T12:01:18.012+0000] {dagbag.py:541} INFO - Filling up the DagBag from /opt/airflow/dags/first_dag.py
[2023-08-07T12:01:18.063+0000] {processor.py:836} INFO - DAG(s) dict_keys(['AA_first_dag_v2']) retrieved from /opt/airflow/dags/first_dag.py
[2023-08-07T12:01:18.144+0000] {logging_mixin.py:150} INFO - [2023-08-07T12:01:18.143+0000] {dag.py:2742} INFO - Sync 1 DAGs
[2023-08-07T12:01:18.214+0000] {logging_mixin.py:150} INFO - [2023-08-07T12:01:18.213+0000] {dag.py:3508} INFO - Setting next_dagrun for AA_first_dag_v2 to 2023-08-07T00:00:00+00:00, run_after=2023-08-08T00:00:00+00:00
[2023-08-07T12:01:18.270+0000] {processor.py:179} INFO - Processing /opt/airflow/dags/first_dag.py took 0.280 seconds
[2023-08-07T12:01:48.389+0000] {processor.py:157} INFO - Started process (PID=208) to work on /opt/airflow/dags/first_dag.py
[2023-08-07T12:01:48.395+0000] {processor.py:826} INFO - Processing file /opt/airflow/dags/first_dag.py for tasks to queue
[2023-08-07T12:01:48.403+0000] {logging_mixin.py:150} INFO - [2023-08-07T12:01:48.402+0000] {dagbag.py:541} INFO - Filling up the DagBag from /opt/airflow/dags/first_dag.py
[2023-08-07T12:01:48.453+0000] {processor.py:836} INFO - DAG(s) dict_keys(['AA_first_dag_v2']) retrieved from /opt/airflow/dags/first_dag.py
[2023-08-07T12:01:48.550+0000] {logging_mixin.py:150} INFO - [2023-08-07T12:01:48.549+0000] {dag.py:2742} INFO - Sync 1 DAGs
[2023-08-07T12:01:48.621+0000] {logging_mixin.py:150} INFO - [2023-08-07T12:01:48.620+0000] {dag.py:3508} INFO - Setting next_dagrun for AA_first_dag_v2 to 2023-08-07T00:00:00+00:00, run_after=2023-08-08T00:00:00+00:00
[2023-08-07T12:01:48.677+0000] {processor.py:179} INFO - Processing /opt/airflow/dags/first_dag.py took 0.296 seconds
[2023-08-07T12:02:19.339+0000] {processor.py:157} INFO - Started process (PID=219) to work on /opt/airflow/dags/first_dag.py
[2023-08-07T12:02:19.347+0000] {processor.py:826} INFO - Processing file /opt/airflow/dags/first_dag.py for tasks to queue
[2023-08-07T12:02:19.353+0000] {logging_mixin.py:150} INFO - [2023-08-07T12:02:19.353+0000] {dagbag.py:541} INFO - Filling up the DagBag from /opt/airflow/dags/first_dag.py
[2023-08-07T12:02:19.412+0000] {processor.py:836} INFO - DAG(s) dict_keys(['AA_first_dag_v2']) retrieved from /opt/airflow/dags/first_dag.py
[2023-08-07T12:02:19.504+0000] {logging_mixin.py:150} INFO - [2023-08-07T12:02:19.504+0000] {dag.py:2742} INFO - Sync 1 DAGs
[2023-08-07T12:02:19.581+0000] {logging_mixin.py:150} INFO - [2023-08-07T12:02:19.581+0000] {dag.py:3508} INFO - Setting next_dagrun for AA_first_dag_v2 to 2023-08-07T00:00:00+00:00, run_after=2023-08-08T00:00:00+00:00
[2023-08-07T12:02:19.679+0000] {processor.py:179} INFO - Processing /opt/airflow/dags/first_dag.py took 0.374 seconds
[2023-08-07T12:11:48.242+0000] {processor.py:157} INFO - Started process (PID=164) to work on /opt/airflow/dags/first_dag.py
[2023-08-07T12:11:48.261+0000] {processor.py:826} INFO - Processing file /opt/airflow/dags/first_dag.py for tasks to queue
[2023-08-07T12:11:48.300+0000] {logging_mixin.py:150} INFO - [2023-08-07T12:11:48.299+0000] {dagbag.py:541} INFO - Filling up the DagBag from /opt/airflow/dags/first_dag.py
[2023-08-07T12:11:48.732+0000] {processor.py:836} INFO - DAG(s) dict_keys(['AA_first_dag_v2']) retrieved from /opt/airflow/dags/first_dag.py
[2023-08-07T12:15:02.803+0000] {processor.py:157} INFO - Started process (PID=163) to work on /opt/airflow/dags/first_dag.py
[2023-08-07T12:15:02.810+0000] {processor.py:826} INFO - Processing file /opt/airflow/dags/first_dag.py for tasks to queue
[2023-08-07T12:15:02.832+0000] {logging_mixin.py:150} INFO - [2023-08-07T12:15:02.831+0000] {dagbag.py:541} INFO - Filling up the DagBag from /opt/airflow/dags/first_dag.py
[2023-08-07T12:15:03.359+0000] {processor.py:836} INFO - DAG(s) dict_keys(['AA_first_dag_v2']) retrieved from /opt/airflow/dags/first_dag.py
[2023-08-07T12:15:05.831+0000] {logging_mixin.py:150} INFO - [2023-08-07T12:15:05.813+0000] {manager.py:504} INFO - Created Permission View: can delete on DAG:AA_first_dag_v2
[2023-08-07T12:15:05.933+0000] {logging_mixin.py:150} INFO - [2023-08-07T12:15:05.932+0000] {manager.py:504} INFO - Created Permission View: can edit on DAG:AA_first_dag_v2
[2023-08-07T12:15:05.975+0000] {logging_mixin.py:150} INFO - [2023-08-07T12:15:05.974+0000] {manager.py:504} INFO - Created Permission View: can read on DAG:AA_first_dag_v2
[2023-08-07T12:15:06.054+0000] {logging_mixin.py:150} INFO - [2023-08-07T12:15:06.052+0000] {dag.py:2742} INFO - Sync 1 DAGs
[2023-08-07T12:15:06.215+0000] {logging_mixin.py:150} INFO - [2023-08-07T12:15:06.215+0000] {dag.py:2763} INFO - Creating ORM DAG for AA_first_dag_v2
[2023-08-07T12:15:06.392+0000] {logging_mixin.py:150} INFO - [2023-08-07T12:15:06.391+0000] {dag.py:3508} INFO - Setting next_dagrun for AA_first_dag_v2 to 2023-08-07T00:00:00+00:00, run_after=2023-08-08T00:00:00+00:00
[2023-08-07T12:15:06.534+0000] {processor.py:179} INFO - Processing /opt/airflow/dags/first_dag.py took 3.764 seconds
[2023-08-07T12:15:37.145+0000] {processor.py:157} INFO - Started process (PID=175) to work on /opt/airflow/dags/first_dag.py
[2023-08-07T12:15:37.159+0000] {processor.py:826} INFO - Processing file /opt/airflow/dags/first_dag.py for tasks to queue
[2023-08-07T12:15:37.165+0000] {logging_mixin.py:150} INFO - [2023-08-07T12:15:37.164+0000] {dagbag.py:541} INFO - Filling up the DagBag from /opt/airflow/dags/first_dag.py
[2023-08-07T12:15:37.315+0000] {processor.py:836} INFO - DAG(s) dict_keys(['AA_first_dag_v2']) retrieved from /opt/airflow/dags/first_dag.py
[2023-08-07T12:15:38.447+0000] {logging_mixin.py:150} INFO - [2023-08-07T12:15:38.446+0000] {dag.py:2742} INFO - Sync 1 DAGs
[2023-08-07T12:15:38.657+0000] {logging_mixin.py:150} INFO - [2023-08-07T12:15:38.655+0000] {dag.py:3508} INFO - Setting next_dagrun for AA_first_dag_v2 to 2023-08-07T00:00:00+00:00, run_after=2023-08-08T00:00:00+00:00
[2023-08-07T12:15:38.837+0000] {processor.py:179} INFO - Processing /opt/airflow/dags/first_dag.py took 1.765 seconds
[2023-08-07T12:16:09.115+0000] {processor.py:157} INFO - Started process (PID=187) to work on /opt/airflow/dags/first_dag.py
[2023-08-07T12:16:09.125+0000] {processor.py:826} INFO - Processing file /opt/airflow/dags/first_dag.py for tasks to queue
[2023-08-07T12:16:09.136+0000] {logging_mixin.py:150} INFO - [2023-08-07T12:16:09.134+0000] {dagbag.py:541} INFO - Filling up the DagBag from /opt/airflow/dags/first_dag.py
[2023-08-07T12:16:09.282+0000] {processor.py:836} INFO - DAG(s) dict_keys(['AA_first_dag_v2']) retrieved from /opt/airflow/dags/first_dag.py
[2023-08-07T12:16:09.567+0000] {logging_mixin.py:150} INFO - [2023-08-07T12:16:09.566+0000] {dag.py:2742} INFO - Sync 1 DAGs
[2023-08-07T12:16:10.280+0000] {logging_mixin.py:150} INFO - [2023-08-07T12:16:10.278+0000] {dag.py:3508} INFO - Setting next_dagrun for AA_first_dag_v2 to 2023-08-07T00:00:00+00:00, run_after=2023-08-08T00:00:00+00:00
[2023-08-07T12:16:10.660+0000] {processor.py:179} INFO - Processing /opt/airflow/dags/first_dag.py took 1.565 seconds
[2023-08-07T12:16:41.745+0000] {processor.py:157} INFO - Started process (PID=199) to work on /opt/airflow/dags/first_dag.py
[2023-08-07T12:16:41.755+0000] {processor.py:826} INFO - Processing file /opt/airflow/dags/first_dag.py for tasks to queue
[2023-08-07T12:16:41.767+0000] {logging_mixin.py:150} INFO - [2023-08-07T12:16:41.765+0000] {dagbag.py:541} INFO - Filling up the DagBag from /opt/airflow/dags/first_dag.py
[2023-08-07T12:16:41.931+0000] {processor.py:836} INFO - DAG(s) dict_keys(['AA_first_dag_v2']) retrieved from /opt/airflow/dags/first_dag.py
[2023-08-07T12:16:42.208+0000] {logging_mixin.py:150} INFO - [2023-08-07T12:16:42.204+0000] {dag.py:2742} INFO - Sync 1 DAGs
[2023-08-07T12:16:42.412+0000] {logging_mixin.py:150} INFO - [2023-08-07T12:16:42.407+0000] {dag.py:3508} INFO - Setting next_dagrun for AA_first_dag_v2 to 2023-08-07T00:00:00+00:00, run_after=2023-08-08T00:00:00+00:00
[2023-08-07T12:16:42.512+0000] {processor.py:179} INFO - Processing /opt/airflow/dags/first_dag.py took 0.804 seconds
[2023-08-07T12:17:13.259+0000] {processor.py:157} INFO - Started process (PID=210) to work on /opt/airflow/dags/first_dag.py
[2023-08-07T12:17:13.274+0000] {processor.py:826} INFO - Processing file /opt/airflow/dags/first_dag.py for tasks to queue
[2023-08-07T12:17:13.285+0000] {logging_mixin.py:150} INFO - [2023-08-07T12:17:13.282+0000] {dagbag.py:541} INFO - Filling up the DagBag from /opt/airflow/dags/first_dag.py
[2023-08-07T12:17:13.415+0000] {processor.py:836} INFO - DAG(s) dict_keys(['AA_first_dag_v2']) retrieved from /opt/airflow/dags/first_dag.py
[2023-08-07T12:17:13.588+0000] {logging_mixin.py:150} INFO - [2023-08-07T12:17:13.587+0000] {dag.py:2742} INFO - Sync 1 DAGs
[2023-08-07T12:17:13.765+0000] {logging_mixin.py:150} INFO - [2023-08-07T12:17:13.765+0000] {dag.py:3508} INFO - Setting next_dagrun for AA_first_dag_v2 to 2023-08-07T00:00:00+00:00, run_after=2023-08-08T00:00:00+00:00
[2023-08-07T12:17:13.854+0000] {processor.py:179} INFO - Processing /opt/airflow/dags/first_dag.py took 0.643 seconds
[2023-08-07T12:17:44.783+0000] {processor.py:157} INFO - Started process (PID=228) to work on /opt/airflow/dags/first_dag.py
[2023-08-07T12:17:44.795+0000] {processor.py:826} INFO - Processing file /opt/airflow/dags/first_dag.py for tasks to queue
[2023-08-07T12:17:44.814+0000] {logging_mixin.py:150} INFO - [2023-08-07T12:17:44.813+0000] {dagbag.py:541} INFO - Filling up the DagBag from /opt/airflow/dags/first_dag.py
[2023-08-07T12:17:45.038+0000] {processor.py:836} INFO - DAG(s) dict_keys(['AA_first_dag_v2']) retrieved from /opt/airflow/dags/first_dag.py
[2023-08-07T12:17:45.263+0000] {logging_mixin.py:150} INFO - [2023-08-07T12:17:45.263+0000] {dag.py:2742} INFO - Sync 1 DAGs
[2023-08-07T12:17:45.459+0000] {logging_mixin.py:150} INFO - [2023-08-07T12:17:45.459+0000] {dag.py:3508} INFO - Setting next_dagrun for AA_first_dag_v2 to 2023-08-07T00:00:00+00:00, run_after=2023-08-08T00:00:00+00:00
[2023-08-07T12:17:45.549+0000] {processor.py:179} INFO - Processing /opt/airflow/dags/first_dag.py took 0.844 seconds
[2023-08-07T12:18:17.003+0000] {processor.py:157} INFO - Started process (PID=240) to work on /opt/airflow/dags/first_dag.py
[2023-08-07T12:18:17.023+0000] {processor.py:826} INFO - Processing file /opt/airflow/dags/first_dag.py for tasks to queue
[2023-08-07T12:18:17.104+0000] {logging_mixin.py:150} INFO - [2023-08-07T12:18:17.056+0000] {dagbag.py:541} INFO - Filling up the DagBag from /opt/airflow/dags/first_dag.py
[2023-08-07T12:18:17.321+0000] {processor.py:836} INFO - DAG(s) dict_keys(['AA_first_dag_v2']) retrieved from /opt/airflow/dags/first_dag.py
[2023-08-07T12:18:17.761+0000] {logging_mixin.py:150} INFO - [2023-08-07T12:18:17.760+0000] {dag.py:2742} INFO - Sync 1 DAGs
[2023-08-07T12:18:18.544+0000] {logging_mixin.py:150} INFO - [2023-08-07T12:18:18.539+0000] {dag.py:3508} INFO - Setting next_dagrun for AA_first_dag_v2 to 2023-08-07T00:00:00+00:00, run_after=2023-08-08T00:00:00+00:00
[2023-08-07T12:18:19.421+0000] {processor.py:179} INFO - Processing /opt/airflow/dags/first_dag.py took 2.484 seconds
[2023-08-07T12:18:50.824+0000] {processor.py:157} INFO - Started process (PID=252) to work on /opt/airflow/dags/first_dag.py
[2023-08-07T12:18:50.867+0000] {processor.py:826} INFO - Processing file /opt/airflow/dags/first_dag.py for tasks to queue
[2023-08-07T12:18:50.873+0000] {logging_mixin.py:150} INFO - [2023-08-07T12:18:50.872+0000] {dagbag.py:541} INFO - Filling up the DagBag from /opt/airflow/dags/first_dag.py
[2023-08-07T12:18:51.234+0000] {processor.py:836} INFO - DAG(s) dict_keys(['AA_first_dag_v2']) retrieved from /opt/airflow/dags/first_dag.py
[2023-08-07T12:18:52.214+0000] {logging_mixin.py:150} INFO - [2023-08-07T12:18:52.205+0000] {dag.py:2742} INFO - Sync 1 DAGs
[2023-08-07T12:18:52.883+0000] {logging_mixin.py:150} INFO - [2023-08-07T12:18:52.883+0000] {dag.py:3508} INFO - Setting next_dagrun for AA_first_dag_v2 to 2023-08-07T00:00:00+00:00, run_after=2023-08-08T00:00:00+00:00
[2023-08-07T12:18:53.081+0000] {processor.py:179} INFO - Processing /opt/airflow/dags/first_dag.py took 2.546 seconds
[2023-08-07T12:19:23.901+0000] {processor.py:157} INFO - Started process (PID=271) to work on /opt/airflow/dags/first_dag.py
[2023-08-07T12:19:23.918+0000] {processor.py:826} INFO - Processing file /opt/airflow/dags/first_dag.py for tasks to queue
[2023-08-07T12:19:23.935+0000] {logging_mixin.py:150} INFO - [2023-08-07T12:19:23.931+0000] {dagbag.py:541} INFO - Filling up the DagBag from /opt/airflow/dags/first_dag.py
[2023-08-07T12:19:24.088+0000] {processor.py:836} INFO - DAG(s) dict_keys(['AA_first_dag_v2']) retrieved from /opt/airflow/dags/first_dag.py
[2023-08-07T12:19:26.138+0000] {logging_mixin.py:150} INFO - [2023-08-07T12:19:26.126+0000] {dag.py:2742} INFO - Sync 1 DAGs
[2023-08-07T12:19:26.692+0000] {logging_mixin.py:150} INFO - [2023-08-07T12:19:26.691+0000] {dag.py:3508} INFO - Setting next_dagrun for AA_first_dag_v2 to 2023-08-07T00:00:00+00:00, run_after=2023-08-08T00:00:00+00:00
[2023-08-07T12:19:26.816+0000] {processor.py:179} INFO - Processing /opt/airflow/dags/first_dag.py took 2.977 seconds
[2023-08-07T12:19:57.575+0000] {processor.py:157} INFO - Started process (PID=283) to work on /opt/airflow/dags/first_dag.py
[2023-08-07T12:19:57.585+0000] {processor.py:826} INFO - Processing file /opt/airflow/dags/first_dag.py for tasks to queue
[2023-08-07T12:19:57.608+0000] {logging_mixin.py:150} INFO - [2023-08-07T12:19:57.605+0000] {dagbag.py:541} INFO - Filling up the DagBag from /opt/airflow/dags/first_dag.py
[2023-08-07T12:19:57.796+0000] {processor.py:836} INFO - DAG(s) dict_keys(['AA_first_dag_v2']) retrieved from /opt/airflow/dags/first_dag.py
[2023-08-07T12:19:58.442+0000] {logging_mixin.py:150} INFO - [2023-08-07T12:19:58.441+0000] {dag.py:2742} INFO - Sync 1 DAGs
[2023-08-07T12:19:58.557+0000] {logging_mixin.py:150} INFO - [2023-08-07T12:19:58.557+0000] {dag.py:3508} INFO - Setting next_dagrun for AA_first_dag_v2 to 2023-08-07T00:00:00+00:00, run_after=2023-08-08T00:00:00+00:00
[2023-08-07T12:19:58.655+0000] {processor.py:179} INFO - Processing /opt/airflow/dags/first_dag.py took 1.156 seconds
[2023-08-07T12:20:30.384+0000] {processor.py:157} INFO - Started process (PID=294) to work on /opt/airflow/dags/first_dag.py
[2023-08-07T12:20:30.432+0000] {processor.py:826} INFO - Processing file /opt/airflow/dags/first_dag.py for tasks to queue
[2023-08-07T12:20:30.467+0000] {logging_mixin.py:150} INFO - [2023-08-07T12:20:30.436+0000] {dagbag.py:541} INFO - Filling up the DagBag from /opt/airflow/dags/first_dag.py
[2023-08-07T12:20:30.741+0000] {processor.py:836} INFO - DAG(s) dict_keys(['AA_first_dag_v2']) retrieved from /opt/airflow/dags/first_dag.py
[2023-08-07T12:20:31.122+0000] {logging_mixin.py:150} INFO - [2023-08-07T12:20:31.122+0000] {dag.py:2742} INFO - Sync 1 DAGs
[2023-08-07T12:20:31.457+0000] {logging_mixin.py:150} INFO - [2023-08-07T12:20:31.457+0000] {dag.py:3508} INFO - Setting next_dagrun for AA_first_dag_v2 to 2023-08-07T00:00:00+00:00, run_after=2023-08-08T00:00:00+00:00
[2023-08-07T12:20:31.617+0000] {processor.py:179} INFO - Processing /opt/airflow/dags/first_dag.py took 1.583 seconds
[2023-08-07T12:20:48.061+0000] {processor.py:157} INFO - Started process (PID=299) to work on /opt/airflow/dags/first_dag.py
[2023-08-07T12:20:48.134+0000] {processor.py:826} INFO - Processing file /opt/airflow/dags/first_dag.py for tasks to queue
[2023-08-07T12:20:48.280+0000] {logging_mixin.py:150} INFO - [2023-08-07T12:20:48.280+0000] {dagbag.py:541} INFO - Filling up the DagBag from /opt/airflow/dags/first_dag.py
[2023-08-07T12:20:48.986+0000] {processor.py:836} INFO - DAG(s) dict_keys(['AA_first_dag_v2']) retrieved from /opt/airflow/dags/first_dag.py
[2023-08-07T12:21:00.836+0000] {logging_mixin.py:150} INFO - [2023-08-07T12:21:00.833+0000] {dag.py:2742} INFO - Sync 1 DAGs
[2023-08-07T12:21:01.726+0000] {logging_mixin.py:150} INFO - [2023-08-07T12:21:01.709+0000] {dag.py:3508} INFO - Setting next_dagrun for AA_first_dag_v2 to 2023-08-07T00:00:00+00:00, run_after=2023-08-08T00:00:00+00:00
[2023-08-07T12:21:02.204+0000] {processor.py:179} INFO - Processing /opt/airflow/dags/first_dag.py took 14.570 seconds
[2023-08-07T12:21:33.986+0000] {processor.py:157} INFO - Started process (PID=318) to work on /opt/airflow/dags/first_dag.py
[2023-08-07T12:21:33.995+0000] {processor.py:826} INFO - Processing file /opt/airflow/dags/first_dag.py for tasks to queue
[2023-08-07T12:21:34.032+0000] {logging_mixin.py:150} INFO - [2023-08-07T12:21:34.031+0000] {dagbag.py:541} INFO - Filling up the DagBag from /opt/airflow/dags/first_dag.py
[2023-08-07T12:21:34.488+0000] {processor.py:836} INFO - DAG(s) dict_keys(['AA_first_dag_v2']) retrieved from /opt/airflow/dags/first_dag.py
[2023-08-07T12:21:35.268+0000] {logging_mixin.py:150} INFO - [2023-08-07T12:21:35.267+0000] {dag.py:2742} INFO - Sync 1 DAGs
[2023-08-07T12:21:36.078+0000] {logging_mixin.py:150} INFO - [2023-08-07T12:21:36.075+0000] {dag.py:3508} INFO - Setting next_dagrun for AA_first_dag_v2 to 2023-08-07T00:00:00+00:00, run_after=2023-08-08T00:00:00+00:00
[2023-08-07T12:21:37.122+0000] {processor.py:179} INFO - Processing /opt/airflow/dags/first_dag.py took 3.280 seconds
[2023-08-07T12:22:08.094+0000] {processor.py:157} INFO - Started process (PID=336) to work on /opt/airflow/dags/first_dag.py
[2023-08-07T12:22:08.110+0000] {processor.py:826} INFO - Processing file /opt/airflow/dags/first_dag.py for tasks to queue
[2023-08-07T12:22:08.129+0000] {logging_mixin.py:150} INFO - [2023-08-07T12:22:08.117+0000] {dagbag.py:541} INFO - Filling up the DagBag from /opt/airflow/dags/first_dag.py
[2023-08-07T12:22:08.354+0000] {processor.py:836} INFO - DAG(s) dict_keys(['AA_first_dag_v2']) retrieved from /opt/airflow/dags/first_dag.py
[2023-08-07T12:22:08.712+0000] {logging_mixin.py:150} INFO - [2023-08-07T12:22:08.711+0000] {dag.py:2742} INFO - Sync 1 DAGs
[2023-08-07T12:22:10.261+0000] {logging_mixin.py:150} INFO - [2023-08-07T12:22:10.260+0000] {dag.py:3508} INFO - Setting next_dagrun for AA_first_dag_v2 to 2023-08-07T00:00:00+00:00, run_after=2023-08-08T00:00:00+00:00
[2023-08-07T12:22:10.418+0000] {processor.py:179} INFO - Processing /opt/airflow/dags/first_dag.py took 2.372 seconds
[2023-08-07T12:22:41.161+0000] {processor.py:157} INFO - Started process (PID=352) to work on /opt/airflow/dags/first_dag.py
[2023-08-07T12:22:41.166+0000] {processor.py:826} INFO - Processing file /opt/airflow/dags/first_dag.py for tasks to queue
[2023-08-07T12:22:41.173+0000] {logging_mixin.py:150} INFO - [2023-08-07T12:22:41.172+0000] {dagbag.py:541} INFO - Filling up the DagBag from /opt/airflow/dags/first_dag.py
[2023-08-07T12:22:41.285+0000] {processor.py:836} INFO - DAG(s) dict_keys(['AA_first_dag_v2']) retrieved from /opt/airflow/dags/first_dag.py
[2023-08-07T12:22:41.370+0000] {logging_mixin.py:150} INFO - [2023-08-07T12:22:41.370+0000] {dag.py:2742} INFO - Sync 1 DAGs
[2023-08-07T12:22:42.080+0000] {logging_mixin.py:150} INFO - [2023-08-07T12:22:42.080+0000] {dag.py:3508} INFO - Setting next_dagrun for AA_first_dag_v2 to 2023-08-07T00:00:00+00:00, run_after=2023-08-08T00:00:00+00:00
[2023-08-07T12:22:42.283+0000] {processor.py:179} INFO - Processing /opt/airflow/dags/first_dag.py took 1.130 seconds
[2023-08-07T12:23:12.565+0000] {processor.py:157} INFO - Started process (PID=365) to work on /opt/airflow/dags/first_dag.py
[2023-08-07T12:23:12.569+0000] {processor.py:826} INFO - Processing file /opt/airflow/dags/first_dag.py for tasks to queue
[2023-08-07T12:23:12.576+0000] {logging_mixin.py:150} INFO - [2023-08-07T12:23:12.575+0000] {dagbag.py:541} INFO - Filling up the DagBag from /opt/airflow/dags/first_dag.py
[2023-08-07T12:23:12.697+0000] {processor.py:836} INFO - DAG(s) dict_keys(['AA_first_dag_v2']) retrieved from /opt/airflow/dags/first_dag.py
[2023-08-07T12:23:14.471+0000] {logging_mixin.py:150} INFO - [2023-08-07T12:23:14.470+0000] {dag.py:2742} INFO - Sync 1 DAGs
[2023-08-07T12:23:14.553+0000] {logging_mixin.py:150} INFO - [2023-08-07T12:23:14.552+0000] {dag.py:3508} INFO - Setting next_dagrun for AA_first_dag_v2 to 2023-08-07T00:00:00+00:00, run_after=2023-08-08T00:00:00+00:00
[2023-08-07T12:23:14.635+0000] {processor.py:179} INFO - Processing /opt/airflow/dags/first_dag.py took 2.080 seconds
[2023-08-07T12:23:45.951+0000] {processor.py:157} INFO - Started process (PID=377) to work on /opt/airflow/dags/first_dag.py
[2023-08-07T12:23:45.955+0000] {processor.py:826} INFO - Processing file /opt/airflow/dags/first_dag.py for tasks to queue
[2023-08-07T12:23:45.971+0000] {logging_mixin.py:150} INFO - [2023-08-07T12:23:45.970+0000] {dagbag.py:541} INFO - Filling up the DagBag from /opt/airflow/dags/first_dag.py
[2023-08-07T12:23:46.552+0000] {processor.py:836} INFO - DAG(s) dict_keys(['AA_first_dag_v2']) retrieved from /opt/airflow/dags/first_dag.py
[2023-08-07T12:23:46.615+0000] {logging_mixin.py:150} INFO - [2023-08-07T12:23:46.615+0000] {dag.py:2742} INFO - Sync 1 DAGs
[2023-08-07T12:23:46.679+0000] {logging_mixin.py:150} INFO - [2023-08-07T12:23:46.679+0000] {dag.py:3508} INFO - Setting next_dagrun for AA_first_dag_v2 to 2023-08-07T00:00:00+00:00, run_after=2023-08-08T00:00:00+00:00
[2023-08-07T12:23:46.728+0000] {processor.py:179} INFO - Processing /opt/airflow/dags/first_dag.py took 0.787 seconds
[2023-08-07T12:24:17.268+0000] {processor.py:157} INFO - Started process (PID=389) to work on /opt/airflow/dags/first_dag.py
[2023-08-07T12:24:17.274+0000] {processor.py:826} INFO - Processing file /opt/airflow/dags/first_dag.py for tasks to queue
[2023-08-07T12:24:17.281+0000] {logging_mixin.py:150} INFO - [2023-08-07T12:24:17.280+0000] {dagbag.py:541} INFO - Filling up the DagBag from /opt/airflow/dags/first_dag.py
[2023-08-07T12:24:17.330+0000] {processor.py:836} INFO - DAG(s) dict_keys(['AA_first_dag_v2']) retrieved from /opt/airflow/dags/first_dag.py
[2023-08-07T12:24:17.491+0000] {logging_mixin.py:150} INFO - [2023-08-07T12:24:17.489+0000] {dag.py:2742} INFO - Sync 1 DAGs
[2023-08-07T12:24:17.637+0000] {logging_mixin.py:150} INFO - [2023-08-07T12:24:17.636+0000] {dag.py:3508} INFO - Setting next_dagrun for AA_first_dag_v2 to 2023-08-07T00:00:00+00:00, run_after=2023-08-08T00:00:00+00:00
[2023-08-07T12:24:17.694+0000] {processor.py:179} INFO - Processing /opt/airflow/dags/first_dag.py took 0.435 seconds
[2023-08-07T12:24:48.629+0000] {processor.py:157} INFO - Started process (PID=401) to work on /opt/airflow/dags/first_dag.py
[2023-08-07T12:24:48.641+0000] {processor.py:826} INFO - Processing file /opt/airflow/dags/first_dag.py for tasks to queue
[2023-08-07T12:24:48.652+0000] {logging_mixin.py:150} INFO - [2023-08-07T12:24:48.652+0000] {dagbag.py:541} INFO - Filling up the DagBag from /opt/airflow/dags/first_dag.py
[2023-08-07T12:24:48.899+0000] {processor.py:836} INFO - DAG(s) dict_keys(['AA_first_dag_v2']) retrieved from /opt/airflow/dags/first_dag.py
[2023-08-07T12:24:50.205+0000] {logging_mixin.py:150} INFO - [2023-08-07T12:24:50.203+0000] {dag.py:2742} INFO - Sync 1 DAGs
[2023-08-07T12:24:50.578+0000] {logging_mixin.py:150} INFO - [2023-08-07T12:24:50.577+0000] {dag.py:3508} INFO - Setting next_dagrun for AA_first_dag_v2 to 2023-08-07T00:00:00+00:00, run_after=2023-08-08T00:00:00+00:00
[2023-08-07T12:24:50.650+0000] {processor.py:179} INFO - Processing /opt/airflow/dags/first_dag.py took 2.045 seconds
[2023-08-07T12:25:21.071+0000] {processor.py:157} INFO - Started process (PID=413) to work on /opt/airflow/dags/first_dag.py
[2023-08-07T12:25:21.076+0000] {processor.py:826} INFO - Processing file /opt/airflow/dags/first_dag.py for tasks to queue
[2023-08-07T12:25:21.080+0000] {logging_mixin.py:150} INFO - [2023-08-07T12:25:21.079+0000] {dagbag.py:541} INFO - Filling up the DagBag from /opt/airflow/dags/first_dag.py
[2023-08-07T12:25:21.138+0000] {processor.py:836} INFO - DAG(s) dict_keys(['AA_first_dag_v2']) retrieved from /opt/airflow/dags/first_dag.py
[2023-08-07T12:25:21.230+0000] {logging_mixin.py:150} INFO - [2023-08-07T12:25:21.229+0000] {dag.py:2742} INFO - Sync 1 DAGs
[2023-08-07T12:25:21.294+0000] {logging_mixin.py:150} INFO - [2023-08-07T12:25:21.294+0000] {dag.py:3508} INFO - Setting next_dagrun for AA_first_dag_v2 to 2023-08-07T00:00:00+00:00, run_after=2023-08-08T00:00:00+00:00
[2023-08-07T12:25:21.333+0000] {processor.py:179} INFO - Processing /opt/airflow/dags/first_dag.py took 0.272 seconds
[2023-08-07T12:25:51.652+0000] {processor.py:157} INFO - Started process (PID=424) to work on /opt/airflow/dags/first_dag.py
[2023-08-07T12:25:51.656+0000] {processor.py:826} INFO - Processing file /opt/airflow/dags/first_dag.py for tasks to queue
[2023-08-07T12:25:51.662+0000] {logging_mixin.py:150} INFO - [2023-08-07T12:25:51.660+0000] {dagbag.py:541} INFO - Filling up the DagBag from /opt/airflow/dags/first_dag.py
[2023-08-07T12:25:51.694+0000] {processor.py:836} INFO - DAG(s) dict_keys(['AA_first_dag_v2']) retrieved from /opt/airflow/dags/first_dag.py
[2023-08-07T12:25:51.769+0000] {logging_mixin.py:150} INFO - [2023-08-07T12:25:51.768+0000] {dag.py:2742} INFO - Sync 1 DAGs
[2023-08-07T12:25:51.818+0000] {logging_mixin.py:150} INFO - [2023-08-07T12:25:51.817+0000] {dag.py:3508} INFO - Setting next_dagrun for AA_first_dag_v2 to 2023-08-07T00:00:00+00:00, run_after=2023-08-08T00:00:00+00:00
[2023-08-07T12:25:51.856+0000] {processor.py:179} INFO - Processing /opt/airflow/dags/first_dag.py took 0.211 seconds
[2023-08-07T12:26:22.726+0000] {processor.py:157} INFO - Started process (PID=435) to work on /opt/airflow/dags/first_dag.py
[2023-08-07T12:26:22.781+0000] {processor.py:826} INFO - Processing file /opt/airflow/dags/first_dag.py for tasks to queue
[2023-08-07T12:26:22.806+0000] {logging_mixin.py:150} INFO - [2023-08-07T12:26:22.798+0000] {dagbag.py:541} INFO - Filling up the DagBag from /opt/airflow/dags/first_dag.py
[2023-08-07T12:26:23.029+0000] {processor.py:836} INFO - DAG(s) dict_keys(['AA_first_dag_v2']) retrieved from /opt/airflow/dags/first_dag.py
[2023-08-07T12:26:23.395+0000] {logging_mixin.py:150} INFO - [2023-08-07T12:26:23.394+0000] {dag.py:2742} INFO - Sync 1 DAGs
[2023-08-07T12:26:23.571+0000] {logging_mixin.py:150} INFO - [2023-08-07T12:26:23.568+0000] {dag.py:3508} INFO - Setting next_dagrun for AA_first_dag_v2 to 2023-08-07T00:00:00+00:00, run_after=2023-08-08T00:00:00+00:00
[2023-08-07T12:26:23.728+0000] {processor.py:179} INFO - Processing /opt/airflow/dags/first_dag.py took 1.133 seconds
[2023-08-07T12:26:53.957+0000] {processor.py:157} INFO - Started process (PID=447) to work on /opt/airflow/dags/first_dag.py
[2023-08-07T12:26:53.962+0000] {processor.py:826} INFO - Processing file /opt/airflow/dags/first_dag.py for tasks to queue
[2023-08-07T12:26:53.965+0000] {logging_mixin.py:150} INFO - [2023-08-07T12:26:53.964+0000] {dagbag.py:541} INFO - Filling up the DagBag from /opt/airflow/dags/first_dag.py
[2023-08-07T12:26:53.998+0000] {processor.py:836} INFO - DAG(s) dict_keys(['AA_first_dag_v2']) retrieved from /opt/airflow/dags/first_dag.py
[2023-08-07T12:26:54.057+0000] {logging_mixin.py:150} INFO - [2023-08-07T12:26:54.057+0000] {dag.py:2742} INFO - Sync 1 DAGs
[2023-08-07T12:26:54.202+0000] {logging_mixin.py:150} INFO - [2023-08-07T12:26:54.202+0000] {dag.py:3508} INFO - Setting next_dagrun for AA_first_dag_v2 to 2023-08-07T00:00:00+00:00, run_after=2023-08-08T00:00:00+00:00
[2023-08-07T12:26:54.275+0000] {processor.py:179} INFO - Processing /opt/airflow/dags/first_dag.py took 0.326 seconds
[2023-08-07T12:27:24.516+0000] {processor.py:157} INFO - Started process (PID=458) to work on /opt/airflow/dags/first_dag.py
[2023-08-07T12:27:24.523+0000] {processor.py:826} INFO - Processing file /opt/airflow/dags/first_dag.py for tasks to queue
[2023-08-07T12:27:24.540+0000] {logging_mixin.py:150} INFO - [2023-08-07T12:27:24.535+0000] {dagbag.py:541} INFO - Filling up the DagBag from /opt/airflow/dags/first_dag.py
[2023-08-07T12:27:24.641+0000] {processor.py:836} INFO - DAG(s) dict_keys(['AA_first_dag_v2']) retrieved from /opt/airflow/dags/first_dag.py
[2023-08-07T12:27:24.794+0000] {logging_mixin.py:150} INFO - [2023-08-07T12:27:24.792+0000] {dag.py:2742} INFO - Sync 1 DAGs
[2023-08-07T12:27:24.888+0000] {logging_mixin.py:150} INFO - [2023-08-07T12:27:24.888+0000] {dag.py:3508} INFO - Setting next_dagrun for AA_first_dag_v2 to 2023-08-07T00:00:00+00:00, run_after=2023-08-08T00:00:00+00:00
[2023-08-07T12:27:24.956+0000] {processor.py:179} INFO - Processing /opt/airflow/dags/first_dag.py took 0.520 seconds
[2023-08-07T12:27:52.052+0000] {processor.py:157} INFO - Started process (PID=470) to work on /opt/airflow/dags/first_dag.py
[2023-08-07T12:27:52.080+0000] {processor.py:826} INFO - Processing file /opt/airflow/dags/first_dag.py for tasks to queue
[2023-08-07T12:27:52.105+0000] {logging_mixin.py:150} INFO - [2023-08-07T12:27:52.104+0000] {dagbag.py:541} INFO - Filling up the DagBag from /opt/airflow/dags/first_dag.py
[2023-08-07T12:27:52.323+0000] {processor.py:836} INFO - DAG(s) dict_keys(['AA_first_dag_v3']) retrieved from /opt/airflow/dags/first_dag.py
[2023-08-07T12:27:52.759+0000] {logging_mixin.py:150} INFO - [2023-08-07T12:27:52.759+0000] {manager.py:504} INFO - Created Permission View: can delete on DAG:AA_first_dag_v3
[2023-08-07T12:27:52.800+0000] {logging_mixin.py:150} INFO - [2023-08-07T12:27:52.800+0000] {manager.py:504} INFO - Created Permission View: can edit on DAG:AA_first_dag_v3
[2023-08-07T12:27:52.851+0000] {logging_mixin.py:150} INFO - [2023-08-07T12:27:52.849+0000] {manager.py:504} INFO - Created Permission View: can read on DAG:AA_first_dag_v3
[2023-08-07T12:27:52.911+0000] {logging_mixin.py:150} INFO - [2023-08-07T12:27:52.910+0000] {dag.py:2742} INFO - Sync 1 DAGs
[2023-08-07T12:27:52.960+0000] {logging_mixin.py:150} INFO - [2023-08-07T12:27:52.959+0000] {dag.py:2763} INFO - Creating ORM DAG for AA_first_dag_v3
[2023-08-07T12:27:53.009+0000] {logging_mixin.py:150} INFO - [2023-08-07T12:27:53.009+0000] {dag.py:3508} INFO - Setting next_dagrun for AA_first_dag_v3 to 2023-08-07T00:00:00+00:00, run_after=2023-08-08T00:00:00+00:00
[2023-08-07T12:27:53.126+0000] {processor.py:179} INFO - Processing /opt/airflow/dags/first_dag.py took 1.121 seconds
[2023-08-07T12:28:23.439+0000] {processor.py:157} INFO - Started process (PID=481) to work on /opt/airflow/dags/first_dag.py
[2023-08-07T12:28:23.452+0000] {processor.py:826} INFO - Processing file /opt/airflow/dags/first_dag.py for tasks to queue
[2023-08-07T12:28:23.458+0000] {logging_mixin.py:150} INFO - [2023-08-07T12:28:23.458+0000] {dagbag.py:541} INFO - Filling up the DagBag from /opt/airflow/dags/first_dag.py
[2023-08-07T12:28:23.505+0000] {processor.py:836} INFO - DAG(s) dict_keys(['AA_first_dag_v3']) retrieved from /opt/airflow/dags/first_dag.py
[2023-08-07T12:28:23.565+0000] {logging_mixin.py:150} INFO - [2023-08-07T12:28:23.564+0000] {dag.py:2742} INFO - Sync 1 DAGs
[2023-08-07T12:28:23.627+0000] {logging_mixin.py:150} INFO - [2023-08-07T12:28:23.626+0000] {dag.py:3508} INFO - Setting next_dagrun for AA_first_dag_v3 to 2023-08-07T00:00:00+00:00, run_after=2023-08-08T00:00:00+00:00
[2023-08-07T12:28:23.669+0000] {processor.py:179} INFO - Processing /opt/airflow/dags/first_dag.py took 0.240 seconds
[2023-08-07T12:28:53.898+0000] {processor.py:157} INFO - Started process (PID=494) to work on /opt/airflow/dags/first_dag.py
[2023-08-07T12:28:53.905+0000] {processor.py:826} INFO - Processing file /opt/airflow/dags/first_dag.py for tasks to queue
[2023-08-07T12:28:53.910+0000] {logging_mixin.py:150} INFO - [2023-08-07T12:28:53.910+0000] {dagbag.py:541} INFO - Filling up the DagBag from /opt/airflow/dags/first_dag.py
[2023-08-07T12:28:53.984+0000] {processor.py:836} INFO - DAG(s) dict_keys(['AA_first_dag_v3']) retrieved from /opt/airflow/dags/first_dag.py
[2023-08-07T12:28:54.201+0000] {logging_mixin.py:150} INFO - [2023-08-07T12:28:54.200+0000] {dag.py:2742} INFO - Sync 1 DAGs
[2023-08-07T12:28:54.390+0000] {logging_mixin.py:150} INFO - [2023-08-07T12:28:54.390+0000] {dag.py:3508} INFO - Setting next_dagrun for AA_first_dag_v3 to 2023-08-07T00:00:00+00:00, run_after=2023-08-08T00:00:00+00:00
[2023-08-07T12:28:54.514+0000] {processor.py:179} INFO - Processing /opt/airflow/dags/first_dag.py took 0.639 seconds
[2023-08-07T12:29:24.886+0000] {processor.py:157} INFO - Started process (PID=506) to work on /opt/airflow/dags/first_dag.py
[2023-08-07T12:29:24.891+0000] {processor.py:826} INFO - Processing file /opt/airflow/dags/first_dag.py for tasks to queue
[2023-08-07T12:29:24.894+0000] {logging_mixin.py:150} INFO - [2023-08-07T12:29:24.894+0000] {dagbag.py:541} INFO - Filling up the DagBag from /opt/airflow/dags/first_dag.py
[2023-08-07T12:29:24.940+0000] {processor.py:836} INFO - DAG(s) dict_keys(['AA_first_dag_v3']) retrieved from /opt/airflow/dags/first_dag.py
[2023-08-07T12:29:25.017+0000] {logging_mixin.py:150} INFO - [2023-08-07T12:29:25.017+0000] {dag.py:2742} INFO - Sync 1 DAGs
[2023-08-07T12:29:25.088+0000] {logging_mixin.py:150} INFO - [2023-08-07T12:29:25.088+0000] {dag.py:3508} INFO - Setting next_dagrun for AA_first_dag_v3 to 2023-08-07T00:00:00+00:00, run_after=2023-08-08T00:00:00+00:00
[2023-08-07T12:29:25.149+0000] {processor.py:179} INFO - Processing /opt/airflow/dags/first_dag.py took 0.274 seconds
[2023-08-07T12:29:38.211+0000] {processor.py:157} INFO - Started process (PID=517) to work on /opt/airflow/dags/first_dag.py
[2023-08-07T12:29:38.219+0000] {processor.py:826} INFO - Processing file /opt/airflow/dags/first_dag.py for tasks to queue
[2023-08-07T12:29:38.224+0000] {logging_mixin.py:150} INFO - [2023-08-07T12:29:38.223+0000] {dagbag.py:541} INFO - Filling up the DagBag from /opt/airflow/dags/first_dag.py
[2023-08-07T12:29:38.328+0000] {processor.py:836} INFO - DAG(s) dict_keys(['AA_first_dag_v3']) retrieved from /opt/airflow/dags/first_dag.py
[2023-08-07T12:29:38.451+0000] {logging_mixin.py:150} INFO - [2023-08-07T12:29:38.451+0000] {dag.py:2742} INFO - Sync 1 DAGs
[2023-08-07T12:29:38.513+0000] {logging_mixin.py:150} INFO - [2023-08-07T12:29:38.513+0000] {dag.py:3508} INFO - Setting next_dagrun for AA_first_dag_v3 to 2023-08-07T00:00:00+00:00, run_after=2023-08-08T00:00:00+00:00
[2023-08-07T12:29:38.573+0000] {processor.py:179} INFO - Processing /opt/airflow/dags/first_dag.py took 0.378 seconds
[2023-08-07T12:30:08.796+0000] {processor.py:157} INFO - Started process (PID=529) to work on /opt/airflow/dags/first_dag.py
[2023-08-07T12:30:08.806+0000] {processor.py:826} INFO - Processing file /opt/airflow/dags/first_dag.py for tasks to queue
[2023-08-07T12:30:08.811+0000] {logging_mixin.py:150} INFO - [2023-08-07T12:30:08.811+0000] {dagbag.py:541} INFO - Filling up the DagBag from /opt/airflow/dags/first_dag.py
[2023-08-07T12:30:08.877+0000] {processor.py:836} INFO - DAG(s) dict_keys(['AA_first_dag_v3']) retrieved from /opt/airflow/dags/first_dag.py
[2023-08-07T12:30:08.966+0000] {logging_mixin.py:150} INFO - [2023-08-07T12:30:08.965+0000] {dag.py:2742} INFO - Sync 1 DAGs
[2023-08-07T12:30:09.082+0000] {logging_mixin.py:150} INFO - [2023-08-07T12:30:09.081+0000] {dag.py:3508} INFO - Setting next_dagrun for AA_first_dag_v3 to 2023-08-07T00:00:00+00:00, run_after=2023-08-08T00:00:00+00:00
[2023-08-07T12:30:09.144+0000] {processor.py:179} INFO - Processing /opt/airflow/dags/first_dag.py took 0.364 seconds
[2023-08-07T12:30:39.254+0000] {processor.py:157} INFO - Started process (PID=542) to work on /opt/airflow/dags/first_dag.py
[2023-08-07T12:30:39.257+0000] {processor.py:826} INFO - Processing file /opt/airflow/dags/first_dag.py for tasks to queue
[2023-08-07T12:30:39.261+0000] {logging_mixin.py:150} INFO - [2023-08-07T12:30:39.260+0000] {dagbag.py:541} INFO - Filling up the DagBag from /opt/airflow/dags/first_dag.py
[2023-08-07T12:30:39.298+0000] {processor.py:836} INFO - DAG(s) dict_keys(['AA_first_dag_v3']) retrieved from /opt/airflow/dags/first_dag.py
[2023-08-07T12:30:39.380+0000] {logging_mixin.py:150} INFO - [2023-08-07T12:30:39.380+0000] {dag.py:2742} INFO - Sync 1 DAGs
[2023-08-07T12:30:39.440+0000] {logging_mixin.py:150} INFO - [2023-08-07T12:30:39.439+0000] {dag.py:3508} INFO - Setting next_dagrun for AA_first_dag_v3 to 2023-08-07T00:00:00+00:00, run_after=2023-08-08T00:00:00+00:00
[2023-08-07T12:30:39.490+0000] {processor.py:179} INFO - Processing /opt/airflow/dags/first_dag.py took 0.244 seconds
