[2023-08-06T15:43:03.268+0200] {processor.py:157} INFO - Started process (PID=2888) to work on /Users/felipe.vasconcelos/repos/courses/python-learnings/airflow/dags/first_dag.py
[2023-08-06T15:43:03.274+0200] {processor.py:826} INFO - Processing file /Users/felipe.vasconcelos/repos/courses/python-learnings/airflow/dags/first_dag.py for tasks to queue
[2023-08-06T15:43:03.274+0200] {logging_mixin.py:150} INFO - [2023-08-06T15:43:03.274+0200] {dagbag.py:541} INFO - Filling up the DagBag from /Users/felipe.vasconcelos/repos/courses/python-learnings/airflow/dags/first_dag.py
[2023-08-06T15:43:03.308+0200] {processor.py:836} INFO - DAG(s) dict_keys(['AA_first_dag']) retrieved from /Users/felipe.vasconcelos/repos/courses/python-learnings/airflow/dags/first_dag.py
[2023-08-06T15:43:04.315+0200] {logging_mixin.py:150} INFO - [2023-08-06T15:43:04.314+0200] {manager.py:504} INFO - Created Permission View: can delete on DAG:AA_first_dag
[2023-08-06T15:43:04.333+0200] {logging_mixin.py:150} INFO - [2023-08-06T15:43:04.333+0200] {manager.py:504} INFO - Created Permission View: can edit on DAG:AA_first_dag
[2023-08-06T15:43:04.376+0200] {logging_mixin.py:150} INFO - [2023-08-06T15:43:04.376+0200] {manager.py:504} INFO - Created Permission View: can read on DAG:AA_first_dag
[2023-08-06T15:43:04.447+0200] {logging_mixin.py:150} INFO - [2023-08-06T15:43:04.446+0200] {dag.py:2742} INFO - Sync 1 DAGs
[2023-08-06T15:43:04.483+0200] {logging_mixin.py:150} INFO - [2023-08-06T15:43:04.483+0200] {dag.py:2763} INFO - Creating ORM DAG for AA_first_dag
[2023-08-06T15:43:04.511+0200] {logging_mixin.py:150} INFO - [2023-08-06T15:43:04.511+0200] {dag.py:3504} INFO - Setting next_dagrun for AA_first_dag to 2023-08-07T00:00:00+00:00, run_after=2023-08-08T00:00:00+00:00
[2023-08-06T15:43:04.549+0200] {processor.py:179} INFO - Processing /Users/felipe.vasconcelos/repos/courses/python-learnings/airflow/dags/first_dag.py took 1.282 seconds
[2023-08-06T15:44:37.336+0200] {processor.py:157} INFO - Started process (PID=3059) to work on /Users/felipe.vasconcelos/repos/courses/python-learnings/airflow/dags/first_dag.py
[2023-08-06T15:44:37.341+0200] {processor.py:826} INFO - Processing file /Users/felipe.vasconcelos/repos/courses/python-learnings/airflow/dags/first_dag.py for tasks to queue
[2023-08-06T15:44:37.342+0200] {logging_mixin.py:150} INFO - [2023-08-06T15:44:37.342+0200] {dagbag.py:541} INFO - Filling up the DagBag from /Users/felipe.vasconcelos/repos/courses/python-learnings/airflow/dags/first_dag.py
[2023-08-06T15:44:37.368+0200] {processor.py:836} INFO - DAG(s) dict_keys(['AA_first_dag']) retrieved from /Users/felipe.vasconcelos/repos/courses/python-learnings/airflow/dags/first_dag.py
[2023-08-06T15:44:38.055+0200] {logging_mixin.py:150} INFO - [2023-08-06T15:44:38.055+0200] {dag.py:2742} INFO - Sync 1 DAGs
[2023-08-06T15:44:38.073+0200] {logging_mixin.py:150} INFO - [2023-08-06T15:44:38.073+0200] {dag.py:3504} INFO - Setting next_dagrun for AA_first_dag to 2023-08-07T00:00:00+00:00, run_after=2023-08-08T00:00:00+00:00
[2023-08-06T15:44:38.093+0200] {processor.py:179} INFO - Processing /Users/felipe.vasconcelos/repos/courses/python-learnings/airflow/dags/first_dag.py took 0.758 seconds
[2023-08-06T15:45:10.114+0200] {processor.py:157} INFO - Started process (PID=3084) to work on /Users/felipe.vasconcelos/repos/courses/python-learnings/airflow/dags/first_dag.py
[2023-08-06T15:45:10.119+0200] {processor.py:826} INFO - Processing file /Users/felipe.vasconcelos/repos/courses/python-learnings/airflow/dags/first_dag.py for tasks to queue
[2023-08-06T15:45:10.120+0200] {logging_mixin.py:150} INFO - [2023-08-06T15:45:10.120+0200] {dagbag.py:541} INFO - Filling up the DagBag from /Users/felipe.vasconcelos/repos/courses/python-learnings/airflow/dags/first_dag.py
[2023-08-06T15:45:10.147+0200] {processor.py:836} INFO - DAG(s) dict_keys(['AA_first_dag']) retrieved from /Users/felipe.vasconcelos/repos/courses/python-learnings/airflow/dags/first_dag.py
[2023-08-06T15:45:10.851+0200] {logging_mixin.py:150} INFO - [2023-08-06T15:45:10.851+0200] {dag.py:2742} INFO - Sync 1 DAGs
[2023-08-06T15:45:10.871+0200] {logging_mixin.py:150} INFO - [2023-08-06T15:45:10.870+0200] {dag.py:3504} INFO - Setting next_dagrun for AA_first_dag to 2023-08-07T00:00:00+00:00, run_after=2023-08-08T00:00:00+00:00
[2023-08-06T15:45:10.890+0200] {processor.py:179} INFO - Processing /Users/felipe.vasconcelos/repos/courses/python-learnings/airflow/dags/first_dag.py took 0.779 seconds
