[2023-08-05T10:39:46.840+0200] {processor.py:157} INFO - Started process (PID=82597) to work on /Users/felipe.vasconcelos/repos/courses/python-learnings/.venv/lib/python3.10/site-packages/airflow/example_dags/example_short_circuit_decorator.py
[2023-08-05T10:39:46.846+0200] {processor.py:826} INFO - Processing file /Users/felipe.vasconcelos/repos/courses/python-learnings/.venv/lib/python3.10/site-packages/airflow/example_dags/example_short_circuit_decorator.py for tasks to queue
[2023-08-05T10:39:46.846+0200] {logging_mixin.py:150} INFO - [2023-08-05T10:39:46.846+0200] {dagbag.py:541} INFO - Filling up the DagBag from /Users/felipe.vasconcelos/repos/courses/python-learnings/.venv/lib/python3.10/site-packages/airflow/example_dags/example_short_circuit_decorator.py
[2023-08-05T10:39:46.911+0200] {processor.py:836} INFO - DAG(s) dict_keys(['example_short_circuit_decorator']) retrieved from /Users/felipe.vasconcelos/repos/courses/python-learnings/.venv/lib/python3.10/site-packages/airflow/example_dags/example_short_circuit_decorator.py
[2023-08-05T10:39:47.781+0200] {logging_mixin.py:150} INFO - [2023-08-05T10:39:47.780+0200] {manager.py:504} INFO - Created Permission View: can edit on DAG:example_short_circuit_decorator
[2023-08-05T10:39:47.792+0200] {logging_mixin.py:150} INFO - [2023-08-05T10:39:47.791+0200] {manager.py:504} INFO - Created Permission View: can delete on DAG:example_short_circuit_decorator
[2023-08-05T10:39:47.799+0200] {logging_mixin.py:150} INFO - [2023-08-05T10:39:47.799+0200] {manager.py:504} INFO - Created Permission View: can read on DAG:example_short_circuit_decorator
[2023-08-05T10:39:47.812+0200] {logging_mixin.py:150} INFO - [2023-08-05T10:39:47.811+0200] {dag.py:2742} INFO - Sync 1 DAGs
[2023-08-05T10:39:47.821+0200] {logging_mixin.py:150} INFO - [2023-08-05T10:39:47.821+0200] {dag.py:2763} INFO - Creating ORM DAG for example_short_circuit_decorator
[2023-08-05T10:39:47.830+0200] {logging_mixin.py:150} INFO - [2023-08-05T10:39:47.830+0200] {dag.py:3504} INFO - Setting next_dagrun for example_short_circuit_decorator to 2023-08-04T08:39:47.829985+00:00, run_after=2023-08-05T08:39:47.829985+00:00
[2023-08-05T10:39:47.849+0200] {processor.py:179} INFO - Processing /Users/felipe.vasconcelos/repos/courses/python-learnings/.venv/lib/python3.10/site-packages/airflow/example_dags/example_short_circuit_decorator.py took 1.010 seconds
[2023-08-05T10:42:53.551+0200] {processor.py:157} INFO - Started process (PID=82675) to work on /Users/felipe.vasconcelos/repos/courses/python-learnings/.venv/lib/python3.10/site-packages/airflow/example_dags/example_short_circuit_decorator.py
[2023-08-05T10:42:53.557+0200] {processor.py:826} INFO - Processing file /Users/felipe.vasconcelos/repos/courses/python-learnings/.venv/lib/python3.10/site-packages/airflow/example_dags/example_short_circuit_decorator.py for tasks to queue
[2023-08-05T10:42:53.558+0200] {logging_mixin.py:150} INFO - [2023-08-05T10:42:53.558+0200] {dagbag.py:541} INFO - Filling up the DagBag from /Users/felipe.vasconcelos/repos/courses/python-learnings/.venv/lib/python3.10/site-packages/airflow/example_dags/example_short_circuit_decorator.py
[2023-08-05T10:42:53.669+0200] {processor.py:836} INFO - DAG(s) dict_keys(['example_short_circuit_decorator']) retrieved from /Users/felipe.vasconcelos/repos/courses/python-learnings/.venv/lib/python3.10/site-packages/airflow/example_dags/example_short_circuit_decorator.py
[2023-08-05T10:42:56.164+0200] {logging_mixin.py:150} INFO - [2023-08-05T10:42:56.161+0200] {dag.py:2742} INFO - Sync 1 DAGs
[2023-08-05T10:42:56.315+0200] {logging_mixin.py:150} INFO - [2023-08-05T10:42:56.315+0200] {dag.py:3504} INFO - Setting next_dagrun for example_short_circuit_decorator to 2023-08-04T08:42:56.314592+00:00, run_after=2023-08-05T08:42:56.314592+00:00
[2023-08-05T10:42:56.544+0200] {processor.py:179} INFO - Processing /Users/felipe.vasconcelos/repos/courses/python-learnings/.venv/lib/python3.10/site-packages/airflow/example_dags/example_short_circuit_decorator.py took 2.995 seconds
[2023-08-05T10:46:37.358+0200] {processor.py:157} INFO - Started process (PID=82822) to work on /Users/felipe.vasconcelos/repos/courses/python-learnings/.venv/lib/python3.10/site-packages/airflow/example_dags/example_short_circuit_decorator.py
[2023-08-05T10:46:37.365+0200] {processor.py:826} INFO - Processing file /Users/felipe.vasconcelos/repos/courses/python-learnings/.venv/lib/python3.10/site-packages/airflow/example_dags/example_short_circuit_decorator.py for tasks to queue
[2023-08-05T10:46:37.366+0200] {logging_mixin.py:150} INFO - [2023-08-05T10:46:37.366+0200] {dagbag.py:541} INFO - Filling up the DagBag from /Users/felipe.vasconcelos/repos/courses/python-learnings/.venv/lib/python3.10/site-packages/airflow/example_dags/example_short_circuit_decorator.py
[2023-08-05T10:46:37.455+0200] {processor.py:836} INFO - DAG(s) dict_keys(['example_short_circuit_decorator']) retrieved from /Users/felipe.vasconcelos/repos/courses/python-learnings/.venv/lib/python3.10/site-packages/airflow/example_dags/example_short_circuit_decorator.py
[2023-08-05T10:46:38.682+0200] {logging_mixin.py:150} INFO - [2023-08-05T10:46:38.682+0200] {dag.py:2742} INFO - Sync 1 DAGs
[2023-08-05T10:46:38.714+0200] {logging_mixin.py:150} INFO - [2023-08-05T10:46:38.714+0200] {dag.py:3504} INFO - Setting next_dagrun for example_short_circuit_decorator to 2023-08-04T08:46:38.714575+00:00, run_after=2023-08-05T08:46:38.714575+00:00
[2023-08-05T10:46:38.756+0200] {processor.py:179} INFO - Processing /Users/felipe.vasconcelos/repos/courses/python-learnings/.venv/lib/python3.10/site-packages/airflow/example_dags/example_short_circuit_decorator.py took 1.399 seconds
[2023-08-05T10:48:53.525+0200] {processor.py:157} INFO - Started process (PID=82880) to work on /Users/felipe.vasconcelos/repos/courses/python-learnings/.venv/lib/python3.10/site-packages/airflow/example_dags/example_short_circuit_decorator.py
[2023-08-05T10:48:53.531+0200] {processor.py:826} INFO - Processing file /Users/felipe.vasconcelos/repos/courses/python-learnings/.venv/lib/python3.10/site-packages/airflow/example_dags/example_short_circuit_decorator.py for tasks to queue
[2023-08-05T10:48:53.532+0200] {logging_mixin.py:150} INFO - [2023-08-05T10:48:53.532+0200] {dagbag.py:541} INFO - Filling up the DagBag from /Users/felipe.vasconcelos/repos/courses/python-learnings/.venv/lib/python3.10/site-packages/airflow/example_dags/example_short_circuit_decorator.py
[2023-08-05T10:48:53.604+0200] {processor.py:836} INFO - DAG(s) dict_keys(['example_short_circuit_decorator']) retrieved from /Users/felipe.vasconcelos/repos/courses/python-learnings/.venv/lib/python3.10/site-packages/airflow/example_dags/example_short_circuit_decorator.py
[2023-08-05T10:48:54.502+0200] {logging_mixin.py:150} INFO - [2023-08-05T10:48:54.502+0200] {dag.py:2742} INFO - Sync 1 DAGs
[2023-08-05T10:48:54.520+0200] {logging_mixin.py:150} INFO - [2023-08-05T10:48:54.520+0200] {dag.py:3504} INFO - Setting next_dagrun for example_short_circuit_decorator to 2023-08-04T08:48:54.520368+00:00, run_after=2023-08-05T08:48:54.520368+00:00
[2023-08-05T10:48:54.547+0200] {processor.py:179} INFO - Processing /Users/felipe.vasconcelos/repos/courses/python-learnings/.venv/lib/python3.10/site-packages/airflow/example_dags/example_short_circuit_decorator.py took 1.023 seconds
[2023-08-05T10:51:15.471+0200] {processor.py:157} INFO - Started process (PID=82953) to work on /Users/felipe.vasconcelos/repos/courses/python-learnings/.venv/lib/python3.10/site-packages/airflow/example_dags/example_short_circuit_decorator.py
[2023-08-05T10:51:15.478+0200] {processor.py:826} INFO - Processing file /Users/felipe.vasconcelos/repos/courses/python-learnings/.venv/lib/python3.10/site-packages/airflow/example_dags/example_short_circuit_decorator.py for tasks to queue
[2023-08-05T10:51:15.479+0200] {logging_mixin.py:150} INFO - [2023-08-05T10:51:15.478+0200] {dagbag.py:541} INFO - Filling up the DagBag from /Users/felipe.vasconcelos/repos/courses/python-learnings/.venv/lib/python3.10/site-packages/airflow/example_dags/example_short_circuit_decorator.py
[2023-08-05T10:51:15.539+0200] {processor.py:836} INFO - DAG(s) dict_keys(['example_short_circuit_decorator']) retrieved from /Users/felipe.vasconcelos/repos/courses/python-learnings/.venv/lib/python3.10/site-packages/airflow/example_dags/example_short_circuit_decorator.py
[2023-08-05T10:51:16.234+0200] {logging_mixin.py:150} INFO - [2023-08-05T10:51:16.234+0200] {dag.py:2742} INFO - Sync 1 DAGs
[2023-08-05T10:51:16.257+0200] {logging_mixin.py:150} INFO - [2023-08-05T10:51:16.257+0200] {dag.py:3504} INFO - Setting next_dagrun for example_short_circuit_decorator to 2023-08-04T08:51:16.256937+00:00, run_after=2023-08-05T08:51:16.256937+00:00
[2023-08-05T10:51:16.282+0200] {processor.py:179} INFO - Processing /Users/felipe.vasconcelos/repos/courses/python-learnings/.venv/lib/python3.10/site-packages/airflow/example_dags/example_short_circuit_decorator.py took 0.812 seconds
[2023-08-05T10:53:29.166+0200] {processor.py:157} INFO - Started process (PID=83008) to work on /Users/felipe.vasconcelos/repos/courses/python-learnings/.venv/lib/python3.10/site-packages/airflow/example_dags/example_short_circuit_decorator.py
[2023-08-05T10:53:29.172+0200] {processor.py:826} INFO - Processing file /Users/felipe.vasconcelos/repos/courses/python-learnings/.venv/lib/python3.10/site-packages/airflow/example_dags/example_short_circuit_decorator.py for tasks to queue
[2023-08-05T10:53:29.173+0200] {logging_mixin.py:150} INFO - [2023-08-05T10:53:29.173+0200] {dagbag.py:541} INFO - Filling up the DagBag from /Users/felipe.vasconcelos/repos/courses/python-learnings/.venv/lib/python3.10/site-packages/airflow/example_dags/example_short_circuit_decorator.py
[2023-08-05T10:53:29.234+0200] {processor.py:836} INFO - DAG(s) dict_keys(['example_short_circuit_decorator']) retrieved from /Users/felipe.vasconcelos/repos/courses/python-learnings/.venv/lib/python3.10/site-packages/airflow/example_dags/example_short_circuit_decorator.py
[2023-08-05T10:53:29.911+0200] {logging_mixin.py:150} INFO - [2023-08-05T10:53:29.911+0200] {dag.py:2742} INFO - Sync 1 DAGs
[2023-08-05T10:53:29.930+0200] {logging_mixin.py:150} INFO - [2023-08-05T10:53:29.930+0200] {dag.py:3504} INFO - Setting next_dagrun for example_short_circuit_decorator to 2023-08-04T08:53:29.929948+00:00, run_after=2023-08-05T08:53:29.929948+00:00
[2023-08-05T10:53:29.950+0200] {processor.py:179} INFO - Processing /Users/felipe.vasconcelos/repos/courses/python-learnings/.venv/lib/python3.10/site-packages/airflow/example_dags/example_short_circuit_decorator.py took 0.785 seconds
[2023-08-05T10:55:44.617+0200] {processor.py:157} INFO - Started process (PID=83072) to work on /Users/felipe.vasconcelos/repos/courses/python-learnings/.venv/lib/python3.10/site-packages/airflow/example_dags/example_short_circuit_decorator.py
[2023-08-05T10:55:44.624+0200] {processor.py:826} INFO - Processing file /Users/felipe.vasconcelos/repos/courses/python-learnings/.venv/lib/python3.10/site-packages/airflow/example_dags/example_short_circuit_decorator.py for tasks to queue
[2023-08-05T10:55:44.625+0200] {logging_mixin.py:150} INFO - [2023-08-05T10:55:44.625+0200] {dagbag.py:541} INFO - Filling up the DagBag from /Users/felipe.vasconcelos/repos/courses/python-learnings/.venv/lib/python3.10/site-packages/airflow/example_dags/example_short_circuit_decorator.py
[2023-08-05T10:55:44.702+0200] {processor.py:836} INFO - DAG(s) dict_keys(['example_short_circuit_decorator']) retrieved from /Users/felipe.vasconcelos/repos/courses/python-learnings/.venv/lib/python3.10/site-packages/airflow/example_dags/example_short_circuit_decorator.py
[2023-08-05T10:55:45.553+0200] {logging_mixin.py:150} INFO - [2023-08-05T10:55:45.553+0200] {dag.py:2742} INFO - Sync 1 DAGs
[2023-08-05T10:55:45.571+0200] {logging_mixin.py:150} INFO - [2023-08-05T10:55:45.570+0200] {dag.py:3504} INFO - Setting next_dagrun for example_short_circuit_decorator to 2023-08-04T08:55:45.570717+00:00, run_after=2023-08-05T08:55:45.570717+00:00
[2023-08-05T10:55:45.592+0200] {processor.py:179} INFO - Processing /Users/felipe.vasconcelos/repos/courses/python-learnings/.venv/lib/python3.10/site-packages/airflow/example_dags/example_short_circuit_decorator.py took 0.975 seconds
[2023-08-05T10:57:50.276+0200] {processor.py:157} INFO - Started process (PID=83137) to work on /Users/felipe.vasconcelos/repos/courses/python-learnings/.venv/lib/python3.10/site-packages/airflow/example_dags/example_short_circuit_decorator.py
[2023-08-05T10:57:50.282+0200] {processor.py:826} INFO - Processing file /Users/felipe.vasconcelos/repos/courses/python-learnings/.venv/lib/python3.10/site-packages/airflow/example_dags/example_short_circuit_decorator.py for tasks to queue
[2023-08-05T10:57:50.283+0200] {logging_mixin.py:150} INFO - [2023-08-05T10:57:50.283+0200] {dagbag.py:541} INFO - Filling up the DagBag from /Users/felipe.vasconcelos/repos/courses/python-learnings/.venv/lib/python3.10/site-packages/airflow/example_dags/example_short_circuit_decorator.py
[2023-08-05T10:57:50.341+0200] {processor.py:836} INFO - DAG(s) dict_keys(['example_short_circuit_decorator']) retrieved from /Users/felipe.vasconcelos/repos/courses/python-learnings/.venv/lib/python3.10/site-packages/airflow/example_dags/example_short_circuit_decorator.py
[2023-08-05T10:57:51.066+0200] {logging_mixin.py:150} INFO - [2023-08-05T10:57:51.066+0200] {dag.py:2742} INFO - Sync 1 DAGs
[2023-08-05T10:57:51.083+0200] {logging_mixin.py:150} INFO - [2023-08-05T10:57:51.083+0200] {dag.py:3504} INFO - Setting next_dagrun for example_short_circuit_decorator to 2023-08-04T08:57:51.083649+00:00, run_after=2023-08-05T08:57:51.083649+00:00
[2023-08-05T10:57:51.105+0200] {processor.py:179} INFO - Processing /Users/felipe.vasconcelos/repos/courses/python-learnings/.venv/lib/python3.10/site-packages/airflow/example_dags/example_short_circuit_decorator.py took 0.830 seconds
[2023-08-05T11:12:15.099+0200] {processor.py:157} INFO - Started process (PID=83267) to work on /Users/felipe.vasconcelos/repos/courses/python-learnings/.venv/lib/python3.10/site-packages/airflow/example_dags/example_short_circuit_decorator.py
[2023-08-05T11:12:15.105+0200] {processor.py:826} INFO - Processing file /Users/felipe.vasconcelos/repos/courses/python-learnings/.venv/lib/python3.10/site-packages/airflow/example_dags/example_short_circuit_decorator.py for tasks to queue
[2023-08-05T11:12:15.106+0200] {logging_mixin.py:150} INFO - [2023-08-05T11:12:15.106+0200] {dagbag.py:541} INFO - Filling up the DagBag from /Users/felipe.vasconcelos/repos/courses/python-learnings/.venv/lib/python3.10/site-packages/airflow/example_dags/example_short_circuit_decorator.py
[2023-08-05T11:12:15.171+0200] {processor.py:836} INFO - DAG(s) dict_keys(['example_short_circuit_decorator']) retrieved from /Users/felipe.vasconcelos/repos/courses/python-learnings/.venv/lib/python3.10/site-packages/airflow/example_dags/example_short_circuit_decorator.py
[2023-08-05T11:12:15.889+0200] {logging_mixin.py:150} INFO - [2023-08-05T11:12:15.889+0200] {dag.py:2742} INFO - Sync 1 DAGs
[2023-08-05T11:12:15.906+0200] {logging_mixin.py:150} INFO - [2023-08-05T11:12:15.906+0200] {dag.py:3504} INFO - Setting next_dagrun for example_short_circuit_decorator to 2023-08-04T09:12:15.906639+00:00, run_after=2023-08-05T09:12:15.906639+00:00
[2023-08-05T11:12:15.927+0200] {processor.py:179} INFO - Processing /Users/felipe.vasconcelos/repos/courses/python-learnings/.venv/lib/python3.10/site-packages/airflow/example_dags/example_short_circuit_decorator.py took 0.829 seconds
[2023-08-05T11:14:33.299+0200] {processor.py:157} INFO - Started process (PID=83333) to work on /Users/felipe.vasconcelos/repos/courses/python-learnings/.venv/lib/python3.10/site-packages/airflow/example_dags/example_short_circuit_decorator.py
[2023-08-05T11:14:33.307+0200] {processor.py:826} INFO - Processing file /Users/felipe.vasconcelos/repos/courses/python-learnings/.venv/lib/python3.10/site-packages/airflow/example_dags/example_short_circuit_decorator.py for tasks to queue
[2023-08-05T11:14:33.308+0200] {logging_mixin.py:150} INFO - [2023-08-05T11:14:33.308+0200] {dagbag.py:541} INFO - Filling up the DagBag from /Users/felipe.vasconcelos/repos/courses/python-learnings/.venv/lib/python3.10/site-packages/airflow/example_dags/example_short_circuit_decorator.py
[2023-08-05T11:14:33.374+0200] {processor.py:836} INFO - DAG(s) dict_keys(['example_short_circuit_decorator']) retrieved from /Users/felipe.vasconcelos/repos/courses/python-learnings/.venv/lib/python3.10/site-packages/airflow/example_dags/example_short_circuit_decorator.py
[2023-08-05T11:14:34.141+0200] {logging_mixin.py:150} INFO - [2023-08-05T11:14:34.140+0200] {dag.py:2742} INFO - Sync 1 DAGs
[2023-08-05T11:14:34.161+0200] {logging_mixin.py:150} INFO - [2023-08-05T11:14:34.161+0200] {dag.py:3504} INFO - Setting next_dagrun for example_short_circuit_decorator to 2023-08-04T09:14:34.161449+00:00, run_after=2023-08-05T09:14:34.161449+00:00
[2023-08-05T11:14:34.181+0200] {processor.py:179} INFO - Processing /Users/felipe.vasconcelos/repos/courses/python-learnings/.venv/lib/python3.10/site-packages/airflow/example_dags/example_short_circuit_decorator.py took 0.883 seconds
[2023-08-05T11:16:36.510+0200] {processor.py:157} INFO - Started process (PID=83389) to work on /Users/felipe.vasconcelos/repos/courses/python-learnings/.venv/lib/python3.10/site-packages/airflow/example_dags/example_short_circuit_decorator.py
[2023-08-05T11:16:36.516+0200] {processor.py:826} INFO - Processing file /Users/felipe.vasconcelos/repos/courses/python-learnings/.venv/lib/python3.10/site-packages/airflow/example_dags/example_short_circuit_decorator.py for tasks to queue
[2023-08-05T11:16:36.516+0200] {logging_mixin.py:150} INFO - [2023-08-05T11:16:36.516+0200] {dagbag.py:541} INFO - Filling up the DagBag from /Users/felipe.vasconcelos/repos/courses/python-learnings/.venv/lib/python3.10/site-packages/airflow/example_dags/example_short_circuit_decorator.py
[2023-08-05T11:16:36.586+0200] {processor.py:836} INFO - DAG(s) dict_keys(['example_short_circuit_decorator']) retrieved from /Users/felipe.vasconcelos/repos/courses/python-learnings/.venv/lib/python3.10/site-packages/airflow/example_dags/example_short_circuit_decorator.py
[2023-08-05T11:16:37.423+0200] {logging_mixin.py:150} INFO - [2023-08-05T11:16:37.422+0200] {dag.py:2742} INFO - Sync 1 DAGs
[2023-08-05T11:16:37.443+0200] {logging_mixin.py:150} INFO - [2023-08-05T11:16:37.443+0200] {dag.py:3504} INFO - Setting next_dagrun for example_short_circuit_decorator to 2023-08-04T09:16:37.443250+00:00, run_after=2023-08-05T09:16:37.443250+00:00
[2023-08-05T11:16:37.465+0200] {processor.py:179} INFO - Processing /Users/felipe.vasconcelos/repos/courses/python-learnings/.venv/lib/python3.10/site-packages/airflow/example_dags/example_short_circuit_decorator.py took 0.956 seconds
[2023-08-05T11:18:44.936+0200] {processor.py:157} INFO - Started process (PID=83453) to work on /Users/felipe.vasconcelos/repos/courses/python-learnings/.venv/lib/python3.10/site-packages/airflow/example_dags/example_short_circuit_decorator.py
[2023-08-05T11:18:44.943+0200] {processor.py:826} INFO - Processing file /Users/felipe.vasconcelos/repos/courses/python-learnings/.venv/lib/python3.10/site-packages/airflow/example_dags/example_short_circuit_decorator.py for tasks to queue
[2023-08-05T11:18:44.944+0200] {logging_mixin.py:150} INFO - [2023-08-05T11:18:44.943+0200] {dagbag.py:541} INFO - Filling up the DagBag from /Users/felipe.vasconcelos/repos/courses/python-learnings/.venv/lib/python3.10/site-packages/airflow/example_dags/example_short_circuit_decorator.py
[2023-08-05T11:18:45.012+0200] {processor.py:836} INFO - DAG(s) dict_keys(['example_short_circuit_decorator']) retrieved from /Users/felipe.vasconcelos/repos/courses/python-learnings/.venv/lib/python3.10/site-packages/airflow/example_dags/example_short_circuit_decorator.py
[2023-08-05T11:18:45.783+0200] {logging_mixin.py:150} INFO - [2023-08-05T11:18:45.782+0200] {dag.py:2742} INFO - Sync 1 DAGs
[2023-08-05T11:18:45.803+0200] {logging_mixin.py:150} INFO - [2023-08-05T11:18:45.803+0200] {dag.py:3504} INFO - Setting next_dagrun for example_short_circuit_decorator to 2023-08-04T09:18:45.803152+00:00, run_after=2023-08-05T09:18:45.803152+00:00
[2023-08-05T11:18:45.823+0200] {processor.py:179} INFO - Processing /Users/felipe.vasconcelos/repos/courses/python-learnings/.venv/lib/python3.10/site-packages/airflow/example_dags/example_short_circuit_decorator.py took 0.888 seconds
[2023-08-05T11:20:54.693+0200] {processor.py:157} INFO - Started process (PID=83507) to work on /Users/felipe.vasconcelos/repos/courses/python-learnings/.venv/lib/python3.10/site-packages/airflow/example_dags/example_short_circuit_decorator.py
[2023-08-05T11:20:54.699+0200] {processor.py:826} INFO - Processing file /Users/felipe.vasconcelos/repos/courses/python-learnings/.venv/lib/python3.10/site-packages/airflow/example_dags/example_short_circuit_decorator.py for tasks to queue
[2023-08-05T11:20:54.700+0200] {logging_mixin.py:150} INFO - [2023-08-05T11:20:54.700+0200] {dagbag.py:541} INFO - Filling up the DagBag from /Users/felipe.vasconcelos/repos/courses/python-learnings/.venv/lib/python3.10/site-packages/airflow/example_dags/example_short_circuit_decorator.py
[2023-08-05T11:20:54.758+0200] {processor.py:836} INFO - DAG(s) dict_keys(['example_short_circuit_decorator']) retrieved from /Users/felipe.vasconcelos/repos/courses/python-learnings/.venv/lib/python3.10/site-packages/airflow/example_dags/example_short_circuit_decorator.py
[2023-08-05T11:20:55.465+0200] {logging_mixin.py:150} INFO - [2023-08-05T11:20:55.464+0200] {dag.py:2742} INFO - Sync 1 DAGs
[2023-08-05T11:20:55.483+0200] {logging_mixin.py:150} INFO - [2023-08-05T11:20:55.483+0200] {dag.py:3504} INFO - Setting next_dagrun for example_short_circuit_decorator to 2023-08-04T09:20:55.483550+00:00, run_after=2023-08-05T09:20:55.483550+00:00
[2023-08-05T11:20:55.503+0200] {processor.py:179} INFO - Processing /Users/felipe.vasconcelos/repos/courses/python-learnings/.venv/lib/python3.10/site-packages/airflow/example_dags/example_short_circuit_decorator.py took 0.811 seconds
[2023-08-05T11:23:27.729+0200] {processor.py:157} INFO - Started process (PID=83581) to work on /Users/felipe.vasconcelos/repos/courses/python-learnings/.venv/lib/python3.10/site-packages/airflow/example_dags/example_short_circuit_decorator.py
[2023-08-05T11:23:27.735+0200] {processor.py:826} INFO - Processing file /Users/felipe.vasconcelos/repos/courses/python-learnings/.venv/lib/python3.10/site-packages/airflow/example_dags/example_short_circuit_decorator.py for tasks to queue
[2023-08-05T11:23:27.736+0200] {logging_mixin.py:150} INFO - [2023-08-05T11:23:27.736+0200] {dagbag.py:541} INFO - Filling up the DagBag from /Users/felipe.vasconcelos/repos/courses/python-learnings/.venv/lib/python3.10/site-packages/airflow/example_dags/example_short_circuit_decorator.py
[2023-08-05T11:23:27.811+0200] {processor.py:836} INFO - DAG(s) dict_keys(['example_short_circuit_decorator']) retrieved from /Users/felipe.vasconcelos/repos/courses/python-learnings/.venv/lib/python3.10/site-packages/airflow/example_dags/example_short_circuit_decorator.py
[2023-08-05T11:23:28.569+0200] {logging_mixin.py:150} INFO - [2023-08-05T11:23:28.569+0200] {dag.py:2742} INFO - Sync 1 DAGs
[2023-08-05T11:23:28.588+0200] {logging_mixin.py:150} INFO - [2023-08-05T11:23:28.588+0200] {dag.py:3504} INFO - Setting next_dagrun for example_short_circuit_decorator to 2023-08-04T09:23:28.588602+00:00, run_after=2023-08-05T09:23:28.588602+00:00
[2023-08-05T11:23:28.609+0200] {processor.py:179} INFO - Processing /Users/felipe.vasconcelos/repos/courses/python-learnings/.venv/lib/python3.10/site-packages/airflow/example_dags/example_short_circuit_decorator.py took 0.881 seconds
[2023-08-05T11:25:36.570+0200] {processor.py:157} INFO - Started process (PID=83635) to work on /Users/felipe.vasconcelos/repos/courses/python-learnings/.venv/lib/python3.10/site-packages/airflow/example_dags/example_short_circuit_decorator.py
[2023-08-05T11:25:36.577+0200] {processor.py:826} INFO - Processing file /Users/felipe.vasconcelos/repos/courses/python-learnings/.venv/lib/python3.10/site-packages/airflow/example_dags/example_short_circuit_decorator.py for tasks to queue
[2023-08-05T11:25:36.578+0200] {logging_mixin.py:150} INFO - [2023-08-05T11:25:36.577+0200] {dagbag.py:541} INFO - Filling up the DagBag from /Users/felipe.vasconcelos/repos/courses/python-learnings/.venv/lib/python3.10/site-packages/airflow/example_dags/example_short_circuit_decorator.py
[2023-08-05T11:25:36.637+0200] {processor.py:836} INFO - DAG(s) dict_keys(['example_short_circuit_decorator']) retrieved from /Users/felipe.vasconcelos/repos/courses/python-learnings/.venv/lib/python3.10/site-packages/airflow/example_dags/example_short_circuit_decorator.py
[2023-08-05T11:25:37.344+0200] {logging_mixin.py:150} INFO - [2023-08-05T11:25:37.344+0200] {dag.py:2742} INFO - Sync 1 DAGs
[2023-08-05T11:25:37.374+0200] {logging_mixin.py:150} INFO - [2023-08-05T11:25:37.374+0200] {dag.py:3504} INFO - Setting next_dagrun for example_short_circuit_decorator to 2023-08-04T09:25:37.374258+00:00, run_after=2023-08-05T09:25:37.374258+00:00
[2023-08-05T11:25:37.397+0200] {processor.py:179} INFO - Processing /Users/felipe.vasconcelos/repos/courses/python-learnings/.venv/lib/python3.10/site-packages/airflow/example_dags/example_short_circuit_decorator.py took 0.828 seconds
[2023-08-05T11:27:52.503+0200] {processor.py:157} INFO - Started process (PID=83693) to work on /Users/felipe.vasconcelos/repos/courses/python-learnings/.venv/lib/python3.10/site-packages/airflow/example_dags/example_short_circuit_decorator.py
[2023-08-05T11:27:52.508+0200] {processor.py:826} INFO - Processing file /Users/felipe.vasconcelos/repos/courses/python-learnings/.venv/lib/python3.10/site-packages/airflow/example_dags/example_short_circuit_decorator.py for tasks to queue
[2023-08-05T11:27:52.509+0200] {logging_mixin.py:150} INFO - [2023-08-05T11:27:52.509+0200] {dagbag.py:541} INFO - Filling up the DagBag from /Users/felipe.vasconcelos/repos/courses/python-learnings/.venv/lib/python3.10/site-packages/airflow/example_dags/example_short_circuit_decorator.py
[2023-08-05T11:27:52.570+0200] {processor.py:836} INFO - DAG(s) dict_keys(['example_short_circuit_decorator']) retrieved from /Users/felipe.vasconcelos/repos/courses/python-learnings/.venv/lib/python3.10/site-packages/airflow/example_dags/example_short_circuit_decorator.py
[2023-08-05T11:27:53.307+0200] {logging_mixin.py:150} INFO - [2023-08-05T11:27:53.306+0200] {dag.py:2742} INFO - Sync 1 DAGs
[2023-08-05T11:27:53.325+0200] {logging_mixin.py:150} INFO - [2023-08-05T11:27:53.324+0200] {dag.py:3504} INFO - Setting next_dagrun for example_short_circuit_decorator to 2023-08-04T09:27:53.324777+00:00, run_after=2023-08-05T09:27:53.324777+00:00
[2023-08-05T11:27:53.346+0200] {processor.py:179} INFO - Processing /Users/felipe.vasconcelos/repos/courses/python-learnings/.venv/lib/python3.10/site-packages/airflow/example_dags/example_short_circuit_decorator.py took 0.844 seconds
[2023-08-05T11:30:01.986+0200] {processor.py:157} INFO - Started process (PID=83749) to work on /Users/felipe.vasconcelos/repos/courses/python-learnings/.venv/lib/python3.10/site-packages/airflow/example_dags/example_short_circuit_decorator.py
[2023-08-05T11:30:01.993+0200] {processor.py:826} INFO - Processing file /Users/felipe.vasconcelos/repos/courses/python-learnings/.venv/lib/python3.10/site-packages/airflow/example_dags/example_short_circuit_decorator.py for tasks to queue
[2023-08-05T11:30:01.994+0200] {logging_mixin.py:150} INFO - [2023-08-05T11:30:01.994+0200] {dagbag.py:541} INFO - Filling up the DagBag from /Users/felipe.vasconcelos/repos/courses/python-learnings/.venv/lib/python3.10/site-packages/airflow/example_dags/example_short_circuit_decorator.py
[2023-08-05T11:30:02.053+0200] {processor.py:836} INFO - DAG(s) dict_keys(['example_short_circuit_decorator']) retrieved from /Users/felipe.vasconcelos/repos/courses/python-learnings/.venv/lib/python3.10/site-packages/airflow/example_dags/example_short_circuit_decorator.py
[2023-08-05T11:30:02.760+0200] {logging_mixin.py:150} INFO - [2023-08-05T11:30:02.760+0200] {dag.py:2742} INFO - Sync 1 DAGs
[2023-08-05T11:30:02.778+0200] {logging_mixin.py:150} INFO - [2023-08-05T11:30:02.777+0200] {dag.py:3504} INFO - Setting next_dagrun for example_short_circuit_decorator to 2023-08-04T09:30:02.777766+00:00, run_after=2023-08-05T09:30:02.777766+00:00
[2023-08-05T11:30:02.798+0200] {processor.py:179} INFO - Processing /Users/felipe.vasconcelos/repos/courses/python-learnings/.venv/lib/python3.10/site-packages/airflow/example_dags/example_short_circuit_decorator.py took 0.813 seconds
[2023-08-05T11:33:12.186+0200] {processor.py:157} INFO - Started process (PID=83859) to work on /Users/felipe.vasconcelos/repos/courses/python-learnings/.venv/lib/python3.10/site-packages/airflow/example_dags/example_short_circuit_decorator.py
[2023-08-05T11:33:12.193+0200] {processor.py:826} INFO - Processing file /Users/felipe.vasconcelos/repos/courses/python-learnings/.venv/lib/python3.10/site-packages/airflow/example_dags/example_short_circuit_decorator.py for tasks to queue
[2023-08-05T11:33:12.194+0200] {logging_mixin.py:150} INFO - [2023-08-05T11:33:12.193+0200] {dagbag.py:541} INFO - Filling up the DagBag from /Users/felipe.vasconcelos/repos/courses/python-learnings/.venv/lib/python3.10/site-packages/airflow/example_dags/example_short_circuit_decorator.py
[2023-08-05T11:33:12.255+0200] {processor.py:836} INFO - DAG(s) dict_keys(['example_short_circuit_decorator']) retrieved from /Users/felipe.vasconcelos/repos/courses/python-learnings/.venv/lib/python3.10/site-packages/airflow/example_dags/example_short_circuit_decorator.py
[2023-08-05T11:33:13.399+0200] {logging_mixin.py:150} INFO - [2023-08-05T11:33:13.398+0200] {dag.py:2742} INFO - Sync 1 DAGs
[2023-08-05T11:33:13.447+0200] {logging_mixin.py:150} INFO - [2023-08-05T11:33:13.447+0200] {dag.py:3504} INFO - Setting next_dagrun for example_short_circuit_decorator to 2023-08-04T09:33:13.446765+00:00, run_after=2023-08-05T09:33:13.446765+00:00
[2023-08-05T11:33:13.567+0200] {processor.py:179} INFO - Processing /Users/felipe.vasconcelos/repos/courses/python-learnings/.venv/lib/python3.10/site-packages/airflow/example_dags/example_short_circuit_decorator.py took 1.381 seconds
[2023-08-05T11:35:38.602+0200] {processor.py:157} INFO - Started process (PID=83938) to work on /Users/felipe.vasconcelos/repos/courses/python-learnings/.venv/lib/python3.10/site-packages/airflow/example_dags/example_short_circuit_decorator.py
[2023-08-05T11:35:38.609+0200] {processor.py:826} INFO - Processing file /Users/felipe.vasconcelos/repos/courses/python-learnings/.venv/lib/python3.10/site-packages/airflow/example_dags/example_short_circuit_decorator.py for tasks to queue
[2023-08-05T11:35:38.609+0200] {logging_mixin.py:150} INFO - [2023-08-05T11:35:38.609+0200] {dagbag.py:541} INFO - Filling up the DagBag from /Users/felipe.vasconcelos/repos/courses/python-learnings/.venv/lib/python3.10/site-packages/airflow/example_dags/example_short_circuit_decorator.py
[2023-08-05T11:35:38.671+0200] {processor.py:836} INFO - DAG(s) dict_keys(['example_short_circuit_decorator']) retrieved from /Users/felipe.vasconcelos/repos/courses/python-learnings/.venv/lib/python3.10/site-packages/airflow/example_dags/example_short_circuit_decorator.py
[2023-08-05T11:35:39.419+0200] {logging_mixin.py:150} INFO - [2023-08-05T11:35:39.419+0200] {dag.py:2742} INFO - Sync 1 DAGs
[2023-08-05T11:35:39.438+0200] {logging_mixin.py:150} INFO - [2023-08-05T11:35:39.438+0200] {dag.py:3504} INFO - Setting next_dagrun for example_short_circuit_decorator to 2023-08-04T09:35:39.438519+00:00, run_after=2023-08-05T09:35:39.438519+00:00
[2023-08-05T11:35:39.458+0200] {processor.py:179} INFO - Processing /Users/felipe.vasconcelos/repos/courses/python-learnings/.venv/lib/python3.10/site-packages/airflow/example_dags/example_short_circuit_decorator.py took 0.857 seconds
[2023-08-05T11:37:48.262+0200] {processor.py:157} INFO - Started process (PID=84005) to work on /Users/felipe.vasconcelos/repos/courses/python-learnings/.venv/lib/python3.10/site-packages/airflow/example_dags/example_short_circuit_decorator.py
[2023-08-05T11:37:48.268+0200] {processor.py:826} INFO - Processing file /Users/felipe.vasconcelos/repos/courses/python-learnings/.venv/lib/python3.10/site-packages/airflow/example_dags/example_short_circuit_decorator.py for tasks to queue
[2023-08-05T11:37:48.269+0200] {logging_mixin.py:150} INFO - [2023-08-05T11:37:48.269+0200] {dagbag.py:541} INFO - Filling up the DagBag from /Users/felipe.vasconcelos/repos/courses/python-learnings/.venv/lib/python3.10/site-packages/airflow/example_dags/example_short_circuit_decorator.py
[2023-08-05T11:37:48.327+0200] {processor.py:836} INFO - DAG(s) dict_keys(['example_short_circuit_decorator']) retrieved from /Users/felipe.vasconcelos/repos/courses/python-learnings/.venv/lib/python3.10/site-packages/airflow/example_dags/example_short_circuit_decorator.py
[2023-08-05T11:37:49.018+0200] {logging_mixin.py:150} INFO - [2023-08-05T11:37:49.018+0200] {dag.py:2742} INFO - Sync 1 DAGs
[2023-08-05T11:37:49.037+0200] {logging_mixin.py:150} INFO - [2023-08-05T11:37:49.037+0200] {dag.py:3504} INFO - Setting next_dagrun for example_short_circuit_decorator to 2023-08-04T09:37:49.037180+00:00, run_after=2023-08-05T09:37:49.037180+00:00
[2023-08-05T11:37:49.057+0200] {processor.py:179} INFO - Processing /Users/felipe.vasconcelos/repos/courses/python-learnings/.venv/lib/python3.10/site-packages/airflow/example_dags/example_short_circuit_decorator.py took 0.796 seconds
[2023-08-05T11:40:05.252+0200] {processor.py:157} INFO - Started process (PID=84072) to work on /Users/felipe.vasconcelos/repos/courses/python-learnings/.venv/lib/python3.10/site-packages/airflow/example_dags/example_short_circuit_decorator.py
[2023-08-05T11:40:05.257+0200] {processor.py:826} INFO - Processing file /Users/felipe.vasconcelos/repos/courses/python-learnings/.venv/lib/python3.10/site-packages/airflow/example_dags/example_short_circuit_decorator.py for tasks to queue
[2023-08-05T11:40:05.258+0200] {logging_mixin.py:150} INFO - [2023-08-05T11:40:05.258+0200] {dagbag.py:541} INFO - Filling up the DagBag from /Users/felipe.vasconcelos/repos/courses/python-learnings/.venv/lib/python3.10/site-packages/airflow/example_dags/example_short_circuit_decorator.py
[2023-08-05T11:40:05.315+0200] {processor.py:836} INFO - DAG(s) dict_keys(['example_short_circuit_decorator']) retrieved from /Users/felipe.vasconcelos/repos/courses/python-learnings/.venv/lib/python3.10/site-packages/airflow/example_dags/example_short_circuit_decorator.py
[2023-08-05T11:40:06.045+0200] {logging_mixin.py:150} INFO - [2023-08-05T11:40:06.045+0200] {dag.py:2742} INFO - Sync 1 DAGs
[2023-08-05T11:40:06.063+0200] {logging_mixin.py:150} INFO - [2023-08-05T11:40:06.063+0200] {dag.py:3504} INFO - Setting next_dagrun for example_short_circuit_decorator to 2023-08-04T09:40:06.063218+00:00, run_after=2023-08-05T09:40:06.063218+00:00
[2023-08-05T11:40:06.083+0200] {processor.py:179} INFO - Processing /Users/felipe.vasconcelos/repos/courses/python-learnings/.venv/lib/python3.10/site-packages/airflow/example_dags/example_short_circuit_decorator.py took 0.832 seconds
[2023-08-05T11:42:12.994+0200] {processor.py:157} INFO - Started process (PID=84139) to work on /Users/felipe.vasconcelos/repos/courses/python-learnings/.venv/lib/python3.10/site-packages/airflow/example_dags/example_short_circuit_decorator.py
[2023-08-05T11:42:13.000+0200] {processor.py:826} INFO - Processing file /Users/felipe.vasconcelos/repos/courses/python-learnings/.venv/lib/python3.10/site-packages/airflow/example_dags/example_short_circuit_decorator.py for tasks to queue
[2023-08-05T11:42:13.001+0200] {logging_mixin.py:150} INFO - [2023-08-05T11:42:13.001+0200] {dagbag.py:541} INFO - Filling up the DagBag from /Users/felipe.vasconcelos/repos/courses/python-learnings/.venv/lib/python3.10/site-packages/airflow/example_dags/example_short_circuit_decorator.py
[2023-08-05T11:42:13.060+0200] {processor.py:836} INFO - DAG(s) dict_keys(['example_short_circuit_decorator']) retrieved from /Users/felipe.vasconcelos/repos/courses/python-learnings/.venv/lib/python3.10/site-packages/airflow/example_dags/example_short_circuit_decorator.py
[2023-08-05T11:42:13.921+0200] {logging_mixin.py:150} INFO - [2023-08-05T11:42:13.921+0200] {dag.py:2742} INFO - Sync 1 DAGs
[2023-08-05T11:42:13.940+0200] {logging_mixin.py:150} INFO - [2023-08-05T11:42:13.939+0200] {dag.py:3504} INFO - Setting next_dagrun for example_short_circuit_decorator to 2023-08-04T09:42:13.939656+00:00, run_after=2023-08-05T09:42:13.939656+00:00
[2023-08-05T11:42:13.961+0200] {processor.py:179} INFO - Processing /Users/felipe.vasconcelos/repos/courses/python-learnings/.venv/lib/python3.10/site-packages/airflow/example_dags/example_short_circuit_decorator.py took 0.968 seconds
[2023-08-05T11:44:19.859+0200] {processor.py:157} INFO - Started process (PID=84195) to work on /Users/felipe.vasconcelos/repos/courses/python-learnings/.venv/lib/python3.10/site-packages/airflow/example_dags/example_short_circuit_decorator.py
[2023-08-05T11:44:19.868+0200] {processor.py:826} INFO - Processing file /Users/felipe.vasconcelos/repos/courses/python-learnings/.venv/lib/python3.10/site-packages/airflow/example_dags/example_short_circuit_decorator.py for tasks to queue
[2023-08-05T11:44:19.869+0200] {logging_mixin.py:150} INFO - [2023-08-05T11:44:19.868+0200] {dagbag.py:541} INFO - Filling up the DagBag from /Users/felipe.vasconcelos/repos/courses/python-learnings/.venv/lib/python3.10/site-packages/airflow/example_dags/example_short_circuit_decorator.py
[2023-08-05T11:44:19.938+0200] {processor.py:836} INFO - DAG(s) dict_keys(['example_short_circuit_decorator']) retrieved from /Users/felipe.vasconcelos/repos/courses/python-learnings/.venv/lib/python3.10/site-packages/airflow/example_dags/example_short_circuit_decorator.py
[2023-08-05T11:44:21.229+0200] {logging_mixin.py:150} INFO - [2023-08-05T11:44:21.228+0200] {dag.py:2742} INFO - Sync 1 DAGs
[2023-08-05T11:44:21.372+0200] {logging_mixin.py:150} INFO - [2023-08-05T11:44:21.371+0200] {dag.py:3504} INFO - Setting next_dagrun for example_short_circuit_decorator to 2023-08-04T09:44:21.371375+00:00, run_after=2023-08-05T09:44:21.371375+00:00
[2023-08-05T11:44:21.413+0200] {processor.py:179} INFO - Processing /Users/felipe.vasconcelos/repos/courses/python-learnings/.venv/lib/python3.10/site-packages/airflow/example_dags/example_short_circuit_decorator.py took 1.555 seconds
[2023-08-05T11:46:26.459+0200] {processor.py:157} INFO - Started process (PID=84262) to work on /Users/felipe.vasconcelos/repos/courses/python-learnings/.venv/lib/python3.10/site-packages/airflow/example_dags/example_short_circuit_decorator.py
[2023-08-05T11:46:26.465+0200] {processor.py:826} INFO - Processing file /Users/felipe.vasconcelos/repos/courses/python-learnings/.venv/lib/python3.10/site-packages/airflow/example_dags/example_short_circuit_decorator.py for tasks to queue
[2023-08-05T11:46:26.466+0200] {logging_mixin.py:150} INFO - [2023-08-05T11:46:26.466+0200] {dagbag.py:541} INFO - Filling up the DagBag from /Users/felipe.vasconcelos/repos/courses/python-learnings/.venv/lib/python3.10/site-packages/airflow/example_dags/example_short_circuit_decorator.py
[2023-08-05T11:46:26.526+0200] {processor.py:836} INFO - DAG(s) dict_keys(['example_short_circuit_decorator']) retrieved from /Users/felipe.vasconcelos/repos/courses/python-learnings/.venv/lib/python3.10/site-packages/airflow/example_dags/example_short_circuit_decorator.py
[2023-08-05T11:46:27.253+0200] {logging_mixin.py:150} INFO - [2023-08-05T11:46:27.252+0200] {dag.py:2742} INFO - Sync 1 DAGs
[2023-08-05T11:46:27.272+0200] {logging_mixin.py:150} INFO - [2023-08-05T11:46:27.272+0200] {dag.py:3504} INFO - Setting next_dagrun for example_short_circuit_decorator to 2023-08-04T09:46:27.272203+00:00, run_after=2023-08-05T09:46:27.272203+00:00
[2023-08-05T11:46:27.293+0200] {processor.py:179} INFO - Processing /Users/felipe.vasconcelos/repos/courses/python-learnings/.venv/lib/python3.10/site-packages/airflow/example_dags/example_short_circuit_decorator.py took 0.835 seconds
[2023-08-05T11:49:26.943+0200] {processor.py:157} INFO - Started process (PID=84383) to work on /Users/felipe.vasconcelos/repos/courses/python-learnings/.venv/lib/python3.10/site-packages/airflow/example_dags/example_short_circuit_decorator.py
[2023-08-05T11:49:26.950+0200] {processor.py:826} INFO - Processing file /Users/felipe.vasconcelos/repos/courses/python-learnings/.venv/lib/python3.10/site-packages/airflow/example_dags/example_short_circuit_decorator.py for tasks to queue
[2023-08-05T11:49:26.951+0200] {logging_mixin.py:150} INFO - [2023-08-05T11:49:26.951+0200] {dagbag.py:541} INFO - Filling up the DagBag from /Users/felipe.vasconcelos/repos/courses/python-learnings/.venv/lib/python3.10/site-packages/airflow/example_dags/example_short_circuit_decorator.py
[2023-08-05T11:49:27.041+0200] {processor.py:836} INFO - DAG(s) dict_keys(['example_short_circuit_decorator']) retrieved from /Users/felipe.vasconcelos/repos/courses/python-learnings/.venv/lib/python3.10/site-packages/airflow/example_dags/example_short_circuit_decorator.py
[2023-08-05T11:49:28.171+0200] {logging_mixin.py:150} INFO - [2023-08-05T11:49:28.171+0200] {dag.py:2742} INFO - Sync 1 DAGs
[2023-08-05T11:49:28.197+0200] {logging_mixin.py:150} INFO - [2023-08-05T11:49:28.197+0200] {dag.py:3504} INFO - Setting next_dagrun for example_short_circuit_decorator to 2023-08-04T09:49:28.196909+00:00, run_after=2023-08-05T09:49:28.196909+00:00
[2023-08-05T11:49:28.227+0200] {processor.py:179} INFO - Processing /Users/felipe.vasconcelos/repos/courses/python-learnings/.venv/lib/python3.10/site-packages/airflow/example_dags/example_short_circuit_decorator.py took 1.285 seconds
[2023-08-05T11:51:47.147+0200] {processor.py:157} INFO - Started process (PID=84444) to work on /Users/felipe.vasconcelos/repos/courses/python-learnings/.venv/lib/python3.10/site-packages/airflow/example_dags/example_short_circuit_decorator.py
[2023-08-05T11:51:47.169+0200] {processor.py:826} INFO - Processing file /Users/felipe.vasconcelos/repos/courses/python-learnings/.venv/lib/python3.10/site-packages/airflow/example_dags/example_short_circuit_decorator.py for tasks to queue
[2023-08-05T11:51:47.170+0200] {logging_mixin.py:150} INFO - [2023-08-05T11:51:47.170+0200] {dagbag.py:541} INFO - Filling up the DagBag from /Users/felipe.vasconcelos/repos/courses/python-learnings/.venv/lib/python3.10/site-packages/airflow/example_dags/example_short_circuit_decorator.py
[2023-08-05T11:51:47.263+0200] {processor.py:836} INFO - DAG(s) dict_keys(['example_short_circuit_decorator']) retrieved from /Users/felipe.vasconcelos/repos/courses/python-learnings/.venv/lib/python3.10/site-packages/airflow/example_dags/example_short_circuit_decorator.py
[2023-08-05T11:51:48.087+0200] {logging_mixin.py:150} INFO - [2023-08-05T11:51:48.087+0200] {dag.py:2742} INFO - Sync 1 DAGs
[2023-08-05T11:51:48.115+0200] {logging_mixin.py:150} INFO - [2023-08-05T11:51:48.114+0200] {dag.py:3504} INFO - Setting next_dagrun for example_short_circuit_decorator to 2023-08-04T09:51:48.114639+00:00, run_after=2023-08-05T09:51:48.114639+00:00
[2023-08-05T11:51:48.234+0200] {processor.py:179} INFO - Processing /Users/felipe.vasconcelos/repos/courses/python-learnings/.venv/lib/python3.10/site-packages/airflow/example_dags/example_short_circuit_decorator.py took 1.088 seconds
[2023-08-05T11:53:52.677+0200] {processor.py:157} INFO - Started process (PID=84499) to work on /Users/felipe.vasconcelos/repos/courses/python-learnings/.venv/lib/python3.10/site-packages/airflow/example_dags/example_short_circuit_decorator.py
[2023-08-05T11:53:52.684+0200] {processor.py:826} INFO - Processing file /Users/felipe.vasconcelos/repos/courses/python-learnings/.venv/lib/python3.10/site-packages/airflow/example_dags/example_short_circuit_decorator.py for tasks to queue
[2023-08-05T11:53:52.685+0200] {logging_mixin.py:150} INFO - [2023-08-05T11:53:52.685+0200] {dagbag.py:541} INFO - Filling up the DagBag from /Users/felipe.vasconcelos/repos/courses/python-learnings/.venv/lib/python3.10/site-packages/airflow/example_dags/example_short_circuit_decorator.py
[2023-08-05T11:53:52.755+0200] {processor.py:836} INFO - DAG(s) dict_keys(['example_short_circuit_decorator']) retrieved from /Users/felipe.vasconcelos/repos/courses/python-learnings/.venv/lib/python3.10/site-packages/airflow/example_dags/example_short_circuit_decorator.py
[2023-08-05T11:53:53.563+0200] {logging_mixin.py:150} INFO - [2023-08-05T11:53:53.562+0200] {dag.py:2742} INFO - Sync 1 DAGs
[2023-08-05T11:53:53.579+0200] {logging_mixin.py:150} INFO - [2023-08-05T11:53:53.579+0200] {dag.py:3504} INFO - Setting next_dagrun for example_short_circuit_decorator to 2023-08-04T09:53:53.579034+00:00, run_after=2023-08-05T09:53:53.579034+00:00
[2023-08-05T11:53:53.598+0200] {processor.py:179} INFO - Processing /Users/felipe.vasconcelos/repos/courses/python-learnings/.venv/lib/python3.10/site-packages/airflow/example_dags/example_short_circuit_decorator.py took 0.922 seconds
[2023-08-05T11:56:00.241+0200] {processor.py:157} INFO - Started process (PID=84565) to work on /Users/felipe.vasconcelos/repos/courses/python-learnings/.venv/lib/python3.10/site-packages/airflow/example_dags/example_short_circuit_decorator.py
[2023-08-05T11:56:00.246+0200] {processor.py:826} INFO - Processing file /Users/felipe.vasconcelos/repos/courses/python-learnings/.venv/lib/python3.10/site-packages/airflow/example_dags/example_short_circuit_decorator.py for tasks to queue
[2023-08-05T11:56:00.247+0200] {logging_mixin.py:150} INFO - [2023-08-05T11:56:00.247+0200] {dagbag.py:541} INFO - Filling up the DagBag from /Users/felipe.vasconcelos/repos/courses/python-learnings/.venv/lib/python3.10/site-packages/airflow/example_dags/example_short_circuit_decorator.py
[2023-08-05T11:56:00.306+0200] {processor.py:836} INFO - DAG(s) dict_keys(['example_short_circuit_decorator']) retrieved from /Users/felipe.vasconcelos/repos/courses/python-learnings/.venv/lib/python3.10/site-packages/airflow/example_dags/example_short_circuit_decorator.py
[2023-08-05T11:56:00.980+0200] {logging_mixin.py:150} INFO - [2023-08-05T11:56:00.980+0200] {dag.py:2742} INFO - Sync 1 DAGs
[2023-08-05T11:56:00.998+0200] {logging_mixin.py:150} INFO - [2023-08-05T11:56:00.998+0200] {dag.py:3504} INFO - Setting next_dagrun for example_short_circuit_decorator to 2023-08-04T09:56:00.997944+00:00, run_after=2023-08-05T09:56:00.997944+00:00
[2023-08-05T11:56:01.017+0200] {processor.py:179} INFO - Processing /Users/felipe.vasconcelos/repos/courses/python-learnings/.venv/lib/python3.10/site-packages/airflow/example_dags/example_short_circuit_decorator.py took 0.777 seconds
[2023-08-05T11:58:06.945+0200] {processor.py:157} INFO - Started process (PID=84631) to work on /Users/felipe.vasconcelos/repos/courses/python-learnings/.venv/lib/python3.10/site-packages/airflow/example_dags/example_short_circuit_decorator.py
[2023-08-05T11:58:06.951+0200] {processor.py:826} INFO - Processing file /Users/felipe.vasconcelos/repos/courses/python-learnings/.venv/lib/python3.10/site-packages/airflow/example_dags/example_short_circuit_decorator.py for tasks to queue
[2023-08-05T11:58:06.952+0200] {logging_mixin.py:150} INFO - [2023-08-05T11:58:06.952+0200] {dagbag.py:541} INFO - Filling up the DagBag from /Users/felipe.vasconcelos/repos/courses/python-learnings/.venv/lib/python3.10/site-packages/airflow/example_dags/example_short_circuit_decorator.py
[2023-08-05T11:58:07.034+0200] {processor.py:836} INFO - DAG(s) dict_keys(['example_short_circuit_decorator']) retrieved from /Users/felipe.vasconcelos/repos/courses/python-learnings/.venv/lib/python3.10/site-packages/airflow/example_dags/example_short_circuit_decorator.py
[2023-08-05T11:58:07.959+0200] {logging_mixin.py:150} INFO - [2023-08-05T11:58:07.959+0200] {dag.py:2742} INFO - Sync 1 DAGs
[2023-08-05T11:58:07.981+0200] {logging_mixin.py:150} INFO - [2023-08-05T11:58:07.981+0200] {dag.py:3504} INFO - Setting next_dagrun for example_short_circuit_decorator to 2023-08-04T09:58:07.981397+00:00, run_after=2023-08-05T09:58:07.981397+00:00
[2023-08-05T11:58:08.017+0200] {processor.py:179} INFO - Processing /Users/felipe.vasconcelos/repos/courses/python-learnings/.venv/lib/python3.10/site-packages/airflow/example_dags/example_short_circuit_decorator.py took 1.073 seconds
[2023-08-05T12:01:35.158+0200] {processor.py:157} INFO - Started process (PID=84763) to work on /Users/felipe.vasconcelos/repos/courses/python-learnings/.venv/lib/python3.10/site-packages/airflow/example_dags/example_short_circuit_decorator.py
[2023-08-05T12:01:35.164+0200] {processor.py:826} INFO - Processing file /Users/felipe.vasconcelos/repos/courses/python-learnings/.venv/lib/python3.10/site-packages/airflow/example_dags/example_short_circuit_decorator.py for tasks to queue
[2023-08-05T12:01:35.165+0200] {logging_mixin.py:150} INFO - [2023-08-05T12:01:35.165+0200] {dagbag.py:541} INFO - Filling up the DagBag from /Users/felipe.vasconcelos/repos/courses/python-learnings/.venv/lib/python3.10/site-packages/airflow/example_dags/example_short_circuit_decorator.py
[2023-08-05T12:01:35.232+0200] {processor.py:836} INFO - DAG(s) dict_keys(['example_short_circuit_decorator']) retrieved from /Users/felipe.vasconcelos/repos/courses/python-learnings/.venv/lib/python3.10/site-packages/airflow/example_dags/example_short_circuit_decorator.py
[2023-08-05T12:01:36.231+0200] {logging_mixin.py:150} INFO - [2023-08-05T12:01:36.231+0200] {dag.py:2742} INFO - Sync 1 DAGs
[2023-08-05T12:01:36.270+0200] {logging_mixin.py:150} INFO - [2023-08-05T12:01:36.270+0200] {dag.py:3504} INFO - Setting next_dagrun for example_short_circuit_decorator to 2023-08-04T10:01:36.269973+00:00, run_after=2023-08-05T10:01:36.269973+00:00
[2023-08-05T12:01:36.303+0200] {processor.py:179} INFO - Processing /Users/felipe.vasconcelos/repos/courses/python-learnings/.venv/lib/python3.10/site-packages/airflow/example_dags/example_short_circuit_decorator.py took 1.146 seconds
