[2023-08-05T10:40:33.364+0200] {processor.py:157} INFO - Started process (PID=82618) to work on /Users/felipe.vasconcelos/repos/courses/python-learnings/.venv/lib/python3.10/site-packages/airflow/example_dags/example_latest_only_with_trigger.py
[2023-08-05T10:40:33.371+0200] {processor.py:826} INFO - Processing file /Users/felipe.vasconcelos/repos/courses/python-learnings/.venv/lib/python3.10/site-packages/airflow/example_dags/example_latest_only_with_trigger.py for tasks to queue
[2023-08-05T10:40:33.372+0200] {logging_mixin.py:150} INFO - [2023-08-05T10:40:33.372+0200] {dagbag.py:541} INFO - Filling up the DagBag from /Users/felipe.vasconcelos/repos/courses/python-learnings/.venv/lib/python3.10/site-packages/airflow/example_dags/example_latest_only_with_trigger.py
[2023-08-05T10:40:33.403+0200] {processor.py:836} INFO - DAG(s) dict_keys(['latest_only_with_trigger']) retrieved from /Users/felipe.vasconcelos/repos/courses/python-learnings/.venv/lib/python3.10/site-packages/airflow/example_dags/example_latest_only_with_trigger.py
[2023-08-05T10:40:34.297+0200] {logging_mixin.py:150} INFO - [2023-08-05T10:40:34.296+0200] {manager.py:504} INFO - Created Permission View: can read on DAG:latest_only_with_trigger
[2023-08-05T10:40:34.308+0200] {logging_mixin.py:150} INFO - [2023-08-05T10:40:34.307+0200] {manager.py:504} INFO - Created Permission View: can edit on DAG:latest_only_with_trigger
[2023-08-05T10:40:34.315+0200] {logging_mixin.py:150} INFO - [2023-08-05T10:40:34.315+0200] {manager.py:504} INFO - Created Permission View: can delete on DAG:latest_only_with_trigger
[2023-08-05T10:40:34.329+0200] {logging_mixin.py:150} INFO - [2023-08-05T10:40:34.329+0200] {dag.py:2742} INFO - Sync 1 DAGs
[2023-08-05T10:40:34.339+0200] {logging_mixin.py:150} INFO - [2023-08-05T10:40:34.339+0200] {dag.py:2763} INFO - Creating ORM DAG for latest_only_with_trigger
[2023-08-05T10:40:34.351+0200] {logging_mixin.py:150} INFO - [2023-08-05T10:40:34.351+0200] {dag.py:3504} INFO - Setting next_dagrun for latest_only_with_trigger to 2023-08-05T04:40:34.350986+00:00, run_after=2023-08-05T08:40:34.350986+00:00
[2023-08-05T10:40:34.374+0200] {processor.py:179} INFO - Processing /Users/felipe.vasconcelos/repos/courses/python-learnings/.venv/lib/python3.10/site-packages/airflow/example_dags/example_latest_only_with_trigger.py took 1.012 seconds
[2023-08-05T10:44:18.261+0200] {processor.py:157} INFO - Started process (PID=82709) to work on /Users/felipe.vasconcelos/repos/courses/python-learnings/.venv/lib/python3.10/site-packages/airflow/example_dags/example_latest_only_with_trigger.py
[2023-08-05T10:44:18.276+0200] {processor.py:826} INFO - Processing file /Users/felipe.vasconcelos/repos/courses/python-learnings/.venv/lib/python3.10/site-packages/airflow/example_dags/example_latest_only_with_trigger.py for tasks to queue
[2023-08-05T10:44:18.277+0200] {logging_mixin.py:150} INFO - [2023-08-05T10:44:18.276+0200] {dagbag.py:541} INFO - Filling up the DagBag from /Users/felipe.vasconcelos/repos/courses/python-learnings/.venv/lib/python3.10/site-packages/airflow/example_dags/example_latest_only_with_trigger.py
[2023-08-05T10:44:18.364+0200] {processor.py:836} INFO - DAG(s) dict_keys(['latest_only_with_trigger']) retrieved from /Users/felipe.vasconcelos/repos/courses/python-learnings/.venv/lib/python3.10/site-packages/airflow/example_dags/example_latest_only_with_trigger.py
[2023-08-05T10:44:19.632+0200] {logging_mixin.py:150} INFO - [2023-08-05T10:44:19.631+0200] {dag.py:2742} INFO - Sync 1 DAGs
[2023-08-05T10:44:19.673+0200] {logging_mixin.py:150} INFO - [2023-08-05T10:44:19.673+0200] {dag.py:3504} INFO - Setting next_dagrun for latest_only_with_trigger to 2023-08-05T04:44:19.673569+00:00, run_after=2023-08-05T08:44:19.673569+00:00
[2023-08-05T10:44:19.706+0200] {processor.py:179} INFO - Processing /Users/felipe.vasconcelos/repos/courses/python-learnings/.venv/lib/python3.10/site-packages/airflow/example_dags/example_latest_only_with_trigger.py took 1.446 seconds
[2023-08-05T10:47:22.219+0200] {processor.py:157} INFO - Started process (PID=82842) to work on /Users/felipe.vasconcelos/repos/courses/python-learnings/.venv/lib/python3.10/site-packages/airflow/example_dags/example_latest_only_with_trigger.py
[2023-08-05T10:47:22.225+0200] {processor.py:826} INFO - Processing file /Users/felipe.vasconcelos/repos/courses/python-learnings/.venv/lib/python3.10/site-packages/airflow/example_dags/example_latest_only_with_trigger.py for tasks to queue
[2023-08-05T10:47:22.226+0200] {logging_mixin.py:150} INFO - [2023-08-05T10:47:22.225+0200] {dagbag.py:541} INFO - Filling up the DagBag from /Users/felipe.vasconcelos/repos/courses/python-learnings/.venv/lib/python3.10/site-packages/airflow/example_dags/example_latest_only_with_trigger.py
[2023-08-05T10:47:22.253+0200] {processor.py:836} INFO - DAG(s) dict_keys(['latest_only_with_trigger']) retrieved from /Users/felipe.vasconcelos/repos/courses/python-learnings/.venv/lib/python3.10/site-packages/airflow/example_dags/example_latest_only_with_trigger.py
[2023-08-05T10:47:22.959+0200] {logging_mixin.py:150} INFO - [2023-08-05T10:47:22.959+0200] {dag.py:2742} INFO - Sync 1 DAGs
[2023-08-05T10:47:22.976+0200] {logging_mixin.py:150} INFO - [2023-08-05T10:47:22.975+0200] {dag.py:3504} INFO - Setting next_dagrun for latest_only_with_trigger to 2023-08-05T04:47:22.975776+00:00, run_after=2023-08-05T08:47:22.975776+00:00
[2023-08-05T10:47:22.996+0200] {processor.py:179} INFO - Processing /Users/felipe.vasconcelos/repos/courses/python-learnings/.venv/lib/python3.10/site-packages/airflow/example_dags/example_latest_only_with_trigger.py took 0.778 seconds
[2023-08-05T10:51:47.590+0200] {processor.py:157} INFO - Started process (PID=82968) to work on /Users/felipe.vasconcelos/repos/courses/python-learnings/.venv/lib/python3.10/site-packages/airflow/example_dags/example_latest_only_with_trigger.py
[2023-08-05T10:51:47.595+0200] {processor.py:826} INFO - Processing file /Users/felipe.vasconcelos/repos/courses/python-learnings/.venv/lib/python3.10/site-packages/airflow/example_dags/example_latest_only_with_trigger.py for tasks to queue
[2023-08-05T10:51:47.596+0200] {logging_mixin.py:150} INFO - [2023-08-05T10:51:47.596+0200] {dagbag.py:541} INFO - Filling up the DagBag from /Users/felipe.vasconcelos/repos/courses/python-learnings/.venv/lib/python3.10/site-packages/airflow/example_dags/example_latest_only_with_trigger.py
[2023-08-05T10:51:47.623+0200] {processor.py:836} INFO - DAG(s) dict_keys(['latest_only_with_trigger']) retrieved from /Users/felipe.vasconcelos/repos/courses/python-learnings/.venv/lib/python3.10/site-packages/airflow/example_dags/example_latest_only_with_trigger.py
[2023-08-05T10:51:48.314+0200] {logging_mixin.py:150} INFO - [2023-08-05T10:51:48.313+0200] {dag.py:2742} INFO - Sync 1 DAGs
[2023-08-05T10:51:48.331+0200] {logging_mixin.py:150} INFO - [2023-08-05T10:51:48.331+0200] {dag.py:3504} INFO - Setting next_dagrun for latest_only_with_trigger to 2023-08-05T04:51:48.330878+00:00, run_after=2023-08-05T08:51:48.330878+00:00
[2023-08-05T10:51:48.350+0200] {processor.py:179} INFO - Processing /Users/felipe.vasconcelos/repos/courses/python-learnings/.venv/lib/python3.10/site-packages/airflow/example_dags/example_latest_only_with_trigger.py took 0.761 seconds
[2023-08-05T10:54:05.566+0200] {processor.py:157} INFO - Started process (PID=83022) to work on /Users/felipe.vasconcelos/repos/courses/python-learnings/.venv/lib/python3.10/site-packages/airflow/example_dags/example_latest_only_with_trigger.py
[2023-08-05T10:54:05.572+0200] {processor.py:826} INFO - Processing file /Users/felipe.vasconcelos/repos/courses/python-learnings/.venv/lib/python3.10/site-packages/airflow/example_dags/example_latest_only_with_trigger.py for tasks to queue
[2023-08-05T10:54:05.573+0200] {logging_mixin.py:150} INFO - [2023-08-05T10:54:05.573+0200] {dagbag.py:541} INFO - Filling up the DagBag from /Users/felipe.vasconcelos/repos/courses/python-learnings/.venv/lib/python3.10/site-packages/airflow/example_dags/example_latest_only_with_trigger.py
[2023-08-05T10:54:05.614+0200] {processor.py:836} INFO - DAG(s) dict_keys(['latest_only_with_trigger']) retrieved from /Users/felipe.vasconcelos/repos/courses/python-learnings/.venv/lib/python3.10/site-packages/airflow/example_dags/example_latest_only_with_trigger.py
[2023-08-05T10:54:06.366+0200] {logging_mixin.py:150} INFO - [2023-08-05T10:54:06.366+0200] {dag.py:2742} INFO - Sync 1 DAGs
[2023-08-05T10:54:06.383+0200] {logging_mixin.py:150} INFO - [2023-08-05T10:54:06.383+0200] {dag.py:3504} INFO - Setting next_dagrun for latest_only_with_trigger to 2023-08-05T04:54:06.382915+00:00, run_after=2023-08-05T08:54:06.382915+00:00
[2023-08-05T10:54:06.405+0200] {processor.py:179} INFO - Processing /Users/felipe.vasconcelos/repos/courses/python-learnings/.venv/lib/python3.10/site-packages/airflow/example_dags/example_latest_only_with_trigger.py took 0.840 seconds
[2023-08-05T10:58:23.651+0200] {processor.py:157} INFO - Started process (PID=83151) to work on /Users/felipe.vasconcelos/repos/courses/python-learnings/.venv/lib/python3.10/site-packages/airflow/example_dags/example_latest_only_with_trigger.py
[2023-08-05T10:58:23.658+0200] {processor.py:826} INFO - Processing file /Users/felipe.vasconcelos/repos/courses/python-learnings/.venv/lib/python3.10/site-packages/airflow/example_dags/example_latest_only_with_trigger.py for tasks to queue
[2023-08-05T10:58:23.659+0200] {logging_mixin.py:150} INFO - [2023-08-05T10:58:23.658+0200] {dagbag.py:541} INFO - Filling up the DagBag from /Users/felipe.vasconcelos/repos/courses/python-learnings/.venv/lib/python3.10/site-packages/airflow/example_dags/example_latest_only_with_trigger.py
[2023-08-05T10:58:23.686+0200] {processor.py:836} INFO - DAG(s) dict_keys(['latest_only_with_trigger']) retrieved from /Users/felipe.vasconcelos/repos/courses/python-learnings/.venv/lib/python3.10/site-packages/airflow/example_dags/example_latest_only_with_trigger.py
[2023-08-05T10:58:24.361+0200] {logging_mixin.py:150} INFO - [2023-08-05T10:58:24.361+0200] {dag.py:2742} INFO - Sync 1 DAGs
[2023-08-05T10:58:24.377+0200] {logging_mixin.py:150} INFO - [2023-08-05T10:58:24.377+0200] {dag.py:3504} INFO - Setting next_dagrun for latest_only_with_trigger to 2023-08-05T04:58:24.377422+00:00, run_after=2023-08-05T08:58:24.377422+00:00
[2023-08-05T10:58:24.398+0200] {processor.py:179} INFO - Processing /Users/felipe.vasconcelos/repos/courses/python-learnings/.venv/lib/python3.10/site-packages/airflow/example_dags/example_latest_only_with_trigger.py took 0.748 seconds
[2023-08-05T11:12:54.209+0200] {processor.py:157} INFO - Started process (PID=83282) to work on /Users/felipe.vasconcelos/repos/courses/python-learnings/.venv/lib/python3.10/site-packages/airflow/example_dags/example_latest_only_with_trigger.py
[2023-08-05T11:12:54.215+0200] {processor.py:826} INFO - Processing file /Users/felipe.vasconcelos/repos/courses/python-learnings/.venv/lib/python3.10/site-packages/airflow/example_dags/example_latest_only_with_trigger.py for tasks to queue
[2023-08-05T11:12:54.216+0200] {logging_mixin.py:150} INFO - [2023-08-05T11:12:54.216+0200] {dagbag.py:541} INFO - Filling up the DagBag from /Users/felipe.vasconcelos/repos/courses/python-learnings/.venv/lib/python3.10/site-packages/airflow/example_dags/example_latest_only_with_trigger.py
[2023-08-05T11:12:54.250+0200] {processor.py:836} INFO - DAG(s) dict_keys(['latest_only_with_trigger']) retrieved from /Users/felipe.vasconcelos/repos/courses/python-learnings/.venv/lib/python3.10/site-packages/airflow/example_dags/example_latest_only_with_trigger.py
[2023-08-05T11:12:54.955+0200] {logging_mixin.py:150} INFO - [2023-08-05T11:12:54.955+0200] {dag.py:2742} INFO - Sync 1 DAGs
[2023-08-05T11:12:54.972+0200] {logging_mixin.py:150} INFO - [2023-08-05T11:12:54.972+0200] {dag.py:3504} INFO - Setting next_dagrun for latest_only_with_trigger to 2023-08-05T05:12:54.971870+00:00, run_after=2023-08-05T09:12:54.971870+00:00
[2023-08-05T11:12:54.991+0200] {processor.py:179} INFO - Processing /Users/felipe.vasconcelos/repos/courses/python-learnings/.venv/lib/python3.10/site-packages/airflow/example_dags/example_latest_only_with_trigger.py took 0.783 seconds
[2023-08-05T11:17:11.430+0200] {processor.py:157} INFO - Started process (PID=83404) to work on /Users/felipe.vasconcelos/repos/courses/python-learnings/.venv/lib/python3.10/site-packages/airflow/example_dags/example_latest_only_with_trigger.py
[2023-08-05T11:17:11.436+0200] {processor.py:826} INFO - Processing file /Users/felipe.vasconcelos/repos/courses/python-learnings/.venv/lib/python3.10/site-packages/airflow/example_dags/example_latest_only_with_trigger.py for tasks to queue
[2023-08-05T11:17:11.437+0200] {logging_mixin.py:150} INFO - [2023-08-05T11:17:11.437+0200] {dagbag.py:541} INFO - Filling up the DagBag from /Users/felipe.vasconcelos/repos/courses/python-learnings/.venv/lib/python3.10/site-packages/airflow/example_dags/example_latest_only_with_trigger.py
[2023-08-05T11:17:11.464+0200] {processor.py:836} INFO - DAG(s) dict_keys(['latest_only_with_trigger']) retrieved from /Users/felipe.vasconcelos/repos/courses/python-learnings/.venv/lib/python3.10/site-packages/airflow/example_dags/example_latest_only_with_trigger.py
[2023-08-05T11:17:12.164+0200] {logging_mixin.py:150} INFO - [2023-08-05T11:17:12.164+0200] {dag.py:2742} INFO - Sync 1 DAGs
[2023-08-05T11:17:12.187+0200] {logging_mixin.py:150} INFO - [2023-08-05T11:17:12.186+0200] {dag.py:3504} INFO - Setting next_dagrun for latest_only_with_trigger to 2023-08-05T05:17:12.186791+00:00, run_after=2023-08-05T09:17:12.186791+00:00
[2023-08-05T11:17:12.208+0200] {processor.py:179} INFO - Processing /Users/felipe.vasconcelos/repos/courses/python-learnings/.venv/lib/python3.10/site-packages/airflow/example_dags/example_latest_only_with_trigger.py took 0.780 seconds
[2023-08-05T11:21:46.621+0200] {processor.py:157} INFO - Started process (PID=83539) to work on /Users/felipe.vasconcelos/repos/courses/python-learnings/.venv/lib/python3.10/site-packages/airflow/example_dags/example_latest_only_with_trigger.py
[2023-08-05T11:21:46.631+0200] {processor.py:826} INFO - Processing file /Users/felipe.vasconcelos/repos/courses/python-learnings/.venv/lib/python3.10/site-packages/airflow/example_dags/example_latest_only_with_trigger.py for tasks to queue
[2023-08-05T11:21:46.631+0200] {logging_mixin.py:150} INFO - [2023-08-05T11:21:46.631+0200] {dagbag.py:541} INFO - Filling up the DagBag from /Users/felipe.vasconcelos/repos/courses/python-learnings/.venv/lib/python3.10/site-packages/airflow/example_dags/example_latest_only_with_trigger.py
[2023-08-05T11:21:46.666+0200] {processor.py:836} INFO - DAG(s) dict_keys(['latest_only_with_trigger']) retrieved from /Users/felipe.vasconcelos/repos/courses/python-learnings/.venv/lib/python3.10/site-packages/airflow/example_dags/example_latest_only_with_trigger.py
[2023-08-05T11:21:47.494+0200] {logging_mixin.py:150} INFO - [2023-08-05T11:21:47.494+0200] {dag.py:2742} INFO - Sync 1 DAGs
[2023-08-05T11:21:47.511+0200] {logging_mixin.py:150} INFO - [2023-08-05T11:21:47.511+0200] {dag.py:3504} INFO - Setting next_dagrun for latest_only_with_trigger to 2023-08-05T05:21:47.511283+00:00, run_after=2023-08-05T09:21:47.511283+00:00
[2023-08-05T11:21:47.532+0200] {processor.py:179} INFO - Processing /Users/felipe.vasconcelos/repos/courses/python-learnings/.venv/lib/python3.10/site-packages/airflow/example_dags/example_latest_only_with_trigger.py took 0.912 seconds
[2023-08-05T11:26:09.965+0200] {processor.py:157} INFO - Started process (PID=83648) to work on /Users/felipe.vasconcelos/repos/courses/python-learnings/.venv/lib/python3.10/site-packages/airflow/example_dags/example_latest_only_with_trigger.py
[2023-08-05T11:26:09.971+0200] {processor.py:826} INFO - Processing file /Users/felipe.vasconcelos/repos/courses/python-learnings/.venv/lib/python3.10/site-packages/airflow/example_dags/example_latest_only_with_trigger.py for tasks to queue
[2023-08-05T11:26:09.972+0200] {logging_mixin.py:150} INFO - [2023-08-05T11:26:09.972+0200] {dagbag.py:541} INFO - Filling up the DagBag from /Users/felipe.vasconcelos/repos/courses/python-learnings/.venv/lib/python3.10/site-packages/airflow/example_dags/example_latest_only_with_trigger.py
[2023-08-05T11:26:10.000+0200] {processor.py:836} INFO - DAG(s) dict_keys(['latest_only_with_trigger']) retrieved from /Users/felipe.vasconcelos/repos/courses/python-learnings/.venv/lib/python3.10/site-packages/airflow/example_dags/example_latest_only_with_trigger.py
[2023-08-05T11:26:10.717+0200] {logging_mixin.py:150} INFO - [2023-08-05T11:26:10.717+0200] {dag.py:2742} INFO - Sync 1 DAGs
[2023-08-05T11:26:10.734+0200] {logging_mixin.py:150} INFO - [2023-08-05T11:26:10.734+0200] {dag.py:3504} INFO - Setting next_dagrun for latest_only_with_trigger to 2023-08-05T05:26:10.734024+00:00, run_after=2023-08-05T09:26:10.734024+00:00
[2023-08-05T11:26:10.756+0200] {processor.py:179} INFO - Processing /Users/felipe.vasconcelos/repos/courses/python-learnings/.venv/lib/python3.10/site-packages/airflow/example_dags/example_latest_only_with_trigger.py took 0.792 seconds
[2023-08-05T11:30:36.819+0200] {processor.py:157} INFO - Started process (PID=83768) to work on /Users/felipe.vasconcelos/repos/courses/python-learnings/.venv/lib/python3.10/site-packages/airflow/example_dags/example_latest_only_with_trigger.py
[2023-08-05T11:30:36.826+0200] {processor.py:826} INFO - Processing file /Users/felipe.vasconcelos/repos/courses/python-learnings/.venv/lib/python3.10/site-packages/airflow/example_dags/example_latest_only_with_trigger.py for tasks to queue
[2023-08-05T11:30:36.826+0200] {logging_mixin.py:150} INFO - [2023-08-05T11:30:36.826+0200] {dagbag.py:541} INFO - Filling up the DagBag from /Users/felipe.vasconcelos/repos/courses/python-learnings/.venv/lib/python3.10/site-packages/airflow/example_dags/example_latest_only_with_trigger.py
[2023-08-05T11:30:36.856+0200] {processor.py:836} INFO - DAG(s) dict_keys(['latest_only_with_trigger']) retrieved from /Users/felipe.vasconcelos/repos/courses/python-learnings/.venv/lib/python3.10/site-packages/airflow/example_dags/example_latest_only_with_trigger.py
[2023-08-05T11:30:37.852+0200] {logging_mixin.py:150} INFO - [2023-08-05T11:30:37.852+0200] {dag.py:2742} INFO - Sync 1 DAGs
[2023-08-05T11:30:37.875+0200] {logging_mixin.py:150} INFO - [2023-08-05T11:30:37.875+0200] {dag.py:3504} INFO - Setting next_dagrun for latest_only_with_trigger to 2023-08-05T05:30:37.875015+00:00, run_after=2023-08-05T09:30:37.875015+00:00
[2023-08-05T11:30:37.899+0200] {processor.py:179} INFO - Processing /Users/felipe.vasconcelos/repos/courses/python-learnings/.venv/lib/python3.10/site-packages/airflow/example_dags/example_latest_only_with_trigger.py took 1.081 seconds
[2023-08-05T11:33:54.971+0200] {processor.py:157} INFO - Started process (PID=83882) to work on /Users/felipe.vasconcelos/repos/courses/python-learnings/.venv/lib/python3.10/site-packages/airflow/example_dags/example_latest_only_with_trigger.py
[2023-08-05T11:33:54.977+0200] {processor.py:826} INFO - Processing file /Users/felipe.vasconcelos/repos/courses/python-learnings/.venv/lib/python3.10/site-packages/airflow/example_dags/example_latest_only_with_trigger.py for tasks to queue
[2023-08-05T11:33:54.978+0200] {logging_mixin.py:150} INFO - [2023-08-05T11:33:54.978+0200] {dagbag.py:541} INFO - Filling up the DagBag from /Users/felipe.vasconcelos/repos/courses/python-learnings/.venv/lib/python3.10/site-packages/airflow/example_dags/example_latest_only_with_trigger.py
[2023-08-05T11:33:55.011+0200] {processor.py:836} INFO - DAG(s) dict_keys(['latest_only_with_trigger']) retrieved from /Users/felipe.vasconcelos/repos/courses/python-learnings/.venv/lib/python3.10/site-packages/airflow/example_dags/example_latest_only_with_trigger.py
[2023-08-05T11:33:56.074+0200] {logging_mixin.py:150} INFO - [2023-08-05T11:33:56.073+0200] {dag.py:2742} INFO - Sync 1 DAGs
[2023-08-05T11:33:56.107+0200] {logging_mixin.py:150} INFO - [2023-08-05T11:33:56.106+0200] {dag.py:3504} INFO - Setting next_dagrun for latest_only_with_trigger to 2023-08-05T05:33:56.106472+00:00, run_after=2023-08-05T09:33:56.106472+00:00
[2023-08-05T11:33:56.157+0200] {processor.py:179} INFO - Processing /Users/felipe.vasconcelos/repos/courses/python-learnings/.venv/lib/python3.10/site-packages/airflow/example_dags/example_latest_only_with_trigger.py took 1.187 seconds
[2023-08-05T11:36:17.770+0200] {processor.py:157} INFO - Started process (PID=83964) to work on /Users/felipe.vasconcelos/repos/courses/python-learnings/.venv/lib/python3.10/site-packages/airflow/example_dags/example_latest_only_with_trigger.py
[2023-08-05T11:36:17.834+0200] {processor.py:826} INFO - Processing file /Users/felipe.vasconcelos/repos/courses/python-learnings/.venv/lib/python3.10/site-packages/airflow/example_dags/example_latest_only_with_trigger.py for tasks to queue
[2023-08-05T11:36:17.835+0200] {logging_mixin.py:150} INFO - [2023-08-05T11:36:17.835+0200] {dagbag.py:541} INFO - Filling up the DagBag from /Users/felipe.vasconcelos/repos/courses/python-learnings/.venv/lib/python3.10/site-packages/airflow/example_dags/example_latest_only_with_trigger.py
[2023-08-05T11:36:17.969+0200] {processor.py:836} INFO - DAG(s) dict_keys(['latest_only_with_trigger']) retrieved from /Users/felipe.vasconcelos/repos/courses/python-learnings/.venv/lib/python3.10/site-packages/airflow/example_dags/example_latest_only_with_trigger.py
[2023-08-05T11:36:21.834+0200] {logging_mixin.py:150} INFO - [2023-08-05T11:36:21.834+0200] {dag.py:2742} INFO - Sync 1 DAGs
[2023-08-05T11:36:21.985+0200] {logging_mixin.py:150} INFO - [2023-08-05T11:36:21.985+0200] {dag.py:3504} INFO - Setting next_dagrun for latest_only_with_trigger to 2023-08-05T05:36:21.985223+00:00, run_after=2023-08-05T09:36:21.985223+00:00
[2023-08-05T11:36:22.016+0200] {processor.py:179} INFO - Processing /Users/felipe.vasconcelos/repos/courses/python-learnings/.venv/lib/python3.10/site-packages/airflow/example_dags/example_latest_only_with_trigger.py took 4.248 seconds
[2023-08-05T11:40:42.654+0200] {processor.py:157} INFO - Started process (PID=84090) to work on /Users/felipe.vasconcelos/repos/courses/python-learnings/.venv/lib/python3.10/site-packages/airflow/example_dags/example_latest_only_with_trigger.py
[2023-08-05T11:40:42.660+0200] {processor.py:826} INFO - Processing file /Users/felipe.vasconcelos/repos/courses/python-learnings/.venv/lib/python3.10/site-packages/airflow/example_dags/example_latest_only_with_trigger.py for tasks to queue
[2023-08-05T11:40:42.661+0200] {logging_mixin.py:150} INFO - [2023-08-05T11:40:42.661+0200] {dagbag.py:541} INFO - Filling up the DagBag from /Users/felipe.vasconcelos/repos/courses/python-learnings/.venv/lib/python3.10/site-packages/airflow/example_dags/example_latest_only_with_trigger.py
[2023-08-05T11:40:42.689+0200] {processor.py:836} INFO - DAG(s) dict_keys(['latest_only_with_trigger']) retrieved from /Users/felipe.vasconcelos/repos/courses/python-learnings/.venv/lib/python3.10/site-packages/airflow/example_dags/example_latest_only_with_trigger.py
[2023-08-05T11:40:43.426+0200] {logging_mixin.py:150} INFO - [2023-08-05T11:40:43.426+0200] {dag.py:2742} INFO - Sync 1 DAGs
[2023-08-05T11:40:43.447+0200] {logging_mixin.py:150} INFO - [2023-08-05T11:40:43.447+0200] {dag.py:3504} INFO - Setting next_dagrun for latest_only_with_trigger to 2023-08-05T05:40:43.447209+00:00, run_after=2023-08-05T09:40:43.447209+00:00
[2023-08-05T11:40:43.469+0200] {processor.py:179} INFO - Processing /Users/felipe.vasconcelos/repos/courses/python-learnings/.venv/lib/python3.10/site-packages/airflow/example_dags/example_latest_only_with_trigger.py took 0.817 seconds
[2023-08-05T11:44:56.428+0200] {processor.py:157} INFO - Started process (PID=84217) to work on /Users/felipe.vasconcelos/repos/courses/python-learnings/.venv/lib/python3.10/site-packages/airflow/example_dags/example_latest_only_with_trigger.py
[2023-08-05T11:44:56.434+0200] {processor.py:826} INFO - Processing file /Users/felipe.vasconcelos/repos/courses/python-learnings/.venv/lib/python3.10/site-packages/airflow/example_dags/example_latest_only_with_trigger.py for tasks to queue
[2023-08-05T11:44:56.435+0200] {logging_mixin.py:150} INFO - [2023-08-05T11:44:56.434+0200] {dagbag.py:541} INFO - Filling up the DagBag from /Users/felipe.vasconcelos/repos/courses/python-learnings/.venv/lib/python3.10/site-packages/airflow/example_dags/example_latest_only_with_trigger.py
[2023-08-05T11:44:56.462+0200] {processor.py:836} INFO - DAG(s) dict_keys(['latest_only_with_trigger']) retrieved from /Users/felipe.vasconcelos/repos/courses/python-learnings/.venv/lib/python3.10/site-packages/airflow/example_dags/example_latest_only_with_trigger.py
[2023-08-05T11:44:57.134+0200] {logging_mixin.py:150} INFO - [2023-08-05T11:44:57.134+0200] {dag.py:2742} INFO - Sync 1 DAGs
[2023-08-05T11:44:57.151+0200] {logging_mixin.py:150} INFO - [2023-08-05T11:44:57.151+0200] {dag.py:3504} INFO - Setting next_dagrun for latest_only_with_trigger to 2023-08-05T05:44:57.151352+00:00, run_after=2023-08-05T09:44:57.151352+00:00
[2023-08-05T11:44:57.173+0200] {processor.py:179} INFO - Processing /Users/felipe.vasconcelos/repos/courses/python-learnings/.venv/lib/python3.10/site-packages/airflow/example_dags/example_latest_only_with_trigger.py took 0.747 seconds
[2023-08-05T11:50:09.525+0200] {processor.py:157} INFO - Started process (PID=84399) to work on /Users/felipe.vasconcelos/repos/courses/python-learnings/.venv/lib/python3.10/site-packages/airflow/example_dags/example_latest_only_with_trigger.py
[2023-08-05T11:50:09.531+0200] {processor.py:826} INFO - Processing file /Users/felipe.vasconcelos/repos/courses/python-learnings/.venv/lib/python3.10/site-packages/airflow/example_dags/example_latest_only_with_trigger.py for tasks to queue
[2023-08-05T11:50:09.532+0200] {logging_mixin.py:150} INFO - [2023-08-05T11:50:09.532+0200] {dagbag.py:541} INFO - Filling up the DagBag from /Users/felipe.vasconcelos/repos/courses/python-learnings/.venv/lib/python3.10/site-packages/airflow/example_dags/example_latest_only_with_trigger.py
[2023-08-05T11:50:09.558+0200] {processor.py:836} INFO - DAG(s) dict_keys(['latest_only_with_trigger']) retrieved from /Users/felipe.vasconcelos/repos/courses/python-learnings/.venv/lib/python3.10/site-packages/airflow/example_dags/example_latest_only_with_trigger.py
[2023-08-05T11:50:10.382+0200] {logging_mixin.py:150} INFO - [2023-08-05T11:50:10.381+0200] {dag.py:2742} INFO - Sync 1 DAGs
[2023-08-05T11:50:10.446+0200] {logging_mixin.py:150} INFO - [2023-08-05T11:50:10.446+0200] {dag.py:3504} INFO - Setting next_dagrun for latest_only_with_trigger to 2023-08-05T05:50:10.446034+00:00, run_after=2023-08-05T09:50:10.446034+00:00
[2023-08-05T11:50:10.477+0200] {processor.py:179} INFO - Processing /Users/felipe.vasconcelos/repos/courses/python-learnings/.venv/lib/python3.10/site-packages/airflow/example_dags/example_latest_only_with_trigger.py took 0.954 seconds
[2023-08-05T11:54:26.007+0200] {processor.py:157} INFO - Started process (PID=84525) to work on /Users/felipe.vasconcelos/repos/courses/python-learnings/.venv/lib/python3.10/site-packages/airflow/example_dags/example_latest_only_with_trigger.py
[2023-08-05T11:54:26.014+0200] {processor.py:826} INFO - Processing file /Users/felipe.vasconcelos/repos/courses/python-learnings/.venv/lib/python3.10/site-packages/airflow/example_dags/example_latest_only_with_trigger.py for tasks to queue
[2023-08-05T11:54:26.015+0200] {logging_mixin.py:150} INFO - [2023-08-05T11:54:26.015+0200] {dagbag.py:541} INFO - Filling up the DagBag from /Users/felipe.vasconcelos/repos/courses/python-learnings/.venv/lib/python3.10/site-packages/airflow/example_dags/example_latest_only_with_trigger.py
[2023-08-05T11:54:26.043+0200] {processor.py:836} INFO - DAG(s) dict_keys(['latest_only_with_trigger']) retrieved from /Users/felipe.vasconcelos/repos/courses/python-learnings/.venv/lib/python3.10/site-packages/airflow/example_dags/example_latest_only_with_trigger.py
[2023-08-05T11:54:26.949+0200] {logging_mixin.py:150} INFO - [2023-08-05T11:54:26.949+0200] {dag.py:2742} INFO - Sync 1 DAGs
[2023-08-05T11:54:26.966+0200] {logging_mixin.py:150} INFO - [2023-08-05T11:54:26.966+0200] {dag.py:3504} INFO - Setting next_dagrun for latest_only_with_trigger to 2023-08-05T05:54:26.966210+00:00, run_after=2023-08-05T09:54:26.966210+00:00
[2023-08-05T11:54:26.988+0200] {processor.py:179} INFO - Processing /Users/felipe.vasconcelos/repos/courses/python-learnings/.venv/lib/python3.10/site-packages/airflow/example_dags/example_latest_only_with_trigger.py took 0.982 seconds
[2023-08-05T11:58:39.009+0200] {processor.py:157} INFO - Started process (PID=84643) to work on /Users/felipe.vasconcelos/repos/courses/python-learnings/.venv/lib/python3.10/site-packages/airflow/example_dags/example_latest_only_with_trigger.py
[2023-08-05T11:58:39.017+0200] {processor.py:826} INFO - Processing file /Users/felipe.vasconcelos/repos/courses/python-learnings/.venv/lib/python3.10/site-packages/airflow/example_dags/example_latest_only_with_trigger.py for tasks to queue
[2023-08-05T11:58:39.018+0200] {logging_mixin.py:150} INFO - [2023-08-05T11:58:39.018+0200] {dagbag.py:541} INFO - Filling up the DagBag from /Users/felipe.vasconcelos/repos/courses/python-learnings/.venv/lib/python3.10/site-packages/airflow/example_dags/example_latest_only_with_trigger.py
[2023-08-05T11:58:39.063+0200] {processor.py:836} INFO - DAG(s) dict_keys(['latest_only_with_trigger']) retrieved from /Users/felipe.vasconcelos/repos/courses/python-learnings/.venv/lib/python3.10/site-packages/airflow/example_dags/example_latest_only_with_trigger.py
[2023-08-05T11:58:40.610+0200] {logging_mixin.py:150} INFO - [2023-08-05T11:58:40.609+0200] {dag.py:2742} INFO - Sync 1 DAGs
[2023-08-05T11:58:40.648+0200] {logging_mixin.py:150} INFO - [2023-08-05T11:58:40.648+0200] {dag.py:3504} INFO - Setting next_dagrun for latest_only_with_trigger to 2023-08-05T05:58:40.648016+00:00, run_after=2023-08-05T09:58:40.648016+00:00
[2023-08-05T11:58:40.717+0200] {processor.py:179} INFO - Processing /Users/felipe.vasconcelos/repos/courses/python-learnings/.venv/lib/python3.10/site-packages/airflow/example_dags/example_latest_only_with_trigger.py took 1.710 seconds
[2023-08-05T12:02:27.914+0200] {processor.py:157} INFO - Started process (PID=84812) to work on /Users/felipe.vasconcelos/repos/courses/python-learnings/.venv/lib/python3.10/site-packages/airflow/example_dags/example_latest_only_with_trigger.py
[2023-08-05T12:02:27.922+0200] {processor.py:826} INFO - Processing file /Users/felipe.vasconcelos/repos/courses/python-learnings/.venv/lib/python3.10/site-packages/airflow/example_dags/example_latest_only_with_trigger.py for tasks to queue
[2023-08-05T12:02:27.923+0200] {logging_mixin.py:150} INFO - [2023-08-05T12:02:27.923+0200] {dagbag.py:541} INFO - Filling up the DagBag from /Users/felipe.vasconcelos/repos/courses/python-learnings/.venv/lib/python3.10/site-packages/airflow/example_dags/example_latest_only_with_trigger.py
[2023-08-05T12:02:27.960+0200] {processor.py:836} INFO - DAG(s) dict_keys(['latest_only_with_trigger']) retrieved from /Users/felipe.vasconcelos/repos/courses/python-learnings/.venv/lib/python3.10/site-packages/airflow/example_dags/example_latest_only_with_trigger.py
[2023-08-05T12:02:29.370+0200] {logging_mixin.py:150} INFO - [2023-08-05T12:02:29.370+0200] {dag.py:2742} INFO - Sync 1 DAGs
[2023-08-05T12:02:29.399+0200] {logging_mixin.py:150} INFO - [2023-08-05T12:02:29.399+0200] {dag.py:3504} INFO - Setting next_dagrun for latest_only_with_trigger to 2023-08-05T06:02:29.398098+00:00, run_after=2023-08-05T10:02:29.398098+00:00
[2023-08-05T12:02:29.429+0200] {processor.py:179} INFO - Processing /Users/felipe.vasconcelos/repos/courses/python-learnings/.venv/lib/python3.10/site-packages/airflow/example_dags/example_latest_only_with_trigger.py took 1.516 seconds
