[2023-08-05T10:40:56.829+0200] {processor.py:157} INFO - Started process (PID=82627) to work on /Users/felipe.vasconcelos/repos/courses/python-learnings/.venv/lib/python3.10/site-packages/airflow/example_dags/example_datasets.py
[2023-08-05T10:40:56.834+0200] {processor.py:826} INFO - Processing file /Users/felipe.vasconcelos/repos/courses/python-learnings/.venv/lib/python3.10/site-packages/airflow/example_dags/example_datasets.py for tasks to queue
[2023-08-05T10:40:56.835+0200] {logging_mixin.py:150} INFO - [2023-08-05T10:40:56.834+0200] {dagbag.py:541} INFO - Filling up the DagBag from /Users/felipe.vasconcelos/repos/courses/python-learnings/.venv/lib/python3.10/site-packages/airflow/example_dags/example_datasets.py
[2023-08-05T10:40:56.867+0200] {processor.py:836} INFO - DAG(s) dict_keys(['dataset_consumes_1_and_2', 'dataset_consumes_1_never_scheduled', 'dataset_consumes_unknown_never_scheduled', 'dataset_produces_2', 'dataset_produces_1', 'dataset_consumes_1']) retrieved from /Users/felipe.vasconcelos/repos/courses/python-learnings/.venv/lib/python3.10/site-packages/airflow/example_dags/example_datasets.py
[2023-08-05T10:40:57.715+0200] {logging_mixin.py:150} INFO - [2023-08-05T10:40:57.714+0200] {manager.py:504} INFO - Created Permission View: can edit on DAG:dataset_consumes_1_and_2
[2023-08-05T10:40:57.725+0200] {logging_mixin.py:150} INFO - [2023-08-05T10:40:57.724+0200] {manager.py:504} INFO - Created Permission View: can delete on DAG:dataset_consumes_1_and_2
[2023-08-05T10:40:57.732+0200] {logging_mixin.py:150} INFO - [2023-08-05T10:40:57.731+0200] {manager.py:504} INFO - Created Permission View: can read on DAG:dataset_consumes_1_and_2
[2023-08-05T10:40:57.757+0200] {logging_mixin.py:150} INFO - [2023-08-05T10:40:57.757+0200] {manager.py:504} INFO - Created Permission View: can edit on DAG:dataset_consumes_1_never_scheduled
[2023-08-05T10:40:57.764+0200] {logging_mixin.py:150} INFO - [2023-08-05T10:40:57.764+0200] {manager.py:504} INFO - Created Permission View: can delete on DAG:dataset_consumes_1_never_scheduled
[2023-08-05T10:40:57.771+0200] {logging_mixin.py:150} INFO - [2023-08-05T10:40:57.771+0200] {manager.py:504} INFO - Created Permission View: can read on DAG:dataset_consumes_1_never_scheduled
[2023-08-05T10:40:57.789+0200] {logging_mixin.py:150} INFO - [2023-08-05T10:40:57.789+0200] {manager.py:504} INFO - Created Permission View: can edit on DAG:dataset_consumes_unknown_never_scheduled
[2023-08-05T10:40:57.797+0200] {logging_mixin.py:150} INFO - [2023-08-05T10:40:57.796+0200] {manager.py:504} INFO - Created Permission View: can delete on DAG:dataset_consumes_unknown_never_scheduled
[2023-08-05T10:40:57.810+0200] {logging_mixin.py:150} INFO - [2023-08-05T10:40:57.809+0200] {manager.py:504} INFO - Created Permission View: can read on DAG:dataset_consumes_unknown_never_scheduled
[2023-08-05T10:40:57.830+0200] {logging_mixin.py:150} INFO - [2023-08-05T10:40:57.830+0200] {manager.py:504} INFO - Created Permission View: can edit on DAG:dataset_produces_2
[2023-08-05T10:40:57.838+0200] {logging_mixin.py:150} INFO - [2023-08-05T10:40:57.837+0200] {manager.py:504} INFO - Created Permission View: can delete on DAG:dataset_produces_2
[2023-08-05T10:40:57.845+0200] {logging_mixin.py:150} INFO - [2023-08-05T10:40:57.845+0200] {manager.py:504} INFO - Created Permission View: can read on DAG:dataset_produces_2
[2023-08-05T10:40:57.864+0200] {logging_mixin.py:150} INFO - [2023-08-05T10:40:57.863+0200] {manager.py:504} INFO - Created Permission View: can edit on DAG:dataset_produces_1
[2023-08-05T10:40:57.872+0200] {logging_mixin.py:150} INFO - [2023-08-05T10:40:57.872+0200] {manager.py:504} INFO - Created Permission View: can delete on DAG:dataset_produces_1
[2023-08-05T10:40:57.879+0200] {logging_mixin.py:150} INFO - [2023-08-05T10:40:57.879+0200] {manager.py:504} INFO - Created Permission View: can read on DAG:dataset_produces_1
[2023-08-05T10:40:57.901+0200] {logging_mixin.py:150} INFO - [2023-08-05T10:40:57.901+0200] {manager.py:504} INFO - Created Permission View: can edit on DAG:dataset_consumes_1
[2023-08-05T10:40:57.910+0200] {logging_mixin.py:150} INFO - [2023-08-05T10:40:57.909+0200] {manager.py:504} INFO - Created Permission View: can delete on DAG:dataset_consumes_1
[2023-08-05T10:40:57.918+0200] {logging_mixin.py:150} INFO - [2023-08-05T10:40:57.918+0200] {manager.py:504} INFO - Created Permission View: can read on DAG:dataset_consumes_1
[2023-08-05T10:40:57.925+0200] {logging_mixin.py:150} INFO - [2023-08-05T10:40:57.925+0200] {dag.py:2742} INFO - Sync 6 DAGs
[2023-08-05T10:40:57.941+0200] {logging_mixin.py:150} INFO - [2023-08-05T10:40:57.941+0200] {dag.py:2763} INFO - Creating ORM DAG for dataset_produces_1
[2023-08-05T10:40:57.942+0200] {logging_mixin.py:150} INFO - [2023-08-05T10:40:57.941+0200] {dag.py:2763} INFO - Creating ORM DAG for dataset_consumes_1
[2023-08-05T10:40:57.942+0200] {logging_mixin.py:150} INFO - [2023-08-05T10:40:57.942+0200] {dag.py:2763} INFO - Creating ORM DAG for dataset_produces_2
[2023-08-05T10:40:57.943+0200] {logging_mixin.py:150} INFO - [2023-08-05T10:40:57.943+0200] {dag.py:2763} INFO - Creating ORM DAG for dataset_consumes_unknown_never_scheduled
[2023-08-05T10:40:57.944+0200] {logging_mixin.py:150} INFO - [2023-08-05T10:40:57.943+0200] {dag.py:2763} INFO - Creating ORM DAG for dataset_consumes_1_and_2
[2023-08-05T10:40:57.944+0200] {logging_mixin.py:150} INFO - [2023-08-05T10:40:57.944+0200] {dag.py:2763} INFO - Creating ORM DAG for dataset_consumes_1_never_scheduled
[2023-08-05T10:40:57.956+0200] {logging_mixin.py:150} INFO - [2023-08-05T10:40:57.955+0200] {dag.py:3504} INFO - Setting next_dagrun for dataset_consumes_1 to None, run_after=None
[2023-08-05T10:40:57.957+0200] {logging_mixin.py:150} INFO - [2023-08-05T10:40:57.956+0200] {dag.py:3504} INFO - Setting next_dagrun for dataset_consumes_1_and_2 to None, run_after=None
[2023-08-05T10:40:57.957+0200] {logging_mixin.py:150} INFO - [2023-08-05T10:40:57.957+0200] {dag.py:3504} INFO - Setting next_dagrun for dataset_consumes_1_never_scheduled to None, run_after=None
[2023-08-05T10:40:57.958+0200] {logging_mixin.py:150} INFO - [2023-08-05T10:40:57.958+0200] {dag.py:3504} INFO - Setting next_dagrun for dataset_consumes_unknown_never_scheduled to None, run_after=None
[2023-08-05T10:40:57.960+0200] {logging_mixin.py:150} INFO - [2023-08-05T10:40:57.960+0200] {dag.py:3504} INFO - Setting next_dagrun for dataset_produces_1 to 2023-08-04T00:00:00+00:00, run_after=2023-08-05T00:00:00+00:00
[2023-08-05T10:40:57.961+0200] {logging_mixin.py:150} INFO - [2023-08-05T10:40:57.961+0200] {dag.py:3504} INFO - Setting next_dagrun for dataset_produces_2 to None, run_after=None
[2023-08-05T10:40:58.029+0200] {processor.py:179} INFO - Processing /Users/felipe.vasconcelos/repos/courses/python-learnings/.venv/lib/python3.10/site-packages/airflow/example_dags/example_datasets.py took 1.202 seconds
[2023-08-05T10:44:46.078+0200] {processor.py:157} INFO - Started process (PID=82741) to work on /Users/felipe.vasconcelos/repos/courses/python-learnings/.venv/lib/python3.10/site-packages/airflow/example_dags/example_datasets.py
[2023-08-05T10:44:46.087+0200] {processor.py:826} INFO - Processing file /Users/felipe.vasconcelos/repos/courses/python-learnings/.venv/lib/python3.10/site-packages/airflow/example_dags/example_datasets.py for tasks to queue
[2023-08-05T10:44:46.088+0200] {logging_mixin.py:150} INFO - [2023-08-05T10:44:46.087+0200] {dagbag.py:541} INFO - Filling up the DagBag from /Users/felipe.vasconcelos/repos/courses/python-learnings/.venv/lib/python3.10/site-packages/airflow/example_dags/example_datasets.py
[2023-08-05T10:44:46.140+0200] {processor.py:836} INFO - DAG(s) dict_keys(['dataset_consumes_1', 'dataset_consumes_1_and_2', 'dataset_produces_2', 'dataset_consumes_unknown_never_scheduled', 'dataset_consumes_1_never_scheduled', 'dataset_produces_1']) retrieved from /Users/felipe.vasconcelos/repos/courses/python-learnings/.venv/lib/python3.10/site-packages/airflow/example_dags/example_datasets.py
[2023-08-05T10:44:47.287+0200] {logging_mixin.py:150} INFO - [2023-08-05T10:44:47.287+0200] {dag.py:2742} INFO - Sync 6 DAGs
[2023-08-05T10:44:47.317+0200] {logging_mixin.py:150} INFO - [2023-08-05T10:44:47.317+0200] {dag.py:3504} INFO - Setting next_dagrun for dataset_consumes_1 to None, run_after=None
[2023-08-05T10:44:47.322+0200] {logging_mixin.py:150} INFO - [2023-08-05T10:44:47.321+0200] {dag.py:3504} INFO - Setting next_dagrun for dataset_consumes_1_and_2 to None, run_after=None
[2023-08-05T10:44:47.323+0200] {logging_mixin.py:150} INFO - [2023-08-05T10:44:47.323+0200] {dag.py:3504} INFO - Setting next_dagrun for dataset_consumes_1_never_scheduled to None, run_after=None
[2023-08-05T10:44:47.325+0200] {logging_mixin.py:150} INFO - [2023-08-05T10:44:47.325+0200] {dag.py:3504} INFO - Setting next_dagrun for dataset_consumes_unknown_never_scheduled to None, run_after=None
[2023-08-05T10:44:47.328+0200] {logging_mixin.py:150} INFO - [2023-08-05T10:44:47.328+0200] {dag.py:3504} INFO - Setting next_dagrun for dataset_produces_1 to 2023-08-04T00:00:00+00:00, run_after=2023-08-05T00:00:00+00:00
[2023-08-05T10:44:47.331+0200] {logging_mixin.py:150} INFO - [2023-08-05T10:44:47.331+0200] {dag.py:3504} INFO - Setting next_dagrun for dataset_produces_2 to None, run_after=None
[2023-08-05T10:44:47.378+0200] {processor.py:179} INFO - Processing /Users/felipe.vasconcelos/repos/courses/python-learnings/.venv/lib/python3.10/site-packages/airflow/example_dags/example_datasets.py took 1.301 seconds
[2023-08-05T10:49:57.294+0200] {processor.py:157} INFO - Started process (PID=82910) to work on /Users/felipe.vasconcelos/repos/courses/python-learnings/.venv/lib/python3.10/site-packages/airflow/example_dags/example_datasets.py
[2023-08-05T10:49:57.301+0200] {processor.py:826} INFO - Processing file /Users/felipe.vasconcelos/repos/courses/python-learnings/.venv/lib/python3.10/site-packages/airflow/example_dags/example_datasets.py for tasks to queue
[2023-08-05T10:49:57.302+0200] {logging_mixin.py:150} INFO - [2023-08-05T10:49:57.302+0200] {dagbag.py:541} INFO - Filling up the DagBag from /Users/felipe.vasconcelos/repos/courses/python-learnings/.venv/lib/python3.10/site-packages/airflow/example_dags/example_datasets.py
[2023-08-05T10:49:57.332+0200] {processor.py:836} INFO - DAG(s) dict_keys(['dataset_consumes_1_never_scheduled', 'dataset_consumes_1_and_2', 'dataset_produces_2', 'dataset_consumes_1', 'dataset_produces_1', 'dataset_consumes_unknown_never_scheduled']) retrieved from /Users/felipe.vasconcelos/repos/courses/python-learnings/.venv/lib/python3.10/site-packages/airflow/example_dags/example_datasets.py
[2023-08-05T10:49:58.041+0200] {logging_mixin.py:150} INFO - [2023-08-05T10:49:58.040+0200] {dag.py:2742} INFO - Sync 6 DAGs
[2023-08-05T10:49:58.058+0200] {logging_mixin.py:150} INFO - [2023-08-05T10:49:58.058+0200] {dag.py:3504} INFO - Setting next_dagrun for dataset_consumes_1 to None, run_after=None
[2023-08-05T10:49:58.061+0200] {logging_mixin.py:150} INFO - [2023-08-05T10:49:58.061+0200] {dag.py:3504} INFO - Setting next_dagrun for dataset_consumes_1_and_2 to None, run_after=None
[2023-08-05T10:49:58.062+0200] {logging_mixin.py:150} INFO - [2023-08-05T10:49:58.062+0200] {dag.py:3504} INFO - Setting next_dagrun for dataset_consumes_1_never_scheduled to None, run_after=None
[2023-08-05T10:49:58.063+0200] {logging_mixin.py:150} INFO - [2023-08-05T10:49:58.063+0200] {dag.py:3504} INFO - Setting next_dagrun for dataset_consumes_unknown_never_scheduled to None, run_after=None
[2023-08-05T10:49:58.065+0200] {logging_mixin.py:150} INFO - [2023-08-05T10:49:58.065+0200] {dag.py:3504} INFO - Setting next_dagrun for dataset_produces_1 to 2023-08-04T00:00:00+00:00, run_after=2023-08-05T00:00:00+00:00
[2023-08-05T10:49:58.066+0200] {logging_mixin.py:150} INFO - [2023-08-05T10:49:58.066+0200] {dag.py:3504} INFO - Setting next_dagrun for dataset_produces_2 to None, run_after=None
[2023-08-05T10:49:58.098+0200] {processor.py:179} INFO - Processing /Users/felipe.vasconcelos/repos/courses/python-learnings/.venv/lib/python3.10/site-packages/airflow/example_dags/example_datasets.py took 0.805 seconds
[2023-08-05T10:54:26.726+0200] {processor.py:157} INFO - Started process (PID=83033) to work on /Users/felipe.vasconcelos/repos/courses/python-learnings/.venv/lib/python3.10/site-packages/airflow/example_dags/example_datasets.py
[2023-08-05T10:54:26.733+0200] {processor.py:826} INFO - Processing file /Users/felipe.vasconcelos/repos/courses/python-learnings/.venv/lib/python3.10/site-packages/airflow/example_dags/example_datasets.py for tasks to queue
[2023-08-05T10:54:26.734+0200] {logging_mixin.py:150} INFO - [2023-08-05T10:54:26.733+0200] {dagbag.py:541} INFO - Filling up the DagBag from /Users/felipe.vasconcelos/repos/courses/python-learnings/.venv/lib/python3.10/site-packages/airflow/example_dags/example_datasets.py
[2023-08-05T10:54:26.769+0200] {processor.py:836} INFO - DAG(s) dict_keys(['dataset_consumes_1_and_2', 'dataset_produces_1', 'dataset_consumes_1_never_scheduled', 'dataset_produces_2', 'dataset_consumes_unknown_never_scheduled', 'dataset_consumes_1']) retrieved from /Users/felipe.vasconcelos/repos/courses/python-learnings/.venv/lib/python3.10/site-packages/airflow/example_dags/example_datasets.py
[2023-08-05T10:54:27.534+0200] {logging_mixin.py:150} INFO - [2023-08-05T10:54:27.534+0200] {dag.py:2742} INFO - Sync 6 DAGs
[2023-08-05T10:54:27.552+0200] {logging_mixin.py:150} INFO - [2023-08-05T10:54:27.551+0200] {dag.py:3504} INFO - Setting next_dagrun for dataset_consumes_1 to None, run_after=None
[2023-08-05T10:54:27.554+0200] {logging_mixin.py:150} INFO - [2023-08-05T10:54:27.554+0200] {dag.py:3504} INFO - Setting next_dagrun for dataset_consumes_1_and_2 to None, run_after=None
[2023-08-05T10:54:27.555+0200] {logging_mixin.py:150} INFO - [2023-08-05T10:54:27.555+0200] {dag.py:3504} INFO - Setting next_dagrun for dataset_consumes_1_never_scheduled to None, run_after=None
[2023-08-05T10:54:27.556+0200] {logging_mixin.py:150} INFO - [2023-08-05T10:54:27.556+0200] {dag.py:3504} INFO - Setting next_dagrun for dataset_consumes_unknown_never_scheduled to None, run_after=None
[2023-08-05T10:54:27.558+0200] {logging_mixin.py:150} INFO - [2023-08-05T10:54:27.558+0200] {dag.py:3504} INFO - Setting next_dagrun for dataset_produces_1 to 2023-08-04T00:00:00+00:00, run_after=2023-08-05T00:00:00+00:00
[2023-08-05T10:54:27.559+0200] {logging_mixin.py:150} INFO - [2023-08-05T10:54:27.559+0200] {dag.py:3504} INFO - Setting next_dagrun for dataset_produces_2 to None, run_after=None
[2023-08-05T10:54:27.592+0200] {processor.py:179} INFO - Processing /Users/felipe.vasconcelos/repos/courses/python-learnings/.venv/lib/python3.10/site-packages/airflow/example_dags/example_datasets.py took 0.867 seconds
[2023-08-05T10:58:48.169+0200] {processor.py:157} INFO - Started process (PID=83160) to work on /Users/felipe.vasconcelos/repos/courses/python-learnings/.venv/lib/python3.10/site-packages/airflow/example_dags/example_datasets.py
[2023-08-05T10:58:48.176+0200] {processor.py:826} INFO - Processing file /Users/felipe.vasconcelos/repos/courses/python-learnings/.venv/lib/python3.10/site-packages/airflow/example_dags/example_datasets.py for tasks to queue
[2023-08-05T10:58:48.177+0200] {logging_mixin.py:150} INFO - [2023-08-05T10:58:48.177+0200] {dagbag.py:541} INFO - Filling up the DagBag from /Users/felipe.vasconcelos/repos/courses/python-learnings/.venv/lib/python3.10/site-packages/airflow/example_dags/example_datasets.py
[2023-08-05T10:58:48.214+0200] {processor.py:836} INFO - DAG(s) dict_keys(['dataset_produces_2', 'dataset_consumes_1_never_scheduled', 'dataset_produces_1', 'dataset_consumes_1_and_2', 'dataset_consumes_unknown_never_scheduled', 'dataset_consumes_1']) retrieved from /Users/felipe.vasconcelos/repos/courses/python-learnings/.venv/lib/python3.10/site-packages/airflow/example_dags/example_datasets.py
[2023-08-05T10:58:49.083+0200] {logging_mixin.py:150} INFO - [2023-08-05T10:58:49.083+0200] {dag.py:2742} INFO - Sync 6 DAGs
[2023-08-05T10:58:49.102+0200] {logging_mixin.py:150} INFO - [2023-08-05T10:58:49.102+0200] {dag.py:3504} INFO - Setting next_dagrun for dataset_consumes_1 to None, run_after=None
[2023-08-05T10:58:49.105+0200] {logging_mixin.py:150} INFO - [2023-08-05T10:58:49.104+0200] {dag.py:3504} INFO - Setting next_dagrun for dataset_consumes_1_and_2 to None, run_after=None
[2023-08-05T10:58:49.106+0200] {logging_mixin.py:150} INFO - [2023-08-05T10:58:49.105+0200] {dag.py:3504} INFO - Setting next_dagrun for dataset_consumes_1_never_scheduled to None, run_after=None
[2023-08-05T10:58:49.106+0200] {logging_mixin.py:150} INFO - [2023-08-05T10:58:49.106+0200] {dag.py:3504} INFO - Setting next_dagrun for dataset_consumes_unknown_never_scheduled to None, run_after=None
[2023-08-05T10:58:49.109+0200] {logging_mixin.py:150} INFO - [2023-08-05T10:58:49.109+0200] {dag.py:3504} INFO - Setting next_dagrun for dataset_produces_1 to 2023-08-04T00:00:00+00:00, run_after=2023-08-05T00:00:00+00:00
[2023-08-05T10:58:49.110+0200] {logging_mixin.py:150} INFO - [2023-08-05T10:58:49.110+0200] {dag.py:3504} INFO - Setting next_dagrun for dataset_produces_2 to None, run_after=None
[2023-08-05T10:58:49.142+0200] {processor.py:179} INFO - Processing /Users/felipe.vasconcelos/repos/courses/python-learnings/.venv/lib/python3.10/site-packages/airflow/example_dags/example_datasets.py took 0.975 seconds
[2023-08-05T11:15:25.369+0200] {processor.py:157} INFO - Started process (PID=83356) to work on /Users/felipe.vasconcelos/repos/courses/python-learnings/.venv/lib/python3.10/site-packages/airflow/example_dags/example_datasets.py
[2023-08-05T11:15:25.374+0200] {processor.py:826} INFO - Processing file /Users/felipe.vasconcelos/repos/courses/python-learnings/.venv/lib/python3.10/site-packages/airflow/example_dags/example_datasets.py for tasks to queue
[2023-08-05T11:15:25.375+0200] {logging_mixin.py:150} INFO - [2023-08-05T11:15:25.375+0200] {dagbag.py:541} INFO - Filling up the DagBag from /Users/felipe.vasconcelos/repos/courses/python-learnings/.venv/lib/python3.10/site-packages/airflow/example_dags/example_datasets.py
[2023-08-05T11:15:25.403+0200] {processor.py:836} INFO - DAG(s) dict_keys(['dataset_produces_1', 'dataset_produces_2', 'dataset_consumes_1', 'dataset_consumes_1_and_2', 'dataset_consumes_1_never_scheduled', 'dataset_consumes_unknown_never_scheduled']) retrieved from /Users/felipe.vasconcelos/repos/courses/python-learnings/.venv/lib/python3.10/site-packages/airflow/example_dags/example_datasets.py
[2023-08-05T11:15:26.139+0200] {logging_mixin.py:150} INFO - [2023-08-05T11:15:26.139+0200] {dag.py:2742} INFO - Sync 6 DAGs
[2023-08-05T11:15:26.158+0200] {logging_mixin.py:150} INFO - [2023-08-05T11:15:26.158+0200] {dag.py:3504} INFO - Setting next_dagrun for dataset_consumes_1 to None, run_after=None
[2023-08-05T11:15:26.161+0200] {logging_mixin.py:150} INFO - [2023-08-05T11:15:26.161+0200] {dag.py:3504} INFO - Setting next_dagrun for dataset_consumes_1_and_2 to None, run_after=None
[2023-08-05T11:15:26.162+0200] {logging_mixin.py:150} INFO - [2023-08-05T11:15:26.162+0200] {dag.py:3504} INFO - Setting next_dagrun for dataset_consumes_1_never_scheduled to None, run_after=None
[2023-08-05T11:15:26.163+0200] {logging_mixin.py:150} INFO - [2023-08-05T11:15:26.163+0200] {dag.py:3504} INFO - Setting next_dagrun for dataset_consumes_unknown_never_scheduled to None, run_after=None
[2023-08-05T11:15:26.165+0200] {logging_mixin.py:150} INFO - [2023-08-05T11:15:26.165+0200] {dag.py:3504} INFO - Setting next_dagrun for dataset_produces_1 to 2023-08-04T00:00:00+00:00, run_after=2023-08-05T00:00:00+00:00
[2023-08-05T11:15:26.166+0200] {logging_mixin.py:150} INFO - [2023-08-05T11:15:26.166+0200] {dag.py:3504} INFO - Setting next_dagrun for dataset_produces_2 to None, run_after=None
[2023-08-05T11:15:26.202+0200] {processor.py:179} INFO - Processing /Users/felipe.vasconcelos/repos/courses/python-learnings/.venv/lib/python3.10/site-packages/airflow/example_dags/example_datasets.py took 0.834 seconds
[2023-08-05T11:19:38.688+0200] {processor.py:157} INFO - Started process (PID=83475) to work on /Users/felipe.vasconcelos/repos/courses/python-learnings/.venv/lib/python3.10/site-packages/airflow/example_dags/example_datasets.py
[2023-08-05T11:19:38.694+0200] {processor.py:826} INFO - Processing file /Users/felipe.vasconcelos/repos/courses/python-learnings/.venv/lib/python3.10/site-packages/airflow/example_dags/example_datasets.py for tasks to queue
[2023-08-05T11:19:38.695+0200] {logging_mixin.py:150} INFO - [2023-08-05T11:19:38.695+0200] {dagbag.py:541} INFO - Filling up the DagBag from /Users/felipe.vasconcelos/repos/courses/python-learnings/.venv/lib/python3.10/site-packages/airflow/example_dags/example_datasets.py
[2023-08-05T11:19:38.726+0200] {processor.py:836} INFO - DAG(s) dict_keys(['dataset_consumes_1', 'dataset_consumes_1_and_2', 'dataset_produces_2', 'dataset_consumes_unknown_never_scheduled', 'dataset_produces_1', 'dataset_consumes_1_never_scheduled']) retrieved from /Users/felipe.vasconcelos/repos/courses/python-learnings/.venv/lib/python3.10/site-packages/airflow/example_dags/example_datasets.py
[2023-08-05T11:19:39.448+0200] {logging_mixin.py:150} INFO - [2023-08-05T11:19:39.448+0200] {dag.py:2742} INFO - Sync 6 DAGs
[2023-08-05T11:19:39.471+0200] {logging_mixin.py:150} INFO - [2023-08-05T11:19:39.470+0200] {dag.py:3504} INFO - Setting next_dagrun for dataset_consumes_1 to None, run_after=None
[2023-08-05T11:19:39.474+0200] {logging_mixin.py:150} INFO - [2023-08-05T11:19:39.473+0200] {dag.py:3504} INFO - Setting next_dagrun for dataset_consumes_1_and_2 to None, run_after=None
[2023-08-05T11:19:39.474+0200] {logging_mixin.py:150} INFO - [2023-08-05T11:19:39.474+0200] {dag.py:3504} INFO - Setting next_dagrun for dataset_consumes_1_never_scheduled to None, run_after=None
[2023-08-05T11:19:39.475+0200] {logging_mixin.py:150} INFO - [2023-08-05T11:19:39.475+0200] {dag.py:3504} INFO - Setting next_dagrun for dataset_consumes_unknown_never_scheduled to None, run_after=None
[2023-08-05T11:19:39.478+0200] {logging_mixin.py:150} INFO - [2023-08-05T11:19:39.478+0200] {dag.py:3504} INFO - Setting next_dagrun for dataset_produces_1 to 2023-08-04T00:00:00+00:00, run_after=2023-08-05T00:00:00+00:00
[2023-08-05T11:19:39.479+0200] {logging_mixin.py:150} INFO - [2023-08-05T11:19:39.478+0200] {dag.py:3504} INFO - Setting next_dagrun for dataset_produces_2 to None, run_after=None
[2023-08-05T11:19:39.508+0200] {processor.py:179} INFO - Processing /Users/felipe.vasconcelos/repos/courses/python-learnings/.venv/lib/python3.10/site-packages/airflow/example_dags/example_datasets.py took 0.821 seconds
[2023-08-05T11:24:20.986+0200] {processor.py:157} INFO - Started process (PID=83602) to work on /Users/felipe.vasconcelos/repos/courses/python-learnings/.venv/lib/python3.10/site-packages/airflow/example_dags/example_datasets.py
[2023-08-05T11:24:20.992+0200] {processor.py:826} INFO - Processing file /Users/felipe.vasconcelos/repos/courses/python-learnings/.venv/lib/python3.10/site-packages/airflow/example_dags/example_datasets.py for tasks to queue
[2023-08-05T11:24:20.993+0200] {logging_mixin.py:150} INFO - [2023-08-05T11:24:20.993+0200] {dagbag.py:541} INFO - Filling up the DagBag from /Users/felipe.vasconcelos/repos/courses/python-learnings/.venv/lib/python3.10/site-packages/airflow/example_dags/example_datasets.py
[2023-08-05T11:24:21.025+0200] {processor.py:836} INFO - DAG(s) dict_keys(['dataset_produces_2', 'dataset_consumes_1_never_scheduled', 'dataset_consumes_1', 'dataset_consumes_1_and_2', 'dataset_produces_1', 'dataset_consumes_unknown_never_scheduled']) retrieved from /Users/felipe.vasconcelos/repos/courses/python-learnings/.venv/lib/python3.10/site-packages/airflow/example_dags/example_datasets.py
[2023-08-05T11:24:21.836+0200] {logging_mixin.py:150} INFO - [2023-08-05T11:24:21.836+0200] {dag.py:2742} INFO - Sync 6 DAGs
[2023-08-05T11:24:21.854+0200] {logging_mixin.py:150} INFO - [2023-08-05T11:24:21.853+0200] {dag.py:3504} INFO - Setting next_dagrun for dataset_consumes_1 to None, run_after=None
[2023-08-05T11:24:21.856+0200] {logging_mixin.py:150} INFO - [2023-08-05T11:24:21.856+0200] {dag.py:3504} INFO - Setting next_dagrun for dataset_consumes_1_and_2 to None, run_after=None
[2023-08-05T11:24:21.857+0200] {logging_mixin.py:150} INFO - [2023-08-05T11:24:21.857+0200] {dag.py:3504} INFO - Setting next_dagrun for dataset_consumes_1_never_scheduled to None, run_after=None
[2023-08-05T11:24:21.858+0200] {logging_mixin.py:150} INFO - [2023-08-05T11:24:21.858+0200] {dag.py:3504} INFO - Setting next_dagrun for dataset_consumes_unknown_never_scheduled to None, run_after=None
[2023-08-05T11:24:21.860+0200] {logging_mixin.py:150} INFO - [2023-08-05T11:24:21.860+0200] {dag.py:3504} INFO - Setting next_dagrun for dataset_produces_1 to 2023-08-04T00:00:00+00:00, run_after=2023-08-05T00:00:00+00:00
[2023-08-05T11:24:21.861+0200] {logging_mixin.py:150} INFO - [2023-08-05T11:24:21.861+0200] {dag.py:3504} INFO - Setting next_dagrun for dataset_produces_2 to None, run_after=None
[2023-08-05T11:24:21.892+0200] {processor.py:179} INFO - Processing /Users/felipe.vasconcelos/repos/courses/python-learnings/.venv/lib/python3.10/site-packages/airflow/example_dags/example_datasets.py took 0.906 seconds
[2023-08-05T11:28:46.682+0200] {processor.py:157} INFO - Started process (PID=83717) to work on /Users/felipe.vasconcelos/repos/courses/python-learnings/.venv/lib/python3.10/site-packages/airflow/example_dags/example_datasets.py
[2023-08-05T11:28:46.688+0200] {processor.py:826} INFO - Processing file /Users/felipe.vasconcelos/repos/courses/python-learnings/.venv/lib/python3.10/site-packages/airflow/example_dags/example_datasets.py for tasks to queue
[2023-08-05T11:28:46.689+0200] {logging_mixin.py:150} INFO - [2023-08-05T11:28:46.689+0200] {dagbag.py:541} INFO - Filling up the DagBag from /Users/felipe.vasconcelos/repos/courses/python-learnings/.venv/lib/python3.10/site-packages/airflow/example_dags/example_datasets.py
[2023-08-05T11:28:46.719+0200] {processor.py:836} INFO - DAG(s) dict_keys(['dataset_consumes_1', 'dataset_consumes_unknown_never_scheduled', 'dataset_produces_1', 'dataset_produces_2', 'dataset_consumes_1_and_2', 'dataset_consumes_1_never_scheduled']) retrieved from /Users/felipe.vasconcelos/repos/courses/python-learnings/.venv/lib/python3.10/site-packages/airflow/example_dags/example_datasets.py
[2023-08-05T11:28:47.487+0200] {logging_mixin.py:150} INFO - [2023-08-05T11:28:47.486+0200] {dag.py:2742} INFO - Sync 6 DAGs
[2023-08-05T11:28:47.504+0200] {logging_mixin.py:150} INFO - [2023-08-05T11:28:47.504+0200] {dag.py:3504} INFO - Setting next_dagrun for dataset_consumes_1 to None, run_after=None
[2023-08-05T11:28:47.507+0200] {logging_mixin.py:150} INFO - [2023-08-05T11:28:47.507+0200] {dag.py:3504} INFO - Setting next_dagrun for dataset_consumes_1_and_2 to None, run_after=None
[2023-08-05T11:28:47.508+0200] {logging_mixin.py:150} INFO - [2023-08-05T11:28:47.508+0200] {dag.py:3504} INFO - Setting next_dagrun for dataset_consumes_1_never_scheduled to None, run_after=None
[2023-08-05T11:28:47.509+0200] {logging_mixin.py:150} INFO - [2023-08-05T11:28:47.509+0200] {dag.py:3504} INFO - Setting next_dagrun for dataset_consumes_unknown_never_scheduled to None, run_after=None
[2023-08-05T11:28:47.512+0200] {logging_mixin.py:150} INFO - [2023-08-05T11:28:47.511+0200] {dag.py:3504} INFO - Setting next_dagrun for dataset_produces_1 to 2023-08-04T00:00:00+00:00, run_after=2023-08-05T00:00:00+00:00
[2023-08-05T11:28:47.512+0200] {logging_mixin.py:150} INFO - [2023-08-05T11:28:47.512+0200] {dag.py:3504} INFO - Setting next_dagrun for dataset_produces_2 to None, run_after=None
[2023-08-05T11:28:47.546+0200] {processor.py:179} INFO - Processing /Users/felipe.vasconcelos/repos/courses/python-learnings/.venv/lib/python3.10/site-packages/airflow/example_dags/example_datasets.py took 0.866 seconds
[2023-08-05T11:34:16.074+0200] {processor.py:157} INFO - Started process (PID=83901) to work on /Users/felipe.vasconcelos/repos/courses/python-learnings/.venv/lib/python3.10/site-packages/airflow/example_dags/example_datasets.py
[2023-08-05T11:34:16.080+0200] {processor.py:826} INFO - Processing file /Users/felipe.vasconcelos/repos/courses/python-learnings/.venv/lib/python3.10/site-packages/airflow/example_dags/example_datasets.py for tasks to queue
[2023-08-05T11:34:16.081+0200] {logging_mixin.py:150} INFO - [2023-08-05T11:34:16.081+0200] {dagbag.py:541} INFO - Filling up the DagBag from /Users/felipe.vasconcelos/repos/courses/python-learnings/.venv/lib/python3.10/site-packages/airflow/example_dags/example_datasets.py
[2023-08-05T11:34:16.118+0200] {processor.py:836} INFO - DAG(s) dict_keys(['dataset_produces_1', 'dataset_consumes_1_never_scheduled', 'dataset_consumes_1', 'dataset_consumes_1_and_2', 'dataset_consumes_unknown_never_scheduled', 'dataset_produces_2']) retrieved from /Users/felipe.vasconcelos/repos/courses/python-learnings/.venv/lib/python3.10/site-packages/airflow/example_dags/example_datasets.py
[2023-08-05T11:34:16.832+0200] {logging_mixin.py:150} INFO - [2023-08-05T11:34:16.832+0200] {dag.py:2742} INFO - Sync 6 DAGs
[2023-08-05T11:34:16.850+0200] {logging_mixin.py:150} INFO - [2023-08-05T11:34:16.850+0200] {dag.py:3504} INFO - Setting next_dagrun for dataset_consumes_1 to None, run_after=None
[2023-08-05T11:34:16.853+0200] {logging_mixin.py:150} INFO - [2023-08-05T11:34:16.853+0200] {dag.py:3504} INFO - Setting next_dagrun for dataset_consumes_1_and_2 to None, run_after=None
[2023-08-05T11:34:16.854+0200] {logging_mixin.py:150} INFO - [2023-08-05T11:34:16.854+0200] {dag.py:3504} INFO - Setting next_dagrun for dataset_consumes_1_never_scheduled to None, run_after=None
[2023-08-05T11:34:16.855+0200] {logging_mixin.py:150} INFO - [2023-08-05T11:34:16.855+0200] {dag.py:3504} INFO - Setting next_dagrun for dataset_consumes_unknown_never_scheduled to None, run_after=None
[2023-08-05T11:34:16.857+0200] {logging_mixin.py:150} INFO - [2023-08-05T11:34:16.857+0200] {dag.py:3504} INFO - Setting next_dagrun for dataset_produces_1 to 2023-08-04T00:00:00+00:00, run_after=2023-08-05T00:00:00+00:00
[2023-08-05T11:34:16.858+0200] {logging_mixin.py:150} INFO - [2023-08-05T11:34:16.858+0200] {dag.py:3504} INFO - Setting next_dagrun for dataset_produces_2 to None, run_after=None
[2023-08-05T11:34:16.890+0200] {processor.py:179} INFO - Processing /Users/felipe.vasconcelos/repos/courses/python-learnings/.venv/lib/python3.10/site-packages/airflow/example_dags/example_datasets.py took 0.817 seconds
[2023-08-05T11:38:37.553+0200] {processor.py:157} INFO - Started process (PID=84032) to work on /Users/felipe.vasconcelos/repos/courses/python-learnings/.venv/lib/python3.10/site-packages/airflow/example_dags/example_datasets.py
[2023-08-05T11:38:37.559+0200] {processor.py:826} INFO - Processing file /Users/felipe.vasconcelos/repos/courses/python-learnings/.venv/lib/python3.10/site-packages/airflow/example_dags/example_datasets.py for tasks to queue
[2023-08-05T11:38:37.560+0200] {logging_mixin.py:150} INFO - [2023-08-05T11:38:37.560+0200] {dagbag.py:541} INFO - Filling up the DagBag from /Users/felipe.vasconcelos/repos/courses/python-learnings/.venv/lib/python3.10/site-packages/airflow/example_dags/example_datasets.py
[2023-08-05T11:38:37.590+0200] {processor.py:836} INFO - DAG(s) dict_keys(['dataset_consumes_1', 'dataset_produces_1', 'dataset_consumes_1_never_scheduled', 'dataset_consumes_1_and_2', 'dataset_produces_2', 'dataset_consumes_unknown_never_scheduled']) retrieved from /Users/felipe.vasconcelos/repos/courses/python-learnings/.venv/lib/python3.10/site-packages/airflow/example_dags/example_datasets.py
[2023-08-05T11:38:38.275+0200] {logging_mixin.py:150} INFO - [2023-08-05T11:38:38.275+0200] {dag.py:2742} INFO - Sync 6 DAGs
[2023-08-05T11:38:38.293+0200] {logging_mixin.py:150} INFO - [2023-08-05T11:38:38.293+0200] {dag.py:3504} INFO - Setting next_dagrun for dataset_consumes_1 to None, run_after=None
[2023-08-05T11:38:38.296+0200] {logging_mixin.py:150} INFO - [2023-08-05T11:38:38.296+0200] {dag.py:3504} INFO - Setting next_dagrun for dataset_consumes_1_and_2 to None, run_after=None
[2023-08-05T11:38:38.297+0200] {logging_mixin.py:150} INFO - [2023-08-05T11:38:38.297+0200] {dag.py:3504} INFO - Setting next_dagrun for dataset_consumes_1_never_scheduled to None, run_after=None
[2023-08-05T11:38:38.298+0200] {logging_mixin.py:150} INFO - [2023-08-05T11:38:38.297+0200] {dag.py:3504} INFO - Setting next_dagrun for dataset_consumes_unknown_never_scheduled to None, run_after=None
[2023-08-05T11:38:38.300+0200] {logging_mixin.py:150} INFO - [2023-08-05T11:38:38.300+0200] {dag.py:3504} INFO - Setting next_dagrun for dataset_produces_1 to 2023-08-04T00:00:00+00:00, run_after=2023-08-05T00:00:00+00:00
[2023-08-05T11:38:38.301+0200] {logging_mixin.py:150} INFO - [2023-08-05T11:38:38.301+0200] {dag.py:3504} INFO - Setting next_dagrun for dataset_produces_2 to None, run_after=None
[2023-08-05T11:38:38.331+0200] {processor.py:179} INFO - Processing /Users/felipe.vasconcelos/repos/courses/python-learnings/.venv/lib/python3.10/site-packages/airflow/example_dags/example_datasets.py took 0.779 seconds
[2023-08-05T11:43:01.563+0200] {processor.py:157} INFO - Started process (PID=84159) to work on /Users/felipe.vasconcelos/repos/courses/python-learnings/.venv/lib/python3.10/site-packages/airflow/example_dags/example_datasets.py
[2023-08-05T11:43:01.569+0200] {processor.py:826} INFO - Processing file /Users/felipe.vasconcelos/repos/courses/python-learnings/.venv/lib/python3.10/site-packages/airflow/example_dags/example_datasets.py for tasks to queue
[2023-08-05T11:43:01.570+0200] {logging_mixin.py:150} INFO - [2023-08-05T11:43:01.570+0200] {dagbag.py:541} INFO - Filling up the DagBag from /Users/felipe.vasconcelos/repos/courses/python-learnings/.venv/lib/python3.10/site-packages/airflow/example_dags/example_datasets.py
[2023-08-05T11:43:01.598+0200] {processor.py:836} INFO - DAG(s) dict_keys(['dataset_produces_1', 'dataset_consumes_1_never_scheduled', 'dataset_consumes_unknown_never_scheduled', 'dataset_consumes_1', 'dataset_produces_2', 'dataset_consumes_1_and_2']) retrieved from /Users/felipe.vasconcelos/repos/courses/python-learnings/.venv/lib/python3.10/site-packages/airflow/example_dags/example_datasets.py
[2023-08-05T11:43:02.319+0200] {logging_mixin.py:150} INFO - [2023-08-05T11:43:02.318+0200] {dag.py:2742} INFO - Sync 6 DAGs
[2023-08-05T11:43:02.345+0200] {logging_mixin.py:150} INFO - [2023-08-05T11:43:02.345+0200] {dag.py:3504} INFO - Setting next_dagrun for dataset_consumes_1 to None, run_after=None
[2023-08-05T11:43:02.349+0200] {logging_mixin.py:150} INFO - [2023-08-05T11:43:02.348+0200] {dag.py:3504} INFO - Setting next_dagrun for dataset_consumes_1_and_2 to None, run_after=None
[2023-08-05T11:43:02.350+0200] {logging_mixin.py:150} INFO - [2023-08-05T11:43:02.350+0200] {dag.py:3504} INFO - Setting next_dagrun for dataset_consumes_1_never_scheduled to None, run_after=None
[2023-08-05T11:43:02.353+0200] {logging_mixin.py:150} INFO - [2023-08-05T11:43:02.352+0200] {dag.py:3504} INFO - Setting next_dagrun for dataset_consumes_unknown_never_scheduled to None, run_after=None
[2023-08-05T11:43:02.357+0200] {logging_mixin.py:150} INFO - [2023-08-05T11:43:02.356+0200] {dag.py:3504} INFO - Setting next_dagrun for dataset_produces_1 to 2023-08-04T00:00:00+00:00, run_after=2023-08-05T00:00:00+00:00
[2023-08-05T11:43:02.358+0200] {logging_mixin.py:150} INFO - [2023-08-05T11:43:02.358+0200] {dag.py:3504} INFO - Setting next_dagrun for dataset_produces_2 to None, run_after=None
[2023-08-05T11:43:02.395+0200] {processor.py:179} INFO - Processing /Users/felipe.vasconcelos/repos/courses/python-learnings/.venv/lib/python3.10/site-packages/airflow/example_dags/example_datasets.py took 0.833 seconds
[2023-08-05T11:47:37.459+0200] {processor.py:157} INFO - Started process (PID=84315) to work on /Users/felipe.vasconcelos/repos/courses/python-learnings/.venv/lib/python3.10/site-packages/airflow/example_dags/example_datasets.py
[2023-08-05T11:47:37.464+0200] {processor.py:826} INFO - Processing file /Users/felipe.vasconcelos/repos/courses/python-learnings/.venv/lib/python3.10/site-packages/airflow/example_dags/example_datasets.py for tasks to queue
[2023-08-05T11:47:37.465+0200] {logging_mixin.py:150} INFO - [2023-08-05T11:47:37.465+0200] {dagbag.py:541} INFO - Filling up the DagBag from /Users/felipe.vasconcelos/repos/courses/python-learnings/.venv/lib/python3.10/site-packages/airflow/example_dags/example_datasets.py
[2023-08-05T11:47:37.503+0200] {processor.py:836} INFO - DAG(s) dict_keys(['dataset_consumes_1_never_scheduled', 'dataset_consumes_1_and_2', 'dataset_produces_1', 'dataset_produces_2', 'dataset_consumes_1', 'dataset_consumes_unknown_never_scheduled']) retrieved from /Users/felipe.vasconcelos/repos/courses/python-learnings/.venv/lib/python3.10/site-packages/airflow/example_dags/example_datasets.py
[2023-08-05T11:47:38.806+0200] {logging_mixin.py:150} INFO - [2023-08-05T11:47:38.806+0200] {dag.py:2742} INFO - Sync 6 DAGs
[2023-08-05T11:47:38.825+0200] {logging_mixin.py:150} INFO - [2023-08-05T11:47:38.825+0200] {dag.py:3504} INFO - Setting next_dagrun for dataset_consumes_1 to None, run_after=None
[2023-08-05T11:47:38.828+0200] {logging_mixin.py:150} INFO - [2023-08-05T11:47:38.828+0200] {dag.py:3504} INFO - Setting next_dagrun for dataset_consumes_1_and_2 to None, run_after=None
[2023-08-05T11:47:38.829+0200] {logging_mixin.py:150} INFO - [2023-08-05T11:47:38.829+0200] {dag.py:3504} INFO - Setting next_dagrun for dataset_consumes_1_never_scheduled to None, run_after=None
[2023-08-05T11:47:38.830+0200] {logging_mixin.py:150} INFO - [2023-08-05T11:47:38.830+0200] {dag.py:3504} INFO - Setting next_dagrun for dataset_consumes_unknown_never_scheduled to None, run_after=None
[2023-08-05T11:47:38.833+0200] {logging_mixin.py:150} INFO - [2023-08-05T11:47:38.832+0200] {dag.py:3504} INFO - Setting next_dagrun for dataset_produces_1 to 2023-08-04T00:00:00+00:00, run_after=2023-08-05T00:00:00+00:00
[2023-08-05T11:47:38.833+0200] {logging_mixin.py:150} INFO - [2023-08-05T11:47:38.833+0200] {dag.py:3504} INFO - Setting next_dagrun for dataset_produces_2 to None, run_after=None
[2023-08-05T11:47:38.877+0200] {processor.py:179} INFO - Processing /Users/felipe.vasconcelos/repos/courses/python-learnings/.venv/lib/python3.10/site-packages/airflow/example_dags/example_datasets.py took 1.419 seconds
[2023-08-05T11:52:32.645+0200] {processor.py:157} INFO - Started process (PID=84465) to work on /Users/felipe.vasconcelos/repos/courses/python-learnings/.venv/lib/python3.10/site-packages/airflow/example_dags/example_datasets.py
[2023-08-05T11:52:32.651+0200] {processor.py:826} INFO - Processing file /Users/felipe.vasconcelos/repos/courses/python-learnings/.venv/lib/python3.10/site-packages/airflow/example_dags/example_datasets.py for tasks to queue
[2023-08-05T11:52:32.652+0200] {logging_mixin.py:150} INFO - [2023-08-05T11:52:32.652+0200] {dagbag.py:541} INFO - Filling up the DagBag from /Users/felipe.vasconcelos/repos/courses/python-learnings/.venv/lib/python3.10/site-packages/airflow/example_dags/example_datasets.py
[2023-08-05T11:52:32.686+0200] {processor.py:836} INFO - DAG(s) dict_keys(['dataset_produces_2', 'dataset_consumes_1_and_2', 'dataset_produces_1', 'dataset_consumes_1_never_scheduled', 'dataset_consumes_unknown_never_scheduled', 'dataset_consumes_1']) retrieved from /Users/felipe.vasconcelos/repos/courses/python-learnings/.venv/lib/python3.10/site-packages/airflow/example_dags/example_datasets.py
[2023-08-05T11:52:33.386+0200] {logging_mixin.py:150} INFO - [2023-08-05T11:52:33.386+0200] {dag.py:2742} INFO - Sync 6 DAGs
[2023-08-05T11:52:33.404+0200] {logging_mixin.py:150} INFO - [2023-08-05T11:52:33.404+0200] {dag.py:3504} INFO - Setting next_dagrun for dataset_consumes_1 to None, run_after=None
[2023-08-05T11:52:33.407+0200] {logging_mixin.py:150} INFO - [2023-08-05T11:52:33.407+0200] {dag.py:3504} INFO - Setting next_dagrun for dataset_consumes_1_and_2 to None, run_after=None
[2023-08-05T11:52:33.408+0200] {logging_mixin.py:150} INFO - [2023-08-05T11:52:33.407+0200] {dag.py:3504} INFO - Setting next_dagrun for dataset_consumes_1_never_scheduled to None, run_after=None
[2023-08-05T11:52:33.408+0200] {logging_mixin.py:150} INFO - [2023-08-05T11:52:33.408+0200] {dag.py:3504} INFO - Setting next_dagrun for dataset_consumes_unknown_never_scheduled to None, run_after=None
[2023-08-05T11:52:33.410+0200] {logging_mixin.py:150} INFO - [2023-08-05T11:52:33.410+0200] {dag.py:3504} INFO - Setting next_dagrun for dataset_produces_1 to 2023-08-04T00:00:00+00:00, run_after=2023-08-05T00:00:00+00:00
[2023-08-05T11:52:33.411+0200] {logging_mixin.py:150} INFO - [2023-08-05T11:52:33.411+0200] {dag.py:3504} INFO - Setting next_dagrun for dataset_produces_2 to None, run_after=None
[2023-08-05T11:52:33.441+0200] {processor.py:179} INFO - Processing /Users/felipe.vasconcelos/repos/courses/python-learnings/.venv/lib/python3.10/site-packages/airflow/example_dags/example_datasets.py took 0.798 seconds
[2023-08-05T11:56:41.947+0200] {processor.py:157} INFO - Started process (PID=84588) to work on /Users/felipe.vasconcelos/repos/courses/python-learnings/.venv/lib/python3.10/site-packages/airflow/example_dags/example_datasets.py
[2023-08-05T11:56:41.953+0200] {processor.py:826} INFO - Processing file /Users/felipe.vasconcelos/repos/courses/python-learnings/.venv/lib/python3.10/site-packages/airflow/example_dags/example_datasets.py for tasks to queue
[2023-08-05T11:56:41.953+0200] {logging_mixin.py:150} INFO - [2023-08-05T11:56:41.953+0200] {dagbag.py:541} INFO - Filling up the DagBag from /Users/felipe.vasconcelos/repos/courses/python-learnings/.venv/lib/python3.10/site-packages/airflow/example_dags/example_datasets.py
[2023-08-05T11:56:41.982+0200] {processor.py:836} INFO - DAG(s) dict_keys(['dataset_consumes_1_and_2', 'dataset_consumes_1_never_scheduled', 'dataset_consumes_1', 'dataset_consumes_unknown_never_scheduled', 'dataset_produces_1', 'dataset_produces_2']) retrieved from /Users/felipe.vasconcelos/repos/courses/python-learnings/.venv/lib/python3.10/site-packages/airflow/example_dags/example_datasets.py
[2023-08-05T11:56:42.750+0200] {logging_mixin.py:150} INFO - [2023-08-05T11:56:42.749+0200] {dag.py:2742} INFO - Sync 6 DAGs
[2023-08-05T11:56:42.767+0200] {logging_mixin.py:150} INFO - [2023-08-05T11:56:42.767+0200] {dag.py:3504} INFO - Setting next_dagrun for dataset_consumes_1 to None, run_after=None
[2023-08-05T11:56:42.770+0200] {logging_mixin.py:150} INFO - [2023-08-05T11:56:42.770+0200] {dag.py:3504} INFO - Setting next_dagrun for dataset_consumes_1_and_2 to None, run_after=None
[2023-08-05T11:56:42.771+0200] {logging_mixin.py:150} INFO - [2023-08-05T11:56:42.771+0200] {dag.py:3504} INFO - Setting next_dagrun for dataset_consumes_1_never_scheduled to None, run_after=None
[2023-08-05T11:56:42.772+0200] {logging_mixin.py:150} INFO - [2023-08-05T11:56:42.772+0200] {dag.py:3504} INFO - Setting next_dagrun for dataset_consumes_unknown_never_scheduled to None, run_after=None
[2023-08-05T11:56:42.774+0200] {logging_mixin.py:150} INFO - [2023-08-05T11:56:42.774+0200] {dag.py:3504} INFO - Setting next_dagrun for dataset_produces_1 to 2023-08-04T00:00:00+00:00, run_after=2023-08-05T00:00:00+00:00
[2023-08-05T11:56:42.775+0200] {logging_mixin.py:150} INFO - [2023-08-05T11:56:42.775+0200] {dag.py:3504} INFO - Setting next_dagrun for dataset_produces_2 to None, run_after=None
[2023-08-05T11:56:42.805+0200] {processor.py:179} INFO - Processing /Users/felipe.vasconcelos/repos/courses/python-learnings/.venv/lib/python3.10/site-packages/airflow/example_dags/example_datasets.py took 0.859 seconds
[2023-08-05T12:02:57.266+0200] {processor.py:157} INFO - Started process (PID=84833) to work on /Users/felipe.vasconcelos/repos/courses/python-learnings/.venv/lib/python3.10/site-packages/airflow/example_dags/example_datasets.py
[2023-08-05T12:02:57.272+0200] {processor.py:826} INFO - Processing file /Users/felipe.vasconcelos/repos/courses/python-learnings/.venv/lib/python3.10/site-packages/airflow/example_dags/example_datasets.py for tasks to queue
[2023-08-05T12:02:57.273+0200] {logging_mixin.py:150} INFO - [2023-08-05T12:02:57.273+0200] {dagbag.py:541} INFO - Filling up the DagBag from /Users/felipe.vasconcelos/repos/courses/python-learnings/.venv/lib/python3.10/site-packages/airflow/example_dags/example_datasets.py
[2023-08-05T12:02:57.313+0200] {processor.py:836} INFO - DAG(s) dict_keys(['dataset_consumes_1_never_scheduled', 'dataset_consumes_unknown_never_scheduled', 'dataset_consumes_1_and_2', 'dataset_consumes_1', 'dataset_produces_2', 'dataset_produces_1']) retrieved from /Users/felipe.vasconcelos/repos/courses/python-learnings/.venv/lib/python3.10/site-packages/airflow/example_dags/example_datasets.py
[2023-08-05T12:02:58.343+0200] {logging_mixin.py:150} INFO - [2023-08-05T12:02:58.343+0200] {dag.py:2742} INFO - Sync 6 DAGs
[2023-08-05T12:02:58.392+0200] {logging_mixin.py:150} INFO - [2023-08-05T12:02:58.392+0200] {dag.py:3504} INFO - Setting next_dagrun for dataset_consumes_1 to None, run_after=None
[2023-08-05T12:02:58.403+0200] {logging_mixin.py:150} INFO - [2023-08-05T12:02:58.402+0200] {dag.py:3504} INFO - Setting next_dagrun for dataset_consumes_1_and_2 to None, run_after=None
[2023-08-05T12:02:58.407+0200] {logging_mixin.py:150} INFO - [2023-08-05T12:02:58.407+0200] {dag.py:3504} INFO - Setting next_dagrun for dataset_consumes_1_never_scheduled to None, run_after=None
[2023-08-05T12:02:58.412+0200] {logging_mixin.py:150} INFO - [2023-08-05T12:02:58.412+0200] {dag.py:3504} INFO - Setting next_dagrun for dataset_consumes_unknown_never_scheduled to None, run_after=None
[2023-08-05T12:02:58.419+0200] {logging_mixin.py:150} INFO - [2023-08-05T12:02:58.419+0200] {dag.py:3504} INFO - Setting next_dagrun for dataset_produces_1 to 2023-08-04T00:00:00+00:00, run_after=2023-08-05T00:00:00+00:00
[2023-08-05T12:02:58.421+0200] {logging_mixin.py:150} INFO - [2023-08-05T12:02:58.421+0200] {dag.py:3504} INFO - Setting next_dagrun for dataset_produces_2 to None, run_after=None
[2023-08-05T12:02:58.464+0200] {processor.py:179} INFO - Processing /Users/felipe.vasconcelos/repos/courses/python-learnings/.venv/lib/python3.10/site-packages/airflow/example_dags/example_datasets.py took 1.199 seconds
