[2023-08-05T10:41:04.450+0200] {processor.py:157} INFO - Started process (PID=82630) to work on /Users/felipe.vasconcelos/repos/courses/python-learnings/.venv/lib/python3.10/site-packages/airflow/example_dags/example_complex.py
[2023-08-05T10:41:04.456+0200] {processor.py:826} INFO - Processing file /Users/felipe.vasconcelos/repos/courses/python-learnings/.venv/lib/python3.10/site-packages/airflow/example_dags/example_complex.py for tasks to queue
[2023-08-05T10:41:04.456+0200] {logging_mixin.py:150} INFO - [2023-08-05T10:41:04.456+0200] {dagbag.py:541} INFO - Filling up the DagBag from /Users/felipe.vasconcelos/repos/courses/python-learnings/.venv/lib/python3.10/site-packages/airflow/example_dags/example_complex.py
[2023-08-05T10:41:04.487+0200] {processor.py:836} INFO - DAG(s) dict_keys(['example_complex']) retrieved from /Users/felipe.vasconcelos/repos/courses/python-learnings/.venv/lib/python3.10/site-packages/airflow/example_dags/example_complex.py
[2023-08-05T10:41:05.367+0200] {logging_mixin.py:150} INFO - [2023-08-05T10:41:05.367+0200] {manager.py:504} INFO - Created Permission View: can edit on DAG:example_complex
[2023-08-05T10:41:05.378+0200] {logging_mixin.py:150} INFO - [2023-08-05T10:41:05.378+0200] {manager.py:504} INFO - Created Permission View: can read on DAG:example_complex
[2023-08-05T10:41:05.386+0200] {logging_mixin.py:150} INFO - [2023-08-05T10:41:05.386+0200] {manager.py:504} INFO - Created Permission View: can delete on DAG:example_complex
[2023-08-05T10:41:05.400+0200] {logging_mixin.py:150} INFO - [2023-08-05T10:41:05.399+0200] {dag.py:2742} INFO - Sync 1 DAGs
[2023-08-05T10:41:05.411+0200] {logging_mixin.py:150} INFO - [2023-08-05T10:41:05.411+0200] {dag.py:2763} INFO - Creating ORM DAG for example_complex
[2023-08-05T10:41:05.420+0200] {logging_mixin.py:150} INFO - [2023-08-05T10:41:05.420+0200] {dag.py:3504} INFO - Setting next_dagrun for example_complex to None, run_after=None
[2023-08-05T10:41:05.441+0200] {processor.py:179} INFO - Processing /Users/felipe.vasconcelos/repos/courses/python-learnings/.venv/lib/python3.10/site-packages/airflow/example_dags/example_complex.py took 0.992 seconds
[2023-08-05T10:47:26.039+0200] {processor.py:157} INFO - Started process (PID=82843) to work on /Users/felipe.vasconcelos/repos/courses/python-learnings/.venv/lib/python3.10/site-packages/airflow/example_dags/example_complex.py
[2023-08-05T10:47:26.045+0200] {processor.py:826} INFO - Processing file /Users/felipe.vasconcelos/repos/courses/python-learnings/.venv/lib/python3.10/site-packages/airflow/example_dags/example_complex.py for tasks to queue
[2023-08-05T10:47:26.047+0200] {logging_mixin.py:150} INFO - [2023-08-05T10:47:26.047+0200] {dagbag.py:541} INFO - Filling up the DagBag from /Users/felipe.vasconcelos/repos/courses/python-learnings/.venv/lib/python3.10/site-packages/airflow/example_dags/example_complex.py
[2023-08-05T10:47:26.086+0200] {processor.py:836} INFO - DAG(s) dict_keys(['example_complex']) retrieved from /Users/felipe.vasconcelos/repos/courses/python-learnings/.venv/lib/python3.10/site-packages/airflow/example_dags/example_complex.py
[2023-08-05T10:47:26.837+0200] {logging_mixin.py:150} INFO - [2023-08-05T10:47:26.837+0200] {dag.py:2742} INFO - Sync 1 DAGs
[2023-08-05T10:47:26.854+0200] {logging_mixin.py:150} INFO - [2023-08-05T10:47:26.854+0200] {dag.py:3504} INFO - Setting next_dagrun for example_complex to None, run_after=None
[2023-08-05T10:47:26.876+0200] {processor.py:179} INFO - Processing /Users/felipe.vasconcelos/repos/courses/python-learnings/.venv/lib/python3.10/site-packages/airflow/example_dags/example_complex.py took 0.838 seconds
[2023-08-05T10:51:50.827+0200] {processor.py:157} INFO - Started process (PID=82969) to work on /Users/felipe.vasconcelos/repos/courses/python-learnings/.venv/lib/python3.10/site-packages/airflow/example_dags/example_complex.py
[2023-08-05T10:51:50.833+0200] {processor.py:826} INFO - Processing file /Users/felipe.vasconcelos/repos/courses/python-learnings/.venv/lib/python3.10/site-packages/airflow/example_dags/example_complex.py for tasks to queue
[2023-08-05T10:51:50.834+0200] {logging_mixin.py:150} INFO - [2023-08-05T10:51:50.834+0200] {dagbag.py:541} INFO - Filling up the DagBag from /Users/felipe.vasconcelos/repos/courses/python-learnings/.venv/lib/python3.10/site-packages/airflow/example_dags/example_complex.py
[2023-08-05T10:51:50.867+0200] {processor.py:836} INFO - DAG(s) dict_keys(['example_complex']) retrieved from /Users/felipe.vasconcelos/repos/courses/python-learnings/.venv/lib/python3.10/site-packages/airflow/example_dags/example_complex.py
[2023-08-05T10:51:51.564+0200] {logging_mixin.py:150} INFO - [2023-08-05T10:51:51.564+0200] {dag.py:2742} INFO - Sync 1 DAGs
[2023-08-05T10:51:51.580+0200] {logging_mixin.py:150} INFO - [2023-08-05T10:51:51.580+0200] {dag.py:3504} INFO - Setting next_dagrun for example_complex to None, run_after=None
[2023-08-05T10:51:51.599+0200] {processor.py:179} INFO - Processing /Users/felipe.vasconcelos/repos/courses/python-learnings/.venv/lib/python3.10/site-packages/airflow/example_dags/example_complex.py took 0.774 seconds
[2023-08-05T10:54:33.596+0200] {processor.py:157} INFO - Started process (PID=83036) to work on /Users/felipe.vasconcelos/repos/courses/python-learnings/.venv/lib/python3.10/site-packages/airflow/example_dags/example_complex.py
[2023-08-05T10:54:33.602+0200] {processor.py:826} INFO - Processing file /Users/felipe.vasconcelos/repos/courses/python-learnings/.venv/lib/python3.10/site-packages/airflow/example_dags/example_complex.py for tasks to queue
[2023-08-05T10:54:33.603+0200] {logging_mixin.py:150} INFO - [2023-08-05T10:54:33.603+0200] {dagbag.py:541} INFO - Filling up the DagBag from /Users/felipe.vasconcelos/repos/courses/python-learnings/.venv/lib/python3.10/site-packages/airflow/example_dags/example_complex.py
[2023-08-05T10:54:33.637+0200] {processor.py:836} INFO - DAG(s) dict_keys(['example_complex']) retrieved from /Users/felipe.vasconcelos/repos/courses/python-learnings/.venv/lib/python3.10/site-packages/airflow/example_dags/example_complex.py
[2023-08-05T10:54:34.324+0200] {logging_mixin.py:150} INFO - [2023-08-05T10:54:34.324+0200] {dag.py:2742} INFO - Sync 1 DAGs
[2023-08-05T10:54:34.341+0200] {logging_mixin.py:150} INFO - [2023-08-05T10:54:34.341+0200] {dag.py:3504} INFO - Setting next_dagrun for example_complex to None, run_after=None
[2023-08-05T10:54:34.364+0200] {processor.py:179} INFO - Processing /Users/felipe.vasconcelos/repos/courses/python-learnings/.venv/lib/python3.10/site-packages/airflow/example_dags/example_complex.py took 0.769 seconds
[2023-08-05T10:58:55.143+0200] {processor.py:157} INFO - Started process (PID=83163) to work on /Users/felipe.vasconcelos/repos/courses/python-learnings/.venv/lib/python3.10/site-packages/airflow/example_dags/example_complex.py
[2023-08-05T10:58:55.171+0200] {processor.py:826} INFO - Processing file /Users/felipe.vasconcelos/repos/courses/python-learnings/.venv/lib/python3.10/site-packages/airflow/example_dags/example_complex.py for tasks to queue
[2023-08-05T10:58:55.172+0200] {logging_mixin.py:150} INFO - [2023-08-05T10:58:55.172+0200] {dagbag.py:541} INFO - Filling up the DagBag from /Users/felipe.vasconcelos/repos/courses/python-learnings/.venv/lib/python3.10/site-packages/airflow/example_dags/example_complex.py
[2023-08-05T10:58:55.236+0200] {processor.py:836} INFO - DAG(s) dict_keys(['example_complex']) retrieved from /Users/felipe.vasconcelos/repos/courses/python-learnings/.venv/lib/python3.10/site-packages/airflow/example_dags/example_complex.py
[2023-08-05T10:58:55.969+0200] {logging_mixin.py:150} INFO - [2023-08-05T10:58:55.969+0200] {dag.py:2742} INFO - Sync 1 DAGs
[2023-08-05T10:58:55.986+0200] {logging_mixin.py:150} INFO - [2023-08-05T10:58:55.986+0200] {dag.py:3504} INFO - Setting next_dagrun for example_complex to None, run_after=None
[2023-08-05T10:58:56.005+0200] {processor.py:179} INFO - Processing /Users/felipe.vasconcelos/repos/courses/python-learnings/.venv/lib/python3.10/site-packages/airflow/example_dags/example_complex.py took 0.863 seconds
[2023-08-05T11:15:31.728+0200] {processor.py:157} INFO - Started process (PID=83358) to work on /Users/felipe.vasconcelos/repos/courses/python-learnings/.venv/lib/python3.10/site-packages/airflow/example_dags/example_complex.py
[2023-08-05T11:15:31.735+0200] {processor.py:826} INFO - Processing file /Users/felipe.vasconcelos/repos/courses/python-learnings/.venv/lib/python3.10/site-packages/airflow/example_dags/example_complex.py for tasks to queue
[2023-08-05T11:15:31.735+0200] {logging_mixin.py:150} INFO - [2023-08-05T11:15:31.735+0200] {dagbag.py:541} INFO - Filling up the DagBag from /Users/felipe.vasconcelos/repos/courses/python-learnings/.venv/lib/python3.10/site-packages/airflow/example_dags/example_complex.py
[2023-08-05T11:15:31.768+0200] {processor.py:836} INFO - DAG(s) dict_keys(['example_complex']) retrieved from /Users/felipe.vasconcelos/repos/courses/python-learnings/.venv/lib/python3.10/site-packages/airflow/example_dags/example_complex.py
[2023-08-05T11:15:32.568+0200] {logging_mixin.py:150} INFO - [2023-08-05T11:15:32.568+0200] {dag.py:2742} INFO - Sync 1 DAGs
[2023-08-05T11:15:32.588+0200] {logging_mixin.py:150} INFO - [2023-08-05T11:15:32.588+0200] {dag.py:3504} INFO - Setting next_dagrun for example_complex to None, run_after=None
[2023-08-05T11:15:32.608+0200] {processor.py:179} INFO - Processing /Users/felipe.vasconcelos/repos/courses/python-learnings/.venv/lib/python3.10/site-packages/airflow/example_dags/example_complex.py took 0.881 seconds
[2023-08-05T11:19:45.406+0200] {processor.py:157} INFO - Started process (PID=83477) to work on /Users/felipe.vasconcelos/repos/courses/python-learnings/.venv/lib/python3.10/site-packages/airflow/example_dags/example_complex.py
[2023-08-05T11:19:45.413+0200] {processor.py:826} INFO - Processing file /Users/felipe.vasconcelos/repos/courses/python-learnings/.venv/lib/python3.10/site-packages/airflow/example_dags/example_complex.py for tasks to queue
[2023-08-05T11:19:45.414+0200] {logging_mixin.py:150} INFO - [2023-08-05T11:19:45.414+0200] {dagbag.py:541} INFO - Filling up the DagBag from /Users/felipe.vasconcelos/repos/courses/python-learnings/.venv/lib/python3.10/site-packages/airflow/example_dags/example_complex.py
[2023-08-05T11:19:45.444+0200] {processor.py:836} INFO - DAG(s) dict_keys(['example_complex']) retrieved from /Users/felipe.vasconcelos/repos/courses/python-learnings/.venv/lib/python3.10/site-packages/airflow/example_dags/example_complex.py
[2023-08-05T11:19:46.219+0200] {logging_mixin.py:150} INFO - [2023-08-05T11:19:46.218+0200] {dag.py:2742} INFO - Sync 1 DAGs
[2023-08-05T11:19:46.247+0200] {logging_mixin.py:150} INFO - [2023-08-05T11:19:46.246+0200] {dag.py:3504} INFO - Setting next_dagrun for example_complex to None, run_after=None
[2023-08-05T11:19:46.268+0200] {processor.py:179} INFO - Processing /Users/felipe.vasconcelos/repos/courses/python-learnings/.venv/lib/python3.10/site-packages/airflow/example_dags/example_complex.py took 0.863 seconds
[2023-08-05T11:24:28.184+0200] {processor.py:157} INFO - Started process (PID=83605) to work on /Users/felipe.vasconcelos/repos/courses/python-learnings/.venv/lib/python3.10/site-packages/airflow/example_dags/example_complex.py
[2023-08-05T11:24:28.190+0200] {processor.py:826} INFO - Processing file /Users/felipe.vasconcelos/repos/courses/python-learnings/.venv/lib/python3.10/site-packages/airflow/example_dags/example_complex.py for tasks to queue
[2023-08-05T11:24:28.191+0200] {logging_mixin.py:150} INFO - [2023-08-05T11:24:28.190+0200] {dagbag.py:541} INFO - Filling up the DagBag from /Users/felipe.vasconcelos/repos/courses/python-learnings/.venv/lib/python3.10/site-packages/airflow/example_dags/example_complex.py
[2023-08-05T11:24:28.223+0200] {processor.py:836} INFO - DAG(s) dict_keys(['example_complex']) retrieved from /Users/felipe.vasconcelos/repos/courses/python-learnings/.venv/lib/python3.10/site-packages/airflow/example_dags/example_complex.py
[2023-08-05T11:24:28.973+0200] {logging_mixin.py:150} INFO - [2023-08-05T11:24:28.972+0200] {dag.py:2742} INFO - Sync 1 DAGs
[2023-08-05T11:24:28.990+0200] {logging_mixin.py:150} INFO - [2023-08-05T11:24:28.989+0200] {dag.py:3504} INFO - Setting next_dagrun for example_complex to None, run_after=None
[2023-08-05T11:24:29.011+0200] {processor.py:179} INFO - Processing /Users/felipe.vasconcelos/repos/courses/python-learnings/.venv/lib/python3.10/site-packages/airflow/example_dags/example_complex.py took 0.829 seconds
[2023-08-05T11:28:53.926+0200] {processor.py:157} INFO - Started process (PID=83719) to work on /Users/felipe.vasconcelos/repos/courses/python-learnings/.venv/lib/python3.10/site-packages/airflow/example_dags/example_complex.py
[2023-08-05T11:28:53.932+0200] {processor.py:826} INFO - Processing file /Users/felipe.vasconcelos/repos/courses/python-learnings/.venv/lib/python3.10/site-packages/airflow/example_dags/example_complex.py for tasks to queue
[2023-08-05T11:28:53.933+0200] {logging_mixin.py:150} INFO - [2023-08-05T11:28:53.933+0200] {dagbag.py:541} INFO - Filling up the DagBag from /Users/felipe.vasconcelos/repos/courses/python-learnings/.venv/lib/python3.10/site-packages/airflow/example_dags/example_complex.py
[2023-08-05T11:28:53.965+0200] {processor.py:836} INFO - DAG(s) dict_keys(['example_complex']) retrieved from /Users/felipe.vasconcelos/repos/courses/python-learnings/.venv/lib/python3.10/site-packages/airflow/example_dags/example_complex.py
[2023-08-05T11:28:54.685+0200] {logging_mixin.py:150} INFO - [2023-08-05T11:28:54.685+0200] {dag.py:2742} INFO - Sync 1 DAGs
[2023-08-05T11:28:54.702+0200] {logging_mixin.py:150} INFO - [2023-08-05T11:28:54.702+0200] {dag.py:3504} INFO - Setting next_dagrun for example_complex to None, run_after=None
[2023-08-05T11:28:54.722+0200] {processor.py:179} INFO - Processing /Users/felipe.vasconcelos/repos/courses/python-learnings/.venv/lib/python3.10/site-packages/airflow/example_dags/example_complex.py took 0.797 seconds
[2023-08-05T11:34:23.391+0200] {processor.py:157} INFO - Started process (PID=83904) to work on /Users/felipe.vasconcelos/repos/courses/python-learnings/.venv/lib/python3.10/site-packages/airflow/example_dags/example_complex.py
[2023-08-05T11:34:23.398+0200] {processor.py:826} INFO - Processing file /Users/felipe.vasconcelos/repos/courses/python-learnings/.venv/lib/python3.10/site-packages/airflow/example_dags/example_complex.py for tasks to queue
[2023-08-05T11:34:23.399+0200] {logging_mixin.py:150} INFO - [2023-08-05T11:34:23.399+0200] {dagbag.py:541} INFO - Filling up the DagBag from /Users/felipe.vasconcelos/repos/courses/python-learnings/.venv/lib/python3.10/site-packages/airflow/example_dags/example_complex.py
[2023-08-05T11:34:23.431+0200] {processor.py:836} INFO - DAG(s) dict_keys(['example_complex']) retrieved from /Users/felipe.vasconcelos/repos/courses/python-learnings/.venv/lib/python3.10/site-packages/airflow/example_dags/example_complex.py
[2023-08-05T11:34:24.199+0200] {logging_mixin.py:150} INFO - [2023-08-05T11:34:24.199+0200] {dag.py:2742} INFO - Sync 1 DAGs
[2023-08-05T11:34:24.215+0200] {logging_mixin.py:150} INFO - [2023-08-05T11:34:24.215+0200] {dag.py:3504} INFO - Setting next_dagrun for example_complex to None, run_after=None
[2023-08-05T11:34:24.234+0200] {processor.py:179} INFO - Processing /Users/felipe.vasconcelos/repos/courses/python-learnings/.venv/lib/python3.10/site-packages/airflow/example_dags/example_complex.py took 0.844 seconds
[2023-08-05T11:38:43.324+0200] {processor.py:157} INFO - Started process (PID=84034) to work on /Users/felipe.vasconcelos/repos/courses/python-learnings/.venv/lib/python3.10/site-packages/airflow/example_dags/example_complex.py
[2023-08-05T11:38:43.333+0200] {processor.py:826} INFO - Processing file /Users/felipe.vasconcelos/repos/courses/python-learnings/.venv/lib/python3.10/site-packages/airflow/example_dags/example_complex.py for tasks to queue
[2023-08-05T11:38:43.334+0200] {logging_mixin.py:150} INFO - [2023-08-05T11:38:43.334+0200] {dagbag.py:541} INFO - Filling up the DagBag from /Users/felipe.vasconcelos/repos/courses/python-learnings/.venv/lib/python3.10/site-packages/airflow/example_dags/example_complex.py
[2023-08-05T11:38:43.372+0200] {processor.py:836} INFO - DAG(s) dict_keys(['example_complex']) retrieved from /Users/felipe.vasconcelos/repos/courses/python-learnings/.venv/lib/python3.10/site-packages/airflow/example_dags/example_complex.py
[2023-08-05T11:38:44.069+0200] {logging_mixin.py:150} INFO - [2023-08-05T11:38:44.069+0200] {dag.py:2742} INFO - Sync 1 DAGs
[2023-08-05T11:38:44.088+0200] {logging_mixin.py:150} INFO - [2023-08-05T11:38:44.088+0200] {dag.py:3504} INFO - Setting next_dagrun for example_complex to None, run_after=None
[2023-08-05T11:38:44.107+0200] {processor.py:179} INFO - Processing /Users/felipe.vasconcelos/repos/courses/python-learnings/.venv/lib/python3.10/site-packages/airflow/example_dags/example_complex.py took 0.785 seconds
[2023-08-05T11:43:08.598+0200] {processor.py:157} INFO - Started process (PID=84162) to work on /Users/felipe.vasconcelos/repos/courses/python-learnings/.venv/lib/python3.10/site-packages/airflow/example_dags/example_complex.py
[2023-08-05T11:43:08.604+0200] {processor.py:826} INFO - Processing file /Users/felipe.vasconcelos/repos/courses/python-learnings/.venv/lib/python3.10/site-packages/airflow/example_dags/example_complex.py for tasks to queue
[2023-08-05T11:43:08.605+0200] {logging_mixin.py:150} INFO - [2023-08-05T11:43:08.604+0200] {dagbag.py:541} INFO - Filling up the DagBag from /Users/felipe.vasconcelos/repos/courses/python-learnings/.venv/lib/python3.10/site-packages/airflow/example_dags/example_complex.py
[2023-08-05T11:43:08.636+0200] {processor.py:836} INFO - DAG(s) dict_keys(['example_complex']) retrieved from /Users/felipe.vasconcelos/repos/courses/python-learnings/.venv/lib/python3.10/site-packages/airflow/example_dags/example_complex.py
[2023-08-05T11:43:09.340+0200] {logging_mixin.py:150} INFO - [2023-08-05T11:43:09.339+0200] {dag.py:2742} INFO - Sync 1 DAGs
[2023-08-05T11:43:09.359+0200] {logging_mixin.py:150} INFO - [2023-08-05T11:43:09.358+0200] {dag.py:3504} INFO - Setting next_dagrun for example_complex to None, run_after=None
[2023-08-05T11:43:09.380+0200] {processor.py:179} INFO - Processing /Users/felipe.vasconcelos/repos/courses/python-learnings/.venv/lib/python3.10/site-packages/airflow/example_dags/example_complex.py took 0.783 seconds
[2023-08-05T11:47:46.453+0200] {processor.py:157} INFO - Started process (PID=84321) to work on /Users/felipe.vasconcelos/repos/courses/python-learnings/.venv/lib/python3.10/site-packages/airflow/example_dags/example_complex.py
[2023-08-05T11:47:46.458+0200] {processor.py:826} INFO - Processing file /Users/felipe.vasconcelos/repos/courses/python-learnings/.venv/lib/python3.10/site-packages/airflow/example_dags/example_complex.py for tasks to queue
[2023-08-05T11:47:46.459+0200] {logging_mixin.py:150} INFO - [2023-08-05T11:47:46.459+0200] {dagbag.py:541} INFO - Filling up the DagBag from /Users/felipe.vasconcelos/repos/courses/python-learnings/.venv/lib/python3.10/site-packages/airflow/example_dags/example_complex.py
[2023-08-05T11:47:46.493+0200] {processor.py:836} INFO - DAG(s) dict_keys(['example_complex']) retrieved from /Users/felipe.vasconcelos/repos/courses/python-learnings/.venv/lib/python3.10/site-packages/airflow/example_dags/example_complex.py
[2023-08-05T11:47:47.388+0200] {logging_mixin.py:150} INFO - [2023-08-05T11:47:47.388+0200] {dag.py:2742} INFO - Sync 1 DAGs
[2023-08-05T11:47:47.406+0200] {logging_mixin.py:150} INFO - [2023-08-05T11:47:47.406+0200] {dag.py:3504} INFO - Setting next_dagrun for example_complex to None, run_after=None
[2023-08-05T11:47:47.430+0200] {processor.py:179} INFO - Processing /Users/felipe.vasconcelos/repos/courses/python-learnings/.venv/lib/python3.10/site-packages/airflow/example_dags/example_complex.py took 0.979 seconds
[2023-08-05T11:52:39.342+0200] {processor.py:157} INFO - Started process (PID=84467) to work on /Users/felipe.vasconcelos/repos/courses/python-learnings/.venv/lib/python3.10/site-packages/airflow/example_dags/example_complex.py
[2023-08-05T11:52:39.349+0200] {processor.py:826} INFO - Processing file /Users/felipe.vasconcelos/repos/courses/python-learnings/.venv/lib/python3.10/site-packages/airflow/example_dags/example_complex.py for tasks to queue
[2023-08-05T11:52:39.350+0200] {logging_mixin.py:150} INFO - [2023-08-05T11:52:39.349+0200] {dagbag.py:541} INFO - Filling up the DagBag from /Users/felipe.vasconcelos/repos/courses/python-learnings/.venv/lib/python3.10/site-packages/airflow/example_dags/example_complex.py
[2023-08-05T11:52:39.381+0200] {processor.py:836} INFO - DAG(s) dict_keys(['example_complex']) retrieved from /Users/felipe.vasconcelos/repos/courses/python-learnings/.venv/lib/python3.10/site-packages/airflow/example_dags/example_complex.py
[2023-08-05T11:52:40.070+0200] {logging_mixin.py:150} INFO - [2023-08-05T11:52:40.069+0200] {dag.py:2742} INFO - Sync 1 DAGs
[2023-08-05T11:52:40.086+0200] {logging_mixin.py:150} INFO - [2023-08-05T11:52:40.086+0200] {dag.py:3504} INFO - Setting next_dagrun for example_complex to None, run_after=None
[2023-08-05T11:52:40.115+0200] {processor.py:179} INFO - Processing /Users/felipe.vasconcelos/repos/courses/python-learnings/.venv/lib/python3.10/site-packages/airflow/example_dags/example_complex.py took 0.773 seconds
[2023-08-05T11:56:48.727+0200] {processor.py:157} INFO - Started process (PID=84591) to work on /Users/felipe.vasconcelos/repos/courses/python-learnings/.venv/lib/python3.10/site-packages/airflow/example_dags/example_complex.py
[2023-08-05T11:56:48.733+0200] {processor.py:826} INFO - Processing file /Users/felipe.vasconcelos/repos/courses/python-learnings/.venv/lib/python3.10/site-packages/airflow/example_dags/example_complex.py for tasks to queue
[2023-08-05T11:56:48.734+0200] {logging_mixin.py:150} INFO - [2023-08-05T11:56:48.734+0200] {dagbag.py:541} INFO - Filling up the DagBag from /Users/felipe.vasconcelos/repos/courses/python-learnings/.venv/lib/python3.10/site-packages/airflow/example_dags/example_complex.py
[2023-08-05T11:56:48.776+0200] {processor.py:836} INFO - DAG(s) dict_keys(['example_complex']) retrieved from /Users/felipe.vasconcelos/repos/courses/python-learnings/.venv/lib/python3.10/site-packages/airflow/example_dags/example_complex.py
[2023-08-05T11:56:49.538+0200] {logging_mixin.py:150} INFO - [2023-08-05T11:56:49.537+0200] {dag.py:2742} INFO - Sync 1 DAGs
[2023-08-05T11:56:49.555+0200] {logging_mixin.py:150} INFO - [2023-08-05T11:56:49.555+0200] {dag.py:3504} INFO - Setting next_dagrun for example_complex to None, run_after=None
[2023-08-05T11:56:49.577+0200] {processor.py:179} INFO - Processing /Users/felipe.vasconcelos/repos/courses/python-learnings/.venv/lib/python3.10/site-packages/airflow/example_dags/example_complex.py took 0.851 seconds
[2023-08-05T12:03:04.704+0200] {processor.py:157} INFO - Started process (PID=84836) to work on /Users/felipe.vasconcelos/repos/courses/python-learnings/.venv/lib/python3.10/site-packages/airflow/example_dags/example_complex.py
[2023-08-05T12:03:04.710+0200] {processor.py:826} INFO - Processing file /Users/felipe.vasconcelos/repos/courses/python-learnings/.venv/lib/python3.10/site-packages/airflow/example_dags/example_complex.py for tasks to queue
[2023-08-05T12:03:04.710+0200] {logging_mixin.py:150} INFO - [2023-08-05T12:03:04.710+0200] {dagbag.py:541} INFO - Filling up the DagBag from /Users/felipe.vasconcelos/repos/courses/python-learnings/.venv/lib/python3.10/site-packages/airflow/example_dags/example_complex.py
[2023-08-05T12:03:04.741+0200] {processor.py:836} INFO - DAG(s) dict_keys(['example_complex']) retrieved from /Users/felipe.vasconcelos/repos/courses/python-learnings/.venv/lib/python3.10/site-packages/airflow/example_dags/example_complex.py
[2023-08-05T12:03:05.521+0200] {logging_mixin.py:150} INFO - [2023-08-05T12:03:05.521+0200] {dag.py:2742} INFO - Sync 1 DAGs
[2023-08-05T12:03:05.538+0200] {logging_mixin.py:150} INFO - [2023-08-05T12:03:05.537+0200] {dag.py:3504} INFO - Setting next_dagrun for example_complex to None, run_after=None
[2023-08-05T12:03:05.558+0200] {processor.py:179} INFO - Processing /Users/felipe.vasconcelos/repos/courses/python-learnings/.venv/lib/python3.10/site-packages/airflow/example_dags/example_complex.py took 0.855 seconds
