[2023-08-05T10:38:49.535+0200] {processor.py:157} INFO - Started process (PID=82581) to work on /Users/felipe.vasconcelos/repos/courses/python-learnings/.venv/lib/python3.10/site-packages/airflow/example_dags/example_xcom.py
[2023-08-05T10:38:49.542+0200] {processor.py:826} INFO - Processing file /Users/felipe.vasconcelos/repos/courses/python-learnings/.venv/lib/python3.10/site-packages/airflow/example_dags/example_xcom.py for tasks to queue
[2023-08-05T10:38:49.543+0200] {logging_mixin.py:150} INFO - [2023-08-05T10:38:49.543+0200] {dagbag.py:541} INFO - Filling up the DagBag from /Users/felipe.vasconcelos/repos/courses/python-learnings/.venv/lib/python3.10/site-packages/airflow/example_dags/example_xcom.py
[2023-08-05T10:38:49.694+0200] {processor.py:836} INFO - DAG(s) dict_keys(['example_xcom']) retrieved from /Users/felipe.vasconcelos/repos/courses/python-learnings/.venv/lib/python3.10/site-packages/airflow/example_dags/example_xcom.py
[2023-08-05T10:38:51.354+0200] {logging_mixin.py:150} INFO - [2023-08-05T10:38:51.354+0200] {manager.py:504} INFO - Created Permission View: can delete on DAG:example_xcom
[2023-08-05T10:38:51.376+0200] {logging_mixin.py:150} INFO - [2023-08-05T10:38:51.375+0200] {manager.py:504} INFO - Created Permission View: can read on DAG:example_xcom
[2023-08-05T10:38:51.391+0200] {logging_mixin.py:150} INFO - [2023-08-05T10:38:51.390+0200] {manager.py:504} INFO - Created Permission View: can edit on DAG:example_xcom
[2023-08-05T10:38:51.442+0200] {logging_mixin.py:150} INFO - [2023-08-05T10:38:51.442+0200] {dag.py:2742} INFO - Sync 1 DAGs
[2023-08-05T10:38:51.599+0200] {logging_mixin.py:150} INFO - [2023-08-05T10:38:51.599+0200] {dag.py:2763} INFO - Creating ORM DAG for example_xcom
[2023-08-05T10:38:51.625+0200] {logging_mixin.py:150} INFO - [2023-08-05T10:38:51.624+0200] {dag.py:3504} INFO - Setting next_dagrun for example_xcom to 2021-01-01T00:00:00+00:00, run_after=2021-01-01T00:00:00+00:00
[2023-08-05T10:38:51.720+0200] {processor.py:179} INFO - Processing /Users/felipe.vasconcelos/repos/courses/python-learnings/.venv/lib/python3.10/site-packages/airflow/example_dags/example_xcom.py took 2.188 seconds
[2023-08-05T10:42:06.815+0200] {processor.py:157} INFO - Started process (PID=82659) to work on /Users/felipe.vasconcelos/repos/courses/python-learnings/.venv/lib/python3.10/site-packages/airflow/example_dags/example_xcom.py
[2023-08-05T10:42:06.823+0200] {processor.py:826} INFO - Processing file /Users/felipe.vasconcelos/repos/courses/python-learnings/.venv/lib/python3.10/site-packages/airflow/example_dags/example_xcom.py for tasks to queue
[2023-08-05T10:42:06.824+0200] {logging_mixin.py:150} INFO - [2023-08-05T10:42:06.824+0200] {dagbag.py:541} INFO - Filling up the DagBag from /Users/felipe.vasconcelos/repos/courses/python-learnings/.venv/lib/python3.10/site-packages/airflow/example_dags/example_xcom.py
[2023-08-05T10:42:06.895+0200] {processor.py:836} INFO - DAG(s) dict_keys(['example_xcom']) retrieved from /Users/felipe.vasconcelos/repos/courses/python-learnings/.venv/lib/python3.10/site-packages/airflow/example_dags/example_xcom.py
[2023-08-05T10:42:08.745+0200] {logging_mixin.py:150} INFO - [2023-08-05T10:42:08.745+0200] {dag.py:2742} INFO - Sync 1 DAGs
[2023-08-05T10:42:08.795+0200] {logging_mixin.py:150} INFO - [2023-08-05T10:42:08.795+0200] {dag.py:3504} INFO - Setting next_dagrun for example_xcom to 2021-01-01T00:00:00+00:00, run_after=2021-01-01T00:00:00+00:00
[2023-08-05T10:42:08.832+0200] {processor.py:179} INFO - Processing /Users/felipe.vasconcelos/repos/courses/python-learnings/.venv/lib/python3.10/site-packages/airflow/example_dags/example_xcom.py took 2.018 seconds
[2023-08-05T10:45:49.342+0200] {processor.py:157} INFO - Started process (PID=82776) to work on /Users/felipe.vasconcelos/repos/courses/python-learnings/.venv/lib/python3.10/site-packages/airflow/example_dags/example_xcom.py
[2023-08-05T10:45:49.351+0200] {processor.py:826} INFO - Processing file /Users/felipe.vasconcelos/repos/courses/python-learnings/.venv/lib/python3.10/site-packages/airflow/example_dags/example_xcom.py for tasks to queue
[2023-08-05T10:45:49.352+0200] {logging_mixin.py:150} INFO - [2023-08-05T10:45:49.352+0200] {dagbag.py:541} INFO - Filling up the DagBag from /Users/felipe.vasconcelos/repos/courses/python-learnings/.venv/lib/python3.10/site-packages/airflow/example_dags/example_xcom.py
[2023-08-05T10:45:49.439+0200] {processor.py:836} INFO - DAG(s) dict_keys(['example_xcom']) retrieved from /Users/felipe.vasconcelos/repos/courses/python-learnings/.venv/lib/python3.10/site-packages/airflow/example_dags/example_xcom.py
[2023-08-05T10:45:50.562+0200] {logging_mixin.py:150} INFO - [2023-08-05T10:45:50.562+0200] {dag.py:2742} INFO - Sync 1 DAGs
[2023-08-05T10:45:50.590+0200] {logging_mixin.py:150} INFO - [2023-08-05T10:45:50.589+0200] {dag.py:3504} INFO - Setting next_dagrun for example_xcom to 2021-01-01T00:00:00+00:00, run_after=2021-01-01T00:00:00+00:00
[2023-08-05T10:45:50.616+0200] {processor.py:179} INFO - Processing /Users/felipe.vasconcelos/repos/courses/python-learnings/.venv/lib/python3.10/site-packages/airflow/example_dags/example_xcom.py took 1.275 seconds
[2023-08-05T10:48:21.710+0200] {processor.py:157} INFO - Started process (PID=82867) to work on /Users/felipe.vasconcelos/repos/courses/python-learnings/.venv/lib/python3.10/site-packages/airflow/example_dags/example_xcom.py
[2023-08-05T10:48:21.716+0200] {processor.py:826} INFO - Processing file /Users/felipe.vasconcelos/repos/courses/python-learnings/.venv/lib/python3.10/site-packages/airflow/example_dags/example_xcom.py for tasks to queue
[2023-08-05T10:48:21.717+0200] {logging_mixin.py:150} INFO - [2023-08-05T10:48:21.716+0200] {dagbag.py:541} INFO - Filling up the DagBag from /Users/felipe.vasconcelos/repos/courses/python-learnings/.venv/lib/python3.10/site-packages/airflow/example_dags/example_xcom.py
[2023-08-05T10:48:21.776+0200] {processor.py:836} INFO - DAG(s) dict_keys(['example_xcom']) retrieved from /Users/felipe.vasconcelos/repos/courses/python-learnings/.venv/lib/python3.10/site-packages/airflow/example_dags/example_xcom.py
[2023-08-05T10:48:22.435+0200] {logging_mixin.py:150} INFO - [2023-08-05T10:48:22.435+0200] {dag.py:2742} INFO - Sync 1 DAGs
[2023-08-05T10:48:22.451+0200] {logging_mixin.py:150} INFO - [2023-08-05T10:48:22.451+0200] {dag.py:3504} INFO - Setting next_dagrun for example_xcom to 2021-01-01T00:00:00+00:00, run_after=2021-01-01T00:00:00+00:00
[2023-08-05T10:48:22.470+0200] {processor.py:179} INFO - Processing /Users/felipe.vasconcelos/repos/courses/python-learnings/.venv/lib/python3.10/site-packages/airflow/example_dags/example_xcom.py took 0.761 seconds
[2023-08-05T10:50:33.526+0200] {processor.py:157} INFO - Started process (PID=82927) to work on /Users/felipe.vasconcelos/repos/courses/python-learnings/.venv/lib/python3.10/site-packages/airflow/example_dags/example_xcom.py
[2023-08-05T10:50:33.533+0200] {processor.py:826} INFO - Processing file /Users/felipe.vasconcelos/repos/courses/python-learnings/.venv/lib/python3.10/site-packages/airflow/example_dags/example_xcom.py for tasks to queue
[2023-08-05T10:50:33.534+0200] {logging_mixin.py:150} INFO - [2023-08-05T10:50:33.534+0200] {dagbag.py:541} INFO - Filling up the DagBag from /Users/felipe.vasconcelos/repos/courses/python-learnings/.venv/lib/python3.10/site-packages/airflow/example_dags/example_xcom.py
[2023-08-05T10:50:33.593+0200] {processor.py:836} INFO - DAG(s) dict_keys(['example_xcom']) retrieved from /Users/felipe.vasconcelos/repos/courses/python-learnings/.venv/lib/python3.10/site-packages/airflow/example_dags/example_xcom.py
[2023-08-05T10:50:34.265+0200] {logging_mixin.py:150} INFO - [2023-08-05T10:50:34.264+0200] {dag.py:2742} INFO - Sync 1 DAGs
[2023-08-05T10:50:34.281+0200] {logging_mixin.py:150} INFO - [2023-08-05T10:50:34.281+0200] {dag.py:3504} INFO - Setting next_dagrun for example_xcom to 2021-01-01T00:00:00+00:00, run_after=2021-01-01T00:00:00+00:00
[2023-08-05T10:50:34.302+0200] {processor.py:179} INFO - Processing /Users/felipe.vasconcelos/repos/courses/python-learnings/.venv/lib/python3.10/site-packages/airflow/example_dags/example_xcom.py took 0.776 seconds
[2023-08-05T10:52:53.996+0200] {processor.py:157} INFO - Started process (PID=82992) to work on /Users/felipe.vasconcelos/repos/courses/python-learnings/.venv/lib/python3.10/site-packages/airflow/example_dags/example_xcom.py
[2023-08-05T10:52:54.002+0200] {processor.py:826} INFO - Processing file /Users/felipe.vasconcelos/repos/courses/python-learnings/.venv/lib/python3.10/site-packages/airflow/example_dags/example_xcom.py for tasks to queue
[2023-08-05T10:52:54.003+0200] {logging_mixin.py:150} INFO - [2023-08-05T10:52:54.003+0200] {dagbag.py:541} INFO - Filling up the DagBag from /Users/felipe.vasconcelos/repos/courses/python-learnings/.venv/lib/python3.10/site-packages/airflow/example_dags/example_xcom.py
[2023-08-05T10:52:54.119+0200] {processor.py:836} INFO - DAG(s) dict_keys(['example_xcom']) retrieved from /Users/felipe.vasconcelos/repos/courses/python-learnings/.venv/lib/python3.10/site-packages/airflow/example_dags/example_xcom.py
[2023-08-05T10:52:55.411+0200] {logging_mixin.py:150} INFO - [2023-08-05T10:52:55.411+0200] {dag.py:2742} INFO - Sync 1 DAGs
[2023-08-05T10:52:55.437+0200] {logging_mixin.py:150} INFO - [2023-08-05T10:52:55.436+0200] {dag.py:3504} INFO - Setting next_dagrun for example_xcom to 2021-01-01T00:00:00+00:00, run_after=2021-01-01T00:00:00+00:00
[2023-08-05T10:52:55.464+0200] {processor.py:179} INFO - Processing /Users/felipe.vasconcelos/repos/courses/python-learnings/.venv/lib/python3.10/site-packages/airflow/example_dags/example_xcom.py took 1.471 seconds
[2023-08-05T10:55:06.261+0200] {processor.py:157} INFO - Started process (PID=83049) to work on /Users/felipe.vasconcelos/repos/courses/python-learnings/.venv/lib/python3.10/site-packages/airflow/example_dags/example_xcom.py
[2023-08-05T10:55:06.267+0200] {processor.py:826} INFO - Processing file /Users/felipe.vasconcelos/repos/courses/python-learnings/.venv/lib/python3.10/site-packages/airflow/example_dags/example_xcom.py for tasks to queue
[2023-08-05T10:55:06.268+0200] {logging_mixin.py:150} INFO - [2023-08-05T10:55:06.268+0200] {dagbag.py:541} INFO - Filling up the DagBag from /Users/felipe.vasconcelos/repos/courses/python-learnings/.venv/lib/python3.10/site-packages/airflow/example_dags/example_xcom.py
[2023-08-05T10:55:06.344+0200] {processor.py:836} INFO - DAG(s) dict_keys(['example_xcom']) retrieved from /Users/felipe.vasconcelos/repos/courses/python-learnings/.venv/lib/python3.10/site-packages/airflow/example_dags/example_xcom.py
[2023-08-05T10:55:07.060+0200] {logging_mixin.py:150} INFO - [2023-08-05T10:55:07.060+0200] {dag.py:2742} INFO - Sync 1 DAGs
[2023-08-05T10:55:07.077+0200] {logging_mixin.py:150} INFO - [2023-08-05T10:55:07.077+0200] {dag.py:3504} INFO - Setting next_dagrun for example_xcom to 2021-01-01T00:00:00+00:00, run_after=2021-01-01T00:00:00+00:00
[2023-08-05T10:55:07.097+0200] {processor.py:179} INFO - Processing /Users/felipe.vasconcelos/repos/courses/python-learnings/.venv/lib/python3.10/site-packages/airflow/example_dags/example_xcom.py took 0.837 seconds
[2023-08-05T10:57:17.314+0200] {processor.py:157} INFO - Started process (PID=83117) to work on /Users/felipe.vasconcelos/repos/courses/python-learnings/.venv/lib/python3.10/site-packages/airflow/example_dags/example_xcom.py
[2023-08-05T10:57:17.320+0200] {processor.py:826} INFO - Processing file /Users/felipe.vasconcelos/repos/courses/python-learnings/.venv/lib/python3.10/site-packages/airflow/example_dags/example_xcom.py for tasks to queue
[2023-08-05T10:57:17.321+0200] {logging_mixin.py:150} INFO - [2023-08-05T10:57:17.321+0200] {dagbag.py:541} INFO - Filling up the DagBag from /Users/felipe.vasconcelos/repos/courses/python-learnings/.venv/lib/python3.10/site-packages/airflow/example_dags/example_xcom.py
[2023-08-05T10:57:17.382+0200] {processor.py:836} INFO - DAG(s) dict_keys(['example_xcom']) retrieved from /Users/felipe.vasconcelos/repos/courses/python-learnings/.venv/lib/python3.10/site-packages/airflow/example_dags/example_xcom.py
[2023-08-05T10:57:18.064+0200] {logging_mixin.py:150} INFO - [2023-08-05T10:57:18.064+0200] {dag.py:2742} INFO - Sync 1 DAGs
[2023-08-05T10:57:18.081+0200] {logging_mixin.py:150} INFO - [2023-08-05T10:57:18.081+0200] {dag.py:3504} INFO - Setting next_dagrun for example_xcom to 2021-01-01T00:00:00+00:00, run_after=2021-01-01T00:00:00+00:00
[2023-08-05T10:57:18.100+0200] {processor.py:179} INFO - Processing /Users/felipe.vasconcelos/repos/courses/python-learnings/.venv/lib/python3.10/site-packages/airflow/example_dags/example_xcom.py took 0.786 seconds
[2023-08-05T11:09:59.776+0200] {processor.py:157} INFO - Started process (PID=83202) to work on /Users/felipe.vasconcelos/repos/courses/python-learnings/.venv/lib/python3.10/site-packages/airflow/example_dags/example_xcom.py
[2023-08-05T11:09:59.795+0200] {processor.py:826} INFO - Processing file /Users/felipe.vasconcelos/repos/courses/python-learnings/.venv/lib/python3.10/site-packages/airflow/example_dags/example_xcom.py for tasks to queue
[2023-08-05T11:09:59.797+0200] {logging_mixin.py:150} INFO - [2023-08-05T11:09:59.796+0200] {dagbag.py:541} INFO - Filling up the DagBag from /Users/felipe.vasconcelos/repos/courses/python-learnings/.venv/lib/python3.10/site-packages/airflow/example_dags/example_xcom.py
[2023-08-05T11:10:00.052+0200] {processor.py:836} INFO - DAG(s) dict_keys(['example_xcom']) retrieved from /Users/felipe.vasconcelos/repos/courses/python-learnings/.venv/lib/python3.10/site-packages/airflow/example_dags/example_xcom.py
[2023-08-05T11:10:03.014+0200] {logging_mixin.py:150} INFO - [2023-08-05T11:10:03.013+0200] {dag.py:2742} INFO - Sync 1 DAGs
[2023-08-05T11:10:03.237+0200] {logging_mixin.py:150} INFO - [2023-08-05T11:10:03.236+0200] {dag.py:3504} INFO - Setting next_dagrun for example_xcom to 2021-01-01T00:00:00+00:00, run_after=2021-01-01T00:00:00+00:00
[2023-08-05T11:10:03.397+0200] {processor.py:179} INFO - Processing /Users/felipe.vasconcelos/repos/courses/python-learnings/.venv/lib/python3.10/site-packages/airflow/example_dags/example_xcom.py took 3.624 seconds
[2023-08-05T11:13:58.680+0200] {processor.py:157} INFO - Started process (PID=83315) to work on /Users/felipe.vasconcelos/repos/courses/python-learnings/.venv/lib/python3.10/site-packages/airflow/example_dags/example_xcom.py
[2023-08-05T11:13:58.686+0200] {processor.py:826} INFO - Processing file /Users/felipe.vasconcelos/repos/courses/python-learnings/.venv/lib/python3.10/site-packages/airflow/example_dags/example_xcom.py for tasks to queue
[2023-08-05T11:13:58.687+0200] {logging_mixin.py:150} INFO - [2023-08-05T11:13:58.687+0200] {dagbag.py:541} INFO - Filling up the DagBag from /Users/felipe.vasconcelos/repos/courses/python-learnings/.venv/lib/python3.10/site-packages/airflow/example_dags/example_xcom.py
[2023-08-05T11:13:58.746+0200] {processor.py:836} INFO - DAG(s) dict_keys(['example_xcom']) retrieved from /Users/felipe.vasconcelos/repos/courses/python-learnings/.venv/lib/python3.10/site-packages/airflow/example_dags/example_xcom.py
[2023-08-05T11:13:59.514+0200] {logging_mixin.py:150} INFO - [2023-08-05T11:13:59.511+0200] {dag.py:2742} INFO - Sync 1 DAGs
[2023-08-05T11:13:59.601+0200] {logging_mixin.py:150} INFO - [2023-08-05T11:13:59.601+0200] {dag.py:3504} INFO - Setting next_dagrun for example_xcom to 2021-01-01T00:00:00+00:00, run_after=2021-01-01T00:00:00+00:00
[2023-08-05T11:13:59.630+0200] {processor.py:179} INFO - Processing /Users/felipe.vasconcelos/repos/courses/python-learnings/.venv/lib/python3.10/site-packages/airflow/example_dags/example_xcom.py took 0.950 seconds
[2023-08-05T11:16:02.962+0200] {processor.py:157} INFO - Started process (PID=83373) to work on /Users/felipe.vasconcelos/repos/courses/python-learnings/.venv/lib/python3.10/site-packages/airflow/example_dags/example_xcom.py
[2023-08-05T11:16:02.968+0200] {processor.py:826} INFO - Processing file /Users/felipe.vasconcelos/repos/courses/python-learnings/.venv/lib/python3.10/site-packages/airflow/example_dags/example_xcom.py for tasks to queue
[2023-08-05T11:16:02.969+0200] {logging_mixin.py:150} INFO - [2023-08-05T11:16:02.969+0200] {dagbag.py:541} INFO - Filling up the DagBag from /Users/felipe.vasconcelos/repos/courses/python-learnings/.venv/lib/python3.10/site-packages/airflow/example_dags/example_xcom.py
[2023-08-05T11:16:03.031+0200] {processor.py:836} INFO - DAG(s) dict_keys(['example_xcom']) retrieved from /Users/felipe.vasconcelos/repos/courses/python-learnings/.venv/lib/python3.10/site-packages/airflow/example_dags/example_xcom.py
[2023-08-05T11:16:03.733+0200] {logging_mixin.py:150} INFO - [2023-08-05T11:16:03.733+0200] {dag.py:2742} INFO - Sync 1 DAGs
[2023-08-05T11:16:03.753+0200] {logging_mixin.py:150} INFO - [2023-08-05T11:16:03.753+0200] {dag.py:3504} INFO - Setting next_dagrun for example_xcom to 2021-01-01T00:00:00+00:00, run_after=2021-01-01T00:00:00+00:00
[2023-08-05T11:16:03.772+0200] {processor.py:179} INFO - Processing /Users/felipe.vasconcelos/repos/courses/python-learnings/.venv/lib/python3.10/site-packages/airflow/example_dags/example_xcom.py took 0.811 seconds
[2023-08-05T11:18:09.243+0200] {processor.py:157} INFO - Started process (PID=83427) to work on /Users/felipe.vasconcelos/repos/courses/python-learnings/.venv/lib/python3.10/site-packages/airflow/example_dags/example_xcom.py
[2023-08-05T11:18:09.250+0200] {processor.py:826} INFO - Processing file /Users/felipe.vasconcelos/repos/courses/python-learnings/.venv/lib/python3.10/site-packages/airflow/example_dags/example_xcom.py for tasks to queue
[2023-08-05T11:18:09.251+0200] {logging_mixin.py:150} INFO - [2023-08-05T11:18:09.250+0200] {dagbag.py:541} INFO - Filling up the DagBag from /Users/felipe.vasconcelos/repos/courses/python-learnings/.venv/lib/python3.10/site-packages/airflow/example_dags/example_xcom.py
[2023-08-05T11:18:09.314+0200] {processor.py:836} INFO - DAG(s) dict_keys(['example_xcom']) retrieved from /Users/felipe.vasconcelos/repos/courses/python-learnings/.venv/lib/python3.10/site-packages/airflow/example_dags/example_xcom.py
[2023-08-05T11:18:10.073+0200] {logging_mixin.py:150} INFO - [2023-08-05T11:18:10.072+0200] {dag.py:2742} INFO - Sync 1 DAGs
[2023-08-05T11:18:10.091+0200] {logging_mixin.py:150} INFO - [2023-08-05T11:18:10.090+0200] {dag.py:3504} INFO - Setting next_dagrun for example_xcom to 2021-01-01T00:00:00+00:00, run_after=2021-01-01T00:00:00+00:00
[2023-08-05T11:18:10.111+0200] {processor.py:179} INFO - Processing /Users/felipe.vasconcelos/repos/courses/python-learnings/.venv/lib/python3.10/site-packages/airflow/example_dags/example_xcom.py took 0.869 seconds
[2023-08-05T11:20:22.255+0200] {processor.py:157} INFO - Started process (PID=83494) to work on /Users/felipe.vasconcelos/repos/courses/python-learnings/.venv/lib/python3.10/site-packages/airflow/example_dags/example_xcom.py
[2023-08-05T11:20:22.261+0200] {processor.py:826} INFO - Processing file /Users/felipe.vasconcelos/repos/courses/python-learnings/.venv/lib/python3.10/site-packages/airflow/example_dags/example_xcom.py for tasks to queue
[2023-08-05T11:20:22.262+0200] {logging_mixin.py:150} INFO - [2023-08-05T11:20:22.262+0200] {dagbag.py:541} INFO - Filling up the DagBag from /Users/felipe.vasconcelos/repos/courses/python-learnings/.venv/lib/python3.10/site-packages/airflow/example_dags/example_xcom.py
[2023-08-05T11:20:22.320+0200] {processor.py:836} INFO - DAG(s) dict_keys(['example_xcom']) retrieved from /Users/felipe.vasconcelos/repos/courses/python-learnings/.venv/lib/python3.10/site-packages/airflow/example_dags/example_xcom.py
[2023-08-05T11:20:23.036+0200] {logging_mixin.py:150} INFO - [2023-08-05T11:20:23.036+0200] {dag.py:2742} INFO - Sync 1 DAGs
[2023-08-05T11:20:23.054+0200] {logging_mixin.py:150} INFO - [2023-08-05T11:20:23.053+0200] {dag.py:3504} INFO - Setting next_dagrun for example_xcom to 2021-01-01T00:00:00+00:00, run_after=2021-01-01T00:00:00+00:00
[2023-08-05T11:20:23.073+0200] {processor.py:179} INFO - Processing /Users/felipe.vasconcelos/repos/courses/python-learnings/.venv/lib/python3.10/site-packages/airflow/example_dags/example_xcom.py took 0.819 seconds
[2023-08-05T11:22:47.179+0200] {processor.py:157} INFO - Started process (PID=83565) to work on /Users/felipe.vasconcelos/repos/courses/python-learnings/.venv/lib/python3.10/site-packages/airflow/example_dags/example_xcom.py
[2023-08-05T11:22:47.185+0200] {processor.py:826} INFO - Processing file /Users/felipe.vasconcelos/repos/courses/python-learnings/.venv/lib/python3.10/site-packages/airflow/example_dags/example_xcom.py for tasks to queue
[2023-08-05T11:22:47.186+0200] {logging_mixin.py:150} INFO - [2023-08-05T11:22:47.186+0200] {dagbag.py:541} INFO - Filling up the DagBag from /Users/felipe.vasconcelos/repos/courses/python-learnings/.venv/lib/python3.10/site-packages/airflow/example_dags/example_xcom.py
[2023-08-05T11:22:47.276+0200] {processor.py:836} INFO - DAG(s) dict_keys(['example_xcom']) retrieved from /Users/felipe.vasconcelos/repos/courses/python-learnings/.venv/lib/python3.10/site-packages/airflow/example_dags/example_xcom.py
[2023-08-05T11:22:48.078+0200] {logging_mixin.py:150} INFO - [2023-08-05T11:22:48.078+0200] {dag.py:2742} INFO - Sync 1 DAGs
[2023-08-05T11:22:48.096+0200] {logging_mixin.py:150} INFO - [2023-08-05T11:22:48.096+0200] {dag.py:3504} INFO - Setting next_dagrun for example_xcom to 2021-01-01T00:00:00+00:00, run_after=2021-01-01T00:00:00+00:00
[2023-08-05T11:22:48.116+0200] {processor.py:179} INFO - Processing /Users/felipe.vasconcelos/repos/courses/python-learnings/.venv/lib/python3.10/site-packages/airflow/example_dags/example_xcom.py took 0.939 seconds
[2023-08-05T11:25:02.305+0200] {processor.py:157} INFO - Started process (PID=83618) to work on /Users/felipe.vasconcelos/repos/courses/python-learnings/.venv/lib/python3.10/site-packages/airflow/example_dags/example_xcom.py
[2023-08-05T11:25:02.311+0200] {processor.py:826} INFO - Processing file /Users/felipe.vasconcelos/repos/courses/python-learnings/.venv/lib/python3.10/site-packages/airflow/example_dags/example_xcom.py for tasks to queue
[2023-08-05T11:25:02.312+0200] {logging_mixin.py:150} INFO - [2023-08-05T11:25:02.312+0200] {dagbag.py:541} INFO - Filling up the DagBag from /Users/felipe.vasconcelos/repos/courses/python-learnings/.venv/lib/python3.10/site-packages/airflow/example_dags/example_xcom.py
[2023-08-05T11:25:02.373+0200] {processor.py:836} INFO - DAG(s) dict_keys(['example_xcom']) retrieved from /Users/felipe.vasconcelos/repos/courses/python-learnings/.venv/lib/python3.10/site-packages/airflow/example_dags/example_xcom.py
[2023-08-05T11:25:03.084+0200] {logging_mixin.py:150} INFO - [2023-08-05T11:25:03.083+0200] {dag.py:2742} INFO - Sync 1 DAGs
[2023-08-05T11:25:03.101+0200] {logging_mixin.py:150} INFO - [2023-08-05T11:25:03.101+0200] {dag.py:3504} INFO - Setting next_dagrun for example_xcom to 2021-01-01T00:00:00+00:00, run_after=2021-01-01T00:00:00+00:00
[2023-08-05T11:25:03.128+0200] {processor.py:179} INFO - Processing /Users/felipe.vasconcelos/repos/courses/python-learnings/.venv/lib/python3.10/site-packages/airflow/example_dags/example_xcom.py took 0.824 seconds
[2023-08-05T11:27:15.820+0200] {processor.py:157} INFO - Started process (PID=83678) to work on /Users/felipe.vasconcelos/repos/courses/python-learnings/.venv/lib/python3.10/site-packages/airflow/example_dags/example_xcom.py
[2023-08-05T11:27:15.825+0200] {processor.py:826} INFO - Processing file /Users/felipe.vasconcelos/repos/courses/python-learnings/.venv/lib/python3.10/site-packages/airflow/example_dags/example_xcom.py for tasks to queue
[2023-08-05T11:27:15.826+0200] {logging_mixin.py:150} INFO - [2023-08-05T11:27:15.826+0200] {dagbag.py:541} INFO - Filling up the DagBag from /Users/felipe.vasconcelos/repos/courses/python-learnings/.venv/lib/python3.10/site-packages/airflow/example_dags/example_xcom.py
[2023-08-05T11:27:15.889+0200] {processor.py:836} INFO - DAG(s) dict_keys(['example_xcom']) retrieved from /Users/felipe.vasconcelos/repos/courses/python-learnings/.venv/lib/python3.10/site-packages/airflow/example_dags/example_xcom.py
[2023-08-05T11:27:16.938+0200] {logging_mixin.py:150} INFO - [2023-08-05T11:27:16.938+0200] {dag.py:2742} INFO - Sync 1 DAGs
[2023-08-05T11:27:16.970+0200] {logging_mixin.py:150} INFO - [2023-08-05T11:27:16.969+0200] {dag.py:3504} INFO - Setting next_dagrun for example_xcom to 2021-01-01T00:00:00+00:00, run_after=2021-01-01T00:00:00+00:00
[2023-08-05T11:27:16.998+0200] {processor.py:179} INFO - Processing /Users/felipe.vasconcelos/repos/courses/python-learnings/.venv/lib/python3.10/site-packages/airflow/example_dags/example_xcom.py took 1.179 seconds
[2023-08-05T11:29:28.086+0200] {processor.py:157} INFO - Started process (PID=83736) to work on /Users/felipe.vasconcelos/repos/courses/python-learnings/.venv/lib/python3.10/site-packages/airflow/example_dags/example_xcom.py
[2023-08-05T11:29:28.093+0200] {processor.py:826} INFO - Processing file /Users/felipe.vasconcelos/repos/courses/python-learnings/.venv/lib/python3.10/site-packages/airflow/example_dags/example_xcom.py for tasks to queue
[2023-08-05T11:29:28.093+0200] {logging_mixin.py:150} INFO - [2023-08-05T11:29:28.093+0200] {dagbag.py:541} INFO - Filling up the DagBag from /Users/felipe.vasconcelos/repos/courses/python-learnings/.venv/lib/python3.10/site-packages/airflow/example_dags/example_xcom.py
[2023-08-05T11:29:28.159+0200] {processor.py:836} INFO - DAG(s) dict_keys(['example_xcom']) retrieved from /Users/felipe.vasconcelos/repos/courses/python-learnings/.venv/lib/python3.10/site-packages/airflow/example_dags/example_xcom.py
[2023-08-05T11:29:28.913+0200] {logging_mixin.py:150} INFO - [2023-08-05T11:29:28.912+0200] {dag.py:2742} INFO - Sync 1 DAGs
[2023-08-05T11:29:28.933+0200] {logging_mixin.py:150} INFO - [2023-08-05T11:29:28.933+0200] {dag.py:3504} INFO - Setting next_dagrun for example_xcom to 2021-01-01T00:00:00+00:00, run_after=2021-01-01T00:00:00+00:00
[2023-08-05T11:29:28.956+0200] {processor.py:179} INFO - Processing /Users/felipe.vasconcelos/repos/courses/python-learnings/.venv/lib/python3.10/site-packages/airflow/example_dags/example_xcom.py took 0.871 seconds
[2023-08-05T11:32:26.680+0200] {processor.py:157} INFO - Started process (PID=83825) to work on /Users/felipe.vasconcelos/repos/courses/python-learnings/.venv/lib/python3.10/site-packages/airflow/example_dags/example_xcom.py
[2023-08-05T11:32:26.702+0200] {processor.py:826} INFO - Processing file /Users/felipe.vasconcelos/repos/courses/python-learnings/.venv/lib/python3.10/site-packages/airflow/example_dags/example_xcom.py for tasks to queue
[2023-08-05T11:32:26.703+0200] {logging_mixin.py:150} INFO - [2023-08-05T11:32:26.703+0200] {dagbag.py:541} INFO - Filling up the DagBag from /Users/felipe.vasconcelos/repos/courses/python-learnings/.venv/lib/python3.10/site-packages/airflow/example_dags/example_xcom.py
[2023-08-05T11:32:26.846+0200] {processor.py:836} INFO - DAG(s) dict_keys(['example_xcom']) retrieved from /Users/felipe.vasconcelos/repos/courses/python-learnings/.venv/lib/python3.10/site-packages/airflow/example_dags/example_xcom.py
[2023-08-05T11:32:27.923+0200] {logging_mixin.py:150} INFO - [2023-08-05T11:32:27.922+0200] {dag.py:2742} INFO - Sync 1 DAGs
[2023-08-05T11:32:27.952+0200] {logging_mixin.py:150} INFO - [2023-08-05T11:32:27.952+0200] {dag.py:3504} INFO - Setting next_dagrun for example_xcom to 2021-01-01T00:00:00+00:00, run_after=2021-01-01T00:00:00+00:00
[2023-08-05T11:32:27.983+0200] {processor.py:179} INFO - Processing /Users/felipe.vasconcelos/repos/courses/python-learnings/.venv/lib/python3.10/site-packages/airflow/example_dags/example_xcom.py took 1.304 seconds
[2023-08-05T11:35:02.643+0200] {processor.py:157} INFO - Started process (PID=83920) to work on /Users/felipe.vasconcelos/repos/courses/python-learnings/.venv/lib/python3.10/site-packages/airflow/example_dags/example_xcom.py
[2023-08-05T11:35:02.649+0200] {processor.py:826} INFO - Processing file /Users/felipe.vasconcelos/repos/courses/python-learnings/.venv/lib/python3.10/site-packages/airflow/example_dags/example_xcom.py for tasks to queue
[2023-08-05T11:35:02.650+0200] {logging_mixin.py:150} INFO - [2023-08-05T11:35:02.650+0200] {dagbag.py:541} INFO - Filling up the DagBag from /Users/felipe.vasconcelos/repos/courses/python-learnings/.venv/lib/python3.10/site-packages/airflow/example_dags/example_xcom.py
[2023-08-05T11:35:02.722+0200] {processor.py:836} INFO - DAG(s) dict_keys(['example_xcom']) retrieved from /Users/felipe.vasconcelos/repos/courses/python-learnings/.venv/lib/python3.10/site-packages/airflow/example_dags/example_xcom.py
[2023-08-05T11:35:03.426+0200] {logging_mixin.py:150} INFO - [2023-08-05T11:35:03.426+0200] {dag.py:2742} INFO - Sync 1 DAGs
[2023-08-05T11:35:03.445+0200] {logging_mixin.py:150} INFO - [2023-08-05T11:35:03.445+0200] {dag.py:3504} INFO - Setting next_dagrun for example_xcom to 2021-01-01T00:00:00+00:00, run_after=2021-01-01T00:00:00+00:00
[2023-08-05T11:35:03.464+0200] {processor.py:179} INFO - Processing /Users/felipe.vasconcelos/repos/courses/python-learnings/.venv/lib/python3.10/site-packages/airflow/example_dags/example_xcom.py took 0.822 seconds
[2023-08-05T11:37:17.058+0200] {processor.py:157} INFO - Started process (PID=83992) to work on /Users/felipe.vasconcelos/repos/courses/python-learnings/.venv/lib/python3.10/site-packages/airflow/example_dags/example_xcom.py
[2023-08-05T11:37:17.065+0200] {processor.py:826} INFO - Processing file /Users/felipe.vasconcelos/repos/courses/python-learnings/.venv/lib/python3.10/site-packages/airflow/example_dags/example_xcom.py for tasks to queue
[2023-08-05T11:37:17.066+0200] {logging_mixin.py:150} INFO - [2023-08-05T11:37:17.065+0200] {dagbag.py:541} INFO - Filling up the DagBag from /Users/felipe.vasconcelos/repos/courses/python-learnings/.venv/lib/python3.10/site-packages/airflow/example_dags/example_xcom.py
[2023-08-05T11:37:17.133+0200] {processor.py:836} INFO - DAG(s) dict_keys(['example_xcom']) retrieved from /Users/felipe.vasconcelos/repos/courses/python-learnings/.venv/lib/python3.10/site-packages/airflow/example_dags/example_xcom.py
[2023-08-05T11:37:17.806+0200] {logging_mixin.py:150} INFO - [2023-08-05T11:37:17.806+0200] {dag.py:2742} INFO - Sync 1 DAGs
[2023-08-05T11:37:17.823+0200] {logging_mixin.py:150} INFO - [2023-08-05T11:37:17.823+0200] {dag.py:3504} INFO - Setting next_dagrun for example_xcom to 2021-01-01T00:00:00+00:00, run_after=2021-01-01T00:00:00+00:00
[2023-08-05T11:37:17.843+0200] {processor.py:179} INFO - Processing /Users/felipe.vasconcelos/repos/courses/python-learnings/.venv/lib/python3.10/site-packages/airflow/example_dags/example_xcom.py took 0.786 seconds
[2023-08-05T11:39:29.323+0200] {processor.py:157} INFO - Started process (PID=84059) to work on /Users/felipe.vasconcelos/repos/courses/python-learnings/.venv/lib/python3.10/site-packages/airflow/example_dags/example_xcom.py
[2023-08-05T11:39:29.329+0200] {processor.py:826} INFO - Processing file /Users/felipe.vasconcelos/repos/courses/python-learnings/.venv/lib/python3.10/site-packages/airflow/example_dags/example_xcom.py for tasks to queue
[2023-08-05T11:39:29.330+0200] {logging_mixin.py:150} INFO - [2023-08-05T11:39:29.330+0200] {dagbag.py:541} INFO - Filling up the DagBag from /Users/felipe.vasconcelos/repos/courses/python-learnings/.venv/lib/python3.10/site-packages/airflow/example_dags/example_xcom.py
[2023-08-05T11:39:29.389+0200] {processor.py:836} INFO - DAG(s) dict_keys(['example_xcom']) retrieved from /Users/felipe.vasconcelos/repos/courses/python-learnings/.venv/lib/python3.10/site-packages/airflow/example_dags/example_xcom.py
[2023-08-05T11:39:30.379+0200] {logging_mixin.py:150} INFO - [2023-08-05T11:39:30.378+0200] {dag.py:2742} INFO - Sync 1 DAGs
[2023-08-05T11:39:30.406+0200] {logging_mixin.py:150} INFO - [2023-08-05T11:39:30.406+0200] {dag.py:3504} INFO - Setting next_dagrun for example_xcom to 2021-01-01T00:00:00+00:00, run_after=2021-01-01T00:00:00+00:00
[2023-08-05T11:39:30.670+0200] {processor.py:179} INFO - Processing /Users/felipe.vasconcelos/repos/courses/python-learnings/.venv/lib/python3.10/site-packages/airflow/example_dags/example_xcom.py took 1.348 seconds
[2023-08-05T11:41:38.469+0200] {processor.py:157} INFO - Started process (PID=84123) to work on /Users/felipe.vasconcelos/repos/courses/python-learnings/.venv/lib/python3.10/site-packages/airflow/example_dags/example_xcom.py
[2023-08-05T11:41:38.475+0200] {processor.py:826} INFO - Processing file /Users/felipe.vasconcelos/repos/courses/python-learnings/.venv/lib/python3.10/site-packages/airflow/example_dags/example_xcom.py for tasks to queue
[2023-08-05T11:41:38.476+0200] {logging_mixin.py:150} INFO - [2023-08-05T11:41:38.476+0200] {dagbag.py:541} INFO - Filling up the DagBag from /Users/felipe.vasconcelos/repos/courses/python-learnings/.venv/lib/python3.10/site-packages/airflow/example_dags/example_xcom.py
[2023-08-05T11:41:38.538+0200] {processor.py:836} INFO - DAG(s) dict_keys(['example_xcom']) retrieved from /Users/felipe.vasconcelos/repos/courses/python-learnings/.venv/lib/python3.10/site-packages/airflow/example_dags/example_xcom.py
[2023-08-05T11:41:39.381+0200] {logging_mixin.py:150} INFO - [2023-08-05T11:41:39.380+0200] {dag.py:2742} INFO - Sync 1 DAGs
[2023-08-05T11:41:39.400+0200] {logging_mixin.py:150} INFO - [2023-08-05T11:41:39.399+0200] {dag.py:3504} INFO - Setting next_dagrun for example_xcom to 2021-01-01T00:00:00+00:00, run_after=2021-01-01T00:00:00+00:00
[2023-08-05T11:41:39.421+0200] {processor.py:179} INFO - Processing /Users/felipe.vasconcelos/repos/courses/python-learnings/.venv/lib/python3.10/site-packages/airflow/example_dags/example_xcom.py took 0.953 seconds
[2023-08-05T11:43:47.162+0200] {processor.py:157} INFO - Started process (PID=84180) to work on /Users/felipe.vasconcelos/repos/courses/python-learnings/.venv/lib/python3.10/site-packages/airflow/example_dags/example_xcom.py
[2023-08-05T11:43:47.168+0200] {processor.py:826} INFO - Processing file /Users/felipe.vasconcelos/repos/courses/python-learnings/.venv/lib/python3.10/site-packages/airflow/example_dags/example_xcom.py for tasks to queue
[2023-08-05T11:43:47.169+0200] {logging_mixin.py:150} INFO - [2023-08-05T11:43:47.169+0200] {dagbag.py:541} INFO - Filling up the DagBag from /Users/felipe.vasconcelos/repos/courses/python-learnings/.venv/lib/python3.10/site-packages/airflow/example_dags/example_xcom.py
[2023-08-05T11:43:47.244+0200] {processor.py:836} INFO - DAG(s) dict_keys(['example_xcom']) retrieved from /Users/felipe.vasconcelos/repos/courses/python-learnings/.venv/lib/python3.10/site-packages/airflow/example_dags/example_xcom.py
[2023-08-05T11:43:47.991+0200] {logging_mixin.py:150} INFO - [2023-08-05T11:43:47.990+0200] {dag.py:2742} INFO - Sync 1 DAGs
[2023-08-05T11:43:48.008+0200] {logging_mixin.py:150} INFO - [2023-08-05T11:43:48.007+0200] {dag.py:3504} INFO - Setting next_dagrun for example_xcom to 2021-01-01T00:00:00+00:00, run_after=2021-01-01T00:00:00+00:00
[2023-08-05T11:43:48.028+0200] {processor.py:179} INFO - Processing /Users/felipe.vasconcelos/repos/courses/python-learnings/.venv/lib/python3.10/site-packages/airflow/example_dags/example_xcom.py took 0.867 seconds
[2023-08-05T11:45:52.380+0200] {processor.py:157} INFO - Started process (PID=84247) to work on /Users/felipe.vasconcelos/repos/courses/python-learnings/.venv/lib/python3.10/site-packages/airflow/example_dags/example_xcom.py
[2023-08-05T11:45:52.386+0200] {processor.py:826} INFO - Processing file /Users/felipe.vasconcelos/repos/courses/python-learnings/.venv/lib/python3.10/site-packages/airflow/example_dags/example_xcom.py for tasks to queue
[2023-08-05T11:45:52.387+0200] {logging_mixin.py:150} INFO - [2023-08-05T11:45:52.387+0200] {dagbag.py:541} INFO - Filling up the DagBag from /Users/felipe.vasconcelos/repos/courses/python-learnings/.venv/lib/python3.10/site-packages/airflow/example_dags/example_xcom.py
[2023-08-05T11:45:52.447+0200] {processor.py:836} INFO - DAG(s) dict_keys(['example_xcom']) retrieved from /Users/felipe.vasconcelos/repos/courses/python-learnings/.venv/lib/python3.10/site-packages/airflow/example_dags/example_xcom.py
[2023-08-05T11:45:53.402+0200] {logging_mixin.py:150} INFO - [2023-08-05T11:45:53.401+0200] {dag.py:2742} INFO - Sync 1 DAGs
[2023-08-05T11:45:53.420+0200] {logging_mixin.py:150} INFO - [2023-08-05T11:45:53.419+0200] {dag.py:3504} INFO - Setting next_dagrun for example_xcom to 2021-01-01T00:00:00+00:00, run_after=2021-01-01T00:00:00+00:00
[2023-08-05T11:45:53.439+0200] {processor.py:179} INFO - Processing /Users/felipe.vasconcelos/repos/courses/python-learnings/.venv/lib/python3.10/site-packages/airflow/example_dags/example_xcom.py took 1.060 seconds
[2023-08-05T11:48:39.174+0200] {processor.py:157} INFO - Started process (PID=84346) to work on /Users/felipe.vasconcelos/repos/courses/python-learnings/.venv/lib/python3.10/site-packages/airflow/example_dags/example_xcom.py
[2023-08-05T11:48:39.184+0200] {processor.py:826} INFO - Processing file /Users/felipe.vasconcelos/repos/courses/python-learnings/.venv/lib/python3.10/site-packages/airflow/example_dags/example_xcom.py for tasks to queue
[2023-08-05T11:48:39.185+0200] {logging_mixin.py:150} INFO - [2023-08-05T11:48:39.185+0200] {dagbag.py:541} INFO - Filling up the DagBag from /Users/felipe.vasconcelos/repos/courses/python-learnings/.venv/lib/python3.10/site-packages/airflow/example_dags/example_xcom.py
[2023-08-05T11:48:39.272+0200] {processor.py:836} INFO - DAG(s) dict_keys(['example_xcom']) retrieved from /Users/felipe.vasconcelos/repos/courses/python-learnings/.venv/lib/python3.10/site-packages/airflow/example_dags/example_xcom.py
[2023-08-05T11:48:40.059+0200] {logging_mixin.py:150} INFO - [2023-08-05T11:48:40.058+0200] {dag.py:2742} INFO - Sync 1 DAGs
[2023-08-05T11:48:40.076+0200] {logging_mixin.py:150} INFO - [2023-08-05T11:48:40.076+0200] {dag.py:3504} INFO - Setting next_dagrun for example_xcom to 2021-01-01T00:00:00+00:00, run_after=2021-01-01T00:00:00+00:00
[2023-08-05T11:48:40.095+0200] {processor.py:179} INFO - Processing /Users/felipe.vasconcelos/repos/courses/python-learnings/.venv/lib/python3.10/site-packages/airflow/example_dags/example_xcom.py took 0.922 seconds
[2023-08-05T11:51:05.574+0200] {processor.py:157} INFO - Started process (PID=84424) to work on /Users/felipe.vasconcelos/repos/courses/python-learnings/.venv/lib/python3.10/site-packages/airflow/example_dags/example_xcom.py
[2023-08-05T11:51:05.579+0200] {processor.py:826} INFO - Processing file /Users/felipe.vasconcelos/repos/courses/python-learnings/.venv/lib/python3.10/site-packages/airflow/example_dags/example_xcom.py for tasks to queue
[2023-08-05T11:51:05.580+0200] {logging_mixin.py:150} INFO - [2023-08-05T11:51:05.579+0200] {dagbag.py:541} INFO - Filling up the DagBag from /Users/felipe.vasconcelos/repos/courses/python-learnings/.venv/lib/python3.10/site-packages/airflow/example_dags/example_xcom.py
[2023-08-05T11:51:05.637+0200] {processor.py:836} INFO - DAG(s) dict_keys(['example_xcom']) retrieved from /Users/felipe.vasconcelos/repos/courses/python-learnings/.venv/lib/python3.10/site-packages/airflow/example_dags/example_xcom.py
[2023-08-05T11:51:06.321+0200] {logging_mixin.py:150} INFO - [2023-08-05T11:51:06.321+0200] {dag.py:2742} INFO - Sync 1 DAGs
[2023-08-05T11:51:06.347+0200] {logging_mixin.py:150} INFO - [2023-08-05T11:51:06.347+0200] {dag.py:3504} INFO - Setting next_dagrun for example_xcom to 2021-01-01T00:00:00+00:00, run_after=2021-01-01T00:00:00+00:00
[2023-08-05T11:51:06.371+0200] {processor.py:179} INFO - Processing /Users/felipe.vasconcelos/repos/courses/python-learnings/.venv/lib/python3.10/site-packages/airflow/example_dags/example_xcom.py took 0.798 seconds
[2023-08-05T11:53:16.781+0200] {processor.py:157} INFO - Started process (PID=84483) to work on /Users/felipe.vasconcelos/repos/courses/python-learnings/.venv/lib/python3.10/site-packages/airflow/example_dags/example_xcom.py
[2023-08-05T11:53:16.788+0200] {processor.py:826} INFO - Processing file /Users/felipe.vasconcelos/repos/courses/python-learnings/.venv/lib/python3.10/site-packages/airflow/example_dags/example_xcom.py for tasks to queue
[2023-08-05T11:53:16.789+0200] {logging_mixin.py:150} INFO - [2023-08-05T11:53:16.788+0200] {dagbag.py:541} INFO - Filling up the DagBag from /Users/felipe.vasconcelos/repos/courses/python-learnings/.venv/lib/python3.10/site-packages/airflow/example_dags/example_xcom.py
[2023-08-05T11:53:16.849+0200] {processor.py:836} INFO - DAG(s) dict_keys(['example_xcom']) retrieved from /Users/felipe.vasconcelos/repos/courses/python-learnings/.venv/lib/python3.10/site-packages/airflow/example_dags/example_xcom.py
[2023-08-05T11:53:17.567+0200] {logging_mixin.py:150} INFO - [2023-08-05T11:53:17.566+0200] {dag.py:2742} INFO - Sync 1 DAGs
[2023-08-05T11:53:17.597+0200] {logging_mixin.py:150} INFO - [2023-08-05T11:53:17.596+0200] {dag.py:3504} INFO - Setting next_dagrun for example_xcom to 2021-01-01T00:00:00+00:00, run_after=2021-01-01T00:00:00+00:00
[2023-08-05T11:53:17.627+0200] {processor.py:179} INFO - Processing /Users/felipe.vasconcelos/repos/courses/python-learnings/.venv/lib/python3.10/site-packages/airflow/example_dags/example_xcom.py took 0.847 seconds
[2023-08-05T11:55:27.992+0200] {processor.py:157} INFO - Started process (PID=84552) to work on /Users/felipe.vasconcelos/repos/courses/python-learnings/.venv/lib/python3.10/site-packages/airflow/example_dags/example_xcom.py
[2023-08-05T11:55:27.999+0200] {processor.py:826} INFO - Processing file /Users/felipe.vasconcelos/repos/courses/python-learnings/.venv/lib/python3.10/site-packages/airflow/example_dags/example_xcom.py for tasks to queue
[2023-08-05T11:55:28.000+0200] {logging_mixin.py:150} INFO - [2023-08-05T11:55:27.999+0200] {dagbag.py:541} INFO - Filling up the DagBag from /Users/felipe.vasconcelos/repos/courses/python-learnings/.venv/lib/python3.10/site-packages/airflow/example_dags/example_xcom.py
[2023-08-05T11:55:28.062+0200] {processor.py:836} INFO - DAG(s) dict_keys(['example_xcom']) retrieved from /Users/felipe.vasconcelos/repos/courses/python-learnings/.venv/lib/python3.10/site-packages/airflow/example_dags/example_xcom.py
[2023-08-05T11:55:28.739+0200] {logging_mixin.py:150} INFO - [2023-08-05T11:55:28.739+0200] {dag.py:2742} INFO - Sync 1 DAGs
[2023-08-05T11:55:28.757+0200] {logging_mixin.py:150} INFO - [2023-08-05T11:55:28.757+0200] {dag.py:3504} INFO - Setting next_dagrun for example_xcom to 2021-01-01T00:00:00+00:00, run_after=2021-01-01T00:00:00+00:00
[2023-08-05T11:55:28.777+0200] {processor.py:179} INFO - Processing /Users/felipe.vasconcelos/repos/courses/python-learnings/.venv/lib/python3.10/site-packages/airflow/example_dags/example_xcom.py took 0.786 seconds
[2023-08-05T11:57:32.436+0200] {processor.py:157} INFO - Started process (PID=84616) to work on /Users/felipe.vasconcelos/repos/courses/python-learnings/.venv/lib/python3.10/site-packages/airflow/example_dags/example_xcom.py
[2023-08-05T11:57:32.442+0200] {processor.py:826} INFO - Processing file /Users/felipe.vasconcelos/repos/courses/python-learnings/.venv/lib/python3.10/site-packages/airflow/example_dags/example_xcom.py for tasks to queue
[2023-08-05T11:57:32.442+0200] {logging_mixin.py:150} INFO - [2023-08-05T11:57:32.442+0200] {dagbag.py:541} INFO - Filling up the DagBag from /Users/felipe.vasconcelos/repos/courses/python-learnings/.venv/lib/python3.10/site-packages/airflow/example_dags/example_xcom.py
[2023-08-05T11:57:32.520+0200] {processor.py:836} INFO - DAG(s) dict_keys(['example_xcom']) retrieved from /Users/felipe.vasconcelos/repos/courses/python-learnings/.venv/lib/python3.10/site-packages/airflow/example_dags/example_xcom.py
[2023-08-05T11:57:33.385+0200] {logging_mixin.py:150} INFO - [2023-08-05T11:57:33.384+0200] {dag.py:2742} INFO - Sync 1 DAGs
[2023-08-05T11:57:33.405+0200] {logging_mixin.py:150} INFO - [2023-08-05T11:57:33.405+0200] {dag.py:3504} INFO - Setting next_dagrun for example_xcom to 2021-01-01T00:00:00+00:00, run_after=2021-01-01T00:00:00+00:00
[2023-08-05T11:57:33.426+0200] {processor.py:179} INFO - Processing /Users/felipe.vasconcelos/repos/courses/python-learnings/.venv/lib/python3.10/site-packages/airflow/example_dags/example_xcom.py took 0.991 seconds
[2023-08-05T12:00:37.095+0200] {processor.py:157} INFO - Started process (PID=84716) to work on /Users/felipe.vasconcelos/repos/courses/python-learnings/.venv/lib/python3.10/site-packages/airflow/example_dags/example_xcom.py
[2023-08-05T12:00:37.274+0200] {processor.py:826} INFO - Processing file /Users/felipe.vasconcelos/repos/courses/python-learnings/.venv/lib/python3.10/site-packages/airflow/example_dags/example_xcom.py for tasks to queue
[2023-08-05T12:00:37.277+0200] {logging_mixin.py:150} INFO - [2023-08-05T12:00:37.276+0200] {dagbag.py:541} INFO - Filling up the DagBag from /Users/felipe.vasconcelos/repos/courses/python-learnings/.venv/lib/python3.10/site-packages/airflow/example_dags/example_xcom.py
[2023-08-05T12:00:38.582+0200] {processor.py:836} INFO - DAG(s) dict_keys(['example_xcom']) retrieved from /Users/felipe.vasconcelos/repos/courses/python-learnings/.venv/lib/python3.10/site-packages/airflow/example_dags/example_xcom.py
[2023-08-05T12:00:41.930+0200] {logging_mixin.py:150} INFO - [2023-08-05T12:00:41.927+0200] {dag.py:2742} INFO - Sync 1 DAGs
[2023-08-05T12:00:42.059+0200] {logging_mixin.py:150} INFO - [2023-08-05T12:00:42.058+0200] {dag.py:3504} INFO - Setting next_dagrun for example_xcom to 2021-01-01T00:00:00+00:00, run_after=2021-01-01T00:00:00+00:00
[2023-08-05T12:00:42.204+0200] {processor.py:179} INFO - Processing /Users/felipe.vasconcelos/repos/courses/python-learnings/.venv/lib/python3.10/site-packages/airflow/example_dags/example_xcom.py took 5.113 seconds
[2023-08-05T12:04:12.072+0200] {processor.py:157} INFO - Started process (PID=84876) to work on /Users/felipe.vasconcelos/repos/courses/python-learnings/.venv/lib/python3.10/site-packages/airflow/example_dags/example_xcom.py
[2023-08-05T12:04:12.083+0200] {processor.py:826} INFO - Processing file /Users/felipe.vasconcelos/repos/courses/python-learnings/.venv/lib/python3.10/site-packages/airflow/example_dags/example_xcom.py for tasks to queue
[2023-08-05T12:04:12.084+0200] {logging_mixin.py:150} INFO - [2023-08-05T12:04:12.084+0200] {dagbag.py:541} INFO - Filling up the DagBag from /Users/felipe.vasconcelos/repos/courses/python-learnings/.venv/lib/python3.10/site-packages/airflow/example_dags/example_xcom.py
[2023-08-05T12:04:12.156+0200] {processor.py:836} INFO - DAG(s) dict_keys(['example_xcom']) retrieved from /Users/felipe.vasconcelos/repos/courses/python-learnings/.venv/lib/python3.10/site-packages/airflow/example_dags/example_xcom.py
[2023-08-05T12:04:13.354+0200] {logging_mixin.py:150} INFO - [2023-08-05T12:04:13.354+0200] {dag.py:2742} INFO - Sync 1 DAGs
[2023-08-05T12:04:13.372+0200] {logging_mixin.py:150} INFO - [2023-08-05T12:04:13.372+0200] {dag.py:3504} INFO - Setting next_dagrun for example_xcom to 2021-01-01T00:00:00+00:00, run_after=2021-01-01T00:00:00+00:00
[2023-08-05T12:04:13.392+0200] {processor.py:179} INFO - Processing /Users/felipe.vasconcelos/repos/courses/python-learnings/.venv/lib/python3.10/site-packages/airflow/example_dags/example_xcom.py took 1.321 seconds
