[2023-08-05T10:41:29.043+0200] {processor.py:157} INFO - Started process (PID=82641) to work on /Users/felipe.vasconcelos/repos/courses/python-learnings/.venv/lib/python3.10/site-packages/airflow/example_dags/example_branch_datetime_operator.py
[2023-08-05T10:41:29.048+0200] {processor.py:826} INFO - Processing file /Users/felipe.vasconcelos/repos/courses/python-learnings/.venv/lib/python3.10/site-packages/airflow/example_dags/example_branch_datetime_operator.py for tasks to queue
[2023-08-05T10:41:29.048+0200] {logging_mixin.py:150} INFO - [2023-08-05T10:41:29.048+0200] {dagbag.py:541} INFO - Filling up the DagBag from /Users/felipe.vasconcelos/repos/courses/python-learnings/.venv/lib/python3.10/site-packages/airflow/example_dags/example_branch_datetime_operator.py
[2023-08-05T10:41:29.080+0200] {processor.py:836} INFO - DAG(s) dict_keys(['example_branch_datetime_operator', 'example_branch_datetime_operator_2', 'example_branch_datetime_operator_3']) retrieved from /Users/felipe.vasconcelos/repos/courses/python-learnings/.venv/lib/python3.10/site-packages/airflow/example_dags/example_branch_datetime_operator.py
[2023-08-05T10:41:29.917+0200] {logging_mixin.py:150} INFO - [2023-08-05T10:41:29.917+0200] {manager.py:504} INFO - Created Permission View: can read on DAG:example_branch_datetime_operator
[2023-08-05T10:41:29.927+0200] {logging_mixin.py:150} INFO - [2023-08-05T10:41:29.927+0200] {manager.py:504} INFO - Created Permission View: can edit on DAG:example_branch_datetime_operator
[2023-08-05T10:41:29.935+0200] {logging_mixin.py:150} INFO - [2023-08-05T10:41:29.934+0200] {manager.py:504} INFO - Created Permission View: can delete on DAG:example_branch_datetime_operator
[2023-08-05T10:41:29.959+0200] {logging_mixin.py:150} INFO - [2023-08-05T10:41:29.959+0200] {manager.py:504} INFO - Created Permission View: can read on DAG:example_branch_datetime_operator_2
[2023-08-05T10:41:29.966+0200] {logging_mixin.py:150} INFO - [2023-08-05T10:41:29.966+0200] {manager.py:504} INFO - Created Permission View: can edit on DAG:example_branch_datetime_operator_2
[2023-08-05T10:41:29.973+0200] {logging_mixin.py:150} INFO - [2023-08-05T10:41:29.973+0200] {manager.py:504} INFO - Created Permission View: can delete on DAG:example_branch_datetime_operator_2
[2023-08-05T10:41:29.992+0200] {logging_mixin.py:150} INFO - [2023-08-05T10:41:29.992+0200] {manager.py:504} INFO - Created Permission View: can read on DAG:example_branch_datetime_operator_3
[2023-08-05T10:41:30.000+0200] {logging_mixin.py:150} INFO - [2023-08-05T10:41:29.999+0200] {manager.py:504} INFO - Created Permission View: can edit on DAG:example_branch_datetime_operator_3
[2023-08-05T10:41:30.008+0200] {logging_mixin.py:150} INFO - [2023-08-05T10:41:30.008+0200] {manager.py:504} INFO - Created Permission View: can delete on DAG:example_branch_datetime_operator_3
[2023-08-05T10:41:30.016+0200] {logging_mixin.py:150} INFO - [2023-08-05T10:41:30.016+0200] {dag.py:2742} INFO - Sync 3 DAGs
[2023-08-05T10:41:30.038+0200] {logging_mixin.py:150} INFO - [2023-08-05T10:41:30.037+0200] {dag.py:2763} INFO - Creating ORM DAG for example_branch_datetime_operator
[2023-08-05T10:41:30.038+0200] {logging_mixin.py:150} INFO - [2023-08-05T10:41:30.038+0200] {dag.py:2763} INFO - Creating ORM DAG for example_branch_datetime_operator_3
[2023-08-05T10:41:30.039+0200] {logging_mixin.py:150} INFO - [2023-08-05T10:41:30.039+0200] {dag.py:2763} INFO - Creating ORM DAG for example_branch_datetime_operator_2
[2023-08-05T10:41:30.053+0200] {logging_mixin.py:150} INFO - [2023-08-05T10:41:30.053+0200] {dag.py:3504} INFO - Setting next_dagrun for example_branch_datetime_operator to 2023-08-04T00:00:00+00:00, run_after=2023-08-05T00:00:00+00:00
[2023-08-05T10:41:30.055+0200] {logging_mixin.py:150} INFO - [2023-08-05T10:41:30.055+0200] {dag.py:3504} INFO - Setting next_dagrun for example_branch_datetime_operator_2 to 2023-08-04T00:00:00+00:00, run_after=2023-08-05T00:00:00+00:00
[2023-08-05T10:41:30.057+0200] {logging_mixin.py:150} INFO - [2023-08-05T10:41:30.057+0200] {dag.py:3504} INFO - Setting next_dagrun for example_branch_datetime_operator_3 to 2023-08-04T00:00:00+00:00, run_after=2023-08-05T00:00:00+00:00
[2023-08-05T10:41:30.080+0200] {processor.py:179} INFO - Processing /Users/felipe.vasconcelos/repos/courses/python-learnings/.venv/lib/python3.10/site-packages/airflow/example_dags/example_branch_datetime_operator.py took 1.038 seconds
[2023-08-05T10:47:46.487+0200] {processor.py:157} INFO - Started process (PID=82851) to work on /Users/felipe.vasconcelos/repos/courses/python-learnings/.venv/lib/python3.10/site-packages/airflow/example_dags/example_branch_datetime_operator.py
[2023-08-05T10:47:46.493+0200] {processor.py:826} INFO - Processing file /Users/felipe.vasconcelos/repos/courses/python-learnings/.venv/lib/python3.10/site-packages/airflow/example_dags/example_branch_datetime_operator.py for tasks to queue
[2023-08-05T10:47:46.494+0200] {logging_mixin.py:150} INFO - [2023-08-05T10:47:46.494+0200] {dagbag.py:541} INFO - Filling up the DagBag from /Users/felipe.vasconcelos/repos/courses/python-learnings/.venv/lib/python3.10/site-packages/airflow/example_dags/example_branch_datetime_operator.py
[2023-08-05T10:47:46.526+0200] {processor.py:836} INFO - DAG(s) dict_keys(['example_branch_datetime_operator', 'example_branch_datetime_operator_3', 'example_branch_datetime_operator_2']) retrieved from /Users/felipe.vasconcelos/repos/courses/python-learnings/.venv/lib/python3.10/site-packages/airflow/example_dags/example_branch_datetime_operator.py
[2023-08-05T10:47:47.221+0200] {logging_mixin.py:150} INFO - [2023-08-05T10:47:47.221+0200] {dag.py:2742} INFO - Sync 3 DAGs
[2023-08-05T10:47:47.241+0200] {logging_mixin.py:150} INFO - [2023-08-05T10:47:47.241+0200] {dag.py:3504} INFO - Setting next_dagrun for example_branch_datetime_operator to 2023-08-04T00:00:00+00:00, run_after=2023-08-05T00:00:00+00:00
[2023-08-05T10:47:47.245+0200] {logging_mixin.py:150} INFO - [2023-08-05T10:47:47.245+0200] {dag.py:3504} INFO - Setting next_dagrun for example_branch_datetime_operator_2 to 2023-08-04T00:00:00+00:00, run_after=2023-08-05T00:00:00+00:00
[2023-08-05T10:47:47.248+0200] {logging_mixin.py:150} INFO - [2023-08-05T10:47:47.247+0200] {dag.py:3504} INFO - Setting next_dagrun for example_branch_datetime_operator_3 to 2023-08-04T00:00:00+00:00, run_after=2023-08-05T00:00:00+00:00
[2023-08-05T10:47:47.265+0200] {processor.py:179} INFO - Processing /Users/felipe.vasconcelos/repos/courses/python-learnings/.venv/lib/python3.10/site-packages/airflow/example_dags/example_branch_datetime_operator.py took 0.779 seconds
[2023-08-05T10:52:16.452+0200] {processor.py:157} INFO - Started process (PID=82978) to work on /Users/felipe.vasconcelos/repos/courses/python-learnings/.venv/lib/python3.10/site-packages/airflow/example_dags/example_branch_datetime_operator.py
[2023-08-05T10:52:16.459+0200] {processor.py:826} INFO - Processing file /Users/felipe.vasconcelos/repos/courses/python-learnings/.venv/lib/python3.10/site-packages/airflow/example_dags/example_branch_datetime_operator.py for tasks to queue
[2023-08-05T10:52:16.460+0200] {logging_mixin.py:150} INFO - [2023-08-05T10:52:16.459+0200] {dagbag.py:541} INFO - Filling up the DagBag from /Users/felipe.vasconcelos/repos/courses/python-learnings/.venv/lib/python3.10/site-packages/airflow/example_dags/example_branch_datetime_operator.py
[2023-08-05T10:52:16.492+0200] {processor.py:836} INFO - DAG(s) dict_keys(['example_branch_datetime_operator', 'example_branch_datetime_operator_2', 'example_branch_datetime_operator_3']) retrieved from /Users/felipe.vasconcelos/repos/courses/python-learnings/.venv/lib/python3.10/site-packages/airflow/example_dags/example_branch_datetime_operator.py
[2023-08-05T10:52:17.202+0200] {logging_mixin.py:150} INFO - [2023-08-05T10:52:17.202+0200] {dag.py:2742} INFO - Sync 3 DAGs
[2023-08-05T10:52:17.221+0200] {logging_mixin.py:150} INFO - [2023-08-05T10:52:17.221+0200] {dag.py:3504} INFO - Setting next_dagrun for example_branch_datetime_operator to 2023-08-04T00:00:00+00:00, run_after=2023-08-05T00:00:00+00:00
[2023-08-05T10:52:17.225+0200] {logging_mixin.py:150} INFO - [2023-08-05T10:52:17.225+0200] {dag.py:3504} INFO - Setting next_dagrun for example_branch_datetime_operator_2 to 2023-08-04T00:00:00+00:00, run_after=2023-08-05T00:00:00+00:00
[2023-08-05T10:52:17.227+0200] {logging_mixin.py:150} INFO - [2023-08-05T10:52:17.227+0200] {dag.py:3504} INFO - Setting next_dagrun for example_branch_datetime_operator_3 to 2023-08-04T00:00:00+00:00, run_after=2023-08-05T00:00:00+00:00
[2023-08-05T10:52:17.246+0200] {processor.py:179} INFO - Processing /Users/felipe.vasconcelos/repos/courses/python-learnings/.venv/lib/python3.10/site-packages/airflow/example_dags/example_branch_datetime_operator.py took 0.795 seconds
[2023-08-05T10:56:41.360+0200] {processor.py:157} INFO - Started process (PID=83096) to work on /Users/felipe.vasconcelos/repos/courses/python-learnings/.venv/lib/python3.10/site-packages/airflow/example_dags/example_branch_datetime_operator.py
[2023-08-05T10:56:41.366+0200] {processor.py:826} INFO - Processing file /Users/felipe.vasconcelos/repos/courses/python-learnings/.venv/lib/python3.10/site-packages/airflow/example_dags/example_branch_datetime_operator.py for tasks to queue
[2023-08-05T10:56:41.367+0200] {logging_mixin.py:150} INFO - [2023-08-05T10:56:41.367+0200] {dagbag.py:541} INFO - Filling up the DagBag from /Users/felipe.vasconcelos/repos/courses/python-learnings/.venv/lib/python3.10/site-packages/airflow/example_dags/example_branch_datetime_operator.py
[2023-08-05T10:56:41.402+0200] {processor.py:836} INFO - DAG(s) dict_keys(['example_branch_datetime_operator_2', 'example_branch_datetime_operator', 'example_branch_datetime_operator_3']) retrieved from /Users/felipe.vasconcelos/repos/courses/python-learnings/.venv/lib/python3.10/site-packages/airflow/example_dags/example_branch_datetime_operator.py
[2023-08-05T10:56:42.144+0200] {logging_mixin.py:150} INFO - [2023-08-05T10:56:42.143+0200] {dag.py:2742} INFO - Sync 3 DAGs
[2023-08-05T10:56:42.162+0200] {logging_mixin.py:150} INFO - [2023-08-05T10:56:42.162+0200] {dag.py:3504} INFO - Setting next_dagrun for example_branch_datetime_operator to 2023-08-04T00:00:00+00:00, run_after=2023-08-05T00:00:00+00:00
[2023-08-05T10:56:42.166+0200] {logging_mixin.py:150} INFO - [2023-08-05T10:56:42.166+0200] {dag.py:3504} INFO - Setting next_dagrun for example_branch_datetime_operator_2 to 2023-08-04T00:00:00+00:00, run_after=2023-08-05T00:00:00+00:00
[2023-08-05T10:56:42.168+0200] {logging_mixin.py:150} INFO - [2023-08-05T10:56:42.168+0200] {dag.py:3504} INFO - Setting next_dagrun for example_branch_datetime_operator_3 to 2023-08-04T00:00:00+00:00, run_after=2023-08-05T00:00:00+00:00
[2023-08-05T10:56:42.188+0200] {processor.py:179} INFO - Processing /Users/felipe.vasconcelos/repos/courses/python-learnings/.venv/lib/python3.10/site-packages/airflow/example_dags/example_branch_datetime_operator.py took 0.829 seconds
[2023-08-05T11:13:13.327+0200] {processor.py:157} INFO - Started process (PID=83290) to work on /Users/felipe.vasconcelos/repos/courses/python-learnings/.venv/lib/python3.10/site-packages/airflow/example_dags/example_branch_datetime_operator.py
[2023-08-05T11:13:13.333+0200] {processor.py:826} INFO - Processing file /Users/felipe.vasconcelos/repos/courses/python-learnings/.venv/lib/python3.10/site-packages/airflow/example_dags/example_branch_datetime_operator.py for tasks to queue
[2023-08-05T11:13:13.334+0200] {logging_mixin.py:150} INFO - [2023-08-05T11:13:13.334+0200] {dagbag.py:541} INFO - Filling up the DagBag from /Users/felipe.vasconcelos/repos/courses/python-learnings/.venv/lib/python3.10/site-packages/airflow/example_dags/example_branch_datetime_operator.py
[2023-08-05T11:13:13.366+0200] {processor.py:836} INFO - DAG(s) dict_keys(['example_branch_datetime_operator_3', 'example_branch_datetime_operator', 'example_branch_datetime_operator_2']) retrieved from /Users/felipe.vasconcelos/repos/courses/python-learnings/.venv/lib/python3.10/site-packages/airflow/example_dags/example_branch_datetime_operator.py
[2023-08-05T11:13:14.073+0200] {logging_mixin.py:150} INFO - [2023-08-05T11:13:14.072+0200] {dag.py:2742} INFO - Sync 3 DAGs
[2023-08-05T11:13:14.091+0200] {logging_mixin.py:150} INFO - [2023-08-05T11:13:14.090+0200] {dag.py:3504} INFO - Setting next_dagrun for example_branch_datetime_operator to 2023-08-04T00:00:00+00:00, run_after=2023-08-05T00:00:00+00:00
[2023-08-05T11:13:14.095+0200] {logging_mixin.py:150} INFO - [2023-08-05T11:13:14.095+0200] {dag.py:3504} INFO - Setting next_dagrun for example_branch_datetime_operator_2 to 2023-08-04T00:00:00+00:00, run_after=2023-08-05T00:00:00+00:00
[2023-08-05T11:13:14.097+0200] {logging_mixin.py:150} INFO - [2023-08-05T11:13:14.097+0200] {dag.py:3504} INFO - Setting next_dagrun for example_branch_datetime_operator_3 to 2023-08-04T00:00:00+00:00, run_after=2023-08-05T00:00:00+00:00
[2023-08-05T11:13:14.119+0200] {processor.py:179} INFO - Processing /Users/felipe.vasconcelos/repos/courses/python-learnings/.venv/lib/python3.10/site-packages/airflow/example_dags/example_branch_datetime_operator.py took 0.793 seconds
[2023-08-05T11:17:32.592+0200] {processor.py:157} INFO - Started process (PID=83412) to work on /Users/felipe.vasconcelos/repos/courses/python-learnings/.venv/lib/python3.10/site-packages/airflow/example_dags/example_branch_datetime_operator.py
[2023-08-05T11:17:32.599+0200] {processor.py:826} INFO - Processing file /Users/felipe.vasconcelos/repos/courses/python-learnings/.venv/lib/python3.10/site-packages/airflow/example_dags/example_branch_datetime_operator.py for tasks to queue
[2023-08-05T11:17:32.600+0200] {logging_mixin.py:150} INFO - [2023-08-05T11:17:32.600+0200] {dagbag.py:541} INFO - Filling up the DagBag from /Users/felipe.vasconcelos/repos/courses/python-learnings/.venv/lib/python3.10/site-packages/airflow/example_dags/example_branch_datetime_operator.py
[2023-08-05T11:17:32.636+0200] {processor.py:836} INFO - DAG(s) dict_keys(['example_branch_datetime_operator_3', 'example_branch_datetime_operator', 'example_branch_datetime_operator_2']) retrieved from /Users/felipe.vasconcelos/repos/courses/python-learnings/.venv/lib/python3.10/site-packages/airflow/example_dags/example_branch_datetime_operator.py
[2023-08-05T11:17:33.418+0200] {logging_mixin.py:150} INFO - [2023-08-05T11:17:33.417+0200] {dag.py:2742} INFO - Sync 3 DAGs
[2023-08-05T11:17:33.440+0200] {logging_mixin.py:150} INFO - [2023-08-05T11:17:33.440+0200] {dag.py:3504} INFO - Setting next_dagrun for example_branch_datetime_operator to 2023-08-04T00:00:00+00:00, run_after=2023-08-05T00:00:00+00:00
[2023-08-05T11:17:33.445+0200] {logging_mixin.py:150} INFO - [2023-08-05T11:17:33.445+0200] {dag.py:3504} INFO - Setting next_dagrun for example_branch_datetime_operator_2 to 2023-08-04T00:00:00+00:00, run_after=2023-08-05T00:00:00+00:00
[2023-08-05T11:17:33.448+0200] {logging_mixin.py:150} INFO - [2023-08-05T11:17:33.447+0200] {dag.py:3504} INFO - Setting next_dagrun for example_branch_datetime_operator_3 to 2023-08-04T00:00:00+00:00, run_after=2023-08-05T00:00:00+00:00
[2023-08-05T11:17:33.466+0200] {processor.py:179} INFO - Processing /Users/felipe.vasconcelos/repos/courses/python-learnings/.venv/lib/python3.10/site-packages/airflow/example_dags/example_branch_datetime_operator.py took 0.874 seconds
[2023-08-05T11:22:07.687+0200] {processor.py:157} INFO - Started process (PID=83549) to work on /Users/felipe.vasconcelos/repos/courses/python-learnings/.venv/lib/python3.10/site-packages/airflow/example_dags/example_branch_datetime_operator.py
[2023-08-05T11:22:07.694+0200] {processor.py:826} INFO - Processing file /Users/felipe.vasconcelos/repos/courses/python-learnings/.venv/lib/python3.10/site-packages/airflow/example_dags/example_branch_datetime_operator.py for tasks to queue
[2023-08-05T11:22:07.695+0200] {logging_mixin.py:150} INFO - [2023-08-05T11:22:07.694+0200] {dagbag.py:541} INFO - Filling up the DagBag from /Users/felipe.vasconcelos/repos/courses/python-learnings/.venv/lib/python3.10/site-packages/airflow/example_dags/example_branch_datetime_operator.py
[2023-08-05T11:22:07.727+0200] {processor.py:836} INFO - DAG(s) dict_keys(['example_branch_datetime_operator', 'example_branch_datetime_operator_2', 'example_branch_datetime_operator_3']) retrieved from /Users/felipe.vasconcelos/repos/courses/python-learnings/.venv/lib/python3.10/site-packages/airflow/example_dags/example_branch_datetime_operator.py
[2023-08-05T11:22:08.478+0200] {logging_mixin.py:150} INFO - [2023-08-05T11:22:08.477+0200] {dag.py:2742} INFO - Sync 3 DAGs
[2023-08-05T11:22:08.497+0200] {logging_mixin.py:150} INFO - [2023-08-05T11:22:08.496+0200] {dag.py:3504} INFO - Setting next_dagrun for example_branch_datetime_operator to 2023-08-04T00:00:00+00:00, run_after=2023-08-05T00:00:00+00:00
[2023-08-05T11:22:08.501+0200] {logging_mixin.py:150} INFO - [2023-08-05T11:22:08.501+0200] {dag.py:3504} INFO - Setting next_dagrun for example_branch_datetime_operator_2 to 2023-08-04T00:00:00+00:00, run_after=2023-08-05T00:00:00+00:00
[2023-08-05T11:22:08.503+0200] {logging_mixin.py:150} INFO - [2023-08-05T11:22:08.503+0200] {dag.py:3504} INFO - Setting next_dagrun for example_branch_datetime_operator_3 to 2023-08-04T00:00:00+00:00, run_after=2023-08-05T00:00:00+00:00
[2023-08-05T11:22:08.522+0200] {processor.py:179} INFO - Processing /Users/felipe.vasconcelos/repos/courses/python-learnings/.venv/lib/python3.10/site-packages/airflow/example_dags/example_branch_datetime_operator.py took 0.836 seconds
[2023-08-05T11:26:33.979+0200] {processor.py:157} INFO - Started process (PID=83661) to work on /Users/felipe.vasconcelos/repos/courses/python-learnings/.venv/lib/python3.10/site-packages/airflow/example_dags/example_branch_datetime_operator.py
[2023-08-05T11:26:33.985+0200] {processor.py:826} INFO - Processing file /Users/felipe.vasconcelos/repos/courses/python-learnings/.venv/lib/python3.10/site-packages/airflow/example_dags/example_branch_datetime_operator.py for tasks to queue
[2023-08-05T11:26:33.986+0200] {logging_mixin.py:150} INFO - [2023-08-05T11:26:33.986+0200] {dagbag.py:541} INFO - Filling up the DagBag from /Users/felipe.vasconcelos/repos/courses/python-learnings/.venv/lib/python3.10/site-packages/airflow/example_dags/example_branch_datetime_operator.py
[2023-08-05T11:26:34.017+0200] {processor.py:836} INFO - DAG(s) dict_keys(['example_branch_datetime_operator_2', 'example_branch_datetime_operator', 'example_branch_datetime_operator_3']) retrieved from /Users/felipe.vasconcelos/repos/courses/python-learnings/.venv/lib/python3.10/site-packages/airflow/example_dags/example_branch_datetime_operator.py
[2023-08-05T11:26:34.721+0200] {logging_mixin.py:150} INFO - [2023-08-05T11:26:34.720+0200] {dag.py:2742} INFO - Sync 3 DAGs
[2023-08-05T11:26:34.740+0200] {logging_mixin.py:150} INFO - [2023-08-05T11:26:34.740+0200] {dag.py:3504} INFO - Setting next_dagrun for example_branch_datetime_operator to 2023-08-04T00:00:00+00:00, run_after=2023-08-05T00:00:00+00:00
[2023-08-05T11:26:34.744+0200] {logging_mixin.py:150} INFO - [2023-08-05T11:26:34.744+0200] {dag.py:3504} INFO - Setting next_dagrun for example_branch_datetime_operator_2 to 2023-08-04T00:00:00+00:00, run_after=2023-08-05T00:00:00+00:00
[2023-08-05T11:26:34.747+0200] {logging_mixin.py:150} INFO - [2023-08-05T11:26:34.747+0200] {dag.py:3504} INFO - Setting next_dagrun for example_branch_datetime_operator_3 to 2023-08-04T00:00:00+00:00, run_after=2023-08-05T00:00:00+00:00
[2023-08-05T11:26:34.767+0200] {processor.py:179} INFO - Processing /Users/felipe.vasconcelos/repos/courses/python-learnings/.venv/lib/python3.10/site-packages/airflow/example_dags/example_branch_datetime_operator.py took 0.789 seconds
[2023-08-05T11:31:37.402+0200] {processor.py:157} INFO - Started process (PID=83801) to work on /Users/felipe.vasconcelos/repos/courses/python-learnings/.venv/lib/python3.10/site-packages/airflow/example_dags/example_branch_datetime_operator.py
[2023-08-05T11:31:37.408+0200] {processor.py:826} INFO - Processing file /Users/felipe.vasconcelos/repos/courses/python-learnings/.venv/lib/python3.10/site-packages/airflow/example_dags/example_branch_datetime_operator.py for tasks to queue
[2023-08-05T11:31:37.409+0200] {logging_mixin.py:150} INFO - [2023-08-05T11:31:37.409+0200] {dagbag.py:541} INFO - Filling up the DagBag from /Users/felipe.vasconcelos/repos/courses/python-learnings/.venv/lib/python3.10/site-packages/airflow/example_dags/example_branch_datetime_operator.py
[2023-08-05T11:31:37.439+0200] {processor.py:836} INFO - DAG(s) dict_keys(['example_branch_datetime_operator', 'example_branch_datetime_operator_3', 'example_branch_datetime_operator_2']) retrieved from /Users/felipe.vasconcelos/repos/courses/python-learnings/.venv/lib/python3.10/site-packages/airflow/example_dags/example_branch_datetime_operator.py
[2023-08-05T11:31:38.801+0200] {logging_mixin.py:150} INFO - [2023-08-05T11:31:38.800+0200] {dag.py:2742} INFO - Sync 3 DAGs
[2023-08-05T11:31:38.838+0200] {logging_mixin.py:150} INFO - [2023-08-05T11:31:38.838+0200] {dag.py:3504} INFO - Setting next_dagrun for example_branch_datetime_operator to 2023-08-04T00:00:00+00:00, run_after=2023-08-05T00:00:00+00:00
[2023-08-05T11:31:38.847+0200] {logging_mixin.py:150} INFO - [2023-08-05T11:31:38.847+0200] {dag.py:3504} INFO - Setting next_dagrun for example_branch_datetime_operator_2 to 2023-08-04T00:00:00+00:00, run_after=2023-08-05T00:00:00+00:00
[2023-08-05T11:31:38.851+0200] {logging_mixin.py:150} INFO - [2023-08-05T11:31:38.851+0200] {dag.py:3504} INFO - Setting next_dagrun for example_branch_datetime_operator_3 to 2023-08-04T00:00:00+00:00, run_after=2023-08-05T00:00:00+00:00
[2023-08-05T11:31:38.879+0200] {processor.py:179} INFO - Processing /Users/felipe.vasconcelos/repos/courses/python-learnings/.venv/lib/python3.10/site-packages/airflow/example_dags/example_branch_datetime_operator.py took 1.479 seconds
[2023-08-05T11:36:40.045+0200] {processor.py:157} INFO - Started process (PID=83974) to work on /Users/felipe.vasconcelos/repos/courses/python-learnings/.venv/lib/python3.10/site-packages/airflow/example_dags/example_branch_datetime_operator.py
[2023-08-05T11:36:40.051+0200] {processor.py:826} INFO - Processing file /Users/felipe.vasconcelos/repos/courses/python-learnings/.venv/lib/python3.10/site-packages/airflow/example_dags/example_branch_datetime_operator.py for tasks to queue
[2023-08-05T11:36:40.051+0200] {logging_mixin.py:150} INFO - [2023-08-05T11:36:40.051+0200] {dagbag.py:541} INFO - Filling up the DagBag from /Users/felipe.vasconcelos/repos/courses/python-learnings/.venv/lib/python3.10/site-packages/airflow/example_dags/example_branch_datetime_operator.py
[2023-08-05T11:36:40.081+0200] {processor.py:836} INFO - DAG(s) dict_keys(['example_branch_datetime_operator', 'example_branch_datetime_operator_2', 'example_branch_datetime_operator_3']) retrieved from /Users/felipe.vasconcelos/repos/courses/python-learnings/.venv/lib/python3.10/site-packages/airflow/example_dags/example_branch_datetime_operator.py
[2023-08-05T11:36:40.885+0200] {logging_mixin.py:150} INFO - [2023-08-05T11:36:40.884+0200] {dag.py:2742} INFO - Sync 3 DAGs
[2023-08-05T11:36:40.903+0200] {logging_mixin.py:150} INFO - [2023-08-05T11:36:40.903+0200] {dag.py:3504} INFO - Setting next_dagrun for example_branch_datetime_operator to 2023-08-04T00:00:00+00:00, run_after=2023-08-05T00:00:00+00:00
[2023-08-05T11:36:40.907+0200] {logging_mixin.py:150} INFO - [2023-08-05T11:36:40.907+0200] {dag.py:3504} INFO - Setting next_dagrun for example_branch_datetime_operator_2 to 2023-08-04T00:00:00+00:00, run_after=2023-08-05T00:00:00+00:00
[2023-08-05T11:36:40.909+0200] {logging_mixin.py:150} INFO - [2023-08-05T11:36:40.909+0200] {dag.py:3504} INFO - Setting next_dagrun for example_branch_datetime_operator_3 to 2023-08-04T00:00:00+00:00, run_after=2023-08-05T00:00:00+00:00
[2023-08-05T11:36:40.928+0200] {processor.py:179} INFO - Processing /Users/felipe.vasconcelos/repos/courses/python-learnings/.venv/lib/python3.10/site-packages/airflow/example_dags/example_branch_datetime_operator.py took 0.884 seconds
[2023-08-05T11:41:00.092+0200] {processor.py:157} INFO - Started process (PID=84104) to work on /Users/felipe.vasconcelos/repos/courses/python-learnings/.venv/lib/python3.10/site-packages/airflow/example_dags/example_branch_datetime_operator.py
[2023-08-05T11:41:00.098+0200] {processor.py:826} INFO - Processing file /Users/felipe.vasconcelos/repos/courses/python-learnings/.venv/lib/python3.10/site-packages/airflow/example_dags/example_branch_datetime_operator.py for tasks to queue
[2023-08-05T11:41:00.100+0200] {logging_mixin.py:150} INFO - [2023-08-05T11:41:00.100+0200] {dagbag.py:541} INFO - Filling up the DagBag from /Users/felipe.vasconcelos/repos/courses/python-learnings/.venv/lib/python3.10/site-packages/airflow/example_dags/example_branch_datetime_operator.py
[2023-08-05T11:41:00.148+0200] {processor.py:836} INFO - DAG(s) dict_keys(['example_branch_datetime_operator', 'example_branch_datetime_operator_2', 'example_branch_datetime_operator_3']) retrieved from /Users/felipe.vasconcelos/repos/courses/python-learnings/.venv/lib/python3.10/site-packages/airflow/example_dags/example_branch_datetime_operator.py
[2023-08-05T11:41:00.911+0200] {logging_mixin.py:150} INFO - [2023-08-05T11:41:00.911+0200] {dag.py:2742} INFO - Sync 3 DAGs
[2023-08-05T11:41:00.930+0200] {logging_mixin.py:150} INFO - [2023-08-05T11:41:00.930+0200] {dag.py:3504} INFO - Setting next_dagrun for example_branch_datetime_operator to 2023-08-04T00:00:00+00:00, run_after=2023-08-05T00:00:00+00:00
[2023-08-05T11:41:00.934+0200] {logging_mixin.py:150} INFO - [2023-08-05T11:41:00.934+0200] {dag.py:3504} INFO - Setting next_dagrun for example_branch_datetime_operator_2 to 2023-08-04T00:00:00+00:00, run_after=2023-08-05T00:00:00+00:00
[2023-08-05T11:41:00.936+0200] {logging_mixin.py:150} INFO - [2023-08-05T11:41:00.936+0200] {dag.py:3504} INFO - Setting next_dagrun for example_branch_datetime_operator_3 to 2023-08-04T00:00:00+00:00, run_after=2023-08-05T00:00:00+00:00
[2023-08-05T11:41:00.954+0200] {processor.py:179} INFO - Processing /Users/felipe.vasconcelos/repos/courses/python-learnings/.venv/lib/python3.10/site-packages/airflow/example_dags/example_branch_datetime_operator.py took 0.863 seconds
[2023-08-05T11:45:13.069+0200] {processor.py:157} INFO - Started process (PID=84224) to work on /Users/felipe.vasconcelos/repos/courses/python-learnings/.venv/lib/python3.10/site-packages/airflow/example_dags/example_branch_datetime_operator.py
[2023-08-05T11:45:13.075+0200] {processor.py:826} INFO - Processing file /Users/felipe.vasconcelos/repos/courses/python-learnings/.venv/lib/python3.10/site-packages/airflow/example_dags/example_branch_datetime_operator.py for tasks to queue
[2023-08-05T11:45:13.076+0200] {logging_mixin.py:150} INFO - [2023-08-05T11:45:13.076+0200] {dagbag.py:541} INFO - Filling up the DagBag from /Users/felipe.vasconcelos/repos/courses/python-learnings/.venv/lib/python3.10/site-packages/airflow/example_dags/example_branch_datetime_operator.py
[2023-08-05T11:45:13.115+0200] {processor.py:836} INFO - DAG(s) dict_keys(['example_branch_datetime_operator_3', 'example_branch_datetime_operator_2', 'example_branch_datetime_operator']) retrieved from /Users/felipe.vasconcelos/repos/courses/python-learnings/.venv/lib/python3.10/site-packages/airflow/example_dags/example_branch_datetime_operator.py
[2023-08-05T11:45:14.312+0200] {logging_mixin.py:150} INFO - [2023-08-05T11:45:14.312+0200] {dag.py:2742} INFO - Sync 3 DAGs
[2023-08-05T11:45:14.331+0200] {logging_mixin.py:150} INFO - [2023-08-05T11:45:14.331+0200] {dag.py:3504} INFO - Setting next_dagrun for example_branch_datetime_operator to 2023-08-04T00:00:00+00:00, run_after=2023-08-05T00:00:00+00:00
[2023-08-05T11:45:14.335+0200] {logging_mixin.py:150} INFO - [2023-08-05T11:45:14.335+0200] {dag.py:3504} INFO - Setting next_dagrun for example_branch_datetime_operator_2 to 2023-08-04T00:00:00+00:00, run_after=2023-08-05T00:00:00+00:00
[2023-08-05T11:45:14.338+0200] {logging_mixin.py:150} INFO - [2023-08-05T11:45:14.337+0200] {dag.py:3504} INFO - Setting next_dagrun for example_branch_datetime_operator_3 to 2023-08-04T00:00:00+00:00, run_after=2023-08-05T00:00:00+00:00
[2023-08-05T11:45:14.356+0200] {processor.py:179} INFO - Processing /Users/felipe.vasconcelos/repos/courses/python-learnings/.venv/lib/python3.10/site-packages/airflow/example_dags/example_branch_datetime_operator.py took 1.289 seconds
[2023-08-05T11:50:32.911+0200] {processor.py:157} INFO - Started process (PID=84410) to work on /Users/felipe.vasconcelos/repos/courses/python-learnings/.venv/lib/python3.10/site-packages/airflow/example_dags/example_branch_datetime_operator.py
[2023-08-05T11:50:32.918+0200] {processor.py:826} INFO - Processing file /Users/felipe.vasconcelos/repos/courses/python-learnings/.venv/lib/python3.10/site-packages/airflow/example_dags/example_branch_datetime_operator.py for tasks to queue
[2023-08-05T11:50:32.919+0200] {logging_mixin.py:150} INFO - [2023-08-05T11:50:32.918+0200] {dagbag.py:541} INFO - Filling up the DagBag from /Users/felipe.vasconcelos/repos/courses/python-learnings/.venv/lib/python3.10/site-packages/airflow/example_dags/example_branch_datetime_operator.py
[2023-08-05T11:50:32.949+0200] {processor.py:836} INFO - DAG(s) dict_keys(['example_branch_datetime_operator_2', 'example_branch_datetime_operator', 'example_branch_datetime_operator_3']) retrieved from /Users/felipe.vasconcelos/repos/courses/python-learnings/.venv/lib/python3.10/site-packages/airflow/example_dags/example_branch_datetime_operator.py
[2023-08-05T11:50:33.652+0200] {logging_mixin.py:150} INFO - [2023-08-05T11:50:33.652+0200] {dag.py:2742} INFO - Sync 3 DAGs
[2023-08-05T11:50:33.670+0200] {logging_mixin.py:150} INFO - [2023-08-05T11:50:33.669+0200] {dag.py:3504} INFO - Setting next_dagrun for example_branch_datetime_operator to 2023-08-04T00:00:00+00:00, run_after=2023-08-05T00:00:00+00:00
[2023-08-05T11:50:33.674+0200] {logging_mixin.py:150} INFO - [2023-08-05T11:50:33.674+0200] {dag.py:3504} INFO - Setting next_dagrun for example_branch_datetime_operator_2 to 2023-08-04T00:00:00+00:00, run_after=2023-08-05T00:00:00+00:00
[2023-08-05T11:50:33.676+0200] {logging_mixin.py:150} INFO - [2023-08-05T11:50:33.676+0200] {dag.py:3504} INFO - Setting next_dagrun for example_branch_datetime_operator_3 to 2023-08-04T00:00:00+00:00, run_after=2023-08-05T00:00:00+00:00
[2023-08-05T11:50:33.694+0200] {processor.py:179} INFO - Processing /Users/felipe.vasconcelos/repos/courses/python-learnings/.venv/lib/python3.10/site-packages/airflow/example_dags/example_branch_datetime_operator.py took 0.784 seconds
[2023-08-05T11:54:50.639+0200] {processor.py:157} INFO - Started process (PID=84534) to work on /Users/felipe.vasconcelos/repos/courses/python-learnings/.venv/lib/python3.10/site-packages/airflow/example_dags/example_branch_datetime_operator.py
[2023-08-05T11:54:50.645+0200] {processor.py:826} INFO - Processing file /Users/felipe.vasconcelos/repos/courses/python-learnings/.venv/lib/python3.10/site-packages/airflow/example_dags/example_branch_datetime_operator.py for tasks to queue
[2023-08-05T11:54:50.646+0200] {logging_mixin.py:150} INFO - [2023-08-05T11:54:50.645+0200] {dagbag.py:541} INFO - Filling up the DagBag from /Users/felipe.vasconcelos/repos/courses/python-learnings/.venv/lib/python3.10/site-packages/airflow/example_dags/example_branch_datetime_operator.py
[2023-08-05T11:54:50.676+0200] {processor.py:836} INFO - DAG(s) dict_keys(['example_branch_datetime_operator_2', 'example_branch_datetime_operator_3', 'example_branch_datetime_operator']) retrieved from /Users/felipe.vasconcelos/repos/courses/python-learnings/.venv/lib/python3.10/site-packages/airflow/example_dags/example_branch_datetime_operator.py
[2023-08-05T11:54:51.381+0200] {logging_mixin.py:150} INFO - [2023-08-05T11:54:51.381+0200] {dag.py:2742} INFO - Sync 3 DAGs
[2023-08-05T11:54:51.400+0200] {logging_mixin.py:150} INFO - [2023-08-05T11:54:51.400+0200] {dag.py:3504} INFO - Setting next_dagrun for example_branch_datetime_operator to 2023-08-04T00:00:00+00:00, run_after=2023-08-05T00:00:00+00:00
[2023-08-05T11:54:51.404+0200] {logging_mixin.py:150} INFO - [2023-08-05T11:54:51.404+0200] {dag.py:3504} INFO - Setting next_dagrun for example_branch_datetime_operator_2 to 2023-08-04T00:00:00+00:00, run_after=2023-08-05T00:00:00+00:00
[2023-08-05T11:54:51.407+0200] {logging_mixin.py:150} INFO - [2023-08-05T11:54:51.407+0200] {dag.py:3504} INFO - Setting next_dagrun for example_branch_datetime_operator_3 to 2023-08-04T00:00:00+00:00, run_after=2023-08-05T00:00:00+00:00
[2023-08-05T11:54:51.427+0200] {processor.py:179} INFO - Processing /Users/felipe.vasconcelos/repos/courses/python-learnings/.venv/lib/python3.10/site-packages/airflow/example_dags/example_branch_datetime_operator.py took 0.789 seconds
[2023-08-05T11:59:16.034+0200] {processor.py:157} INFO - Started process (PID=84662) to work on /Users/felipe.vasconcelos/repos/courses/python-learnings/.venv/lib/python3.10/site-packages/airflow/example_dags/example_branch_datetime_operator.py
[2023-08-05T11:59:16.040+0200] {processor.py:826} INFO - Processing file /Users/felipe.vasconcelos/repos/courses/python-learnings/.venv/lib/python3.10/site-packages/airflow/example_dags/example_branch_datetime_operator.py for tasks to queue
[2023-08-05T11:59:16.041+0200] {logging_mixin.py:150} INFO - [2023-08-05T11:59:16.041+0200] {dagbag.py:541} INFO - Filling up the DagBag from /Users/felipe.vasconcelos/repos/courses/python-learnings/.venv/lib/python3.10/site-packages/airflow/example_dags/example_branch_datetime_operator.py
[2023-08-05T11:59:16.072+0200] {processor.py:836} INFO - DAG(s) dict_keys(['example_branch_datetime_operator_3', 'example_branch_datetime_operator_2', 'example_branch_datetime_operator']) retrieved from /Users/felipe.vasconcelos/repos/courses/python-learnings/.venv/lib/python3.10/site-packages/airflow/example_dags/example_branch_datetime_operator.py
[2023-08-05T11:59:17.488+0200] {logging_mixin.py:150} INFO - [2023-08-05T11:59:17.488+0200] {dag.py:2742} INFO - Sync 3 DAGs
[2023-08-05T11:59:17.511+0200] {logging_mixin.py:150} INFO - [2023-08-05T11:59:17.511+0200] {dag.py:3504} INFO - Setting next_dagrun for example_branch_datetime_operator to 2023-08-04T00:00:00+00:00, run_after=2023-08-05T00:00:00+00:00
[2023-08-05T11:59:17.518+0200] {logging_mixin.py:150} INFO - [2023-08-05T11:59:17.518+0200] {dag.py:3504} INFO - Setting next_dagrun for example_branch_datetime_operator_2 to 2023-08-04T00:00:00+00:00, run_after=2023-08-05T00:00:00+00:00
[2023-08-05T11:59:17.522+0200] {logging_mixin.py:150} INFO - [2023-08-05T11:59:17.521+0200] {dag.py:3504} INFO - Setting next_dagrun for example_branch_datetime_operator_3 to 2023-08-04T00:00:00+00:00, run_after=2023-08-05T00:00:00+00:00
[2023-08-05T11:59:17.548+0200] {processor.py:179} INFO - Processing /Users/felipe.vasconcelos/repos/courses/python-learnings/.venv/lib/python3.10/site-packages/airflow/example_dags/example_branch_datetime_operator.py took 1.515 seconds
