[2023-08-05T10:39:43.049+0200] {processor.py:157} INFO - Started process (PID=82596) to work on /Users/felipe.vasconcelos/repos/courses/python-learnings/.venv/lib/python3.10/site-packages/airflow/example_dags/example_short_circuit_operator.py
[2023-08-05T10:39:43.054+0200] {processor.py:826} INFO - Processing file /Users/felipe.vasconcelos/repos/courses/python-learnings/.venv/lib/python3.10/site-packages/airflow/example_dags/example_short_circuit_operator.py for tasks to queue
[2023-08-05T10:39:43.055+0200] {logging_mixin.py:150} INFO - [2023-08-05T10:39:43.055+0200] {dagbag.py:541} INFO - Filling up the DagBag from /Users/felipe.vasconcelos/repos/courses/python-learnings/.venv/lib/python3.10/site-packages/airflow/example_dags/example_short_circuit_operator.py
[2023-08-05T10:39:43.108+0200] {processor.py:836} INFO - DAG(s) dict_keys(['example_short_circuit_operator']) retrieved from /Users/felipe.vasconcelos/repos/courses/python-learnings/.venv/lib/python3.10/site-packages/airflow/example_dags/example_short_circuit_operator.py
[2023-08-05T10:39:44.098+0200] {logging_mixin.py:150} INFO - [2023-08-05T10:39:44.098+0200] {manager.py:504} INFO - Created Permission View: can edit on DAG:example_short_circuit_operator
[2023-08-05T10:39:44.110+0200] {logging_mixin.py:150} INFO - [2023-08-05T10:39:44.109+0200] {manager.py:504} INFO - Created Permission View: can delete on DAG:example_short_circuit_operator
[2023-08-05T10:39:44.118+0200] {logging_mixin.py:150} INFO - [2023-08-05T10:39:44.118+0200] {manager.py:504} INFO - Created Permission View: can read on DAG:example_short_circuit_operator
[2023-08-05T10:39:44.136+0200] {logging_mixin.py:150} INFO - [2023-08-05T10:39:44.135+0200] {dag.py:2742} INFO - Sync 1 DAGs
[2023-08-05T10:39:44.149+0200] {logging_mixin.py:150} INFO - [2023-08-05T10:39:44.149+0200] {dag.py:2763} INFO - Creating ORM DAG for example_short_circuit_operator
[2023-08-05T10:39:44.160+0200] {logging_mixin.py:150} INFO - [2023-08-05T10:39:44.160+0200] {dag.py:3504} INFO - Setting next_dagrun for example_short_circuit_operator to 2023-08-04T08:39:44.159913+00:00, run_after=2023-08-05T08:39:44.159913+00:00
[2023-08-05T10:39:44.188+0200] {processor.py:179} INFO - Processing /Users/felipe.vasconcelos/repos/courses/python-learnings/.venv/lib/python3.10/site-packages/airflow/example_dags/example_short_circuit_operator.py took 1.140 seconds
[2023-08-05T10:42:46.377+0200] {processor.py:157} INFO - Started process (PID=82674) to work on /Users/felipe.vasconcelos/repos/courses/python-learnings/.venv/lib/python3.10/site-packages/airflow/example_dags/example_short_circuit_operator.py
[2023-08-05T10:42:46.388+0200] {processor.py:826} INFO - Processing file /Users/felipe.vasconcelos/repos/courses/python-learnings/.venv/lib/python3.10/site-packages/airflow/example_dags/example_short_circuit_operator.py for tasks to queue
[2023-08-05T10:42:46.389+0200] {logging_mixin.py:150} INFO - [2023-08-05T10:42:46.388+0200] {dagbag.py:541} INFO - Filling up the DagBag from /Users/felipe.vasconcelos/repos/courses/python-learnings/.venv/lib/python3.10/site-packages/airflow/example_dags/example_short_circuit_operator.py
[2023-08-05T10:42:46.451+0200] {processor.py:836} INFO - DAG(s) dict_keys(['example_short_circuit_operator']) retrieved from /Users/felipe.vasconcelos/repos/courses/python-learnings/.venv/lib/python3.10/site-packages/airflow/example_dags/example_short_circuit_operator.py
[2023-08-05T10:42:47.901+0200] {logging_mixin.py:150} INFO - [2023-08-05T10:42:47.900+0200] {dag.py:2742} INFO - Sync 1 DAGs
[2023-08-05T10:42:47.927+0200] {logging_mixin.py:150} INFO - [2023-08-05T10:42:47.927+0200] {dag.py:3504} INFO - Setting next_dagrun for example_short_circuit_operator to 2023-08-04T08:42:47.926963+00:00, run_after=2023-08-05T08:42:47.926963+00:00
[2023-08-05T10:42:47.959+0200] {processor.py:179} INFO - Processing /Users/felipe.vasconcelos/repos/courses/python-learnings/.venv/lib/python3.10/site-packages/airflow/example_dags/example_short_circuit_operator.py took 1.582 seconds
[2023-08-05T10:46:32.449+0200] {processor.py:157} INFO - Started process (PID=82815) to work on /Users/felipe.vasconcelos/repos/courses/python-learnings/.venv/lib/python3.10/site-packages/airflow/example_dags/example_short_circuit_operator.py
[2023-08-05T10:46:32.457+0200] {processor.py:826} INFO - Processing file /Users/felipe.vasconcelos/repos/courses/python-learnings/.venv/lib/python3.10/site-packages/airflow/example_dags/example_short_circuit_operator.py for tasks to queue
[2023-08-05T10:46:32.457+0200] {logging_mixin.py:150} INFO - [2023-08-05T10:46:32.457+0200] {dagbag.py:541} INFO - Filling up the DagBag from /Users/felipe.vasconcelos/repos/courses/python-learnings/.venv/lib/python3.10/site-packages/airflow/example_dags/example_short_circuit_operator.py
[2023-08-05T10:46:32.524+0200] {processor.py:836} INFO - DAG(s) dict_keys(['example_short_circuit_operator']) retrieved from /Users/felipe.vasconcelos/repos/courses/python-learnings/.venv/lib/python3.10/site-packages/airflow/example_dags/example_short_circuit_operator.py
[2023-08-05T10:46:33.729+0200] {logging_mixin.py:150} INFO - [2023-08-05T10:46:33.729+0200] {dag.py:2742} INFO - Sync 1 DAGs
[2023-08-05T10:46:33.755+0200] {logging_mixin.py:150} INFO - [2023-08-05T10:46:33.755+0200] {dag.py:3504} INFO - Setting next_dagrun for example_short_circuit_operator to 2023-08-04T08:46:33.755396+00:00, run_after=2023-08-05T08:46:33.755396+00:00
[2023-08-05T10:46:33.785+0200] {processor.py:179} INFO - Processing /Users/felipe.vasconcelos/repos/courses/python-learnings/.venv/lib/python3.10/site-packages/airflow/example_dags/example_short_circuit_operator.py took 1.339 seconds
[2023-08-05T10:48:48.742+0200] {processor.py:157} INFO - Started process (PID=82878) to work on /Users/felipe.vasconcelos/repos/courses/python-learnings/.venv/lib/python3.10/site-packages/airflow/example_dags/example_short_circuit_operator.py
[2023-08-05T10:48:48.748+0200] {processor.py:826} INFO - Processing file /Users/felipe.vasconcelos/repos/courses/python-learnings/.venv/lib/python3.10/site-packages/airflow/example_dags/example_short_circuit_operator.py for tasks to queue
[2023-08-05T10:48:48.749+0200] {logging_mixin.py:150} INFO - [2023-08-05T10:48:48.748+0200] {dagbag.py:541} INFO - Filling up the DagBag from /Users/felipe.vasconcelos/repos/courses/python-learnings/.venv/lib/python3.10/site-packages/airflow/example_dags/example_short_circuit_operator.py
[2023-08-05T10:48:48.788+0200] {processor.py:836} INFO - DAG(s) dict_keys(['example_short_circuit_operator']) retrieved from /Users/felipe.vasconcelos/repos/courses/python-learnings/.venv/lib/python3.10/site-packages/airflow/example_dags/example_short_circuit_operator.py
[2023-08-05T10:48:50.255+0200] {logging_mixin.py:150} INFO - [2023-08-05T10:48:50.255+0200] {dag.py:2742} INFO - Sync 1 DAGs
[2023-08-05T10:48:50.298+0200] {logging_mixin.py:150} INFO - [2023-08-05T10:48:50.297+0200] {dag.py:3504} INFO - Setting next_dagrun for example_short_circuit_operator to 2023-08-04T08:48:50.297305+00:00, run_after=2023-08-05T08:48:50.297305+00:00
[2023-08-05T10:48:50.329+0200] {processor.py:179} INFO - Processing /Users/felipe.vasconcelos/repos/courses/python-learnings/.venv/lib/python3.10/site-packages/airflow/example_dags/example_short_circuit_operator.py took 1.589 seconds
[2023-08-05T10:51:11.536+0200] {processor.py:157} INFO - Started process (PID=82951) to work on /Users/felipe.vasconcelos/repos/courses/python-learnings/.venv/lib/python3.10/site-packages/airflow/example_dags/example_short_circuit_operator.py
[2023-08-05T10:51:11.542+0200] {processor.py:826} INFO - Processing file /Users/felipe.vasconcelos/repos/courses/python-learnings/.venv/lib/python3.10/site-packages/airflow/example_dags/example_short_circuit_operator.py for tasks to queue
[2023-08-05T10:51:11.543+0200] {logging_mixin.py:150} INFO - [2023-08-05T10:51:11.542+0200] {dagbag.py:541} INFO - Filling up the DagBag from /Users/felipe.vasconcelos/repos/courses/python-learnings/.venv/lib/python3.10/site-packages/airflow/example_dags/example_short_circuit_operator.py
[2023-08-05T10:51:11.584+0200] {processor.py:836} INFO - DAG(s) dict_keys(['example_short_circuit_operator']) retrieved from /Users/felipe.vasconcelos/repos/courses/python-learnings/.venv/lib/python3.10/site-packages/airflow/example_dags/example_short_circuit_operator.py
[2023-08-05T10:51:12.605+0200] {logging_mixin.py:150} INFO - [2023-08-05T10:51:12.605+0200] {dag.py:2742} INFO - Sync 1 DAGs
[2023-08-05T10:51:12.627+0200] {logging_mixin.py:150} INFO - [2023-08-05T10:51:12.627+0200] {dag.py:3504} INFO - Setting next_dagrun for example_short_circuit_operator to 2023-08-04T08:51:12.627169+00:00, run_after=2023-08-05T08:51:12.627169+00:00
[2023-08-05T10:51:12.704+0200] {processor.py:179} INFO - Processing /Users/felipe.vasconcelos/repos/courses/python-learnings/.venv/lib/python3.10/site-packages/airflow/example_dags/example_short_circuit_operator.py took 1.169 seconds
[2023-08-05T10:53:25.906+0200] {processor.py:157} INFO - Started process (PID=83006) to work on /Users/felipe.vasconcelos/repos/courses/python-learnings/.venv/lib/python3.10/site-packages/airflow/example_dags/example_short_circuit_operator.py
[2023-08-05T10:53:25.912+0200] {processor.py:826} INFO - Processing file /Users/felipe.vasconcelos/repos/courses/python-learnings/.venv/lib/python3.10/site-packages/airflow/example_dags/example_short_circuit_operator.py for tasks to queue
[2023-08-05T10:53:25.913+0200] {logging_mixin.py:150} INFO - [2023-08-05T10:53:25.913+0200] {dagbag.py:541} INFO - Filling up the DagBag from /Users/felipe.vasconcelos/repos/courses/python-learnings/.venv/lib/python3.10/site-packages/airflow/example_dags/example_short_circuit_operator.py
[2023-08-05T10:53:25.956+0200] {processor.py:836} INFO - DAG(s) dict_keys(['example_short_circuit_operator']) retrieved from /Users/felipe.vasconcelos/repos/courses/python-learnings/.venv/lib/python3.10/site-packages/airflow/example_dags/example_short_circuit_operator.py
[2023-08-05T10:53:26.629+0200] {logging_mixin.py:150} INFO - [2023-08-05T10:53:26.629+0200] {dag.py:2742} INFO - Sync 1 DAGs
[2023-08-05T10:53:26.645+0200] {logging_mixin.py:150} INFO - [2023-08-05T10:53:26.645+0200] {dag.py:3504} INFO - Setting next_dagrun for example_short_circuit_operator to 2023-08-04T08:53:26.645179+00:00, run_after=2023-08-05T08:53:26.645179+00:00
[2023-08-05T10:53:26.678+0200] {processor.py:179} INFO - Processing /Users/felipe.vasconcelos/repos/courses/python-learnings/.venv/lib/python3.10/site-packages/airflow/example_dags/example_short_circuit_operator.py took 0.773 seconds
[2023-08-05T10:55:41.086+0200] {processor.py:157} INFO - Started process (PID=83071) to work on /Users/felipe.vasconcelos/repos/courses/python-learnings/.venv/lib/python3.10/site-packages/airflow/example_dags/example_short_circuit_operator.py
[2023-08-05T10:55:41.092+0200] {processor.py:826} INFO - Processing file /Users/felipe.vasconcelos/repos/courses/python-learnings/.venv/lib/python3.10/site-packages/airflow/example_dags/example_short_circuit_operator.py for tasks to queue
[2023-08-05T10:55:41.093+0200] {logging_mixin.py:150} INFO - [2023-08-05T10:55:41.093+0200] {dagbag.py:541} INFO - Filling up the DagBag from /Users/felipe.vasconcelos/repos/courses/python-learnings/.venv/lib/python3.10/site-packages/airflow/example_dags/example_short_circuit_operator.py
[2023-08-05T10:55:41.138+0200] {processor.py:836} INFO - DAG(s) dict_keys(['example_short_circuit_operator']) retrieved from /Users/felipe.vasconcelos/repos/courses/python-learnings/.venv/lib/python3.10/site-packages/airflow/example_dags/example_short_circuit_operator.py
[2023-08-05T10:55:41.835+0200] {logging_mixin.py:150} INFO - [2023-08-05T10:55:41.834+0200] {dag.py:2742} INFO - Sync 1 DAGs
[2023-08-05T10:55:41.850+0200] {logging_mixin.py:150} INFO - [2023-08-05T10:55:41.850+0200] {dag.py:3504} INFO - Setting next_dagrun for example_short_circuit_operator to 2023-08-04T08:55:41.850489+00:00, run_after=2023-08-05T08:55:41.850489+00:00
[2023-08-05T10:55:41.873+0200] {processor.py:179} INFO - Processing /Users/felipe.vasconcelos/repos/courses/python-learnings/.venv/lib/python3.10/site-packages/airflow/example_dags/example_short_circuit_operator.py took 0.788 seconds
[2023-08-05T10:57:47.616+0200] {processor.py:157} INFO - Started process (PID=83135) to work on /Users/felipe.vasconcelos/repos/courses/python-learnings/.venv/lib/python3.10/site-packages/airflow/example_dags/example_short_circuit_operator.py
[2023-08-05T10:57:47.623+0200] {processor.py:826} INFO - Processing file /Users/felipe.vasconcelos/repos/courses/python-learnings/.venv/lib/python3.10/site-packages/airflow/example_dags/example_short_circuit_operator.py for tasks to queue
[2023-08-05T10:57:47.624+0200] {logging_mixin.py:150} INFO - [2023-08-05T10:57:47.623+0200] {dagbag.py:541} INFO - Filling up the DagBag from /Users/felipe.vasconcelos/repos/courses/python-learnings/.venv/lib/python3.10/site-packages/airflow/example_dags/example_short_circuit_operator.py
[2023-08-05T10:57:47.666+0200] {processor.py:836} INFO - DAG(s) dict_keys(['example_short_circuit_operator']) retrieved from /Users/felipe.vasconcelos/repos/courses/python-learnings/.venv/lib/python3.10/site-packages/airflow/example_dags/example_short_circuit_operator.py
[2023-08-05T10:57:48.405+0200] {logging_mixin.py:150} INFO - [2023-08-05T10:57:48.405+0200] {dag.py:2742} INFO - Sync 1 DAGs
[2023-08-05T10:57:48.422+0200] {logging_mixin.py:150} INFO - [2023-08-05T10:57:48.421+0200] {dag.py:3504} INFO - Setting next_dagrun for example_short_circuit_operator to 2023-08-04T08:57:48.421693+00:00, run_after=2023-08-05T08:57:48.421693+00:00
[2023-08-05T10:57:48.443+0200] {processor.py:179} INFO - Processing /Users/felipe.vasconcelos/repos/courses/python-learnings/.venv/lib/python3.10/site-packages/airflow/example_dags/example_short_circuit_operator.py took 0.828 seconds
[2023-08-05T11:12:11.451+0200] {processor.py:157} INFO - Started process (PID=83266) to work on /Users/felipe.vasconcelos/repos/courses/python-learnings/.venv/lib/python3.10/site-packages/airflow/example_dags/example_short_circuit_operator.py
[2023-08-05T11:12:11.457+0200] {processor.py:826} INFO - Processing file /Users/felipe.vasconcelos/repos/courses/python-learnings/.venv/lib/python3.10/site-packages/airflow/example_dags/example_short_circuit_operator.py for tasks to queue
[2023-08-05T11:12:11.458+0200] {logging_mixin.py:150} INFO - [2023-08-05T11:12:11.457+0200] {dagbag.py:541} INFO - Filling up the DagBag from /Users/felipe.vasconcelos/repos/courses/python-learnings/.venv/lib/python3.10/site-packages/airflow/example_dags/example_short_circuit_operator.py
[2023-08-05T11:12:11.500+0200] {processor.py:836} INFO - DAG(s) dict_keys(['example_short_circuit_operator']) retrieved from /Users/felipe.vasconcelos/repos/courses/python-learnings/.venv/lib/python3.10/site-packages/airflow/example_dags/example_short_circuit_operator.py
[2023-08-05T11:12:12.231+0200] {logging_mixin.py:150} INFO - [2023-08-05T11:12:12.231+0200] {dag.py:2742} INFO - Sync 1 DAGs
[2023-08-05T11:12:12.249+0200] {logging_mixin.py:150} INFO - [2023-08-05T11:12:12.249+0200] {dag.py:3504} INFO - Setting next_dagrun for example_short_circuit_operator to 2023-08-04T09:12:12.249080+00:00, run_after=2023-08-05T09:12:12.249080+00:00
[2023-08-05T11:12:12.273+0200] {processor.py:179} INFO - Processing /Users/felipe.vasconcelos/repos/courses/python-learnings/.venv/lib/python3.10/site-packages/airflow/example_dags/example_short_circuit_operator.py took 0.824 seconds
[2023-08-05T11:14:29.739+0200] {processor.py:157} INFO - Started process (PID=83331) to work on /Users/felipe.vasconcelos/repos/courses/python-learnings/.venv/lib/python3.10/site-packages/airflow/example_dags/example_short_circuit_operator.py
[2023-08-05T11:14:29.753+0200] {processor.py:826} INFO - Processing file /Users/felipe.vasconcelos/repos/courses/python-learnings/.venv/lib/python3.10/site-packages/airflow/example_dags/example_short_circuit_operator.py for tasks to queue
[2023-08-05T11:14:29.755+0200] {logging_mixin.py:150} INFO - [2023-08-05T11:14:29.754+0200] {dagbag.py:541} INFO - Filling up the DagBag from /Users/felipe.vasconcelos/repos/courses/python-learnings/.venv/lib/python3.10/site-packages/airflow/example_dags/example_short_circuit_operator.py
[2023-08-05T11:14:29.800+0200] {processor.py:836} INFO - DAG(s) dict_keys(['example_short_circuit_operator']) retrieved from /Users/felipe.vasconcelos/repos/courses/python-learnings/.venv/lib/python3.10/site-packages/airflow/example_dags/example_short_circuit_operator.py
[2023-08-05T11:14:30.519+0200] {logging_mixin.py:150} INFO - [2023-08-05T11:14:30.518+0200] {dag.py:2742} INFO - Sync 1 DAGs
[2023-08-05T11:14:30.535+0200] {logging_mixin.py:150} INFO - [2023-08-05T11:14:30.535+0200] {dag.py:3504} INFO - Setting next_dagrun for example_short_circuit_operator to 2023-08-04T09:14:30.535571+00:00, run_after=2023-08-05T09:14:30.535571+00:00
[2023-08-05T11:14:30.555+0200] {processor.py:179} INFO - Processing /Users/felipe.vasconcelos/repos/courses/python-learnings/.venv/lib/python3.10/site-packages/airflow/example_dags/example_short_circuit_operator.py took 0.817 seconds
[2023-08-05T11:16:33.084+0200] {processor.py:157} INFO - Started process (PID=83387) to work on /Users/felipe.vasconcelos/repos/courses/python-learnings/.venv/lib/python3.10/site-packages/airflow/example_dags/example_short_circuit_operator.py
[2023-08-05T11:16:33.090+0200] {processor.py:826} INFO - Processing file /Users/felipe.vasconcelos/repos/courses/python-learnings/.venv/lib/python3.10/site-packages/airflow/example_dags/example_short_circuit_operator.py for tasks to queue
[2023-08-05T11:16:33.091+0200] {logging_mixin.py:150} INFO - [2023-08-05T11:16:33.091+0200] {dagbag.py:541} INFO - Filling up the DagBag from /Users/felipe.vasconcelos/repos/courses/python-learnings/.venv/lib/python3.10/site-packages/airflow/example_dags/example_short_circuit_operator.py
[2023-08-05T11:16:33.131+0200] {processor.py:836} INFO - DAG(s) dict_keys(['example_short_circuit_operator']) retrieved from /Users/felipe.vasconcelos/repos/courses/python-learnings/.venv/lib/python3.10/site-packages/airflow/example_dags/example_short_circuit_operator.py
[2023-08-05T11:16:33.916+0200] {logging_mixin.py:150} INFO - [2023-08-05T11:16:33.916+0200] {dag.py:2742} INFO - Sync 1 DAGs
[2023-08-05T11:16:33.934+0200] {logging_mixin.py:150} INFO - [2023-08-05T11:16:33.934+0200] {dag.py:3504} INFO - Setting next_dagrun for example_short_circuit_operator to 2023-08-04T09:16:33.934512+00:00, run_after=2023-08-05T09:16:33.934512+00:00
[2023-08-05T11:16:33.956+0200] {processor.py:179} INFO - Processing /Users/felipe.vasconcelos/repos/courses/python-learnings/.venv/lib/python3.10/site-packages/airflow/example_dags/example_short_circuit_operator.py took 0.873 seconds
[2023-08-05T11:18:41.564+0200] {processor.py:157} INFO - Started process (PID=83451) to work on /Users/felipe.vasconcelos/repos/courses/python-learnings/.venv/lib/python3.10/site-packages/airflow/example_dags/example_short_circuit_operator.py
[2023-08-05T11:18:41.569+0200] {processor.py:826} INFO - Processing file /Users/felipe.vasconcelos/repos/courses/python-learnings/.venv/lib/python3.10/site-packages/airflow/example_dags/example_short_circuit_operator.py for tasks to queue
[2023-08-05T11:18:41.570+0200] {logging_mixin.py:150} INFO - [2023-08-05T11:18:41.570+0200] {dagbag.py:541} INFO - Filling up the DagBag from /Users/felipe.vasconcelos/repos/courses/python-learnings/.venv/lib/python3.10/site-packages/airflow/example_dags/example_short_circuit_operator.py
[2023-08-05T11:18:41.622+0200] {processor.py:836} INFO - DAG(s) dict_keys(['example_short_circuit_operator']) retrieved from /Users/felipe.vasconcelos/repos/courses/python-learnings/.venv/lib/python3.10/site-packages/airflow/example_dags/example_short_circuit_operator.py
[2023-08-05T11:18:42.464+0200] {logging_mixin.py:150} INFO - [2023-08-05T11:18:42.464+0200] {dag.py:2742} INFO - Sync 1 DAGs
[2023-08-05T11:18:42.481+0200] {logging_mixin.py:150} INFO - [2023-08-05T11:18:42.481+0200] {dag.py:3504} INFO - Setting next_dagrun for example_short_circuit_operator to 2023-08-04T09:18:42.481029+00:00, run_after=2023-08-05T09:18:42.481029+00:00
[2023-08-05T11:18:42.509+0200] {processor.py:179} INFO - Processing /Users/felipe.vasconcelos/repos/courses/python-learnings/.venv/lib/python3.10/site-packages/airflow/example_dags/example_short_circuit_operator.py took 0.947 seconds
[2023-08-05T11:20:52.215+0200] {processor.py:157} INFO - Started process (PID=83506) to work on /Users/felipe.vasconcelos/repos/courses/python-learnings/.venv/lib/python3.10/site-packages/airflow/example_dags/example_short_circuit_operator.py
[2023-08-05T11:20:52.221+0200] {processor.py:826} INFO - Processing file /Users/felipe.vasconcelos/repos/courses/python-learnings/.venv/lib/python3.10/site-packages/airflow/example_dags/example_short_circuit_operator.py for tasks to queue
[2023-08-05T11:20:52.222+0200] {logging_mixin.py:150} INFO - [2023-08-05T11:20:52.221+0200] {dagbag.py:541} INFO - Filling up the DagBag from /Users/felipe.vasconcelos/repos/courses/python-learnings/.venv/lib/python3.10/site-packages/airflow/example_dags/example_short_circuit_operator.py
[2023-08-05T11:20:52.263+0200] {processor.py:836} INFO - DAG(s) dict_keys(['example_short_circuit_operator']) retrieved from /Users/felipe.vasconcelos/repos/courses/python-learnings/.venv/lib/python3.10/site-packages/airflow/example_dags/example_short_circuit_operator.py
[2023-08-05T11:20:52.989+0200] {logging_mixin.py:150} INFO - [2023-08-05T11:20:52.988+0200] {dag.py:2742} INFO - Sync 1 DAGs
[2023-08-05T11:20:53.005+0200] {logging_mixin.py:150} INFO - [2023-08-05T11:20:53.004+0200] {dag.py:3504} INFO - Setting next_dagrun for example_short_circuit_operator to 2023-08-04T09:20:53.004703+00:00, run_after=2023-08-05T09:20:53.004703+00:00
[2023-08-05T11:20:53.025+0200] {processor.py:179} INFO - Processing /Users/felipe.vasconcelos/repos/courses/python-learnings/.venv/lib/python3.10/site-packages/airflow/example_dags/example_short_circuit_operator.py took 0.812 seconds
[2023-08-05T11:23:23.178+0200] {processor.py:157} INFO - Started process (PID=83577) to work on /Users/felipe.vasconcelos/repos/courses/python-learnings/.venv/lib/python3.10/site-packages/airflow/example_dags/example_short_circuit_operator.py
[2023-08-05T11:23:23.185+0200] {processor.py:826} INFO - Processing file /Users/felipe.vasconcelos/repos/courses/python-learnings/.venv/lib/python3.10/site-packages/airflow/example_dags/example_short_circuit_operator.py for tasks to queue
[2023-08-05T11:23:23.186+0200] {logging_mixin.py:150} INFO - [2023-08-05T11:23:23.186+0200] {dagbag.py:541} INFO - Filling up the DagBag from /Users/felipe.vasconcelos/repos/courses/python-learnings/.venv/lib/python3.10/site-packages/airflow/example_dags/example_short_circuit_operator.py
[2023-08-05T11:23:23.242+0200] {processor.py:836} INFO - DAG(s) dict_keys(['example_short_circuit_operator']) retrieved from /Users/felipe.vasconcelos/repos/courses/python-learnings/.venv/lib/python3.10/site-packages/airflow/example_dags/example_short_circuit_operator.py
[2023-08-05T11:23:24.517+0200] {logging_mixin.py:150} INFO - [2023-08-05T11:23:24.516+0200] {dag.py:2742} INFO - Sync 1 DAGs
[2023-08-05T11:23:24.552+0200] {logging_mixin.py:150} INFO - [2023-08-05T11:23:24.552+0200] {dag.py:3504} INFO - Setting next_dagrun for example_short_circuit_operator to 2023-08-04T09:23:24.552135+00:00, run_after=2023-08-05T09:23:24.552135+00:00
[2023-08-05T11:23:24.587+0200] {processor.py:179} INFO - Processing /Users/felipe.vasconcelos/repos/courses/python-learnings/.venv/lib/python3.10/site-packages/airflow/example_dags/example_short_circuit_operator.py took 1.410 seconds
[2023-08-05T11:25:33.667+0200] {processor.py:157} INFO - Started process (PID=83634) to work on /Users/felipe.vasconcelos/repos/courses/python-learnings/.venv/lib/python3.10/site-packages/airflow/example_dags/example_short_circuit_operator.py
[2023-08-05T11:25:33.673+0200] {processor.py:826} INFO - Processing file /Users/felipe.vasconcelos/repos/courses/python-learnings/.venv/lib/python3.10/site-packages/airflow/example_dags/example_short_circuit_operator.py for tasks to queue
[2023-08-05T11:25:33.674+0200] {logging_mixin.py:150} INFO - [2023-08-05T11:25:33.674+0200] {dagbag.py:541} INFO - Filling up the DagBag from /Users/felipe.vasconcelos/repos/courses/python-learnings/.venv/lib/python3.10/site-packages/airflow/example_dags/example_short_circuit_operator.py
[2023-08-05T11:25:33.715+0200] {processor.py:836} INFO - DAG(s) dict_keys(['example_short_circuit_operator']) retrieved from /Users/felipe.vasconcelos/repos/courses/python-learnings/.venv/lib/python3.10/site-packages/airflow/example_dags/example_short_circuit_operator.py
[2023-08-05T11:25:34.459+0200] {logging_mixin.py:150} INFO - [2023-08-05T11:25:34.459+0200] {dag.py:2742} INFO - Sync 1 DAGs
[2023-08-05T11:25:34.476+0200] {logging_mixin.py:150} INFO - [2023-08-05T11:25:34.476+0200] {dag.py:3504} INFO - Setting next_dagrun for example_short_circuit_operator to 2023-08-04T09:25:34.475984+00:00, run_after=2023-08-05T09:25:34.475984+00:00
[2023-08-05T11:25:34.497+0200] {processor.py:179} INFO - Processing /Users/felipe.vasconcelos/repos/courses/python-learnings/.venv/lib/python3.10/site-packages/airflow/example_dags/example_short_circuit_operator.py took 0.831 seconds
[2023-08-05T11:27:49.099+0200] {processor.py:157} INFO - Started process (PID=83692) to work on /Users/felipe.vasconcelos/repos/courses/python-learnings/.venv/lib/python3.10/site-packages/airflow/example_dags/example_short_circuit_operator.py
[2023-08-05T11:27:49.105+0200] {processor.py:826} INFO - Processing file /Users/felipe.vasconcelos/repos/courses/python-learnings/.venv/lib/python3.10/site-packages/airflow/example_dags/example_short_circuit_operator.py for tasks to queue
[2023-08-05T11:27:49.106+0200] {logging_mixin.py:150} INFO - [2023-08-05T11:27:49.106+0200] {dagbag.py:541} INFO - Filling up the DagBag from /Users/felipe.vasconcelos/repos/courses/python-learnings/.venv/lib/python3.10/site-packages/airflow/example_dags/example_short_circuit_operator.py
[2023-08-05T11:27:49.148+0200] {processor.py:836} INFO - DAG(s) dict_keys(['example_short_circuit_operator']) retrieved from /Users/felipe.vasconcelos/repos/courses/python-learnings/.venv/lib/python3.10/site-packages/airflow/example_dags/example_short_circuit_operator.py
[2023-08-05T11:27:49.844+0200] {logging_mixin.py:150} INFO - [2023-08-05T11:27:49.844+0200] {dag.py:2742} INFO - Sync 1 DAGs
[2023-08-05T11:27:49.861+0200] {logging_mixin.py:150} INFO - [2023-08-05T11:27:49.861+0200] {dag.py:3504} INFO - Setting next_dagrun for example_short_circuit_operator to 2023-08-04T09:27:49.861247+00:00, run_after=2023-08-05T09:27:49.861247+00:00
[2023-08-05T11:27:49.883+0200] {processor.py:179} INFO - Processing /Users/felipe.vasconcelos/repos/courses/python-learnings/.venv/lib/python3.10/site-packages/airflow/example_dags/example_short_circuit_operator.py took 0.785 seconds
[2023-08-05T11:29:58.649+0200] {processor.py:157} INFO - Started process (PID=83748) to work on /Users/felipe.vasconcelos/repos/courses/python-learnings/.venv/lib/python3.10/site-packages/airflow/example_dags/example_short_circuit_operator.py
[2023-08-05T11:29:58.656+0200] {processor.py:826} INFO - Processing file /Users/felipe.vasconcelos/repos/courses/python-learnings/.venv/lib/python3.10/site-packages/airflow/example_dags/example_short_circuit_operator.py for tasks to queue
[2023-08-05T11:29:58.657+0200] {logging_mixin.py:150} INFO - [2023-08-05T11:29:58.656+0200] {dagbag.py:541} INFO - Filling up the DagBag from /Users/felipe.vasconcelos/repos/courses/python-learnings/.venv/lib/python3.10/site-packages/airflow/example_dags/example_short_circuit_operator.py
[2023-08-05T11:29:58.698+0200] {processor.py:836} INFO - DAG(s) dict_keys(['example_short_circuit_operator']) retrieved from /Users/felipe.vasconcelos/repos/courses/python-learnings/.venv/lib/python3.10/site-packages/airflow/example_dags/example_short_circuit_operator.py
[2023-08-05T11:29:59.414+0200] {logging_mixin.py:150} INFO - [2023-08-05T11:29:59.414+0200] {dag.py:2742} INFO - Sync 1 DAGs
[2023-08-05T11:29:59.432+0200] {logging_mixin.py:150} INFO - [2023-08-05T11:29:59.432+0200] {dag.py:3504} INFO - Setting next_dagrun for example_short_circuit_operator to 2023-08-04T09:29:59.432320+00:00, run_after=2023-08-05T09:29:59.432320+00:00
[2023-08-05T11:29:59.454+0200] {processor.py:179} INFO - Processing /Users/felipe.vasconcelos/repos/courses/python-learnings/.venv/lib/python3.10/site-packages/airflow/example_dags/example_short_circuit_operator.py took 0.806 seconds
[2023-08-05T11:33:05.565+0200] {processor.py:157} INFO - Started process (PID=83855) to work on /Users/felipe.vasconcelos/repos/courses/python-learnings/.venv/lib/python3.10/site-packages/airflow/example_dags/example_short_circuit_operator.py
[2023-08-05T11:33:05.571+0200] {processor.py:826} INFO - Processing file /Users/felipe.vasconcelos/repos/courses/python-learnings/.venv/lib/python3.10/site-packages/airflow/example_dags/example_short_circuit_operator.py for tasks to queue
[2023-08-05T11:33:05.573+0200] {logging_mixin.py:150} INFO - [2023-08-05T11:33:05.572+0200] {dagbag.py:541} INFO - Filling up the DagBag from /Users/felipe.vasconcelos/repos/courses/python-learnings/.venv/lib/python3.10/site-packages/airflow/example_dags/example_short_circuit_operator.py
[2023-08-05T11:33:05.619+0200] {processor.py:836} INFO - DAG(s) dict_keys(['example_short_circuit_operator']) retrieved from /Users/felipe.vasconcelos/repos/courses/python-learnings/.venv/lib/python3.10/site-packages/airflow/example_dags/example_short_circuit_operator.py
[2023-08-05T11:33:06.909+0200] {logging_mixin.py:150} INFO - [2023-08-05T11:33:06.909+0200] {dag.py:2742} INFO - Sync 1 DAGs
[2023-08-05T11:33:06.928+0200] {logging_mixin.py:150} INFO - [2023-08-05T11:33:06.928+0200] {dag.py:3504} INFO - Setting next_dagrun for example_short_circuit_operator to 2023-08-04T09:33:06.928590+00:00, run_after=2023-08-05T09:33:06.928590+00:00
[2023-08-05T11:33:06.953+0200] {processor.py:179} INFO - Processing /Users/felipe.vasconcelos/repos/courses/python-learnings/.venv/lib/python3.10/site-packages/airflow/example_dags/example_short_circuit_operator.py took 1.391 seconds
[2023-08-05T11:35:36.081+0200] {processor.py:157} INFO - Started process (PID=83937) to work on /Users/felipe.vasconcelos/repos/courses/python-learnings/.venv/lib/python3.10/site-packages/airflow/example_dags/example_short_circuit_operator.py
[2023-08-05T11:35:36.088+0200] {processor.py:826} INFO - Processing file /Users/felipe.vasconcelos/repos/courses/python-learnings/.venv/lib/python3.10/site-packages/airflow/example_dags/example_short_circuit_operator.py for tasks to queue
[2023-08-05T11:35:36.089+0200] {logging_mixin.py:150} INFO - [2023-08-05T11:35:36.088+0200] {dagbag.py:541} INFO - Filling up the DagBag from /Users/felipe.vasconcelos/repos/courses/python-learnings/.venv/lib/python3.10/site-packages/airflow/example_dags/example_short_circuit_operator.py
[2023-08-05T11:35:36.134+0200] {processor.py:836} INFO - DAG(s) dict_keys(['example_short_circuit_operator']) retrieved from /Users/felipe.vasconcelos/repos/courses/python-learnings/.venv/lib/python3.10/site-packages/airflow/example_dags/example_short_circuit_operator.py
[2023-08-05T11:35:36.825+0200] {logging_mixin.py:150} INFO - [2023-08-05T11:35:36.824+0200] {dag.py:2742} INFO - Sync 1 DAGs
[2023-08-05T11:35:36.841+0200] {logging_mixin.py:150} INFO - [2023-08-05T11:35:36.841+0200] {dag.py:3504} INFO - Setting next_dagrun for example_short_circuit_operator to 2023-08-04T09:35:36.840900+00:00, run_after=2023-08-05T09:35:36.840900+00:00
[2023-08-05T11:35:36.862+0200] {processor.py:179} INFO - Processing /Users/felipe.vasconcelos/repos/courses/python-learnings/.venv/lib/python3.10/site-packages/airflow/example_dags/example_short_circuit_operator.py took 0.782 seconds
[2023-08-05T11:37:44.931+0200] {processor.py:157} INFO - Started process (PID=84003) to work on /Users/felipe.vasconcelos/repos/courses/python-learnings/.venv/lib/python3.10/site-packages/airflow/example_dags/example_short_circuit_operator.py
[2023-08-05T11:37:44.937+0200] {processor.py:826} INFO - Processing file /Users/felipe.vasconcelos/repos/courses/python-learnings/.venv/lib/python3.10/site-packages/airflow/example_dags/example_short_circuit_operator.py for tasks to queue
[2023-08-05T11:37:44.938+0200] {logging_mixin.py:150} INFO - [2023-08-05T11:37:44.937+0200] {dagbag.py:541} INFO - Filling up the DagBag from /Users/felipe.vasconcelos/repos/courses/python-learnings/.venv/lib/python3.10/site-packages/airflow/example_dags/example_short_circuit_operator.py
[2023-08-05T11:37:44.985+0200] {processor.py:836} INFO - DAG(s) dict_keys(['example_short_circuit_operator']) retrieved from /Users/felipe.vasconcelos/repos/courses/python-learnings/.venv/lib/python3.10/site-packages/airflow/example_dags/example_short_circuit_operator.py
[2023-08-05T11:37:45.751+0200] {logging_mixin.py:150} INFO - [2023-08-05T11:37:45.750+0200] {dag.py:2742} INFO - Sync 1 DAGs
[2023-08-05T11:37:45.767+0200] {logging_mixin.py:150} INFO - [2023-08-05T11:37:45.766+0200] {dag.py:3504} INFO - Setting next_dagrun for example_short_circuit_operator to 2023-08-04T09:37:45.766678+00:00, run_after=2023-08-05T09:37:45.766678+00:00
[2023-08-05T11:37:45.788+0200] {processor.py:179} INFO - Processing /Users/felipe.vasconcelos/repos/courses/python-learnings/.venv/lib/python3.10/site-packages/airflow/example_dags/example_short_circuit_operator.py took 0.858 seconds
[2023-08-05T11:40:01.983+0200] {processor.py:157} INFO - Started process (PID=84071) to work on /Users/felipe.vasconcelos/repos/courses/python-learnings/.venv/lib/python3.10/site-packages/airflow/example_dags/example_short_circuit_operator.py
[2023-08-05T11:40:01.988+0200] {processor.py:826} INFO - Processing file /Users/felipe.vasconcelos/repos/courses/python-learnings/.venv/lib/python3.10/site-packages/airflow/example_dags/example_short_circuit_operator.py for tasks to queue
[2023-08-05T11:40:01.989+0200] {logging_mixin.py:150} INFO - [2023-08-05T11:40:01.988+0200] {dagbag.py:541} INFO - Filling up the DagBag from /Users/felipe.vasconcelos/repos/courses/python-learnings/.venv/lib/python3.10/site-packages/airflow/example_dags/example_short_circuit_operator.py
[2023-08-05T11:40:02.027+0200] {processor.py:836} INFO - DAG(s) dict_keys(['example_short_circuit_operator']) retrieved from /Users/felipe.vasconcelos/repos/courses/python-learnings/.venv/lib/python3.10/site-packages/airflow/example_dags/example_short_circuit_operator.py
[2023-08-05T11:40:02.750+0200] {logging_mixin.py:150} INFO - [2023-08-05T11:40:02.750+0200] {dag.py:2742} INFO - Sync 1 DAGs
[2023-08-05T11:40:02.767+0200] {logging_mixin.py:150} INFO - [2023-08-05T11:40:02.766+0200] {dag.py:3504} INFO - Setting next_dagrun for example_short_circuit_operator to 2023-08-04T09:40:02.766647+00:00, run_after=2023-08-05T09:40:02.766647+00:00
[2023-08-05T11:40:02.790+0200] {processor.py:179} INFO - Processing /Users/felipe.vasconcelos/repos/courses/python-learnings/.venv/lib/python3.10/site-packages/airflow/example_dags/example_short_circuit_operator.py took 0.808 seconds
[2023-08-05T11:42:09.636+0200] {processor.py:157} INFO - Started process (PID=84137) to work on /Users/felipe.vasconcelos/repos/courses/python-learnings/.venv/lib/python3.10/site-packages/airflow/example_dags/example_short_circuit_operator.py
[2023-08-05T11:42:09.643+0200] {processor.py:826} INFO - Processing file /Users/felipe.vasconcelos/repos/courses/python-learnings/.venv/lib/python3.10/site-packages/airflow/example_dags/example_short_circuit_operator.py for tasks to queue
[2023-08-05T11:42:09.644+0200] {logging_mixin.py:150} INFO - [2023-08-05T11:42:09.644+0200] {dagbag.py:541} INFO - Filling up the DagBag from /Users/felipe.vasconcelos/repos/courses/python-learnings/.venv/lib/python3.10/site-packages/airflow/example_dags/example_short_circuit_operator.py
[2023-08-05T11:42:09.704+0200] {processor.py:836} INFO - DAG(s) dict_keys(['example_short_circuit_operator']) retrieved from /Users/felipe.vasconcelos/repos/courses/python-learnings/.venv/lib/python3.10/site-packages/airflow/example_dags/example_short_circuit_operator.py
[2023-08-05T11:42:10.467+0200] {logging_mixin.py:150} INFO - [2023-08-05T11:42:10.467+0200] {dag.py:2742} INFO - Sync 1 DAGs
[2023-08-05T11:42:10.485+0200] {logging_mixin.py:150} INFO - [2023-08-05T11:42:10.485+0200] {dag.py:3504} INFO - Setting next_dagrun for example_short_circuit_operator to 2023-08-04T09:42:10.485045+00:00, run_after=2023-08-05T09:42:10.485045+00:00
[2023-08-05T11:42:10.506+0200] {processor.py:179} INFO - Processing /Users/felipe.vasconcelos/repos/courses/python-learnings/.venv/lib/python3.10/site-packages/airflow/example_dags/example_short_circuit_operator.py took 0.871 seconds
[2023-08-05T11:44:15.618+0200] {processor.py:157} INFO - Started process (PID=84194) to work on /Users/felipe.vasconcelos/repos/courses/python-learnings/.venv/lib/python3.10/site-packages/airflow/example_dags/example_short_circuit_operator.py
[2023-08-05T11:44:15.624+0200] {processor.py:826} INFO - Processing file /Users/felipe.vasconcelos/repos/courses/python-learnings/.venv/lib/python3.10/site-packages/airflow/example_dags/example_short_circuit_operator.py for tasks to queue
[2023-08-05T11:44:15.625+0200] {logging_mixin.py:150} INFO - [2023-08-05T11:44:15.625+0200] {dagbag.py:541} INFO - Filling up the DagBag from /Users/felipe.vasconcelos/repos/courses/python-learnings/.venv/lib/python3.10/site-packages/airflow/example_dags/example_short_circuit_operator.py
[2023-08-05T11:44:15.666+0200] {processor.py:836} INFO - DAG(s) dict_keys(['example_short_circuit_operator']) retrieved from /Users/felipe.vasconcelos/repos/courses/python-learnings/.venv/lib/python3.10/site-packages/airflow/example_dags/example_short_circuit_operator.py
[2023-08-05T11:44:16.386+0200] {logging_mixin.py:150} INFO - [2023-08-05T11:44:16.386+0200] {dag.py:2742} INFO - Sync 1 DAGs
[2023-08-05T11:44:16.403+0200] {logging_mixin.py:150} INFO - [2023-08-05T11:44:16.403+0200] {dag.py:3504} INFO - Setting next_dagrun for example_short_circuit_operator to 2023-08-04T09:44:16.403581+00:00, run_after=2023-08-05T09:44:16.403581+00:00
[2023-08-05T11:44:16.425+0200] {processor.py:179} INFO - Processing /Users/felipe.vasconcelos/repos/courses/python-learnings/.venv/lib/python3.10/site-packages/airflow/example_dags/example_short_circuit_operator.py took 0.808 seconds
[2023-08-05T11:46:22.954+0200] {processor.py:157} INFO - Started process (PID=84259) to work on /Users/felipe.vasconcelos/repos/courses/python-learnings/.venv/lib/python3.10/site-packages/airflow/example_dags/example_short_circuit_operator.py
[2023-08-05T11:46:22.961+0200] {processor.py:826} INFO - Processing file /Users/felipe.vasconcelos/repos/courses/python-learnings/.venv/lib/python3.10/site-packages/airflow/example_dags/example_short_circuit_operator.py for tasks to queue
[2023-08-05T11:46:22.961+0200] {logging_mixin.py:150} INFO - [2023-08-05T11:46:22.961+0200] {dagbag.py:541} INFO - Filling up the DagBag from /Users/felipe.vasconcelos/repos/courses/python-learnings/.venv/lib/python3.10/site-packages/airflow/example_dags/example_short_circuit_operator.py
[2023-08-05T11:46:23.000+0200] {processor.py:836} INFO - DAG(s) dict_keys(['example_short_circuit_operator']) retrieved from /Users/felipe.vasconcelos/repos/courses/python-learnings/.venv/lib/python3.10/site-packages/airflow/example_dags/example_short_circuit_operator.py
[2023-08-05T11:46:23.793+0200] {logging_mixin.py:150} INFO - [2023-08-05T11:46:23.793+0200] {dag.py:2742} INFO - Sync 1 DAGs
[2023-08-05T11:46:23.810+0200] {logging_mixin.py:150} INFO - [2023-08-05T11:46:23.809+0200] {dag.py:3504} INFO - Setting next_dagrun for example_short_circuit_operator to 2023-08-04T09:46:23.809675+00:00, run_after=2023-08-05T09:46:23.809675+00:00
[2023-08-05T11:46:23.832+0200] {processor.py:179} INFO - Processing /Users/felipe.vasconcelos/repos/courses/python-learnings/.venv/lib/python3.10/site-packages/airflow/example_dags/example_short_circuit_operator.py took 0.879 seconds
[2023-08-05T11:49:23.362+0200] {processor.py:157} INFO - Started process (PID=84381) to work on /Users/felipe.vasconcelos/repos/courses/python-learnings/.venv/lib/python3.10/site-packages/airflow/example_dags/example_short_circuit_operator.py
[2023-08-05T11:49:23.370+0200] {processor.py:826} INFO - Processing file /Users/felipe.vasconcelos/repos/courses/python-learnings/.venv/lib/python3.10/site-packages/airflow/example_dags/example_short_circuit_operator.py for tasks to queue
[2023-08-05T11:49:23.371+0200] {logging_mixin.py:150} INFO - [2023-08-05T11:49:23.371+0200] {dagbag.py:541} INFO - Filling up the DagBag from /Users/felipe.vasconcelos/repos/courses/python-learnings/.venv/lib/python3.10/site-packages/airflow/example_dags/example_short_circuit_operator.py
[2023-08-05T11:49:23.432+0200] {processor.py:836} INFO - DAG(s) dict_keys(['example_short_circuit_operator']) retrieved from /Users/felipe.vasconcelos/repos/courses/python-learnings/.venv/lib/python3.10/site-packages/airflow/example_dags/example_short_circuit_operator.py
[2023-08-05T11:49:24.581+0200] {logging_mixin.py:150} INFO - [2023-08-05T11:49:24.579+0200] {dag.py:2742} INFO - Sync 1 DAGs
[2023-08-05T11:49:24.607+0200] {logging_mixin.py:150} INFO - [2023-08-05T11:49:24.606+0200] {dag.py:3504} INFO - Setting next_dagrun for example_short_circuit_operator to 2023-08-04T09:49:24.606692+00:00, run_after=2023-08-05T09:49:24.606692+00:00
[2023-08-05T11:49:24.642+0200] {processor.py:179} INFO - Processing /Users/felipe.vasconcelos/repos/courses/python-learnings/.venv/lib/python3.10/site-packages/airflow/example_dags/example_short_circuit_operator.py took 1.281 seconds
[2023-08-05T11:51:43.456+0200] {processor.py:157} INFO - Started process (PID=84443) to work on /Users/felipe.vasconcelos/repos/courses/python-learnings/.venv/lib/python3.10/site-packages/airflow/example_dags/example_short_circuit_operator.py
[2023-08-05T11:51:43.463+0200] {processor.py:826} INFO - Processing file /Users/felipe.vasconcelos/repos/courses/python-learnings/.venv/lib/python3.10/site-packages/airflow/example_dags/example_short_circuit_operator.py for tasks to queue
[2023-08-05T11:51:43.464+0200] {logging_mixin.py:150} INFO - [2023-08-05T11:51:43.463+0200] {dagbag.py:541} INFO - Filling up the DagBag from /Users/felipe.vasconcelos/repos/courses/python-learnings/.venv/lib/python3.10/site-packages/airflow/example_dags/example_short_circuit_operator.py
[2023-08-05T11:51:43.504+0200] {processor.py:836} INFO - DAG(s) dict_keys(['example_short_circuit_operator']) retrieved from /Users/felipe.vasconcelos/repos/courses/python-learnings/.venv/lib/python3.10/site-packages/airflow/example_dags/example_short_circuit_operator.py
[2023-08-05T11:51:44.690+0200] {logging_mixin.py:150} INFO - [2023-08-05T11:51:44.689+0200] {dag.py:2742} INFO - Sync 1 DAGs
[2023-08-05T11:51:44.845+0200] {logging_mixin.py:150} INFO - [2023-08-05T11:51:44.844+0200] {dag.py:3504} INFO - Setting next_dagrun for example_short_circuit_operator to 2023-08-04T09:51:44.844532+00:00, run_after=2023-08-05T09:51:44.844532+00:00
[2023-08-05T11:51:44.901+0200] {processor.py:179} INFO - Processing /Users/felipe.vasconcelos/repos/courses/python-learnings/.venv/lib/python3.10/site-packages/airflow/example_dags/example_short_circuit_operator.py took 1.446 seconds
[2023-08-05T11:53:49.235+0200] {processor.py:157} INFO - Started process (PID=84498) to work on /Users/felipe.vasconcelos/repos/courses/python-learnings/.venv/lib/python3.10/site-packages/airflow/example_dags/example_short_circuit_operator.py
[2023-08-05T11:53:49.241+0200] {processor.py:826} INFO - Processing file /Users/felipe.vasconcelos/repos/courses/python-learnings/.venv/lib/python3.10/site-packages/airflow/example_dags/example_short_circuit_operator.py for tasks to queue
[2023-08-05T11:53:49.241+0200] {logging_mixin.py:150} INFO - [2023-08-05T11:53:49.241+0200] {dagbag.py:541} INFO - Filling up the DagBag from /Users/felipe.vasconcelos/repos/courses/python-learnings/.venv/lib/python3.10/site-packages/airflow/example_dags/example_short_circuit_operator.py
[2023-08-05T11:53:49.281+0200] {processor.py:836} INFO - DAG(s) dict_keys(['example_short_circuit_operator']) retrieved from /Users/felipe.vasconcelos/repos/courses/python-learnings/.venv/lib/python3.10/site-packages/airflow/example_dags/example_short_circuit_operator.py
[2023-08-05T11:53:50.009+0200] {logging_mixin.py:150} INFO - [2023-08-05T11:53:50.009+0200] {dag.py:2742} INFO - Sync 1 DAGs
[2023-08-05T11:53:50.025+0200] {logging_mixin.py:150} INFO - [2023-08-05T11:53:50.025+0200] {dag.py:3504} INFO - Setting next_dagrun for example_short_circuit_operator to 2023-08-04T09:53:50.025210+00:00, run_after=2023-08-05T09:53:50.025210+00:00
[2023-08-05T11:53:50.047+0200] {processor.py:179} INFO - Processing /Users/felipe.vasconcelos/repos/courses/python-learnings/.venv/lib/python3.10/site-packages/airflow/example_dags/example_short_circuit_operator.py took 0.813 seconds
[2023-08-05T11:55:56.861+0200] {processor.py:157} INFO - Started process (PID=84564) to work on /Users/felipe.vasconcelos/repos/courses/python-learnings/.venv/lib/python3.10/site-packages/airflow/example_dags/example_short_circuit_operator.py
[2023-08-05T11:55:56.867+0200] {processor.py:826} INFO - Processing file /Users/felipe.vasconcelos/repos/courses/python-learnings/.venv/lib/python3.10/site-packages/airflow/example_dags/example_short_circuit_operator.py for tasks to queue
[2023-08-05T11:55:56.868+0200] {logging_mixin.py:150} INFO - [2023-08-05T11:55:56.868+0200] {dagbag.py:541} INFO - Filling up the DagBag from /Users/felipe.vasconcelos/repos/courses/python-learnings/.venv/lib/python3.10/site-packages/airflow/example_dags/example_short_circuit_operator.py
[2023-08-05T11:55:56.908+0200] {processor.py:836} INFO - DAG(s) dict_keys(['example_short_circuit_operator']) retrieved from /Users/felipe.vasconcelos/repos/courses/python-learnings/.venv/lib/python3.10/site-packages/airflow/example_dags/example_short_circuit_operator.py
[2023-08-05T11:55:57.618+0200] {logging_mixin.py:150} INFO - [2023-08-05T11:55:57.617+0200] {dag.py:2742} INFO - Sync 1 DAGs
[2023-08-05T11:55:57.634+0200] {logging_mixin.py:150} INFO - [2023-08-05T11:55:57.634+0200] {dag.py:3504} INFO - Setting next_dagrun for example_short_circuit_operator to 2023-08-04T09:55:57.634269+00:00, run_after=2023-08-05T09:55:57.634269+00:00
[2023-08-05T11:55:57.655+0200] {processor.py:179} INFO - Processing /Users/felipe.vasconcelos/repos/courses/python-learnings/.venv/lib/python3.10/site-packages/airflow/example_dags/example_short_circuit_operator.py took 0.795 seconds
[2023-08-05T11:58:02.902+0200] {processor.py:157} INFO - Started process (PID=84628) to work on /Users/felipe.vasconcelos/repos/courses/python-learnings/.venv/lib/python3.10/site-packages/airflow/example_dags/example_short_circuit_operator.py
[2023-08-05T11:58:02.908+0200] {processor.py:826} INFO - Processing file /Users/felipe.vasconcelos/repos/courses/python-learnings/.venv/lib/python3.10/site-packages/airflow/example_dags/example_short_circuit_operator.py for tasks to queue
[2023-08-05T11:58:02.909+0200] {logging_mixin.py:150} INFO - [2023-08-05T11:58:02.908+0200] {dagbag.py:541} INFO - Filling up the DagBag from /Users/felipe.vasconcelos/repos/courses/python-learnings/.venv/lib/python3.10/site-packages/airflow/example_dags/example_short_circuit_operator.py
[2023-08-05T11:58:02.953+0200] {processor.py:836} INFO - DAG(s) dict_keys(['example_short_circuit_operator']) retrieved from /Users/felipe.vasconcelos/repos/courses/python-learnings/.venv/lib/python3.10/site-packages/airflow/example_dags/example_short_circuit_operator.py
[2023-08-05T11:58:03.678+0200] {logging_mixin.py:150} INFO - [2023-08-05T11:58:03.678+0200] {dag.py:2742} INFO - Sync 1 DAGs
[2023-08-05T11:58:03.694+0200] {logging_mixin.py:150} INFO - [2023-08-05T11:58:03.694+0200] {dag.py:3504} INFO - Setting next_dagrun for example_short_circuit_operator to 2023-08-04T09:58:03.694252+00:00, run_after=2023-08-05T09:58:03.694252+00:00
[2023-08-05T11:58:03.719+0200] {processor.py:179} INFO - Processing /Users/felipe.vasconcelos/repos/courses/python-learnings/.venv/lib/python3.10/site-packages/airflow/example_dags/example_short_circuit_operator.py took 0.819 seconds
[2023-08-05T12:01:31.552+0200] {processor.py:157} INFO - Started process (PID=84758) to work on /Users/felipe.vasconcelos/repos/courses/python-learnings/.venv/lib/python3.10/site-packages/airflow/example_dags/example_short_circuit_operator.py
[2023-08-05T12:01:31.558+0200] {processor.py:826} INFO - Processing file /Users/felipe.vasconcelos/repos/courses/python-learnings/.venv/lib/python3.10/site-packages/airflow/example_dags/example_short_circuit_operator.py for tasks to queue
[2023-08-05T12:01:31.560+0200] {logging_mixin.py:150} INFO - [2023-08-05T12:01:31.560+0200] {dagbag.py:541} INFO - Filling up the DagBag from /Users/felipe.vasconcelos/repos/courses/python-learnings/.venv/lib/python3.10/site-packages/airflow/example_dags/example_short_circuit_operator.py
[2023-08-05T12:01:31.604+0200] {processor.py:836} INFO - DAG(s) dict_keys(['example_short_circuit_operator']) retrieved from /Users/felipe.vasconcelos/repos/courses/python-learnings/.venv/lib/python3.10/site-packages/airflow/example_dags/example_short_circuit_operator.py
[2023-08-05T12:01:32.420+0200] {logging_mixin.py:150} INFO - [2023-08-05T12:01:32.420+0200] {dag.py:2742} INFO - Sync 1 DAGs
[2023-08-05T12:01:32.437+0200] {logging_mixin.py:150} INFO - [2023-08-05T12:01:32.437+0200] {dag.py:3504} INFO - Setting next_dagrun for example_short_circuit_operator to 2023-08-04T10:01:32.437601+00:00, run_after=2023-08-05T10:01:32.437601+00:00
[2023-08-05T12:01:32.460+0200] {processor.py:179} INFO - Processing /Users/felipe.vasconcelos/repos/courses/python-learnings/.venv/lib/python3.10/site-packages/airflow/example_dags/example_short_circuit_operator.py took 0.909 seconds
