[2023-08-05T10:41:21.237+0200] {processor.py:157} INFO - Started process (PID=82638) to work on /Users/felipe.vasconcelos/repos/courses/python-learnings/.venv/lib/python3.10/site-packages/airflow/example_dags/example_branch_labels.py
[2023-08-05T10:41:21.242+0200] {processor.py:826} INFO - Processing file /Users/felipe.vasconcelos/repos/courses/python-learnings/.venv/lib/python3.10/site-packages/airflow/example_dags/example_branch_labels.py for tasks to queue
[2023-08-05T10:41:21.243+0200] {logging_mixin.py:150} INFO - [2023-08-05T10:41:21.242+0200] {dagbag.py:541} INFO - Filling up the DagBag from /Users/felipe.vasconcelos/repos/courses/python-learnings/.venv/lib/python3.10/site-packages/airflow/example_dags/example_branch_labels.py
[2023-08-05T10:41:21.271+0200] {processor.py:836} INFO - DAG(s) dict_keys(['example_branch_labels']) retrieved from /Users/felipe.vasconcelos/repos/courses/python-learnings/.venv/lib/python3.10/site-packages/airflow/example_dags/example_branch_labels.py
[2023-08-05T10:41:22.184+0200] {logging_mixin.py:150} INFO - [2023-08-05T10:41:22.184+0200] {manager.py:504} INFO - Created Permission View: can edit on DAG:example_branch_labels
[2023-08-05T10:41:22.195+0200] {logging_mixin.py:150} INFO - [2023-08-05T10:41:22.194+0200] {manager.py:504} INFO - Created Permission View: can delete on DAG:example_branch_labels
[2023-08-05T10:41:22.205+0200] {logging_mixin.py:150} INFO - [2023-08-05T10:41:22.204+0200] {manager.py:504} INFO - Created Permission View: can read on DAG:example_branch_labels
[2023-08-05T10:41:22.219+0200] {logging_mixin.py:150} INFO - [2023-08-05T10:41:22.219+0200] {dag.py:2742} INFO - Sync 1 DAGs
[2023-08-05T10:41:22.230+0200] {logging_mixin.py:150} INFO - [2023-08-05T10:41:22.230+0200] {dag.py:2763} INFO - Creating ORM DAG for example_branch_labels
[2023-08-05T10:41:22.311+0200] {logging_mixin.py:150} INFO - [2023-08-05T10:41:22.310+0200] {dag.py:3504} INFO - Setting next_dagrun for example_branch_labels to 2023-08-04T00:00:00+00:00, run_after=2023-08-05T00:00:00+00:00
[2023-08-05T10:41:22.335+0200] {processor.py:179} INFO - Processing /Users/felipe.vasconcelos/repos/courses/python-learnings/.venv/lib/python3.10/site-packages/airflow/example_dags/example_branch_labels.py took 1.100 seconds
[2023-08-05T10:47:40.074+0200] {processor.py:157} INFO - Started process (PID=82848) to work on /Users/felipe.vasconcelos/repos/courses/python-learnings/.venv/lib/python3.10/site-packages/airflow/example_dags/example_branch_labels.py
[2023-08-05T10:47:40.080+0200] {processor.py:826} INFO - Processing file /Users/felipe.vasconcelos/repos/courses/python-learnings/.venv/lib/python3.10/site-packages/airflow/example_dags/example_branch_labels.py for tasks to queue
[2023-08-05T10:47:40.081+0200] {logging_mixin.py:150} INFO - [2023-08-05T10:47:40.081+0200] {dagbag.py:541} INFO - Filling up the DagBag from /Users/felipe.vasconcelos/repos/courses/python-learnings/.venv/lib/python3.10/site-packages/airflow/example_dags/example_branch_labels.py
[2023-08-05T10:47:40.108+0200] {processor.py:836} INFO - DAG(s) dict_keys(['example_branch_labels']) retrieved from /Users/felipe.vasconcelos/repos/courses/python-learnings/.venv/lib/python3.10/site-packages/airflow/example_dags/example_branch_labels.py
[2023-08-05T10:47:40.830+0200] {logging_mixin.py:150} INFO - [2023-08-05T10:47:40.830+0200] {dag.py:2742} INFO - Sync 1 DAGs
[2023-08-05T10:47:40.848+0200] {logging_mixin.py:150} INFO - [2023-08-05T10:47:40.848+0200] {dag.py:3504} INFO - Setting next_dagrun for example_branch_labels to 2023-08-04T00:00:00+00:00, run_after=2023-08-05T00:00:00+00:00
[2023-08-05T10:47:40.867+0200] {processor.py:179} INFO - Processing /Users/felipe.vasconcelos/repos/courses/python-learnings/.venv/lib/python3.10/site-packages/airflow/example_dags/example_branch_labels.py took 0.795 seconds
[2023-08-05T10:52:09.711+0200] {processor.py:157} INFO - Started process (PID=82975) to work on /Users/felipe.vasconcelos/repos/courses/python-learnings/.venv/lib/python3.10/site-packages/airflow/example_dags/example_branch_labels.py
[2023-08-05T10:52:09.719+0200] {processor.py:826} INFO - Processing file /Users/felipe.vasconcelos/repos/courses/python-learnings/.venv/lib/python3.10/site-packages/airflow/example_dags/example_branch_labels.py for tasks to queue
[2023-08-05T10:52:09.720+0200] {logging_mixin.py:150} INFO - [2023-08-05T10:52:09.719+0200] {dagbag.py:541} INFO - Filling up the DagBag from /Users/felipe.vasconcelos/repos/courses/python-learnings/.venv/lib/python3.10/site-packages/airflow/example_dags/example_branch_labels.py
[2023-08-05T10:52:09.755+0200] {processor.py:836} INFO - DAG(s) dict_keys(['example_branch_labels']) retrieved from /Users/felipe.vasconcelos/repos/courses/python-learnings/.venv/lib/python3.10/site-packages/airflow/example_dags/example_branch_labels.py
[2023-08-05T10:52:10.488+0200] {logging_mixin.py:150} INFO - [2023-08-05T10:52:10.487+0200] {dag.py:2742} INFO - Sync 1 DAGs
[2023-08-05T10:52:10.506+0200] {logging_mixin.py:150} INFO - [2023-08-05T10:52:10.506+0200] {dag.py:3504} INFO - Setting next_dagrun for example_branch_labels to 2023-08-04T00:00:00+00:00, run_after=2023-08-05T00:00:00+00:00
[2023-08-05T10:52:10.525+0200] {processor.py:179} INFO - Processing /Users/felipe.vasconcelos/repos/courses/python-learnings/.venv/lib/python3.10/site-packages/airflow/example_dags/example_branch_labels.py took 0.816 seconds
[2023-08-05T10:56:34.384+0200] {processor.py:157} INFO - Started process (PID=83091) to work on /Users/felipe.vasconcelos/repos/courses/python-learnings/.venv/lib/python3.10/site-packages/airflow/example_dags/example_branch_labels.py
[2023-08-05T10:56:34.390+0200] {processor.py:826} INFO - Processing file /Users/felipe.vasconcelos/repos/courses/python-learnings/.venv/lib/python3.10/site-packages/airflow/example_dags/example_branch_labels.py for tasks to queue
[2023-08-05T10:56:34.391+0200] {logging_mixin.py:150} INFO - [2023-08-05T10:56:34.391+0200] {dagbag.py:541} INFO - Filling up the DagBag from /Users/felipe.vasconcelos/repos/courses/python-learnings/.venv/lib/python3.10/site-packages/airflow/example_dags/example_branch_labels.py
[2023-08-05T10:56:34.418+0200] {processor.py:836} INFO - DAG(s) dict_keys(['example_branch_labels']) retrieved from /Users/felipe.vasconcelos/repos/courses/python-learnings/.venv/lib/python3.10/site-packages/airflow/example_dags/example_branch_labels.py
[2023-08-05T10:56:35.113+0200] {logging_mixin.py:150} INFO - [2023-08-05T10:56:35.113+0200] {dag.py:2742} INFO - Sync 1 DAGs
[2023-08-05T10:56:35.130+0200] {logging_mixin.py:150} INFO - [2023-08-05T10:56:35.130+0200] {dag.py:3504} INFO - Setting next_dagrun for example_branch_labels to 2023-08-04T00:00:00+00:00, run_after=2023-08-05T00:00:00+00:00
[2023-08-05T10:56:35.149+0200] {processor.py:179} INFO - Processing /Users/felipe.vasconcelos/repos/courses/python-learnings/.venv/lib/python3.10/site-packages/airflow/example_dags/example_branch_labels.py took 0.766 seconds
[2023-08-05T11:13:07.151+0200] {processor.py:157} INFO - Started process (PID=83287) to work on /Users/felipe.vasconcelos/repos/courses/python-learnings/.venv/lib/python3.10/site-packages/airflow/example_dags/example_branch_labels.py
[2023-08-05T11:13:07.158+0200] {processor.py:826} INFO - Processing file /Users/felipe.vasconcelos/repos/courses/python-learnings/.venv/lib/python3.10/site-packages/airflow/example_dags/example_branch_labels.py for tasks to queue
[2023-08-05T11:13:07.158+0200] {logging_mixin.py:150} INFO - [2023-08-05T11:13:07.158+0200] {dagbag.py:541} INFO - Filling up the DagBag from /Users/felipe.vasconcelos/repos/courses/python-learnings/.venv/lib/python3.10/site-packages/airflow/example_dags/example_branch_labels.py
[2023-08-05T11:13:07.196+0200] {processor.py:836} INFO - DAG(s) dict_keys(['example_branch_labels']) retrieved from /Users/felipe.vasconcelos/repos/courses/python-learnings/.venv/lib/python3.10/site-packages/airflow/example_dags/example_branch_labels.py
[2023-08-05T11:13:07.884+0200] {logging_mixin.py:150} INFO - [2023-08-05T11:13:07.884+0200] {dag.py:2742} INFO - Sync 1 DAGs
[2023-08-05T11:13:07.902+0200] {logging_mixin.py:150} INFO - [2023-08-05T11:13:07.902+0200] {dag.py:3504} INFO - Setting next_dagrun for example_branch_labels to 2023-08-04T00:00:00+00:00, run_after=2023-08-05T00:00:00+00:00
[2023-08-05T11:13:07.926+0200] {processor.py:179} INFO - Processing /Users/felipe.vasconcelos/repos/courses/python-learnings/.venv/lib/python3.10/site-packages/airflow/example_dags/example_branch_labels.py took 0.776 seconds
[2023-08-05T11:17:25.555+0200] {processor.py:157} INFO - Started process (PID=83410) to work on /Users/felipe.vasconcelos/repos/courses/python-learnings/.venv/lib/python3.10/site-packages/airflow/example_dags/example_branch_labels.py
[2023-08-05T11:17:25.561+0200] {processor.py:826} INFO - Processing file /Users/felipe.vasconcelos/repos/courses/python-learnings/.venv/lib/python3.10/site-packages/airflow/example_dags/example_branch_labels.py for tasks to queue
[2023-08-05T11:17:25.562+0200] {logging_mixin.py:150} INFO - [2023-08-05T11:17:25.561+0200] {dagbag.py:541} INFO - Filling up the DagBag from /Users/felipe.vasconcelos/repos/courses/python-learnings/.venv/lib/python3.10/site-packages/airflow/example_dags/example_branch_labels.py
[2023-08-05T11:17:25.588+0200] {processor.py:836} INFO - DAG(s) dict_keys(['example_branch_labels']) retrieved from /Users/felipe.vasconcelos/repos/courses/python-learnings/.venv/lib/python3.10/site-packages/airflow/example_dags/example_branch_labels.py
[2023-08-05T11:17:26.299+0200] {logging_mixin.py:150} INFO - [2023-08-05T11:17:26.299+0200] {dag.py:2742} INFO - Sync 1 DAGs
[2023-08-05T11:17:26.318+0200] {logging_mixin.py:150} INFO - [2023-08-05T11:17:26.318+0200] {dag.py:3504} INFO - Setting next_dagrun for example_branch_labels to 2023-08-04T00:00:00+00:00, run_after=2023-08-05T00:00:00+00:00
[2023-08-05T11:17:26.338+0200] {processor.py:179} INFO - Processing /Users/felipe.vasconcelos/repos/courses/python-learnings/.venv/lib/python3.10/site-packages/airflow/example_dags/example_branch_labels.py took 0.785 seconds
[2023-08-05T11:22:01.018+0200] {processor.py:157} INFO - Started process (PID=83547) to work on /Users/felipe.vasconcelos/repos/courses/python-learnings/.venv/lib/python3.10/site-packages/airflow/example_dags/example_branch_labels.py
[2023-08-05T11:22:01.024+0200] {processor.py:826} INFO - Processing file /Users/felipe.vasconcelos/repos/courses/python-learnings/.venv/lib/python3.10/site-packages/airflow/example_dags/example_branch_labels.py for tasks to queue
[2023-08-05T11:22:01.025+0200] {logging_mixin.py:150} INFO - [2023-08-05T11:22:01.025+0200] {dagbag.py:541} INFO - Filling up the DagBag from /Users/felipe.vasconcelos/repos/courses/python-learnings/.venv/lib/python3.10/site-packages/airflow/example_dags/example_branch_labels.py
[2023-08-05T11:22:01.055+0200] {processor.py:836} INFO - DAG(s) dict_keys(['example_branch_labels']) retrieved from /Users/felipe.vasconcelos/repos/courses/python-learnings/.venv/lib/python3.10/site-packages/airflow/example_dags/example_branch_labels.py
[2023-08-05T11:22:01.845+0200] {logging_mixin.py:150} INFO - [2023-08-05T11:22:01.845+0200] {dag.py:2742} INFO - Sync 1 DAGs
[2023-08-05T11:22:01.863+0200] {logging_mixin.py:150} INFO - [2023-08-05T11:22:01.863+0200] {dag.py:3504} INFO - Setting next_dagrun for example_branch_labels to 2023-08-04T00:00:00+00:00, run_after=2023-08-05T00:00:00+00:00
[2023-08-05T11:22:01.882+0200] {processor.py:179} INFO - Processing /Users/felipe.vasconcelos/repos/courses/python-learnings/.venv/lib/python3.10/site-packages/airflow/example_dags/example_branch_labels.py took 0.865 seconds
[2023-08-05T11:26:27.345+0200] {processor.py:157} INFO - Started process (PID=83658) to work on /Users/felipe.vasconcelos/repos/courses/python-learnings/.venv/lib/python3.10/site-packages/airflow/example_dags/example_branch_labels.py
[2023-08-05T11:26:27.354+0200] {processor.py:826} INFO - Processing file /Users/felipe.vasconcelos/repos/courses/python-learnings/.venv/lib/python3.10/site-packages/airflow/example_dags/example_branch_labels.py for tasks to queue
[2023-08-05T11:26:27.355+0200] {logging_mixin.py:150} INFO - [2023-08-05T11:26:27.355+0200] {dagbag.py:541} INFO - Filling up the DagBag from /Users/felipe.vasconcelos/repos/courses/python-learnings/.venv/lib/python3.10/site-packages/airflow/example_dags/example_branch_labels.py
[2023-08-05T11:26:27.389+0200] {processor.py:836} INFO - DAG(s) dict_keys(['example_branch_labels']) retrieved from /Users/felipe.vasconcelos/repos/courses/python-learnings/.venv/lib/python3.10/site-packages/airflow/example_dags/example_branch_labels.py
[2023-08-05T11:26:28.109+0200] {logging_mixin.py:150} INFO - [2023-08-05T11:26:28.109+0200] {dag.py:2742} INFO - Sync 1 DAGs
[2023-08-05T11:26:28.128+0200] {logging_mixin.py:150} INFO - [2023-08-05T11:26:28.128+0200] {dag.py:3504} INFO - Setting next_dagrun for example_branch_labels to 2023-08-04T00:00:00+00:00, run_after=2023-08-05T00:00:00+00:00
[2023-08-05T11:26:28.148+0200] {processor.py:179} INFO - Processing /Users/felipe.vasconcelos/repos/courses/python-learnings/.venv/lib/python3.10/site-packages/airflow/example_dags/example_branch_labels.py took 0.804 seconds
[2023-08-05T11:31:26.394+0200] {processor.py:157} INFO - Started process (PID=83784) to work on /Users/felipe.vasconcelos/repos/courses/python-learnings/.venv/lib/python3.10/site-packages/airflow/example_dags/example_branch_labels.py
[2023-08-05T11:31:26.411+0200] {processor.py:826} INFO - Processing file /Users/felipe.vasconcelos/repos/courses/python-learnings/.venv/lib/python3.10/site-packages/airflow/example_dags/example_branch_labels.py for tasks to queue
[2023-08-05T11:31:26.412+0200] {logging_mixin.py:150} INFO - [2023-08-05T11:31:26.412+0200] {dagbag.py:541} INFO - Filling up the DagBag from /Users/felipe.vasconcelos/repos/courses/python-learnings/.venv/lib/python3.10/site-packages/airflow/example_dags/example_branch_labels.py
[2023-08-05T11:31:26.521+0200] {processor.py:836} INFO - DAG(s) dict_keys(['example_branch_labels']) retrieved from /Users/felipe.vasconcelos/repos/courses/python-learnings/.venv/lib/python3.10/site-packages/airflow/example_dags/example_branch_labels.py
[2023-08-05T11:31:30.383+0200] {logging_mixin.py:150} INFO - [2023-08-05T11:31:30.382+0200] {dag.py:2742} INFO - Sync 1 DAGs
[2023-08-05T11:31:30.413+0200] {logging_mixin.py:150} INFO - [2023-08-05T11:31:30.413+0200] {dag.py:3504} INFO - Setting next_dagrun for example_branch_labels to 2023-08-04T00:00:00+00:00, run_after=2023-08-05T00:00:00+00:00
[2023-08-05T11:31:30.613+0200] {processor.py:179} INFO - Processing /Users/felipe.vasconcelos/repos/courses/python-learnings/.venv/lib/python3.10/site-packages/airflow/example_dags/example_branch_labels.py took 4.220 seconds
[2023-08-05T11:36:32.537+0200] {processor.py:157} INFO - Started process (PID=83971) to work on /Users/felipe.vasconcelos/repos/courses/python-learnings/.venv/lib/python3.10/site-packages/airflow/example_dags/example_branch_labels.py
[2023-08-05T11:36:32.543+0200] {processor.py:826} INFO - Processing file /Users/felipe.vasconcelos/repos/courses/python-learnings/.venv/lib/python3.10/site-packages/airflow/example_dags/example_branch_labels.py for tasks to queue
[2023-08-05T11:36:32.544+0200] {logging_mixin.py:150} INFO - [2023-08-05T11:36:32.544+0200] {dagbag.py:541} INFO - Filling up the DagBag from /Users/felipe.vasconcelos/repos/courses/python-learnings/.venv/lib/python3.10/site-packages/airflow/example_dags/example_branch_labels.py
[2023-08-05T11:36:32.570+0200] {processor.py:836} INFO - DAG(s) dict_keys(['example_branch_labels']) retrieved from /Users/felipe.vasconcelos/repos/courses/python-learnings/.venv/lib/python3.10/site-packages/airflow/example_dags/example_branch_labels.py
[2023-08-05T11:36:33.309+0200] {logging_mixin.py:150} INFO - [2023-08-05T11:36:33.309+0200] {dag.py:2742} INFO - Sync 1 DAGs
[2023-08-05T11:36:33.327+0200] {logging_mixin.py:150} INFO - [2023-08-05T11:36:33.327+0200] {dag.py:3504} INFO - Setting next_dagrun for example_branch_labels to 2023-08-04T00:00:00+00:00, run_after=2023-08-05T00:00:00+00:00
[2023-08-05T11:36:33.345+0200] {processor.py:179} INFO - Processing /Users/felipe.vasconcelos/repos/courses/python-learnings/.venv/lib/python3.10/site-packages/airflow/example_dags/example_branch_labels.py took 0.810 seconds
[2023-08-05T11:40:53.159+0200] {processor.py:157} INFO - Started process (PID=84099) to work on /Users/felipe.vasconcelos/repos/courses/python-learnings/.venv/lib/python3.10/site-packages/airflow/example_dags/example_branch_labels.py
[2023-08-05T11:40:53.165+0200] {processor.py:826} INFO - Processing file /Users/felipe.vasconcelos/repos/courses/python-learnings/.venv/lib/python3.10/site-packages/airflow/example_dags/example_branch_labels.py for tasks to queue
[2023-08-05T11:40:53.166+0200] {logging_mixin.py:150} INFO - [2023-08-05T11:40:53.166+0200] {dagbag.py:541} INFO - Filling up the DagBag from /Users/felipe.vasconcelos/repos/courses/python-learnings/.venv/lib/python3.10/site-packages/airflow/example_dags/example_branch_labels.py
[2023-08-05T11:40:53.197+0200] {processor.py:836} INFO - DAG(s) dict_keys(['example_branch_labels']) retrieved from /Users/felipe.vasconcelos/repos/courses/python-learnings/.venv/lib/python3.10/site-packages/airflow/example_dags/example_branch_labels.py
[2023-08-05T11:40:53.920+0200] {logging_mixin.py:150} INFO - [2023-08-05T11:40:53.920+0200] {dag.py:2742} INFO - Sync 1 DAGs
[2023-08-05T11:40:53.938+0200] {logging_mixin.py:150} INFO - [2023-08-05T11:40:53.938+0200] {dag.py:3504} INFO - Setting next_dagrun for example_branch_labels to 2023-08-04T00:00:00+00:00, run_after=2023-08-05T00:00:00+00:00
[2023-08-05T11:40:53.959+0200] {processor.py:179} INFO - Processing /Users/felipe.vasconcelos/repos/courses/python-learnings/.venv/lib/python3.10/site-packages/airflow/example_dags/example_branch_labels.py took 0.801 seconds
[2023-08-05T11:45:05.919+0200] {processor.py:157} INFO - Started process (PID=84221) to work on /Users/felipe.vasconcelos/repos/courses/python-learnings/.venv/lib/python3.10/site-packages/airflow/example_dags/example_branch_labels.py
[2023-08-05T11:45:05.925+0200] {processor.py:826} INFO - Processing file /Users/felipe.vasconcelos/repos/courses/python-learnings/.venv/lib/python3.10/site-packages/airflow/example_dags/example_branch_labels.py for tasks to queue
[2023-08-05T11:45:05.926+0200] {logging_mixin.py:150} INFO - [2023-08-05T11:45:05.925+0200] {dagbag.py:541} INFO - Filling up the DagBag from /Users/felipe.vasconcelos/repos/courses/python-learnings/.venv/lib/python3.10/site-packages/airflow/example_dags/example_branch_labels.py
[2023-08-05T11:45:05.961+0200] {processor.py:836} INFO - DAG(s) dict_keys(['example_branch_labels']) retrieved from /Users/felipe.vasconcelos/repos/courses/python-learnings/.venv/lib/python3.10/site-packages/airflow/example_dags/example_branch_labels.py
[2023-08-05T11:45:06.801+0200] {logging_mixin.py:150} INFO - [2023-08-05T11:45:06.801+0200] {dag.py:2742} INFO - Sync 1 DAGs
[2023-08-05T11:45:06.820+0200] {logging_mixin.py:150} INFO - [2023-08-05T11:45:06.820+0200] {dag.py:3504} INFO - Setting next_dagrun for example_branch_labels to 2023-08-04T00:00:00+00:00, run_after=2023-08-05T00:00:00+00:00
[2023-08-05T11:45:06.839+0200] {processor.py:179} INFO - Processing /Users/felipe.vasconcelos/repos/courses/python-learnings/.venv/lib/python3.10/site-packages/airflow/example_dags/example_branch_labels.py took 0.921 seconds
[2023-08-05T11:50:27.145+0200] {processor.py:157} INFO - Started process (PID=84407) to work on /Users/felipe.vasconcelos/repos/courses/python-learnings/.venv/lib/python3.10/site-packages/airflow/example_dags/example_branch_labels.py
[2023-08-05T11:50:27.152+0200] {processor.py:826} INFO - Processing file /Users/felipe.vasconcelos/repos/courses/python-learnings/.venv/lib/python3.10/site-packages/airflow/example_dags/example_branch_labels.py for tasks to queue
[2023-08-05T11:50:27.152+0200] {logging_mixin.py:150} INFO - [2023-08-05T11:50:27.152+0200] {dagbag.py:541} INFO - Filling up the DagBag from /Users/felipe.vasconcelos/repos/courses/python-learnings/.venv/lib/python3.10/site-packages/airflow/example_dags/example_branch_labels.py
[2023-08-05T11:50:27.179+0200] {processor.py:836} INFO - DAG(s) dict_keys(['example_branch_labels']) retrieved from /Users/felipe.vasconcelos/repos/courses/python-learnings/.venv/lib/python3.10/site-packages/airflow/example_dags/example_branch_labels.py
[2023-08-05T11:50:27.873+0200] {logging_mixin.py:150} INFO - [2023-08-05T11:50:27.872+0200] {dag.py:2742} INFO - Sync 1 DAGs
[2023-08-05T11:50:27.892+0200] {logging_mixin.py:150} INFO - [2023-08-05T11:50:27.892+0200] {dag.py:3504} INFO - Setting next_dagrun for example_branch_labels to 2023-08-04T00:00:00+00:00, run_after=2023-08-05T00:00:00+00:00
[2023-08-05T11:50:27.911+0200] {processor.py:179} INFO - Processing /Users/felipe.vasconcelos/repos/courses/python-learnings/.venv/lib/python3.10/site-packages/airflow/example_dags/example_branch_labels.py took 0.767 seconds
[2023-08-05T11:54:43.819+0200] {processor.py:157} INFO - Started process (PID=84532) to work on /Users/felipe.vasconcelos/repos/courses/python-learnings/.venv/lib/python3.10/site-packages/airflow/example_dags/example_branch_labels.py
[2023-08-05T11:54:43.826+0200] {processor.py:826} INFO - Processing file /Users/felipe.vasconcelos/repos/courses/python-learnings/.venv/lib/python3.10/site-packages/airflow/example_dags/example_branch_labels.py for tasks to queue
[2023-08-05T11:54:43.826+0200] {logging_mixin.py:150} INFO - [2023-08-05T11:54:43.826+0200] {dagbag.py:541} INFO - Filling up the DagBag from /Users/felipe.vasconcelos/repos/courses/python-learnings/.venv/lib/python3.10/site-packages/airflow/example_dags/example_branch_labels.py
[2023-08-05T11:54:43.853+0200] {processor.py:836} INFO - DAG(s) dict_keys(['example_branch_labels']) retrieved from /Users/felipe.vasconcelos/repos/courses/python-learnings/.venv/lib/python3.10/site-packages/airflow/example_dags/example_branch_labels.py
[2023-08-05T11:54:44.678+0200] {logging_mixin.py:150} INFO - [2023-08-05T11:54:44.678+0200] {dag.py:2742} INFO - Sync 1 DAGs
[2023-08-05T11:54:44.705+0200] {logging_mixin.py:150} INFO - [2023-08-05T11:54:44.705+0200] {dag.py:3504} INFO - Setting next_dagrun for example_branch_labels to 2023-08-04T00:00:00+00:00, run_after=2023-08-05T00:00:00+00:00
[2023-08-05T11:54:44.730+0200] {processor.py:179} INFO - Processing /Users/felipe.vasconcelos/repos/courses/python-learnings/.venv/lib/python3.10/site-packages/airflow/example_dags/example_branch_labels.py took 0.911 seconds
[2023-08-05T11:59:07.738+0200] {processor.py:157} INFO - Started process (PID=84653) to work on /Users/felipe.vasconcelos/repos/courses/python-learnings/.venv/lib/python3.10/site-packages/airflow/example_dags/example_branch_labels.py
[2023-08-05T11:59:07.745+0200] {processor.py:826} INFO - Processing file /Users/felipe.vasconcelos/repos/courses/python-learnings/.venv/lib/python3.10/site-packages/airflow/example_dags/example_branch_labels.py for tasks to queue
[2023-08-05T11:59:07.746+0200] {logging_mixin.py:150} INFO - [2023-08-05T11:59:07.745+0200] {dagbag.py:541} INFO - Filling up the DagBag from /Users/felipe.vasconcelos/repos/courses/python-learnings/.venv/lib/python3.10/site-packages/airflow/example_dags/example_branch_labels.py
[2023-08-05T11:59:07.777+0200] {processor.py:836} INFO - DAG(s) dict_keys(['example_branch_labels']) retrieved from /Users/felipe.vasconcelos/repos/courses/python-learnings/.venv/lib/python3.10/site-packages/airflow/example_dags/example_branch_labels.py
[2023-08-05T11:59:08.646+0200] {logging_mixin.py:150} INFO - [2023-08-05T11:59:08.646+0200] {dag.py:2742} INFO - Sync 1 DAGs
[2023-08-05T11:59:08.665+0200] {logging_mixin.py:150} INFO - [2023-08-05T11:59:08.664+0200] {dag.py:3504} INFO - Setting next_dagrun for example_branch_labels to 2023-08-04T00:00:00+00:00, run_after=2023-08-05T00:00:00+00:00
[2023-08-05T11:59:08.684+0200] {processor.py:179} INFO - Processing /Users/felipe.vasconcelos/repos/courses/python-learnings/.venv/lib/python3.10/site-packages/airflow/example_dags/example_branch_labels.py took 0.946 seconds
