[2023-08-05T10:41:13.311+0200] {processor.py:157} INFO - Started process (PID=82633) to work on /Users/felipe.vasconcelos/repos/courses/python-learnings/.venv/lib/python3.10/site-packages/airflow/example_dags/example_branch_operator_decorator.py
[2023-08-05T10:41:13.318+0200] {processor.py:826} INFO - Processing file /Users/felipe.vasconcelos/repos/courses/python-learnings/.venv/lib/python3.10/site-packages/airflow/example_dags/example_branch_operator_decorator.py for tasks to queue
[2023-08-05T10:41:13.318+0200] {logging_mixin.py:150} INFO - [2023-08-05T10:41:13.318+0200] {dagbag.py:541} INFO - Filling up the DagBag from /Users/felipe.vasconcelos/repos/courses/python-learnings/.venv/lib/python3.10/site-packages/airflow/example_dags/example_branch_operator_decorator.py
[2023-08-05T10:41:13.561+0200] {processor.py:836} INFO - DAG(s) dict_keys(['example_branch_python_operator_decorator']) retrieved from /Users/felipe.vasconcelos/repos/courses/python-learnings/.venv/lib/python3.10/site-packages/airflow/example_dags/example_branch_operator_decorator.py
[2023-08-05T10:41:14.952+0200] {logging_mixin.py:150} INFO - [2023-08-05T10:41:14.952+0200] {manager.py:504} INFO - Created Permission View: can read on DAG:example_branch_python_operator_decorator
[2023-08-05T10:41:14.965+0200] {logging_mixin.py:150} INFO - [2023-08-05T10:41:14.964+0200] {manager.py:504} INFO - Created Permission View: can edit on DAG:example_branch_python_operator_decorator
[2023-08-05T10:41:14.972+0200] {logging_mixin.py:150} INFO - [2023-08-05T10:41:14.972+0200] {manager.py:504} INFO - Created Permission View: can delete on DAG:example_branch_python_operator_decorator
[2023-08-05T10:41:14.986+0200] {logging_mixin.py:150} INFO - [2023-08-05T10:41:14.985+0200] {dag.py:2742} INFO - Sync 1 DAGs
[2023-08-05T10:41:14.996+0200] {logging_mixin.py:150} INFO - [2023-08-05T10:41:14.995+0200] {dag.py:2763} INFO - Creating ORM DAG for example_branch_python_operator_decorator
[2023-08-05T10:41:15.009+0200] {logging_mixin.py:150} INFO - [2023-08-05T10:41:15.009+0200] {dag.py:3504} INFO - Setting next_dagrun for example_branch_python_operator_decorator to 2023-08-04T00:00:00+00:00, run_after=2023-08-05T00:00:00+00:00
[2023-08-05T10:41:15.043+0200] {processor.py:179} INFO - Processing /Users/felipe.vasconcelos/repos/courses/python-learnings/.venv/lib/python3.10/site-packages/airflow/example_dags/example_branch_operator_decorator.py took 1.732 seconds
[2023-08-05T10:47:32.955+0200] {processor.py:157} INFO - Started process (PID=82846) to work on /Users/felipe.vasconcelos/repos/courses/python-learnings/.venv/lib/python3.10/site-packages/airflow/example_dags/example_branch_operator_decorator.py
[2023-08-05T10:47:32.962+0200] {processor.py:826} INFO - Processing file /Users/felipe.vasconcelos/repos/courses/python-learnings/.venv/lib/python3.10/site-packages/airflow/example_dags/example_branch_operator_decorator.py for tasks to queue
[2023-08-05T10:47:32.962+0200] {logging_mixin.py:150} INFO - [2023-08-05T10:47:32.962+0200] {dagbag.py:541} INFO - Filling up the DagBag from /Users/felipe.vasconcelos/repos/courses/python-learnings/.venv/lib/python3.10/site-packages/airflow/example_dags/example_branch_operator_decorator.py
[2023-08-05T10:47:33.028+0200] {processor.py:836} INFO - DAG(s) dict_keys(['example_branch_python_operator_decorator']) retrieved from /Users/felipe.vasconcelos/repos/courses/python-learnings/.venv/lib/python3.10/site-packages/airflow/example_dags/example_branch_operator_decorator.py
[2023-08-05T10:47:33.754+0200] {logging_mixin.py:150} INFO - [2023-08-05T10:47:33.753+0200] {dag.py:2742} INFO - Sync 1 DAGs
[2023-08-05T10:47:33.773+0200] {logging_mixin.py:150} INFO - [2023-08-05T10:47:33.773+0200] {dag.py:3504} INFO - Setting next_dagrun for example_branch_python_operator_decorator to 2023-08-04T00:00:00+00:00, run_after=2023-08-05T00:00:00+00:00
[2023-08-05T10:47:33.795+0200] {processor.py:179} INFO - Processing /Users/felipe.vasconcelos/repos/courses/python-learnings/.venv/lib/python3.10/site-packages/airflow/example_dags/example_branch_operator_decorator.py took 0.841 seconds
[2023-08-05T10:51:57.464+0200] {processor.py:157} INFO - Started process (PID=82972) to work on /Users/felipe.vasconcelos/repos/courses/python-learnings/.venv/lib/python3.10/site-packages/airflow/example_dags/example_branch_operator_decorator.py
[2023-08-05T10:51:57.470+0200] {processor.py:826} INFO - Processing file /Users/felipe.vasconcelos/repos/courses/python-learnings/.venv/lib/python3.10/site-packages/airflow/example_dags/example_branch_operator_decorator.py for tasks to queue
[2023-08-05T10:51:57.471+0200] {logging_mixin.py:150} INFO - [2023-08-05T10:51:57.471+0200] {dagbag.py:541} INFO - Filling up the DagBag from /Users/felipe.vasconcelos/repos/courses/python-learnings/.venv/lib/python3.10/site-packages/airflow/example_dags/example_branch_operator_decorator.py
[2023-08-05T10:51:57.532+0200] {processor.py:836} INFO - DAG(s) dict_keys(['example_branch_python_operator_decorator']) retrieved from /Users/felipe.vasconcelos/repos/courses/python-learnings/.venv/lib/python3.10/site-packages/airflow/example_dags/example_branch_operator_decorator.py
[2023-08-05T10:52:01.476+0200] {logging_mixin.py:150} INFO - [2023-08-05T10:52:01.476+0200] {dag.py:2742} INFO - Sync 1 DAGs
[2023-08-05T10:52:01.504+0200] {logging_mixin.py:150} INFO - [2023-08-05T10:52:01.504+0200] {dag.py:3504} INFO - Setting next_dagrun for example_branch_python_operator_decorator to 2023-08-04T00:00:00+00:00, run_after=2023-08-05T00:00:00+00:00
[2023-08-05T10:52:01.527+0200] {processor.py:179} INFO - Processing /Users/felipe.vasconcelos/repos/courses/python-learnings/.venv/lib/python3.10/site-packages/airflow/example_dags/example_branch_operator_decorator.py took 4.065 seconds
[2023-08-05T10:56:28.572+0200] {processor.py:157} INFO - Started process (PID=83089) to work on /Users/felipe.vasconcelos/repos/courses/python-learnings/.venv/lib/python3.10/site-packages/airflow/example_dags/example_branch_operator_decorator.py
[2023-08-05T10:56:28.580+0200] {processor.py:826} INFO - Processing file /Users/felipe.vasconcelos/repos/courses/python-learnings/.venv/lib/python3.10/site-packages/airflow/example_dags/example_branch_operator_decorator.py for tasks to queue
[2023-08-05T10:56:28.581+0200] {logging_mixin.py:150} INFO - [2023-08-05T10:56:28.581+0200] {dagbag.py:541} INFO - Filling up the DagBag from /Users/felipe.vasconcelos/repos/courses/python-learnings/.venv/lib/python3.10/site-packages/airflow/example_dags/example_branch_operator_decorator.py
[2023-08-05T10:56:28.640+0200] {processor.py:836} INFO - DAG(s) dict_keys(['example_branch_python_operator_decorator']) retrieved from /Users/felipe.vasconcelos/repos/courses/python-learnings/.venv/lib/python3.10/site-packages/airflow/example_dags/example_branch_operator_decorator.py
[2023-08-05T10:56:29.342+0200] {logging_mixin.py:150} INFO - [2023-08-05T10:56:29.342+0200] {dag.py:2742} INFO - Sync 1 DAGs
[2023-08-05T10:56:29.361+0200] {logging_mixin.py:150} INFO - [2023-08-05T10:56:29.360+0200] {dag.py:3504} INFO - Setting next_dagrun for example_branch_python_operator_decorator to 2023-08-04T00:00:00+00:00, run_after=2023-08-05T00:00:00+00:00
[2023-08-05T10:56:29.380+0200] {processor.py:179} INFO - Processing /Users/felipe.vasconcelos/repos/courses/python-learnings/.venv/lib/python3.10/site-packages/airflow/example_dags/example_branch_operator_decorator.py took 0.809 seconds
[2023-08-05T11:13:00.335+0200] {processor.py:157} INFO - Started process (PID=83284) to work on /Users/felipe.vasconcelos/repos/courses/python-learnings/.venv/lib/python3.10/site-packages/airflow/example_dags/example_branch_operator_decorator.py
[2023-08-05T11:13:00.343+0200] {processor.py:826} INFO - Processing file /Users/felipe.vasconcelos/repos/courses/python-learnings/.venv/lib/python3.10/site-packages/airflow/example_dags/example_branch_operator_decorator.py for tasks to queue
[2023-08-05T11:13:00.345+0200] {logging_mixin.py:150} INFO - [2023-08-05T11:13:00.344+0200] {dagbag.py:541} INFO - Filling up the DagBag from /Users/felipe.vasconcelos/repos/courses/python-learnings/.venv/lib/python3.10/site-packages/airflow/example_dags/example_branch_operator_decorator.py
[2023-08-05T11:13:00.421+0200] {processor.py:836} INFO - DAG(s) dict_keys(['example_branch_python_operator_decorator']) retrieved from /Users/felipe.vasconcelos/repos/courses/python-learnings/.venv/lib/python3.10/site-packages/airflow/example_dags/example_branch_operator_decorator.py
[2023-08-05T11:13:01.153+0200] {logging_mixin.py:150} INFO - [2023-08-05T11:13:01.153+0200] {dag.py:2742} INFO - Sync 1 DAGs
[2023-08-05T11:13:01.177+0200] {logging_mixin.py:150} INFO - [2023-08-05T11:13:01.177+0200] {dag.py:3504} INFO - Setting next_dagrun for example_branch_python_operator_decorator to 2023-08-04T00:00:00+00:00, run_after=2023-08-05T00:00:00+00:00
[2023-08-05T11:13:01.196+0200] {processor.py:179} INFO - Processing /Users/felipe.vasconcelos/repos/courses/python-learnings/.venv/lib/python3.10/site-packages/airflow/example_dags/example_branch_operator_decorator.py took 0.862 seconds
[2023-08-05T11:17:17.971+0200] {processor.py:157} INFO - Started process (PID=83407) to work on /Users/felipe.vasconcelos/repos/courses/python-learnings/.venv/lib/python3.10/site-packages/airflow/example_dags/example_branch_operator_decorator.py
[2023-08-05T11:17:17.977+0200] {processor.py:826} INFO - Processing file /Users/felipe.vasconcelos/repos/courses/python-learnings/.venv/lib/python3.10/site-packages/airflow/example_dags/example_branch_operator_decorator.py for tasks to queue
[2023-08-05T11:17:17.978+0200] {logging_mixin.py:150} INFO - [2023-08-05T11:17:17.978+0200] {dagbag.py:541} INFO - Filling up the DagBag from /Users/felipe.vasconcelos/repos/courses/python-learnings/.venv/lib/python3.10/site-packages/airflow/example_dags/example_branch_operator_decorator.py
[2023-08-05T11:17:18.037+0200] {processor.py:836} INFO - DAG(s) dict_keys(['example_branch_python_operator_decorator']) retrieved from /Users/felipe.vasconcelos/repos/courses/python-learnings/.venv/lib/python3.10/site-packages/airflow/example_dags/example_branch_operator_decorator.py
[2023-08-05T11:17:19.848+0200] {logging_mixin.py:150} INFO - [2023-08-05T11:17:19.847+0200] {dag.py:2742} INFO - Sync 1 DAGs
[2023-08-05T11:17:19.867+0200] {logging_mixin.py:150} INFO - [2023-08-05T11:17:19.867+0200] {dag.py:3504} INFO - Setting next_dagrun for example_branch_python_operator_decorator to 2023-08-04T00:00:00+00:00, run_after=2023-08-05T00:00:00+00:00
[2023-08-05T11:17:19.886+0200] {processor.py:179} INFO - Processing /Users/felipe.vasconcelos/repos/courses/python-learnings/.venv/lib/python3.10/site-packages/airflow/example_dags/example_branch_operator_decorator.py took 1.916 seconds
[2023-08-05T11:21:54.183+0200] {processor.py:157} INFO - Started process (PID=83542) to work on /Users/felipe.vasconcelos/repos/courses/python-learnings/.venv/lib/python3.10/site-packages/airflow/example_dags/example_branch_operator_decorator.py
[2023-08-05T11:21:54.189+0200] {processor.py:826} INFO - Processing file /Users/felipe.vasconcelos/repos/courses/python-learnings/.venv/lib/python3.10/site-packages/airflow/example_dags/example_branch_operator_decorator.py for tasks to queue
[2023-08-05T11:21:54.190+0200] {logging_mixin.py:150} INFO - [2023-08-05T11:21:54.190+0200] {dagbag.py:541} INFO - Filling up the DagBag from /Users/felipe.vasconcelos/repos/courses/python-learnings/.venv/lib/python3.10/site-packages/airflow/example_dags/example_branch_operator_decorator.py
[2023-08-05T11:21:54.261+0200] {processor.py:836} INFO - DAG(s) dict_keys(['example_branch_python_operator_decorator']) retrieved from /Users/felipe.vasconcelos/repos/courses/python-learnings/.venv/lib/python3.10/site-packages/airflow/example_dags/example_branch_operator_decorator.py
[2023-08-05T11:21:55.005+0200] {logging_mixin.py:150} INFO - [2023-08-05T11:21:55.005+0200] {dag.py:2742} INFO - Sync 1 DAGs
[2023-08-05T11:21:55.026+0200] {logging_mixin.py:150} INFO - [2023-08-05T11:21:55.025+0200] {dag.py:3504} INFO - Setting next_dagrun for example_branch_python_operator_decorator to 2023-08-04T00:00:00+00:00, run_after=2023-08-05T00:00:00+00:00
[2023-08-05T11:21:55.046+0200] {processor.py:179} INFO - Processing /Users/felipe.vasconcelos/repos/courses/python-learnings/.venv/lib/python3.10/site-packages/airflow/example_dags/example_branch_operator_decorator.py took 0.864 seconds
[2023-08-05T11:26:17.145+0200] {processor.py:157} INFO - Started process (PID=83652) to work on /Users/felipe.vasconcelos/repos/courses/python-learnings/.venv/lib/python3.10/site-packages/airflow/example_dags/example_branch_operator_decorator.py
[2023-08-05T11:26:17.158+0200] {processor.py:826} INFO - Processing file /Users/felipe.vasconcelos/repos/courses/python-learnings/.venv/lib/python3.10/site-packages/airflow/example_dags/example_branch_operator_decorator.py for tasks to queue
[2023-08-05T11:26:17.159+0200] {logging_mixin.py:150} INFO - [2023-08-05T11:26:17.159+0200] {dagbag.py:541} INFO - Filling up the DagBag from /Users/felipe.vasconcelos/repos/courses/python-learnings/.venv/lib/python3.10/site-packages/airflow/example_dags/example_branch_operator_decorator.py
[2023-08-05T11:26:17.223+0200] {processor.py:836} INFO - DAG(s) dict_keys(['example_branch_python_operator_decorator']) retrieved from /Users/felipe.vasconcelos/repos/courses/python-learnings/.venv/lib/python3.10/site-packages/airflow/example_dags/example_branch_operator_decorator.py
[2023-08-05T11:26:21.119+0200] {logging_mixin.py:150} INFO - [2023-08-05T11:26:21.118+0200] {dag.py:2742} INFO - Sync 1 DAGs
[2023-08-05T11:26:21.276+0200] {logging_mixin.py:150} INFO - [2023-08-05T11:26:21.275+0200] {dag.py:3504} INFO - Setting next_dagrun for example_branch_python_operator_decorator to 2023-08-04T00:00:00+00:00, run_after=2023-08-05T00:00:00+00:00
[2023-08-05T11:26:21.318+0200] {processor.py:179} INFO - Processing /Users/felipe.vasconcelos/repos/courses/python-learnings/.venv/lib/python3.10/site-packages/airflow/example_dags/example_branch_operator_decorator.py took 4.175 seconds
[2023-08-05T11:30:51.101+0200] {processor.py:157} INFO - Started process (PID=83772) to work on /Users/felipe.vasconcelos/repos/courses/python-learnings/.venv/lib/python3.10/site-packages/airflow/example_dags/example_branch_operator_decorator.py
[2023-08-05T11:30:51.155+0200] {processor.py:826} INFO - Processing file /Users/felipe.vasconcelos/repos/courses/python-learnings/.venv/lib/python3.10/site-packages/airflow/example_dags/example_branch_operator_decorator.py for tasks to queue
[2023-08-05T11:30:51.159+0200] {logging_mixin.py:150} INFO - [2023-08-05T11:30:51.156+0200] {dagbag.py:541} INFO - Filling up the DagBag from /Users/felipe.vasconcelos/repos/courses/python-learnings/.venv/lib/python3.10/site-packages/airflow/example_dags/example_branch_operator_decorator.py
[2023-08-05T11:30:51.609+0200] {processor.py:836} INFO - DAG(s) dict_keys(['example_branch_python_operator_decorator']) retrieved from /Users/felipe.vasconcelos/repos/courses/python-learnings/.venv/lib/python3.10/site-packages/airflow/example_dags/example_branch_operator_decorator.py
[2023-08-05T11:30:55.743+0200] {logging_mixin.py:150} INFO - [2023-08-05T11:30:55.742+0200] {dag.py:2742} INFO - Sync 1 DAGs
[2023-08-05T11:30:55.805+0200] {logging_mixin.py:150} INFO - [2023-08-05T11:30:55.804+0200] {dag.py:3504} INFO - Setting next_dagrun for example_branch_python_operator_decorator to 2023-08-04T00:00:00+00:00, run_after=2023-08-05T00:00:00+00:00
[2023-08-05T11:30:55.857+0200] {processor.py:179} INFO - Processing /Users/felipe.vasconcelos/repos/courses/python-learnings/.venv/lib/python3.10/site-packages/airflow/example_dags/example_branch_operator_decorator.py took 4.760 seconds
[2023-08-05T11:34:29.949+0200] {processor.py:157} INFO - Started process (PID=83906) to work on /Users/felipe.vasconcelos/repos/courses/python-learnings/.venv/lib/python3.10/site-packages/airflow/example_dags/example_branch_operator_decorator.py
[2023-08-05T11:34:29.955+0200] {processor.py:826} INFO - Processing file /Users/felipe.vasconcelos/repos/courses/python-learnings/.venv/lib/python3.10/site-packages/airflow/example_dags/example_branch_operator_decorator.py for tasks to queue
[2023-08-05T11:34:29.956+0200] {logging_mixin.py:150} INFO - [2023-08-05T11:34:29.956+0200] {dagbag.py:541} INFO - Filling up the DagBag from /Users/felipe.vasconcelos/repos/courses/python-learnings/.venv/lib/python3.10/site-packages/airflow/example_dags/example_branch_operator_decorator.py
[2023-08-05T11:34:30.020+0200] {processor.py:836} INFO - DAG(s) dict_keys(['example_branch_python_operator_decorator']) retrieved from /Users/felipe.vasconcelos/repos/courses/python-learnings/.venv/lib/python3.10/site-packages/airflow/example_dags/example_branch_operator_decorator.py
[2023-08-05T11:34:30.814+0200] {logging_mixin.py:150} INFO - [2023-08-05T11:34:30.813+0200] {dag.py:2742} INFO - Sync 1 DAGs
[2023-08-05T11:34:30.833+0200] {logging_mixin.py:150} INFO - [2023-08-05T11:34:30.833+0200] {dag.py:3504} INFO - Setting next_dagrun for example_branch_python_operator_decorator to 2023-08-04T00:00:00+00:00, run_after=2023-08-05T00:00:00+00:00
[2023-08-05T11:34:30.853+0200] {processor.py:179} INFO - Processing /Users/felipe.vasconcelos/repos/courses/python-learnings/.venv/lib/python3.10/site-packages/airflow/example_dags/example_branch_operator_decorator.py took 0.905 seconds
[2023-08-05T11:38:50.166+0200] {processor.py:157} INFO - Started process (PID=84037) to work on /Users/felipe.vasconcelos/repos/courses/python-learnings/.venv/lib/python3.10/site-packages/airflow/example_dags/example_branch_operator_decorator.py
[2023-08-05T11:38:50.172+0200] {processor.py:826} INFO - Processing file /Users/felipe.vasconcelos/repos/courses/python-learnings/.venv/lib/python3.10/site-packages/airflow/example_dags/example_branch_operator_decorator.py for tasks to queue
[2023-08-05T11:38:50.173+0200] {logging_mixin.py:150} INFO - [2023-08-05T11:38:50.172+0200] {dagbag.py:541} INFO - Filling up the DagBag from /Users/felipe.vasconcelos/repos/courses/python-learnings/.venv/lib/python3.10/site-packages/airflow/example_dags/example_branch_operator_decorator.py
[2023-08-05T11:38:50.236+0200] {processor.py:836} INFO - DAG(s) dict_keys(['example_branch_python_operator_decorator']) retrieved from /Users/felipe.vasconcelos/repos/courses/python-learnings/.venv/lib/python3.10/site-packages/airflow/example_dags/example_branch_operator_decorator.py
[2023-08-05T11:38:50.971+0200] {logging_mixin.py:150} INFO - [2023-08-05T11:38:50.971+0200] {dag.py:2742} INFO - Sync 1 DAGs
[2023-08-05T11:38:50.990+0200] {logging_mixin.py:150} INFO - [2023-08-05T11:38:50.989+0200] {dag.py:3504} INFO - Setting next_dagrun for example_branch_python_operator_decorator to 2023-08-04T00:00:00+00:00, run_after=2023-08-05T00:00:00+00:00
[2023-08-05T11:38:51.009+0200] {processor.py:179} INFO - Processing /Users/felipe.vasconcelos/repos/courses/python-learnings/.venv/lib/python3.10/site-packages/airflow/example_dags/example_branch_operator_decorator.py took 0.844 seconds
[2023-08-05T11:43:15.260+0200] {processor.py:157} INFO - Started process (PID=84165) to work on /Users/felipe.vasconcelos/repos/courses/python-learnings/.venv/lib/python3.10/site-packages/airflow/example_dags/example_branch_operator_decorator.py
[2023-08-05T11:43:15.266+0200] {processor.py:826} INFO - Processing file /Users/felipe.vasconcelos/repos/courses/python-learnings/.venv/lib/python3.10/site-packages/airflow/example_dags/example_branch_operator_decorator.py for tasks to queue
[2023-08-05T11:43:15.267+0200] {logging_mixin.py:150} INFO - [2023-08-05T11:43:15.266+0200] {dagbag.py:541} INFO - Filling up the DagBag from /Users/felipe.vasconcelos/repos/courses/python-learnings/.venv/lib/python3.10/site-packages/airflow/example_dags/example_branch_operator_decorator.py
[2023-08-05T11:43:15.324+0200] {processor.py:836} INFO - DAG(s) dict_keys(['example_branch_python_operator_decorator']) retrieved from /Users/felipe.vasconcelos/repos/courses/python-learnings/.venv/lib/python3.10/site-packages/airflow/example_dags/example_branch_operator_decorator.py
[2023-08-05T11:43:16.005+0200] {logging_mixin.py:150} INFO - [2023-08-05T11:43:16.005+0200] {dag.py:2742} INFO - Sync 1 DAGs
[2023-08-05T11:43:16.026+0200] {logging_mixin.py:150} INFO - [2023-08-05T11:43:16.025+0200] {dag.py:3504} INFO - Setting next_dagrun for example_branch_python_operator_decorator to 2023-08-04T00:00:00+00:00, run_after=2023-08-05T00:00:00+00:00
[2023-08-05T11:43:16.046+0200] {processor.py:179} INFO - Processing /Users/felipe.vasconcelos/repos/courses/python-learnings/.venv/lib/python3.10/site-packages/airflow/example_dags/example_branch_operator_decorator.py took 0.788 seconds
[2023-08-05T11:47:53.749+0200] {processor.py:157} INFO - Started process (PID=84325) to work on /Users/felipe.vasconcelos/repos/courses/python-learnings/.venv/lib/python3.10/site-packages/airflow/example_dags/example_branch_operator_decorator.py
[2023-08-05T11:47:53.756+0200] {processor.py:826} INFO - Processing file /Users/felipe.vasconcelos/repos/courses/python-learnings/.venv/lib/python3.10/site-packages/airflow/example_dags/example_branch_operator_decorator.py for tasks to queue
[2023-08-05T11:47:53.757+0200] {logging_mixin.py:150} INFO - [2023-08-05T11:47:53.757+0200] {dagbag.py:541} INFO - Filling up the DagBag from /Users/felipe.vasconcelos/repos/courses/python-learnings/.venv/lib/python3.10/site-packages/airflow/example_dags/example_branch_operator_decorator.py
[2023-08-05T11:47:53.925+0200] {processor.py:836} INFO - DAG(s) dict_keys(['example_branch_python_operator_decorator']) retrieved from /Users/felipe.vasconcelos/repos/courses/python-learnings/.venv/lib/python3.10/site-packages/airflow/example_dags/example_branch_operator_decorator.py
[2023-08-05T11:47:54.838+0200] {logging_mixin.py:150} INFO - [2023-08-05T11:47:54.837+0200] {dag.py:2742} INFO - Sync 1 DAGs
[2023-08-05T11:47:54.863+0200] {logging_mixin.py:150} INFO - [2023-08-05T11:47:54.863+0200] {dag.py:3504} INFO - Setting next_dagrun for example_branch_python_operator_decorator to 2023-08-04T00:00:00+00:00, run_after=2023-08-05T00:00:00+00:00
[2023-08-05T11:47:54.891+0200] {processor.py:179} INFO - Processing /Users/felipe.vasconcelos/repos/courses/python-learnings/.venv/lib/python3.10/site-packages/airflow/example_dags/example_branch_operator_decorator.py took 1.144 seconds
[2023-08-05T11:52:45.322+0200] {processor.py:157} INFO - Started process (PID=84470) to work on /Users/felipe.vasconcelos/repos/courses/python-learnings/.venv/lib/python3.10/site-packages/airflow/example_dags/example_branch_operator_decorator.py
[2023-08-05T11:52:45.328+0200] {processor.py:826} INFO - Processing file /Users/felipe.vasconcelos/repos/courses/python-learnings/.venv/lib/python3.10/site-packages/airflow/example_dags/example_branch_operator_decorator.py for tasks to queue
[2023-08-05T11:52:45.329+0200] {logging_mixin.py:150} INFO - [2023-08-05T11:52:45.329+0200] {dagbag.py:541} INFO - Filling up the DagBag from /Users/felipe.vasconcelos/repos/courses/python-learnings/.venv/lib/python3.10/site-packages/airflow/example_dags/example_branch_operator_decorator.py
[2023-08-05T11:52:45.388+0200] {processor.py:836} INFO - DAG(s) dict_keys(['example_branch_python_operator_decorator']) retrieved from /Users/felipe.vasconcelos/repos/courses/python-learnings/.venv/lib/python3.10/site-packages/airflow/example_dags/example_branch_operator_decorator.py
[2023-08-05T11:52:46.060+0200] {logging_mixin.py:150} INFO - [2023-08-05T11:52:46.060+0200] {dag.py:2742} INFO - Sync 1 DAGs
[2023-08-05T11:52:46.081+0200] {logging_mixin.py:150} INFO - [2023-08-05T11:52:46.081+0200] {dag.py:3504} INFO - Setting next_dagrun for example_branch_python_operator_decorator to 2023-08-04T00:00:00+00:00, run_after=2023-08-05T00:00:00+00:00
[2023-08-05T11:52:46.116+0200] {processor.py:179} INFO - Processing /Users/felipe.vasconcelos/repos/courses/python-learnings/.venv/lib/python3.10/site-packages/airflow/example_dags/example_branch_operator_decorator.py took 0.795 seconds
[2023-08-05T11:56:55.712+0200] {processor.py:157} INFO - Started process (PID=84594) to work on /Users/felipe.vasconcelos/repos/courses/python-learnings/.venv/lib/python3.10/site-packages/airflow/example_dags/example_branch_operator_decorator.py
[2023-08-05T11:56:55.718+0200] {processor.py:826} INFO - Processing file /Users/felipe.vasconcelos/repos/courses/python-learnings/.venv/lib/python3.10/site-packages/airflow/example_dags/example_branch_operator_decorator.py for tasks to queue
[2023-08-05T11:56:55.719+0200] {logging_mixin.py:150} INFO - [2023-08-05T11:56:55.719+0200] {dagbag.py:541} INFO - Filling up the DagBag from /Users/felipe.vasconcelos/repos/courses/python-learnings/.venv/lib/python3.10/site-packages/airflow/example_dags/example_branch_operator_decorator.py
[2023-08-05T11:56:55.793+0200] {processor.py:836} INFO - DAG(s) dict_keys(['example_branch_python_operator_decorator']) retrieved from /Users/felipe.vasconcelos/repos/courses/python-learnings/.venv/lib/python3.10/site-packages/airflow/example_dags/example_branch_operator_decorator.py
[2023-08-05T11:56:56.570+0200] {logging_mixin.py:150} INFO - [2023-08-05T11:56:56.570+0200] {dag.py:2742} INFO - Sync 1 DAGs
[2023-08-05T11:56:56.589+0200] {logging_mixin.py:150} INFO - [2023-08-05T11:56:56.588+0200] {dag.py:3504} INFO - Setting next_dagrun for example_branch_python_operator_decorator to 2023-08-04T00:00:00+00:00, run_after=2023-08-05T00:00:00+00:00
[2023-08-05T11:56:56.610+0200] {processor.py:179} INFO - Processing /Users/felipe.vasconcelos/repos/courses/python-learnings/.venv/lib/python3.10/site-packages/airflow/example_dags/example_branch_operator_decorator.py took 0.900 seconds
[2023-08-05T12:03:16.144+0200] {processor.py:157} INFO - Started process (PID=84838) to work on /Users/felipe.vasconcelos/repos/courses/python-learnings/.venv/lib/python3.10/site-packages/airflow/example_dags/example_branch_operator_decorator.py
[2023-08-05T12:03:16.174+0200] {processor.py:826} INFO - Processing file /Users/felipe.vasconcelos/repos/courses/python-learnings/.venv/lib/python3.10/site-packages/airflow/example_dags/example_branch_operator_decorator.py for tasks to queue
[2023-08-05T12:03:16.175+0200] {logging_mixin.py:150} INFO - [2023-08-05T12:03:16.175+0200] {dagbag.py:541} INFO - Filling up the DagBag from /Users/felipe.vasconcelos/repos/courses/python-learnings/.venv/lib/python3.10/site-packages/airflow/example_dags/example_branch_operator_decorator.py
[2023-08-05T12:03:16.462+0200] {processor.py:836} INFO - DAG(s) dict_keys(['example_branch_python_operator_decorator']) retrieved from /Users/felipe.vasconcelos/repos/courses/python-learnings/.venv/lib/python3.10/site-packages/airflow/example_dags/example_branch_operator_decorator.py
[2023-08-05T12:03:20.017+0200] {logging_mixin.py:150} INFO - [2023-08-05T12:03:20.016+0200] {dag.py:2742} INFO - Sync 1 DAGs
[2023-08-05T12:03:20.056+0200] {logging_mixin.py:150} INFO - [2023-08-05T12:03:20.055+0200] {dag.py:3504} INFO - Setting next_dagrun for example_branch_python_operator_decorator to 2023-08-04T00:00:00+00:00, run_after=2023-08-05T00:00:00+00:00
[2023-08-05T12:03:20.127+0200] {processor.py:179} INFO - Processing /Users/felipe.vasconcelos/repos/courses/python-learnings/.venv/lib/python3.10/site-packages/airflow/example_dags/example_branch_operator_decorator.py took 3.996 seconds
