[2023-08-05T10:40:36.869+0200] {processor.py:157} INFO - Started process (PID=82619) to work on /Users/felipe.vasconcelos/repos/courses/python-learnings/.venv/lib/python3.10/site-packages/airflow/example_dags/example_latest_only.py
[2023-08-05T10:40:36.875+0200] {processor.py:826} INFO - Processing file /Users/felipe.vasconcelos/repos/courses/python-learnings/.venv/lib/python3.10/site-packages/airflow/example_dags/example_latest_only.py for tasks to queue
[2023-08-05T10:40:36.876+0200] {logging_mixin.py:150} INFO - [2023-08-05T10:40:36.876+0200] {dagbag.py:541} INFO - Filling up the DagBag from /Users/felipe.vasconcelos/repos/courses/python-learnings/.venv/lib/python3.10/site-packages/airflow/example_dags/example_latest_only.py
[2023-08-05T10:40:36.903+0200] {processor.py:836} INFO - DAG(s) dict_keys(['latest_only']) retrieved from /Users/felipe.vasconcelos/repos/courses/python-learnings/.venv/lib/python3.10/site-packages/airflow/example_dags/example_latest_only.py
[2023-08-05T10:40:37.867+0200] {logging_mixin.py:150} INFO - [2023-08-05T10:40:37.867+0200] {manager.py:504} INFO - Created Permission View: can delete on DAG:latest_only
[2023-08-05T10:40:37.880+0200] {logging_mixin.py:150} INFO - [2023-08-05T10:40:37.880+0200] {manager.py:504} INFO - Created Permission View: can read on DAG:latest_only
[2023-08-05T10:40:37.888+0200] {logging_mixin.py:150} INFO - [2023-08-05T10:40:37.888+0200] {manager.py:504} INFO - Created Permission View: can edit on DAG:latest_only
[2023-08-05T10:40:37.902+0200] {logging_mixin.py:150} INFO - [2023-08-05T10:40:37.902+0200] {dag.py:2742} INFO - Sync 1 DAGs
[2023-08-05T10:40:37.915+0200] {logging_mixin.py:150} INFO - [2023-08-05T10:40:37.915+0200] {dag.py:2763} INFO - Creating ORM DAG for latest_only
[2023-08-05T10:40:37.928+0200] {logging_mixin.py:150} INFO - [2023-08-05T10:40:37.928+0200] {dag.py:3504} INFO - Setting next_dagrun for latest_only to 2023-08-05T04:40:37.928371+00:00, run_after=2023-08-05T08:40:37.928371+00:00
[2023-08-05T10:40:37.956+0200] {processor.py:179} INFO - Processing /Users/felipe.vasconcelos/repos/courses/python-learnings/.venv/lib/python3.10/site-packages/airflow/example_dags/example_latest_only.py took 1.088 seconds
[2023-08-05T10:44:23.820+0200] {processor.py:157} INFO - Started process (PID=82719) to work on /Users/felipe.vasconcelos/repos/courses/python-learnings/.venv/lib/python3.10/site-packages/airflow/example_dags/example_latest_only.py
[2023-08-05T10:44:23.830+0200] {processor.py:826} INFO - Processing file /Users/felipe.vasconcelos/repos/courses/python-learnings/.venv/lib/python3.10/site-packages/airflow/example_dags/example_latest_only.py for tasks to queue
[2023-08-05T10:44:23.832+0200] {logging_mixin.py:150} INFO - [2023-08-05T10:44:23.831+0200] {dagbag.py:541} INFO - Filling up the DagBag from /Users/felipe.vasconcelos/repos/courses/python-learnings/.venv/lib/python3.10/site-packages/airflow/example_dags/example_latest_only.py
[2023-08-05T10:44:23.877+0200] {processor.py:836} INFO - DAG(s) dict_keys(['latest_only']) retrieved from /Users/felipe.vasconcelos/repos/courses/python-learnings/.venv/lib/python3.10/site-packages/airflow/example_dags/example_latest_only.py
[2023-08-05T10:44:25.084+0200] {logging_mixin.py:150} INFO - [2023-08-05T10:44:25.084+0200] {dag.py:2742} INFO - Sync 1 DAGs
[2023-08-05T10:44:25.110+0200] {logging_mixin.py:150} INFO - [2023-08-05T10:44:25.110+0200] {dag.py:3504} INFO - Setting next_dagrun for latest_only to 2023-08-05T04:44:25.110317+00:00, run_after=2023-08-05T08:44:25.110317+00:00
[2023-08-05T10:44:25.144+0200] {processor.py:179} INFO - Processing /Users/felipe.vasconcelos/repos/courses/python-learnings/.venv/lib/python3.10/site-packages/airflow/example_dags/example_latest_only.py took 1.326 seconds
[2023-08-05T10:49:40.321+0200] {processor.py:157} INFO - Started process (PID=82903) to work on /Users/felipe.vasconcelos/repos/courses/python-learnings/.venv/lib/python3.10/site-packages/airflow/example_dags/example_latest_only.py
[2023-08-05T10:49:40.327+0200] {processor.py:826} INFO - Processing file /Users/felipe.vasconcelos/repos/courses/python-learnings/.venv/lib/python3.10/site-packages/airflow/example_dags/example_latest_only.py for tasks to queue
[2023-08-05T10:49:40.328+0200] {logging_mixin.py:150} INFO - [2023-08-05T10:49:40.328+0200] {dagbag.py:541} INFO - Filling up the DagBag from /Users/felipe.vasconcelos/repos/courses/python-learnings/.venv/lib/python3.10/site-packages/airflow/example_dags/example_latest_only.py
[2023-08-05T10:49:40.352+0200] {processor.py:836} INFO - DAG(s) dict_keys(['latest_only']) retrieved from /Users/felipe.vasconcelos/repos/courses/python-learnings/.venv/lib/python3.10/site-packages/airflow/example_dags/example_latest_only.py
[2023-08-05T10:49:41.126+0200] {logging_mixin.py:150} INFO - [2023-08-05T10:49:41.125+0200] {dag.py:2742} INFO - Sync 1 DAGs
[2023-08-05T10:49:41.143+0200] {logging_mixin.py:150} INFO - [2023-08-05T10:49:41.143+0200] {dag.py:3504} INFO - Setting next_dagrun for latest_only to 2023-08-05T04:49:41.142760+00:00, run_after=2023-08-05T08:49:41.142760+00:00
[2023-08-05T10:49:41.163+0200] {processor.py:179} INFO - Processing /Users/felipe.vasconcelos/repos/courses/python-learnings/.venv/lib/python3.10/site-packages/airflow/example_dags/example_latest_only.py took 0.843 seconds
[2023-08-05T10:54:10.082+0200] {processor.py:157} INFO - Started process (PID=83024) to work on /Users/felipe.vasconcelos/repos/courses/python-learnings/.venv/lib/python3.10/site-packages/airflow/example_dags/example_latest_only.py
[2023-08-05T10:54:10.087+0200] {processor.py:826} INFO - Processing file /Users/felipe.vasconcelos/repos/courses/python-learnings/.venv/lib/python3.10/site-packages/airflow/example_dags/example_latest_only.py for tasks to queue
[2023-08-05T10:54:10.088+0200] {logging_mixin.py:150} INFO - [2023-08-05T10:54:10.088+0200] {dagbag.py:541} INFO - Filling up the DagBag from /Users/felipe.vasconcelos/repos/courses/python-learnings/.venv/lib/python3.10/site-packages/airflow/example_dags/example_latest_only.py
[2023-08-05T10:54:10.119+0200] {processor.py:836} INFO - DAG(s) dict_keys(['latest_only']) retrieved from /Users/felipe.vasconcelos/repos/courses/python-learnings/.venv/lib/python3.10/site-packages/airflow/example_dags/example_latest_only.py
[2023-08-05T10:54:11.341+0200] {logging_mixin.py:150} INFO - [2023-08-05T10:54:11.341+0200] {dag.py:2742} INFO - Sync 1 DAGs
[2023-08-05T10:54:11.357+0200] {logging_mixin.py:150} INFO - [2023-08-05T10:54:11.357+0200] {dag.py:3504} INFO - Setting next_dagrun for latest_only to 2023-08-05T04:54:11.357540+00:00, run_after=2023-08-05T08:54:11.357540+00:00
[2023-08-05T10:54:11.376+0200] {processor.py:179} INFO - Processing /Users/felipe.vasconcelos/repos/courses/python-learnings/.venv/lib/python3.10/site-packages/airflow/example_dags/example_latest_only.py took 1.296 seconds
[2023-08-05T10:58:26.034+0200] {processor.py:157} INFO - Started process (PID=83152) to work on /Users/felipe.vasconcelos/repos/courses/python-learnings/.venv/lib/python3.10/site-packages/airflow/example_dags/example_latest_only.py
[2023-08-05T10:58:26.040+0200] {processor.py:826} INFO - Processing file /Users/felipe.vasconcelos/repos/courses/python-learnings/.venv/lib/python3.10/site-packages/airflow/example_dags/example_latest_only.py for tasks to queue
[2023-08-05T10:58:26.041+0200] {logging_mixin.py:150} INFO - [2023-08-05T10:58:26.041+0200] {dagbag.py:541} INFO - Filling up the DagBag from /Users/felipe.vasconcelos/repos/courses/python-learnings/.venv/lib/python3.10/site-packages/airflow/example_dags/example_latest_only.py
[2023-08-05T10:58:26.065+0200] {processor.py:836} INFO - DAG(s) dict_keys(['latest_only']) retrieved from /Users/felipe.vasconcelos/repos/courses/python-learnings/.venv/lib/python3.10/site-packages/airflow/example_dags/example_latest_only.py
[2023-08-05T10:58:27.959+0200] {logging_mixin.py:150} INFO - [2023-08-05T10:58:27.958+0200] {dag.py:2742} INFO - Sync 1 DAGs
[2023-08-05T10:58:28.022+0200] {logging_mixin.py:150} INFO - [2023-08-05T10:58:28.022+0200] {dag.py:3504} INFO - Setting next_dagrun for latest_only to 2023-08-05T04:58:28.021617+00:00, run_after=2023-08-05T08:58:28.021617+00:00
[2023-08-05T10:58:28.068+0200] {processor.py:179} INFO - Processing /Users/felipe.vasconcelos/repos/courses/python-learnings/.venv/lib/python3.10/site-packages/airflow/example_dags/example_latest_only.py took 2.035 seconds
[2023-08-05T11:15:06.554+0200] {processor.py:157} INFO - Started process (PID=83346) to work on /Users/felipe.vasconcelos/repos/courses/python-learnings/.venv/lib/python3.10/site-packages/airflow/example_dags/example_latest_only.py
[2023-08-05T11:15:06.560+0200] {processor.py:826} INFO - Processing file /Users/felipe.vasconcelos/repos/courses/python-learnings/.venv/lib/python3.10/site-packages/airflow/example_dags/example_latest_only.py for tasks to queue
[2023-08-05T11:15:06.561+0200] {logging_mixin.py:150} INFO - [2023-08-05T11:15:06.561+0200] {dagbag.py:541} INFO - Filling up the DagBag from /Users/felipe.vasconcelos/repos/courses/python-learnings/.venv/lib/python3.10/site-packages/airflow/example_dags/example_latest_only.py
[2023-08-05T11:15:06.587+0200] {processor.py:836} INFO - DAG(s) dict_keys(['latest_only']) retrieved from /Users/felipe.vasconcelos/repos/courses/python-learnings/.venv/lib/python3.10/site-packages/airflow/example_dags/example_latest_only.py
[2023-08-05T11:15:07.289+0200] {logging_mixin.py:150} INFO - [2023-08-05T11:15:07.289+0200] {dag.py:2742} INFO - Sync 1 DAGs
[2023-08-05T11:15:07.306+0200] {logging_mixin.py:150} INFO - [2023-08-05T11:15:07.306+0200] {dag.py:3504} INFO - Setting next_dagrun for latest_only to 2023-08-05T05:15:07.305849+00:00, run_after=2023-08-05T09:15:07.305849+00:00
[2023-08-05T11:15:07.326+0200] {processor.py:179} INFO - Processing /Users/felipe.vasconcelos/repos/courses/python-learnings/.venv/lib/python3.10/site-packages/airflow/example_dags/example_latest_only.py took 0.773 seconds
[2023-08-05T11:19:21.524+0200] {processor.py:157} INFO - Started process (PID=83468) to work on /Users/felipe.vasconcelos/repos/courses/python-learnings/.venv/lib/python3.10/site-packages/airflow/example_dags/example_latest_only.py
[2023-08-05T11:19:21.530+0200] {processor.py:826} INFO - Processing file /Users/felipe.vasconcelos/repos/courses/python-learnings/.venv/lib/python3.10/site-packages/airflow/example_dags/example_latest_only.py for tasks to queue
[2023-08-05T11:19:21.531+0200] {logging_mixin.py:150} INFO - [2023-08-05T11:19:21.530+0200] {dagbag.py:541} INFO - Filling up the DagBag from /Users/felipe.vasconcelos/repos/courses/python-learnings/.venv/lib/python3.10/site-packages/airflow/example_dags/example_latest_only.py
[2023-08-05T11:19:21.558+0200] {processor.py:836} INFO - DAG(s) dict_keys(['latest_only']) retrieved from /Users/felipe.vasconcelos/repos/courses/python-learnings/.venv/lib/python3.10/site-packages/airflow/example_dags/example_latest_only.py
[2023-08-05T11:19:22.423+0200] {logging_mixin.py:150} INFO - [2023-08-05T11:19:22.423+0200] {dag.py:2742} INFO - Sync 1 DAGs
[2023-08-05T11:19:22.445+0200] {logging_mixin.py:150} INFO - [2023-08-05T11:19:22.444+0200] {dag.py:3504} INFO - Setting next_dagrun for latest_only to 2023-08-05T05:19:22.444578+00:00, run_after=2023-08-05T09:19:22.444578+00:00
[2023-08-05T11:19:22.464+0200] {processor.py:179} INFO - Processing /Users/felipe.vasconcelos/repos/courses/python-learnings/.venv/lib/python3.10/site-packages/airflow/example_dags/example_latest_only.py took 0.941 seconds
[2023-08-05T11:24:04.845+0200] {processor.py:157} INFO - Started process (PID=83596) to work on /Users/felipe.vasconcelos/repos/courses/python-learnings/.venv/lib/python3.10/site-packages/airflow/example_dags/example_latest_only.py
[2023-08-05T11:24:04.852+0200] {processor.py:826} INFO - Processing file /Users/felipe.vasconcelos/repos/courses/python-learnings/.venv/lib/python3.10/site-packages/airflow/example_dags/example_latest_only.py for tasks to queue
[2023-08-05T11:24:04.853+0200] {logging_mixin.py:150} INFO - [2023-08-05T11:24:04.852+0200] {dagbag.py:541} INFO - Filling up the DagBag from /Users/felipe.vasconcelos/repos/courses/python-learnings/.venv/lib/python3.10/site-packages/airflow/example_dags/example_latest_only.py
[2023-08-05T11:24:04.882+0200] {processor.py:836} INFO - DAG(s) dict_keys(['latest_only']) retrieved from /Users/felipe.vasconcelos/repos/courses/python-learnings/.venv/lib/python3.10/site-packages/airflow/example_dags/example_latest_only.py
[2023-08-05T11:24:05.588+0200] {logging_mixin.py:150} INFO - [2023-08-05T11:24:05.587+0200] {dag.py:2742} INFO - Sync 1 DAGs
[2023-08-05T11:24:05.605+0200] {logging_mixin.py:150} INFO - [2023-08-05T11:24:05.605+0200] {dag.py:3504} INFO - Setting next_dagrun for latest_only to 2023-08-05T05:24:05.604807+00:00, run_after=2023-08-05T09:24:05.604807+00:00
[2023-08-05T11:24:05.624+0200] {processor.py:179} INFO - Processing /Users/felipe.vasconcelos/repos/courses/python-learnings/.venv/lib/python3.10/site-packages/airflow/example_dags/example_latest_only.py took 0.780 seconds
[2023-08-05T11:28:29.399+0200] {processor.py:157} INFO - Started process (PID=83710) to work on /Users/felipe.vasconcelos/repos/courses/python-learnings/.venv/lib/python3.10/site-packages/airflow/example_dags/example_latest_only.py
[2023-08-05T11:28:29.404+0200] {processor.py:826} INFO - Processing file /Users/felipe.vasconcelos/repos/courses/python-learnings/.venv/lib/python3.10/site-packages/airflow/example_dags/example_latest_only.py for tasks to queue
[2023-08-05T11:28:29.405+0200] {logging_mixin.py:150} INFO - [2023-08-05T11:28:29.405+0200] {dagbag.py:541} INFO - Filling up the DagBag from /Users/felipe.vasconcelos/repos/courses/python-learnings/.venv/lib/python3.10/site-packages/airflow/example_dags/example_latest_only.py
[2023-08-05T11:28:29.433+0200] {processor.py:836} INFO - DAG(s) dict_keys(['latest_only']) retrieved from /Users/felipe.vasconcelos/repos/courses/python-learnings/.venv/lib/python3.10/site-packages/airflow/example_dags/example_latest_only.py
[2023-08-05T11:28:30.149+0200] {logging_mixin.py:150} INFO - [2023-08-05T11:28:30.149+0200] {dag.py:2742} INFO - Sync 1 DAGs
[2023-08-05T11:28:30.166+0200] {logging_mixin.py:150} INFO - [2023-08-05T11:28:30.166+0200] {dag.py:3504} INFO - Setting next_dagrun for latest_only to 2023-08-05T05:28:30.166232+00:00, run_after=2023-08-05T09:28:30.166232+00:00
[2023-08-05T11:28:30.187+0200] {processor.py:179} INFO - Processing /Users/felipe.vasconcelos/repos/courses/python-learnings/.venv/lib/python3.10/site-packages/airflow/example_dags/example_latest_only.py took 0.789 seconds
[2023-08-05T11:33:58.821+0200] {processor.py:157} INFO - Started process (PID=83884) to work on /Users/felipe.vasconcelos/repos/courses/python-learnings/.venv/lib/python3.10/site-packages/airflow/example_dags/example_latest_only.py
[2023-08-05T11:33:58.828+0200] {processor.py:826} INFO - Processing file /Users/felipe.vasconcelos/repos/courses/python-learnings/.venv/lib/python3.10/site-packages/airflow/example_dags/example_latest_only.py for tasks to queue
[2023-08-05T11:33:58.829+0200] {logging_mixin.py:150} INFO - [2023-08-05T11:33:58.828+0200] {dagbag.py:541} INFO - Filling up the DagBag from /Users/felipe.vasconcelos/repos/courses/python-learnings/.venv/lib/python3.10/site-packages/airflow/example_dags/example_latest_only.py
[2023-08-05T11:33:58.854+0200] {processor.py:836} INFO - DAG(s) dict_keys(['latest_only']) retrieved from /Users/felipe.vasconcelos/repos/courses/python-learnings/.venv/lib/python3.10/site-packages/airflow/example_dags/example_latest_only.py
[2023-08-05T11:33:59.573+0200] {logging_mixin.py:150} INFO - [2023-08-05T11:33:59.573+0200] {dag.py:2742} INFO - Sync 1 DAGs
[2023-08-05T11:33:59.590+0200] {logging_mixin.py:150} INFO - [2023-08-05T11:33:59.590+0200] {dag.py:3504} INFO - Setting next_dagrun for latest_only to 2023-08-05T05:33:59.590093+00:00, run_after=2023-08-05T09:33:59.590093+00:00
[2023-08-05T11:33:59.609+0200] {processor.py:179} INFO - Processing /Users/felipe.vasconcelos/repos/courses/python-learnings/.venv/lib/python3.10/site-packages/airflow/example_dags/example_latest_only.py took 0.789 seconds
[2023-08-05T11:36:25.208+0200] {processor.py:157} INFO - Started process (PID=83969) to work on /Users/felipe.vasconcelos/repos/courses/python-learnings/.venv/lib/python3.10/site-packages/airflow/example_dags/example_latest_only.py
[2023-08-05T11:36:25.215+0200] {processor.py:826} INFO - Processing file /Users/felipe.vasconcelos/repos/courses/python-learnings/.venv/lib/python3.10/site-packages/airflow/example_dags/example_latest_only.py for tasks to queue
[2023-08-05T11:36:25.216+0200] {logging_mixin.py:150} INFO - [2023-08-05T11:36:25.216+0200] {dagbag.py:541} INFO - Filling up the DagBag from /Users/felipe.vasconcelos/repos/courses/python-learnings/.venv/lib/python3.10/site-packages/airflow/example_dags/example_latest_only.py
[2023-08-05T11:36:25.246+0200] {processor.py:836} INFO - DAG(s) dict_keys(['latest_only']) retrieved from /Users/felipe.vasconcelos/repos/courses/python-learnings/.venv/lib/python3.10/site-packages/airflow/example_dags/example_latest_only.py
[2023-08-05T11:36:25.982+0200] {logging_mixin.py:150} INFO - [2023-08-05T11:36:25.982+0200] {dag.py:2742} INFO - Sync 1 DAGs
[2023-08-05T11:36:25.999+0200] {logging_mixin.py:150} INFO - [2023-08-05T11:36:25.999+0200] {dag.py:3504} INFO - Setting next_dagrun for latest_only to 2023-08-05T05:36:25.999108+00:00, run_after=2023-08-05T09:36:25.999108+00:00
[2023-08-05T11:36:26.017+0200] {processor.py:179} INFO - Processing /Users/felipe.vasconcelos/repos/courses/python-learnings/.venv/lib/python3.10/site-packages/airflow/example_dags/example_latest_only.py took 0.810 seconds
[2023-08-05T11:40:46.236+0200] {processor.py:157} INFO - Started process (PID=84091) to work on /Users/felipe.vasconcelos/repos/courses/python-learnings/.venv/lib/python3.10/site-packages/airflow/example_dags/example_latest_only.py
[2023-08-05T11:40:46.241+0200] {processor.py:826} INFO - Processing file /Users/felipe.vasconcelos/repos/courses/python-learnings/.venv/lib/python3.10/site-packages/airflow/example_dags/example_latest_only.py for tasks to queue
[2023-08-05T11:40:46.242+0200] {logging_mixin.py:150} INFO - [2023-08-05T11:40:46.242+0200] {dagbag.py:541} INFO - Filling up the DagBag from /Users/felipe.vasconcelos/repos/courses/python-learnings/.venv/lib/python3.10/site-packages/airflow/example_dags/example_latest_only.py
[2023-08-05T11:40:46.266+0200] {processor.py:836} INFO - DAG(s) dict_keys(['latest_only']) retrieved from /Users/felipe.vasconcelos/repos/courses/python-learnings/.venv/lib/python3.10/site-packages/airflow/example_dags/example_latest_only.py
[2023-08-05T11:40:46.952+0200] {logging_mixin.py:150} INFO - [2023-08-05T11:40:46.952+0200] {dag.py:2742} INFO - Sync 1 DAGs
[2023-08-05T11:40:46.969+0200] {logging_mixin.py:150} INFO - [2023-08-05T11:40:46.968+0200] {dag.py:3504} INFO - Setting next_dagrun for latest_only to 2023-08-05T05:40:46.968604+00:00, run_after=2023-08-05T09:40:46.968604+00:00
[2023-08-05T11:40:46.990+0200] {processor.py:179} INFO - Processing /Users/felipe.vasconcelos/repos/courses/python-learnings/.venv/lib/python3.10/site-packages/airflow/example_dags/example_latest_only.py took 0.755 seconds
[2023-08-05T11:44:58.809+0200] {processor.py:157} INFO - Started process (PID=84218) to work on /Users/felipe.vasconcelos/repos/courses/python-learnings/.venv/lib/python3.10/site-packages/airflow/example_dags/example_latest_only.py
[2023-08-05T11:44:58.815+0200] {processor.py:826} INFO - Processing file /Users/felipe.vasconcelos/repos/courses/python-learnings/.venv/lib/python3.10/site-packages/airflow/example_dags/example_latest_only.py for tasks to queue
[2023-08-05T11:44:58.815+0200] {logging_mixin.py:150} INFO - [2023-08-05T11:44:58.815+0200] {dagbag.py:541} INFO - Filling up the DagBag from /Users/felipe.vasconcelos/repos/courses/python-learnings/.venv/lib/python3.10/site-packages/airflow/example_dags/example_latest_only.py
[2023-08-05T11:44:58.839+0200] {processor.py:836} INFO - DAG(s) dict_keys(['latest_only']) retrieved from /Users/felipe.vasconcelos/repos/courses/python-learnings/.venv/lib/python3.10/site-packages/airflow/example_dags/example_latest_only.py
[2023-08-05T11:44:59.578+0200] {logging_mixin.py:150} INFO - [2023-08-05T11:44:59.578+0200] {dag.py:2742} INFO - Sync 1 DAGs
[2023-08-05T11:44:59.595+0200] {logging_mixin.py:150} INFO - [2023-08-05T11:44:59.595+0200] {dag.py:3504} INFO - Setting next_dagrun for latest_only to 2023-08-05T05:44:59.595451+00:00, run_after=2023-08-05T09:44:59.595451+00:00
[2023-08-05T11:44:59.615+0200] {processor.py:179} INFO - Processing /Users/felipe.vasconcelos/repos/courses/python-learnings/.venv/lib/python3.10/site-packages/airflow/example_dags/example_latest_only.py took 0.808 seconds
[2023-08-05T11:50:13.098+0200] {processor.py:157} INFO - Started process (PID=84401) to work on /Users/felipe.vasconcelos/repos/courses/python-learnings/.venv/lib/python3.10/site-packages/airflow/example_dags/example_latest_only.py
[2023-08-05T11:50:13.105+0200] {processor.py:826} INFO - Processing file /Users/felipe.vasconcelos/repos/courses/python-learnings/.venv/lib/python3.10/site-packages/airflow/example_dags/example_latest_only.py for tasks to queue
[2023-08-05T11:50:13.106+0200] {logging_mixin.py:150} INFO - [2023-08-05T11:50:13.106+0200] {dagbag.py:541} INFO - Filling up the DagBag from /Users/felipe.vasconcelos/repos/courses/python-learnings/.venv/lib/python3.10/site-packages/airflow/example_dags/example_latest_only.py
[2023-08-05T11:50:13.130+0200] {processor.py:836} INFO - DAG(s) dict_keys(['latest_only']) retrieved from /Users/felipe.vasconcelos/repos/courses/python-learnings/.venv/lib/python3.10/site-packages/airflow/example_dags/example_latest_only.py
[2023-08-05T11:50:14.129+0200] {logging_mixin.py:150} INFO - [2023-08-05T11:50:14.129+0200] {dag.py:2742} INFO - Sync 1 DAGs
[2023-08-05T11:50:14.147+0200] {logging_mixin.py:150} INFO - [2023-08-05T11:50:14.147+0200] {dag.py:3504} INFO - Setting next_dagrun for latest_only to 2023-08-05T05:50:14.147161+00:00, run_after=2023-08-05T09:50:14.147161+00:00
[2023-08-05T11:50:14.168+0200] {processor.py:179} INFO - Processing /Users/felipe.vasconcelos/repos/courses/python-learnings/.venv/lib/python3.10/site-packages/airflow/example_dags/example_latest_only.py took 1.071 seconds
[2023-08-05T11:54:30.125+0200] {processor.py:157} INFO - Started process (PID=84526) to work on /Users/felipe.vasconcelos/repos/courses/python-learnings/.venv/lib/python3.10/site-packages/airflow/example_dags/example_latest_only.py
[2023-08-05T11:54:30.131+0200] {processor.py:826} INFO - Processing file /Users/felipe.vasconcelos/repos/courses/python-learnings/.venv/lib/python3.10/site-packages/airflow/example_dags/example_latest_only.py for tasks to queue
[2023-08-05T11:54:30.132+0200] {logging_mixin.py:150} INFO - [2023-08-05T11:54:30.132+0200] {dagbag.py:541} INFO - Filling up the DagBag from /Users/felipe.vasconcelos/repos/courses/python-learnings/.venv/lib/python3.10/site-packages/airflow/example_dags/example_latest_only.py
[2023-08-05T11:54:30.166+0200] {processor.py:836} INFO - DAG(s) dict_keys(['latest_only']) retrieved from /Users/felipe.vasconcelos/repos/courses/python-learnings/.venv/lib/python3.10/site-packages/airflow/example_dags/example_latest_only.py
[2023-08-05T11:54:30.946+0200] {logging_mixin.py:150} INFO - [2023-08-05T11:54:30.946+0200] {dag.py:2742} INFO - Sync 1 DAGs
[2023-08-05T11:54:30.963+0200] {logging_mixin.py:150} INFO - [2023-08-05T11:54:30.963+0200] {dag.py:3504} INFO - Setting next_dagrun for latest_only to 2023-08-05T05:54:30.963477+00:00, run_after=2023-08-05T09:54:30.963477+00:00
[2023-08-05T11:54:30.983+0200] {processor.py:179} INFO - Processing /Users/felipe.vasconcelos/repos/courses/python-learnings/.venv/lib/python3.10/site-packages/airflow/example_dags/example_latest_only.py took 0.860 seconds
[2023-08-05T11:58:46.417+0200] {processor.py:157} INFO - Started process (PID=84644) to work on /Users/felipe.vasconcelos/repos/courses/python-learnings/.venv/lib/python3.10/site-packages/airflow/example_dags/example_latest_only.py
[2023-08-05T11:58:46.428+0200] {processor.py:826} INFO - Processing file /Users/felipe.vasconcelos/repos/courses/python-learnings/.venv/lib/python3.10/site-packages/airflow/example_dags/example_latest_only.py for tasks to queue
[2023-08-05T11:58:46.428+0200] {logging_mixin.py:150} INFO - [2023-08-05T11:58:46.428+0200] {dagbag.py:541} INFO - Filling up the DagBag from /Users/felipe.vasconcelos/repos/courses/python-learnings/.venv/lib/python3.10/site-packages/airflow/example_dags/example_latest_only.py
[2023-08-05T11:58:46.474+0200] {processor.py:836} INFO - DAG(s) dict_keys(['latest_only']) retrieved from /Users/felipe.vasconcelos/repos/courses/python-learnings/.venv/lib/python3.10/site-packages/airflow/example_dags/example_latest_only.py
[2023-08-05T11:58:47.680+0200] {logging_mixin.py:150} INFO - [2023-08-05T11:58:47.680+0200] {dag.py:2742} INFO - Sync 1 DAGs
[2023-08-05T11:58:47.700+0200] {logging_mixin.py:150} INFO - [2023-08-05T11:58:47.700+0200] {dag.py:3504} INFO - Setting next_dagrun for latest_only to 2023-08-05T05:58:47.699900+00:00, run_after=2023-08-05T09:58:47.699900+00:00
[2023-08-05T11:58:47.724+0200] {processor.py:179} INFO - Processing /Users/felipe.vasconcelos/repos/courses/python-learnings/.venv/lib/python3.10/site-packages/airflow/example_dags/example_latest_only.py took 1.312 seconds
[2023-08-05T12:02:32.899+0200] {processor.py:157} INFO - Started process (PID=84817) to work on /Users/felipe.vasconcelos/repos/courses/python-learnings/.venv/lib/python3.10/site-packages/airflow/example_dags/example_latest_only.py
[2023-08-05T12:02:32.906+0200] {processor.py:826} INFO - Processing file /Users/felipe.vasconcelos/repos/courses/python-learnings/.venv/lib/python3.10/site-packages/airflow/example_dags/example_latest_only.py for tasks to queue
[2023-08-05T12:02:32.907+0200] {logging_mixin.py:150} INFO - [2023-08-05T12:02:32.907+0200] {dagbag.py:541} INFO - Filling up the DagBag from /Users/felipe.vasconcelos/repos/courses/python-learnings/.venv/lib/python3.10/site-packages/airflow/example_dags/example_latest_only.py
[2023-08-05T12:02:32.952+0200] {processor.py:836} INFO - DAG(s) dict_keys(['latest_only']) retrieved from /Users/felipe.vasconcelos/repos/courses/python-learnings/.venv/lib/python3.10/site-packages/airflow/example_dags/example_latest_only.py
[2023-08-05T12:02:34.238+0200] {logging_mixin.py:150} INFO - [2023-08-05T12:02:34.238+0200] {dag.py:2742} INFO - Sync 1 DAGs
[2023-08-05T12:02:34.264+0200] {logging_mixin.py:150} INFO - [2023-08-05T12:02:34.264+0200] {dag.py:3504} INFO - Setting next_dagrun for latest_only to 2023-08-05T06:02:34.264364+00:00, run_after=2023-08-05T10:02:34.264364+00:00
[2023-08-05T12:02:34.293+0200] {processor.py:179} INFO - Processing /Users/felipe.vasconcelos/repos/courses/python-learnings/.venv/lib/python3.10/site-packages/airflow/example_dags/example_latest_only.py took 1.397 seconds
