[2023-08-05T10:40:24.454+0200] {processor.py:157} INFO - Started process (PID=82615) to work on /Users/felipe.vasconcelos/repos/courses/python-learnings/.venv/lib/python3.10/site-packages/airflow/example_dags/example_nested_branch_dag.py
[2023-08-05T10:40:24.460+0200] {processor.py:826} INFO - Processing file /Users/felipe.vasconcelos/repos/courses/python-learnings/.venv/lib/python3.10/site-packages/airflow/example_dags/example_nested_branch_dag.py for tasks to queue
[2023-08-05T10:40:24.460+0200] {logging_mixin.py:150} INFO - [2023-08-05T10:40:24.460+0200] {dagbag.py:541} INFO - Filling up the DagBag from /Users/felipe.vasconcelos/repos/courses/python-learnings/.venv/lib/python3.10/site-packages/airflow/example_dags/example_nested_branch_dag.py
[2023-08-05T10:40:24.532+0200] {processor.py:836} INFO - DAG(s) dict_keys(['example_nested_branch_dag']) retrieved from /Users/felipe.vasconcelos/repos/courses/python-learnings/.venv/lib/python3.10/site-packages/airflow/example_dags/example_nested_branch_dag.py
[2023-08-05T10:40:25.530+0200] {logging_mixin.py:150} INFO - [2023-08-05T10:40:25.529+0200] {manager.py:504} INFO - Created Permission View: can delete on DAG:example_nested_branch_dag
[2023-08-05T10:40:25.543+0200] {logging_mixin.py:150} INFO - [2023-08-05T10:40:25.543+0200] {manager.py:504} INFO - Created Permission View: can edit on DAG:example_nested_branch_dag
[2023-08-05T10:40:25.552+0200] {logging_mixin.py:150} INFO - [2023-08-05T10:40:25.552+0200] {manager.py:504} INFO - Created Permission View: can read on DAG:example_nested_branch_dag
[2023-08-05T10:40:25.567+0200] {logging_mixin.py:150} INFO - [2023-08-05T10:40:25.567+0200] {dag.py:2742} INFO - Sync 1 DAGs
[2023-08-05T10:40:25.578+0200] {logging_mixin.py:150} INFO - [2023-08-05T10:40:25.578+0200] {dag.py:2763} INFO - Creating ORM DAG for example_nested_branch_dag
[2023-08-05T10:40:25.591+0200] {logging_mixin.py:150} INFO - [2023-08-05T10:40:25.590+0200] {dag.py:3504} INFO - Setting next_dagrun for example_nested_branch_dag to 2023-08-04T00:00:00+00:00, run_after=2023-08-05T00:00:00+00:00
[2023-08-05T10:40:25.616+0200] {processor.py:179} INFO - Processing /Users/felipe.vasconcelos/repos/courses/python-learnings/.venv/lib/python3.10/site-packages/airflow/example_dags/example_nested_branch_dag.py took 1.163 seconds
[2023-08-05T10:43:58.391+0200] {processor.py:157} INFO - Started process (PID=82692) to work on /Users/felipe.vasconcelos/repos/courses/python-learnings/.venv/lib/python3.10/site-packages/airflow/example_dags/example_nested_branch_dag.py
[2023-08-05T10:43:58.398+0200] {processor.py:826} INFO - Processing file /Users/felipe.vasconcelos/repos/courses/python-learnings/.venv/lib/python3.10/site-packages/airflow/example_dags/example_nested_branch_dag.py for tasks to queue
[2023-08-05T10:43:58.399+0200] {logging_mixin.py:150} INFO - [2023-08-05T10:43:58.399+0200] {dagbag.py:541} INFO - Filling up the DagBag from /Users/felipe.vasconcelos/repos/courses/python-learnings/.venv/lib/python3.10/site-packages/airflow/example_dags/example_nested_branch_dag.py
[2023-08-05T10:43:58.494+0200] {processor.py:836} INFO - DAG(s) dict_keys(['example_nested_branch_dag']) retrieved from /Users/felipe.vasconcelos/repos/courses/python-learnings/.venv/lib/python3.10/site-packages/airflow/example_dags/example_nested_branch_dag.py
[2023-08-05T10:44:00.911+0200] {logging_mixin.py:150} INFO - [2023-08-05T10:44:00.911+0200] {dag.py:2742} INFO - Sync 1 DAGs
[2023-08-05T10:44:00.945+0200] {logging_mixin.py:150} INFO - [2023-08-05T10:44:00.945+0200] {dag.py:3504} INFO - Setting next_dagrun for example_nested_branch_dag to 2023-08-04T00:00:00+00:00, run_after=2023-08-05T00:00:00+00:00
[2023-08-05T10:44:00.979+0200] {processor.py:179} INFO - Processing /Users/felipe.vasconcelos/repos/courses/python-learnings/.venv/lib/python3.10/site-packages/airflow/example_dags/example_nested_branch_dag.py took 2.590 seconds
[2023-08-05T10:47:15.648+0200] {processor.py:157} INFO - Started process (PID=82839) to work on /Users/felipe.vasconcelos/repos/courses/python-learnings/.venv/lib/python3.10/site-packages/airflow/example_dags/example_nested_branch_dag.py
[2023-08-05T10:47:15.654+0200] {processor.py:826} INFO - Processing file /Users/felipe.vasconcelos/repos/courses/python-learnings/.venv/lib/python3.10/site-packages/airflow/example_dags/example_nested_branch_dag.py for tasks to queue
[2023-08-05T10:47:15.655+0200] {logging_mixin.py:150} INFO - [2023-08-05T10:47:15.655+0200] {dagbag.py:541} INFO - Filling up the DagBag from /Users/felipe.vasconcelos/repos/courses/python-learnings/.venv/lib/python3.10/site-packages/airflow/example_dags/example_nested_branch_dag.py
[2023-08-05T10:47:15.714+0200] {processor.py:836} INFO - DAG(s) dict_keys(['example_nested_branch_dag']) retrieved from /Users/felipe.vasconcelos/repos/courses/python-learnings/.venv/lib/python3.10/site-packages/airflow/example_dags/example_nested_branch_dag.py
[2023-08-05T10:47:16.414+0200] {logging_mixin.py:150} INFO - [2023-08-05T10:47:16.414+0200] {dag.py:2742} INFO - Sync 1 DAGs
[2023-08-05T10:47:16.434+0200] {logging_mixin.py:150} INFO - [2023-08-05T10:47:16.434+0200] {dag.py:3504} INFO - Setting next_dagrun for example_nested_branch_dag to 2023-08-04T00:00:00+00:00, run_after=2023-08-05T00:00:00+00:00
[2023-08-05T10:47:16.454+0200] {processor.py:179} INFO - Processing /Users/felipe.vasconcelos/repos/courses/python-learnings/.venv/lib/python3.10/site-packages/airflow/example_dags/example_nested_branch_dag.py took 0.807 seconds
[2023-08-05T10:49:32.545+0200] {processor.py:157} INFO - Started process (PID=82900) to work on /Users/felipe.vasconcelos/repos/courses/python-learnings/.venv/lib/python3.10/site-packages/airflow/example_dags/example_nested_branch_dag.py
[2023-08-05T10:49:32.551+0200] {processor.py:826} INFO - Processing file /Users/felipe.vasconcelos/repos/courses/python-learnings/.venv/lib/python3.10/site-packages/airflow/example_dags/example_nested_branch_dag.py for tasks to queue
[2023-08-05T10:49:32.552+0200] {logging_mixin.py:150} INFO - [2023-08-05T10:49:32.552+0200] {dagbag.py:541} INFO - Filling up the DagBag from /Users/felipe.vasconcelos/repos/courses/python-learnings/.venv/lib/python3.10/site-packages/airflow/example_dags/example_nested_branch_dag.py
[2023-08-05T10:49:32.610+0200] {processor.py:836} INFO - DAG(s) dict_keys(['example_nested_branch_dag']) retrieved from /Users/felipe.vasconcelos/repos/courses/python-learnings/.venv/lib/python3.10/site-packages/airflow/example_dags/example_nested_branch_dag.py
[2023-08-05T10:49:33.304+0200] {logging_mixin.py:150} INFO - [2023-08-05T10:49:33.304+0200] {dag.py:2742} INFO - Sync 1 DAGs
[2023-08-05T10:49:33.323+0200] {logging_mixin.py:150} INFO - [2023-08-05T10:49:33.323+0200] {dag.py:3504} INFO - Setting next_dagrun for example_nested_branch_dag to 2023-08-04T00:00:00+00:00, run_after=2023-08-05T00:00:00+00:00
[2023-08-05T10:49:33.343+0200] {processor.py:179} INFO - Processing /Users/felipe.vasconcelos/repos/courses/python-learnings/.venv/lib/python3.10/site-packages/airflow/example_dags/example_nested_branch_dag.py took 0.798 seconds
[2023-08-05T10:53:58.995+0200] {processor.py:157} INFO - Started process (PID=83020) to work on /Users/felipe.vasconcelos/repos/courses/python-learnings/.venv/lib/python3.10/site-packages/airflow/example_dags/example_nested_branch_dag.py
[2023-08-05T10:53:59.001+0200] {processor.py:826} INFO - Processing file /Users/felipe.vasconcelos/repos/courses/python-learnings/.venv/lib/python3.10/site-packages/airflow/example_dags/example_nested_branch_dag.py for tasks to queue
[2023-08-05T10:53:59.002+0200] {logging_mixin.py:150} INFO - [2023-08-05T10:53:59.002+0200] {dagbag.py:541} INFO - Filling up the DagBag from /Users/felipe.vasconcelos/repos/courses/python-learnings/.venv/lib/python3.10/site-packages/airflow/example_dags/example_nested_branch_dag.py
[2023-08-05T10:53:59.063+0200] {processor.py:836} INFO - DAG(s) dict_keys(['example_nested_branch_dag']) retrieved from /Users/felipe.vasconcelos/repos/courses/python-learnings/.venv/lib/python3.10/site-packages/airflow/example_dags/example_nested_branch_dag.py
[2023-08-05T10:53:59.752+0200] {logging_mixin.py:150} INFO - [2023-08-05T10:53:59.751+0200] {dag.py:2742} INFO - Sync 1 DAGs
[2023-08-05T10:53:59.771+0200] {logging_mixin.py:150} INFO - [2023-08-05T10:53:59.771+0200] {dag.py:3504} INFO - Setting next_dagrun for example_nested_branch_dag to 2023-08-04T00:00:00+00:00, run_after=2023-08-05T00:00:00+00:00
[2023-08-05T10:53:59.792+0200] {processor.py:179} INFO - Processing /Users/felipe.vasconcelos/repos/courses/python-learnings/.venv/lib/python3.10/site-packages/airflow/example_dags/example_nested_branch_dag.py took 0.798 seconds
[2023-08-05T10:56:17.184+0200] {processor.py:157} INFO - Started process (PID=83084) to work on /Users/felipe.vasconcelos/repos/courses/python-learnings/.venv/lib/python3.10/site-packages/airflow/example_dags/example_nested_branch_dag.py
[2023-08-05T10:56:17.190+0200] {processor.py:826} INFO - Processing file /Users/felipe.vasconcelos/repos/courses/python-learnings/.venv/lib/python3.10/site-packages/airflow/example_dags/example_nested_branch_dag.py for tasks to queue
[2023-08-05T10:56:17.191+0200] {logging_mixin.py:150} INFO - [2023-08-05T10:56:17.191+0200] {dagbag.py:541} INFO - Filling up the DagBag from /Users/felipe.vasconcelos/repos/courses/python-learnings/.venv/lib/python3.10/site-packages/airflow/example_dags/example_nested_branch_dag.py
[2023-08-05T10:56:17.255+0200] {processor.py:836} INFO - DAG(s) dict_keys(['example_nested_branch_dag']) retrieved from /Users/felipe.vasconcelos/repos/courses/python-learnings/.venv/lib/python3.10/site-packages/airflow/example_dags/example_nested_branch_dag.py
[2023-08-05T10:56:18.232+0200] {logging_mixin.py:150} INFO - [2023-08-05T10:56:18.231+0200] {dag.py:2742} INFO - Sync 1 DAGs
[2023-08-05T10:56:18.253+0200] {logging_mixin.py:150} INFO - [2023-08-05T10:56:18.253+0200] {dag.py:3504} INFO - Setting next_dagrun for example_nested_branch_dag to 2023-08-04T00:00:00+00:00, run_after=2023-08-05T00:00:00+00:00
[2023-08-05T10:56:18.274+0200] {processor.py:179} INFO - Processing /Users/felipe.vasconcelos/repos/courses/python-learnings/.venv/lib/python3.10/site-packages/airflow/example_dags/example_nested_branch_dag.py took 1.091 seconds
[2023-08-05T11:12:47.555+0200] {processor.py:157} INFO - Started process (PID=83279) to work on /Users/felipe.vasconcelos/repos/courses/python-learnings/.venv/lib/python3.10/site-packages/airflow/example_dags/example_nested_branch_dag.py
[2023-08-05T11:12:47.561+0200] {processor.py:826} INFO - Processing file /Users/felipe.vasconcelos/repos/courses/python-learnings/.venv/lib/python3.10/site-packages/airflow/example_dags/example_nested_branch_dag.py for tasks to queue
[2023-08-05T11:12:47.562+0200] {logging_mixin.py:150} INFO - [2023-08-05T11:12:47.562+0200] {dagbag.py:541} INFO - Filling up the DagBag from /Users/felipe.vasconcelos/repos/courses/python-learnings/.venv/lib/python3.10/site-packages/airflow/example_dags/example_nested_branch_dag.py
[2023-08-05T11:12:47.654+0200] {processor.py:836} INFO - DAG(s) dict_keys(['example_nested_branch_dag']) retrieved from /Users/felipe.vasconcelos/repos/courses/python-learnings/.venv/lib/python3.10/site-packages/airflow/example_dags/example_nested_branch_dag.py
[2023-08-05T11:12:48.530+0200] {logging_mixin.py:150} INFO - [2023-08-05T11:12:48.530+0200] {dag.py:2742} INFO - Sync 1 DAGs
[2023-08-05T11:12:48.549+0200] {logging_mixin.py:150} INFO - [2023-08-05T11:12:48.548+0200] {dag.py:3504} INFO - Setting next_dagrun for example_nested_branch_dag to 2023-08-04T00:00:00+00:00, run_after=2023-08-05T00:00:00+00:00
[2023-08-05T11:12:48.568+0200] {processor.py:179} INFO - Processing /Users/felipe.vasconcelos/repos/courses/python-learnings/.venv/lib/python3.10/site-packages/airflow/example_dags/example_nested_branch_dag.py took 1.014 seconds
[2023-08-05T11:15:03.242+0200] {processor.py:157} INFO - Started process (PID=83345) to work on /Users/felipe.vasconcelos/repos/courses/python-learnings/.venv/lib/python3.10/site-packages/airflow/example_dags/example_nested_branch_dag.py
[2023-08-05T11:15:03.248+0200] {processor.py:826} INFO - Processing file /Users/felipe.vasconcelos/repos/courses/python-learnings/.venv/lib/python3.10/site-packages/airflow/example_dags/example_nested_branch_dag.py for tasks to queue
[2023-08-05T11:15:03.249+0200] {logging_mixin.py:150} INFO - [2023-08-05T11:15:03.248+0200] {dagbag.py:541} INFO - Filling up the DagBag from /Users/felipe.vasconcelos/repos/courses/python-learnings/.venv/lib/python3.10/site-packages/airflow/example_dags/example_nested_branch_dag.py
[2023-08-05T11:15:03.308+0200] {processor.py:836} INFO - DAG(s) dict_keys(['example_nested_branch_dag']) retrieved from /Users/felipe.vasconcelos/repos/courses/python-learnings/.venv/lib/python3.10/site-packages/airflow/example_dags/example_nested_branch_dag.py
[2023-08-05T11:15:04.014+0200] {logging_mixin.py:150} INFO - [2023-08-05T11:15:04.013+0200] {dag.py:2742} INFO - Sync 1 DAGs
[2023-08-05T11:15:04.035+0200] {logging_mixin.py:150} INFO - [2023-08-05T11:15:04.034+0200] {dag.py:3504} INFO - Setting next_dagrun for example_nested_branch_dag to 2023-08-04T00:00:00+00:00, run_after=2023-08-05T00:00:00+00:00
[2023-08-05T11:15:04.055+0200] {processor.py:179} INFO - Processing /Users/felipe.vasconcelos/repos/courses/python-learnings/.venv/lib/python3.10/site-packages/airflow/example_dags/example_nested_branch_dag.py took 0.814 seconds
[2023-08-05T11:19:16.858+0200] {processor.py:157} INFO - Started process (PID=83466) to work on /Users/felipe.vasconcelos/repos/courses/python-learnings/.venv/lib/python3.10/site-packages/airflow/example_dags/example_nested_branch_dag.py
[2023-08-05T11:19:16.864+0200] {processor.py:826} INFO - Processing file /Users/felipe.vasconcelos/repos/courses/python-learnings/.venv/lib/python3.10/site-packages/airflow/example_dags/example_nested_branch_dag.py for tasks to queue
[2023-08-05T11:19:16.865+0200] {logging_mixin.py:150} INFO - [2023-08-05T11:19:16.865+0200] {dagbag.py:541} INFO - Filling up the DagBag from /Users/felipe.vasconcelos/repos/courses/python-learnings/.venv/lib/python3.10/site-packages/airflow/example_dags/example_nested_branch_dag.py
[2023-08-05T11:19:16.927+0200] {processor.py:836} INFO - DAG(s) dict_keys(['example_nested_branch_dag']) retrieved from /Users/felipe.vasconcelos/repos/courses/python-learnings/.venv/lib/python3.10/site-packages/airflow/example_dags/example_nested_branch_dag.py
[2023-08-05T11:19:17.634+0200] {logging_mixin.py:150} INFO - [2023-08-05T11:19:17.634+0200] {dag.py:2742} INFO - Sync 1 DAGs
[2023-08-05T11:19:17.654+0200] {logging_mixin.py:150} INFO - [2023-08-05T11:19:17.654+0200] {dag.py:3504} INFO - Setting next_dagrun for example_nested_branch_dag to 2023-08-04T00:00:00+00:00, run_after=2023-08-05T00:00:00+00:00
[2023-08-05T11:19:17.672+0200] {processor.py:179} INFO - Processing /Users/felipe.vasconcelos/repos/courses/python-learnings/.venv/lib/python3.10/site-packages/airflow/example_dags/example_nested_branch_dag.py took 0.815 seconds
[2023-08-05T11:23:57.342+0200] {processor.py:157} INFO - Started process (PID=83593) to work on /Users/felipe.vasconcelos/repos/courses/python-learnings/.venv/lib/python3.10/site-packages/airflow/example_dags/example_nested_branch_dag.py
[2023-08-05T11:23:57.348+0200] {processor.py:826} INFO - Processing file /Users/felipe.vasconcelos/repos/courses/python-learnings/.venv/lib/python3.10/site-packages/airflow/example_dags/example_nested_branch_dag.py for tasks to queue
[2023-08-05T11:23:57.349+0200] {logging_mixin.py:150} INFO - [2023-08-05T11:23:57.349+0200] {dagbag.py:541} INFO - Filling up the DagBag from /Users/felipe.vasconcelos/repos/courses/python-learnings/.venv/lib/python3.10/site-packages/airflow/example_dags/example_nested_branch_dag.py
[2023-08-05T11:23:57.410+0200] {processor.py:836} INFO - DAG(s) dict_keys(['example_nested_branch_dag']) retrieved from /Users/felipe.vasconcelos/repos/courses/python-learnings/.venv/lib/python3.10/site-packages/airflow/example_dags/example_nested_branch_dag.py
[2023-08-05T11:23:58.107+0200] {logging_mixin.py:150} INFO - [2023-08-05T11:23:58.106+0200] {dag.py:2742} INFO - Sync 1 DAGs
[2023-08-05T11:23:58.126+0200] {logging_mixin.py:150} INFO - [2023-08-05T11:23:58.126+0200] {dag.py:3504} INFO - Setting next_dagrun for example_nested_branch_dag to 2023-08-04T00:00:00+00:00, run_after=2023-08-05T00:00:00+00:00
[2023-08-05T11:23:58.148+0200] {processor.py:179} INFO - Processing /Users/felipe.vasconcelos/repos/courses/python-learnings/.venv/lib/python3.10/site-packages/airflow/example_dags/example_nested_branch_dag.py took 0.806 seconds
[2023-08-05T11:26:06.486+0200] {processor.py:157} INFO - Started process (PID=83647) to work on /Users/felipe.vasconcelos/repos/courses/python-learnings/.venv/lib/python3.10/site-packages/airflow/example_dags/example_nested_branch_dag.py
[2023-08-05T11:26:06.493+0200] {processor.py:826} INFO - Processing file /Users/felipe.vasconcelos/repos/courses/python-learnings/.venv/lib/python3.10/site-packages/airflow/example_dags/example_nested_branch_dag.py for tasks to queue
[2023-08-05T11:26:06.494+0200] {logging_mixin.py:150} INFO - [2023-08-05T11:26:06.493+0200] {dagbag.py:541} INFO - Filling up the DagBag from /Users/felipe.vasconcelos/repos/courses/python-learnings/.venv/lib/python3.10/site-packages/airflow/example_dags/example_nested_branch_dag.py
[2023-08-05T11:26:06.556+0200] {processor.py:836} INFO - DAG(s) dict_keys(['example_nested_branch_dag']) retrieved from /Users/felipe.vasconcelos/repos/courses/python-learnings/.venv/lib/python3.10/site-packages/airflow/example_dags/example_nested_branch_dag.py
[2023-08-05T11:26:07.267+0200] {logging_mixin.py:150} INFO - [2023-08-05T11:26:07.267+0200] {dag.py:2742} INFO - Sync 1 DAGs
[2023-08-05T11:26:07.287+0200] {logging_mixin.py:150} INFO - [2023-08-05T11:26:07.287+0200] {dag.py:3504} INFO - Setting next_dagrun for example_nested_branch_dag to 2023-08-04T00:00:00+00:00, run_after=2023-08-05T00:00:00+00:00
[2023-08-05T11:26:07.306+0200] {processor.py:179} INFO - Processing /Users/felipe.vasconcelos/repos/courses/python-learnings/.venv/lib/python3.10/site-packages/airflow/example_dags/example_nested_branch_dag.py took 0.821 seconds
[2023-08-05T11:28:22.435+0200] {processor.py:157} INFO - Started process (PID=83706) to work on /Users/felipe.vasconcelos/repos/courses/python-learnings/.venv/lib/python3.10/site-packages/airflow/example_dags/example_nested_branch_dag.py
[2023-08-05T11:28:22.441+0200] {processor.py:826} INFO - Processing file /Users/felipe.vasconcelos/repos/courses/python-learnings/.venv/lib/python3.10/site-packages/airflow/example_dags/example_nested_branch_dag.py for tasks to queue
[2023-08-05T11:28:22.442+0200] {logging_mixin.py:150} INFO - [2023-08-05T11:28:22.442+0200] {dagbag.py:541} INFO - Filling up the DagBag from /Users/felipe.vasconcelos/repos/courses/python-learnings/.venv/lib/python3.10/site-packages/airflow/example_dags/example_nested_branch_dag.py
[2023-08-05T11:28:22.501+0200] {processor.py:836} INFO - DAG(s) dict_keys(['example_nested_branch_dag']) retrieved from /Users/felipe.vasconcelos/repos/courses/python-learnings/.venv/lib/python3.10/site-packages/airflow/example_dags/example_nested_branch_dag.py
[2023-08-05T11:28:23.225+0200] {logging_mixin.py:150} INFO - [2023-08-05T11:28:23.225+0200] {dag.py:2742} INFO - Sync 1 DAGs
[2023-08-05T11:28:23.246+0200] {logging_mixin.py:150} INFO - [2023-08-05T11:28:23.246+0200] {dag.py:3504} INFO - Setting next_dagrun for example_nested_branch_dag to 2023-08-04T00:00:00+00:00, run_after=2023-08-05T00:00:00+00:00
[2023-08-05T11:28:23.266+0200] {processor.py:179} INFO - Processing /Users/felipe.vasconcelos/repos/courses/python-learnings/.venv/lib/python3.10/site-packages/airflow/example_dags/example_nested_branch_dag.py took 0.832 seconds
[2023-08-05T11:30:33.278+0200] {processor.py:157} INFO - Started process (PID=83767) to work on /Users/felipe.vasconcelos/repos/courses/python-learnings/.venv/lib/python3.10/site-packages/airflow/example_dags/example_nested_branch_dag.py
[2023-08-05T11:30:33.288+0200] {processor.py:826} INFO - Processing file /Users/felipe.vasconcelos/repos/courses/python-learnings/.venv/lib/python3.10/site-packages/airflow/example_dags/example_nested_branch_dag.py for tasks to queue
[2023-08-05T11:30:33.289+0200] {logging_mixin.py:150} INFO - [2023-08-05T11:30:33.288+0200] {dagbag.py:541} INFO - Filling up the DagBag from /Users/felipe.vasconcelos/repos/courses/python-learnings/.venv/lib/python3.10/site-packages/airflow/example_dags/example_nested_branch_dag.py
[2023-08-05T11:30:33.389+0200] {processor.py:836} INFO - DAG(s) dict_keys(['example_nested_branch_dag']) retrieved from /Users/felipe.vasconcelos/repos/courses/python-learnings/.venv/lib/python3.10/site-packages/airflow/example_dags/example_nested_branch_dag.py
[2023-08-05T11:30:34.483+0200] {logging_mixin.py:150} INFO - [2023-08-05T11:30:34.482+0200] {dag.py:2742} INFO - Sync 1 DAGs
[2023-08-05T11:30:34.532+0200] {logging_mixin.py:150} INFO - [2023-08-05T11:30:34.531+0200] {dag.py:3504} INFO - Setting next_dagrun for example_nested_branch_dag to 2023-08-04T00:00:00+00:00, run_after=2023-08-05T00:00:00+00:00
[2023-08-05T11:30:34.572+0200] {processor.py:179} INFO - Processing /Users/felipe.vasconcelos/repos/courses/python-learnings/.venv/lib/python3.10/site-packages/airflow/example_dags/example_nested_branch_dag.py took 1.295 seconds
[2023-08-05T11:33:47.802+0200] {processor.py:157} INFO - Started process (PID=83879) to work on /Users/felipe.vasconcelos/repos/courses/python-learnings/.venv/lib/python3.10/site-packages/airflow/example_dags/example_nested_branch_dag.py
[2023-08-05T11:33:47.808+0200] {processor.py:826} INFO - Processing file /Users/felipe.vasconcelos/repos/courses/python-learnings/.venv/lib/python3.10/site-packages/airflow/example_dags/example_nested_branch_dag.py for tasks to queue
[2023-08-05T11:33:47.809+0200] {logging_mixin.py:150} INFO - [2023-08-05T11:33:47.809+0200] {dagbag.py:541} INFO - Filling up the DagBag from /Users/felipe.vasconcelos/repos/courses/python-learnings/.venv/lib/python3.10/site-packages/airflow/example_dags/example_nested_branch_dag.py
[2023-08-05T11:33:47.870+0200] {processor.py:836} INFO - DAG(s) dict_keys(['example_nested_branch_dag']) retrieved from /Users/felipe.vasconcelos/repos/courses/python-learnings/.venv/lib/python3.10/site-packages/airflow/example_dags/example_nested_branch_dag.py
[2023-08-05T11:33:48.596+0200] {logging_mixin.py:150} INFO - [2023-08-05T11:33:48.596+0200] {dag.py:2742} INFO - Sync 1 DAGs
[2023-08-05T11:33:48.616+0200] {logging_mixin.py:150} INFO - [2023-08-05T11:33:48.616+0200] {dag.py:3504} INFO - Setting next_dagrun for example_nested_branch_dag to 2023-08-04T00:00:00+00:00, run_after=2023-08-05T00:00:00+00:00
[2023-08-05T11:33:48.637+0200] {processor.py:179} INFO - Processing /Users/felipe.vasconcelos/repos/courses/python-learnings/.venv/lib/python3.10/site-packages/airflow/example_dags/example_nested_branch_dag.py took 0.837 seconds
[2023-08-05T11:36:10.137+0200] {processor.py:157} INFO - Started process (PID=83959) to work on /Users/felipe.vasconcelos/repos/courses/python-learnings/.venv/lib/python3.10/site-packages/airflow/example_dags/example_nested_branch_dag.py
[2023-08-05T11:36:10.143+0200] {processor.py:826} INFO - Processing file /Users/felipe.vasconcelos/repos/courses/python-learnings/.venv/lib/python3.10/site-packages/airflow/example_dags/example_nested_branch_dag.py for tasks to queue
[2023-08-05T11:36:10.144+0200] {logging_mixin.py:150} INFO - [2023-08-05T11:36:10.144+0200] {dagbag.py:541} INFO - Filling up the DagBag from /Users/felipe.vasconcelos/repos/courses/python-learnings/.venv/lib/python3.10/site-packages/airflow/example_dags/example_nested_branch_dag.py
[2023-08-05T11:36:10.210+0200] {processor.py:836} INFO - DAG(s) dict_keys(['example_nested_branch_dag']) retrieved from /Users/felipe.vasconcelos/repos/courses/python-learnings/.venv/lib/python3.10/site-packages/airflow/example_dags/example_nested_branch_dag.py
[2023-08-05T11:36:10.944+0200] {logging_mixin.py:150} INFO - [2023-08-05T11:36:10.943+0200] {dag.py:2742} INFO - Sync 1 DAGs
[2023-08-05T11:36:10.965+0200] {logging_mixin.py:150} INFO - [2023-08-05T11:36:10.964+0200] {dag.py:3504} INFO - Setting next_dagrun for example_nested_branch_dag to 2023-08-04T00:00:00+00:00, run_after=2023-08-05T00:00:00+00:00
[2023-08-05T11:36:10.985+0200] {processor.py:179} INFO - Processing /Users/felipe.vasconcelos/repos/courses/python-learnings/.venv/lib/python3.10/site-packages/airflow/example_dags/example_nested_branch_dag.py took 0.849 seconds
[2023-08-05T11:38:17.731+0200] {processor.py:157} INFO - Started process (PID=84017) to work on /Users/felipe.vasconcelos/repos/courses/python-learnings/.venv/lib/python3.10/site-packages/airflow/example_dags/example_nested_branch_dag.py
[2023-08-05T11:38:17.737+0200] {processor.py:826} INFO - Processing file /Users/felipe.vasconcelos/repos/courses/python-learnings/.venv/lib/python3.10/site-packages/airflow/example_dags/example_nested_branch_dag.py for tasks to queue
[2023-08-05T11:38:17.738+0200] {logging_mixin.py:150} INFO - [2023-08-05T11:38:17.738+0200] {dagbag.py:541} INFO - Filling up the DagBag from /Users/felipe.vasconcelos/repos/courses/python-learnings/.venv/lib/python3.10/site-packages/airflow/example_dags/example_nested_branch_dag.py
[2023-08-05T11:38:17.797+0200] {processor.py:836} INFO - DAG(s) dict_keys(['example_nested_branch_dag']) retrieved from /Users/felipe.vasconcelos/repos/courses/python-learnings/.venv/lib/python3.10/site-packages/airflow/example_dags/example_nested_branch_dag.py
[2023-08-05T11:38:19.372+0200] {logging_mixin.py:150} INFO - [2023-08-05T11:38:19.372+0200] {dag.py:2742} INFO - Sync 1 DAGs
[2023-08-05T11:38:19.405+0200] {logging_mixin.py:150} INFO - [2023-08-05T11:38:19.405+0200] {dag.py:3504} INFO - Setting next_dagrun for example_nested_branch_dag to 2023-08-04T00:00:00+00:00, run_after=2023-08-05T00:00:00+00:00
[2023-08-05T11:38:19.474+0200] {processor.py:179} INFO - Processing /Users/felipe.vasconcelos/repos/courses/python-learnings/.venv/lib/python3.10/site-packages/airflow/example_dags/example_nested_branch_dag.py took 1.744 seconds
[2023-08-05T11:40:39.300+0200] {processor.py:157} INFO - Started process (PID=84087) to work on /Users/felipe.vasconcelos/repos/courses/python-learnings/.venv/lib/python3.10/site-packages/airflow/example_dags/example_nested_branch_dag.py
[2023-08-05T11:40:39.306+0200] {processor.py:826} INFO - Processing file /Users/felipe.vasconcelos/repos/courses/python-learnings/.venv/lib/python3.10/site-packages/airflow/example_dags/example_nested_branch_dag.py for tasks to queue
[2023-08-05T11:40:39.307+0200] {logging_mixin.py:150} INFO - [2023-08-05T11:40:39.306+0200] {dagbag.py:541} INFO - Filling up the DagBag from /Users/felipe.vasconcelos/repos/courses/python-learnings/.venv/lib/python3.10/site-packages/airflow/example_dags/example_nested_branch_dag.py
[2023-08-05T11:40:39.384+0200] {processor.py:836} INFO - DAG(s) dict_keys(['example_nested_branch_dag']) retrieved from /Users/felipe.vasconcelos/repos/courses/python-learnings/.venv/lib/python3.10/site-packages/airflow/example_dags/example_nested_branch_dag.py
[2023-08-05T11:40:40.098+0200] {logging_mixin.py:150} INFO - [2023-08-05T11:40:40.097+0200] {dag.py:2742} INFO - Sync 1 DAGs
[2023-08-05T11:40:40.119+0200] {logging_mixin.py:150} INFO - [2023-08-05T11:40:40.119+0200] {dag.py:3504} INFO - Setting next_dagrun for example_nested_branch_dag to 2023-08-04T00:00:00+00:00, run_after=2023-08-05T00:00:00+00:00
[2023-08-05T11:40:40.144+0200] {processor.py:179} INFO - Processing /Users/felipe.vasconcelos/repos/courses/python-learnings/.venv/lib/python3.10/site-packages/airflow/example_dags/example_nested_branch_dag.py took 0.845 seconds
[2023-08-05T11:44:49.855+0200] {processor.py:157} INFO - Started process (PID=84214) to work on /Users/felipe.vasconcelos/repos/courses/python-learnings/.venv/lib/python3.10/site-packages/airflow/example_dags/example_nested_branch_dag.py
[2023-08-05T11:44:49.861+0200] {processor.py:826} INFO - Processing file /Users/felipe.vasconcelos/repos/courses/python-learnings/.venv/lib/python3.10/site-packages/airflow/example_dags/example_nested_branch_dag.py for tasks to queue
[2023-08-05T11:44:49.862+0200] {logging_mixin.py:150} INFO - [2023-08-05T11:44:49.862+0200] {dagbag.py:541} INFO - Filling up the DagBag from /Users/felipe.vasconcelos/repos/courses/python-learnings/.venv/lib/python3.10/site-packages/airflow/example_dags/example_nested_branch_dag.py
[2023-08-05T11:44:49.921+0200] {processor.py:836} INFO - DAG(s) dict_keys(['example_nested_branch_dag']) retrieved from /Users/felipe.vasconcelos/repos/courses/python-learnings/.venv/lib/python3.10/site-packages/airflow/example_dags/example_nested_branch_dag.py
[2023-08-05T11:44:50.686+0200] {logging_mixin.py:150} INFO - [2023-08-05T11:44:50.686+0200] {dag.py:2742} INFO - Sync 1 DAGs
[2023-08-05T11:44:50.704+0200] {logging_mixin.py:150} INFO - [2023-08-05T11:44:50.704+0200] {dag.py:3504} INFO - Setting next_dagrun for example_nested_branch_dag to 2023-08-04T00:00:00+00:00, run_after=2023-08-05T00:00:00+00:00
[2023-08-05T11:44:50.724+0200] {processor.py:179} INFO - Processing /Users/felipe.vasconcelos/repos/courses/python-learnings/.venv/lib/python3.10/site-packages/airflow/example_dags/example_nested_branch_dag.py took 0.870 seconds
[2023-08-05T11:50:03.272+0200] {processor.py:157} INFO - Started process (PID=84396) to work on /Users/felipe.vasconcelos/repos/courses/python-learnings/.venv/lib/python3.10/site-packages/airflow/example_dags/example_nested_branch_dag.py
[2023-08-05T11:50:03.279+0200] {processor.py:826} INFO - Processing file /Users/felipe.vasconcelos/repos/courses/python-learnings/.venv/lib/python3.10/site-packages/airflow/example_dags/example_nested_branch_dag.py for tasks to queue
[2023-08-05T11:50:03.280+0200] {logging_mixin.py:150} INFO - [2023-08-05T11:50:03.280+0200] {dagbag.py:541} INFO - Filling up the DagBag from /Users/felipe.vasconcelos/repos/courses/python-learnings/.venv/lib/python3.10/site-packages/airflow/example_dags/example_nested_branch_dag.py
[2023-08-05T11:50:03.342+0200] {processor.py:836} INFO - DAG(s) dict_keys(['example_nested_branch_dag']) retrieved from /Users/felipe.vasconcelos/repos/courses/python-learnings/.venv/lib/python3.10/site-packages/airflow/example_dags/example_nested_branch_dag.py
[2023-08-05T11:50:04.210+0200] {logging_mixin.py:150} INFO - [2023-08-05T11:50:04.210+0200] {dag.py:2742} INFO - Sync 1 DAGs
[2023-08-05T11:50:04.229+0200] {logging_mixin.py:150} INFO - [2023-08-05T11:50:04.228+0200] {dag.py:3504} INFO - Setting next_dagrun for example_nested_branch_dag to 2023-08-04T00:00:00+00:00, run_after=2023-08-05T00:00:00+00:00
[2023-08-05T11:50:04.251+0200] {processor.py:179} INFO - Processing /Users/felipe.vasconcelos/repos/courses/python-learnings/.venv/lib/python3.10/site-packages/airflow/example_dags/example_nested_branch_dag.py took 0.981 seconds
[2023-08-05T11:52:17.170+0200] {processor.py:157} INFO - Started process (PID=84458) to work on /Users/felipe.vasconcelos/repos/courses/python-learnings/.venv/lib/python3.10/site-packages/airflow/example_dags/example_nested_branch_dag.py
[2023-08-05T11:52:17.181+0200] {processor.py:826} INFO - Processing file /Users/felipe.vasconcelos/repos/courses/python-learnings/.venv/lib/python3.10/site-packages/airflow/example_dags/example_nested_branch_dag.py for tasks to queue
[2023-08-05T11:52:17.182+0200] {logging_mixin.py:150} INFO - [2023-08-05T11:52:17.181+0200] {dagbag.py:541} INFO - Filling up the DagBag from /Users/felipe.vasconcelos/repos/courses/python-learnings/.venv/lib/python3.10/site-packages/airflow/example_dags/example_nested_branch_dag.py
[2023-08-05T11:52:17.248+0200] {processor.py:836} INFO - DAG(s) dict_keys(['example_nested_branch_dag']) retrieved from /Users/felipe.vasconcelos/repos/courses/python-learnings/.venv/lib/python3.10/site-packages/airflow/example_dags/example_nested_branch_dag.py
[2023-08-05T11:52:17.934+0200] {logging_mixin.py:150} INFO - [2023-08-05T11:52:17.933+0200] {dag.py:2742} INFO - Sync 1 DAGs
[2023-08-05T11:52:17.953+0200] {logging_mixin.py:150} INFO - [2023-08-05T11:52:17.953+0200] {dag.py:3504} INFO - Setting next_dagrun for example_nested_branch_dag to 2023-08-04T00:00:00+00:00, run_after=2023-08-05T00:00:00+00:00
[2023-08-05T11:52:17.973+0200] {processor.py:179} INFO - Processing /Users/felipe.vasconcelos/repos/courses/python-learnings/.venv/lib/python3.10/site-packages/airflow/example_dags/example_nested_branch_dag.py took 0.803 seconds
[2023-08-05T11:56:29.676+0200] {processor.py:157} INFO - Started process (PID=84583) to work on /Users/felipe.vasconcelos/repos/courses/python-learnings/.venv/lib/python3.10/site-packages/airflow/example_dags/example_nested_branch_dag.py
[2023-08-05T11:56:29.682+0200] {processor.py:826} INFO - Processing file /Users/felipe.vasconcelos/repos/courses/python-learnings/.venv/lib/python3.10/site-packages/airflow/example_dags/example_nested_branch_dag.py for tasks to queue
[2023-08-05T11:56:29.683+0200] {logging_mixin.py:150} INFO - [2023-08-05T11:56:29.683+0200] {dagbag.py:541} INFO - Filling up the DagBag from /Users/felipe.vasconcelos/repos/courses/python-learnings/.venv/lib/python3.10/site-packages/airflow/example_dags/example_nested_branch_dag.py
[2023-08-05T11:56:29.744+0200] {processor.py:836} INFO - DAG(s) dict_keys(['example_nested_branch_dag']) retrieved from /Users/felipe.vasconcelos/repos/courses/python-learnings/.venv/lib/python3.10/site-packages/airflow/example_dags/example_nested_branch_dag.py
[2023-08-05T11:56:30.419+0200] {logging_mixin.py:150} INFO - [2023-08-05T11:56:30.419+0200] {dag.py:2742} INFO - Sync 1 DAGs
[2023-08-05T11:56:30.438+0200] {logging_mixin.py:150} INFO - [2023-08-05T11:56:30.437+0200] {dag.py:3504} INFO - Setting next_dagrun for example_nested_branch_dag to 2023-08-04T00:00:00+00:00, run_after=2023-08-05T00:00:00+00:00
[2023-08-05T11:56:30.456+0200] {processor.py:179} INFO - Processing /Users/felipe.vasconcelos/repos/courses/python-learnings/.venv/lib/python3.10/site-packages/airflow/example_dags/example_nested_branch_dag.py took 0.782 seconds
[2023-08-05T12:02:14.038+0200] {processor.py:157} INFO - Started process (PID=84803) to work on /Users/felipe.vasconcelos/repos/courses/python-learnings/.venv/lib/python3.10/site-packages/airflow/example_dags/example_nested_branch_dag.py
[2023-08-05T12:02:14.049+0200] {processor.py:826} INFO - Processing file /Users/felipe.vasconcelos/repos/courses/python-learnings/.venv/lib/python3.10/site-packages/airflow/example_dags/example_nested_branch_dag.py for tasks to queue
[2023-08-05T12:02:14.050+0200] {logging_mixin.py:150} INFO - [2023-08-05T12:02:14.049+0200] {dagbag.py:541} INFO - Filling up the DagBag from /Users/felipe.vasconcelos/repos/courses/python-learnings/.venv/lib/python3.10/site-packages/airflow/example_dags/example_nested_branch_dag.py
[2023-08-05T12:02:14.536+0200] {processor.py:836} INFO - DAG(s) dict_keys(['example_nested_branch_dag']) retrieved from /Users/felipe.vasconcelos/repos/courses/python-learnings/.venv/lib/python3.10/site-packages/airflow/example_dags/example_nested_branch_dag.py
[2023-08-05T12:02:17.493+0200] {logging_mixin.py:150} INFO - [2023-08-05T12:02:17.493+0200] {dag.py:2742} INFO - Sync 1 DAGs
[2023-08-05T12:02:17.603+0200] {logging_mixin.py:150} INFO - [2023-08-05T12:02:17.603+0200] {dag.py:3504} INFO - Setting next_dagrun for example_nested_branch_dag to 2023-08-04T00:00:00+00:00, run_after=2023-08-05T00:00:00+00:00
[2023-08-05T12:02:17.643+0200] {processor.py:179} INFO - Processing /Users/felipe.vasconcelos/repos/courses/python-learnings/.venv/lib/python3.10/site-packages/airflow/example_dags/example_nested_branch_dag.py took 3.607 seconds
