[2023-08-05T10:39:39.149+0200] {processor.py:157} INFO - Started process (PID=82594) to work on /Users/felipe.vasconcelos/repos/courses/python-learnings/.venv/lib/python3.10/site-packages/airflow/example_dags/example_skip_dag.py
[2023-08-05T10:39:39.157+0200] {processor.py:826} INFO - Processing file /Users/felipe.vasconcelos/repos/courses/python-learnings/.venv/lib/python3.10/site-packages/airflow/example_dags/example_skip_dag.py for tasks to queue
[2023-08-05T10:39:39.158+0200] {logging_mixin.py:150} INFO - [2023-08-05T10:39:39.158+0200] {dagbag.py:541} INFO - Filling up the DagBag from /Users/felipe.vasconcelos/repos/courses/python-learnings/.venv/lib/python3.10/site-packages/airflow/example_dags/example_skip_dag.py
[2023-08-05T10:39:39.183+0200] {processor.py:836} INFO - DAG(s) dict_keys(['example_skip_dag']) retrieved from /Users/felipe.vasconcelos/repos/courses/python-learnings/.venv/lib/python3.10/site-packages/airflow/example_dags/example_skip_dag.py
[2023-08-05T10:39:40.228+0200] {logging_mixin.py:150} INFO - [2023-08-05T10:39:40.227+0200] {manager.py:504} INFO - Created Permission View: can delete on DAG:example_skip_dag
[2023-08-05T10:39:40.239+0200] {logging_mixin.py:150} INFO - [2023-08-05T10:39:40.239+0200] {manager.py:504} INFO - Created Permission View: can read on DAG:example_skip_dag
[2023-08-05T10:39:40.247+0200] {logging_mixin.py:150} INFO - [2023-08-05T10:39:40.247+0200] {manager.py:504} INFO - Created Permission View: can edit on DAG:example_skip_dag
[2023-08-05T10:39:40.260+0200] {logging_mixin.py:150} INFO - [2023-08-05T10:39:40.260+0200] {dag.py:2742} INFO - Sync 1 DAGs
[2023-08-05T10:39:40.271+0200] {logging_mixin.py:150} INFO - [2023-08-05T10:39:40.271+0200] {dag.py:2763} INFO - Creating ORM DAG for example_skip_dag
[2023-08-05T10:39:40.282+0200] {logging_mixin.py:150} INFO - [2023-08-05T10:39:40.282+0200] {dag.py:3504} INFO - Setting next_dagrun for example_skip_dag to 2023-08-04T08:39:40.282376+00:00, run_after=2023-08-05T08:39:40.282376+00:00
[2023-08-05T10:39:40.303+0200] {processor.py:179} INFO - Processing /Users/felipe.vasconcelos/repos/courses/python-learnings/.venv/lib/python3.10/site-packages/airflow/example_dags/example_skip_dag.py took 1.155 seconds
[2023-08-05T10:42:42.206+0200] {processor.py:157} INFO - Started process (PID=82672) to work on /Users/felipe.vasconcelos/repos/courses/python-learnings/.venv/lib/python3.10/site-packages/airflow/example_dags/example_skip_dag.py
[2023-08-05T10:42:42.213+0200] {processor.py:826} INFO - Processing file /Users/felipe.vasconcelos/repos/courses/python-learnings/.venv/lib/python3.10/site-packages/airflow/example_dags/example_skip_dag.py for tasks to queue
[2023-08-05T10:42:42.215+0200] {logging_mixin.py:150} INFO - [2023-08-05T10:42:42.214+0200] {dagbag.py:541} INFO - Filling up the DagBag from /Users/felipe.vasconcelos/repos/courses/python-learnings/.venv/lib/python3.10/site-packages/airflow/example_dags/example_skip_dag.py
[2023-08-05T10:42:42.253+0200] {processor.py:836} INFO - DAG(s) dict_keys(['example_skip_dag']) retrieved from /Users/felipe.vasconcelos/repos/courses/python-learnings/.venv/lib/python3.10/site-packages/airflow/example_dags/example_skip_dag.py
[2023-08-05T10:42:43.523+0200] {logging_mixin.py:150} INFO - [2023-08-05T10:42:43.523+0200] {dag.py:2742} INFO - Sync 1 DAGs
[2023-08-05T10:42:43.553+0200] {logging_mixin.py:150} INFO - [2023-08-05T10:42:43.553+0200] {dag.py:3504} INFO - Setting next_dagrun for example_skip_dag to 2023-08-04T08:42:43.552945+00:00, run_after=2023-08-05T08:42:43.552945+00:00
[2023-08-05T10:42:43.587+0200] {processor.py:179} INFO - Processing /Users/felipe.vasconcelos/repos/courses/python-learnings/.venv/lib/python3.10/site-packages/airflow/example_dags/example_skip_dag.py took 1.382 seconds
[2023-08-05T10:46:28.102+0200] {processor.py:157} INFO - Started process (PID=82810) to work on /Users/felipe.vasconcelos/repos/courses/python-learnings/.venv/lib/python3.10/site-packages/airflow/example_dags/example_skip_dag.py
[2023-08-05T10:46:28.109+0200] {processor.py:826} INFO - Processing file /Users/felipe.vasconcelos/repos/courses/python-learnings/.venv/lib/python3.10/site-packages/airflow/example_dags/example_skip_dag.py for tasks to queue
[2023-08-05T10:46:28.110+0200] {logging_mixin.py:150} INFO - [2023-08-05T10:46:28.109+0200] {dagbag.py:541} INFO - Filling up the DagBag from /Users/felipe.vasconcelos/repos/courses/python-learnings/.venv/lib/python3.10/site-packages/airflow/example_dags/example_skip_dag.py
[2023-08-05T10:46:28.157+0200] {processor.py:836} INFO - DAG(s) dict_keys(['example_skip_dag']) retrieved from /Users/felipe.vasconcelos/repos/courses/python-learnings/.venv/lib/python3.10/site-packages/airflow/example_dags/example_skip_dag.py
[2023-08-05T10:46:29.721+0200] {logging_mixin.py:150} INFO - [2023-08-05T10:46:29.720+0200] {dag.py:2742} INFO - Sync 1 DAGs
[2023-08-05T10:46:29.746+0200] {logging_mixin.py:150} INFO - [2023-08-05T10:46:29.746+0200] {dag.py:3504} INFO - Setting next_dagrun for example_skip_dag to 2023-08-04T08:46:29.746303+00:00, run_after=2023-08-05T08:46:29.746303+00:00
[2023-08-05T10:46:29.788+0200] {processor.py:179} INFO - Processing /Users/felipe.vasconcelos/repos/courses/python-learnings/.venv/lib/python3.10/site-packages/airflow/example_dags/example_skip_dag.py took 1.688 seconds
[2023-08-05T10:48:46.060+0200] {processor.py:157} INFO - Started process (PID=82877) to work on /Users/felipe.vasconcelos/repos/courses/python-learnings/.venv/lib/python3.10/site-packages/airflow/example_dags/example_skip_dag.py
[2023-08-05T10:48:46.066+0200] {processor.py:826} INFO - Processing file /Users/felipe.vasconcelos/repos/courses/python-learnings/.venv/lib/python3.10/site-packages/airflow/example_dags/example_skip_dag.py for tasks to queue
[2023-08-05T10:48:46.067+0200] {logging_mixin.py:150} INFO - [2023-08-05T10:48:46.067+0200] {dagbag.py:541} INFO - Filling up the DagBag from /Users/felipe.vasconcelos/repos/courses/python-learnings/.venv/lib/python3.10/site-packages/airflow/example_dags/example_skip_dag.py
[2023-08-05T10:48:46.092+0200] {processor.py:836} INFO - DAG(s) dict_keys(['example_skip_dag']) retrieved from /Users/felipe.vasconcelos/repos/courses/python-learnings/.venv/lib/python3.10/site-packages/airflow/example_dags/example_skip_dag.py
[2023-08-05T10:48:47.093+0200] {logging_mixin.py:150} INFO - [2023-08-05T10:48:47.093+0200] {dag.py:2742} INFO - Sync 1 DAGs
[2023-08-05T10:48:47.109+0200] {logging_mixin.py:150} INFO - [2023-08-05T10:48:47.109+0200] {dag.py:3504} INFO - Setting next_dagrun for example_skip_dag to 2023-08-04T08:48:47.109165+00:00, run_after=2023-08-05T08:48:47.109165+00:00
[2023-08-05T10:48:47.128+0200] {processor.py:179} INFO - Processing /Users/felipe.vasconcelos/repos/courses/python-learnings/.venv/lib/python3.10/site-packages/airflow/example_dags/example_skip_dag.py took 1.069 seconds
[2023-08-05T10:51:06.842+0200] {processor.py:157} INFO - Started process (PID=82950) to work on /Users/felipe.vasconcelos/repos/courses/python-learnings/.venv/lib/python3.10/site-packages/airflow/example_dags/example_skip_dag.py
[2023-08-05T10:51:06.848+0200] {processor.py:826} INFO - Processing file /Users/felipe.vasconcelos/repos/courses/python-learnings/.venv/lib/python3.10/site-packages/airflow/example_dags/example_skip_dag.py for tasks to queue
[2023-08-05T10:51:06.849+0200] {logging_mixin.py:150} INFO - [2023-08-05T10:51:06.849+0200] {dagbag.py:541} INFO - Filling up the DagBag from /Users/felipe.vasconcelos/repos/courses/python-learnings/.venv/lib/python3.10/site-packages/airflow/example_dags/example_skip_dag.py
[2023-08-05T10:51:06.879+0200] {processor.py:836} INFO - DAG(s) dict_keys(['example_skip_dag']) retrieved from /Users/felipe.vasconcelos/repos/courses/python-learnings/.venv/lib/python3.10/site-packages/airflow/example_dags/example_skip_dag.py
[2023-08-05T10:51:07.584+0200] {logging_mixin.py:150} INFO - [2023-08-05T10:51:07.584+0200] {dag.py:2742} INFO - Sync 1 DAGs
[2023-08-05T10:51:07.601+0200] {logging_mixin.py:150} INFO - [2023-08-05T10:51:07.601+0200] {dag.py:3504} INFO - Setting next_dagrun for example_skip_dag to 2023-08-04T08:51:07.601036+00:00, run_after=2023-08-05T08:51:07.601036+00:00
[2023-08-05T10:51:07.621+0200] {processor.py:179} INFO - Processing /Users/felipe.vasconcelos/repos/courses/python-learnings/.venv/lib/python3.10/site-packages/airflow/example_dags/example_skip_dag.py took 0.780 seconds
[2023-08-05T10:53:22.441+0200] {processor.py:157} INFO - Started process (PID=83005) to work on /Users/felipe.vasconcelos/repos/courses/python-learnings/.venv/lib/python3.10/site-packages/airflow/example_dags/example_skip_dag.py
[2023-08-05T10:53:22.447+0200] {processor.py:826} INFO - Processing file /Users/felipe.vasconcelos/repos/courses/python-learnings/.venv/lib/python3.10/site-packages/airflow/example_dags/example_skip_dag.py for tasks to queue
[2023-08-05T10:53:22.448+0200] {logging_mixin.py:150} INFO - [2023-08-05T10:53:22.448+0200] {dagbag.py:541} INFO - Filling up the DagBag from /Users/felipe.vasconcelos/repos/courses/python-learnings/.venv/lib/python3.10/site-packages/airflow/example_dags/example_skip_dag.py
[2023-08-05T10:53:22.472+0200] {processor.py:836} INFO - DAG(s) dict_keys(['example_skip_dag']) retrieved from /Users/felipe.vasconcelos/repos/courses/python-learnings/.venv/lib/python3.10/site-packages/airflow/example_dags/example_skip_dag.py
[2023-08-05T10:53:23.178+0200] {logging_mixin.py:150} INFO - [2023-08-05T10:53:23.178+0200] {dag.py:2742} INFO - Sync 1 DAGs
[2023-08-05T10:53:23.194+0200] {logging_mixin.py:150} INFO - [2023-08-05T10:53:23.194+0200] {dag.py:3504} INFO - Setting next_dagrun for example_skip_dag to 2023-08-04T08:53:23.194192+00:00, run_after=2023-08-05T08:53:23.194192+00:00
[2023-08-05T10:53:23.215+0200] {processor.py:179} INFO - Processing /Users/felipe.vasconcelos/repos/courses/python-learnings/.venv/lib/python3.10/site-packages/airflow/example_dags/example_skip_dag.py took 0.775 seconds
[2023-08-05T10:55:37.724+0200] {processor.py:157} INFO - Started process (PID=83069) to work on /Users/felipe.vasconcelos/repos/courses/python-learnings/.venv/lib/python3.10/site-packages/airflow/example_dags/example_skip_dag.py
[2023-08-05T10:55:37.730+0200] {processor.py:826} INFO - Processing file /Users/felipe.vasconcelos/repos/courses/python-learnings/.venv/lib/python3.10/site-packages/airflow/example_dags/example_skip_dag.py for tasks to queue
[2023-08-05T10:55:37.730+0200] {logging_mixin.py:150} INFO - [2023-08-05T10:55:37.730+0200] {dagbag.py:541} INFO - Filling up the DagBag from /Users/felipe.vasconcelos/repos/courses/python-learnings/.venv/lib/python3.10/site-packages/airflow/example_dags/example_skip_dag.py
[2023-08-05T10:55:37.755+0200] {processor.py:836} INFO - DAG(s) dict_keys(['example_skip_dag']) retrieved from /Users/felipe.vasconcelos/repos/courses/python-learnings/.venv/lib/python3.10/site-packages/airflow/example_dags/example_skip_dag.py
[2023-08-05T10:55:38.542+0200] {logging_mixin.py:150} INFO - [2023-08-05T10:55:38.542+0200] {dag.py:2742} INFO - Sync 1 DAGs
[2023-08-05T10:55:38.558+0200] {logging_mixin.py:150} INFO - [2023-08-05T10:55:38.558+0200] {dag.py:3504} INFO - Setting next_dagrun for example_skip_dag to 2023-08-04T08:55:38.558240+00:00, run_after=2023-08-05T08:55:38.558240+00:00
[2023-08-05T10:55:38.579+0200] {processor.py:179} INFO - Processing /Users/felipe.vasconcelos/repos/courses/python-learnings/.venv/lib/python3.10/site-packages/airflow/example_dags/example_skip_dag.py took 0.857 seconds
[2023-08-05T10:57:44.325+0200] {processor.py:157} INFO - Started process (PID=83134) to work on /Users/felipe.vasconcelos/repos/courses/python-learnings/.venv/lib/python3.10/site-packages/airflow/example_dags/example_skip_dag.py
[2023-08-05T10:57:44.332+0200] {processor.py:826} INFO - Processing file /Users/felipe.vasconcelos/repos/courses/python-learnings/.venv/lib/python3.10/site-packages/airflow/example_dags/example_skip_dag.py for tasks to queue
[2023-08-05T10:57:44.333+0200] {logging_mixin.py:150} INFO - [2023-08-05T10:57:44.333+0200] {dagbag.py:541} INFO - Filling up the DagBag from /Users/felipe.vasconcelos/repos/courses/python-learnings/.venv/lib/python3.10/site-packages/airflow/example_dags/example_skip_dag.py
[2023-08-05T10:57:44.358+0200] {processor.py:836} INFO - DAG(s) dict_keys(['example_skip_dag']) retrieved from /Users/felipe.vasconcelos/repos/courses/python-learnings/.venv/lib/python3.10/site-packages/airflow/example_dags/example_skip_dag.py
[2023-08-05T10:57:45.051+0200] {logging_mixin.py:150} INFO - [2023-08-05T10:57:45.051+0200] {dag.py:2742} INFO - Sync 1 DAGs
[2023-08-05T10:57:45.067+0200] {logging_mixin.py:150} INFO - [2023-08-05T10:57:45.067+0200] {dag.py:3504} INFO - Setting next_dagrun for example_skip_dag to 2023-08-04T08:57:45.067376+00:00, run_after=2023-08-05T08:57:45.067376+00:00
[2023-08-05T10:57:45.089+0200] {processor.py:179} INFO - Processing /Users/felipe.vasconcelos/repos/courses/python-learnings/.venv/lib/python3.10/site-packages/airflow/example_dags/example_skip_dag.py took 0.765 seconds
[2023-08-05T11:12:07.985+0200] {processor.py:157} INFO - Started process (PID=83264) to work on /Users/felipe.vasconcelos/repos/courses/python-learnings/.venv/lib/python3.10/site-packages/airflow/example_dags/example_skip_dag.py
[2023-08-05T11:12:07.991+0200] {processor.py:826} INFO - Processing file /Users/felipe.vasconcelos/repos/courses/python-learnings/.venv/lib/python3.10/site-packages/airflow/example_dags/example_skip_dag.py for tasks to queue
[2023-08-05T11:12:07.992+0200] {logging_mixin.py:150} INFO - [2023-08-05T11:12:07.992+0200] {dagbag.py:541} INFO - Filling up the DagBag from /Users/felipe.vasconcelos/repos/courses/python-learnings/.venv/lib/python3.10/site-packages/airflow/example_dags/example_skip_dag.py
[2023-08-05T11:12:08.019+0200] {processor.py:836} INFO - DAG(s) dict_keys(['example_skip_dag']) retrieved from /Users/felipe.vasconcelos/repos/courses/python-learnings/.venv/lib/python3.10/site-packages/airflow/example_dags/example_skip_dag.py
[2023-08-05T11:12:08.816+0200] {logging_mixin.py:150} INFO - [2023-08-05T11:12:08.816+0200] {dag.py:2742} INFO - Sync 1 DAGs
[2023-08-05T11:12:08.835+0200] {logging_mixin.py:150} INFO - [2023-08-05T11:12:08.835+0200] {dag.py:3504} INFO - Setting next_dagrun for example_skip_dag to 2023-08-04T09:12:08.835238+00:00, run_after=2023-08-05T09:12:08.835238+00:00
[2023-08-05T11:12:08.854+0200] {processor.py:179} INFO - Processing /Users/felipe.vasconcelos/repos/courses/python-learnings/.venv/lib/python3.10/site-packages/airflow/example_dags/example_skip_dag.py took 0.871 seconds
[2023-08-05T11:14:26.195+0200] {processor.py:157} INFO - Started process (PID=83330) to work on /Users/felipe.vasconcelos/repos/courses/python-learnings/.venv/lib/python3.10/site-packages/airflow/example_dags/example_skip_dag.py
[2023-08-05T11:14:26.201+0200] {processor.py:826} INFO - Processing file /Users/felipe.vasconcelos/repos/courses/python-learnings/.venv/lib/python3.10/site-packages/airflow/example_dags/example_skip_dag.py for tasks to queue
[2023-08-05T11:14:26.202+0200] {logging_mixin.py:150} INFO - [2023-08-05T11:14:26.202+0200] {dagbag.py:541} INFO - Filling up the DagBag from /Users/felipe.vasconcelos/repos/courses/python-learnings/.venv/lib/python3.10/site-packages/airflow/example_dags/example_skip_dag.py
[2023-08-05T11:14:26.228+0200] {processor.py:836} INFO - DAG(s) dict_keys(['example_skip_dag']) retrieved from /Users/felipe.vasconcelos/repos/courses/python-learnings/.venv/lib/python3.10/site-packages/airflow/example_dags/example_skip_dag.py
[2023-08-05T11:14:26.957+0200] {logging_mixin.py:150} INFO - [2023-08-05T11:14:26.957+0200] {dag.py:2742} INFO - Sync 1 DAGs
[2023-08-05T11:14:26.977+0200] {logging_mixin.py:150} INFO - [2023-08-05T11:14:26.977+0200] {dag.py:3504} INFO - Setting next_dagrun for example_skip_dag to 2023-08-04T09:14:26.976959+00:00, run_after=2023-08-05T09:14:26.976959+00:00
[2023-08-05T11:14:27.000+0200] {processor.py:179} INFO - Processing /Users/felipe.vasconcelos/repos/courses/python-learnings/.venv/lib/python3.10/site-packages/airflow/example_dags/example_skip_dag.py took 0.806 seconds
[2023-08-05T11:16:29.809+0200] {processor.py:157} INFO - Started process (PID=83386) to work on /Users/felipe.vasconcelos/repos/courses/python-learnings/.venv/lib/python3.10/site-packages/airflow/example_dags/example_skip_dag.py
[2023-08-05T11:16:29.814+0200] {processor.py:826} INFO - Processing file /Users/felipe.vasconcelos/repos/courses/python-learnings/.venv/lib/python3.10/site-packages/airflow/example_dags/example_skip_dag.py for tasks to queue
[2023-08-05T11:16:29.815+0200] {logging_mixin.py:150} INFO - [2023-08-05T11:16:29.814+0200] {dagbag.py:541} INFO - Filling up the DagBag from /Users/felipe.vasconcelos/repos/courses/python-learnings/.venv/lib/python3.10/site-packages/airflow/example_dags/example_skip_dag.py
[2023-08-05T11:16:29.837+0200] {processor.py:836} INFO - DAG(s) dict_keys(['example_skip_dag']) retrieved from /Users/felipe.vasconcelos/repos/courses/python-learnings/.venv/lib/python3.10/site-packages/airflow/example_dags/example_skip_dag.py
[2023-08-05T11:16:30.572+0200] {logging_mixin.py:150} INFO - [2023-08-05T11:16:30.572+0200] {dag.py:2742} INFO - Sync 1 DAGs
[2023-08-05T11:16:30.591+0200] {logging_mixin.py:150} INFO - [2023-08-05T11:16:30.591+0200] {dag.py:3504} INFO - Setting next_dagrun for example_skip_dag to 2023-08-04T09:16:30.591212+00:00, run_after=2023-08-05T09:16:30.591212+00:00
[2023-08-05T11:16:30.611+0200] {processor.py:179} INFO - Processing /Users/felipe.vasconcelos/repos/courses/python-learnings/.venv/lib/python3.10/site-packages/airflow/example_dags/example_skip_dag.py took 0.803 seconds
[2023-08-05T11:18:37.931+0200] {processor.py:157} INFO - Started process (PID=83450) to work on /Users/felipe.vasconcelos/repos/courses/python-learnings/.venv/lib/python3.10/site-packages/airflow/example_dags/example_skip_dag.py
[2023-08-05T11:18:37.936+0200] {processor.py:826} INFO - Processing file /Users/felipe.vasconcelos/repos/courses/python-learnings/.venv/lib/python3.10/site-packages/airflow/example_dags/example_skip_dag.py for tasks to queue
[2023-08-05T11:18:37.937+0200] {logging_mixin.py:150} INFO - [2023-08-05T11:18:37.937+0200] {dagbag.py:541} INFO - Filling up the DagBag from /Users/felipe.vasconcelos/repos/courses/python-learnings/.venv/lib/python3.10/site-packages/airflow/example_dags/example_skip_dag.py
[2023-08-05T11:18:37.971+0200] {processor.py:836} INFO - DAG(s) dict_keys(['example_skip_dag']) retrieved from /Users/felipe.vasconcelos/repos/courses/python-learnings/.venv/lib/python3.10/site-packages/airflow/example_dags/example_skip_dag.py
[2023-08-05T11:18:38.781+0200] {logging_mixin.py:150} INFO - [2023-08-05T11:18:38.780+0200] {dag.py:2742} INFO - Sync 1 DAGs
[2023-08-05T11:18:38.797+0200] {logging_mixin.py:150} INFO - [2023-08-05T11:18:38.797+0200] {dag.py:3504} INFO - Setting next_dagrun for example_skip_dag to 2023-08-04T09:18:38.797424+00:00, run_after=2023-08-05T09:18:38.797424+00:00
[2023-08-05T11:18:38.818+0200] {processor.py:179} INFO - Processing /Users/felipe.vasconcelos/repos/courses/python-learnings/.venv/lib/python3.10/site-packages/airflow/example_dags/example_skip_dag.py took 0.889 seconds
[2023-08-05T11:20:48.903+0200] {processor.py:157} INFO - Started process (PID=83505) to work on /Users/felipe.vasconcelos/repos/courses/python-learnings/.venv/lib/python3.10/site-packages/airflow/example_dags/example_skip_dag.py
[2023-08-05T11:20:48.909+0200] {processor.py:826} INFO - Processing file /Users/felipe.vasconcelos/repos/courses/python-learnings/.venv/lib/python3.10/site-packages/airflow/example_dags/example_skip_dag.py for tasks to queue
[2023-08-05T11:20:48.910+0200] {logging_mixin.py:150} INFO - [2023-08-05T11:20:48.910+0200] {dagbag.py:541} INFO - Filling up the DagBag from /Users/felipe.vasconcelos/repos/courses/python-learnings/.venv/lib/python3.10/site-packages/airflow/example_dags/example_skip_dag.py
[2023-08-05T11:20:48.943+0200] {processor.py:836} INFO - DAG(s) dict_keys(['example_skip_dag']) retrieved from /Users/felipe.vasconcelos/repos/courses/python-learnings/.venv/lib/python3.10/site-packages/airflow/example_dags/example_skip_dag.py
[2023-08-05T11:20:49.691+0200] {logging_mixin.py:150} INFO - [2023-08-05T11:20:49.691+0200] {dag.py:2742} INFO - Sync 1 DAGs
[2023-08-05T11:20:49.707+0200] {logging_mixin.py:150} INFO - [2023-08-05T11:20:49.706+0200] {dag.py:3504} INFO - Setting next_dagrun for example_skip_dag to 2023-08-04T09:20:49.706817+00:00, run_after=2023-08-05T09:20:49.706817+00:00
[2023-08-05T11:20:49.725+0200] {processor.py:179} INFO - Processing /Users/felipe.vasconcelos/repos/courses/python-learnings/.venv/lib/python3.10/site-packages/airflow/example_dags/example_skip_dag.py took 0.824 seconds
[2023-08-05T11:23:14.620+0200] {processor.py:157} INFO - Started process (PID=83576) to work on /Users/felipe.vasconcelos/repos/courses/python-learnings/.venv/lib/python3.10/site-packages/airflow/example_dags/example_skip_dag.py
[2023-08-05T11:23:14.628+0200] {processor.py:826} INFO - Processing file /Users/felipe.vasconcelos/repos/courses/python-learnings/.venv/lib/python3.10/site-packages/airflow/example_dags/example_skip_dag.py for tasks to queue
[2023-08-05T11:23:14.629+0200] {logging_mixin.py:150} INFO - [2023-08-05T11:23:14.629+0200] {dagbag.py:541} INFO - Filling up the DagBag from /Users/felipe.vasconcelos/repos/courses/python-learnings/.venv/lib/python3.10/site-packages/airflow/example_dags/example_skip_dag.py
[2023-08-05T11:23:14.654+0200] {processor.py:836} INFO - DAG(s) dict_keys(['example_skip_dag']) retrieved from /Users/felipe.vasconcelos/repos/courses/python-learnings/.venv/lib/python3.10/site-packages/airflow/example_dags/example_skip_dag.py
[2023-08-05T11:23:16.586+0200] {logging_mixin.py:150} INFO - [2023-08-05T11:23:16.585+0200] {dag.py:2742} INFO - Sync 1 DAGs
[2023-08-05T11:23:16.655+0200] {logging_mixin.py:150} INFO - [2023-08-05T11:23:16.654+0200] {dag.py:3504} INFO - Setting next_dagrun for example_skip_dag to 2023-08-04T09:23:16.654660+00:00, run_after=2023-08-05T09:23:16.654660+00:00
[2023-08-05T11:23:16.741+0200] {processor.py:179} INFO - Processing /Users/felipe.vasconcelos/repos/courses/python-learnings/.venv/lib/python3.10/site-packages/airflow/example_dags/example_skip_dag.py took 2.121 seconds
[2023-08-05T11:25:30.906+0200] {processor.py:157} INFO - Started process (PID=83632) to work on /Users/felipe.vasconcelos/repos/courses/python-learnings/.venv/lib/python3.10/site-packages/airflow/example_dags/example_skip_dag.py
[2023-08-05T11:25:30.913+0200] {processor.py:826} INFO - Processing file /Users/felipe.vasconcelos/repos/courses/python-learnings/.venv/lib/python3.10/site-packages/airflow/example_dags/example_skip_dag.py for tasks to queue
[2023-08-05T11:25:30.914+0200] {logging_mixin.py:150} INFO - [2023-08-05T11:25:30.914+0200] {dagbag.py:541} INFO - Filling up the DagBag from /Users/felipe.vasconcelos/repos/courses/python-learnings/.venv/lib/python3.10/site-packages/airflow/example_dags/example_skip_dag.py
[2023-08-05T11:25:30.940+0200] {processor.py:836} INFO - DAG(s) dict_keys(['example_skip_dag']) retrieved from /Users/felipe.vasconcelos/repos/courses/python-learnings/.venv/lib/python3.10/site-packages/airflow/example_dags/example_skip_dag.py
[2023-08-05T11:25:31.721+0200] {logging_mixin.py:150} INFO - [2023-08-05T11:25:31.721+0200] {dag.py:2742} INFO - Sync 1 DAGs
[2023-08-05T11:25:31.738+0200] {logging_mixin.py:150} INFO - [2023-08-05T11:25:31.738+0200] {dag.py:3504} INFO - Setting next_dagrun for example_skip_dag to 2023-08-04T09:25:31.738425+00:00, run_after=2023-08-05T09:25:31.738425+00:00
[2023-08-05T11:25:31.758+0200] {processor.py:179} INFO - Processing /Users/felipe.vasconcelos/repos/courses/python-learnings/.venv/lib/python3.10/site-packages/airflow/example_dags/example_skip_dag.py took 0.853 seconds
[2023-08-05T11:27:45.631+0200] {processor.py:157} INFO - Started process (PID=83691) to work on /Users/felipe.vasconcelos/repos/courses/python-learnings/.venv/lib/python3.10/site-packages/airflow/example_dags/example_skip_dag.py
[2023-08-05T11:27:45.637+0200] {processor.py:826} INFO - Processing file /Users/felipe.vasconcelos/repos/courses/python-learnings/.venv/lib/python3.10/site-packages/airflow/example_dags/example_skip_dag.py for tasks to queue
[2023-08-05T11:27:45.638+0200] {logging_mixin.py:150} INFO - [2023-08-05T11:27:45.638+0200] {dagbag.py:541} INFO - Filling up the DagBag from /Users/felipe.vasconcelos/repos/courses/python-learnings/.venv/lib/python3.10/site-packages/airflow/example_dags/example_skip_dag.py
[2023-08-05T11:27:45.664+0200] {processor.py:836} INFO - DAG(s) dict_keys(['example_skip_dag']) retrieved from /Users/felipe.vasconcelos/repos/courses/python-learnings/.venv/lib/python3.10/site-packages/airflow/example_dags/example_skip_dag.py
[2023-08-05T11:27:46.416+0200] {logging_mixin.py:150} INFO - [2023-08-05T11:27:46.415+0200] {dag.py:2742} INFO - Sync 1 DAGs
[2023-08-05T11:27:46.434+0200] {logging_mixin.py:150} INFO - [2023-08-05T11:27:46.434+0200] {dag.py:3504} INFO - Setting next_dagrun for example_skip_dag to 2023-08-04T09:27:46.433939+00:00, run_after=2023-08-05T09:27:46.433939+00:00
[2023-08-05T11:27:46.456+0200] {processor.py:179} INFO - Processing /Users/felipe.vasconcelos/repos/courses/python-learnings/.venv/lib/python3.10/site-packages/airflow/example_dags/example_skip_dag.py took 0.826 seconds
[2023-08-05T11:29:55.358+0200] {processor.py:157} INFO - Started process (PID=83746) to work on /Users/felipe.vasconcelos/repos/courses/python-learnings/.venv/lib/python3.10/site-packages/airflow/example_dags/example_skip_dag.py
[2023-08-05T11:29:55.364+0200] {processor.py:826} INFO - Processing file /Users/felipe.vasconcelos/repos/courses/python-learnings/.venv/lib/python3.10/site-packages/airflow/example_dags/example_skip_dag.py for tasks to queue
[2023-08-05T11:29:55.365+0200] {logging_mixin.py:150} INFO - [2023-08-05T11:29:55.365+0200] {dagbag.py:541} INFO - Filling up the DagBag from /Users/felipe.vasconcelos/repos/courses/python-learnings/.venv/lib/python3.10/site-packages/airflow/example_dags/example_skip_dag.py
[2023-08-05T11:29:55.391+0200] {processor.py:836} INFO - DAG(s) dict_keys(['example_skip_dag']) retrieved from /Users/felipe.vasconcelos/repos/courses/python-learnings/.venv/lib/python3.10/site-packages/airflow/example_dags/example_skip_dag.py
[2023-08-05T11:29:56.135+0200] {logging_mixin.py:150} INFO - [2023-08-05T11:29:56.135+0200] {dag.py:2742} INFO - Sync 1 DAGs
[2023-08-05T11:29:56.155+0200] {logging_mixin.py:150} INFO - [2023-08-05T11:29:56.154+0200] {dag.py:3504} INFO - Setting next_dagrun for example_skip_dag to 2023-08-04T09:29:56.154734+00:00, run_after=2023-08-05T09:29:56.154734+00:00
[2023-08-05T11:29:56.175+0200] {processor.py:179} INFO - Processing /Users/felipe.vasconcelos/repos/courses/python-learnings/.venv/lib/python3.10/site-packages/airflow/example_dags/example_skip_dag.py took 0.818 seconds
[2023-08-05T11:33:01.101+0200] {processor.py:157} INFO - Started process (PID=83850) to work on /Users/felipe.vasconcelos/repos/courses/python-learnings/.venv/lib/python3.10/site-packages/airflow/example_dags/example_skip_dag.py
[2023-08-05T11:33:01.108+0200] {processor.py:826} INFO - Processing file /Users/felipe.vasconcelos/repos/courses/python-learnings/.venv/lib/python3.10/site-packages/airflow/example_dags/example_skip_dag.py for tasks to queue
[2023-08-05T11:33:01.109+0200] {logging_mixin.py:150} INFO - [2023-08-05T11:33:01.109+0200] {dagbag.py:541} INFO - Filling up the DagBag from /Users/felipe.vasconcelos/repos/courses/python-learnings/.venv/lib/python3.10/site-packages/airflow/example_dags/example_skip_dag.py
[2023-08-05T11:33:01.148+0200] {processor.py:836} INFO - DAG(s) dict_keys(['example_skip_dag']) retrieved from /Users/felipe.vasconcelos/repos/courses/python-learnings/.venv/lib/python3.10/site-packages/airflow/example_dags/example_skip_dag.py
[2023-08-05T11:33:02.138+0200] {logging_mixin.py:150} INFO - [2023-08-05T11:33:02.138+0200] {dag.py:2742} INFO - Sync 1 DAGs
[2023-08-05T11:33:02.162+0200] {logging_mixin.py:150} INFO - [2023-08-05T11:33:02.162+0200] {dag.py:3504} INFO - Setting next_dagrun for example_skip_dag to 2023-08-04T09:33:02.162245+00:00, run_after=2023-08-05T09:33:02.162245+00:00
[2023-08-05T11:33:02.184+0200] {processor.py:179} INFO - Processing /Users/felipe.vasconcelos/repos/courses/python-learnings/.venv/lib/python3.10/site-packages/airflow/example_dags/example_skip_dag.py took 1.084 seconds
[2023-08-05T11:35:32.322+0200] {processor.py:157} INFO - Started process (PID=83935) to work on /Users/felipe.vasconcelos/repos/courses/python-learnings/.venv/lib/python3.10/site-packages/airflow/example_dags/example_skip_dag.py
[2023-08-05T11:35:32.329+0200] {processor.py:826} INFO - Processing file /Users/felipe.vasconcelos/repos/courses/python-learnings/.venv/lib/python3.10/site-packages/airflow/example_dags/example_skip_dag.py for tasks to queue
[2023-08-05T11:35:32.330+0200] {logging_mixin.py:150} INFO - [2023-08-05T11:35:32.330+0200] {dagbag.py:541} INFO - Filling up the DagBag from /Users/felipe.vasconcelos/repos/courses/python-learnings/.venv/lib/python3.10/site-packages/airflow/example_dags/example_skip_dag.py
[2023-08-05T11:35:32.364+0200] {processor.py:836} INFO - DAG(s) dict_keys(['example_skip_dag']) retrieved from /Users/felipe.vasconcelos/repos/courses/python-learnings/.venv/lib/python3.10/site-packages/airflow/example_dags/example_skip_dag.py
[2023-08-05T11:35:33.237+0200] {logging_mixin.py:150} INFO - [2023-08-05T11:35:33.236+0200] {dag.py:2742} INFO - Sync 1 DAGs
[2023-08-05T11:35:33.253+0200] {logging_mixin.py:150} INFO - [2023-08-05T11:35:33.253+0200] {dag.py:3504} INFO - Setting next_dagrun for example_skip_dag to 2023-08-04T09:35:33.253157+00:00, run_after=2023-08-05T09:35:33.253157+00:00
[2023-08-05T11:35:33.275+0200] {processor.py:179} INFO - Processing /Users/felipe.vasconcelos/repos/courses/python-learnings/.venv/lib/python3.10/site-packages/airflow/example_dags/example_skip_dag.py took 0.954 seconds
[2023-08-05T11:37:42.401+0200] {processor.py:157} INFO - Started process (PID=84002) to work on /Users/felipe.vasconcelos/repos/courses/python-learnings/.venv/lib/python3.10/site-packages/airflow/example_dags/example_skip_dag.py
[2023-08-05T11:37:42.407+0200] {processor.py:826} INFO - Processing file /Users/felipe.vasconcelos/repos/courses/python-learnings/.venv/lib/python3.10/site-packages/airflow/example_dags/example_skip_dag.py for tasks to queue
[2023-08-05T11:37:42.408+0200] {logging_mixin.py:150} INFO - [2023-08-05T11:37:42.407+0200] {dagbag.py:541} INFO - Filling up the DagBag from /Users/felipe.vasconcelos/repos/courses/python-learnings/.venv/lib/python3.10/site-packages/airflow/example_dags/example_skip_dag.py
[2023-08-05T11:37:42.432+0200] {processor.py:836} INFO - DAG(s) dict_keys(['example_skip_dag']) retrieved from /Users/felipe.vasconcelos/repos/courses/python-learnings/.venv/lib/python3.10/site-packages/airflow/example_dags/example_skip_dag.py
[2023-08-05T11:37:43.120+0200] {logging_mixin.py:150} INFO - [2023-08-05T11:37:43.119+0200] {dag.py:2742} INFO - Sync 1 DAGs
[2023-08-05T11:37:43.137+0200] {logging_mixin.py:150} INFO - [2023-08-05T11:37:43.137+0200] {dag.py:3504} INFO - Setting next_dagrun for example_skip_dag to 2023-08-04T09:37:43.137091+00:00, run_after=2023-08-05T09:37:43.137091+00:00
[2023-08-05T11:37:43.157+0200] {processor.py:179} INFO - Processing /Users/felipe.vasconcelos/repos/courses/python-learnings/.venv/lib/python3.10/site-packages/airflow/example_dags/example_skip_dag.py took 0.757 seconds
[2023-08-05T11:39:58.715+0200] {processor.py:157} INFO - Started process (PID=84070) to work on /Users/felipe.vasconcelos/repos/courses/python-learnings/.venv/lib/python3.10/site-packages/airflow/example_dags/example_skip_dag.py
[2023-08-05T11:39:58.721+0200] {processor.py:826} INFO - Processing file /Users/felipe.vasconcelos/repos/courses/python-learnings/.venv/lib/python3.10/site-packages/airflow/example_dags/example_skip_dag.py for tasks to queue
[2023-08-05T11:39:58.721+0200] {logging_mixin.py:150} INFO - [2023-08-05T11:39:58.721+0200] {dagbag.py:541} INFO - Filling up the DagBag from /Users/felipe.vasconcelos/repos/courses/python-learnings/.venv/lib/python3.10/site-packages/airflow/example_dags/example_skip_dag.py
[2023-08-05T11:39:58.748+0200] {processor.py:836} INFO - DAG(s) dict_keys(['example_skip_dag']) retrieved from /Users/felipe.vasconcelos/repos/courses/python-learnings/.venv/lib/python3.10/site-packages/airflow/example_dags/example_skip_dag.py
[2023-08-05T11:39:59.511+0200] {logging_mixin.py:150} INFO - [2023-08-05T11:39:59.510+0200] {dag.py:2742} INFO - Sync 1 DAGs
[2023-08-05T11:39:59.527+0200] {logging_mixin.py:150} INFO - [2023-08-05T11:39:59.527+0200] {dag.py:3504} INFO - Setting next_dagrun for example_skip_dag to 2023-08-04T09:39:59.527550+00:00, run_after=2023-08-05T09:39:59.527550+00:00
[2023-08-05T11:39:59.548+0200] {processor.py:179} INFO - Processing /Users/felipe.vasconcelos/repos/courses/python-learnings/.venv/lib/python3.10/site-packages/airflow/example_dags/example_skip_dag.py took 0.834 seconds
[2023-08-05T11:42:06.236+0200] {processor.py:157} INFO - Started process (PID=84136) to work on /Users/felipe.vasconcelos/repos/courses/python-learnings/.venv/lib/python3.10/site-packages/airflow/example_dags/example_skip_dag.py
[2023-08-05T11:42:06.243+0200] {processor.py:826} INFO - Processing file /Users/felipe.vasconcelos/repos/courses/python-learnings/.venv/lib/python3.10/site-packages/airflow/example_dags/example_skip_dag.py for tasks to queue
[2023-08-05T11:42:06.262+0200] {logging_mixin.py:150} INFO - [2023-08-05T11:42:06.261+0200] {dagbag.py:541} INFO - Filling up the DagBag from /Users/felipe.vasconcelos/repos/courses/python-learnings/.venv/lib/python3.10/site-packages/airflow/example_dags/example_skip_dag.py
[2023-08-05T11:42:06.304+0200] {processor.py:836} INFO - DAG(s) dict_keys(['example_skip_dag']) retrieved from /Users/felipe.vasconcelos/repos/courses/python-learnings/.venv/lib/python3.10/site-packages/airflow/example_dags/example_skip_dag.py
[2023-08-05T11:42:07.092+0200] {logging_mixin.py:150} INFO - [2023-08-05T11:42:07.092+0200] {dag.py:2742} INFO - Sync 1 DAGs
[2023-08-05T11:42:07.116+0200] {logging_mixin.py:150} INFO - [2023-08-05T11:42:07.116+0200] {dag.py:3504} INFO - Setting next_dagrun for example_skip_dag to 2023-08-04T09:42:07.116364+00:00, run_after=2023-08-05T09:42:07.116364+00:00
[2023-08-05T11:42:07.142+0200] {processor.py:179} INFO - Processing /Users/felipe.vasconcelos/repos/courses/python-learnings/.venv/lib/python3.10/site-packages/airflow/example_dags/example_skip_dag.py took 0.907 seconds
[2023-08-05T11:44:12.314+0200] {processor.py:157} INFO - Started process (PID=84192) to work on /Users/felipe.vasconcelos/repos/courses/python-learnings/.venv/lib/python3.10/site-packages/airflow/example_dags/example_skip_dag.py
[2023-08-05T11:44:12.321+0200] {processor.py:826} INFO - Processing file /Users/felipe.vasconcelos/repos/courses/python-learnings/.venv/lib/python3.10/site-packages/airflow/example_dags/example_skip_dag.py for tasks to queue
[2023-08-05T11:44:12.322+0200] {logging_mixin.py:150} INFO - [2023-08-05T11:44:12.322+0200] {dagbag.py:541} INFO - Filling up the DagBag from /Users/felipe.vasconcelos/repos/courses/python-learnings/.venv/lib/python3.10/site-packages/airflow/example_dags/example_skip_dag.py
[2023-08-05T11:44:12.349+0200] {processor.py:836} INFO - DAG(s) dict_keys(['example_skip_dag']) retrieved from /Users/felipe.vasconcelos/repos/courses/python-learnings/.venv/lib/python3.10/site-packages/airflow/example_dags/example_skip_dag.py
[2023-08-05T11:44:13.054+0200] {logging_mixin.py:150} INFO - [2023-08-05T11:44:13.054+0200] {dag.py:2742} INFO - Sync 1 DAGs
[2023-08-05T11:44:13.070+0200] {logging_mixin.py:150} INFO - [2023-08-05T11:44:13.070+0200] {dag.py:3504} INFO - Setting next_dagrun for example_skip_dag to 2023-08-04T09:44:13.070487+00:00, run_after=2023-08-05T09:44:13.070487+00:00
[2023-08-05T11:44:13.090+0200] {processor.py:179} INFO - Processing /Users/felipe.vasconcelos/repos/courses/python-learnings/.venv/lib/python3.10/site-packages/airflow/example_dags/example_skip_dag.py took 0.777 seconds
[2023-08-05T11:46:19.612+0200] {processor.py:157} INFO - Started process (PID=84258) to work on /Users/felipe.vasconcelos/repos/courses/python-learnings/.venv/lib/python3.10/site-packages/airflow/example_dags/example_skip_dag.py
[2023-08-05T11:46:19.619+0200] {processor.py:826} INFO - Processing file /Users/felipe.vasconcelos/repos/courses/python-learnings/.venv/lib/python3.10/site-packages/airflow/example_dags/example_skip_dag.py for tasks to queue
[2023-08-05T11:46:19.620+0200] {logging_mixin.py:150} INFO - [2023-08-05T11:46:19.620+0200] {dagbag.py:541} INFO - Filling up the DagBag from /Users/felipe.vasconcelos/repos/courses/python-learnings/.venv/lib/python3.10/site-packages/airflow/example_dags/example_skip_dag.py
[2023-08-05T11:46:19.647+0200] {processor.py:836} INFO - DAG(s) dict_keys(['example_skip_dag']) retrieved from /Users/felipe.vasconcelos/repos/courses/python-learnings/.venv/lib/python3.10/site-packages/airflow/example_dags/example_skip_dag.py
[2023-08-05T11:46:20.394+0200] {logging_mixin.py:150} INFO - [2023-08-05T11:46:20.394+0200] {dag.py:2742} INFO - Sync 1 DAGs
[2023-08-05T11:46:20.411+0200] {logging_mixin.py:150} INFO - [2023-08-05T11:46:20.411+0200] {dag.py:3504} INFO - Setting next_dagrun for example_skip_dag to 2023-08-04T09:46:20.411321+00:00, run_after=2023-08-05T09:46:20.411321+00:00
[2023-08-05T11:46:20.432+0200] {processor.py:179} INFO - Processing /Users/felipe.vasconcelos/repos/courses/python-learnings/.venv/lib/python3.10/site-packages/airflow/example_dags/example_skip_dag.py took 0.821 seconds
[2023-08-05T11:49:15.368+0200] {processor.py:157} INFO - Started process (PID=84376) to work on /Users/felipe.vasconcelos/repos/courses/python-learnings/.venv/lib/python3.10/site-packages/airflow/example_dags/example_skip_dag.py
[2023-08-05T11:49:15.375+0200] {processor.py:826} INFO - Processing file /Users/felipe.vasconcelos/repos/courses/python-learnings/.venv/lib/python3.10/site-packages/airflow/example_dags/example_skip_dag.py for tasks to queue
[2023-08-05T11:49:15.376+0200] {logging_mixin.py:150} INFO - [2023-08-05T11:49:15.375+0200] {dagbag.py:541} INFO - Filling up the DagBag from /Users/felipe.vasconcelos/repos/courses/python-learnings/.venv/lib/python3.10/site-packages/airflow/example_dags/example_skip_dag.py
[2023-08-05T11:49:15.402+0200] {processor.py:836} INFO - DAG(s) dict_keys(['example_skip_dag']) retrieved from /Users/felipe.vasconcelos/repos/courses/python-learnings/.venv/lib/python3.10/site-packages/airflow/example_dags/example_skip_dag.py
[2023-08-05T11:49:16.343+0200] {logging_mixin.py:150} INFO - [2023-08-05T11:49:16.343+0200] {dag.py:2742} INFO - Sync 1 DAGs
[2023-08-05T11:49:16.385+0200] {logging_mixin.py:150} INFO - [2023-08-05T11:49:16.384+0200] {dag.py:3504} INFO - Setting next_dagrun for example_skip_dag to 2023-08-04T09:49:16.384757+00:00, run_after=2023-08-05T09:49:16.384757+00:00
[2023-08-05T11:49:16.420+0200] {processor.py:179} INFO - Processing /Users/felipe.vasconcelos/repos/courses/python-learnings/.venv/lib/python3.10/site-packages/airflow/example_dags/example_skip_dag.py took 1.053 seconds
[2023-08-05T11:51:39.482+0200] {processor.py:157} INFO - Started process (PID=84441) to work on /Users/felipe.vasconcelos/repos/courses/python-learnings/.venv/lib/python3.10/site-packages/airflow/example_dags/example_skip_dag.py
[2023-08-05T11:51:39.488+0200] {processor.py:826} INFO - Processing file /Users/felipe.vasconcelos/repos/courses/python-learnings/.venv/lib/python3.10/site-packages/airflow/example_dags/example_skip_dag.py for tasks to queue
[2023-08-05T11:51:39.489+0200] {logging_mixin.py:150} INFO - [2023-08-05T11:51:39.489+0200] {dagbag.py:541} INFO - Filling up the DagBag from /Users/felipe.vasconcelos/repos/courses/python-learnings/.venv/lib/python3.10/site-packages/airflow/example_dags/example_skip_dag.py
[2023-08-05T11:51:39.515+0200] {processor.py:836} INFO - DAG(s) dict_keys(['example_skip_dag']) retrieved from /Users/felipe.vasconcelos/repos/courses/python-learnings/.venv/lib/python3.10/site-packages/airflow/example_dags/example_skip_dag.py
[2023-08-05T11:51:40.444+0200] {logging_mixin.py:150} INFO - [2023-08-05T11:51:40.443+0200] {dag.py:2742} INFO - Sync 1 DAGs
[2023-08-05T11:51:40.461+0200] {logging_mixin.py:150} INFO - [2023-08-05T11:51:40.461+0200] {dag.py:3504} INFO - Setting next_dagrun for example_skip_dag to 2023-08-04T09:51:40.461246+00:00, run_after=2023-08-05T09:51:40.461246+00:00
[2023-08-05T11:51:40.481+0200] {processor.py:179} INFO - Processing /Users/felipe.vasconcelos/repos/courses/python-learnings/.venv/lib/python3.10/site-packages/airflow/example_dags/example_skip_dag.py took 1.000 seconds
[2023-08-05T11:53:45.961+0200] {processor.py:157} INFO - Started process (PID=84497) to work on /Users/felipe.vasconcelos/repos/courses/python-learnings/.venv/lib/python3.10/site-packages/airflow/example_dags/example_skip_dag.py
[2023-08-05T11:53:45.967+0200] {processor.py:826} INFO - Processing file /Users/felipe.vasconcelos/repos/courses/python-learnings/.venv/lib/python3.10/site-packages/airflow/example_dags/example_skip_dag.py for tasks to queue
[2023-08-05T11:53:45.968+0200] {logging_mixin.py:150} INFO - [2023-08-05T11:53:45.968+0200] {dagbag.py:541} INFO - Filling up the DagBag from /Users/felipe.vasconcelos/repos/courses/python-learnings/.venv/lib/python3.10/site-packages/airflow/example_dags/example_skip_dag.py
[2023-08-05T11:53:45.996+0200] {processor.py:836} INFO - DAG(s) dict_keys(['example_skip_dag']) retrieved from /Users/felipe.vasconcelos/repos/courses/python-learnings/.venv/lib/python3.10/site-packages/airflow/example_dags/example_skip_dag.py
[2023-08-05T11:53:46.700+0200] {logging_mixin.py:150} INFO - [2023-08-05T11:53:46.700+0200] {dag.py:2742} INFO - Sync 1 DAGs
[2023-08-05T11:53:46.717+0200] {logging_mixin.py:150} INFO - [2023-08-05T11:53:46.716+0200] {dag.py:3504} INFO - Setting next_dagrun for example_skip_dag to 2023-08-04T09:53:46.716816+00:00, run_after=2023-08-05T09:53:46.716816+00:00
[2023-08-05T11:53:46.738+0200] {processor.py:179} INFO - Processing /Users/felipe.vasconcelos/repos/courses/python-learnings/.venv/lib/python3.10/site-packages/airflow/example_dags/example_skip_dag.py took 0.778 seconds
[2023-08-05T11:55:53.591+0200] {processor.py:157} INFO - Started process (PID=84562) to work on /Users/felipe.vasconcelos/repos/courses/python-learnings/.venv/lib/python3.10/site-packages/airflow/example_dags/example_skip_dag.py
[2023-08-05T11:55:53.597+0200] {processor.py:826} INFO - Processing file /Users/felipe.vasconcelos/repos/courses/python-learnings/.venv/lib/python3.10/site-packages/airflow/example_dags/example_skip_dag.py for tasks to queue
[2023-08-05T11:55:53.598+0200] {logging_mixin.py:150} INFO - [2023-08-05T11:55:53.598+0200] {dagbag.py:541} INFO - Filling up the DagBag from /Users/felipe.vasconcelos/repos/courses/python-learnings/.venv/lib/python3.10/site-packages/airflow/example_dags/example_skip_dag.py
[2023-08-05T11:55:53.622+0200] {processor.py:836} INFO - DAG(s) dict_keys(['example_skip_dag']) retrieved from /Users/felipe.vasconcelos/repos/courses/python-learnings/.venv/lib/python3.10/site-packages/airflow/example_dags/example_skip_dag.py
[2023-08-05T11:55:54.314+0200] {logging_mixin.py:150} INFO - [2023-08-05T11:55:54.313+0200] {dag.py:2742} INFO - Sync 1 DAGs
[2023-08-05T11:55:54.330+0200] {logging_mixin.py:150} INFO - [2023-08-05T11:55:54.330+0200] {dag.py:3504} INFO - Setting next_dagrun for example_skip_dag to 2023-08-04T09:55:54.330647+00:00, run_after=2023-08-05T09:55:54.330647+00:00
[2023-08-05T11:55:54.355+0200] {processor.py:179} INFO - Processing /Users/felipe.vasconcelos/repos/courses/python-learnings/.venv/lib/python3.10/site-packages/airflow/example_dags/example_skip_dag.py took 0.765 seconds
[2023-08-05T11:57:59.484+0200] {processor.py:157} INFO - Started process (PID=84627) to work on /Users/felipe.vasconcelos/repos/courses/python-learnings/.venv/lib/python3.10/site-packages/airflow/example_dags/example_skip_dag.py
[2023-08-05T11:57:59.490+0200] {processor.py:826} INFO - Processing file /Users/felipe.vasconcelos/repos/courses/python-learnings/.venv/lib/python3.10/site-packages/airflow/example_dags/example_skip_dag.py for tasks to queue
[2023-08-05T11:57:59.491+0200] {logging_mixin.py:150} INFO - [2023-08-05T11:57:59.491+0200] {dagbag.py:541} INFO - Filling up the DagBag from /Users/felipe.vasconcelos/repos/courses/python-learnings/.venv/lib/python3.10/site-packages/airflow/example_dags/example_skip_dag.py
[2023-08-05T11:57:59.523+0200] {processor.py:836} INFO - DAG(s) dict_keys(['example_skip_dag']) retrieved from /Users/felipe.vasconcelos/repos/courses/python-learnings/.venv/lib/python3.10/site-packages/airflow/example_dags/example_skip_dag.py
[2023-08-05T11:58:00.253+0200] {logging_mixin.py:150} INFO - [2023-08-05T11:58:00.252+0200] {dag.py:2742} INFO - Sync 1 DAGs
[2023-08-05T11:58:00.270+0200] {logging_mixin.py:150} INFO - [2023-08-05T11:58:00.270+0200] {dag.py:3504} INFO - Setting next_dagrun for example_skip_dag to 2023-08-04T09:58:00.270248+00:00, run_after=2023-08-05T09:58:00.270248+00:00
[2023-08-05T11:58:00.295+0200] {processor.py:179} INFO - Processing /Users/felipe.vasconcelos/repos/courses/python-learnings/.venv/lib/python3.10/site-packages/airflow/example_dags/example_skip_dag.py took 0.812 seconds
[2023-08-05T12:01:25.711+0200] {processor.py:157} INFO - Started process (PID=84757) to work on /Users/felipe.vasconcelos/repos/courses/python-learnings/.venv/lib/python3.10/site-packages/airflow/example_dags/example_skip_dag.py
[2023-08-05T12:01:25.718+0200] {processor.py:826} INFO - Processing file /Users/felipe.vasconcelos/repos/courses/python-learnings/.venv/lib/python3.10/site-packages/airflow/example_dags/example_skip_dag.py for tasks to queue
[2023-08-05T12:01:25.719+0200] {logging_mixin.py:150} INFO - [2023-08-05T12:01:25.719+0200] {dagbag.py:541} INFO - Filling up the DagBag from /Users/felipe.vasconcelos/repos/courses/python-learnings/.venv/lib/python3.10/site-packages/airflow/example_dags/example_skip_dag.py
[2023-08-05T12:01:25.755+0200] {processor.py:836} INFO - DAG(s) dict_keys(['example_skip_dag']) retrieved from /Users/felipe.vasconcelos/repos/courses/python-learnings/.venv/lib/python3.10/site-packages/airflow/example_dags/example_skip_dag.py
[2023-08-05T12:01:27.119+0200] {logging_mixin.py:150} INFO - [2023-08-05T12:01:27.118+0200] {dag.py:2742} INFO - Sync 1 DAGs
[2023-08-05T12:01:27.150+0200] {logging_mixin.py:150} INFO - [2023-08-05T12:01:27.149+0200] {dag.py:3504} INFO - Setting next_dagrun for example_skip_dag to 2023-08-04T10:01:27.149491+00:00, run_after=2023-08-05T10:01:27.149491+00:00
[2023-08-05T12:01:27.181+0200] {processor.py:179} INFO - Processing /Users/felipe.vasconcelos/repos/courses/python-learnings/.venv/lib/python3.10/site-packages/airflow/example_dags/example_skip_dag.py took 1.473 seconds
