[2023-08-05T10:40:44.949+0200] {processor.py:157} INFO - Started process (PID=82622) to work on /Users/felipe.vasconcelos/repos/courses/python-learnings/.venv/lib/python3.10/site-packages/airflow/example_dags/example_external_task_marker_dag.py
[2023-08-05T10:40:44.954+0200] {processor.py:826} INFO - Processing file /Users/felipe.vasconcelos/repos/courses/python-learnings/.venv/lib/python3.10/site-packages/airflow/example_dags/example_external_task_marker_dag.py for tasks to queue
[2023-08-05T10:40:44.955+0200] {logging_mixin.py:150} INFO - [2023-08-05T10:40:44.955+0200] {dagbag.py:541} INFO - Filling up the DagBag from /Users/felipe.vasconcelos/repos/courses/python-learnings/.venv/lib/python3.10/site-packages/airflow/example_dags/example_external_task_marker_dag.py
[2023-08-05T10:40:44.982+0200] {processor.py:836} INFO - DAG(s) dict_keys(['example_external_task_marker_parent', 'example_external_task_marker_child']) retrieved from /Users/felipe.vasconcelos/repos/courses/python-learnings/.venv/lib/python3.10/site-packages/airflow/example_dags/example_external_task_marker_dag.py
[2023-08-05T10:40:45.832+0200] {logging_mixin.py:150} INFO - [2023-08-05T10:40:45.832+0200] {manager.py:504} INFO - Created Permission View: can read on DAG:example_external_task_marker_parent
[2023-08-05T10:40:45.843+0200] {logging_mixin.py:150} INFO - [2023-08-05T10:40:45.843+0200] {manager.py:504} INFO - Created Permission View: can edit on DAG:example_external_task_marker_parent
[2023-08-05T10:40:45.850+0200] {logging_mixin.py:150} INFO - [2023-08-05T10:40:45.850+0200] {manager.py:504} INFO - Created Permission View: can delete on DAG:example_external_task_marker_parent
[2023-08-05T10:40:45.884+0200] {logging_mixin.py:150} INFO - [2023-08-05T10:40:45.884+0200] {manager.py:504} INFO - Created Permission View: can read on DAG:example_external_task_marker_child
[2023-08-05T10:40:45.891+0200] {logging_mixin.py:150} INFO - [2023-08-05T10:40:45.891+0200] {manager.py:504} INFO - Created Permission View: can edit on DAG:example_external_task_marker_child
[2023-08-05T10:40:45.898+0200] {logging_mixin.py:150} INFO - [2023-08-05T10:40:45.898+0200] {manager.py:504} INFO - Created Permission View: can delete on DAG:example_external_task_marker_child
[2023-08-05T10:40:45.904+0200] {logging_mixin.py:150} INFO - [2023-08-05T10:40:45.904+0200] {dag.py:2742} INFO - Sync 2 DAGs
[2023-08-05T10:40:45.915+0200] {logging_mixin.py:150} INFO - [2023-08-05T10:40:45.915+0200] {dag.py:2763} INFO - Creating ORM DAG for example_external_task_marker_parent
[2023-08-05T10:40:45.918+0200] {logging_mixin.py:150} INFO - [2023-08-05T10:40:45.917+0200] {dag.py:2763} INFO - Creating ORM DAG for example_external_task_marker_child
[2023-08-05T10:40:45.930+0200] {logging_mixin.py:150} INFO - [2023-08-05T10:40:45.930+0200] {dag.py:3504} INFO - Setting next_dagrun for example_external_task_marker_child to None, run_after=None
[2023-08-05T10:40:45.932+0200] {logging_mixin.py:150} INFO - [2023-08-05T10:40:45.931+0200] {dag.py:3504} INFO - Setting next_dagrun for example_external_task_marker_parent to None, run_after=None
[2023-08-05T10:40:45.955+0200] {processor.py:179} INFO - Processing /Users/felipe.vasconcelos/repos/courses/python-learnings/.venv/lib/python3.10/site-packages/airflow/example_dags/example_external_task_marker_dag.py took 1.007 seconds
[2023-08-05T10:44:32.454+0200] {processor.py:157} INFO - Started process (PID=82728) to work on /Users/felipe.vasconcelos/repos/courses/python-learnings/.venv/lib/python3.10/site-packages/airflow/example_dags/example_external_task_marker_dag.py
[2023-08-05T10:44:32.461+0200] {processor.py:826} INFO - Processing file /Users/felipe.vasconcelos/repos/courses/python-learnings/.venv/lib/python3.10/site-packages/airflow/example_dags/example_external_task_marker_dag.py for tasks to queue
[2023-08-05T10:44:32.462+0200] {logging_mixin.py:150} INFO - [2023-08-05T10:44:32.462+0200] {dagbag.py:541} INFO - Filling up the DagBag from /Users/felipe.vasconcelos/repos/courses/python-learnings/.venv/lib/python3.10/site-packages/airflow/example_dags/example_external_task_marker_dag.py
[2023-08-05T10:44:32.503+0200] {processor.py:836} INFO - DAG(s) dict_keys(['example_external_task_marker_parent', 'example_external_task_marker_child']) retrieved from /Users/felipe.vasconcelos/repos/courses/python-learnings/.venv/lib/python3.10/site-packages/airflow/example_dags/example_external_task_marker_dag.py
[2023-08-05T10:44:33.671+0200] {logging_mixin.py:150} INFO - [2023-08-05T10:44:33.671+0200] {dag.py:2742} INFO - Sync 2 DAGs
[2023-08-05T10:44:33.697+0200] {logging_mixin.py:150} INFO - [2023-08-05T10:44:33.697+0200] {dag.py:3504} INFO - Setting next_dagrun for example_external_task_marker_child to None, run_after=None
[2023-08-05T10:44:33.702+0200] {logging_mixin.py:150} INFO - [2023-08-05T10:44:33.701+0200] {dag.py:3504} INFO - Setting next_dagrun for example_external_task_marker_parent to None, run_after=None
[2023-08-05T10:44:33.729+0200] {processor.py:179} INFO - Processing /Users/felipe.vasconcelos/repos/courses/python-learnings/.venv/lib/python3.10/site-packages/airflow/example_dags/example_external_task_marker_dag.py took 1.276 seconds
[2023-08-05T10:49:46.742+0200] {processor.py:157} INFO - Started process (PID=82906) to work on /Users/felipe.vasconcelos/repos/courses/python-learnings/.venv/lib/python3.10/site-packages/airflow/example_dags/example_external_task_marker_dag.py
[2023-08-05T10:49:46.748+0200] {processor.py:826} INFO - Processing file /Users/felipe.vasconcelos/repos/courses/python-learnings/.venv/lib/python3.10/site-packages/airflow/example_dags/example_external_task_marker_dag.py for tasks to queue
[2023-08-05T10:49:46.749+0200] {logging_mixin.py:150} INFO - [2023-08-05T10:49:46.749+0200] {dagbag.py:541} INFO - Filling up the DagBag from /Users/felipe.vasconcelos/repos/courses/python-learnings/.venv/lib/python3.10/site-packages/airflow/example_dags/example_external_task_marker_dag.py
[2023-08-05T10:49:46.776+0200] {processor.py:836} INFO - DAG(s) dict_keys(['example_external_task_marker_parent', 'example_external_task_marker_child']) retrieved from /Users/felipe.vasconcelos/repos/courses/python-learnings/.venv/lib/python3.10/site-packages/airflow/example_dags/example_external_task_marker_dag.py
[2023-08-05T10:49:47.483+0200] {logging_mixin.py:150} INFO - [2023-08-05T10:49:47.482+0200] {dag.py:2742} INFO - Sync 2 DAGs
[2023-08-05T10:49:47.499+0200] {logging_mixin.py:150} INFO - [2023-08-05T10:49:47.499+0200] {dag.py:3504} INFO - Setting next_dagrun for example_external_task_marker_child to None, run_after=None
[2023-08-05T10:49:47.502+0200] {logging_mixin.py:150} INFO - [2023-08-05T10:49:47.502+0200] {dag.py:3504} INFO - Setting next_dagrun for example_external_task_marker_parent to None, run_after=None
[2023-08-05T10:49:47.520+0200] {processor.py:179} INFO - Processing /Users/felipe.vasconcelos/repos/courses/python-learnings/.venv/lib/python3.10/site-packages/airflow/example_dags/example_external_task_marker_dag.py took 0.780 seconds
[2023-08-05T10:54:16.579+0200] {processor.py:157} INFO - Started process (PID=83029) to work on /Users/felipe.vasconcelos/repos/courses/python-learnings/.venv/lib/python3.10/site-packages/airflow/example_dags/example_external_task_marker_dag.py
[2023-08-05T10:54:16.585+0200] {processor.py:826} INFO - Processing file /Users/felipe.vasconcelos/repos/courses/python-learnings/.venv/lib/python3.10/site-packages/airflow/example_dags/example_external_task_marker_dag.py for tasks to queue
[2023-08-05T10:54:16.586+0200] {logging_mixin.py:150} INFO - [2023-08-05T10:54:16.586+0200] {dagbag.py:541} INFO - Filling up the DagBag from /Users/felipe.vasconcelos/repos/courses/python-learnings/.venv/lib/python3.10/site-packages/airflow/example_dags/example_external_task_marker_dag.py
[2023-08-05T10:54:16.616+0200] {processor.py:836} INFO - DAG(s) dict_keys(['example_external_task_marker_parent', 'example_external_task_marker_child']) retrieved from /Users/felipe.vasconcelos/repos/courses/python-learnings/.venv/lib/python3.10/site-packages/airflow/example_dags/example_external_task_marker_dag.py
[2023-08-05T10:54:17.566+0200] {logging_mixin.py:150} INFO - [2023-08-05T10:54:17.565+0200] {dag.py:2742} INFO - Sync 2 DAGs
[2023-08-05T10:54:17.583+0200] {logging_mixin.py:150} INFO - [2023-08-05T10:54:17.582+0200] {dag.py:3504} INFO - Setting next_dagrun for example_external_task_marker_child to None, run_after=None
[2023-08-05T10:54:17.585+0200] {logging_mixin.py:150} INFO - [2023-08-05T10:54:17.585+0200] {dag.py:3504} INFO - Setting next_dagrun for example_external_task_marker_parent to None, run_after=None
[2023-08-05T10:54:17.605+0200] {processor.py:179} INFO - Processing /Users/felipe.vasconcelos/repos/courses/python-learnings/.venv/lib/python3.10/site-packages/airflow/example_dags/example_external_task_marker_dag.py took 1.027 seconds
[2023-08-05T10:58:34.354+0200] {processor.py:157} INFO - Started process (PID=83155) to work on /Users/felipe.vasconcelos/repos/courses/python-learnings/.venv/lib/python3.10/site-packages/airflow/example_dags/example_external_task_marker_dag.py
[2023-08-05T10:58:34.360+0200] {processor.py:826} INFO - Processing file /Users/felipe.vasconcelos/repos/courses/python-learnings/.venv/lib/python3.10/site-packages/airflow/example_dags/example_external_task_marker_dag.py for tasks to queue
[2023-08-05T10:58:34.361+0200] {logging_mixin.py:150} INFO - [2023-08-05T10:58:34.361+0200] {dagbag.py:541} INFO - Filling up the DagBag from /Users/felipe.vasconcelos/repos/courses/python-learnings/.venv/lib/python3.10/site-packages/airflow/example_dags/example_external_task_marker_dag.py
[2023-08-05T10:58:34.387+0200] {processor.py:836} INFO - DAG(s) dict_keys(['example_external_task_marker_child', 'example_external_task_marker_parent']) retrieved from /Users/felipe.vasconcelos/repos/courses/python-learnings/.venv/lib/python3.10/site-packages/airflow/example_dags/example_external_task_marker_dag.py
[2023-08-05T10:58:35.452+0200] {logging_mixin.py:150} INFO - [2023-08-05T10:58:35.451+0200] {dag.py:2742} INFO - Sync 2 DAGs
[2023-08-05T10:58:35.635+0200] {logging_mixin.py:150} INFO - [2023-08-05T10:58:35.635+0200] {dag.py:3504} INFO - Setting next_dagrun for example_external_task_marker_child to None, run_after=None
[2023-08-05T10:58:35.639+0200] {logging_mixin.py:150} INFO - [2023-08-05T10:58:35.639+0200] {dag.py:3504} INFO - Setting next_dagrun for example_external_task_marker_parent to None, run_after=None
[2023-08-05T10:58:35.742+0200] {processor.py:179} INFO - Processing /Users/felipe.vasconcelos/repos/courses/python-learnings/.venv/lib/python3.10/site-packages/airflow/example_dags/example_external_task_marker_dag.py took 1.389 seconds
[2023-08-05T11:15:12.993+0200] {processor.py:157} INFO - Started process (PID=83349) to work on /Users/felipe.vasconcelos/repos/courses/python-learnings/.venv/lib/python3.10/site-packages/airflow/example_dags/example_external_task_marker_dag.py
[2023-08-05T11:15:13.000+0200] {processor.py:826} INFO - Processing file /Users/felipe.vasconcelos/repos/courses/python-learnings/.venv/lib/python3.10/site-packages/airflow/example_dags/example_external_task_marker_dag.py for tasks to queue
[2023-08-05T11:15:13.001+0200] {logging_mixin.py:150} INFO - [2023-08-05T11:15:13.001+0200] {dagbag.py:541} INFO - Filling up the DagBag from /Users/felipe.vasconcelos/repos/courses/python-learnings/.venv/lib/python3.10/site-packages/airflow/example_dags/example_external_task_marker_dag.py
[2023-08-05T11:15:13.025+0200] {processor.py:836} INFO - DAG(s) dict_keys(['example_external_task_marker_child', 'example_external_task_marker_parent']) retrieved from /Users/felipe.vasconcelos/repos/courses/python-learnings/.venv/lib/python3.10/site-packages/airflow/example_dags/example_external_task_marker_dag.py
[2023-08-05T11:15:13.747+0200] {logging_mixin.py:150} INFO - [2023-08-05T11:15:13.746+0200] {dag.py:2742} INFO - Sync 2 DAGs
[2023-08-05T11:15:13.765+0200] {logging_mixin.py:150} INFO - [2023-08-05T11:15:13.765+0200] {dag.py:3504} INFO - Setting next_dagrun for example_external_task_marker_child to None, run_after=None
[2023-08-05T11:15:13.768+0200] {logging_mixin.py:150} INFO - [2023-08-05T11:15:13.768+0200] {dag.py:3504} INFO - Setting next_dagrun for example_external_task_marker_parent to None, run_after=None
[2023-08-05T11:15:13.786+0200] {processor.py:179} INFO - Processing /Users/felipe.vasconcelos/repos/courses/python-learnings/.venv/lib/python3.10/site-packages/airflow/example_dags/example_external_task_marker_dag.py took 0.793 seconds
[2023-08-05T11:19:28.357+0200] {processor.py:157} INFO - Started process (PID=83471) to work on /Users/felipe.vasconcelos/repos/courses/python-learnings/.venv/lib/python3.10/site-packages/airflow/example_dags/example_external_task_marker_dag.py
[2023-08-05T11:19:28.363+0200] {processor.py:826} INFO - Processing file /Users/felipe.vasconcelos/repos/courses/python-learnings/.venv/lib/python3.10/site-packages/airflow/example_dags/example_external_task_marker_dag.py for tasks to queue
[2023-08-05T11:19:28.364+0200] {logging_mixin.py:150} INFO - [2023-08-05T11:19:28.364+0200] {dagbag.py:541} INFO - Filling up the DagBag from /Users/felipe.vasconcelos/repos/courses/python-learnings/.venv/lib/python3.10/site-packages/airflow/example_dags/example_external_task_marker_dag.py
[2023-08-05T11:19:28.394+0200] {processor.py:836} INFO - DAG(s) dict_keys(['example_external_task_marker_child', 'example_external_task_marker_parent']) retrieved from /Users/felipe.vasconcelos/repos/courses/python-learnings/.venv/lib/python3.10/site-packages/airflow/example_dags/example_external_task_marker_dag.py
[2023-08-05T11:19:29.110+0200] {logging_mixin.py:150} INFO - [2023-08-05T11:19:29.110+0200] {dag.py:2742} INFO - Sync 2 DAGs
[2023-08-05T11:19:29.127+0200] {logging_mixin.py:150} INFO - [2023-08-05T11:19:29.127+0200] {dag.py:3504} INFO - Setting next_dagrun for example_external_task_marker_child to None, run_after=None
[2023-08-05T11:19:29.130+0200] {logging_mixin.py:150} INFO - [2023-08-05T11:19:29.130+0200] {dag.py:3504} INFO - Setting next_dagrun for example_external_task_marker_parent to None, run_after=None
[2023-08-05T11:19:29.148+0200] {processor.py:179} INFO - Processing /Users/felipe.vasconcelos/repos/courses/python-learnings/.venv/lib/python3.10/site-packages/airflow/example_dags/example_external_task_marker_dag.py took 0.791 seconds
[2023-08-05T11:24:09.798+0200] {processor.py:157} INFO - Started process (PID=83598) to work on /Users/felipe.vasconcelos/repos/courses/python-learnings/.venv/lib/python3.10/site-packages/airflow/example_dags/example_external_task_marker_dag.py
[2023-08-05T11:24:09.804+0200] {processor.py:826} INFO - Processing file /Users/felipe.vasconcelos/repos/courses/python-learnings/.venv/lib/python3.10/site-packages/airflow/example_dags/example_external_task_marker_dag.py for tasks to queue
[2023-08-05T11:24:09.805+0200] {logging_mixin.py:150} INFO - [2023-08-05T11:24:09.805+0200] {dagbag.py:541} INFO - Filling up the DagBag from /Users/felipe.vasconcelos/repos/courses/python-learnings/.venv/lib/python3.10/site-packages/airflow/example_dags/example_external_task_marker_dag.py
[2023-08-05T11:24:09.832+0200] {processor.py:836} INFO - DAG(s) dict_keys(['example_external_task_marker_child', 'example_external_task_marker_parent']) retrieved from /Users/felipe.vasconcelos/repos/courses/python-learnings/.venv/lib/python3.10/site-packages/airflow/example_dags/example_external_task_marker_dag.py
[2023-08-05T11:24:10.545+0200] {logging_mixin.py:150} INFO - [2023-08-05T11:24:10.544+0200] {dag.py:2742} INFO - Sync 2 DAGs
[2023-08-05T11:24:10.562+0200] {logging_mixin.py:150} INFO - [2023-08-05T11:24:10.562+0200] {dag.py:3504} INFO - Setting next_dagrun for example_external_task_marker_child to None, run_after=None
[2023-08-05T11:24:10.565+0200] {logging_mixin.py:150} INFO - [2023-08-05T11:24:10.565+0200] {dag.py:3504} INFO - Setting next_dagrun for example_external_task_marker_parent to None, run_after=None
[2023-08-05T11:24:10.583+0200] {processor.py:179} INFO - Processing /Users/felipe.vasconcelos/repos/courses/python-learnings/.venv/lib/python3.10/site-packages/airflow/example_dags/example_external_task_marker_dag.py took 0.787 seconds
[2023-08-05T11:28:35.855+0200] {processor.py:157} INFO - Started process (PID=83712) to work on /Users/felipe.vasconcelos/repos/courses/python-learnings/.venv/lib/python3.10/site-packages/airflow/example_dags/example_external_task_marker_dag.py
[2023-08-05T11:28:35.861+0200] {processor.py:826} INFO - Processing file /Users/felipe.vasconcelos/repos/courses/python-learnings/.venv/lib/python3.10/site-packages/airflow/example_dags/example_external_task_marker_dag.py for tasks to queue
[2023-08-05T11:28:35.862+0200] {logging_mixin.py:150} INFO - [2023-08-05T11:28:35.862+0200] {dagbag.py:541} INFO - Filling up the DagBag from /Users/felipe.vasconcelos/repos/courses/python-learnings/.venv/lib/python3.10/site-packages/airflow/example_dags/example_external_task_marker_dag.py
[2023-08-05T11:28:35.888+0200] {processor.py:836} INFO - DAG(s) dict_keys(['example_external_task_marker_child', 'example_external_task_marker_parent']) retrieved from /Users/felipe.vasconcelos/repos/courses/python-learnings/.venv/lib/python3.10/site-packages/airflow/example_dags/example_external_task_marker_dag.py
[2023-08-05T11:28:36.744+0200] {logging_mixin.py:150} INFO - [2023-08-05T11:28:36.743+0200] {dag.py:2742} INFO - Sync 2 DAGs
[2023-08-05T11:28:36.768+0200] {logging_mixin.py:150} INFO - [2023-08-05T11:28:36.768+0200] {dag.py:3504} INFO - Setting next_dagrun for example_external_task_marker_child to None, run_after=None
[2023-08-05T11:28:36.773+0200] {logging_mixin.py:150} INFO - [2023-08-05T11:28:36.773+0200] {dag.py:3504} INFO - Setting next_dagrun for example_external_task_marker_parent to None, run_after=None
[2023-08-05T11:28:36.793+0200] {processor.py:179} INFO - Processing /Users/felipe.vasconcelos/repos/courses/python-learnings/.venv/lib/python3.10/site-packages/airflow/example_dags/example_external_task_marker_dag.py took 0.939 seconds
[2023-08-05T11:34:05.627+0200] {processor.py:157} INFO - Started process (PID=83888) to work on /Users/felipe.vasconcelos/repos/courses/python-learnings/.venv/lib/python3.10/site-packages/airflow/example_dags/example_external_task_marker_dag.py
[2023-08-05T11:34:05.634+0200] {processor.py:826} INFO - Processing file /Users/felipe.vasconcelos/repos/courses/python-learnings/.venv/lib/python3.10/site-packages/airflow/example_dags/example_external_task_marker_dag.py for tasks to queue
[2023-08-05T11:34:05.635+0200] {logging_mixin.py:150} INFO - [2023-08-05T11:34:05.634+0200] {dagbag.py:541} INFO - Filling up the DagBag from /Users/felipe.vasconcelos/repos/courses/python-learnings/.venv/lib/python3.10/site-packages/airflow/example_dags/example_external_task_marker_dag.py
[2023-08-05T11:34:05.661+0200] {processor.py:836} INFO - DAG(s) dict_keys(['example_external_task_marker_child', 'example_external_task_marker_parent']) retrieved from /Users/felipe.vasconcelos/repos/courses/python-learnings/.venv/lib/python3.10/site-packages/airflow/example_dags/example_external_task_marker_dag.py
[2023-08-05T11:34:06.466+0200] {logging_mixin.py:150} INFO - [2023-08-05T11:34:06.466+0200] {dag.py:2742} INFO - Sync 2 DAGs
[2023-08-05T11:34:06.484+0200] {logging_mixin.py:150} INFO - [2023-08-05T11:34:06.483+0200] {dag.py:3504} INFO - Setting next_dagrun for example_external_task_marker_child to None, run_after=None
[2023-08-05T11:34:06.487+0200] {logging_mixin.py:150} INFO - [2023-08-05T11:34:06.486+0200] {dag.py:3504} INFO - Setting next_dagrun for example_external_task_marker_parent to None, run_after=None
[2023-08-05T11:34:06.505+0200] {processor.py:179} INFO - Processing /Users/felipe.vasconcelos/repos/courses/python-learnings/.venv/lib/python3.10/site-packages/airflow/example_dags/example_external_task_marker_dag.py took 0.879 seconds
[2023-08-05T11:38:28.199+0200] {processor.py:157} INFO - Started process (PID=84028) to work on /Users/felipe.vasconcelos/repos/courses/python-learnings/.venv/lib/python3.10/site-packages/airflow/example_dags/example_external_task_marker_dag.py
[2023-08-05T11:38:28.206+0200] {processor.py:826} INFO - Processing file /Users/felipe.vasconcelos/repos/courses/python-learnings/.venv/lib/python3.10/site-packages/airflow/example_dags/example_external_task_marker_dag.py for tasks to queue
[2023-08-05T11:38:28.207+0200] {logging_mixin.py:150} INFO - [2023-08-05T11:38:28.206+0200] {dagbag.py:541} INFO - Filling up the DagBag from /Users/felipe.vasconcelos/repos/courses/python-learnings/.venv/lib/python3.10/site-packages/airflow/example_dags/example_external_task_marker_dag.py
[2023-08-05T11:38:28.233+0200] {processor.py:836} INFO - DAG(s) dict_keys(['example_external_task_marker_child', 'example_external_task_marker_parent']) retrieved from /Users/felipe.vasconcelos/repos/courses/python-learnings/.venv/lib/python3.10/site-packages/airflow/example_dags/example_external_task_marker_dag.py
[2023-08-05T11:38:28.923+0200] {logging_mixin.py:150} INFO - [2023-08-05T11:38:28.922+0200] {dag.py:2742} INFO - Sync 2 DAGs
[2023-08-05T11:38:28.939+0200] {logging_mixin.py:150} INFO - [2023-08-05T11:38:28.938+0200] {dag.py:3504} INFO - Setting next_dagrun for example_external_task_marker_child to None, run_after=None
[2023-08-05T11:38:28.941+0200] {logging_mixin.py:150} INFO - [2023-08-05T11:38:28.941+0200] {dag.py:3504} INFO - Setting next_dagrun for example_external_task_marker_parent to None, run_after=None
[2023-08-05T11:38:28.959+0200] {processor.py:179} INFO - Processing /Users/felipe.vasconcelos/repos/courses/python-learnings/.venv/lib/python3.10/site-packages/airflow/example_dags/example_external_task_marker_dag.py took 0.761 seconds
[2023-08-05T11:42:51.102+0200] {processor.py:157} INFO - Started process (PID=84155) to work on /Users/felipe.vasconcelos/repos/courses/python-learnings/.venv/lib/python3.10/site-packages/airflow/example_dags/example_external_task_marker_dag.py
[2023-08-05T11:42:51.109+0200] {processor.py:826} INFO - Processing file /Users/felipe.vasconcelos/repos/courses/python-learnings/.venv/lib/python3.10/site-packages/airflow/example_dags/example_external_task_marker_dag.py for tasks to queue
[2023-08-05T11:42:51.116+0200] {logging_mixin.py:150} INFO - [2023-08-05T11:42:51.116+0200] {dagbag.py:541} INFO - Filling up the DagBag from /Users/felipe.vasconcelos/repos/courses/python-learnings/.venv/lib/python3.10/site-packages/airflow/example_dags/example_external_task_marker_dag.py
[2023-08-05T11:42:51.154+0200] {processor.py:836} INFO - DAG(s) dict_keys(['example_external_task_marker_parent', 'example_external_task_marker_child']) retrieved from /Users/felipe.vasconcelos/repos/courses/python-learnings/.venv/lib/python3.10/site-packages/airflow/example_dags/example_external_task_marker_dag.py
[2023-08-05T11:42:51.885+0200] {logging_mixin.py:150} INFO - [2023-08-05T11:42:51.885+0200] {dag.py:2742} INFO - Sync 2 DAGs
[2023-08-05T11:42:51.902+0200] {logging_mixin.py:150} INFO - [2023-08-05T11:42:51.901+0200] {dag.py:3504} INFO - Setting next_dagrun for example_external_task_marker_child to None, run_after=None
[2023-08-05T11:42:51.904+0200] {logging_mixin.py:150} INFO - [2023-08-05T11:42:51.904+0200] {dag.py:3504} INFO - Setting next_dagrun for example_external_task_marker_parent to None, run_after=None
[2023-08-05T11:42:51.922+0200] {processor.py:179} INFO - Processing /Users/felipe.vasconcelos/repos/courses/python-learnings/.venv/lib/python3.10/site-packages/airflow/example_dags/example_external_task_marker_dag.py took 0.821 seconds
[2023-08-05T11:47:22.444+0200] {processor.py:157} INFO - Started process (PID=84305) to work on /Users/felipe.vasconcelos/repos/courses/python-learnings/.venv/lib/python3.10/site-packages/airflow/example_dags/example_external_task_marker_dag.py
[2023-08-05T11:47:22.451+0200] {processor.py:826} INFO - Processing file /Users/felipe.vasconcelos/repos/courses/python-learnings/.venv/lib/python3.10/site-packages/airflow/example_dags/example_external_task_marker_dag.py for tasks to queue
[2023-08-05T11:47:22.452+0200] {logging_mixin.py:150} INFO - [2023-08-05T11:47:22.451+0200] {dagbag.py:541} INFO - Filling up the DagBag from /Users/felipe.vasconcelos/repos/courses/python-learnings/.venv/lib/python3.10/site-packages/airflow/example_dags/example_external_task_marker_dag.py
[2023-08-05T11:47:22.483+0200] {processor.py:836} INFO - DAG(s) dict_keys(['example_external_task_marker_parent', 'example_external_task_marker_child']) retrieved from /Users/felipe.vasconcelos/repos/courses/python-learnings/.venv/lib/python3.10/site-packages/airflow/example_dags/example_external_task_marker_dag.py
[2023-08-05T11:47:23.743+0200] {logging_mixin.py:150} INFO - [2023-08-05T11:47:23.742+0200] {dag.py:2742} INFO - Sync 2 DAGs
[2023-08-05T11:47:23.761+0200] {logging_mixin.py:150} INFO - [2023-08-05T11:47:23.760+0200] {dag.py:3504} INFO - Setting next_dagrun for example_external_task_marker_child to None, run_after=None
[2023-08-05T11:47:23.763+0200] {logging_mixin.py:150} INFO - [2023-08-05T11:47:23.763+0200] {dag.py:3504} INFO - Setting next_dagrun for example_external_task_marker_parent to None, run_after=None
[2023-08-05T11:47:23.784+0200] {processor.py:179} INFO - Processing /Users/felipe.vasconcelos/repos/courses/python-learnings/.venv/lib/python3.10/site-packages/airflow/example_dags/example_external_task_marker_dag.py took 1.341 seconds
[2023-08-05T11:50:20.625+0200] {processor.py:157} INFO - Started process (PID=84405) to work on /Users/felipe.vasconcelos/repos/courses/python-learnings/.venv/lib/python3.10/site-packages/airflow/example_dags/example_external_task_marker_dag.py
[2023-08-05T11:50:20.631+0200] {processor.py:826} INFO - Processing file /Users/felipe.vasconcelos/repos/courses/python-learnings/.venv/lib/python3.10/site-packages/airflow/example_dags/example_external_task_marker_dag.py for tasks to queue
[2023-08-05T11:50:20.631+0200] {logging_mixin.py:150} INFO - [2023-08-05T11:50:20.631+0200] {dagbag.py:541} INFO - Filling up the DagBag from /Users/felipe.vasconcelos/repos/courses/python-learnings/.venv/lib/python3.10/site-packages/airflow/example_dags/example_external_task_marker_dag.py
[2023-08-05T11:50:20.656+0200] {processor.py:836} INFO - DAG(s) dict_keys(['example_external_task_marker_child', 'example_external_task_marker_parent']) retrieved from /Users/felipe.vasconcelos/repos/courses/python-learnings/.venv/lib/python3.10/site-packages/airflow/example_dags/example_external_task_marker_dag.py
[2023-08-05T11:50:21.402+0200] {logging_mixin.py:150} INFO - [2023-08-05T11:50:21.402+0200] {dag.py:2742} INFO - Sync 2 DAGs
[2023-08-05T11:50:21.419+0200] {logging_mixin.py:150} INFO - [2023-08-05T11:50:21.418+0200] {dag.py:3504} INFO - Setting next_dagrun for example_external_task_marker_child to None, run_after=None
[2023-08-05T11:50:21.421+0200] {logging_mixin.py:150} INFO - [2023-08-05T11:50:21.421+0200] {dag.py:3504} INFO - Setting next_dagrun for example_external_task_marker_parent to None, run_after=None
[2023-08-05T11:50:21.438+0200] {processor.py:179} INFO - Processing /Users/felipe.vasconcelos/repos/courses/python-learnings/.venv/lib/python3.10/site-packages/airflow/example_dags/example_external_task_marker_dag.py took 0.815 seconds
[2023-08-05T11:54:36.861+0200] {processor.py:157} INFO - Started process (PID=84529) to work on /Users/felipe.vasconcelos/repos/courses/python-learnings/.venv/lib/python3.10/site-packages/airflow/example_dags/example_external_task_marker_dag.py
[2023-08-05T11:54:36.868+0200] {processor.py:826} INFO - Processing file /Users/felipe.vasconcelos/repos/courses/python-learnings/.venv/lib/python3.10/site-packages/airflow/example_dags/example_external_task_marker_dag.py for tasks to queue
[2023-08-05T11:54:36.868+0200] {logging_mixin.py:150} INFO - [2023-08-05T11:54:36.868+0200] {dagbag.py:541} INFO - Filling up the DagBag from /Users/felipe.vasconcelos/repos/courses/python-learnings/.venv/lib/python3.10/site-packages/airflow/example_dags/example_external_task_marker_dag.py
[2023-08-05T11:54:36.896+0200] {processor.py:836} INFO - DAG(s) dict_keys(['example_external_task_marker_child', 'example_external_task_marker_parent']) retrieved from /Users/felipe.vasconcelos/repos/courses/python-learnings/.venv/lib/python3.10/site-packages/airflow/example_dags/example_external_task_marker_dag.py
[2023-08-05T11:54:37.695+0200] {logging_mixin.py:150} INFO - [2023-08-05T11:54:37.695+0200] {dag.py:2742} INFO - Sync 2 DAGs
[2023-08-05T11:54:37.712+0200] {logging_mixin.py:150} INFO - [2023-08-05T11:54:37.712+0200] {dag.py:3504} INFO - Setting next_dagrun for example_external_task_marker_child to None, run_after=None
[2023-08-05T11:54:37.716+0200] {logging_mixin.py:150} INFO - [2023-08-05T11:54:37.716+0200] {dag.py:3504} INFO - Setting next_dagrun for example_external_task_marker_parent to None, run_after=None
[2023-08-05T11:54:37.735+0200] {processor.py:179} INFO - Processing /Users/felipe.vasconcelos/repos/courses/python-learnings/.venv/lib/python3.10/site-packages/airflow/example_dags/example_external_task_marker_dag.py took 0.875 seconds
[2023-08-05T11:58:57.377+0200] {processor.py:157} INFO - Started process (PID=84647) to work on /Users/felipe.vasconcelos/repos/courses/python-learnings/.venv/lib/python3.10/site-packages/airflow/example_dags/example_external_task_marker_dag.py
[2023-08-05T11:58:57.385+0200] {processor.py:826} INFO - Processing file /Users/felipe.vasconcelos/repos/courses/python-learnings/.venv/lib/python3.10/site-packages/airflow/example_dags/example_external_task_marker_dag.py for tasks to queue
[2023-08-05T11:58:57.386+0200] {logging_mixin.py:150} INFO - [2023-08-05T11:58:57.386+0200] {dagbag.py:541} INFO - Filling up the DagBag from /Users/felipe.vasconcelos/repos/courses/python-learnings/.venv/lib/python3.10/site-packages/airflow/example_dags/example_external_task_marker_dag.py
[2023-08-05T11:58:57.427+0200] {processor.py:836} INFO - DAG(s) dict_keys(['example_external_task_marker_child', 'example_external_task_marker_parent']) retrieved from /Users/felipe.vasconcelos/repos/courses/python-learnings/.venv/lib/python3.10/site-packages/airflow/example_dags/example_external_task_marker_dag.py
[2023-08-05T11:58:58.318+0200] {logging_mixin.py:150} INFO - [2023-08-05T11:58:58.317+0200] {dag.py:2742} INFO - Sync 2 DAGs
[2023-08-05T11:58:58.339+0200] {logging_mixin.py:150} INFO - [2023-08-05T11:58:58.338+0200] {dag.py:3504} INFO - Setting next_dagrun for example_external_task_marker_child to None, run_after=None
[2023-08-05T11:58:58.342+0200] {logging_mixin.py:150} INFO - [2023-08-05T11:58:58.342+0200] {dag.py:3504} INFO - Setting next_dagrun for example_external_task_marker_parent to None, run_after=None
[2023-08-05T11:58:58.365+0200] {processor.py:179} INFO - Processing /Users/felipe.vasconcelos/repos/courses/python-learnings/.venv/lib/python3.10/site-packages/airflow/example_dags/example_external_task_marker_dag.py took 0.988 seconds
[2023-08-05T12:02:40.393+0200] {processor.py:157} INFO - Started process (PID=84825) to work on /Users/felipe.vasconcelos/repos/courses/python-learnings/.venv/lib/python3.10/site-packages/airflow/example_dags/example_external_task_marker_dag.py
[2023-08-05T12:02:40.400+0200] {processor.py:826} INFO - Processing file /Users/felipe.vasconcelos/repos/courses/python-learnings/.venv/lib/python3.10/site-packages/airflow/example_dags/example_external_task_marker_dag.py for tasks to queue
[2023-08-05T12:02:40.401+0200] {logging_mixin.py:150} INFO - [2023-08-05T12:02:40.401+0200] {dagbag.py:541} INFO - Filling up the DagBag from /Users/felipe.vasconcelos/repos/courses/python-learnings/.venv/lib/python3.10/site-packages/airflow/example_dags/example_external_task_marker_dag.py
[2023-08-05T12:02:40.441+0200] {processor.py:836} INFO - DAG(s) dict_keys(['example_external_task_marker_child', 'example_external_task_marker_parent']) retrieved from /Users/felipe.vasconcelos/repos/courses/python-learnings/.venv/lib/python3.10/site-packages/airflow/example_dags/example_external_task_marker_dag.py
[2023-08-05T12:02:41.668+0200] {logging_mixin.py:150} INFO - [2023-08-05T12:02:41.667+0200] {dag.py:2742} INFO - Sync 2 DAGs
[2023-08-05T12:02:41.695+0200] {logging_mixin.py:150} INFO - [2023-08-05T12:02:41.695+0200] {dag.py:3504} INFO - Setting next_dagrun for example_external_task_marker_child to None, run_after=None
[2023-08-05T12:02:41.699+0200] {logging_mixin.py:150} INFO - [2023-08-05T12:02:41.699+0200] {dag.py:3504} INFO - Setting next_dagrun for example_external_task_marker_parent to None, run_after=None
[2023-08-05T12:02:41.727+0200] {processor.py:179} INFO - Processing /Users/felipe.vasconcelos/repos/courses/python-learnings/.venv/lib/python3.10/site-packages/airflow/example_dags/example_external_task_marker_dag.py took 1.335 seconds
