[2023-08-05T10:41:00.377+0200] {processor.py:157} INFO - Started process (PID=82628) to work on /Users/felipe.vasconcelos/repos/courses/python-learnings/.venv/lib/python3.10/site-packages/airflow/example_dags/example_dag_decorator.py
[2023-08-05T10:41:00.382+0200] {processor.py:826} INFO - Processing file /Users/felipe.vasconcelos/repos/courses/python-learnings/.venv/lib/python3.10/site-packages/airflow/example_dags/example_dag_decorator.py for tasks to queue
[2023-08-05T10:41:00.384+0200] {logging_mixin.py:150} INFO - [2023-08-05T10:41:00.383+0200] {dagbag.py:541} INFO - Filling up the DagBag from /Users/felipe.vasconcelos/repos/courses/python-learnings/.venv/lib/python3.10/site-packages/airflow/example_dags/example_dag_decorator.py
[2023-08-05T10:41:00.648+0200] {processor.py:836} INFO - DAG(s) dict_keys(['example_dag_decorator']) retrieved from /Users/felipe.vasconcelos/repos/courses/python-learnings/.venv/lib/python3.10/site-packages/airflow/example_dags/example_dag_decorator.py
[2023-08-05T10:41:01.451+0200] {logging_mixin.py:150} INFO - [2023-08-05T10:41:01.451+0200] {manager.py:504} INFO - Created Permission View: can edit on DAG:example_dag_decorator
[2023-08-05T10:41:01.464+0200] {logging_mixin.py:150} INFO - [2023-08-05T10:41:01.463+0200] {manager.py:504} INFO - Created Permission View: can delete on DAG:example_dag_decorator
[2023-08-05T10:41:01.471+0200] {logging_mixin.py:150} INFO - [2023-08-05T10:41:01.471+0200] {manager.py:504} INFO - Created Permission View: can read on DAG:example_dag_decorator
[2023-08-05T10:41:01.486+0200] {logging_mixin.py:150} INFO - [2023-08-05T10:41:01.486+0200] {dag.py:2742} INFO - Sync 1 DAGs
[2023-08-05T10:41:01.498+0200] {logging_mixin.py:150} INFO - [2023-08-05T10:41:01.497+0200] {dag.py:2763} INFO - Creating ORM DAG for example_dag_decorator
[2023-08-05T10:41:01.508+0200] {logging_mixin.py:150} INFO - [2023-08-05T10:41:01.508+0200] {dag.py:3504} INFO - Setting next_dagrun for example_dag_decorator to None, run_after=None
[2023-08-05T10:41:01.536+0200] {processor.py:179} INFO - Processing /Users/felipe.vasconcelos/repos/courses/python-learnings/.venv/lib/python3.10/site-packages/airflow/example_dags/example_dag_decorator.py took 1.160 seconds
[2023-08-05T10:44:50.391+0200] {processor.py:157} INFO - Started process (PID=82743) to work on /Users/felipe.vasconcelos/repos/courses/python-learnings/.venv/lib/python3.10/site-packages/airflow/example_dags/example_dag_decorator.py
[2023-08-05T10:44:50.400+0200] {processor.py:826} INFO - Processing file /Users/felipe.vasconcelos/repos/courses/python-learnings/.venv/lib/python3.10/site-packages/airflow/example_dags/example_dag_decorator.py for tasks to queue
[2023-08-05T10:44:50.401+0200] {logging_mixin.py:150} INFO - [2023-08-05T10:44:50.400+0200] {dagbag.py:541} INFO - Filling up the DagBag from /Users/felipe.vasconcelos/repos/courses/python-learnings/.venv/lib/python3.10/site-packages/airflow/example_dags/example_dag_decorator.py
[2023-08-05T10:44:50.782+0200] {processor.py:836} INFO - DAG(s) dict_keys(['example_dag_decorator']) retrieved from /Users/felipe.vasconcelos/repos/courses/python-learnings/.venv/lib/python3.10/site-packages/airflow/example_dags/example_dag_decorator.py
[2023-08-05T10:44:53.428+0200] {logging_mixin.py:150} INFO - [2023-08-05T10:44:53.427+0200] {dag.py:2742} INFO - Sync 1 DAGs
[2023-08-05T10:44:53.455+0200] {logging_mixin.py:150} INFO - [2023-08-05T10:44:53.455+0200] {dag.py:3504} INFO - Setting next_dagrun for example_dag_decorator to None, run_after=None
[2023-08-05T10:44:53.480+0200] {processor.py:179} INFO - Processing /Users/felipe.vasconcelos/repos/courses/python-learnings/.venv/lib/python3.10/site-packages/airflow/example_dags/example_dag_decorator.py took 3.090 seconds
[2023-08-05T10:50:00.535+0200] {processor.py:157} INFO - Started process (PID=82911) to work on /Users/felipe.vasconcelos/repos/courses/python-learnings/.venv/lib/python3.10/site-packages/airflow/example_dags/example_dag_decorator.py
[2023-08-05T10:50:00.541+0200] {processor.py:826} INFO - Processing file /Users/felipe.vasconcelos/repos/courses/python-learnings/.venv/lib/python3.10/site-packages/airflow/example_dags/example_dag_decorator.py for tasks to queue
[2023-08-05T10:50:00.542+0200] {logging_mixin.py:150} INFO - [2023-08-05T10:50:00.542+0200] {dagbag.py:541} INFO - Filling up the DagBag from /Users/felipe.vasconcelos/repos/courses/python-learnings/.venv/lib/python3.10/site-packages/airflow/example_dags/example_dag_decorator.py
[2023-08-05T10:50:00.769+0200] {processor.py:836} INFO - DAG(s) dict_keys(['example_dag_decorator']) retrieved from /Users/felipe.vasconcelos/repos/courses/python-learnings/.venv/lib/python3.10/site-packages/airflow/example_dags/example_dag_decorator.py
[2023-08-05T10:50:01.366+0200] {logging_mixin.py:150} INFO - [2023-08-05T10:50:01.366+0200] {dag.py:2742} INFO - Sync 1 DAGs
[2023-08-05T10:50:01.381+0200] {logging_mixin.py:150} INFO - [2023-08-05T10:50:01.381+0200] {dag.py:3504} INFO - Setting next_dagrun for example_dag_decorator to None, run_after=None
[2023-08-05T10:50:01.401+0200] {processor.py:179} INFO - Processing /Users/felipe.vasconcelos/repos/courses/python-learnings/.venv/lib/python3.10/site-packages/airflow/example_dags/example_dag_decorator.py took 0.867 seconds
[2023-08-05T10:54:30.147+0200] {processor.py:157} INFO - Started process (PID=83035) to work on /Users/felipe.vasconcelos/repos/courses/python-learnings/.venv/lib/python3.10/site-packages/airflow/example_dags/example_dag_decorator.py
[2023-08-05T10:54:30.154+0200] {processor.py:826} INFO - Processing file /Users/felipe.vasconcelos/repos/courses/python-learnings/.venv/lib/python3.10/site-packages/airflow/example_dags/example_dag_decorator.py for tasks to queue
[2023-08-05T10:54:30.155+0200] {logging_mixin.py:150} INFO - [2023-08-05T10:54:30.154+0200] {dagbag.py:541} INFO - Filling up the DagBag from /Users/felipe.vasconcelos/repos/courses/python-learnings/.venv/lib/python3.10/site-packages/airflow/example_dags/example_dag_decorator.py
[2023-08-05T10:54:30.374+0200] {processor.py:836} INFO - DAG(s) dict_keys(['example_dag_decorator']) retrieved from /Users/felipe.vasconcelos/repos/courses/python-learnings/.venv/lib/python3.10/site-packages/airflow/example_dags/example_dag_decorator.py
[2023-08-05T10:54:31.104+0200] {logging_mixin.py:150} INFO - [2023-08-05T10:54:31.103+0200] {dag.py:2742} INFO - Sync 1 DAGs
[2023-08-05T10:54:31.118+0200] {logging_mixin.py:150} INFO - [2023-08-05T10:54:31.118+0200] {dag.py:3504} INFO - Setting next_dagrun for example_dag_decorator to None, run_after=None
[2023-08-05T10:54:31.135+0200] {processor.py:179} INFO - Processing /Users/felipe.vasconcelos/repos/courses/python-learnings/.venv/lib/python3.10/site-packages/airflow/example_dags/example_dag_decorator.py took 0.989 seconds
[2023-08-05T10:58:51.658+0200] {processor.py:157} INFO - Started process (PID=83162) to work on /Users/felipe.vasconcelos/repos/courses/python-learnings/.venv/lib/python3.10/site-packages/airflow/example_dags/example_dag_decorator.py
[2023-08-05T10:58:51.665+0200] {processor.py:826} INFO - Processing file /Users/felipe.vasconcelos/repos/courses/python-learnings/.venv/lib/python3.10/site-packages/airflow/example_dags/example_dag_decorator.py for tasks to queue
[2023-08-05T10:58:51.666+0200] {logging_mixin.py:150} INFO - [2023-08-05T10:58:51.666+0200] {dagbag.py:541} INFO - Filling up the DagBag from /Users/felipe.vasconcelos/repos/courses/python-learnings/.venv/lib/python3.10/site-packages/airflow/example_dags/example_dag_decorator.py
[2023-08-05T10:58:51.887+0200] {processor.py:836} INFO - DAG(s) dict_keys(['example_dag_decorator']) retrieved from /Users/felipe.vasconcelos/repos/courses/python-learnings/.venv/lib/python3.10/site-packages/airflow/example_dags/example_dag_decorator.py
[2023-08-05T10:58:52.568+0200] {logging_mixin.py:150} INFO - [2023-08-05T10:58:52.568+0200] {dag.py:2742} INFO - Sync 1 DAGs
[2023-08-05T10:58:52.585+0200] {logging_mixin.py:150} INFO - [2023-08-05T10:58:52.584+0200] {dag.py:3504} INFO - Setting next_dagrun for example_dag_decorator to None, run_after=None
[2023-08-05T10:58:52.606+0200] {processor.py:179} INFO - Processing /Users/felipe.vasconcelos/repos/courses/python-learnings/.venv/lib/python3.10/site-packages/airflow/example_dags/example_dag_decorator.py took 0.948 seconds
[2023-08-05T11:15:27.990+0200] {processor.py:157} INFO - Started process (PID=83357) to work on /Users/felipe.vasconcelos/repos/courses/python-learnings/.venv/lib/python3.10/site-packages/airflow/example_dags/example_dag_decorator.py
[2023-08-05T11:15:27.995+0200] {processor.py:826} INFO - Processing file /Users/felipe.vasconcelos/repos/courses/python-learnings/.venv/lib/python3.10/site-packages/airflow/example_dags/example_dag_decorator.py for tasks to queue
[2023-08-05T11:15:27.996+0200] {logging_mixin.py:150} INFO - [2023-08-05T11:15:27.996+0200] {dagbag.py:541} INFO - Filling up the DagBag from /Users/felipe.vasconcelos/repos/courses/python-learnings/.venv/lib/python3.10/site-packages/airflow/example_dags/example_dag_decorator.py
[2023-08-05T11:15:28.226+0200] {processor.py:836} INFO - DAG(s) dict_keys(['example_dag_decorator']) retrieved from /Users/felipe.vasconcelos/repos/courses/python-learnings/.venv/lib/python3.10/site-packages/airflow/example_dags/example_dag_decorator.py
[2023-08-05T11:15:28.943+0200] {logging_mixin.py:150} INFO - [2023-08-05T11:15:28.942+0200] {dag.py:2742} INFO - Sync 1 DAGs
[2023-08-05T11:15:28.960+0200] {logging_mixin.py:150} INFO - [2023-08-05T11:15:28.960+0200] {dag.py:3504} INFO - Setting next_dagrun for example_dag_decorator to None, run_after=None
[2023-08-05T11:15:28.981+0200] {processor.py:179} INFO - Processing /Users/felipe.vasconcelos/repos/courses/python-learnings/.venv/lib/python3.10/site-packages/airflow/example_dags/example_dag_decorator.py took 0.993 seconds
[2023-08-05T11:19:41.961+0200] {processor.py:157} INFO - Started process (PID=83476) to work on /Users/felipe.vasconcelos/repos/courses/python-learnings/.venv/lib/python3.10/site-packages/airflow/example_dags/example_dag_decorator.py
[2023-08-05T11:19:41.968+0200] {processor.py:826} INFO - Processing file /Users/felipe.vasconcelos/repos/courses/python-learnings/.venv/lib/python3.10/site-packages/airflow/example_dags/example_dag_decorator.py for tasks to queue
[2023-08-05T11:19:41.969+0200] {logging_mixin.py:150} INFO - [2023-08-05T11:19:41.968+0200] {dagbag.py:541} INFO - Filling up the DagBag from /Users/felipe.vasconcelos/repos/courses/python-learnings/.venv/lib/python3.10/site-packages/airflow/example_dags/example_dag_decorator.py
[2023-08-05T11:19:42.187+0200] {processor.py:836} INFO - DAG(s) dict_keys(['example_dag_decorator']) retrieved from /Users/felipe.vasconcelos/repos/courses/python-learnings/.venv/lib/python3.10/site-packages/airflow/example_dags/example_dag_decorator.py
[2023-08-05T11:19:42.890+0200] {logging_mixin.py:150} INFO - [2023-08-05T11:19:42.890+0200] {dag.py:2742} INFO - Sync 1 DAGs
[2023-08-05T11:19:42.907+0200] {logging_mixin.py:150} INFO - [2023-08-05T11:19:42.907+0200] {dag.py:3504} INFO - Setting next_dagrun for example_dag_decorator to None, run_after=None
[2023-08-05T11:19:42.929+0200] {processor.py:179} INFO - Processing /Users/felipe.vasconcelos/repos/courses/python-learnings/.venv/lib/python3.10/site-packages/airflow/example_dags/example_dag_decorator.py took 0.968 seconds
[2023-08-05T11:24:24.487+0200] {processor.py:157} INFO - Started process (PID=83604) to work on /Users/felipe.vasconcelos/repos/courses/python-learnings/.venv/lib/python3.10/site-packages/airflow/example_dags/example_dag_decorator.py
[2023-08-05T11:24:24.494+0200] {processor.py:826} INFO - Processing file /Users/felipe.vasconcelos/repos/courses/python-learnings/.venv/lib/python3.10/site-packages/airflow/example_dags/example_dag_decorator.py for tasks to queue
[2023-08-05T11:24:24.495+0200] {logging_mixin.py:150} INFO - [2023-08-05T11:24:24.494+0200] {dagbag.py:541} INFO - Filling up the DagBag from /Users/felipe.vasconcelos/repos/courses/python-learnings/.venv/lib/python3.10/site-packages/airflow/example_dags/example_dag_decorator.py
[2023-08-05T11:24:24.770+0200] {processor.py:836} INFO - DAG(s) dict_keys(['example_dag_decorator']) retrieved from /Users/felipe.vasconcelos/repos/courses/python-learnings/.venv/lib/python3.10/site-packages/airflow/example_dags/example_dag_decorator.py
[2023-08-05T11:24:25.441+0200] {logging_mixin.py:150} INFO - [2023-08-05T11:24:25.441+0200] {dag.py:2742} INFO - Sync 1 DAGs
[2023-08-05T11:24:25.459+0200] {logging_mixin.py:150} INFO - [2023-08-05T11:24:25.459+0200] {dag.py:3504} INFO - Setting next_dagrun for example_dag_decorator to None, run_after=None
[2023-08-05T11:24:25.481+0200] {processor.py:179} INFO - Processing /Users/felipe.vasconcelos/repos/courses/python-learnings/.venv/lib/python3.10/site-packages/airflow/example_dags/example_dag_decorator.py took 0.996 seconds
[2023-08-05T11:28:50.097+0200] {processor.py:157} INFO - Started process (PID=83718) to work on /Users/felipe.vasconcelos/repos/courses/python-learnings/.venv/lib/python3.10/site-packages/airflow/example_dags/example_dag_decorator.py
[2023-08-05T11:28:50.103+0200] {processor.py:826} INFO - Processing file /Users/felipe.vasconcelos/repos/courses/python-learnings/.venv/lib/python3.10/site-packages/airflow/example_dags/example_dag_decorator.py for tasks to queue
[2023-08-05T11:28:50.104+0200] {logging_mixin.py:150} INFO - [2023-08-05T11:28:50.104+0200] {dagbag.py:541} INFO - Filling up the DagBag from /Users/felipe.vasconcelos/repos/courses/python-learnings/.venv/lib/python3.10/site-packages/airflow/example_dags/example_dag_decorator.py
[2023-08-05T11:28:50.578+0200] {processor.py:836} INFO - DAG(s) dict_keys(['example_dag_decorator']) retrieved from /Users/felipe.vasconcelos/repos/courses/python-learnings/.venv/lib/python3.10/site-packages/airflow/example_dags/example_dag_decorator.py
[2023-08-05T11:28:51.225+0200] {logging_mixin.py:150} INFO - [2023-08-05T11:28:51.225+0200] {dag.py:2742} INFO - Sync 1 DAGs
[2023-08-05T11:28:51.242+0200] {logging_mixin.py:150} INFO - [2023-08-05T11:28:51.242+0200] {dag.py:3504} INFO - Setting next_dagrun for example_dag_decorator to None, run_after=None
[2023-08-05T11:28:51.264+0200] {processor.py:179} INFO - Processing /Users/felipe.vasconcelos/repos/courses/python-learnings/.venv/lib/python3.10/site-packages/airflow/example_dags/example_dag_decorator.py took 1.168 seconds
[2023-08-05T11:34:20.618+0200] {processor.py:157} INFO - Started process (PID=83902) to work on /Users/felipe.vasconcelos/repos/courses/python-learnings/.venv/lib/python3.10/site-packages/airflow/example_dags/example_dag_decorator.py
[2023-08-05T11:34:20.624+0200] {processor.py:826} INFO - Processing file /Users/felipe.vasconcelos/repos/courses/python-learnings/.venv/lib/python3.10/site-packages/airflow/example_dags/example_dag_decorator.py for tasks to queue
[2023-08-05T11:34:20.625+0200] {logging_mixin.py:150} INFO - [2023-08-05T11:34:20.625+0200] {dagbag.py:541} INFO - Filling up the DagBag from /Users/felipe.vasconcelos/repos/courses/python-learnings/.venv/lib/python3.10/site-packages/airflow/example_dags/example_dag_decorator.py
[2023-08-05T11:34:20.851+0200] {processor.py:836} INFO - DAG(s) dict_keys(['example_dag_decorator']) retrieved from /Users/felipe.vasconcelos/repos/courses/python-learnings/.venv/lib/python3.10/site-packages/airflow/example_dags/example_dag_decorator.py
[2023-08-05T11:34:21.754+0200] {logging_mixin.py:150} INFO - [2023-08-05T11:34:21.754+0200] {dag.py:2742} INFO - Sync 1 DAGs
[2023-08-05T11:34:21.770+0200] {logging_mixin.py:150} INFO - [2023-08-05T11:34:21.770+0200] {dag.py:3504} INFO - Setting next_dagrun for example_dag_decorator to None, run_after=None
[2023-08-05T11:34:21.790+0200] {processor.py:179} INFO - Processing /Users/felipe.vasconcelos/repos/courses/python-learnings/.venv/lib/python3.10/site-packages/airflow/example_dags/example_dag_decorator.py took 1.173 seconds
[2023-08-05T11:38:40.778+0200] {processor.py:157} INFO - Started process (PID=84033) to work on /Users/felipe.vasconcelos/repos/courses/python-learnings/.venv/lib/python3.10/site-packages/airflow/example_dags/example_dag_decorator.py
[2023-08-05T11:38:40.784+0200] {processor.py:826} INFO - Processing file /Users/felipe.vasconcelos/repos/courses/python-learnings/.venv/lib/python3.10/site-packages/airflow/example_dags/example_dag_decorator.py for tasks to queue
[2023-08-05T11:38:40.785+0200] {logging_mixin.py:150} INFO - [2023-08-05T11:38:40.785+0200] {dagbag.py:541} INFO - Filling up the DagBag from /Users/felipe.vasconcelos/repos/courses/python-learnings/.venv/lib/python3.10/site-packages/airflow/example_dags/example_dag_decorator.py
[2023-08-05T11:38:40.998+0200] {processor.py:836} INFO - DAG(s) dict_keys(['example_dag_decorator']) retrieved from /Users/felipe.vasconcelos/repos/courses/python-learnings/.venv/lib/python3.10/site-packages/airflow/example_dags/example_dag_decorator.py
[2023-08-05T11:38:41.649+0200] {logging_mixin.py:150} INFO - [2023-08-05T11:38:41.648+0200] {dag.py:2742} INFO - Sync 1 DAGs
[2023-08-05T11:38:41.665+0200] {logging_mixin.py:150} INFO - [2023-08-05T11:38:41.665+0200] {dag.py:3504} INFO - Setting next_dagrun for example_dag_decorator to None, run_after=None
[2023-08-05T11:38:41.687+0200] {processor.py:179} INFO - Processing /Users/felipe.vasconcelos/repos/courses/python-learnings/.venv/lib/python3.10/site-packages/airflow/example_dags/example_dag_decorator.py took 0.910 seconds
[2023-08-05T11:43:05.164+0200] {processor.py:157} INFO - Started process (PID=84161) to work on /Users/felipe.vasconcelos/repos/courses/python-learnings/.venv/lib/python3.10/site-packages/airflow/example_dags/example_dag_decorator.py
[2023-08-05T11:43:05.169+0200] {processor.py:826} INFO - Processing file /Users/felipe.vasconcelos/repos/courses/python-learnings/.venv/lib/python3.10/site-packages/airflow/example_dags/example_dag_decorator.py for tasks to queue
[2023-08-05T11:43:05.170+0200] {logging_mixin.py:150} INFO - [2023-08-05T11:43:05.170+0200] {dagbag.py:541} INFO - Filling up the DagBag from /Users/felipe.vasconcelos/repos/courses/python-learnings/.venv/lib/python3.10/site-packages/airflow/example_dags/example_dag_decorator.py
[2023-08-05T11:43:05.384+0200] {processor.py:836} INFO - DAG(s) dict_keys(['example_dag_decorator']) retrieved from /Users/felipe.vasconcelos/repos/courses/python-learnings/.venv/lib/python3.10/site-packages/airflow/example_dags/example_dag_decorator.py
[2023-08-05T11:43:05.985+0200] {logging_mixin.py:150} INFO - [2023-08-05T11:43:05.985+0200] {dag.py:2742} INFO - Sync 1 DAGs
[2023-08-05T11:43:06.003+0200] {logging_mixin.py:150} INFO - [2023-08-05T11:43:06.002+0200] {dag.py:3504} INFO - Setting next_dagrun for example_dag_decorator to None, run_after=None
[2023-08-05T11:43:06.025+0200] {processor.py:179} INFO - Processing /Users/felipe.vasconcelos/repos/courses/python-learnings/.venv/lib/python3.10/site-packages/airflow/example_dags/example_dag_decorator.py took 0.861 seconds
[2023-08-05T11:47:42.363+0200] {processor.py:157} INFO - Started process (PID=84320) to work on /Users/felipe.vasconcelos/repos/courses/python-learnings/.venv/lib/python3.10/site-packages/airflow/example_dags/example_dag_decorator.py
[2023-08-05T11:47:42.370+0200] {processor.py:826} INFO - Processing file /Users/felipe.vasconcelos/repos/courses/python-learnings/.venv/lib/python3.10/site-packages/airflow/example_dags/example_dag_decorator.py for tasks to queue
[2023-08-05T11:47:42.370+0200] {logging_mixin.py:150} INFO - [2023-08-05T11:47:42.370+0200] {dagbag.py:541} INFO - Filling up the DagBag from /Users/felipe.vasconcelos/repos/courses/python-learnings/.venv/lib/python3.10/site-packages/airflow/example_dags/example_dag_decorator.py
[2023-08-05T11:47:42.689+0200] {processor.py:836} INFO - DAG(s) dict_keys(['example_dag_decorator']) retrieved from /Users/felipe.vasconcelos/repos/courses/python-learnings/.venv/lib/python3.10/site-packages/airflow/example_dags/example_dag_decorator.py
[2023-08-05T11:47:43.762+0200] {logging_mixin.py:150} INFO - [2023-08-05T11:47:43.762+0200] {dag.py:2742} INFO - Sync 1 DAGs
[2023-08-05T11:47:43.781+0200] {logging_mixin.py:150} INFO - [2023-08-05T11:47:43.781+0200] {dag.py:3504} INFO - Setting next_dagrun for example_dag_decorator to None, run_after=None
[2023-08-05T11:47:43.804+0200] {processor.py:179} INFO - Processing /Users/felipe.vasconcelos/repos/courses/python-learnings/.venv/lib/python3.10/site-packages/airflow/example_dags/example_dag_decorator.py took 1.443 seconds
[2023-08-05T11:52:35.881+0200] {processor.py:157} INFO - Started process (PID=84466) to work on /Users/felipe.vasconcelos/repos/courses/python-learnings/.venv/lib/python3.10/site-packages/airflow/example_dags/example_dag_decorator.py
[2023-08-05T11:52:35.888+0200] {processor.py:826} INFO - Processing file /Users/felipe.vasconcelos/repos/courses/python-learnings/.venv/lib/python3.10/site-packages/airflow/example_dags/example_dag_decorator.py for tasks to queue
[2023-08-05T11:52:35.888+0200] {logging_mixin.py:150} INFO - [2023-08-05T11:52:35.888+0200] {dagbag.py:541} INFO - Filling up the DagBag from /Users/felipe.vasconcelos/repos/courses/python-learnings/.venv/lib/python3.10/site-packages/airflow/example_dags/example_dag_decorator.py
[2023-08-05T11:52:36.114+0200] {processor.py:836} INFO - DAG(s) dict_keys(['example_dag_decorator']) retrieved from /Users/felipe.vasconcelos/repos/courses/python-learnings/.venv/lib/python3.10/site-packages/airflow/example_dags/example_dag_decorator.py
[2023-08-05T11:52:36.805+0200] {logging_mixin.py:150} INFO - [2023-08-05T11:52:36.805+0200] {dag.py:2742} INFO - Sync 1 DAGs
[2023-08-05T11:52:36.823+0200] {logging_mixin.py:150} INFO - [2023-08-05T11:52:36.823+0200] {dag.py:3504} INFO - Setting next_dagrun for example_dag_decorator to None, run_after=None
[2023-08-05T11:52:36.845+0200] {processor.py:179} INFO - Processing /Users/felipe.vasconcelos/repos/courses/python-learnings/.venv/lib/python3.10/site-packages/airflow/example_dags/example_dag_decorator.py took 0.965 seconds
[2023-08-05T11:56:45.240+0200] {processor.py:157} INFO - Started process (PID=84590) to work on /Users/felipe.vasconcelos/repos/courses/python-learnings/.venv/lib/python3.10/site-packages/airflow/example_dags/example_dag_decorator.py
[2023-08-05T11:56:45.246+0200] {processor.py:826} INFO - Processing file /Users/felipe.vasconcelos/repos/courses/python-learnings/.venv/lib/python3.10/site-packages/airflow/example_dags/example_dag_decorator.py for tasks to queue
[2023-08-05T11:56:45.247+0200] {logging_mixin.py:150} INFO - [2023-08-05T11:56:45.247+0200] {dagbag.py:541} INFO - Filling up the DagBag from /Users/felipe.vasconcelos/repos/courses/python-learnings/.venv/lib/python3.10/site-packages/airflow/example_dags/example_dag_decorator.py
[2023-08-05T11:56:45.489+0200] {processor.py:836} INFO - DAG(s) dict_keys(['example_dag_decorator']) retrieved from /Users/felipe.vasconcelos/repos/courses/python-learnings/.venv/lib/python3.10/site-packages/airflow/example_dags/example_dag_decorator.py
[2023-08-05T11:56:46.091+0200] {logging_mixin.py:150} INFO - [2023-08-05T11:56:46.091+0200] {dag.py:2742} INFO - Sync 1 DAGs
[2023-08-05T11:56:46.124+0200] {logging_mixin.py:150} INFO - [2023-08-05T11:56:46.123+0200] {dag.py:3504} INFO - Setting next_dagrun for example_dag_decorator to None, run_after=None
[2023-08-05T11:56:46.147+0200] {processor.py:179} INFO - Processing /Users/felipe.vasconcelos/repos/courses/python-learnings/.venv/lib/python3.10/site-packages/airflow/example_dags/example_dag_decorator.py took 0.908 seconds
[2023-08-05T12:03:00.959+0200] {processor.py:157} INFO - Started process (PID=84834) to work on /Users/felipe.vasconcelos/repos/courses/python-learnings/.venv/lib/python3.10/site-packages/airflow/example_dags/example_dag_decorator.py
[2023-08-05T12:03:00.966+0200] {processor.py:826} INFO - Processing file /Users/felipe.vasconcelos/repos/courses/python-learnings/.venv/lib/python3.10/site-packages/airflow/example_dags/example_dag_decorator.py for tasks to queue
[2023-08-05T12:03:00.967+0200] {logging_mixin.py:150} INFO - [2023-08-05T12:03:00.966+0200] {dagbag.py:541} INFO - Filling up the DagBag from /Users/felipe.vasconcelos/repos/courses/python-learnings/.venv/lib/python3.10/site-packages/airflow/example_dags/example_dag_decorator.py
[2023-08-05T12:03:01.363+0200] {processor.py:836} INFO - DAG(s) dict_keys(['example_dag_decorator']) retrieved from /Users/felipe.vasconcelos/repos/courses/python-learnings/.venv/lib/python3.10/site-packages/airflow/example_dags/example_dag_decorator.py
[2023-08-05T12:03:02.140+0200] {logging_mixin.py:150} INFO - [2023-08-05T12:03:02.139+0200] {dag.py:2742} INFO - Sync 1 DAGs
[2023-08-05T12:03:02.157+0200] {logging_mixin.py:150} INFO - [2023-08-05T12:03:02.156+0200] {dag.py:3504} INFO - Setting next_dagrun for example_dag_decorator to None, run_after=None
[2023-08-05T12:03:02.179+0200] {processor.py:179} INFO - Processing /Users/felipe.vasconcelos/repos/courses/python-learnings/.venv/lib/python3.10/site-packages/airflow/example_dags/example_dag_decorator.py took 1.222 seconds
