[2023-08-05T10:39:17.874+0200] {processor.py:157} INFO - Started process (PID=82588) to work on /Users/felipe.vasconcelos/repos/courses/python-learnings/.venv/lib/python3.10/site-packages/airflow/example_dags/example_task_group_decorator.py
[2023-08-05T10:39:17.881+0200] {processor.py:826} INFO - Processing file /Users/felipe.vasconcelos/repos/courses/python-learnings/.venv/lib/python3.10/site-packages/airflow/example_dags/example_task_group_decorator.py for tasks to queue
[2023-08-05T10:39:17.882+0200] {logging_mixin.py:150} INFO - [2023-08-05T10:39:17.881+0200] {dagbag.py:541} INFO - Filling up the DagBag from /Users/felipe.vasconcelos/repos/courses/python-learnings/.venv/lib/python3.10/site-packages/airflow/example_dags/example_task_group_decorator.py
[2023-08-05T10:39:17.979+0200] {processor.py:836} INFO - DAG(s) dict_keys(['example_task_group_decorator']) retrieved from /Users/felipe.vasconcelos/repos/courses/python-learnings/.venv/lib/python3.10/site-packages/airflow/example_dags/example_task_group_decorator.py
[2023-08-05T10:39:19.876+0200] {logging_mixin.py:150} INFO - [2023-08-05T10:39:19.876+0200] {manager.py:504} INFO - Created Permission View: can read on DAG:example_task_group_decorator
[2023-08-05T10:39:19.900+0200] {logging_mixin.py:150} INFO - [2023-08-05T10:39:19.900+0200] {manager.py:504} INFO - Created Permission View: can edit on DAG:example_task_group_decorator
[2023-08-05T10:39:19.913+0200] {logging_mixin.py:150} INFO - [2023-08-05T10:39:19.913+0200] {manager.py:504} INFO - Created Permission View: can delete on DAG:example_task_group_decorator
[2023-08-05T10:39:19.936+0200] {logging_mixin.py:150} INFO - [2023-08-05T10:39:19.936+0200] {dag.py:2742} INFO - Sync 1 DAGs
[2023-08-05T10:39:19.957+0200] {logging_mixin.py:150} INFO - [2023-08-05T10:39:19.956+0200] {dag.py:2763} INFO - Creating ORM DAG for example_task_group_decorator
[2023-08-05T10:39:20.001+0200] {logging_mixin.py:150} INFO - [2023-08-05T10:39:20.001+0200] {dag.py:3504} INFO - Setting next_dagrun for example_task_group_decorator to 2023-08-04T08:39:20.000966+00:00, run_after=2023-08-05T08:39:20.000966+00:00
[2023-08-05T10:39:20.080+0200] {processor.py:179} INFO - Processing /Users/felipe.vasconcelos/repos/courses/python-learnings/.venv/lib/python3.10/site-packages/airflow/example_dags/example_task_group_decorator.py took 2.207 seconds
[2023-08-05T10:42:22.285+0200] {processor.py:157} INFO - Started process (PID=82666) to work on /Users/felipe.vasconcelos/repos/courses/python-learnings/.venv/lib/python3.10/site-packages/airflow/example_dags/example_task_group_decorator.py
[2023-08-05T10:42:22.292+0200] {processor.py:826} INFO - Processing file /Users/felipe.vasconcelos/repos/courses/python-learnings/.venv/lib/python3.10/site-packages/airflow/example_dags/example_task_group_decorator.py for tasks to queue
[2023-08-05T10:42:22.293+0200] {logging_mixin.py:150} INFO - [2023-08-05T10:42:22.293+0200] {dagbag.py:541} INFO - Filling up the DagBag from /Users/felipe.vasconcelos/repos/courses/python-learnings/.venv/lib/python3.10/site-packages/airflow/example_dags/example_task_group_decorator.py
[2023-08-05T10:42:22.394+0200] {processor.py:836} INFO - DAG(s) dict_keys(['example_task_group_decorator']) retrieved from /Users/felipe.vasconcelos/repos/courses/python-learnings/.venv/lib/python3.10/site-packages/airflow/example_dags/example_task_group_decorator.py
[2023-08-05T10:42:23.098+0200] {logging_mixin.py:150} INFO - [2023-08-05T10:42:23.098+0200] {dag.py:2742} INFO - Sync 1 DAGs
[2023-08-05T10:42:23.120+0200] {logging_mixin.py:150} INFO - [2023-08-05T10:42:23.120+0200] {dag.py:3504} INFO - Setting next_dagrun for example_task_group_decorator to 2023-08-04T08:42:23.120590+00:00, run_after=2023-08-05T08:42:23.120590+00:00
[2023-08-05T10:42:23.165+0200] {processor.py:179} INFO - Processing /Users/felipe.vasconcelos/repos/courses/python-learnings/.venv/lib/python3.10/site-packages/airflow/example_dags/example_task_group_decorator.py took 0.882 seconds
[2023-08-05T10:46:06.425+0200] {processor.py:157} INFO - Started process (PID=82790) to work on /Users/felipe.vasconcelos/repos/courses/python-learnings/.venv/lib/python3.10/site-packages/airflow/example_dags/example_task_group_decorator.py
[2023-08-05T10:46:06.432+0200] {processor.py:826} INFO - Processing file /Users/felipe.vasconcelos/repos/courses/python-learnings/.venv/lib/python3.10/site-packages/airflow/example_dags/example_task_group_decorator.py for tasks to queue
[2023-08-05T10:46:06.434+0200] {logging_mixin.py:150} INFO - [2023-08-05T10:46:06.433+0200] {dagbag.py:541} INFO - Filling up the DagBag from /Users/felipe.vasconcelos/repos/courses/python-learnings/.venv/lib/python3.10/site-packages/airflow/example_dags/example_task_group_decorator.py
[2023-08-05T10:46:06.535+0200] {processor.py:836} INFO - DAG(s) dict_keys(['example_task_group_decorator']) retrieved from /Users/felipe.vasconcelos/repos/courses/python-learnings/.venv/lib/python3.10/site-packages/airflow/example_dags/example_task_group_decorator.py
[2023-08-05T10:46:08.620+0200] {logging_mixin.py:150} INFO - [2023-08-05T10:46:08.602+0200] {dag.py:2742} INFO - Sync 1 DAGs
[2023-08-05T10:46:08.700+0200] {logging_mixin.py:150} INFO - [2023-08-05T10:46:08.699+0200] {dag.py:3504} INFO - Setting next_dagrun for example_task_group_decorator to 2023-08-04T08:46:08.697235+00:00, run_after=2023-08-05T08:46:08.697235+00:00
[2023-08-05T10:46:09.178+0200] {processor.py:179} INFO - Processing /Users/felipe.vasconcelos/repos/courses/python-learnings/.venv/lib/python3.10/site-packages/airflow/example_dags/example_task_group_decorator.py took 2.752 seconds
[2023-08-05T10:48:33.887+0200] {processor.py:157} INFO - Started process (PID=82872) to work on /Users/felipe.vasconcelos/repos/courses/python-learnings/.venv/lib/python3.10/site-packages/airflow/example_dags/example_task_group_decorator.py
[2023-08-05T10:48:33.893+0200] {processor.py:826} INFO - Processing file /Users/felipe.vasconcelos/repos/courses/python-learnings/.venv/lib/python3.10/site-packages/airflow/example_dags/example_task_group_decorator.py for tasks to queue
[2023-08-05T10:48:33.894+0200] {logging_mixin.py:150} INFO - [2023-08-05T10:48:33.894+0200] {dagbag.py:541} INFO - Filling up the DagBag from /Users/felipe.vasconcelos/repos/courses/python-learnings/.venv/lib/python3.10/site-packages/airflow/example_dags/example_task_group_decorator.py
[2023-08-05T10:48:33.961+0200] {processor.py:836} INFO - DAG(s) dict_keys(['example_task_group_decorator']) retrieved from /Users/felipe.vasconcelos/repos/courses/python-learnings/.venv/lib/python3.10/site-packages/airflow/example_dags/example_task_group_decorator.py
[2023-08-05T10:48:34.627+0200] {logging_mixin.py:150} INFO - [2023-08-05T10:48:34.626+0200] {dag.py:2742} INFO - Sync 1 DAGs
[2023-08-05T10:48:34.643+0200] {logging_mixin.py:150} INFO - [2023-08-05T10:48:34.643+0200] {dag.py:3504} INFO - Setting next_dagrun for example_task_group_decorator to 2023-08-04T08:48:34.643364+00:00, run_after=2023-08-05T08:48:34.643364+00:00
[2023-08-05T10:48:34.669+0200] {processor.py:179} INFO - Processing /Users/felipe.vasconcelos/repos/courses/python-learnings/.venv/lib/python3.10/site-packages/airflow/example_dags/example_task_group_decorator.py took 0.784 seconds
[2023-08-05T10:50:48.248+0200] {processor.py:157} INFO - Started process (PID=82932) to work on /Users/felipe.vasconcelos/repos/courses/python-learnings/.venv/lib/python3.10/site-packages/airflow/example_dags/example_task_group_decorator.py
[2023-08-05T10:50:48.259+0200] {processor.py:826} INFO - Processing file /Users/felipe.vasconcelos/repos/courses/python-learnings/.venv/lib/python3.10/site-packages/airflow/example_dags/example_task_group_decorator.py for tasks to queue
[2023-08-05T10:50:48.260+0200] {logging_mixin.py:150} INFO - [2023-08-05T10:50:48.260+0200] {dagbag.py:541} INFO - Filling up the DagBag from /Users/felipe.vasconcelos/repos/courses/python-learnings/.venv/lib/python3.10/site-packages/airflow/example_dags/example_task_group_decorator.py
[2023-08-05T10:50:48.423+0200] {processor.py:836} INFO - DAG(s) dict_keys(['example_task_group_decorator']) retrieved from /Users/felipe.vasconcelos/repos/courses/python-learnings/.venv/lib/python3.10/site-packages/airflow/example_dags/example_task_group_decorator.py
[2023-08-05T10:50:51.873+0200] {logging_mixin.py:150} INFO - [2023-08-05T10:50:51.872+0200] {dag.py:2742} INFO - Sync 1 DAGs
[2023-08-05T10:50:52.025+0200] {logging_mixin.py:150} INFO - [2023-08-05T10:50:52.024+0200] {dag.py:3504} INFO - Setting next_dagrun for example_task_group_decorator to 2023-08-04T08:50:52.024552+00:00, run_after=2023-08-05T08:50:52.024552+00:00
[2023-08-05T10:50:52.082+0200] {processor.py:179} INFO - Processing /Users/felipe.vasconcelos/repos/courses/python-learnings/.venv/lib/python3.10/site-packages/airflow/example_dags/example_task_group_decorator.py took 3.837 seconds
[2023-08-05T10:53:08.488+0200] {processor.py:157} INFO - Started process (PID=82998) to work on /Users/felipe.vasconcelos/repos/courses/python-learnings/.venv/lib/python3.10/site-packages/airflow/example_dags/example_task_group_decorator.py
[2023-08-05T10:53:08.494+0200] {processor.py:826} INFO - Processing file /Users/felipe.vasconcelos/repos/courses/python-learnings/.venv/lib/python3.10/site-packages/airflow/example_dags/example_task_group_decorator.py for tasks to queue
[2023-08-05T10:53:08.495+0200] {logging_mixin.py:150} INFO - [2023-08-05T10:53:08.495+0200] {dagbag.py:541} INFO - Filling up the DagBag from /Users/felipe.vasconcelos/repos/courses/python-learnings/.venv/lib/python3.10/site-packages/airflow/example_dags/example_task_group_decorator.py
[2023-08-05T10:53:08.597+0200] {processor.py:836} INFO - DAG(s) dict_keys(['example_task_group_decorator']) retrieved from /Users/felipe.vasconcelos/repos/courses/python-learnings/.venv/lib/python3.10/site-packages/airflow/example_dags/example_task_group_decorator.py
[2023-08-05T10:53:09.411+0200] {logging_mixin.py:150} INFO - [2023-08-05T10:53:09.410+0200] {dag.py:2742} INFO - Sync 1 DAGs
[2023-08-05T10:53:09.430+0200] {logging_mixin.py:150} INFO - [2023-08-05T10:53:09.430+0200] {dag.py:3504} INFO - Setting next_dagrun for example_task_group_decorator to 2023-08-04T08:53:09.430282+00:00, run_after=2023-08-05T08:53:09.430282+00:00
[2023-08-05T10:53:09.451+0200] {processor.py:179} INFO - Processing /Users/felipe.vasconcelos/repos/courses/python-learnings/.venv/lib/python3.10/site-packages/airflow/example_dags/example_task_group_decorator.py took 0.965 seconds
[2023-08-05T10:55:24.445+0200] {processor.py:157} INFO - Started process (PID=83064) to work on /Users/felipe.vasconcelos/repos/courses/python-learnings/.venv/lib/python3.10/site-packages/airflow/example_dags/example_task_group_decorator.py
[2023-08-05T10:55:24.451+0200] {processor.py:826} INFO - Processing file /Users/felipe.vasconcelos/repos/courses/python-learnings/.venv/lib/python3.10/site-packages/airflow/example_dags/example_task_group_decorator.py for tasks to queue
[2023-08-05T10:55:24.452+0200] {logging_mixin.py:150} INFO - [2023-08-05T10:55:24.452+0200] {dagbag.py:541} INFO - Filling up the DagBag from /Users/felipe.vasconcelos/repos/courses/python-learnings/.venv/lib/python3.10/site-packages/airflow/example_dags/example_task_group_decorator.py
[2023-08-05T10:55:24.517+0200] {processor.py:836} INFO - DAG(s) dict_keys(['example_task_group_decorator']) retrieved from /Users/felipe.vasconcelos/repos/courses/python-learnings/.venv/lib/python3.10/site-packages/airflow/example_dags/example_task_group_decorator.py
[2023-08-05T10:55:25.269+0200] {logging_mixin.py:150} INFO - [2023-08-05T10:55:25.269+0200] {dag.py:2742} INFO - Sync 1 DAGs
[2023-08-05T10:55:25.288+0200] {logging_mixin.py:150} INFO - [2023-08-05T10:55:25.288+0200] {dag.py:3504} INFO - Setting next_dagrun for example_task_group_decorator to 2023-08-04T08:55:25.288242+00:00, run_after=2023-08-05T08:55:25.288242+00:00
[2023-08-05T10:55:25.311+0200] {processor.py:179} INFO - Processing /Users/felipe.vasconcelos/repos/courses/python-learnings/.venv/lib/python3.10/site-packages/airflow/example_dags/example_task_group_decorator.py took 0.867 seconds
[2023-08-05T10:57:30.690+0200] {processor.py:157} INFO - Started process (PID=83128) to work on /Users/felipe.vasconcelos/repos/courses/python-learnings/.venv/lib/python3.10/site-packages/airflow/example_dags/example_task_group_decorator.py
[2023-08-05T10:57:30.697+0200] {processor.py:826} INFO - Processing file /Users/felipe.vasconcelos/repos/courses/python-learnings/.venv/lib/python3.10/site-packages/airflow/example_dags/example_task_group_decorator.py for tasks to queue
[2023-08-05T10:57:30.697+0200] {logging_mixin.py:150} INFO - [2023-08-05T10:57:30.697+0200] {dagbag.py:541} INFO - Filling up the DagBag from /Users/felipe.vasconcelos/repos/courses/python-learnings/.venv/lib/python3.10/site-packages/airflow/example_dags/example_task_group_decorator.py
[2023-08-05T10:57:30.766+0200] {processor.py:836} INFO - DAG(s) dict_keys(['example_task_group_decorator']) retrieved from /Users/felipe.vasconcelos/repos/courses/python-learnings/.venv/lib/python3.10/site-packages/airflow/example_dags/example_task_group_decorator.py
[2023-08-05T10:57:31.598+0200] {logging_mixin.py:150} INFO - [2023-08-05T10:57:31.598+0200] {dag.py:2742} INFO - Sync 1 DAGs
[2023-08-05T10:57:31.615+0200] {logging_mixin.py:150} INFO - [2023-08-05T10:57:31.615+0200] {dag.py:3504} INFO - Setting next_dagrun for example_task_group_decorator to 2023-08-04T08:57:31.615444+00:00, run_after=2023-08-05T08:57:31.615444+00:00
[2023-08-05T10:57:31.635+0200] {processor.py:179} INFO - Processing /Users/felipe.vasconcelos/repos/courses/python-learnings/.venv/lib/python3.10/site-packages/airflow/example_dags/example_task_group_decorator.py took 0.946 seconds
[2023-08-05T11:11:47.555+0200] {processor.py:157} INFO - Started process (PID=83253) to work on /Users/felipe.vasconcelos/repos/courses/python-learnings/.venv/lib/python3.10/site-packages/airflow/example_dags/example_task_group_decorator.py
[2023-08-05T11:11:47.562+0200] {processor.py:826} INFO - Processing file /Users/felipe.vasconcelos/repos/courses/python-learnings/.venv/lib/python3.10/site-packages/airflow/example_dags/example_task_group_decorator.py for tasks to queue
[2023-08-05T11:11:47.563+0200] {logging_mixin.py:150} INFO - [2023-08-05T11:11:47.563+0200] {dagbag.py:541} INFO - Filling up the DagBag from /Users/felipe.vasconcelos/repos/courses/python-learnings/.venv/lib/python3.10/site-packages/airflow/example_dags/example_task_group_decorator.py
[2023-08-05T11:11:47.719+0200] {processor.py:836} INFO - DAG(s) dict_keys(['example_task_group_decorator']) retrieved from /Users/felipe.vasconcelos/repos/courses/python-learnings/.venv/lib/python3.10/site-packages/airflow/example_dags/example_task_group_decorator.py
[2023-08-05T11:11:48.639+0200] {logging_mixin.py:150} INFO - [2023-08-05T11:11:48.639+0200] {dag.py:2742} INFO - Sync 1 DAGs
[2023-08-05T11:11:48.659+0200] {logging_mixin.py:150} INFO - [2023-08-05T11:11:48.659+0200] {dag.py:3504} INFO - Setting next_dagrun for example_task_group_decorator to 2023-08-04T09:11:48.659333+00:00, run_after=2023-08-05T09:11:48.659333+00:00
[2023-08-05T11:11:48.683+0200] {processor.py:179} INFO - Processing /Users/felipe.vasconcelos/repos/courses/python-learnings/.venv/lib/python3.10/site-packages/airflow/example_dags/example_task_group_decorator.py took 1.130 seconds
[2023-08-05T11:14:11.229+0200] {processor.py:157} INFO - Started process (PID=83322) to work on /Users/felipe.vasconcelos/repos/courses/python-learnings/.venv/lib/python3.10/site-packages/airflow/example_dags/example_task_group_decorator.py
[2023-08-05T11:14:11.235+0200] {processor.py:826} INFO - Processing file /Users/felipe.vasconcelos/repos/courses/python-learnings/.venv/lib/python3.10/site-packages/airflow/example_dags/example_task_group_decorator.py for tasks to queue
[2023-08-05T11:14:11.236+0200] {logging_mixin.py:150} INFO - [2023-08-05T11:14:11.235+0200] {dagbag.py:541} INFO - Filling up the DagBag from /Users/felipe.vasconcelos/repos/courses/python-learnings/.venv/lib/python3.10/site-packages/airflow/example_dags/example_task_group_decorator.py
[2023-08-05T11:14:11.327+0200] {processor.py:836} INFO - DAG(s) dict_keys(['example_task_group_decorator']) retrieved from /Users/felipe.vasconcelos/repos/courses/python-learnings/.venv/lib/python3.10/site-packages/airflow/example_dags/example_task_group_decorator.py
[2023-08-05T11:14:12.043+0200] {logging_mixin.py:150} INFO - [2023-08-05T11:14:12.042+0200] {dag.py:2742} INFO - Sync 1 DAGs
[2023-08-05T11:14:12.060+0200] {logging_mixin.py:150} INFO - [2023-08-05T11:14:12.059+0200] {dag.py:3504} INFO - Setting next_dagrun for example_task_group_decorator to 2023-08-04T09:14:12.059832+00:00, run_after=2023-08-05T09:14:12.059832+00:00
[2023-08-05T11:14:12.078+0200] {processor.py:179} INFO - Processing /Users/felipe.vasconcelos/repos/courses/python-learnings/.venv/lib/python3.10/site-packages/airflow/example_dags/example_task_group_decorator.py took 0.851 seconds
[2023-08-05T11:16:15.192+0200] {processor.py:157} INFO - Started process (PID=83380) to work on /Users/felipe.vasconcelos/repos/courses/python-learnings/.venv/lib/python3.10/site-packages/airflow/example_dags/example_task_group_decorator.py
[2023-08-05T11:16:15.199+0200] {processor.py:826} INFO - Processing file /Users/felipe.vasconcelos/repos/courses/python-learnings/.venv/lib/python3.10/site-packages/airflow/example_dags/example_task_group_decorator.py for tasks to queue
[2023-08-05T11:16:15.200+0200] {logging_mixin.py:150} INFO - [2023-08-05T11:16:15.200+0200] {dagbag.py:541} INFO - Filling up the DagBag from /Users/felipe.vasconcelos/repos/courses/python-learnings/.venv/lib/python3.10/site-packages/airflow/example_dags/example_task_group_decorator.py
[2023-08-05T11:16:15.263+0200] {processor.py:836} INFO - DAG(s) dict_keys(['example_task_group_decorator']) retrieved from /Users/felipe.vasconcelos/repos/courses/python-learnings/.venv/lib/python3.10/site-packages/airflow/example_dags/example_task_group_decorator.py
[2023-08-05T11:16:15.949+0200] {logging_mixin.py:150} INFO - [2023-08-05T11:16:15.949+0200] {dag.py:2742} INFO - Sync 1 DAGs
[2023-08-05T11:16:15.966+0200] {logging_mixin.py:150} INFO - [2023-08-05T11:16:15.966+0200] {dag.py:3504} INFO - Setting next_dagrun for example_task_group_decorator to 2023-08-04T09:16:15.966602+00:00, run_after=2023-08-05T09:16:15.966602+00:00
[2023-08-05T11:16:15.988+0200] {processor.py:179} INFO - Processing /Users/felipe.vasconcelos/repos/courses/python-learnings/.venv/lib/python3.10/site-packages/airflow/example_dags/example_task_group_decorator.py took 0.797 seconds
[2023-08-05T11:18:23.407+0200] {processor.py:157} INFO - Started process (PID=83434) to work on /Users/felipe.vasconcelos/repos/courses/python-learnings/.venv/lib/python3.10/site-packages/airflow/example_dags/example_task_group_decorator.py
[2023-08-05T11:18:23.414+0200] {processor.py:826} INFO - Processing file /Users/felipe.vasconcelos/repos/courses/python-learnings/.venv/lib/python3.10/site-packages/airflow/example_dags/example_task_group_decorator.py for tasks to queue
[2023-08-05T11:18:23.415+0200] {logging_mixin.py:150} INFO - [2023-08-05T11:18:23.414+0200] {dagbag.py:541} INFO - Filling up the DagBag from /Users/felipe.vasconcelos/repos/courses/python-learnings/.venv/lib/python3.10/site-packages/airflow/example_dags/example_task_group_decorator.py
[2023-08-05T11:18:23.483+0200] {processor.py:836} INFO - DAG(s) dict_keys(['example_task_group_decorator']) retrieved from /Users/felipe.vasconcelos/repos/courses/python-learnings/.venv/lib/python3.10/site-packages/airflow/example_dags/example_task_group_decorator.py
[2023-08-05T11:18:24.248+0200] {logging_mixin.py:150} INFO - [2023-08-05T11:18:24.247+0200] {dag.py:2742} INFO - Sync 1 DAGs
[2023-08-05T11:18:24.266+0200] {logging_mixin.py:150} INFO - [2023-08-05T11:18:24.266+0200] {dag.py:3504} INFO - Setting next_dagrun for example_task_group_decorator to 2023-08-04T09:18:24.266135+00:00, run_after=2023-08-05T09:18:24.266135+00:00
[2023-08-05T11:18:24.288+0200] {processor.py:179} INFO - Processing /Users/felipe.vasconcelos/repos/courses/python-learnings/.venv/lib/python3.10/site-packages/airflow/example_dags/example_task_group_decorator.py took 0.882 seconds
[2023-08-05T11:20:35.632+0200] {processor.py:157} INFO - Started process (PID=83499) to work on /Users/felipe.vasconcelos/repos/courses/python-learnings/.venv/lib/python3.10/site-packages/airflow/example_dags/example_task_group_decorator.py
[2023-08-05T11:20:35.638+0200] {processor.py:826} INFO - Processing file /Users/felipe.vasconcelos/repos/courses/python-learnings/.venv/lib/python3.10/site-packages/airflow/example_dags/example_task_group_decorator.py for tasks to queue
[2023-08-05T11:20:35.639+0200] {logging_mixin.py:150} INFO - [2023-08-05T11:20:35.638+0200] {dagbag.py:541} INFO - Filling up the DagBag from /Users/felipe.vasconcelos/repos/courses/python-learnings/.venv/lib/python3.10/site-packages/airflow/example_dags/example_task_group_decorator.py
[2023-08-05T11:20:35.707+0200] {processor.py:836} INFO - DAG(s) dict_keys(['example_task_group_decorator']) retrieved from /Users/felipe.vasconcelos/repos/courses/python-learnings/.venv/lib/python3.10/site-packages/airflow/example_dags/example_task_group_decorator.py
[2023-08-05T11:20:36.427+0200] {logging_mixin.py:150} INFO - [2023-08-05T11:20:36.426+0200] {dag.py:2742} INFO - Sync 1 DAGs
[2023-08-05T11:20:36.446+0200] {logging_mixin.py:150} INFO - [2023-08-05T11:20:36.446+0200] {dag.py:3504} INFO - Setting next_dagrun for example_task_group_decorator to 2023-08-04T09:20:36.446158+00:00, run_after=2023-08-05T09:20:36.446158+00:00
[2023-08-05T11:20:36.468+0200] {processor.py:179} INFO - Processing /Users/felipe.vasconcelos/repos/courses/python-learnings/.venv/lib/python3.10/site-packages/airflow/example_dags/example_task_group_decorator.py took 0.837 seconds
[2023-08-05T11:23:01.070+0200] {processor.py:157} INFO - Started process (PID=83571) to work on /Users/felipe.vasconcelos/repos/courses/python-learnings/.venv/lib/python3.10/site-packages/airflow/example_dags/example_task_group_decorator.py
[2023-08-05T11:23:01.076+0200] {processor.py:826} INFO - Processing file /Users/felipe.vasconcelos/repos/courses/python-learnings/.venv/lib/python3.10/site-packages/airflow/example_dags/example_task_group_decorator.py for tasks to queue
[2023-08-05T11:23:01.077+0200] {logging_mixin.py:150} INFO - [2023-08-05T11:23:01.077+0200] {dagbag.py:541} INFO - Filling up the DagBag from /Users/felipe.vasconcelos/repos/courses/python-learnings/.venv/lib/python3.10/site-packages/airflow/example_dags/example_task_group_decorator.py
[2023-08-05T11:23:01.147+0200] {processor.py:836} INFO - DAG(s) dict_keys(['example_task_group_decorator']) retrieved from /Users/felipe.vasconcelos/repos/courses/python-learnings/.venv/lib/python3.10/site-packages/airflow/example_dags/example_task_group_decorator.py
[2023-08-05T11:23:01.889+0200] {logging_mixin.py:150} INFO - [2023-08-05T11:23:01.889+0200] {dag.py:2742} INFO - Sync 1 DAGs
[2023-08-05T11:23:01.907+0200] {logging_mixin.py:150} INFO - [2023-08-05T11:23:01.906+0200] {dag.py:3504} INFO - Setting next_dagrun for example_task_group_decorator to 2023-08-04T09:23:01.906696+00:00, run_after=2023-08-05T09:23:01.906696+00:00
[2023-08-05T11:23:01.926+0200] {processor.py:179} INFO - Processing /Users/felipe.vasconcelos/repos/courses/python-learnings/.venv/lib/python3.10/site-packages/airflow/example_dags/example_task_group_decorator.py took 0.857 seconds
[2023-08-05T11:25:16.224+0200] {processor.py:157} INFO - Started process (PID=83627) to work on /Users/felipe.vasconcelos/repos/courses/python-learnings/.venv/lib/python3.10/site-packages/airflow/example_dags/example_task_group_decorator.py
[2023-08-05T11:25:16.231+0200] {processor.py:826} INFO - Processing file /Users/felipe.vasconcelos/repos/courses/python-learnings/.venv/lib/python3.10/site-packages/airflow/example_dags/example_task_group_decorator.py for tasks to queue
[2023-08-05T11:25:16.232+0200] {logging_mixin.py:150} INFO - [2023-08-05T11:25:16.231+0200] {dagbag.py:541} INFO - Filling up the DagBag from /Users/felipe.vasconcelos/repos/courses/python-learnings/.venv/lib/python3.10/site-packages/airflow/example_dags/example_task_group_decorator.py
[2023-08-05T11:25:16.298+0200] {processor.py:836} INFO - DAG(s) dict_keys(['example_task_group_decorator']) retrieved from /Users/felipe.vasconcelos/repos/courses/python-learnings/.venv/lib/python3.10/site-packages/airflow/example_dags/example_task_group_decorator.py
[2023-08-05T11:25:17.011+0200] {logging_mixin.py:150} INFO - [2023-08-05T11:25:17.011+0200] {dag.py:2742} INFO - Sync 1 DAGs
[2023-08-05T11:25:17.028+0200] {logging_mixin.py:150} INFO - [2023-08-05T11:25:17.028+0200] {dag.py:3504} INFO - Setting next_dagrun for example_task_group_decorator to 2023-08-04T09:25:17.028571+00:00, run_after=2023-08-05T09:25:17.028571+00:00
[2023-08-05T11:25:17.050+0200] {processor.py:179} INFO - Processing /Users/felipe.vasconcelos/repos/courses/python-learnings/.venv/lib/python3.10/site-packages/airflow/example_dags/example_task_group_decorator.py took 0.827 seconds
[2023-08-05T11:27:32.775+0200] {processor.py:157} INFO - Started process (PID=83685) to work on /Users/felipe.vasconcelos/repos/courses/python-learnings/.venv/lib/python3.10/site-packages/airflow/example_dags/example_task_group_decorator.py
[2023-08-05T11:27:32.782+0200] {processor.py:826} INFO - Processing file /Users/felipe.vasconcelos/repos/courses/python-learnings/.venv/lib/python3.10/site-packages/airflow/example_dags/example_task_group_decorator.py for tasks to queue
[2023-08-05T11:27:32.783+0200] {logging_mixin.py:150} INFO - [2023-08-05T11:27:32.783+0200] {dagbag.py:541} INFO - Filling up the DagBag from /Users/felipe.vasconcelos/repos/courses/python-learnings/.venv/lib/python3.10/site-packages/airflow/example_dags/example_task_group_decorator.py
[2023-08-05T11:27:32.852+0200] {processor.py:836} INFO - DAG(s) dict_keys(['example_task_group_decorator']) retrieved from /Users/felipe.vasconcelos/repos/courses/python-learnings/.venv/lib/python3.10/site-packages/airflow/example_dags/example_task_group_decorator.py
[2023-08-05T11:27:33.558+0200] {logging_mixin.py:150} INFO - [2023-08-05T11:27:33.558+0200] {dag.py:2742} INFO - Sync 1 DAGs
[2023-08-05T11:27:33.576+0200] {logging_mixin.py:150} INFO - [2023-08-05T11:27:33.576+0200] {dag.py:3504} INFO - Setting next_dagrun for example_task_group_decorator to 2023-08-04T09:27:33.576019+00:00, run_after=2023-08-05T09:27:33.576019+00:00
[2023-08-05T11:27:33.596+0200] {processor.py:179} INFO - Processing /Users/felipe.vasconcelos/repos/courses/python-learnings/.venv/lib/python3.10/site-packages/airflow/example_dags/example_task_group_decorator.py took 0.823 seconds
[2023-08-05T11:29:41.601+0200] {processor.py:157} INFO - Started process (PID=83741) to work on /Users/felipe.vasconcelos/repos/courses/python-learnings/.venv/lib/python3.10/site-packages/airflow/example_dags/example_task_group_decorator.py
[2023-08-05T11:29:41.608+0200] {processor.py:826} INFO - Processing file /Users/felipe.vasconcelos/repos/courses/python-learnings/.venv/lib/python3.10/site-packages/airflow/example_dags/example_task_group_decorator.py for tasks to queue
[2023-08-05T11:29:41.608+0200] {logging_mixin.py:150} INFO - [2023-08-05T11:29:41.608+0200] {dagbag.py:541} INFO - Filling up the DagBag from /Users/felipe.vasconcelos/repos/courses/python-learnings/.venv/lib/python3.10/site-packages/airflow/example_dags/example_task_group_decorator.py
[2023-08-05T11:29:41.673+0200] {processor.py:836} INFO - DAG(s) dict_keys(['example_task_group_decorator']) retrieved from /Users/felipe.vasconcelos/repos/courses/python-learnings/.venv/lib/python3.10/site-packages/airflow/example_dags/example_task_group_decorator.py
[2023-08-05T11:29:42.386+0200] {logging_mixin.py:150} INFO - [2023-08-05T11:29:42.386+0200] {dag.py:2742} INFO - Sync 1 DAGs
[2023-08-05T11:29:42.406+0200] {logging_mixin.py:150} INFO - [2023-08-05T11:29:42.406+0200] {dag.py:3504} INFO - Setting next_dagrun for example_task_group_decorator to 2023-08-04T09:29:42.406054+00:00, run_after=2023-08-05T09:29:42.406054+00:00
[2023-08-05T11:29:42.427+0200] {processor.py:179} INFO - Processing /Users/felipe.vasconcelos/repos/courses/python-learnings/.venv/lib/python3.10/site-packages/airflow/example_dags/example_task_group_decorator.py took 0.827 seconds
[2023-08-05T11:32:45.593+0200] {processor.py:157} INFO - Started process (PID=83839) to work on /Users/felipe.vasconcelos/repos/courses/python-learnings/.venv/lib/python3.10/site-packages/airflow/example_dags/example_task_group_decorator.py
[2023-08-05T11:32:45.600+0200] {processor.py:826} INFO - Processing file /Users/felipe.vasconcelos/repos/courses/python-learnings/.venv/lib/python3.10/site-packages/airflow/example_dags/example_task_group_decorator.py for tasks to queue
[2023-08-05T11:32:45.600+0200] {logging_mixin.py:150} INFO - [2023-08-05T11:32:45.600+0200] {dagbag.py:541} INFO - Filling up the DagBag from /Users/felipe.vasconcelos/repos/courses/python-learnings/.venv/lib/python3.10/site-packages/airflow/example_dags/example_task_group_decorator.py
[2023-08-05T11:32:45.666+0200] {processor.py:836} INFO - DAG(s) dict_keys(['example_task_group_decorator']) retrieved from /Users/felipe.vasconcelos/repos/courses/python-learnings/.venv/lib/python3.10/site-packages/airflow/example_dags/example_task_group_decorator.py
[2023-08-05T11:32:47.006+0200] {logging_mixin.py:150} INFO - [2023-08-05T11:32:47.006+0200] {dag.py:2742} INFO - Sync 1 DAGs
[2023-08-05T11:32:47.029+0200] {logging_mixin.py:150} INFO - [2023-08-05T11:32:47.029+0200] {dag.py:3504} INFO - Setting next_dagrun for example_task_group_decorator to 2023-08-04T09:32:47.029037+00:00, run_after=2023-08-05T09:32:47.029037+00:00
[2023-08-05T11:32:47.052+0200] {processor.py:179} INFO - Processing /Users/felipe.vasconcelos/repos/courses/python-learnings/.venv/lib/python3.10/site-packages/airflow/example_dags/example_task_group_decorator.py took 1.460 seconds
[2023-08-05T11:35:17.021+0200] {processor.py:157} INFO - Started process (PID=83927) to work on /Users/felipe.vasconcelos/repos/courses/python-learnings/.venv/lib/python3.10/site-packages/airflow/example_dags/example_task_group_decorator.py
[2023-08-05T11:35:17.026+0200] {processor.py:826} INFO - Processing file /Users/felipe.vasconcelos/repos/courses/python-learnings/.venv/lib/python3.10/site-packages/airflow/example_dags/example_task_group_decorator.py for tasks to queue
[2023-08-05T11:35:17.027+0200] {logging_mixin.py:150} INFO - [2023-08-05T11:35:17.027+0200] {dagbag.py:541} INFO - Filling up the DagBag from /Users/felipe.vasconcelos/repos/courses/python-learnings/.venv/lib/python3.10/site-packages/airflow/example_dags/example_task_group_decorator.py
[2023-08-05T11:35:17.096+0200] {processor.py:836} INFO - DAG(s) dict_keys(['example_task_group_decorator']) retrieved from /Users/felipe.vasconcelos/repos/courses/python-learnings/.venv/lib/python3.10/site-packages/airflow/example_dags/example_task_group_decorator.py
[2023-08-05T11:35:17.831+0200] {logging_mixin.py:150} INFO - [2023-08-05T11:35:17.831+0200] {dag.py:2742} INFO - Sync 1 DAGs
[2023-08-05T11:35:17.848+0200] {logging_mixin.py:150} INFO - [2023-08-05T11:35:17.848+0200] {dag.py:3504} INFO - Setting next_dagrun for example_task_group_decorator to 2023-08-04T09:35:17.848664+00:00, run_after=2023-08-05T09:35:17.848664+00:00
[2023-08-05T11:35:17.871+0200] {processor.py:179} INFO - Processing /Users/felipe.vasconcelos/repos/courses/python-learnings/.venv/lib/python3.10/site-packages/airflow/example_dags/example_task_group_decorator.py took 0.851 seconds
[2023-08-05T11:37:30.945+0200] {processor.py:157} INFO - Started process (PID=83997) to work on /Users/felipe.vasconcelos/repos/courses/python-learnings/.venv/lib/python3.10/site-packages/airflow/example_dags/example_task_group_decorator.py
[2023-08-05T11:37:30.951+0200] {processor.py:826} INFO - Processing file /Users/felipe.vasconcelos/repos/courses/python-learnings/.venv/lib/python3.10/site-packages/airflow/example_dags/example_task_group_decorator.py for tasks to queue
[2023-08-05T11:37:30.952+0200] {logging_mixin.py:150} INFO - [2023-08-05T11:37:30.952+0200] {dagbag.py:541} INFO - Filling up the DagBag from /Users/felipe.vasconcelos/repos/courses/python-learnings/.venv/lib/python3.10/site-packages/airflow/example_dags/example_task_group_decorator.py
[2023-08-05T11:37:31.018+0200] {processor.py:836} INFO - DAG(s) dict_keys(['example_task_group_decorator']) retrieved from /Users/felipe.vasconcelos/repos/courses/python-learnings/.venv/lib/python3.10/site-packages/airflow/example_dags/example_task_group_decorator.py
[2023-08-05T11:37:31.724+0200] {logging_mixin.py:150} INFO - [2023-08-05T11:37:31.724+0200] {dag.py:2742} INFO - Sync 1 DAGs
[2023-08-05T11:37:31.742+0200] {logging_mixin.py:150} INFO - [2023-08-05T11:37:31.741+0200] {dag.py:3504} INFO - Setting next_dagrun for example_task_group_decorator to 2023-08-04T09:37:31.741782+00:00, run_after=2023-08-05T09:37:31.741782+00:00
[2023-08-05T11:37:31.763+0200] {processor.py:179} INFO - Processing /Users/felipe.vasconcelos/repos/courses/python-learnings/.venv/lib/python3.10/site-packages/airflow/example_dags/example_task_group_decorator.py took 0.820 seconds
[2023-08-05T11:39:44.688+0200] {processor.py:157} INFO - Started process (PID=84064) to work on /Users/felipe.vasconcelos/repos/courses/python-learnings/.venv/lib/python3.10/site-packages/airflow/example_dags/example_task_group_decorator.py
[2023-08-05T11:39:44.693+0200] {processor.py:826} INFO - Processing file /Users/felipe.vasconcelos/repos/courses/python-learnings/.venv/lib/python3.10/site-packages/airflow/example_dags/example_task_group_decorator.py for tasks to queue
[2023-08-05T11:39:44.694+0200] {logging_mixin.py:150} INFO - [2023-08-05T11:39:44.694+0200] {dagbag.py:541} INFO - Filling up the DagBag from /Users/felipe.vasconcelos/repos/courses/python-learnings/.venv/lib/python3.10/site-packages/airflow/example_dags/example_task_group_decorator.py
[2023-08-05T11:39:44.763+0200] {processor.py:836} INFO - DAG(s) dict_keys(['example_task_group_decorator']) retrieved from /Users/felipe.vasconcelos/repos/courses/python-learnings/.venv/lib/python3.10/site-packages/airflow/example_dags/example_task_group_decorator.py
[2023-08-05T11:39:45.490+0200] {logging_mixin.py:150} INFO - [2023-08-05T11:39:45.489+0200] {dag.py:2742} INFO - Sync 1 DAGs
[2023-08-05T11:39:45.507+0200] {logging_mixin.py:150} INFO - [2023-08-05T11:39:45.507+0200] {dag.py:3504} INFO - Setting next_dagrun for example_task_group_decorator to 2023-08-04T09:39:45.507408+00:00, run_after=2023-08-05T09:39:45.507408+00:00
[2023-08-05T11:39:45.528+0200] {processor.py:179} INFO - Processing /Users/felipe.vasconcelos/repos/courses/python-learnings/.venv/lib/python3.10/site-packages/airflow/example_dags/example_task_group_decorator.py took 0.841 seconds
[2023-08-05T11:41:51.870+0200] {processor.py:157} INFO - Started process (PID=84129) to work on /Users/felipe.vasconcelos/repos/courses/python-learnings/.venv/lib/python3.10/site-packages/airflow/example_dags/example_task_group_decorator.py
[2023-08-05T11:41:51.876+0200] {processor.py:826} INFO - Processing file /Users/felipe.vasconcelos/repos/courses/python-learnings/.venv/lib/python3.10/site-packages/airflow/example_dags/example_task_group_decorator.py for tasks to queue
[2023-08-05T11:41:51.877+0200] {logging_mixin.py:150} INFO - [2023-08-05T11:41:51.877+0200] {dagbag.py:541} INFO - Filling up the DagBag from /Users/felipe.vasconcelos/repos/courses/python-learnings/.venv/lib/python3.10/site-packages/airflow/example_dags/example_task_group_decorator.py
[2023-08-05T11:41:51.942+0200] {processor.py:836} INFO - DAG(s) dict_keys(['example_task_group_decorator']) retrieved from /Users/felipe.vasconcelos/repos/courses/python-learnings/.venv/lib/python3.10/site-packages/airflow/example_dags/example_task_group_decorator.py
[2023-08-05T11:41:52.641+0200] {logging_mixin.py:150} INFO - [2023-08-05T11:41:52.641+0200] {dag.py:2742} INFO - Sync 1 DAGs
[2023-08-05T11:41:52.659+0200] {logging_mixin.py:150} INFO - [2023-08-05T11:41:52.658+0200] {dag.py:3504} INFO - Setting next_dagrun for example_task_group_decorator to 2023-08-04T09:41:52.658666+00:00, run_after=2023-08-05T09:41:52.658666+00:00
[2023-08-05T11:41:52.679+0200] {processor.py:179} INFO - Processing /Users/felipe.vasconcelos/repos/courses/python-learnings/.venv/lib/python3.10/site-packages/airflow/example_dags/example_task_group_decorator.py took 0.810 seconds
[2023-08-05T11:43:59.482+0200] {processor.py:157} INFO - Started process (PID=84187) to work on /Users/felipe.vasconcelos/repos/courses/python-learnings/.venv/lib/python3.10/site-packages/airflow/example_dags/example_task_group_decorator.py
[2023-08-05T11:43:59.488+0200] {processor.py:826} INFO - Processing file /Users/felipe.vasconcelos/repos/courses/python-learnings/.venv/lib/python3.10/site-packages/airflow/example_dags/example_task_group_decorator.py for tasks to queue
[2023-08-05T11:43:59.489+0200] {logging_mixin.py:150} INFO - [2023-08-05T11:43:59.489+0200] {dagbag.py:541} INFO - Filling up the DagBag from /Users/felipe.vasconcelos/repos/courses/python-learnings/.venv/lib/python3.10/site-packages/airflow/example_dags/example_task_group_decorator.py
[2023-08-05T11:43:59.554+0200] {processor.py:836} INFO - DAG(s) dict_keys(['example_task_group_decorator']) retrieved from /Users/felipe.vasconcelos/repos/courses/python-learnings/.venv/lib/python3.10/site-packages/airflow/example_dags/example_task_group_decorator.py
[2023-08-05T11:44:00.290+0200] {logging_mixin.py:150} INFO - [2023-08-05T11:44:00.289+0200] {dag.py:2742} INFO - Sync 1 DAGs
[2023-08-05T11:44:00.310+0200] {logging_mixin.py:150} INFO - [2023-08-05T11:44:00.310+0200] {dag.py:3504} INFO - Setting next_dagrun for example_task_group_decorator to 2023-08-04T09:44:00.310322+00:00, run_after=2023-08-05T09:44:00.310322+00:00
[2023-08-05T11:44:00.333+0200] {processor.py:179} INFO - Processing /Users/felipe.vasconcelos/repos/courses/python-learnings/.venv/lib/python3.10/site-packages/airflow/example_dags/example_task_group_decorator.py took 0.852 seconds
[2023-08-05T11:46:06.474+0200] {processor.py:157} INFO - Started process (PID=84253) to work on /Users/felipe.vasconcelos/repos/courses/python-learnings/.venv/lib/python3.10/site-packages/airflow/example_dags/example_task_group_decorator.py
[2023-08-05T11:46:06.480+0200] {processor.py:826} INFO - Processing file /Users/felipe.vasconcelos/repos/courses/python-learnings/.venv/lib/python3.10/site-packages/airflow/example_dags/example_task_group_decorator.py for tasks to queue
[2023-08-05T11:46:06.481+0200] {logging_mixin.py:150} INFO - [2023-08-05T11:46:06.481+0200] {dagbag.py:541} INFO - Filling up the DagBag from /Users/felipe.vasconcelos/repos/courses/python-learnings/.venv/lib/python3.10/site-packages/airflow/example_dags/example_task_group_decorator.py
[2023-08-05T11:46:06.548+0200] {processor.py:836} INFO - DAG(s) dict_keys(['example_task_group_decorator']) retrieved from /Users/felipe.vasconcelos/repos/courses/python-learnings/.venv/lib/python3.10/site-packages/airflow/example_dags/example_task_group_decorator.py
[2023-08-05T11:46:07.243+0200] {logging_mixin.py:150} INFO - [2023-08-05T11:46:07.243+0200] {dag.py:2742} INFO - Sync 1 DAGs
[2023-08-05T11:46:07.261+0200] {logging_mixin.py:150} INFO - [2023-08-05T11:46:07.261+0200] {dag.py:3504} INFO - Setting next_dagrun for example_task_group_decorator to 2023-08-04T09:46:07.261272+00:00, run_after=2023-08-05T09:46:07.261272+00:00
[2023-08-05T11:46:07.281+0200] {processor.py:179} INFO - Processing /Users/felipe.vasconcelos/repos/courses/python-learnings/.venv/lib/python3.10/site-packages/airflow/example_dags/example_task_group_decorator.py took 0.808 seconds
[2023-08-05T11:48:57.657+0200] {processor.py:157} INFO - Started process (PID=84360) to work on /Users/felipe.vasconcelos/repos/courses/python-learnings/.venv/lib/python3.10/site-packages/airflow/example_dags/example_task_group_decorator.py
[2023-08-05T11:48:57.666+0200] {processor.py:826} INFO - Processing file /Users/felipe.vasconcelos/repos/courses/python-learnings/.venv/lib/python3.10/site-packages/airflow/example_dags/example_task_group_decorator.py for tasks to queue
[2023-08-05T11:48:57.667+0200] {logging_mixin.py:150} INFO - [2023-08-05T11:48:57.667+0200] {dagbag.py:541} INFO - Filling up the DagBag from /Users/felipe.vasconcelos/repos/courses/python-learnings/.venv/lib/python3.10/site-packages/airflow/example_dags/example_task_group_decorator.py
[2023-08-05T11:48:57.780+0200] {processor.py:836} INFO - DAG(s) dict_keys(['example_task_group_decorator']) retrieved from /Users/felipe.vasconcelos/repos/courses/python-learnings/.venv/lib/python3.10/site-packages/airflow/example_dags/example_task_group_decorator.py
[2023-08-05T11:48:58.792+0200] {logging_mixin.py:150} INFO - [2023-08-05T11:48:58.792+0200] {dag.py:2742} INFO - Sync 1 DAGs
[2023-08-05T11:48:58.810+0200] {logging_mixin.py:150} INFO - [2023-08-05T11:48:58.810+0200] {dag.py:3504} INFO - Setting next_dagrun for example_task_group_decorator to 2023-08-04T09:48:58.810372+00:00, run_after=2023-08-05T09:48:58.810372+00:00
[2023-08-05T11:48:58.830+0200] {processor.py:179} INFO - Processing /Users/felipe.vasconcelos/repos/courses/python-learnings/.venv/lib/python3.10/site-packages/airflow/example_dags/example_task_group_decorator.py took 1.175 seconds
[2023-08-05T11:51:20.985+0200] {processor.py:157} INFO - Started process (PID=84429) to work on /Users/felipe.vasconcelos/repos/courses/python-learnings/.venv/lib/python3.10/site-packages/airflow/example_dags/example_task_group_decorator.py
[2023-08-05T11:51:20.995+0200] {processor.py:826} INFO - Processing file /Users/felipe.vasconcelos/repos/courses/python-learnings/.venv/lib/python3.10/site-packages/airflow/example_dags/example_task_group_decorator.py for tasks to queue
[2023-08-05T11:51:20.996+0200] {logging_mixin.py:150} INFO - [2023-08-05T11:51:20.996+0200] {dagbag.py:541} INFO - Filling up the DagBag from /Users/felipe.vasconcelos/repos/courses/python-learnings/.venv/lib/python3.10/site-packages/airflow/example_dags/example_task_group_decorator.py
[2023-08-05T11:51:21.161+0200] {processor.py:836} INFO - DAG(s) dict_keys(['example_task_group_decorator']) retrieved from /Users/felipe.vasconcelos/repos/courses/python-learnings/.venv/lib/python3.10/site-packages/airflow/example_dags/example_task_group_decorator.py
[2023-08-05T11:51:22.264+0200] {logging_mixin.py:150} INFO - [2023-08-05T11:51:22.264+0200] {dag.py:2742} INFO - Sync 1 DAGs
[2023-08-05T11:51:22.288+0200] {logging_mixin.py:150} INFO - [2023-08-05T11:51:22.287+0200] {dag.py:3504} INFO - Setting next_dagrun for example_task_group_decorator to 2023-08-04T09:51:22.287804+00:00, run_after=2023-08-05T09:51:22.287804+00:00
[2023-08-05T11:51:22.333+0200] {processor.py:179} INFO - Processing /Users/felipe.vasconcelos/repos/courses/python-learnings/.venv/lib/python3.10/site-packages/airflow/example_dags/example_task_group_decorator.py took 1.350 seconds
[2023-08-05T11:53:32.425+0200] {processor.py:157} INFO - Started process (PID=84491) to work on /Users/felipe.vasconcelos/repos/courses/python-learnings/.venv/lib/python3.10/site-packages/airflow/example_dags/example_task_group_decorator.py
[2023-08-05T11:53:32.431+0200] {processor.py:826} INFO - Processing file /Users/felipe.vasconcelos/repos/courses/python-learnings/.venv/lib/python3.10/site-packages/airflow/example_dags/example_task_group_decorator.py for tasks to queue
[2023-08-05T11:53:32.432+0200] {logging_mixin.py:150} INFO - [2023-08-05T11:53:32.431+0200] {dagbag.py:541} INFO - Filling up the DagBag from /Users/felipe.vasconcelos/repos/courses/python-learnings/.venv/lib/python3.10/site-packages/airflow/example_dags/example_task_group_decorator.py
[2023-08-05T11:53:32.507+0200] {processor.py:836} INFO - DAG(s) dict_keys(['example_task_group_decorator']) retrieved from /Users/felipe.vasconcelos/repos/courses/python-learnings/.venv/lib/python3.10/site-packages/airflow/example_dags/example_task_group_decorator.py
[2023-08-05T11:53:33.190+0200] {logging_mixin.py:150} INFO - [2023-08-05T11:53:33.190+0200] {dag.py:2742} INFO - Sync 1 DAGs
[2023-08-05T11:53:33.207+0200] {logging_mixin.py:150} INFO - [2023-08-05T11:53:33.207+0200] {dag.py:3504} INFO - Setting next_dagrun for example_task_group_decorator to 2023-08-04T09:53:33.207047+00:00, run_after=2023-08-05T09:53:33.207047+00:00
[2023-08-05T11:53:33.227+0200] {processor.py:179} INFO - Processing /Users/felipe.vasconcelos/repos/courses/python-learnings/.venv/lib/python3.10/site-packages/airflow/example_dags/example_task_group_decorator.py took 0.804 seconds
[2023-08-05T11:55:41.009+0200] {processor.py:157} INFO - Started process (PID=84557) to work on /Users/felipe.vasconcelos/repos/courses/python-learnings/.venv/lib/python3.10/site-packages/airflow/example_dags/example_task_group_decorator.py
[2023-08-05T11:55:41.015+0200] {processor.py:826} INFO - Processing file /Users/felipe.vasconcelos/repos/courses/python-learnings/.venv/lib/python3.10/site-packages/airflow/example_dags/example_task_group_decorator.py for tasks to queue
[2023-08-05T11:55:41.016+0200] {logging_mixin.py:150} INFO - [2023-08-05T11:55:41.016+0200] {dagbag.py:541} INFO - Filling up the DagBag from /Users/felipe.vasconcelos/repos/courses/python-learnings/.venv/lib/python3.10/site-packages/airflow/example_dags/example_task_group_decorator.py
[2023-08-05T11:55:41.080+0200] {processor.py:836} INFO - DAG(s) dict_keys(['example_task_group_decorator']) retrieved from /Users/felipe.vasconcelos/repos/courses/python-learnings/.venv/lib/python3.10/site-packages/airflow/example_dags/example_task_group_decorator.py
[2023-08-05T11:55:41.775+0200] {logging_mixin.py:150} INFO - [2023-08-05T11:55:41.775+0200] {dag.py:2742} INFO - Sync 1 DAGs
[2023-08-05T11:55:41.795+0200] {logging_mixin.py:150} INFO - [2023-08-05T11:55:41.795+0200] {dag.py:3504} INFO - Setting next_dagrun for example_task_group_decorator to 2023-08-04T09:55:41.794870+00:00, run_after=2023-08-05T09:55:41.794870+00:00
[2023-08-05T11:55:41.815+0200] {processor.py:179} INFO - Processing /Users/felipe.vasconcelos/repos/courses/python-learnings/.venv/lib/python3.10/site-packages/airflow/example_dags/example_task_group_decorator.py took 0.807 seconds
[2023-08-05T11:57:46.890+0200] {processor.py:157} INFO - Started process (PID=84622) to work on /Users/felipe.vasconcelos/repos/courses/python-learnings/.venv/lib/python3.10/site-packages/airflow/example_dags/example_task_group_decorator.py
[2023-08-05T11:57:46.896+0200] {processor.py:826} INFO - Processing file /Users/felipe.vasconcelos/repos/courses/python-learnings/.venv/lib/python3.10/site-packages/airflow/example_dags/example_task_group_decorator.py for tasks to queue
[2023-08-05T11:57:46.897+0200] {logging_mixin.py:150} INFO - [2023-08-05T11:57:46.897+0200] {dagbag.py:541} INFO - Filling up the DagBag from /Users/felipe.vasconcelos/repos/courses/python-learnings/.venv/lib/python3.10/site-packages/airflow/example_dags/example_task_group_decorator.py
[2023-08-05T11:57:46.971+0200] {processor.py:836} INFO - DAG(s) dict_keys(['example_task_group_decorator']) retrieved from /Users/felipe.vasconcelos/repos/courses/python-learnings/.venv/lib/python3.10/site-packages/airflow/example_dags/example_task_group_decorator.py
[2023-08-05T11:57:47.667+0200] {logging_mixin.py:150} INFO - [2023-08-05T11:57:47.666+0200] {dag.py:2742} INFO - Sync 1 DAGs
[2023-08-05T11:57:47.687+0200] {logging_mixin.py:150} INFO - [2023-08-05T11:57:47.686+0200] {dag.py:3504} INFO - Setting next_dagrun for example_task_group_decorator to 2023-08-04T09:57:47.686757+00:00, run_after=2023-08-05T09:57:47.686757+00:00
[2023-08-05T11:57:47.709+0200] {processor.py:179} INFO - Processing /Users/felipe.vasconcelos/repos/courses/python-learnings/.venv/lib/python3.10/site-packages/airflow/example_dags/example_task_group_decorator.py took 0.819 seconds
[2023-08-05T12:01:01.475+0200] {processor.py:157} INFO - Started process (PID=84744) to work on /Users/felipe.vasconcelos/repos/courses/python-learnings/.venv/lib/python3.10/site-packages/airflow/example_dags/example_task_group_decorator.py
[2023-08-05T12:01:01.481+0200] {processor.py:826} INFO - Processing file /Users/felipe.vasconcelos/repos/courses/python-learnings/.venv/lib/python3.10/site-packages/airflow/example_dags/example_task_group_decorator.py for tasks to queue
[2023-08-05T12:01:01.482+0200] {logging_mixin.py:150} INFO - [2023-08-05T12:01:01.482+0200] {dagbag.py:541} INFO - Filling up the DagBag from /Users/felipe.vasconcelos/repos/courses/python-learnings/.venv/lib/python3.10/site-packages/airflow/example_dags/example_task_group_decorator.py
[2023-08-05T12:01:01.582+0200] {processor.py:836} INFO - DAG(s) dict_keys(['example_task_group_decorator']) retrieved from /Users/felipe.vasconcelos/repos/courses/python-learnings/.venv/lib/python3.10/site-packages/airflow/example_dags/example_task_group_decorator.py
[2023-08-05T12:01:02.419+0200] {logging_mixin.py:150} INFO - [2023-08-05T12:01:02.419+0200] {dag.py:2742} INFO - Sync 1 DAGs
[2023-08-05T12:01:02.438+0200] {logging_mixin.py:150} INFO - [2023-08-05T12:01:02.438+0200] {dag.py:3504} INFO - Setting next_dagrun for example_task_group_decorator to 2023-08-04T10:01:02.438605+00:00, run_after=2023-08-05T10:01:02.438605+00:00
[2023-08-05T12:01:02.460+0200] {processor.py:179} INFO - Processing /Users/felipe.vasconcelos/repos/courses/python-learnings/.venv/lib/python3.10/site-packages/airflow/example_dags/example_task_group_decorator.py took 0.986 seconds
[2023-08-05T12:04:34.750+0200] {processor.py:157} INFO - Started process (PID=84892) to work on /Users/felipe.vasconcelos/repos/courses/python-learnings/.venv/lib/python3.10/site-packages/airflow/example_dags/example_task_group_decorator.py
[2023-08-05T12:04:34.759+0200] {processor.py:826} INFO - Processing file /Users/felipe.vasconcelos/repos/courses/python-learnings/.venv/lib/python3.10/site-packages/airflow/example_dags/example_task_group_decorator.py for tasks to queue
[2023-08-05T12:04:34.765+0200] {logging_mixin.py:150} INFO - [2023-08-05T12:04:34.761+0200] {dagbag.py:541} INFO - Filling up the DagBag from /Users/felipe.vasconcelos/repos/courses/python-learnings/.venv/lib/python3.10/site-packages/airflow/example_dags/example_task_group_decorator.py
[2023-08-05T12:04:35.497+0200] {processor.py:836} INFO - DAG(s) dict_keys(['example_task_group_decorator']) retrieved from /Users/felipe.vasconcelos/repos/courses/python-learnings/.venv/lib/python3.10/site-packages/airflow/example_dags/example_task_group_decorator.py
[2023-08-05T12:04:36.998+0200] {logging_mixin.py:150} INFO - [2023-08-05T12:04:36.997+0200] {dag.py:2742} INFO - Sync 1 DAGs
[2023-08-05T12:04:37.031+0200] {logging_mixin.py:150} INFO - [2023-08-05T12:04:37.031+0200] {dag.py:3504} INFO - Setting next_dagrun for example_task_group_decorator to 2023-08-04T10:04:37.031172+00:00, run_after=2023-08-05T10:04:37.031172+00:00
[2023-08-05T12:04:37.066+0200] {processor.py:179} INFO - Processing /Users/felipe.vasconcelos/repos/courses/python-learnings/.venv/lib/python3.10/site-packages/airflow/example_dags/example_task_group_decorator.py took 2.317 seconds
