[2023-08-05T10:40:16.386+0200] {processor.py:157} INFO - Started process (PID=82612) to work on /Users/felipe.vasconcelos/repos/courses/python-learnings/.venv/lib/python3.10/site-packages/airflow/example_dags/example_params_ui_tutorial.py
[2023-08-05T10:40:16.392+0200] {processor.py:826} INFO - Processing file /Users/felipe.vasconcelos/repos/courses/python-learnings/.venv/lib/python3.10/site-packages/airflow/example_dags/example_params_ui_tutorial.py for tasks to queue
[2023-08-05T10:40:16.393+0200] {logging_mixin.py:150} INFO - [2023-08-05T10:40:16.393+0200] {dagbag.py:541} INFO - Filling up the DagBag from /Users/felipe.vasconcelos/repos/courses/python-learnings/.venv/lib/python3.10/site-packages/airflow/example_dags/example_params_ui_tutorial.py
[2023-08-05T10:40:16.516+0200] {processor.py:836} INFO - DAG(s) dict_keys(['example_params_ui_tutorial']) retrieved from /Users/felipe.vasconcelos/repos/courses/python-learnings/.venv/lib/python3.10/site-packages/airflow/example_dags/example_params_ui_tutorial.py
[2023-08-05T10:40:17.351+0200] {logging_mixin.py:150} INFO - [2023-08-05T10:40:17.351+0200] {manager.py:504} INFO - Created Permission View: can delete on DAG:example_params_ui_tutorial
[2023-08-05T10:40:17.364+0200] {logging_mixin.py:150} INFO - [2023-08-05T10:40:17.364+0200] {manager.py:504} INFO - Created Permission View: can edit on DAG:example_params_ui_tutorial
[2023-08-05T10:40:17.372+0200] {logging_mixin.py:150} INFO - [2023-08-05T10:40:17.371+0200] {manager.py:504} INFO - Created Permission View: can read on DAG:example_params_ui_tutorial
[2023-08-05T10:40:17.386+0200] {logging_mixin.py:150} INFO - [2023-08-05T10:40:17.385+0200] {dag.py:2742} INFO - Sync 1 DAGs
[2023-08-05T10:40:17.397+0200] {logging_mixin.py:150} INFO - [2023-08-05T10:40:17.397+0200] {dag.py:2763} INFO - Creating ORM DAG for example_params_ui_tutorial
[2023-08-05T10:40:17.406+0200] {logging_mixin.py:150} INFO - [2023-08-05T10:40:17.406+0200] {dag.py:3504} INFO - Setting next_dagrun for example_params_ui_tutorial to None, run_after=None
[2023-08-05T10:40:17.427+0200] {processor.py:179} INFO - Processing /Users/felipe.vasconcelos/repos/courses/python-learnings/.venv/lib/python3.10/site-packages/airflow/example_dags/example_params_ui_tutorial.py took 1.042 seconds
[2023-08-05T10:43:41.095+0200] {processor.py:157} INFO - Started process (PID=82688) to work on /Users/felipe.vasconcelos/repos/courses/python-learnings/.venv/lib/python3.10/site-packages/airflow/example_dags/example_params_ui_tutorial.py
[2023-08-05T10:43:41.104+0200] {processor.py:826} INFO - Processing file /Users/felipe.vasconcelos/repos/courses/python-learnings/.venv/lib/python3.10/site-packages/airflow/example_dags/example_params_ui_tutorial.py for tasks to queue
[2023-08-05T10:43:41.105+0200] {logging_mixin.py:150} INFO - [2023-08-05T10:43:41.105+0200] {dagbag.py:541} INFO - Filling up the DagBag from /Users/felipe.vasconcelos/repos/courses/python-learnings/.venv/lib/python3.10/site-packages/airflow/example_dags/example_params_ui_tutorial.py
[2023-08-05T10:43:41.291+0200] {processor.py:836} INFO - DAG(s) dict_keys(['example_params_ui_tutorial']) retrieved from /Users/felipe.vasconcelos/repos/courses/python-learnings/.venv/lib/python3.10/site-packages/airflow/example_dags/example_params_ui_tutorial.py
[2023-08-05T10:43:42.399+0200] {logging_mixin.py:150} INFO - [2023-08-05T10:43:42.398+0200] {dag.py:2742} INFO - Sync 1 DAGs
[2023-08-05T10:43:42.437+0200] {logging_mixin.py:150} INFO - [2023-08-05T10:43:42.437+0200] {dag.py:3504} INFO - Setting next_dagrun for example_params_ui_tutorial to None, run_after=None
[2023-08-05T10:43:42.471+0200] {processor.py:179} INFO - Processing /Users/felipe.vasconcelos/repos/courses/python-learnings/.venv/lib/python3.10/site-packages/airflow/example_dags/example_params_ui_tutorial.py took 1.377 seconds
[2023-08-05T10:47:09.465+0200] {processor.py:157} INFO - Started process (PID=82835) to work on /Users/felipe.vasconcelos/repos/courses/python-learnings/.venv/lib/python3.10/site-packages/airflow/example_dags/example_params_ui_tutorial.py
[2023-08-05T10:47:09.471+0200] {processor.py:826} INFO - Processing file /Users/felipe.vasconcelos/repos/courses/python-learnings/.venv/lib/python3.10/site-packages/airflow/example_dags/example_params_ui_tutorial.py for tasks to queue
[2023-08-05T10:47:09.472+0200] {logging_mixin.py:150} INFO - [2023-08-05T10:47:09.472+0200] {dagbag.py:541} INFO - Filling up the DagBag from /Users/felipe.vasconcelos/repos/courses/python-learnings/.venv/lib/python3.10/site-packages/airflow/example_dags/example_params_ui_tutorial.py
[2023-08-05T10:47:09.608+0200] {processor.py:836} INFO - DAG(s) dict_keys(['example_params_ui_tutorial']) retrieved from /Users/felipe.vasconcelos/repos/courses/python-learnings/.venv/lib/python3.10/site-packages/airflow/example_dags/example_params_ui_tutorial.py
[2023-08-05T10:47:10.372+0200] {logging_mixin.py:150} INFO - [2023-08-05T10:47:10.372+0200] {dag.py:2742} INFO - Sync 1 DAGs
[2023-08-05T10:47:10.390+0200] {logging_mixin.py:150} INFO - [2023-08-05T10:47:10.389+0200] {dag.py:3504} INFO - Setting next_dagrun for example_params_ui_tutorial to None, run_after=None
[2023-08-05T10:47:10.408+0200] {processor.py:179} INFO - Processing /Users/felipe.vasconcelos/repos/courses/python-learnings/.venv/lib/python3.10/site-packages/airflow/example_dags/example_params_ui_tutorial.py took 0.943 seconds
[2023-08-05T10:49:24.509+0200] {processor.py:157} INFO - Started process (PID=82898) to work on /Users/felipe.vasconcelos/repos/courses/python-learnings/.venv/lib/python3.10/site-packages/airflow/example_dags/example_params_ui_tutorial.py
[2023-08-05T10:49:24.514+0200] {processor.py:826} INFO - Processing file /Users/felipe.vasconcelos/repos/courses/python-learnings/.venv/lib/python3.10/site-packages/airflow/example_dags/example_params_ui_tutorial.py for tasks to queue
[2023-08-05T10:49:24.515+0200] {logging_mixin.py:150} INFO - [2023-08-05T10:49:24.515+0200] {dagbag.py:541} INFO - Filling up the DagBag from /Users/felipe.vasconcelos/repos/courses/python-learnings/.venv/lib/python3.10/site-packages/airflow/example_dags/example_params_ui_tutorial.py
[2023-08-05T10:49:24.632+0200] {processor.py:836} INFO - DAG(s) dict_keys(['example_params_ui_tutorial']) retrieved from /Users/felipe.vasconcelos/repos/courses/python-learnings/.venv/lib/python3.10/site-packages/airflow/example_dags/example_params_ui_tutorial.py
[2023-08-05T10:49:25.858+0200] {logging_mixin.py:150} INFO - [2023-08-05T10:49:25.858+0200] {dag.py:2742} INFO - Sync 1 DAGs
[2023-08-05T10:49:25.887+0200] {logging_mixin.py:150} INFO - [2023-08-05T10:49:25.887+0200] {dag.py:3504} INFO - Setting next_dagrun for example_params_ui_tutorial to None, run_after=None
[2023-08-05T10:49:25.912+0200] {processor.py:179} INFO - Processing /Users/felipe.vasconcelos/repos/courses/python-learnings/.venv/lib/python3.10/site-packages/airflow/example_dags/example_params_ui_tutorial.py took 1.405 seconds
[2023-08-05T10:51:40.836+0200] {processor.py:157} INFO - Started process (PID=82965) to work on /Users/felipe.vasconcelos/repos/courses/python-learnings/.venv/lib/python3.10/site-packages/airflow/example_dags/example_params_ui_tutorial.py
[2023-08-05T10:51:40.842+0200] {processor.py:826} INFO - Processing file /Users/felipe.vasconcelos/repos/courses/python-learnings/.venv/lib/python3.10/site-packages/airflow/example_dags/example_params_ui_tutorial.py for tasks to queue
[2023-08-05T10:51:40.843+0200] {logging_mixin.py:150} INFO - [2023-08-05T10:51:40.843+0200] {dagbag.py:541} INFO - Filling up the DagBag from /Users/felipe.vasconcelos/repos/courses/python-learnings/.venv/lib/python3.10/site-packages/airflow/example_dags/example_params_ui_tutorial.py
[2023-08-05T10:51:40.984+0200] {processor.py:836} INFO - DAG(s) dict_keys(['example_params_ui_tutorial']) retrieved from /Users/felipe.vasconcelos/repos/courses/python-learnings/.venv/lib/python3.10/site-packages/airflow/example_dags/example_params_ui_tutorial.py
[2023-08-05T10:51:41.642+0200] {logging_mixin.py:150} INFO - [2023-08-05T10:51:41.642+0200] {dag.py:2742} INFO - Sync 1 DAGs
[2023-08-05T10:51:41.661+0200] {logging_mixin.py:150} INFO - [2023-08-05T10:51:41.661+0200] {dag.py:3504} INFO - Setting next_dagrun for example_params_ui_tutorial to None, run_after=None
[2023-08-05T10:51:41.682+0200] {processor.py:179} INFO - Processing /Users/felipe.vasconcelos/repos/courses/python-learnings/.venv/lib/python3.10/site-packages/airflow/example_dags/example_params_ui_tutorial.py took 0.847 seconds
[2023-08-05T10:53:52.070+0200] {processor.py:157} INFO - Started process (PID=83017) to work on /Users/felipe.vasconcelos/repos/courses/python-learnings/.venv/lib/python3.10/site-packages/airflow/example_dags/example_params_ui_tutorial.py
[2023-08-05T10:53:52.076+0200] {processor.py:826} INFO - Processing file /Users/felipe.vasconcelos/repos/courses/python-learnings/.venv/lib/python3.10/site-packages/airflow/example_dags/example_params_ui_tutorial.py for tasks to queue
[2023-08-05T10:53:52.078+0200] {logging_mixin.py:150} INFO - [2023-08-05T10:53:52.078+0200] {dagbag.py:541} INFO - Filling up the DagBag from /Users/felipe.vasconcelos/repos/courses/python-learnings/.venv/lib/python3.10/site-packages/airflow/example_dags/example_params_ui_tutorial.py
[2023-08-05T10:53:52.243+0200] {processor.py:836} INFO - DAG(s) dict_keys(['example_params_ui_tutorial']) retrieved from /Users/felipe.vasconcelos/repos/courses/python-learnings/.venv/lib/python3.10/site-packages/airflow/example_dags/example_params_ui_tutorial.py
[2023-08-05T10:53:52.919+0200] {logging_mixin.py:150} INFO - [2023-08-05T10:53:52.919+0200] {dag.py:2742} INFO - Sync 1 DAGs
[2023-08-05T10:53:52.939+0200] {logging_mixin.py:150} INFO - [2023-08-05T10:53:52.938+0200] {dag.py:3504} INFO - Setting next_dagrun for example_params_ui_tutorial to None, run_after=None
[2023-08-05T10:53:52.960+0200] {processor.py:179} INFO - Processing /Users/felipe.vasconcelos/repos/courses/python-learnings/.venv/lib/python3.10/site-packages/airflow/example_dags/example_params_ui_tutorial.py took 0.891 seconds
[2023-08-05T10:56:09.909+0200] {processor.py:157} INFO - Started process (PID=83082) to work on /Users/felipe.vasconcelos/repos/courses/python-learnings/.venv/lib/python3.10/site-packages/airflow/example_dags/example_params_ui_tutorial.py
[2023-08-05T10:56:09.916+0200] {processor.py:826} INFO - Processing file /Users/felipe.vasconcelos/repos/courses/python-learnings/.venv/lib/python3.10/site-packages/airflow/example_dags/example_params_ui_tutorial.py for tasks to queue
[2023-08-05T10:56:09.917+0200] {logging_mixin.py:150} INFO - [2023-08-05T10:56:09.917+0200] {dagbag.py:541} INFO - Filling up the DagBag from /Users/felipe.vasconcelos/repos/courses/python-learnings/.venv/lib/python3.10/site-packages/airflow/example_dags/example_params_ui_tutorial.py
[2023-08-05T10:56:10.091+0200] {processor.py:836} INFO - DAG(s) dict_keys(['example_params_ui_tutorial']) retrieved from /Users/felipe.vasconcelos/repos/courses/python-learnings/.venv/lib/python3.10/site-packages/airflow/example_dags/example_params_ui_tutorial.py
[2023-08-05T10:56:10.915+0200] {logging_mixin.py:150} INFO - [2023-08-05T10:56:10.915+0200] {dag.py:2742} INFO - Sync 1 DAGs
[2023-08-05T10:56:10.936+0200] {logging_mixin.py:150} INFO - [2023-08-05T10:56:10.936+0200] {dag.py:3504} INFO - Setting next_dagrun for example_params_ui_tutorial to None, run_after=None
[2023-08-05T10:56:10.962+0200] {processor.py:179} INFO - Processing /Users/felipe.vasconcelos/repos/courses/python-learnings/.venv/lib/python3.10/site-packages/airflow/example_dags/example_params_ui_tutorial.py took 1.054 seconds
[2023-08-05T10:58:16.816+0200] {processor.py:157} INFO - Started process (PID=83147) to work on /Users/felipe.vasconcelos/repos/courses/python-learnings/.venv/lib/python3.10/site-packages/airflow/example_dags/example_params_ui_tutorial.py
[2023-08-05T10:58:16.823+0200] {processor.py:826} INFO - Processing file /Users/felipe.vasconcelos/repos/courses/python-learnings/.venv/lib/python3.10/site-packages/airflow/example_dags/example_params_ui_tutorial.py for tasks to queue
[2023-08-05T10:58:16.824+0200] {logging_mixin.py:150} INFO - [2023-08-05T10:58:16.823+0200] {dagbag.py:541} INFO - Filling up the DagBag from /Users/felipe.vasconcelos/repos/courses/python-learnings/.venv/lib/python3.10/site-packages/airflow/example_dags/example_params_ui_tutorial.py
[2023-08-05T10:58:16.963+0200] {processor.py:836} INFO - DAG(s) dict_keys(['example_params_ui_tutorial']) retrieved from /Users/felipe.vasconcelos/repos/courses/python-learnings/.venv/lib/python3.10/site-packages/airflow/example_dags/example_params_ui_tutorial.py
[2023-08-05T10:58:17.620+0200] {logging_mixin.py:150} INFO - [2023-08-05T10:58:17.620+0200] {dag.py:2742} INFO - Sync 1 DAGs
[2023-08-05T10:58:17.637+0200] {logging_mixin.py:150} INFO - [2023-08-05T10:58:17.637+0200] {dag.py:3504} INFO - Setting next_dagrun for example_params_ui_tutorial to None, run_after=None
[2023-08-05T10:58:17.657+0200] {processor.py:179} INFO - Processing /Users/felipe.vasconcelos/repos/courses/python-learnings/.venv/lib/python3.10/site-packages/airflow/example_dags/example_params_ui_tutorial.py took 0.842 seconds
[2023-08-05T11:12:40.893+0200] {processor.py:157} INFO - Started process (PID=83276) to work on /Users/felipe.vasconcelos/repos/courses/python-learnings/.venv/lib/python3.10/site-packages/airflow/example_dags/example_params_ui_tutorial.py
[2023-08-05T11:12:40.899+0200] {processor.py:826} INFO - Processing file /Users/felipe.vasconcelos/repos/courses/python-learnings/.venv/lib/python3.10/site-packages/airflow/example_dags/example_params_ui_tutorial.py for tasks to queue
[2023-08-05T11:12:40.900+0200] {logging_mixin.py:150} INFO - [2023-08-05T11:12:40.900+0200] {dagbag.py:541} INFO - Filling up the DagBag from /Users/felipe.vasconcelos/repos/courses/python-learnings/.venv/lib/python3.10/site-packages/airflow/example_dags/example_params_ui_tutorial.py
[2023-08-05T11:12:41.031+0200] {processor.py:836} INFO - DAG(s) dict_keys(['example_params_ui_tutorial']) retrieved from /Users/felipe.vasconcelos/repos/courses/python-learnings/.venv/lib/python3.10/site-packages/airflow/example_dags/example_params_ui_tutorial.py
[2023-08-05T11:12:41.866+0200] {logging_mixin.py:150} INFO - [2023-08-05T11:12:41.866+0200] {dag.py:2742} INFO - Sync 1 DAGs
[2023-08-05T11:12:41.883+0200] {logging_mixin.py:150} INFO - [2023-08-05T11:12:41.883+0200] {dag.py:3504} INFO - Setting next_dagrun for example_params_ui_tutorial to None, run_after=None
[2023-08-05T11:12:41.902+0200] {processor.py:179} INFO - Processing /Users/felipe.vasconcelos/repos/courses/python-learnings/.venv/lib/python3.10/site-packages/airflow/example_dags/example_params_ui_tutorial.py took 1.010 seconds
[2023-08-05T11:14:57.008+0200] {processor.py:157} INFO - Started process (PID=83342) to work on /Users/felipe.vasconcelos/repos/courses/python-learnings/.venv/lib/python3.10/site-packages/airflow/example_dags/example_params_ui_tutorial.py
[2023-08-05T11:14:57.015+0200] {processor.py:826} INFO - Processing file /Users/felipe.vasconcelos/repos/courses/python-learnings/.venv/lib/python3.10/site-packages/airflow/example_dags/example_params_ui_tutorial.py for tasks to queue
[2023-08-05T11:14:57.016+0200] {logging_mixin.py:150} INFO - [2023-08-05T11:14:57.015+0200] {dagbag.py:541} INFO - Filling up the DagBag from /Users/felipe.vasconcelos/repos/courses/python-learnings/.venv/lib/python3.10/site-packages/airflow/example_dags/example_params_ui_tutorial.py
[2023-08-05T11:14:57.138+0200] {processor.py:836} INFO - DAG(s) dict_keys(['example_params_ui_tutorial']) retrieved from /Users/felipe.vasconcelos/repos/courses/python-learnings/.venv/lib/python3.10/site-packages/airflow/example_dags/example_params_ui_tutorial.py
[2023-08-05T11:14:57.825+0200] {logging_mixin.py:150} INFO - [2023-08-05T11:14:57.824+0200] {dag.py:2742} INFO - Sync 1 DAGs
[2023-08-05T11:14:57.842+0200] {logging_mixin.py:150} INFO - [2023-08-05T11:14:57.842+0200] {dag.py:3504} INFO - Setting next_dagrun for example_params_ui_tutorial to None, run_after=None
[2023-08-05T11:14:57.862+0200] {processor.py:179} INFO - Processing /Users/felipe.vasconcelos/repos/courses/python-learnings/.venv/lib/python3.10/site-packages/airflow/example_dags/example_params_ui_tutorial.py took 0.855 seconds
[2023-08-05T11:17:00.424+0200] {processor.py:157} INFO - Started process (PID=83400) to work on /Users/felipe.vasconcelos/repos/courses/python-learnings/.venv/lib/python3.10/site-packages/airflow/example_dags/example_params_ui_tutorial.py
[2023-08-05T11:17:00.430+0200] {processor.py:826} INFO - Processing file /Users/felipe.vasconcelos/repos/courses/python-learnings/.venv/lib/python3.10/site-packages/airflow/example_dags/example_params_ui_tutorial.py for tasks to queue
[2023-08-05T11:17:00.431+0200] {logging_mixin.py:150} INFO - [2023-08-05T11:17:00.431+0200] {dagbag.py:541} INFO - Filling up the DagBag from /Users/felipe.vasconcelos/repos/courses/python-learnings/.venv/lib/python3.10/site-packages/airflow/example_dags/example_params_ui_tutorial.py
[2023-08-05T11:17:00.907+0200] {processor.py:836} INFO - DAG(s) dict_keys(['example_params_ui_tutorial']) retrieved from /Users/felipe.vasconcelos/repos/courses/python-learnings/.venv/lib/python3.10/site-packages/airflow/example_dags/example_params_ui_tutorial.py
[2023-08-05T11:17:01.678+0200] {logging_mixin.py:150} INFO - [2023-08-05T11:17:01.678+0200] {dag.py:2742} INFO - Sync 1 DAGs
[2023-08-05T11:17:01.707+0200] {logging_mixin.py:150} INFO - [2023-08-05T11:17:01.707+0200] {dag.py:3504} INFO - Setting next_dagrun for example_params_ui_tutorial to None, run_after=None
[2023-08-05T11:17:01.731+0200] {processor.py:179} INFO - Processing /Users/felipe.vasconcelos/repos/courses/python-learnings/.venv/lib/python3.10/site-packages/airflow/example_dags/example_params_ui_tutorial.py took 1.308 seconds
[2023-08-05T11:19:09.407+0200] {processor.py:157} INFO - Started process (PID=83463) to work on /Users/felipe.vasconcelos/repos/courses/python-learnings/.venv/lib/python3.10/site-packages/airflow/example_dags/example_params_ui_tutorial.py
[2023-08-05T11:19:09.413+0200] {processor.py:826} INFO - Processing file /Users/felipe.vasconcelos/repos/courses/python-learnings/.venv/lib/python3.10/site-packages/airflow/example_dags/example_params_ui_tutorial.py for tasks to queue
[2023-08-05T11:19:09.413+0200] {logging_mixin.py:150} INFO - [2023-08-05T11:19:09.413+0200] {dagbag.py:541} INFO - Filling up the DagBag from /Users/felipe.vasconcelos/repos/courses/python-learnings/.venv/lib/python3.10/site-packages/airflow/example_dags/example_params_ui_tutorial.py
[2023-08-05T11:19:09.544+0200] {processor.py:836} INFO - DAG(s) dict_keys(['example_params_ui_tutorial']) retrieved from /Users/felipe.vasconcelos/repos/courses/python-learnings/.venv/lib/python3.10/site-packages/airflow/example_dags/example_params_ui_tutorial.py
[2023-08-05T11:19:10.363+0200] {logging_mixin.py:150} INFO - [2023-08-05T11:19:10.362+0200] {dag.py:2742} INFO - Sync 1 DAGs
[2023-08-05T11:19:10.621+0200] {logging_mixin.py:150} INFO - [2023-08-05T11:19:10.621+0200] {dag.py:3504} INFO - Setting next_dagrun for example_params_ui_tutorial to None, run_after=None
[2023-08-05T11:19:10.666+0200] {processor.py:179} INFO - Processing /Users/felipe.vasconcelos/repos/courses/python-learnings/.venv/lib/python3.10/site-packages/airflow/example_dags/example_params_ui_tutorial.py took 1.260 seconds
[2023-08-05T11:21:34.007+0200] {processor.py:157} INFO - Started process (PID=83535) to work on /Users/felipe.vasconcelos/repos/courses/python-learnings/.venv/lib/python3.10/site-packages/airflow/example_dags/example_params_ui_tutorial.py
[2023-08-05T11:21:34.013+0200] {processor.py:826} INFO - Processing file /Users/felipe.vasconcelos/repos/courses/python-learnings/.venv/lib/python3.10/site-packages/airflow/example_dags/example_params_ui_tutorial.py for tasks to queue
[2023-08-05T11:21:34.014+0200] {logging_mixin.py:150} INFO - [2023-08-05T11:21:34.013+0200] {dagbag.py:541} INFO - Filling up the DagBag from /Users/felipe.vasconcelos/repos/courses/python-learnings/.venv/lib/python3.10/site-packages/airflow/example_dags/example_params_ui_tutorial.py
[2023-08-05T11:21:34.348+0200] {processor.py:836} INFO - DAG(s) dict_keys(['example_params_ui_tutorial']) retrieved from /Users/felipe.vasconcelos/repos/courses/python-learnings/.venv/lib/python3.10/site-packages/airflow/example_dags/example_params_ui_tutorial.py
[2023-08-05T11:21:35.479+0200] {logging_mixin.py:150} INFO - [2023-08-05T11:21:35.477+0200] {dag.py:2742} INFO - Sync 1 DAGs
[2023-08-05T11:21:35.513+0200] {logging_mixin.py:150} INFO - [2023-08-05T11:21:35.512+0200] {dag.py:3504} INFO - Setting next_dagrun for example_params_ui_tutorial to None, run_after=None
[2023-08-05T11:21:35.547+0200] {processor.py:179} INFO - Processing /Users/felipe.vasconcelos/repos/courses/python-learnings/.venv/lib/python3.10/site-packages/airflow/example_dags/example_params_ui_tutorial.py took 1.542 seconds
[2023-08-05T11:23:49.927+0200] {processor.py:157} INFO - Started process (PID=83590) to work on /Users/felipe.vasconcelos/repos/courses/python-learnings/.venv/lib/python3.10/site-packages/airflow/example_dags/example_params_ui_tutorial.py
[2023-08-05T11:23:49.933+0200] {processor.py:826} INFO - Processing file /Users/felipe.vasconcelos/repos/courses/python-learnings/.venv/lib/python3.10/site-packages/airflow/example_dags/example_params_ui_tutorial.py for tasks to queue
[2023-08-05T11:23:49.934+0200] {logging_mixin.py:150} INFO - [2023-08-05T11:23:49.934+0200] {dagbag.py:541} INFO - Filling up the DagBag from /Users/felipe.vasconcelos/repos/courses/python-learnings/.venv/lib/python3.10/site-packages/airflow/example_dags/example_params_ui_tutorial.py
[2023-08-05T11:23:50.051+0200] {processor.py:836} INFO - DAG(s) dict_keys(['example_params_ui_tutorial']) retrieved from /Users/felipe.vasconcelos/repos/courses/python-learnings/.venv/lib/python3.10/site-packages/airflow/example_dags/example_params_ui_tutorial.py
[2023-08-05T11:23:50.830+0200] {logging_mixin.py:150} INFO - [2023-08-05T11:23:50.830+0200] {dag.py:2742} INFO - Sync 1 DAGs
[2023-08-05T11:23:50.848+0200] {logging_mixin.py:150} INFO - [2023-08-05T11:23:50.848+0200] {dag.py:3504} INFO - Setting next_dagrun for example_params_ui_tutorial to None, run_after=None
[2023-08-05T11:23:50.869+0200] {processor.py:179} INFO - Processing /Users/felipe.vasconcelos/repos/courses/python-learnings/.venv/lib/python3.10/site-packages/airflow/example_dags/example_params_ui_tutorial.py took 0.943 seconds
[2023-08-05T11:25:59.604+0200] {processor.py:157} INFO - Started process (PID=83644) to work on /Users/felipe.vasconcelos/repos/courses/python-learnings/.venv/lib/python3.10/site-packages/airflow/example_dags/example_params_ui_tutorial.py
[2023-08-05T11:25:59.611+0200] {processor.py:826} INFO - Processing file /Users/felipe.vasconcelos/repos/courses/python-learnings/.venv/lib/python3.10/site-packages/airflow/example_dags/example_params_ui_tutorial.py for tasks to queue
[2023-08-05T11:25:59.612+0200] {logging_mixin.py:150} INFO - [2023-08-05T11:25:59.612+0200] {dagbag.py:541} INFO - Filling up the DagBag from /Users/felipe.vasconcelos/repos/courses/python-learnings/.venv/lib/python3.10/site-packages/airflow/example_dags/example_params_ui_tutorial.py
[2023-08-05T11:25:59.734+0200] {processor.py:836} INFO - DAG(s) dict_keys(['example_params_ui_tutorial']) retrieved from /Users/felipe.vasconcelos/repos/courses/python-learnings/.venv/lib/python3.10/site-packages/airflow/example_dags/example_params_ui_tutorial.py
[2023-08-05T11:26:00.512+0200] {logging_mixin.py:150} INFO - [2023-08-05T11:26:00.511+0200] {dag.py:2742} INFO - Sync 1 DAGs
[2023-08-05T11:26:00.531+0200] {logging_mixin.py:150} INFO - [2023-08-05T11:26:00.531+0200] {dag.py:3504} INFO - Setting next_dagrun for example_params_ui_tutorial to None, run_after=None
[2023-08-05T11:26:00.554+0200] {processor.py:179} INFO - Processing /Users/felipe.vasconcelos/repos/courses/python-learnings/.venv/lib/python3.10/site-packages/airflow/example_dags/example_params_ui_tutorial.py took 0.951 seconds
[2023-08-05T11:28:15.105+0200] {processor.py:157} INFO - Started process (PID=83703) to work on /Users/felipe.vasconcelos/repos/courses/python-learnings/.venv/lib/python3.10/site-packages/airflow/example_dags/example_params_ui_tutorial.py
[2023-08-05T11:28:15.111+0200] {processor.py:826} INFO - Processing file /Users/felipe.vasconcelos/repos/courses/python-learnings/.venv/lib/python3.10/site-packages/airflow/example_dags/example_params_ui_tutorial.py for tasks to queue
[2023-08-05T11:28:15.112+0200] {logging_mixin.py:150} INFO - [2023-08-05T11:28:15.112+0200] {dagbag.py:541} INFO - Filling up the DagBag from /Users/felipe.vasconcelos/repos/courses/python-learnings/.venv/lib/python3.10/site-packages/airflow/example_dags/example_params_ui_tutorial.py
[2023-08-05T11:28:15.238+0200] {processor.py:836} INFO - DAG(s) dict_keys(['example_params_ui_tutorial']) retrieved from /Users/felipe.vasconcelos/repos/courses/python-learnings/.venv/lib/python3.10/site-packages/airflow/example_dags/example_params_ui_tutorial.py
[2023-08-05T11:28:15.901+0200] {logging_mixin.py:150} INFO - [2023-08-05T11:28:15.901+0200] {dag.py:2742} INFO - Sync 1 DAGs
[2023-08-05T11:28:15.918+0200] {logging_mixin.py:150} INFO - [2023-08-05T11:28:15.918+0200] {dag.py:3504} INFO - Setting next_dagrun for example_params_ui_tutorial to None, run_after=None
[2023-08-05T11:28:15.938+0200] {processor.py:179} INFO - Processing /Users/felipe.vasconcelos/repos/courses/python-learnings/.venv/lib/python3.10/site-packages/airflow/example_dags/example_params_ui_tutorial.py took 0.834 seconds
[2023-08-05T11:30:25.916+0200] {processor.py:157} INFO - Started process (PID=83764) to work on /Users/felipe.vasconcelos/repos/courses/python-learnings/.venv/lib/python3.10/site-packages/airflow/example_dags/example_params_ui_tutorial.py
[2023-08-05T11:30:25.923+0200] {processor.py:826} INFO - Processing file /Users/felipe.vasconcelos/repos/courses/python-learnings/.venv/lib/python3.10/site-packages/airflow/example_dags/example_params_ui_tutorial.py for tasks to queue
[2023-08-05T11:30:25.923+0200] {logging_mixin.py:150} INFO - [2023-08-05T11:30:25.923+0200] {dagbag.py:541} INFO - Filling up the DagBag from /Users/felipe.vasconcelos/repos/courses/python-learnings/.venv/lib/python3.10/site-packages/airflow/example_dags/example_params_ui_tutorial.py
[2023-08-05T11:30:26.048+0200] {processor.py:836} INFO - DAG(s) dict_keys(['example_params_ui_tutorial']) retrieved from /Users/felipe.vasconcelos/repos/courses/python-learnings/.venv/lib/python3.10/site-packages/airflow/example_dags/example_params_ui_tutorial.py
[2023-08-05T11:30:26.761+0200] {logging_mixin.py:150} INFO - [2023-08-05T11:30:26.761+0200] {dag.py:2742} INFO - Sync 1 DAGs
[2023-08-05T11:30:26.779+0200] {logging_mixin.py:150} INFO - [2023-08-05T11:30:26.779+0200] {dag.py:3504} INFO - Setting next_dagrun for example_params_ui_tutorial to None, run_after=None
[2023-08-05T11:30:26.798+0200] {processor.py:179} INFO - Processing /Users/felipe.vasconcelos/repos/courses/python-learnings/.venv/lib/python3.10/site-packages/airflow/example_dags/example_params_ui_tutorial.py took 0.884 seconds
[2023-08-05T11:33:40.865+0200] {processor.py:157} INFO - Started process (PID=83876) to work on /Users/felipe.vasconcelos/repos/courses/python-learnings/.venv/lib/python3.10/site-packages/airflow/example_dags/example_params_ui_tutorial.py
[2023-08-05T11:33:40.871+0200] {processor.py:826} INFO - Processing file /Users/felipe.vasconcelos/repos/courses/python-learnings/.venv/lib/python3.10/site-packages/airflow/example_dags/example_params_ui_tutorial.py for tasks to queue
[2023-08-05T11:33:40.872+0200] {logging_mixin.py:150} INFO - [2023-08-05T11:33:40.872+0200] {dagbag.py:541} INFO - Filling up the DagBag from /Users/felipe.vasconcelos/repos/courses/python-learnings/.venv/lib/python3.10/site-packages/airflow/example_dags/example_params_ui_tutorial.py
[2023-08-05T11:33:41.000+0200] {processor.py:836} INFO - DAG(s) dict_keys(['example_params_ui_tutorial']) retrieved from /Users/felipe.vasconcelos/repos/courses/python-learnings/.venv/lib/python3.10/site-packages/airflow/example_dags/example_params_ui_tutorial.py
[2023-08-05T11:33:41.705+0200] {logging_mixin.py:150} INFO - [2023-08-05T11:33:41.705+0200] {dag.py:2742} INFO - Sync 1 DAGs
[2023-08-05T11:33:41.723+0200] {logging_mixin.py:150} INFO - [2023-08-05T11:33:41.723+0200] {dag.py:3504} INFO - Setting next_dagrun for example_params_ui_tutorial to None, run_after=None
[2023-08-05T11:33:41.745+0200] {processor.py:179} INFO - Processing /Users/felipe.vasconcelos/repos/courses/python-learnings/.venv/lib/python3.10/site-packages/airflow/example_dags/example_params_ui_tutorial.py took 0.881 seconds
[2023-08-05T11:36:02.404+0200] {processor.py:157} INFO - Started process (PID=83955) to work on /Users/felipe.vasconcelos/repos/courses/python-learnings/.venv/lib/python3.10/site-packages/airflow/example_dags/example_params_ui_tutorial.py
[2023-08-05T11:36:02.409+0200] {processor.py:826} INFO - Processing file /Users/felipe.vasconcelos/repos/courses/python-learnings/.venv/lib/python3.10/site-packages/airflow/example_dags/example_params_ui_tutorial.py for tasks to queue
[2023-08-05T11:36:02.410+0200] {logging_mixin.py:150} INFO - [2023-08-05T11:36:02.410+0200] {dagbag.py:541} INFO - Filling up the DagBag from /Users/felipe.vasconcelos/repos/courses/python-learnings/.venv/lib/python3.10/site-packages/airflow/example_dags/example_params_ui_tutorial.py
[2023-08-05T11:36:02.527+0200] {processor.py:836} INFO - DAG(s) dict_keys(['example_params_ui_tutorial']) retrieved from /Users/felipe.vasconcelos/repos/courses/python-learnings/.venv/lib/python3.10/site-packages/airflow/example_dags/example_params_ui_tutorial.py
[2023-08-05T11:36:03.247+0200] {logging_mixin.py:150} INFO - [2023-08-05T11:36:03.246+0200] {dag.py:2742} INFO - Sync 1 DAGs
[2023-08-05T11:36:03.263+0200] {logging_mixin.py:150} INFO - [2023-08-05T11:36:03.263+0200] {dag.py:3504} INFO - Setting next_dagrun for example_params_ui_tutorial to None, run_after=None
[2023-08-05T11:36:03.286+0200] {processor.py:179} INFO - Processing /Users/felipe.vasconcelos/repos/courses/python-learnings/.venv/lib/python3.10/site-packages/airflow/example_dags/example_params_ui_tutorial.py took 0.883 seconds
[2023-08-05T11:38:11.026+0200] {processor.py:157} INFO - Started process (PID=84014) to work on /Users/felipe.vasconcelos/repos/courses/python-learnings/.venv/lib/python3.10/site-packages/airflow/example_dags/example_params_ui_tutorial.py
[2023-08-05T11:38:11.032+0200] {processor.py:826} INFO - Processing file /Users/felipe.vasconcelos/repos/courses/python-learnings/.venv/lib/python3.10/site-packages/airflow/example_dags/example_params_ui_tutorial.py for tasks to queue
[2023-08-05T11:38:11.033+0200] {logging_mixin.py:150} INFO - [2023-08-05T11:38:11.033+0200] {dagbag.py:541} INFO - Filling up the DagBag from /Users/felipe.vasconcelos/repos/courses/python-learnings/.venv/lib/python3.10/site-packages/airflow/example_dags/example_params_ui_tutorial.py
[2023-08-05T11:38:11.157+0200] {processor.py:836} INFO - DAG(s) dict_keys(['example_params_ui_tutorial']) retrieved from /Users/felipe.vasconcelos/repos/courses/python-learnings/.venv/lib/python3.10/site-packages/airflow/example_dags/example_params_ui_tutorial.py
[2023-08-05T11:38:11.839+0200] {logging_mixin.py:150} INFO - [2023-08-05T11:38:11.839+0200] {dag.py:2742} INFO - Sync 1 DAGs
[2023-08-05T11:38:11.855+0200] {logging_mixin.py:150} INFO - [2023-08-05T11:38:11.855+0200] {dag.py:3504} INFO - Setting next_dagrun for example_params_ui_tutorial to None, run_after=None
[2023-08-05T11:38:11.875+0200] {processor.py:179} INFO - Processing /Users/felipe.vasconcelos/repos/courses/python-learnings/.venv/lib/python3.10/site-packages/airflow/example_dags/example_params_ui_tutorial.py took 0.850 seconds
[2023-08-05T11:40:32.508+0200] {processor.py:157} INFO - Started process (PID=84084) to work on /Users/felipe.vasconcelos/repos/courses/python-learnings/.venv/lib/python3.10/site-packages/airflow/example_dags/example_params_ui_tutorial.py
[2023-08-05T11:40:32.514+0200] {processor.py:826} INFO - Processing file /Users/felipe.vasconcelos/repos/courses/python-learnings/.venv/lib/python3.10/site-packages/airflow/example_dags/example_params_ui_tutorial.py for tasks to queue
[2023-08-05T11:40:32.515+0200] {logging_mixin.py:150} INFO - [2023-08-05T11:40:32.515+0200] {dagbag.py:541} INFO - Filling up the DagBag from /Users/felipe.vasconcelos/repos/courses/python-learnings/.venv/lib/python3.10/site-packages/airflow/example_dags/example_params_ui_tutorial.py
[2023-08-05T11:40:32.633+0200] {processor.py:836} INFO - DAG(s) dict_keys(['example_params_ui_tutorial']) retrieved from /Users/felipe.vasconcelos/repos/courses/python-learnings/.venv/lib/python3.10/site-packages/airflow/example_dags/example_params_ui_tutorial.py
[2023-08-05T11:40:33.311+0200] {logging_mixin.py:150} INFO - [2023-08-05T11:40:33.311+0200] {dag.py:2742} INFO - Sync 1 DAGs
[2023-08-05T11:40:33.339+0200] {logging_mixin.py:150} INFO - [2023-08-05T11:40:33.339+0200] {dag.py:3504} INFO - Setting next_dagrun for example_params_ui_tutorial to None, run_after=None
[2023-08-05T11:40:33.368+0200] {processor.py:179} INFO - Processing /Users/felipe.vasconcelos/repos/courses/python-learnings/.venv/lib/python3.10/site-packages/airflow/example_dags/example_params_ui_tutorial.py took 0.861 seconds
[2023-08-05T11:42:42.015+0200] {processor.py:157} INFO - Started process (PID=84152) to work on /Users/felipe.vasconcelos/repos/courses/python-learnings/.venv/lib/python3.10/site-packages/airflow/example_dags/example_params_ui_tutorial.py
[2023-08-05T11:42:42.022+0200] {processor.py:826} INFO - Processing file /Users/felipe.vasconcelos/repos/courses/python-learnings/.venv/lib/python3.10/site-packages/airflow/example_dags/example_params_ui_tutorial.py for tasks to queue
[2023-08-05T11:42:42.023+0200] {logging_mixin.py:150} INFO - [2023-08-05T11:42:42.022+0200] {dagbag.py:541} INFO - Filling up the DagBag from /Users/felipe.vasconcelos/repos/courses/python-learnings/.venv/lib/python3.10/site-packages/airflow/example_dags/example_params_ui_tutorial.py
[2023-08-05T11:42:42.153+0200] {processor.py:836} INFO - DAG(s) dict_keys(['example_params_ui_tutorial']) retrieved from /Users/felipe.vasconcelos/repos/courses/python-learnings/.venv/lib/python3.10/site-packages/airflow/example_dags/example_params_ui_tutorial.py
[2023-08-05T11:42:42.852+0200] {logging_mixin.py:150} INFO - [2023-08-05T11:42:42.852+0200] {dag.py:2742} INFO - Sync 1 DAGs
[2023-08-05T11:42:42.871+0200] {logging_mixin.py:150} INFO - [2023-08-05T11:42:42.870+0200] {dag.py:3504} INFO - Setting next_dagrun for example_params_ui_tutorial to None, run_after=None
[2023-08-05T11:42:42.891+0200] {processor.py:179} INFO - Processing /Users/felipe.vasconcelos/repos/courses/python-learnings/.venv/lib/python3.10/site-packages/airflow/example_dags/example_params_ui_tutorial.py took 0.877 seconds
[2023-08-05T11:44:43.149+0200] {processor.py:157} INFO - Started process (PID=84212) to work on /Users/felipe.vasconcelos/repos/courses/python-learnings/.venv/lib/python3.10/site-packages/airflow/example_dags/example_params_ui_tutorial.py
[2023-08-05T11:44:43.155+0200] {processor.py:826} INFO - Processing file /Users/felipe.vasconcelos/repos/courses/python-learnings/.venv/lib/python3.10/site-packages/airflow/example_dags/example_params_ui_tutorial.py for tasks to queue
[2023-08-05T11:44:43.156+0200] {logging_mixin.py:150} INFO - [2023-08-05T11:44:43.155+0200] {dagbag.py:541} INFO - Filling up the DagBag from /Users/felipe.vasconcelos/repos/courses/python-learnings/.venv/lib/python3.10/site-packages/airflow/example_dags/example_params_ui_tutorial.py
[2023-08-05T11:44:43.269+0200] {processor.py:836} INFO - DAG(s) dict_keys(['example_params_ui_tutorial']) retrieved from /Users/felipe.vasconcelos/repos/courses/python-learnings/.venv/lib/python3.10/site-packages/airflow/example_dags/example_params_ui_tutorial.py
[2023-08-05T11:44:43.946+0200] {logging_mixin.py:150} INFO - [2023-08-05T11:44:43.946+0200] {dag.py:2742} INFO - Sync 1 DAGs
[2023-08-05T11:44:43.963+0200] {logging_mixin.py:150} INFO - [2023-08-05T11:44:43.963+0200] {dag.py:3504} INFO - Setting next_dagrun for example_params_ui_tutorial to None, run_after=None
[2023-08-05T11:44:43.984+0200] {processor.py:179} INFO - Processing /Users/felipe.vasconcelos/repos/courses/python-learnings/.venv/lib/python3.10/site-packages/airflow/example_dags/example_params_ui_tutorial.py took 0.836 seconds
[2023-08-05T11:47:03.503+0200] {processor.py:157} INFO - Started process (PID=84289) to work on /Users/felipe.vasconcelos/repos/courses/python-learnings/.venv/lib/python3.10/site-packages/airflow/example_dags/example_params_ui_tutorial.py
[2023-08-05T11:47:03.510+0200] {processor.py:826} INFO - Processing file /Users/felipe.vasconcelos/repos/courses/python-learnings/.venv/lib/python3.10/site-packages/airflow/example_dags/example_params_ui_tutorial.py for tasks to queue
[2023-08-05T11:47:03.511+0200] {logging_mixin.py:150} INFO - [2023-08-05T11:47:03.511+0200] {dagbag.py:541} INFO - Filling up the DagBag from /Users/felipe.vasconcelos/repos/courses/python-learnings/.venv/lib/python3.10/site-packages/airflow/example_dags/example_params_ui_tutorial.py
[2023-08-05T11:47:03.690+0200] {processor.py:836} INFO - DAG(s) dict_keys(['example_params_ui_tutorial']) retrieved from /Users/felipe.vasconcelos/repos/courses/python-learnings/.venv/lib/python3.10/site-packages/airflow/example_dags/example_params_ui_tutorial.py
[2023-08-05T11:47:05.099+0200] {logging_mixin.py:150} INFO - [2023-08-05T11:47:05.098+0200] {dag.py:2742} INFO - Sync 1 DAGs
[2023-08-05T11:47:05.144+0200] {logging_mixin.py:150} INFO - [2023-08-05T11:47:05.144+0200] {dag.py:3504} INFO - Setting next_dagrun for example_params_ui_tutorial to None, run_after=None
[2023-08-05T11:47:05.177+0200] {processor.py:179} INFO - Processing /Users/felipe.vasconcelos/repos/courses/python-learnings/.venv/lib/python3.10/site-packages/airflow/example_dags/example_params_ui_tutorial.py took 1.676 seconds
[2023-08-05T11:49:55.536+0200] {processor.py:157} INFO - Started process (PID=84393) to work on /Users/felipe.vasconcelos/repos/courses/python-learnings/.venv/lib/python3.10/site-packages/airflow/example_dags/example_params_ui_tutorial.py
[2023-08-05T11:49:55.542+0200] {processor.py:826} INFO - Processing file /Users/felipe.vasconcelos/repos/courses/python-learnings/.venv/lib/python3.10/site-packages/airflow/example_dags/example_params_ui_tutorial.py for tasks to queue
[2023-08-05T11:49:55.543+0200] {logging_mixin.py:150} INFO - [2023-08-05T11:49:55.543+0200] {dagbag.py:541} INFO - Filling up the DagBag from /Users/felipe.vasconcelos/repos/courses/python-learnings/.venv/lib/python3.10/site-packages/airflow/example_dags/example_params_ui_tutorial.py
[2023-08-05T11:49:55.659+0200] {processor.py:836} INFO - DAG(s) dict_keys(['example_params_ui_tutorial']) retrieved from /Users/felipe.vasconcelos/repos/courses/python-learnings/.venv/lib/python3.10/site-packages/airflow/example_dags/example_params_ui_tutorial.py
[2023-08-05T11:49:57.091+0200] {logging_mixin.py:150} INFO - [2023-08-05T11:49:57.090+0200] {dag.py:2742} INFO - Sync 1 DAGs
[2023-08-05T11:49:57.129+0200] {logging_mixin.py:150} INFO - [2023-08-05T11:49:57.129+0200] {dag.py:3504} INFO - Setting next_dagrun for example_params_ui_tutorial to None, run_after=None
[2023-08-05T11:49:57.156+0200] {processor.py:179} INFO - Processing /Users/felipe.vasconcelos/repos/courses/python-learnings/.venv/lib/python3.10/site-packages/airflow/example_dags/example_params_ui_tutorial.py took 1.621 seconds
[2023-08-05T11:52:11.461+0200] {processor.py:157} INFO - Started process (PID=84456) to work on /Users/felipe.vasconcelos/repos/courses/python-learnings/.venv/lib/python3.10/site-packages/airflow/example_dags/example_params_ui_tutorial.py
[2023-08-05T11:52:11.467+0200] {processor.py:826} INFO - Processing file /Users/felipe.vasconcelos/repos/courses/python-learnings/.venv/lib/python3.10/site-packages/airflow/example_dags/example_params_ui_tutorial.py for tasks to queue
[2023-08-05T11:52:11.468+0200] {logging_mixin.py:150} INFO - [2023-08-05T11:52:11.468+0200] {dagbag.py:541} INFO - Filling up the DagBag from /Users/felipe.vasconcelos/repos/courses/python-learnings/.venv/lib/python3.10/site-packages/airflow/example_dags/example_params_ui_tutorial.py
[2023-08-05T11:52:11.589+0200] {processor.py:836} INFO - DAG(s) dict_keys(['example_params_ui_tutorial']) retrieved from /Users/felipe.vasconcelos/repos/courses/python-learnings/.venv/lib/python3.10/site-packages/airflow/example_dags/example_params_ui_tutorial.py
[2023-08-05T11:52:12.243+0200] {logging_mixin.py:150} INFO - [2023-08-05T11:52:12.242+0200] {dag.py:2742} INFO - Sync 1 DAGs
[2023-08-05T11:52:12.261+0200] {logging_mixin.py:150} INFO - [2023-08-05T11:52:12.261+0200] {dag.py:3504} INFO - Setting next_dagrun for example_params_ui_tutorial to None, run_after=None
[2023-08-05T11:52:12.279+0200] {processor.py:179} INFO - Processing /Users/felipe.vasconcelos/repos/courses/python-learnings/.venv/lib/python3.10/site-packages/airflow/example_dags/example_params_ui_tutorial.py took 0.821 seconds
[2023-08-05T11:54:19.514+0200] {processor.py:157} INFO - Started process (PID=84517) to work on /Users/felipe.vasconcelos/repos/courses/python-learnings/.venv/lib/python3.10/site-packages/airflow/example_dags/example_params_ui_tutorial.py
[2023-08-05T11:54:19.521+0200] {processor.py:826} INFO - Processing file /Users/felipe.vasconcelos/repos/courses/python-learnings/.venv/lib/python3.10/site-packages/airflow/example_dags/example_params_ui_tutorial.py for tasks to queue
[2023-08-05T11:54:19.522+0200] {logging_mixin.py:150} INFO - [2023-08-05T11:54:19.522+0200] {dagbag.py:541} INFO - Filling up the DagBag from /Users/felipe.vasconcelos/repos/courses/python-learnings/.venv/lib/python3.10/site-packages/airflow/example_dags/example_params_ui_tutorial.py
[2023-08-05T11:54:19.725+0200] {processor.py:836} INFO - DAG(s) dict_keys(['example_params_ui_tutorial']) retrieved from /Users/felipe.vasconcelos/repos/courses/python-learnings/.venv/lib/python3.10/site-packages/airflow/example_dags/example_params_ui_tutorial.py
[2023-08-05T11:54:20.721+0200] {logging_mixin.py:150} INFO - [2023-08-05T11:54:20.720+0200] {dag.py:2742} INFO - Sync 1 DAGs
[2023-08-05T11:54:20.738+0200] {logging_mixin.py:150} INFO - [2023-08-05T11:54:20.738+0200] {dag.py:3504} INFO - Setting next_dagrun for example_params_ui_tutorial to None, run_after=None
[2023-08-05T11:54:20.759+0200] {processor.py:179} INFO - Processing /Users/felipe.vasconcelos/repos/courses/python-learnings/.venv/lib/python3.10/site-packages/airflow/example_dags/example_params_ui_tutorial.py took 1.246 seconds
[2023-08-05T11:56:23.360+0200] {processor.py:157} INFO - Started process (PID=84579) to work on /Users/felipe.vasconcelos/repos/courses/python-learnings/.venv/lib/python3.10/site-packages/airflow/example_dags/example_params_ui_tutorial.py
[2023-08-05T11:56:23.366+0200] {processor.py:826} INFO - Processing file /Users/felipe.vasconcelos/repos/courses/python-learnings/.venv/lib/python3.10/site-packages/airflow/example_dags/example_params_ui_tutorial.py for tasks to queue
[2023-08-05T11:56:23.366+0200] {logging_mixin.py:150} INFO - [2023-08-05T11:56:23.366+0200] {dagbag.py:541} INFO - Filling up the DagBag from /Users/felipe.vasconcelos/repos/courses/python-learnings/.venv/lib/python3.10/site-packages/airflow/example_dags/example_params_ui_tutorial.py
[2023-08-05T11:56:23.479+0200] {processor.py:836} INFO - DAG(s) dict_keys(['example_params_ui_tutorial']) retrieved from /Users/felipe.vasconcelos/repos/courses/python-learnings/.venv/lib/python3.10/site-packages/airflow/example_dags/example_params_ui_tutorial.py
[2023-08-05T11:56:24.215+0200] {logging_mixin.py:150} INFO - [2023-08-05T11:56:24.215+0200] {dag.py:2742} INFO - Sync 1 DAGs
[2023-08-05T11:56:24.233+0200] {logging_mixin.py:150} INFO - [2023-08-05T11:56:24.233+0200] {dag.py:3504} INFO - Setting next_dagrun for example_params_ui_tutorial to None, run_after=None
[2023-08-05T11:56:24.251+0200] {processor.py:179} INFO - Processing /Users/felipe.vasconcelos/repos/courses/python-learnings/.venv/lib/python3.10/site-packages/airflow/example_dags/example_params_ui_tutorial.py took 0.892 seconds
[2023-08-05T11:58:30.657+0200] {processor.py:157} INFO - Started process (PID=84640) to work on /Users/felipe.vasconcelos/repos/courses/python-learnings/.venv/lib/python3.10/site-packages/airflow/example_dags/example_params_ui_tutorial.py
[2023-08-05T11:58:30.666+0200] {processor.py:826} INFO - Processing file /Users/felipe.vasconcelos/repos/courses/python-learnings/.venv/lib/python3.10/site-packages/airflow/example_dags/example_params_ui_tutorial.py for tasks to queue
[2023-08-05T11:58:30.667+0200] {logging_mixin.py:150} INFO - [2023-08-05T11:58:30.667+0200] {dagbag.py:541} INFO - Filling up the DagBag from /Users/felipe.vasconcelos/repos/courses/python-learnings/.venv/lib/python3.10/site-packages/airflow/example_dags/example_params_ui_tutorial.py
[2023-08-05T11:58:30.787+0200] {processor.py:836} INFO - DAG(s) dict_keys(['example_params_ui_tutorial']) retrieved from /Users/felipe.vasconcelos/repos/courses/python-learnings/.venv/lib/python3.10/site-packages/airflow/example_dags/example_params_ui_tutorial.py
[2023-08-05T11:58:31.490+0200] {logging_mixin.py:150} INFO - [2023-08-05T11:58:31.490+0200] {dag.py:2742} INFO - Sync 1 DAGs
[2023-08-05T11:58:31.510+0200] {logging_mixin.py:150} INFO - [2023-08-05T11:58:31.510+0200] {dag.py:3504} INFO - Setting next_dagrun for example_params_ui_tutorial to None, run_after=None
[2023-08-05T11:58:31.532+0200] {processor.py:179} INFO - Processing /Users/felipe.vasconcelos/repos/courses/python-learnings/.venv/lib/python3.10/site-packages/airflow/example_dags/example_params_ui_tutorial.py took 0.877 seconds
[2023-08-05T12:02:03.421+0200] {processor.py:157} INFO - Started process (PID=84795) to work on /Users/felipe.vasconcelos/repos/courses/python-learnings/.venv/lib/python3.10/site-packages/airflow/example_dags/example_params_ui_tutorial.py
[2023-08-05T12:02:03.440+0200] {processor.py:826} INFO - Processing file /Users/felipe.vasconcelos/repos/courses/python-learnings/.venv/lib/python3.10/site-packages/airflow/example_dags/example_params_ui_tutorial.py for tasks to queue
[2023-08-05T12:02:03.442+0200] {logging_mixin.py:150} INFO - [2023-08-05T12:02:03.441+0200] {dagbag.py:541} INFO - Filling up the DagBag from /Users/felipe.vasconcelos/repos/courses/python-learnings/.venv/lib/python3.10/site-packages/airflow/example_dags/example_params_ui_tutorial.py
[2023-08-05T12:02:03.599+0200] {processor.py:836} INFO - DAG(s) dict_keys(['example_params_ui_tutorial']) retrieved from /Users/felipe.vasconcelos/repos/courses/python-learnings/.venv/lib/python3.10/site-packages/airflow/example_dags/example_params_ui_tutorial.py
[2023-08-05T12:02:04.479+0200] {logging_mixin.py:150} INFO - [2023-08-05T12:02:04.479+0200] {dag.py:2742} INFO - Sync 1 DAGs
[2023-08-05T12:02:04.529+0200] {logging_mixin.py:150} INFO - [2023-08-05T12:02:04.528+0200] {dag.py:3504} INFO - Setting next_dagrun for example_params_ui_tutorial to None, run_after=None
[2023-08-05T12:02:04.613+0200] {processor.py:179} INFO - Processing /Users/felipe.vasconcelos/repos/courses/python-learnings/.venv/lib/python3.10/site-packages/airflow/example_dags/example_params_ui_tutorial.py took 1.195 seconds
