[2023-08-05T10:39:35.015+0200] {processor.py:157} INFO - Started process (PID=82593) to work on /Users/felipe.vasconcelos/repos/courses/python-learnings/.venv/lib/python3.10/site-packages/airflow/example_dags/example_sla_dag.py
[2023-08-05T10:39:35.020+0200] {processor.py:826} INFO - Processing file /Users/felipe.vasconcelos/repos/courses/python-learnings/.venv/lib/python3.10/site-packages/airflow/example_dags/example_sla_dag.py for tasks to queue
[2023-08-05T10:39:35.021+0200] {logging_mixin.py:150} INFO - [2023-08-05T10:39:35.020+0200] {dagbag.py:541} INFO - Filling up the DagBag from /Users/felipe.vasconcelos/repos/courses/python-learnings/.venv/lib/python3.10/site-packages/airflow/example_dags/example_sla_dag.py
[2023-08-05T10:39:35.086+0200] {processor.py:836} INFO - DAG(s) dict_keys(['example_sla_dag']) retrieved from /Users/felipe.vasconcelos/repos/courses/python-learnings/.venv/lib/python3.10/site-packages/airflow/example_dags/example_sla_dag.py
[2023-08-05T10:39:35.981+0200] {logging_mixin.py:150} INFO - [2023-08-05T10:39:35.981+0200] {manager.py:504} INFO - Created Permission View: can delete on DAG:example_sla_dag
[2023-08-05T10:39:35.994+0200] {logging_mixin.py:150} INFO - [2023-08-05T10:39:35.993+0200] {manager.py:504} INFO - Created Permission View: can edit on DAG:example_sla_dag
[2023-08-05T10:39:36.001+0200] {logging_mixin.py:150} INFO - [2023-08-05T10:39:36.001+0200] {manager.py:504} INFO - Created Permission View: can read on DAG:example_sla_dag
[2023-08-05T10:39:36.014+0200] {logging_mixin.py:150} INFO - [2023-08-05T10:39:36.014+0200] {dag.py:2742} INFO - Sync 1 DAGs
[2023-08-05T10:39:36.025+0200] {logging_mixin.py:150} INFO - [2023-08-05T10:39:36.025+0200] {dag.py:2763} INFO - Creating ORM DAG for example_sla_dag
[2023-08-05T10:39:36.038+0200] {logging_mixin.py:150} INFO - [2023-08-05T10:39:36.038+0200] {dag.py:3504} INFO - Setting next_dagrun for example_sla_dag to 2023-08-05T08:36:00+00:00, run_after=2023-08-05T08:38:00+00:00
[2023-08-05T10:39:36.057+0200] {processor.py:179} INFO - Processing /Users/felipe.vasconcelos/repos/courses/python-learnings/.venv/lib/python3.10/site-packages/airflow/example_dags/example_sla_dag.py took 1.044 seconds
[2023-08-05T10:42:36.933+0200] {processor.py:157} INFO - Started process (PID=82671) to work on /Users/felipe.vasconcelos/repos/courses/python-learnings/.venv/lib/python3.10/site-packages/airflow/example_dags/example_sla_dag.py
[2023-08-05T10:42:36.941+0200] {processor.py:826} INFO - Processing file /Users/felipe.vasconcelos/repos/courses/python-learnings/.venv/lib/python3.10/site-packages/airflow/example_dags/example_sla_dag.py for tasks to queue
[2023-08-05T10:42:36.941+0200] {logging_mixin.py:150} INFO - [2023-08-05T10:42:36.941+0200] {dagbag.py:541} INFO - Filling up the DagBag from /Users/felipe.vasconcelos/repos/courses/python-learnings/.venv/lib/python3.10/site-packages/airflow/example_dags/example_sla_dag.py
[2023-08-05T10:42:37.055+0200] {processor.py:836} INFO - DAG(s) dict_keys(['example_sla_dag']) retrieved from /Users/felipe.vasconcelos/repos/courses/python-learnings/.venv/lib/python3.10/site-packages/airflow/example_dags/example_sla_dag.py
[2023-08-05T10:42:38.527+0200] {logging_mixin.py:150} INFO - [2023-08-05T10:42:38.526+0200] {dag.py:2742} INFO - Sync 1 DAGs
[2023-08-05T10:42:38.573+0200] {logging_mixin.py:150} INFO - [2023-08-05T10:42:38.571+0200] {dag.py:3504} INFO - Setting next_dagrun for example_sla_dag to 2023-08-05T08:40:00+00:00, run_after=2023-08-05T08:42:00+00:00
[2023-08-05T10:42:38.624+0200] {processor.py:179} INFO - Processing /Users/felipe.vasconcelos/repos/courses/python-learnings/.venv/lib/python3.10/site-packages/airflow/example_dags/example_sla_dag.py took 1.696 seconds
[2023-08-05T10:46:24.227+0200] {processor.py:157} INFO - Started process (PID=82806) to work on /Users/felipe.vasconcelos/repos/courses/python-learnings/.venv/lib/python3.10/site-packages/airflow/example_dags/example_sla_dag.py
[2023-08-05T10:46:24.241+0200] {processor.py:826} INFO - Processing file /Users/felipe.vasconcelos/repos/courses/python-learnings/.venv/lib/python3.10/site-packages/airflow/example_dags/example_sla_dag.py for tasks to queue
[2023-08-05T10:46:24.242+0200] {logging_mixin.py:150} INFO - [2023-08-05T10:46:24.242+0200] {dagbag.py:541} INFO - Filling up the DagBag from /Users/felipe.vasconcelos/repos/courses/python-learnings/.venv/lib/python3.10/site-packages/airflow/example_dags/example_sla_dag.py
[2023-08-05T10:46:24.383+0200] {processor.py:836} INFO - DAG(s) dict_keys(['example_sla_dag']) retrieved from /Users/felipe.vasconcelos/repos/courses/python-learnings/.venv/lib/python3.10/site-packages/airflow/example_dags/example_sla_dag.py
[2023-08-05T10:46:25.527+0200] {logging_mixin.py:150} INFO - [2023-08-05T10:46:25.527+0200] {dag.py:2742} INFO - Sync 1 DAGs
[2023-08-05T10:46:25.595+0200] {logging_mixin.py:150} INFO - [2023-08-05T10:46:25.594+0200] {dag.py:3504} INFO - Setting next_dagrun for example_sla_dag to 2023-08-05T08:44:00+00:00, run_after=2023-08-05T08:46:00+00:00
[2023-08-05T10:46:25.664+0200] {processor.py:179} INFO - Processing /Users/felipe.vasconcelos/repos/courses/python-learnings/.venv/lib/python3.10/site-packages/airflow/example_dags/example_sla_dag.py took 1.438 seconds
[2023-08-05T10:48:43.671+0200] {processor.py:157} INFO - Started process (PID=82876) to work on /Users/felipe.vasconcelos/repos/courses/python-learnings/.venv/lib/python3.10/site-packages/airflow/example_dags/example_sla_dag.py
[2023-08-05T10:48:43.678+0200] {processor.py:826} INFO - Processing file /Users/felipe.vasconcelos/repos/courses/python-learnings/.venv/lib/python3.10/site-packages/airflow/example_dags/example_sla_dag.py for tasks to queue
[2023-08-05T10:48:43.679+0200] {logging_mixin.py:150} INFO - [2023-08-05T10:48:43.678+0200] {dagbag.py:541} INFO - Filling up the DagBag from /Users/felipe.vasconcelos/repos/courses/python-learnings/.venv/lib/python3.10/site-packages/airflow/example_dags/example_sla_dag.py
[2023-08-05T10:48:43.738+0200] {processor.py:836} INFO - DAG(s) dict_keys(['example_sla_dag']) retrieved from /Users/felipe.vasconcelos/repos/courses/python-learnings/.venv/lib/python3.10/site-packages/airflow/example_dags/example_sla_dag.py
[2023-08-05T10:48:44.399+0200] {logging_mixin.py:150} INFO - [2023-08-05T10:48:44.398+0200] {dag.py:2742} INFO - Sync 1 DAGs
[2023-08-05T10:48:44.420+0200] {logging_mixin.py:150} INFO - [2023-08-05T10:48:44.420+0200] {dag.py:3504} INFO - Setting next_dagrun for example_sla_dag to 2023-08-05T08:46:00+00:00, run_after=2023-08-05T08:48:00+00:00
[2023-08-05T10:48:44.438+0200] {processor.py:179} INFO - Processing /Users/felipe.vasconcelos/repos/courses/python-learnings/.venv/lib/python3.10/site-packages/airflow/example_dags/example_sla_dag.py took 0.768 seconds
[2023-08-05T10:51:03.408+0200] {processor.py:157} INFO - Started process (PID=82947) to work on /Users/felipe.vasconcelos/repos/courses/python-learnings/.venv/lib/python3.10/site-packages/airflow/example_dags/example_sla_dag.py
[2023-08-05T10:51:03.414+0200] {processor.py:826} INFO - Processing file /Users/felipe.vasconcelos/repos/courses/python-learnings/.venv/lib/python3.10/site-packages/airflow/example_dags/example_sla_dag.py for tasks to queue
[2023-08-05T10:51:03.415+0200] {logging_mixin.py:150} INFO - [2023-08-05T10:51:03.415+0200] {dagbag.py:541} INFO - Filling up the DagBag from /Users/felipe.vasconcelos/repos/courses/python-learnings/.venv/lib/python3.10/site-packages/airflow/example_dags/example_sla_dag.py
[2023-08-05T10:51:03.479+0200] {processor.py:836} INFO - DAG(s) dict_keys(['example_sla_dag']) retrieved from /Users/felipe.vasconcelos/repos/courses/python-learnings/.venv/lib/python3.10/site-packages/airflow/example_dags/example_sla_dag.py
[2023-08-05T10:51:04.171+0200] {logging_mixin.py:150} INFO - [2023-08-05T10:51:04.171+0200] {dag.py:2742} INFO - Sync 1 DAGs
[2023-08-05T10:51:04.192+0200] {logging_mixin.py:150} INFO - [2023-08-05T10:51:04.192+0200] {dag.py:3504} INFO - Setting next_dagrun for example_sla_dag to 2023-08-05T08:48:00+00:00, run_after=2023-08-05T08:50:00+00:00
[2023-08-05T10:51:04.212+0200] {processor.py:179} INFO - Processing /Users/felipe.vasconcelos/repos/courses/python-learnings/.venv/lib/python3.10/site-packages/airflow/example_dags/example_sla_dag.py took 0.805 seconds
[2023-08-05T10:53:18.790+0200] {processor.py:157} INFO - Started process (PID=83004) to work on /Users/felipe.vasconcelos/repos/courses/python-learnings/.venv/lib/python3.10/site-packages/airflow/example_dags/example_sla_dag.py
[2023-08-05T10:53:18.797+0200] {processor.py:826} INFO - Processing file /Users/felipe.vasconcelos/repos/courses/python-learnings/.venv/lib/python3.10/site-packages/airflow/example_dags/example_sla_dag.py for tasks to queue
[2023-08-05T10:53:18.798+0200] {logging_mixin.py:150} INFO - [2023-08-05T10:53:18.797+0200] {dagbag.py:541} INFO - Filling up the DagBag from /Users/felipe.vasconcelos/repos/courses/python-learnings/.venv/lib/python3.10/site-packages/airflow/example_dags/example_sla_dag.py
[2023-08-05T10:53:18.856+0200] {processor.py:836} INFO - DAG(s) dict_keys(['example_sla_dag']) retrieved from /Users/felipe.vasconcelos/repos/courses/python-learnings/.venv/lib/python3.10/site-packages/airflow/example_dags/example_sla_dag.py
[2023-08-05T10:53:19.535+0200] {logging_mixin.py:150} INFO - [2023-08-05T10:53:19.534+0200] {dag.py:2742} INFO - Sync 1 DAGs
[2023-08-05T10:53:19.556+0200] {logging_mixin.py:150} INFO - [2023-08-05T10:53:19.556+0200] {dag.py:3504} INFO - Setting next_dagrun for example_sla_dag to 2023-08-05T08:50:00+00:00, run_after=2023-08-05T08:52:00+00:00
[2023-08-05T10:53:19.575+0200] {processor.py:179} INFO - Processing /Users/felipe.vasconcelos/repos/courses/python-learnings/.venv/lib/python3.10/site-packages/airflow/example_dags/example_sla_dag.py took 0.786 seconds
[2023-08-05T10:55:34.390+0200] {processor.py:157} INFO - Started process (PID=83068) to work on /Users/felipe.vasconcelos/repos/courses/python-learnings/.venv/lib/python3.10/site-packages/airflow/example_dags/example_sla_dag.py
[2023-08-05T10:55:34.396+0200] {processor.py:826} INFO - Processing file /Users/felipe.vasconcelos/repos/courses/python-learnings/.venv/lib/python3.10/site-packages/airflow/example_dags/example_sla_dag.py for tasks to queue
[2023-08-05T10:55:34.397+0200] {logging_mixin.py:150} INFO - [2023-08-05T10:55:34.397+0200] {dagbag.py:541} INFO - Filling up the DagBag from /Users/felipe.vasconcelos/repos/courses/python-learnings/.venv/lib/python3.10/site-packages/airflow/example_dags/example_sla_dag.py
[2023-08-05T10:55:34.467+0200] {processor.py:836} INFO - DAG(s) dict_keys(['example_sla_dag']) retrieved from /Users/felipe.vasconcelos/repos/courses/python-learnings/.venv/lib/python3.10/site-packages/airflow/example_dags/example_sla_dag.py
[2023-08-05T10:55:35.175+0200] {logging_mixin.py:150} INFO - [2023-08-05T10:55:35.175+0200] {dag.py:2742} INFO - Sync 1 DAGs
[2023-08-05T10:55:35.196+0200] {logging_mixin.py:150} INFO - [2023-08-05T10:55:35.196+0200] {dag.py:3504} INFO - Setting next_dagrun for example_sla_dag to 2023-08-05T08:52:00+00:00, run_after=2023-08-05T08:54:00+00:00
[2023-08-05T10:55:35.216+0200] {processor.py:179} INFO - Processing /Users/felipe.vasconcelos/repos/courses/python-learnings/.venv/lib/python3.10/site-packages/airflow/example_dags/example_sla_dag.py took 0.827 seconds
[2023-08-05T10:57:41.051+0200] {processor.py:157} INFO - Started process (PID=83133) to work on /Users/felipe.vasconcelos/repos/courses/python-learnings/.venv/lib/python3.10/site-packages/airflow/example_dags/example_sla_dag.py
[2023-08-05T10:57:41.058+0200] {processor.py:826} INFO - Processing file /Users/felipe.vasconcelos/repos/courses/python-learnings/.venv/lib/python3.10/site-packages/airflow/example_dags/example_sla_dag.py for tasks to queue
[2023-08-05T10:57:41.059+0200] {logging_mixin.py:150} INFO - [2023-08-05T10:57:41.059+0200] {dagbag.py:541} INFO - Filling up the DagBag from /Users/felipe.vasconcelos/repos/courses/python-learnings/.venv/lib/python3.10/site-packages/airflow/example_dags/example_sla_dag.py
[2023-08-05T10:57:41.121+0200] {processor.py:836} INFO - DAG(s) dict_keys(['example_sla_dag']) retrieved from /Users/felipe.vasconcelos/repos/courses/python-learnings/.venv/lib/python3.10/site-packages/airflow/example_dags/example_sla_dag.py
[2023-08-05T10:57:41.807+0200] {logging_mixin.py:150} INFO - [2023-08-05T10:57:41.807+0200] {dag.py:2742} INFO - Sync 1 DAGs
[2023-08-05T10:57:41.828+0200] {logging_mixin.py:150} INFO - [2023-08-05T10:57:41.828+0200] {dag.py:3504} INFO - Setting next_dagrun for example_sla_dag to 2023-08-05T08:54:00+00:00, run_after=2023-08-05T08:56:00+00:00
[2023-08-05T10:57:41.849+0200] {processor.py:179} INFO - Processing /Users/felipe.vasconcelos/repos/courses/python-learnings/.venv/lib/python3.10/site-packages/airflow/example_dags/example_sla_dag.py took 0.799 seconds
[2023-08-05T11:12:04.425+0200] {processor.py:157} INFO - Started process (PID=83263) to work on /Users/felipe.vasconcelos/repos/courses/python-learnings/.venv/lib/python3.10/site-packages/airflow/example_dags/example_sla_dag.py
[2023-08-05T11:12:04.441+0200] {processor.py:826} INFO - Processing file /Users/felipe.vasconcelos/repos/courses/python-learnings/.venv/lib/python3.10/site-packages/airflow/example_dags/example_sla_dag.py for tasks to queue
[2023-08-05T11:12:04.442+0200] {logging_mixin.py:150} INFO - [2023-08-05T11:12:04.442+0200] {dagbag.py:541} INFO - Filling up the DagBag from /Users/felipe.vasconcelos/repos/courses/python-learnings/.venv/lib/python3.10/site-packages/airflow/example_dags/example_sla_dag.py
[2023-08-05T11:12:04.534+0200] {processor.py:836} INFO - DAG(s) dict_keys(['example_sla_dag']) retrieved from /Users/felipe.vasconcelos/repos/courses/python-learnings/.venv/lib/python3.10/site-packages/airflow/example_dags/example_sla_dag.py
[2023-08-05T11:12:05.619+0200] {logging_mixin.py:150} INFO - [2023-08-05T11:12:05.618+0200] {dag.py:2742} INFO - Sync 1 DAGs
[2023-08-05T11:12:05.652+0200] {logging_mixin.py:150} INFO - [2023-08-05T11:12:05.652+0200] {dag.py:3504} INFO - Setting next_dagrun for example_sla_dag to 2023-08-05T09:10:00+00:00, run_after=2023-08-05T09:12:00+00:00
[2023-08-05T11:12:05.684+0200] {processor.py:179} INFO - Processing /Users/felipe.vasconcelos/repos/courses/python-learnings/.venv/lib/python3.10/site-packages/airflow/example_dags/example_sla_dag.py took 1.260 seconds
[2023-08-05T11:14:22.768+0200] {processor.py:157} INFO - Started process (PID=83328) to work on /Users/felipe.vasconcelos/repos/courses/python-learnings/.venv/lib/python3.10/site-packages/airflow/example_dags/example_sla_dag.py
[2023-08-05T11:14:22.775+0200] {processor.py:826} INFO - Processing file /Users/felipe.vasconcelos/repos/courses/python-learnings/.venv/lib/python3.10/site-packages/airflow/example_dags/example_sla_dag.py for tasks to queue
[2023-08-05T11:14:22.775+0200] {logging_mixin.py:150} INFO - [2023-08-05T11:14:22.775+0200] {dagbag.py:541} INFO - Filling up the DagBag from /Users/felipe.vasconcelos/repos/courses/python-learnings/.venv/lib/python3.10/site-packages/airflow/example_dags/example_sla_dag.py
[2023-08-05T11:14:22.832+0200] {processor.py:836} INFO - DAG(s) dict_keys(['example_sla_dag']) retrieved from /Users/felipe.vasconcelos/repos/courses/python-learnings/.venv/lib/python3.10/site-packages/airflow/example_dags/example_sla_dag.py
[2023-08-05T11:14:23.554+0200] {logging_mixin.py:150} INFO - [2023-08-05T11:14:23.553+0200] {dag.py:2742} INFO - Sync 1 DAGs
[2023-08-05T11:14:23.575+0200] {logging_mixin.py:150} INFO - [2023-08-05T11:14:23.575+0200] {dag.py:3504} INFO - Setting next_dagrun for example_sla_dag to 2023-08-05T09:12:00+00:00, run_after=2023-08-05T09:14:00+00:00
[2023-08-05T11:14:23.596+0200] {processor.py:179} INFO - Processing /Users/felipe.vasconcelos/repos/courses/python-learnings/.venv/lib/python3.10/site-packages/airflow/example_dags/example_sla_dag.py took 0.829 seconds
[2023-08-05T11:16:26.771+0200] {processor.py:157} INFO - Started process (PID=83385) to work on /Users/felipe.vasconcelos/repos/courses/python-learnings/.venv/lib/python3.10/site-packages/airflow/example_dags/example_sla_dag.py
[2023-08-05T11:16:26.777+0200] {processor.py:826} INFO - Processing file /Users/felipe.vasconcelos/repos/courses/python-learnings/.venv/lib/python3.10/site-packages/airflow/example_dags/example_sla_dag.py for tasks to queue
[2023-08-05T11:16:26.778+0200] {logging_mixin.py:150} INFO - [2023-08-05T11:16:26.778+0200] {dagbag.py:541} INFO - Filling up the DagBag from /Users/felipe.vasconcelos/repos/courses/python-learnings/.venv/lib/python3.10/site-packages/airflow/example_dags/example_sla_dag.py
[2023-08-05T11:16:26.837+0200] {processor.py:836} INFO - DAG(s) dict_keys(['example_sla_dag']) retrieved from /Users/felipe.vasconcelos/repos/courses/python-learnings/.venv/lib/python3.10/site-packages/airflow/example_dags/example_sla_dag.py
[2023-08-05T11:16:27.588+0200] {logging_mixin.py:150} INFO - [2023-08-05T11:16:27.587+0200] {dag.py:2742} INFO - Sync 1 DAGs
[2023-08-05T11:16:27.609+0200] {logging_mixin.py:150} INFO - [2023-08-05T11:16:27.609+0200] {dag.py:3504} INFO - Setting next_dagrun for example_sla_dag to 2023-08-05T09:14:00+00:00, run_after=2023-08-05T09:16:00+00:00
[2023-08-05T11:16:27.628+0200] {processor.py:179} INFO - Processing /Users/felipe.vasconcelos/repos/courses/python-learnings/.venv/lib/python3.10/site-packages/airflow/example_dags/example_sla_dag.py took 0.858 seconds
[2023-08-05T11:18:34.293+0200] {processor.py:157} INFO - Started process (PID=83448) to work on /Users/felipe.vasconcelos/repos/courses/python-learnings/.venv/lib/python3.10/site-packages/airflow/example_dags/example_sla_dag.py
[2023-08-05T11:18:34.300+0200] {processor.py:826} INFO - Processing file /Users/felipe.vasconcelos/repos/courses/python-learnings/.venv/lib/python3.10/site-packages/airflow/example_dags/example_sla_dag.py for tasks to queue
[2023-08-05T11:18:34.301+0200] {logging_mixin.py:150} INFO - [2023-08-05T11:18:34.301+0200] {dagbag.py:541} INFO - Filling up the DagBag from /Users/felipe.vasconcelos/repos/courses/python-learnings/.venv/lib/python3.10/site-packages/airflow/example_dags/example_sla_dag.py
[2023-08-05T11:18:34.395+0200] {processor.py:836} INFO - DAG(s) dict_keys(['example_sla_dag']) retrieved from /Users/felipe.vasconcelos/repos/courses/python-learnings/.venv/lib/python3.10/site-packages/airflow/example_dags/example_sla_dag.py
[2023-08-05T11:18:35.249+0200] {logging_mixin.py:150} INFO - [2023-08-05T11:18:35.248+0200] {dag.py:2742} INFO - Sync 1 DAGs
[2023-08-05T11:18:35.271+0200] {logging_mixin.py:150} INFO - [2023-08-05T11:18:35.270+0200] {dag.py:3504} INFO - Setting next_dagrun for example_sla_dag to 2023-08-05T09:16:00+00:00, run_after=2023-08-05T09:18:00+00:00
[2023-08-05T11:18:35.288+0200] {processor.py:179} INFO - Processing /Users/felipe.vasconcelos/repos/courses/python-learnings/.venv/lib/python3.10/site-packages/airflow/example_dags/example_sla_dag.py took 0.996 seconds
[2023-08-05T11:20:45.652+0200] {processor.py:157} INFO - Started process (PID=83503) to work on /Users/felipe.vasconcelos/repos/courses/python-learnings/.venv/lib/python3.10/site-packages/airflow/example_dags/example_sla_dag.py
[2023-08-05T11:20:45.658+0200] {processor.py:826} INFO - Processing file /Users/felipe.vasconcelos/repos/courses/python-learnings/.venv/lib/python3.10/site-packages/airflow/example_dags/example_sla_dag.py for tasks to queue
[2023-08-05T11:20:45.659+0200] {logging_mixin.py:150} INFO - [2023-08-05T11:20:45.659+0200] {dagbag.py:541} INFO - Filling up the DagBag from /Users/felipe.vasconcelos/repos/courses/python-learnings/.venv/lib/python3.10/site-packages/airflow/example_dags/example_sla_dag.py
[2023-08-05T11:20:45.718+0200] {processor.py:836} INFO - DAG(s) dict_keys(['example_sla_dag']) retrieved from /Users/felipe.vasconcelos/repos/courses/python-learnings/.venv/lib/python3.10/site-packages/airflow/example_dags/example_sla_dag.py
[2023-08-05T11:20:46.430+0200] {logging_mixin.py:150} INFO - [2023-08-05T11:20:46.430+0200] {dag.py:2742} INFO - Sync 1 DAGs
[2023-08-05T11:20:46.450+0200] {logging_mixin.py:150} INFO - [2023-08-05T11:20:46.449+0200] {dag.py:3504} INFO - Setting next_dagrun for example_sla_dag to 2023-08-05T09:18:00+00:00, run_after=2023-08-05T09:20:00+00:00
[2023-08-05T11:20:46.469+0200] {processor.py:179} INFO - Processing /Users/felipe.vasconcelos/repos/courses/python-learnings/.venv/lib/python3.10/site-packages/airflow/example_dags/example_sla_dag.py took 0.819 seconds
[2023-08-05T11:23:11.132+0200] {processor.py:157} INFO - Started process (PID=83575) to work on /Users/felipe.vasconcelos/repos/courses/python-learnings/.venv/lib/python3.10/site-packages/airflow/example_dags/example_sla_dag.py
[2023-08-05T11:23:11.140+0200] {processor.py:826} INFO - Processing file /Users/felipe.vasconcelos/repos/courses/python-learnings/.venv/lib/python3.10/site-packages/airflow/example_dags/example_sla_dag.py for tasks to queue
[2023-08-05T11:23:11.141+0200] {logging_mixin.py:150} INFO - [2023-08-05T11:23:11.141+0200] {dagbag.py:541} INFO - Filling up the DagBag from /Users/felipe.vasconcelos/repos/courses/python-learnings/.venv/lib/python3.10/site-packages/airflow/example_dags/example_sla_dag.py
[2023-08-05T11:23:11.201+0200] {processor.py:836} INFO - DAG(s) dict_keys(['example_sla_dag']) retrieved from /Users/felipe.vasconcelos/repos/courses/python-learnings/.venv/lib/python3.10/site-packages/airflow/example_dags/example_sla_dag.py
[2023-08-05T11:23:11.908+0200] {logging_mixin.py:150} INFO - [2023-08-05T11:23:11.907+0200] {dag.py:2742} INFO - Sync 1 DAGs
[2023-08-05T11:23:11.929+0200] {logging_mixin.py:150} INFO - [2023-08-05T11:23:11.929+0200] {dag.py:3504} INFO - Setting next_dagrun for example_sla_dag to 2023-08-05T09:20:00+00:00, run_after=2023-08-05T09:22:00+00:00
[2023-08-05T11:23:11.949+0200] {processor.py:179} INFO - Processing /Users/felipe.vasconcelos/repos/courses/python-learnings/.venv/lib/python3.10/site-packages/airflow/example_dags/example_sla_dag.py took 0.819 seconds
[2023-08-05T11:25:27.615+0200] {processor.py:157} INFO - Started process (PID=83631) to work on /Users/felipe.vasconcelos/repos/courses/python-learnings/.venv/lib/python3.10/site-packages/airflow/example_dags/example_sla_dag.py
[2023-08-05T11:25:27.621+0200] {processor.py:826} INFO - Processing file /Users/felipe.vasconcelos/repos/courses/python-learnings/.venv/lib/python3.10/site-packages/airflow/example_dags/example_sla_dag.py for tasks to queue
[2023-08-05T11:25:27.622+0200] {logging_mixin.py:150} INFO - [2023-08-05T11:25:27.622+0200] {dagbag.py:541} INFO - Filling up the DagBag from /Users/felipe.vasconcelos/repos/courses/python-learnings/.venv/lib/python3.10/site-packages/airflow/example_dags/example_sla_dag.py
[2023-08-05T11:25:27.684+0200] {processor.py:836} INFO - DAG(s) dict_keys(['example_sla_dag']) retrieved from /Users/felipe.vasconcelos/repos/courses/python-learnings/.venv/lib/python3.10/site-packages/airflow/example_dags/example_sla_dag.py
[2023-08-05T11:25:28.370+0200] {logging_mixin.py:150} INFO - [2023-08-05T11:25:28.369+0200] {dag.py:2742} INFO - Sync 1 DAGs
[2023-08-05T11:25:28.391+0200] {logging_mixin.py:150} INFO - [2023-08-05T11:25:28.391+0200] {dag.py:3504} INFO - Setting next_dagrun for example_sla_dag to 2023-08-05T09:22:00+00:00, run_after=2023-08-05T09:24:00+00:00
[2023-08-05T11:25:28.410+0200] {processor.py:179} INFO - Processing /Users/felipe.vasconcelos/repos/courses/python-learnings/.venv/lib/python3.10/site-packages/airflow/example_dags/example_sla_dag.py took 0.796 seconds
[2023-08-05T11:27:42.304+0200] {processor.py:157} INFO - Started process (PID=83689) to work on /Users/felipe.vasconcelos/repos/courses/python-learnings/.venv/lib/python3.10/site-packages/airflow/example_dags/example_sla_dag.py
[2023-08-05T11:27:42.311+0200] {processor.py:826} INFO - Processing file /Users/felipe.vasconcelos/repos/courses/python-learnings/.venv/lib/python3.10/site-packages/airflow/example_dags/example_sla_dag.py for tasks to queue
[2023-08-05T11:27:42.312+0200] {logging_mixin.py:150} INFO - [2023-08-05T11:27:42.311+0200] {dagbag.py:541} INFO - Filling up the DagBag from /Users/felipe.vasconcelos/repos/courses/python-learnings/.venv/lib/python3.10/site-packages/airflow/example_dags/example_sla_dag.py
[2023-08-05T11:27:42.389+0200] {processor.py:836} INFO - DAG(s) dict_keys(['example_sla_dag']) retrieved from /Users/felipe.vasconcelos/repos/courses/python-learnings/.venv/lib/python3.10/site-packages/airflow/example_dags/example_sla_dag.py
[2023-08-05T11:27:43.092+0200] {logging_mixin.py:150} INFO - [2023-08-05T11:27:43.091+0200] {dag.py:2742} INFO - Sync 1 DAGs
[2023-08-05T11:27:43.114+0200] {logging_mixin.py:150} INFO - [2023-08-05T11:27:43.114+0200] {dag.py:3504} INFO - Setting next_dagrun for example_sla_dag to 2023-08-05T09:24:00+00:00, run_after=2023-08-05T09:26:00+00:00
[2023-08-05T11:27:43.136+0200] {processor.py:179} INFO - Processing /Users/felipe.vasconcelos/repos/courses/python-learnings/.venv/lib/python3.10/site-packages/airflow/example_dags/example_sla_dag.py took 0.833 seconds
[2023-08-05T11:29:51.858+0200] {processor.py:157} INFO - Started process (PID=83745) to work on /Users/felipe.vasconcelos/repos/courses/python-learnings/.venv/lib/python3.10/site-packages/airflow/example_dags/example_sla_dag.py
[2023-08-05T11:29:51.864+0200] {processor.py:826} INFO - Processing file /Users/felipe.vasconcelos/repos/courses/python-learnings/.venv/lib/python3.10/site-packages/airflow/example_dags/example_sla_dag.py for tasks to queue
[2023-08-05T11:29:51.865+0200] {logging_mixin.py:150} INFO - [2023-08-05T11:29:51.864+0200] {dagbag.py:541} INFO - Filling up the DagBag from /Users/felipe.vasconcelos/repos/courses/python-learnings/.venv/lib/python3.10/site-packages/airflow/example_dags/example_sla_dag.py
[2023-08-05T11:29:51.922+0200] {processor.py:836} INFO - DAG(s) dict_keys(['example_sla_dag']) retrieved from /Users/felipe.vasconcelos/repos/courses/python-learnings/.venv/lib/python3.10/site-packages/airflow/example_dags/example_sla_dag.py
[2023-08-05T11:29:52.639+0200] {logging_mixin.py:150} INFO - [2023-08-05T11:29:52.638+0200] {dag.py:2742} INFO - Sync 1 DAGs
[2023-08-05T11:29:52.662+0200] {logging_mixin.py:150} INFO - [2023-08-05T11:29:52.662+0200] {dag.py:3504} INFO - Setting next_dagrun for example_sla_dag to 2023-08-05T09:26:00+00:00, run_after=2023-08-05T09:28:00+00:00
[2023-08-05T11:29:52.682+0200] {processor.py:179} INFO - Processing /Users/felipe.vasconcelos/repos/courses/python-learnings/.venv/lib/python3.10/site-packages/airflow/example_dags/example_sla_dag.py took 0.826 seconds
[2023-08-05T11:32:56.767+0200] {processor.py:157} INFO - Started process (PID=83848) to work on /Users/felipe.vasconcelos/repos/courses/python-learnings/.venv/lib/python3.10/site-packages/airflow/example_dags/example_sla_dag.py
[2023-08-05T11:32:56.773+0200] {processor.py:826} INFO - Processing file /Users/felipe.vasconcelos/repos/courses/python-learnings/.venv/lib/python3.10/site-packages/airflow/example_dags/example_sla_dag.py for tasks to queue
[2023-08-05T11:32:56.774+0200] {logging_mixin.py:150} INFO - [2023-08-05T11:32:56.774+0200] {dagbag.py:541} INFO - Filling up the DagBag from /Users/felipe.vasconcelos/repos/courses/python-learnings/.venv/lib/python3.10/site-packages/airflow/example_dags/example_sla_dag.py
[2023-08-05T11:32:56.836+0200] {processor.py:836} INFO - DAG(s) dict_keys(['example_sla_dag']) retrieved from /Users/felipe.vasconcelos/repos/courses/python-learnings/.venv/lib/python3.10/site-packages/airflow/example_dags/example_sla_dag.py
[2023-08-05T11:32:57.644+0200] {logging_mixin.py:150} INFO - [2023-08-05T11:32:57.644+0200] {dag.py:2742} INFO - Sync 1 DAGs
[2023-08-05T11:32:57.671+0200] {logging_mixin.py:150} INFO - [2023-08-05T11:32:57.671+0200] {dag.py:3504} INFO - Setting next_dagrun for example_sla_dag to 2023-08-05T09:30:00+00:00, run_after=2023-08-05T09:32:00+00:00
[2023-08-05T11:32:57.693+0200] {processor.py:179} INFO - Processing /Users/felipe.vasconcelos/repos/courses/python-learnings/.venv/lib/python3.10/site-packages/airflow/example_dags/example_sla_dag.py took 0.927 seconds
[2023-08-05T11:35:28.901+0200] {processor.py:157} INFO - Started process (PID=83934) to work on /Users/felipe.vasconcelos/repos/courses/python-learnings/.venv/lib/python3.10/site-packages/airflow/example_dags/example_sla_dag.py
[2023-08-05T11:35:28.908+0200] {processor.py:826} INFO - Processing file /Users/felipe.vasconcelos/repos/courses/python-learnings/.venv/lib/python3.10/site-packages/airflow/example_dags/example_sla_dag.py for tasks to queue
[2023-08-05T11:35:28.910+0200] {logging_mixin.py:150} INFO - [2023-08-05T11:35:28.910+0200] {dagbag.py:541} INFO - Filling up the DagBag from /Users/felipe.vasconcelos/repos/courses/python-learnings/.venv/lib/python3.10/site-packages/airflow/example_dags/example_sla_dag.py
[2023-08-05T11:35:28.997+0200] {processor.py:836} INFO - DAG(s) dict_keys(['example_sla_dag']) retrieved from /Users/felipe.vasconcelos/repos/courses/python-learnings/.venv/lib/python3.10/site-packages/airflow/example_dags/example_sla_dag.py
[2023-08-05T11:35:29.701+0200] {logging_mixin.py:150} INFO - [2023-08-05T11:35:29.701+0200] {dag.py:2742} INFO - Sync 1 DAGs
[2023-08-05T11:35:29.722+0200] {logging_mixin.py:150} INFO - [2023-08-05T11:35:29.722+0200] {dag.py:3504} INFO - Setting next_dagrun for example_sla_dag to 2023-08-05T09:32:00+00:00, run_after=2023-08-05T09:34:00+00:00
[2023-08-05T11:35:29.741+0200] {processor.py:179} INFO - Processing /Users/felipe.vasconcelos/repos/courses/python-learnings/.venv/lib/python3.10/site-packages/airflow/example_dags/example_sla_dag.py took 0.841 seconds
[2023-08-05T11:37:39.987+0200] {processor.py:157} INFO - Started process (PID=84001) to work on /Users/felipe.vasconcelos/repos/courses/python-learnings/.venv/lib/python3.10/site-packages/airflow/example_dags/example_sla_dag.py
[2023-08-05T11:37:39.993+0200] {processor.py:826} INFO - Processing file /Users/felipe.vasconcelos/repos/courses/python-learnings/.venv/lib/python3.10/site-packages/airflow/example_dags/example_sla_dag.py for tasks to queue
[2023-08-05T11:37:39.994+0200] {logging_mixin.py:150} INFO - [2023-08-05T11:37:39.994+0200] {dagbag.py:541} INFO - Filling up the DagBag from /Users/felipe.vasconcelos/repos/courses/python-learnings/.venv/lib/python3.10/site-packages/airflow/example_dags/example_sla_dag.py
[2023-08-05T11:37:40.056+0200] {processor.py:836} INFO - DAG(s) dict_keys(['example_sla_dag']) retrieved from /Users/felipe.vasconcelos/repos/courses/python-learnings/.venv/lib/python3.10/site-packages/airflow/example_dags/example_sla_dag.py
[2023-08-05T11:37:40.729+0200] {logging_mixin.py:150} INFO - [2023-08-05T11:37:40.728+0200] {dag.py:2742} INFO - Sync 1 DAGs
[2023-08-05T11:37:40.749+0200] {logging_mixin.py:150} INFO - [2023-08-05T11:37:40.749+0200] {dag.py:3504} INFO - Setting next_dagrun for example_sla_dag to 2023-08-05T09:34:00+00:00, run_after=2023-08-05T09:36:00+00:00
[2023-08-05T11:37:40.769+0200] {processor.py:179} INFO - Processing /Users/felipe.vasconcelos/repos/courses/python-learnings/.venv/lib/python3.10/site-packages/airflow/example_dags/example_sla_dag.py took 0.783 seconds
[2023-08-05T11:39:54.780+0200] {processor.py:157} INFO - Started process (PID=84068) to work on /Users/felipe.vasconcelos/repos/courses/python-learnings/.venv/lib/python3.10/site-packages/airflow/example_dags/example_sla_dag.py
[2023-08-05T11:39:54.786+0200] {processor.py:826} INFO - Processing file /Users/felipe.vasconcelos/repos/courses/python-learnings/.venv/lib/python3.10/site-packages/airflow/example_dags/example_sla_dag.py for tasks to queue
[2023-08-05T11:39:54.786+0200] {logging_mixin.py:150} INFO - [2023-08-05T11:39:54.786+0200] {dagbag.py:541} INFO - Filling up the DagBag from /Users/felipe.vasconcelos/repos/courses/python-learnings/.venv/lib/python3.10/site-packages/airflow/example_dags/example_sla_dag.py
[2023-08-05T11:39:54.846+0200] {processor.py:836} INFO - DAG(s) dict_keys(['example_sla_dag']) retrieved from /Users/felipe.vasconcelos/repos/courses/python-learnings/.venv/lib/python3.10/site-packages/airflow/example_dags/example_sla_dag.py
[2023-08-05T11:39:55.606+0200] {logging_mixin.py:150} INFO - [2023-08-05T11:39:55.606+0200] {dag.py:2742} INFO - Sync 1 DAGs
[2023-08-05T11:39:55.632+0200] {logging_mixin.py:150} INFO - [2023-08-05T11:39:55.631+0200] {dag.py:3504} INFO - Setting next_dagrun for example_sla_dag to 2023-08-05T09:36:00+00:00, run_after=2023-08-05T09:38:00+00:00
[2023-08-05T11:39:55.652+0200] {processor.py:179} INFO - Processing /Users/felipe.vasconcelos/repos/courses/python-learnings/.venv/lib/python3.10/site-packages/airflow/example_dags/example_sla_dag.py took 0.873 seconds
[2023-08-05T11:42:02.267+0200] {processor.py:157} INFO - Started process (PID=84133) to work on /Users/felipe.vasconcelos/repos/courses/python-learnings/.venv/lib/python3.10/site-packages/airflow/example_dags/example_sla_dag.py
[2023-08-05T11:42:02.276+0200] {processor.py:826} INFO - Processing file /Users/felipe.vasconcelos/repos/courses/python-learnings/.venv/lib/python3.10/site-packages/airflow/example_dags/example_sla_dag.py for tasks to queue
[2023-08-05T11:42:02.277+0200] {logging_mixin.py:150} INFO - [2023-08-05T11:42:02.277+0200] {dagbag.py:541} INFO - Filling up the DagBag from /Users/felipe.vasconcelos/repos/courses/python-learnings/.venv/lib/python3.10/site-packages/airflow/example_dags/example_sla_dag.py
[2023-08-05T11:42:02.394+0200] {processor.py:836} INFO - DAG(s) dict_keys(['example_sla_dag']) retrieved from /Users/felipe.vasconcelos/repos/courses/python-learnings/.venv/lib/python3.10/site-packages/airflow/example_dags/example_sla_dag.py
[2023-08-05T11:42:03.298+0200] {logging_mixin.py:150} INFO - [2023-08-05T11:42:03.298+0200] {dag.py:2742} INFO - Sync 1 DAGs
[2023-08-05T11:42:03.326+0200] {logging_mixin.py:150} INFO - [2023-08-05T11:42:03.326+0200] {dag.py:3504} INFO - Setting next_dagrun for example_sla_dag to 2023-08-05T09:40:00+00:00, run_after=2023-08-05T09:42:00+00:00
[2023-08-05T11:42:03.348+0200] {processor.py:179} INFO - Processing /Users/felipe.vasconcelos/repos/courses/python-learnings/.venv/lib/python3.10/site-packages/airflow/example_dags/example_sla_dag.py took 1.081 seconds
[2023-08-05T11:44:09.625+0200] {processor.py:157} INFO - Started process (PID=84191) to work on /Users/felipe.vasconcelos/repos/courses/python-learnings/.venv/lib/python3.10/site-packages/airflow/example_dags/example_sla_dag.py
[2023-08-05T11:44:09.632+0200] {processor.py:826} INFO - Processing file /Users/felipe.vasconcelos/repos/courses/python-learnings/.venv/lib/python3.10/site-packages/airflow/example_dags/example_sla_dag.py for tasks to queue
[2023-08-05T11:44:09.633+0200] {logging_mixin.py:150} INFO - [2023-08-05T11:44:09.632+0200] {dagbag.py:541} INFO - Filling up the DagBag from /Users/felipe.vasconcelos/repos/courses/python-learnings/.venv/lib/python3.10/site-packages/airflow/example_dags/example_sla_dag.py
[2023-08-05T11:44:09.694+0200] {processor.py:836} INFO - DAG(s) dict_keys(['example_sla_dag']) retrieved from /Users/felipe.vasconcelos/repos/courses/python-learnings/.venv/lib/python3.10/site-packages/airflow/example_dags/example_sla_dag.py
[2023-08-05T11:44:10.365+0200] {logging_mixin.py:150} INFO - [2023-08-05T11:44:10.364+0200] {dag.py:2742} INFO - Sync 1 DAGs
[2023-08-05T11:44:10.385+0200] {logging_mixin.py:150} INFO - [2023-08-05T11:44:10.385+0200] {dag.py:3504} INFO - Setting next_dagrun for example_sla_dag to 2023-08-05T09:42:00+00:00, run_after=2023-08-05T09:44:00+00:00
[2023-08-05T11:44:10.404+0200] {processor.py:179} INFO - Processing /Users/felipe.vasconcelos/repos/courses/python-learnings/.venv/lib/python3.10/site-packages/airflow/example_dags/example_sla_dag.py took 0.780 seconds
[2023-08-05T11:46:15.361+0200] {processor.py:157} INFO - Started process (PID=84257) to work on /Users/felipe.vasconcelos/repos/courses/python-learnings/.venv/lib/python3.10/site-packages/airflow/example_dags/example_sla_dag.py
[2023-08-05T11:46:15.367+0200] {processor.py:826} INFO - Processing file /Users/felipe.vasconcelos/repos/courses/python-learnings/.venv/lib/python3.10/site-packages/airflow/example_dags/example_sla_dag.py for tasks to queue
[2023-08-05T11:46:15.368+0200] {logging_mixin.py:150} INFO - [2023-08-05T11:46:15.368+0200] {dagbag.py:541} INFO - Filling up the DagBag from /Users/felipe.vasconcelos/repos/courses/python-learnings/.venv/lib/python3.10/site-packages/airflow/example_dags/example_sla_dag.py
[2023-08-05T11:46:15.428+0200] {processor.py:836} INFO - DAG(s) dict_keys(['example_sla_dag']) retrieved from /Users/felipe.vasconcelos/repos/courses/python-learnings/.venv/lib/python3.10/site-packages/airflow/example_dags/example_sla_dag.py
[2023-08-05T11:46:16.114+0200] {logging_mixin.py:150} INFO - [2023-08-05T11:46:16.114+0200] {dag.py:2742} INFO - Sync 1 DAGs
[2023-08-05T11:46:16.138+0200] {logging_mixin.py:150} INFO - [2023-08-05T11:46:16.138+0200] {dag.py:3504} INFO - Setting next_dagrun for example_sla_dag to 2023-08-05T09:44:00+00:00, run_after=2023-08-05T09:46:00+00:00
[2023-08-05T11:46:16.157+0200] {processor.py:179} INFO - Processing /Users/felipe.vasconcelos/repos/courses/python-learnings/.venv/lib/python3.10/site-packages/airflow/example_dags/example_sla_dag.py took 0.798 seconds
[2023-08-05T11:49:10.025+0200] {processor.py:157} INFO - Started process (PID=84372) to work on /Users/felipe.vasconcelos/repos/courses/python-learnings/.venv/lib/python3.10/site-packages/airflow/example_dags/example_sla_dag.py
[2023-08-05T11:49:10.032+0200] {processor.py:826} INFO - Processing file /Users/felipe.vasconcelos/repos/courses/python-learnings/.venv/lib/python3.10/site-packages/airflow/example_dags/example_sla_dag.py for tasks to queue
[2023-08-05T11:49:10.033+0200] {logging_mixin.py:150} INFO - [2023-08-05T11:49:10.033+0200] {dagbag.py:541} INFO - Filling up the DagBag from /Users/felipe.vasconcelos/repos/courses/python-learnings/.venv/lib/python3.10/site-packages/airflow/example_dags/example_sla_dag.py
[2023-08-05T11:49:10.137+0200] {processor.py:836} INFO - DAG(s) dict_keys(['example_sla_dag']) retrieved from /Users/felipe.vasconcelos/repos/courses/python-learnings/.venv/lib/python3.10/site-packages/airflow/example_dags/example_sla_dag.py
[2023-08-05T11:49:11.026+0200] {logging_mixin.py:150} INFO - [2023-08-05T11:49:11.025+0200] {dag.py:2742} INFO - Sync 1 DAGs
[2023-08-05T11:49:11.053+0200] {logging_mixin.py:150} INFO - [2023-08-05T11:49:11.053+0200] {dag.py:3504} INFO - Setting next_dagrun for example_sla_dag to 2023-08-05T09:46:00+00:00, run_after=2023-08-05T09:48:00+00:00
[2023-08-05T11:49:11.079+0200] {processor.py:179} INFO - Processing /Users/felipe.vasconcelos/repos/courses/python-learnings/.venv/lib/python3.10/site-packages/airflow/example_dags/example_sla_dag.py took 1.057 seconds
[2023-08-05T11:51:36.120+0200] {processor.py:157} INFO - Started process (PID=84440) to work on /Users/felipe.vasconcelos/repos/courses/python-learnings/.venv/lib/python3.10/site-packages/airflow/example_dags/example_sla_dag.py
[2023-08-05T11:51:36.126+0200] {processor.py:826} INFO - Processing file /Users/felipe.vasconcelos/repos/courses/python-learnings/.venv/lib/python3.10/site-packages/airflow/example_dags/example_sla_dag.py for tasks to queue
[2023-08-05T11:51:36.127+0200] {logging_mixin.py:150} INFO - [2023-08-05T11:51:36.126+0200] {dagbag.py:541} INFO - Filling up the DagBag from /Users/felipe.vasconcelos/repos/courses/python-learnings/.venv/lib/python3.10/site-packages/airflow/example_dags/example_sla_dag.py
[2023-08-05T11:51:36.207+0200] {processor.py:836} INFO - DAG(s) dict_keys(['example_sla_dag']) retrieved from /Users/felipe.vasconcelos/repos/courses/python-learnings/.venv/lib/python3.10/site-packages/airflow/example_dags/example_sla_dag.py
[2023-08-05T11:51:37.151+0200] {logging_mixin.py:150} INFO - [2023-08-05T11:51:37.150+0200] {dag.py:2742} INFO - Sync 1 DAGs
[2023-08-05T11:51:37.184+0200] {logging_mixin.py:150} INFO - [2023-08-05T11:51:37.183+0200] {dag.py:3504} INFO - Setting next_dagrun for example_sla_dag to 2023-08-05T09:48:00+00:00, run_after=2023-08-05T09:50:00+00:00
[2023-08-05T11:51:37.209+0200] {processor.py:179} INFO - Processing /Users/felipe.vasconcelos/repos/courses/python-learnings/.venv/lib/python3.10/site-packages/airflow/example_dags/example_sla_dag.py took 1.090 seconds
[2023-08-05T11:53:42.583+0200] {processor.py:157} INFO - Started process (PID=84495) to work on /Users/felipe.vasconcelos/repos/courses/python-learnings/.venv/lib/python3.10/site-packages/airflow/example_dags/example_sla_dag.py
[2023-08-05T11:53:42.589+0200] {processor.py:826} INFO - Processing file /Users/felipe.vasconcelos/repos/courses/python-learnings/.venv/lib/python3.10/site-packages/airflow/example_dags/example_sla_dag.py for tasks to queue
[2023-08-05T11:53:42.590+0200] {logging_mixin.py:150} INFO - [2023-08-05T11:53:42.589+0200] {dagbag.py:541} INFO - Filling up the DagBag from /Users/felipe.vasconcelos/repos/courses/python-learnings/.venv/lib/python3.10/site-packages/airflow/example_dags/example_sla_dag.py
[2023-08-05T11:53:42.651+0200] {processor.py:836} INFO - DAG(s) dict_keys(['example_sla_dag']) retrieved from /Users/felipe.vasconcelos/repos/courses/python-learnings/.venv/lib/python3.10/site-packages/airflow/example_dags/example_sla_dag.py
[2023-08-05T11:53:43.356+0200] {logging_mixin.py:150} INFO - [2023-08-05T11:53:43.356+0200] {dag.py:2742} INFO - Sync 1 DAGs
[2023-08-05T11:53:43.383+0200] {logging_mixin.py:150} INFO - [2023-08-05T11:53:43.383+0200] {dag.py:3504} INFO - Setting next_dagrun for example_sla_dag to 2023-08-05T09:50:00+00:00, run_after=2023-08-05T09:52:00+00:00
[2023-08-05T11:53:43.405+0200] {processor.py:179} INFO - Processing /Users/felipe.vasconcelos/repos/courses/python-learnings/.venv/lib/python3.10/site-packages/airflow/example_dags/example_sla_dag.py took 0.823 seconds
[2023-08-05T11:55:50.120+0200] {processor.py:157} INFO - Started process (PID=84561) to work on /Users/felipe.vasconcelos/repos/courses/python-learnings/.venv/lib/python3.10/site-packages/airflow/example_dags/example_sla_dag.py
[2023-08-05T11:55:50.126+0200] {processor.py:826} INFO - Processing file /Users/felipe.vasconcelos/repos/courses/python-learnings/.venv/lib/python3.10/site-packages/airflow/example_dags/example_sla_dag.py for tasks to queue
[2023-08-05T11:55:50.127+0200] {logging_mixin.py:150} INFO - [2023-08-05T11:55:50.127+0200] {dagbag.py:541} INFO - Filling up the DagBag from /Users/felipe.vasconcelos/repos/courses/python-learnings/.venv/lib/python3.10/site-packages/airflow/example_dags/example_sla_dag.py
[2023-08-05T11:55:50.186+0200] {processor.py:836} INFO - DAG(s) dict_keys(['example_sla_dag']) retrieved from /Users/felipe.vasconcelos/repos/courses/python-learnings/.venv/lib/python3.10/site-packages/airflow/example_dags/example_sla_dag.py
[2023-08-05T11:55:50.909+0200] {logging_mixin.py:150} INFO - [2023-08-05T11:55:50.908+0200] {dag.py:2742} INFO - Sync 1 DAGs
[2023-08-05T11:55:50.929+0200] {logging_mixin.py:150} INFO - [2023-08-05T11:55:50.929+0200] {dag.py:3504} INFO - Setting next_dagrun for example_sla_dag to 2023-08-05T09:52:00+00:00, run_after=2023-08-05T09:54:00+00:00
[2023-08-05T11:55:50.948+0200] {processor.py:179} INFO - Processing /Users/felipe.vasconcelos/repos/courses/python-learnings/.venv/lib/python3.10/site-packages/airflow/example_dags/example_sla_dag.py took 0.829 seconds
[2023-08-05T11:57:55.832+0200] {processor.py:157} INFO - Started process (PID=84625) to work on /Users/felipe.vasconcelos/repos/courses/python-learnings/.venv/lib/python3.10/site-packages/airflow/example_dags/example_sla_dag.py
[2023-08-05T11:57:55.838+0200] {processor.py:826} INFO - Processing file /Users/felipe.vasconcelos/repos/courses/python-learnings/.venv/lib/python3.10/site-packages/airflow/example_dags/example_sla_dag.py for tasks to queue
[2023-08-05T11:57:55.839+0200] {logging_mixin.py:150} INFO - [2023-08-05T11:57:55.839+0200] {dagbag.py:541} INFO - Filling up the DagBag from /Users/felipe.vasconcelos/repos/courses/python-learnings/.venv/lib/python3.10/site-packages/airflow/example_dags/example_sla_dag.py
[2023-08-05T11:57:55.900+0200] {processor.py:836} INFO - DAG(s) dict_keys(['example_sla_dag']) retrieved from /Users/felipe.vasconcelos/repos/courses/python-learnings/.venv/lib/python3.10/site-packages/airflow/example_dags/example_sla_dag.py
[2023-08-05T11:57:56.601+0200] {logging_mixin.py:150} INFO - [2023-08-05T11:57:56.600+0200] {dag.py:2742} INFO - Sync 1 DAGs
[2023-08-05T11:57:56.622+0200] {logging_mixin.py:150} INFO - [2023-08-05T11:57:56.622+0200] {dag.py:3504} INFO - Setting next_dagrun for example_sla_dag to 2023-08-05T09:54:00+00:00, run_after=2023-08-05T09:56:00+00:00
[2023-08-05T11:57:56.642+0200] {processor.py:179} INFO - Processing /Users/felipe.vasconcelos/repos/courses/python-learnings/.venv/lib/python3.10/site-packages/airflow/example_dags/example_sla_dag.py took 0.812 seconds
[2023-08-05T12:01:20.232+0200] {processor.py:157} INFO - Started process (PID=84755) to work on /Users/felipe.vasconcelos/repos/courses/python-learnings/.venv/lib/python3.10/site-packages/airflow/example_dags/example_sla_dag.py
[2023-08-05T12:01:20.242+0200] {processor.py:826} INFO - Processing file /Users/felipe.vasconcelos/repos/courses/python-learnings/.venv/lib/python3.10/site-packages/airflow/example_dags/example_sla_dag.py for tasks to queue
[2023-08-05T12:01:20.243+0200] {logging_mixin.py:150} INFO - [2023-08-05T12:01:20.243+0200] {dagbag.py:541} INFO - Filling up the DagBag from /Users/felipe.vasconcelos/repos/courses/python-learnings/.venv/lib/python3.10/site-packages/airflow/example_dags/example_sla_dag.py
[2023-08-05T12:01:20.414+0200] {processor.py:836} INFO - DAG(s) dict_keys(['example_sla_dag']) retrieved from /Users/felipe.vasconcelos/repos/courses/python-learnings/.venv/lib/python3.10/site-packages/airflow/example_dags/example_sla_dag.py
[2023-08-05T12:01:21.610+0200] {logging_mixin.py:150} INFO - [2023-08-05T12:01:21.609+0200] {dag.py:2742} INFO - Sync 1 DAGs
[2023-08-05T12:01:21.643+0200] {logging_mixin.py:150} INFO - [2023-08-05T12:01:21.643+0200] {dag.py:3504} INFO - Setting next_dagrun for example_sla_dag to 2023-08-05T09:58:00+00:00, run_after=2023-08-05T10:00:00+00:00
[2023-08-05T12:01:21.674+0200] {processor.py:179} INFO - Processing /Users/felipe.vasconcelos/repos/courses/python-learnings/.venv/lib/python3.10/site-packages/airflow/example_dags/example_sla_dag.py took 1.444 seconds
