[2023-08-05T10:40:41.508+0200] {processor.py:157} INFO - Started process (PID=82620) to work on /Users/felipe.vasconcelos/repos/courses/python-learnings/.venv/lib/python3.10/site-packages/airflow/example_dags/example_kubernetes_executor.py
[2023-08-05T10:40:41.514+0200] {processor.py:826} INFO - Processing file /Users/felipe.vasconcelos/repos/courses/python-learnings/.venv/lib/python3.10/site-packages/airflow/example_dags/example_kubernetes_executor.py for tasks to queue
[2023-08-05T10:40:41.516+0200] {logging_mixin.py:150} INFO - [2023-08-05T10:40:41.515+0200] {dagbag.py:541} INFO - Filling up the DagBag from /Users/felipe.vasconcelos/repos/courses/python-learnings/.venv/lib/python3.10/site-packages/airflow/example_dags/example_kubernetes_executor.py
[2023-08-05T10:40:41.582+0200] {logging_mixin.py:150} INFO - [2023-08-05T10:40:41.581+0200] {example_kubernetes_executor.py:41} WARNING - The example_kubernetes_executor example DAG requires the kubernetes provider. Please install it with: pip install apache-airflow[cncf.kubernetes]
[2023-08-05T10:40:41.582+0200] {processor.py:838} WARNING - No viable dags retrieved from /Users/felipe.vasconcelos/repos/courses/python-learnings/.venv/lib/python3.10/site-packages/airflow/example_dags/example_kubernetes_executor.py
[2023-08-05T10:40:42.485+0200] {processor.py:179} INFO - Processing /Users/felipe.vasconcelos/repos/courses/python-learnings/.venv/lib/python3.10/site-packages/airflow/example_dags/example_kubernetes_executor.py took 0.978 seconds
[2023-08-05T10:44:27.480+0200] {processor.py:157} INFO - Started process (PID=82724) to work on /Users/felipe.vasconcelos/repos/courses/python-learnings/.venv/lib/python3.10/site-packages/airflow/example_dags/example_kubernetes_executor.py
[2023-08-05T10:44:27.488+0200] {processor.py:826} INFO - Processing file /Users/felipe.vasconcelos/repos/courses/python-learnings/.venv/lib/python3.10/site-packages/airflow/example_dags/example_kubernetes_executor.py for tasks to queue
[2023-08-05T10:44:27.489+0200] {logging_mixin.py:150} INFO - [2023-08-05T10:44:27.489+0200] {dagbag.py:541} INFO - Filling up the DagBag from /Users/felipe.vasconcelos/repos/courses/python-learnings/.venv/lib/python3.10/site-packages/airflow/example_dags/example_kubernetes_executor.py
[2023-08-05T10:44:27.561+0200] {logging_mixin.py:150} INFO - [2023-08-05T10:44:27.561+0200] {example_kubernetes_executor.py:41} WARNING - The example_kubernetes_executor example DAG requires the kubernetes provider. Please install it with: pip install apache-airflow[cncf.kubernetes]
[2023-08-05T10:44:27.562+0200] {processor.py:838} WARNING - No viable dags retrieved from /Users/felipe.vasconcelos/repos/courses/python-learnings/.venv/lib/python3.10/site-packages/airflow/example_dags/example_kubernetes_executor.py
[2023-08-05T10:44:28.792+0200] {processor.py:179} INFO - Processing /Users/felipe.vasconcelos/repos/courses/python-learnings/.venv/lib/python3.10/site-packages/airflow/example_dags/example_kubernetes_executor.py took 1.313 seconds
[2023-08-05T10:49:43.622+0200] {processor.py:157} INFO - Started process (PID=82905) to work on /Users/felipe.vasconcelos/repos/courses/python-learnings/.venv/lib/python3.10/site-packages/airflow/example_dags/example_kubernetes_executor.py
[2023-08-05T10:49:43.629+0200] {processor.py:826} INFO - Processing file /Users/felipe.vasconcelos/repos/courses/python-learnings/.venv/lib/python3.10/site-packages/airflow/example_dags/example_kubernetes_executor.py for tasks to queue
[2023-08-05T10:49:43.629+0200] {logging_mixin.py:150} INFO - [2023-08-05T10:49:43.629+0200] {dagbag.py:541} INFO - Filling up the DagBag from /Users/felipe.vasconcelos/repos/courses/python-learnings/.venv/lib/python3.10/site-packages/airflow/example_dags/example_kubernetes_executor.py
[2023-08-05T10:49:43.680+0200] {logging_mixin.py:150} INFO - [2023-08-05T10:49:43.680+0200] {example_kubernetes_executor.py:41} WARNING - The example_kubernetes_executor example DAG requires the kubernetes provider. Please install it with: pip install apache-airflow[cncf.kubernetes]
[2023-08-05T10:49:43.680+0200] {processor.py:838} WARNING - No viable dags retrieved from /Users/felipe.vasconcelos/repos/courses/python-learnings/.venv/lib/python3.10/site-packages/airflow/example_dags/example_kubernetes_executor.py
[2023-08-05T10:49:44.336+0200] {processor.py:179} INFO - Processing /Users/felipe.vasconcelos/repos/courses/python-learnings/.venv/lib/python3.10/site-packages/airflow/example_dags/example_kubernetes_executor.py took 0.715 seconds
[2023-08-05T10:54:13.119+0200] {processor.py:157} INFO - Started process (PID=83028) to work on /Users/felipe.vasconcelos/repos/courses/python-learnings/.venv/lib/python3.10/site-packages/airflow/example_dags/example_kubernetes_executor.py
[2023-08-05T10:54:13.126+0200] {processor.py:826} INFO - Processing file /Users/felipe.vasconcelos/repos/courses/python-learnings/.venv/lib/python3.10/site-packages/airflow/example_dags/example_kubernetes_executor.py for tasks to queue
[2023-08-05T10:54:13.127+0200] {logging_mixin.py:150} INFO - [2023-08-05T10:54:13.126+0200] {dagbag.py:541} INFO - Filling up the DagBag from /Users/felipe.vasconcelos/repos/courses/python-learnings/.venv/lib/python3.10/site-packages/airflow/example_dags/example_kubernetes_executor.py
[2023-08-05T10:54:13.183+0200] {logging_mixin.py:150} INFO - [2023-08-05T10:54:13.183+0200] {example_kubernetes_executor.py:41} WARNING - The example_kubernetes_executor example DAG requires the kubernetes provider. Please install it with: pip install apache-airflow[cncf.kubernetes]
[2023-08-05T10:54:13.183+0200] {processor.py:838} WARNING - No viable dags retrieved from /Users/felipe.vasconcelos/repos/courses/python-learnings/.venv/lib/python3.10/site-packages/airflow/example_dags/example_kubernetes_executor.py
[2023-08-05T10:54:13.846+0200] {processor.py:179} INFO - Processing /Users/felipe.vasconcelos/repos/courses/python-learnings/.venv/lib/python3.10/site-packages/airflow/example_dags/example_kubernetes_executor.py took 0.728 seconds
[2023-08-05T10:58:31.153+0200] {processor.py:157} INFO - Started process (PID=83154) to work on /Users/felipe.vasconcelos/repos/courses/python-learnings/.venv/lib/python3.10/site-packages/airflow/example_dags/example_kubernetes_executor.py
[2023-08-05T10:58:31.160+0200] {processor.py:826} INFO - Processing file /Users/felipe.vasconcelos/repos/courses/python-learnings/.venv/lib/python3.10/site-packages/airflow/example_dags/example_kubernetes_executor.py for tasks to queue
[2023-08-05T10:58:31.161+0200] {logging_mixin.py:150} INFO - [2023-08-05T10:58:31.160+0200] {dagbag.py:541} INFO - Filling up the DagBag from /Users/felipe.vasconcelos/repos/courses/python-learnings/.venv/lib/python3.10/site-packages/airflow/example_dags/example_kubernetes_executor.py
[2023-08-05T10:58:31.223+0200] {logging_mixin.py:150} INFO - [2023-08-05T10:58:31.222+0200] {example_kubernetes_executor.py:41} WARNING - The example_kubernetes_executor example DAG requires the kubernetes provider. Please install it with: pip install apache-airflow[cncf.kubernetes]
[2023-08-05T10:58:31.223+0200] {processor.py:838} WARNING - No viable dags retrieved from /Users/felipe.vasconcelos/repos/courses/python-learnings/.venv/lib/python3.10/site-packages/airflow/example_dags/example_kubernetes_executor.py
[2023-08-05T10:58:31.932+0200] {processor.py:179} INFO - Processing /Users/felipe.vasconcelos/repos/courses/python-learnings/.venv/lib/python3.10/site-packages/airflow/example_dags/example_kubernetes_executor.py took 0.780 seconds
[2023-08-05T11:15:09.802+0200] {processor.py:157} INFO - Started process (PID=83348) to work on /Users/felipe.vasconcelos/repos/courses/python-learnings/.venv/lib/python3.10/site-packages/airflow/example_dags/example_kubernetes_executor.py
[2023-08-05T11:15:09.809+0200] {processor.py:826} INFO - Processing file /Users/felipe.vasconcelos/repos/courses/python-learnings/.venv/lib/python3.10/site-packages/airflow/example_dags/example_kubernetes_executor.py for tasks to queue
[2023-08-05T11:15:09.810+0200] {logging_mixin.py:150} INFO - [2023-08-05T11:15:09.810+0200] {dagbag.py:541} INFO - Filling up the DagBag from /Users/felipe.vasconcelos/repos/courses/python-learnings/.venv/lib/python3.10/site-packages/airflow/example_dags/example_kubernetes_executor.py
[2023-08-05T11:15:09.860+0200] {logging_mixin.py:150} INFO - [2023-08-05T11:15:09.860+0200] {example_kubernetes_executor.py:41} WARNING - The example_kubernetes_executor example DAG requires the kubernetes provider. Please install it with: pip install apache-airflow[cncf.kubernetes]
[2023-08-05T11:15:09.860+0200] {processor.py:838} WARNING - No viable dags retrieved from /Users/felipe.vasconcelos/repos/courses/python-learnings/.venv/lib/python3.10/site-packages/airflow/example_dags/example_kubernetes_executor.py
[2023-08-05T11:15:10.531+0200] {processor.py:179} INFO - Processing /Users/felipe.vasconcelos/repos/courses/python-learnings/.venv/lib/python3.10/site-packages/airflow/example_dags/example_kubernetes_executor.py took 0.730 seconds
[2023-08-05T11:19:25.124+0200] {processor.py:157} INFO - Started process (PID=83469) to work on /Users/felipe.vasconcelos/repos/courses/python-learnings/.venv/lib/python3.10/site-packages/airflow/example_dags/example_kubernetes_executor.py
[2023-08-05T11:19:25.131+0200] {processor.py:826} INFO - Processing file /Users/felipe.vasconcelos/repos/courses/python-learnings/.venv/lib/python3.10/site-packages/airflow/example_dags/example_kubernetes_executor.py for tasks to queue
[2023-08-05T11:19:25.132+0200] {logging_mixin.py:150} INFO - [2023-08-05T11:19:25.131+0200] {dagbag.py:541} INFO - Filling up the DagBag from /Users/felipe.vasconcelos/repos/courses/python-learnings/.venv/lib/python3.10/site-packages/airflow/example_dags/example_kubernetes_executor.py
[2023-08-05T11:19:25.199+0200] {logging_mixin.py:150} INFO - [2023-08-05T11:19:25.199+0200] {example_kubernetes_executor.py:41} WARNING - The example_kubernetes_executor example DAG requires the kubernetes provider. Please install it with: pip install apache-airflow[cncf.kubernetes]
[2023-08-05T11:19:25.199+0200] {processor.py:838} WARNING - No viable dags retrieved from /Users/felipe.vasconcelos/repos/courses/python-learnings/.venv/lib/python3.10/site-packages/airflow/example_dags/example_kubernetes_executor.py
[2023-08-05T11:19:25.914+0200] {processor.py:179} INFO - Processing /Users/felipe.vasconcelos/repos/courses/python-learnings/.venv/lib/python3.10/site-packages/airflow/example_dags/example_kubernetes_executor.py took 0.791 seconds
[2023-08-05T11:24:07.403+0200] {processor.py:157} INFO - Started process (PID=83597) to work on /Users/felipe.vasconcelos/repos/courses/python-learnings/.venv/lib/python3.10/site-packages/airflow/example_dags/example_kubernetes_executor.py
[2023-08-05T11:24:07.409+0200] {processor.py:826} INFO - Processing file /Users/felipe.vasconcelos/repos/courses/python-learnings/.venv/lib/python3.10/site-packages/airflow/example_dags/example_kubernetes_executor.py for tasks to queue
[2023-08-05T11:24:07.410+0200] {logging_mixin.py:150} INFO - [2023-08-05T11:24:07.410+0200] {dagbag.py:541} INFO - Filling up the DagBag from /Users/felipe.vasconcelos/repos/courses/python-learnings/.venv/lib/python3.10/site-packages/airflow/example_dags/example_kubernetes_executor.py
[2023-08-05T11:24:07.463+0200] {logging_mixin.py:150} INFO - [2023-08-05T11:24:07.463+0200] {example_kubernetes_executor.py:41} WARNING - The example_kubernetes_executor example DAG requires the kubernetes provider. Please install it with: pip install apache-airflow[cncf.kubernetes]
[2023-08-05T11:24:07.463+0200] {processor.py:838} WARNING - No viable dags retrieved from /Users/felipe.vasconcelos/repos/courses/python-learnings/.venv/lib/python3.10/site-packages/airflow/example_dags/example_kubernetes_executor.py
[2023-08-05T11:24:08.148+0200] {processor.py:179} INFO - Processing /Users/felipe.vasconcelos/repos/courses/python-learnings/.venv/lib/python3.10/site-packages/airflow/example_dags/example_kubernetes_executor.py took 0.746 seconds
[2023-08-05T11:28:32.329+0200] {processor.py:157} INFO - Started process (PID=83711) to work on /Users/felipe.vasconcelos/repos/courses/python-learnings/.venv/lib/python3.10/site-packages/airflow/example_dags/example_kubernetes_executor.py
[2023-08-05T11:28:32.336+0200] {processor.py:826} INFO - Processing file /Users/felipe.vasconcelos/repos/courses/python-learnings/.venv/lib/python3.10/site-packages/airflow/example_dags/example_kubernetes_executor.py for tasks to queue
[2023-08-05T11:28:32.337+0200] {logging_mixin.py:150} INFO - [2023-08-05T11:28:32.337+0200] {dagbag.py:541} INFO - Filling up the DagBag from /Users/felipe.vasconcelos/repos/courses/python-learnings/.venv/lib/python3.10/site-packages/airflow/example_dags/example_kubernetes_executor.py
[2023-08-05T11:28:32.391+0200] {logging_mixin.py:150} INFO - [2023-08-05T11:28:32.391+0200] {example_kubernetes_executor.py:41} WARNING - The example_kubernetes_executor example DAG requires the kubernetes provider. Please install it with: pip install apache-airflow[cncf.kubernetes]
[2023-08-05T11:28:32.391+0200] {processor.py:838} WARNING - No viable dags retrieved from /Users/felipe.vasconcelos/repos/courses/python-learnings/.venv/lib/python3.10/site-packages/airflow/example_dags/example_kubernetes_executor.py
[2023-08-05T11:28:33.096+0200] {processor.py:179} INFO - Processing /Users/felipe.vasconcelos/repos/courses/python-learnings/.venv/lib/python3.10/site-packages/airflow/example_dags/example_kubernetes_executor.py took 0.768 seconds
[2023-08-05T11:34:02.154+0200] {processor.py:157} INFO - Started process (PID=83886) to work on /Users/felipe.vasconcelos/repos/courses/python-learnings/.venv/lib/python3.10/site-packages/airflow/example_dags/example_kubernetes_executor.py
[2023-08-05T11:34:02.161+0200] {processor.py:826} INFO - Processing file /Users/felipe.vasconcelos/repos/courses/python-learnings/.venv/lib/python3.10/site-packages/airflow/example_dags/example_kubernetes_executor.py for tasks to queue
[2023-08-05T11:34:02.162+0200] {logging_mixin.py:150} INFO - [2023-08-05T11:34:02.162+0200] {dagbag.py:541} INFO - Filling up the DagBag from /Users/felipe.vasconcelos/repos/courses/python-learnings/.venv/lib/python3.10/site-packages/airflow/example_dags/example_kubernetes_executor.py
[2023-08-05T11:34:02.214+0200] {logging_mixin.py:150} INFO - [2023-08-05T11:34:02.214+0200] {example_kubernetes_executor.py:41} WARNING - The example_kubernetes_executor example DAG requires the kubernetes provider. Please install it with: pip install apache-airflow[cncf.kubernetes]
[2023-08-05T11:34:02.214+0200] {processor.py:838} WARNING - No viable dags retrieved from /Users/felipe.vasconcelos/repos/courses/python-learnings/.venv/lib/python3.10/site-packages/airflow/example_dags/example_kubernetes_executor.py
[2023-08-05T11:34:02.900+0200] {processor.py:179} INFO - Processing /Users/felipe.vasconcelos/repos/courses/python-learnings/.venv/lib/python3.10/site-packages/airflow/example_dags/example_kubernetes_executor.py took 0.748 seconds
[2023-08-05T11:38:24.976+0200] {processor.py:157} INFO - Started process (PID=84026) to work on /Users/felipe.vasconcelos/repos/courses/python-learnings/.venv/lib/python3.10/site-packages/airflow/example_dags/example_kubernetes_executor.py
[2023-08-05T11:38:24.982+0200] {processor.py:826} INFO - Processing file /Users/felipe.vasconcelos/repos/courses/python-learnings/.venv/lib/python3.10/site-packages/airflow/example_dags/example_kubernetes_executor.py for tasks to queue
[2023-08-05T11:38:24.983+0200] {logging_mixin.py:150} INFO - [2023-08-05T11:38:24.983+0200] {dagbag.py:541} INFO - Filling up the DagBag from /Users/felipe.vasconcelos/repos/courses/python-learnings/.venv/lib/python3.10/site-packages/airflow/example_dags/example_kubernetes_executor.py
[2023-08-05T11:38:25.034+0200] {logging_mixin.py:150} INFO - [2023-08-05T11:38:25.034+0200] {example_kubernetes_executor.py:41} WARNING - The example_kubernetes_executor example DAG requires the kubernetes provider. Please install it with: pip install apache-airflow[cncf.kubernetes]
[2023-08-05T11:38:25.034+0200] {processor.py:838} WARNING - No viable dags retrieved from /Users/felipe.vasconcelos/repos/courses/python-learnings/.venv/lib/python3.10/site-packages/airflow/example_dags/example_kubernetes_executor.py
[2023-08-05T11:38:25.744+0200] {processor.py:179} INFO - Processing /Users/felipe.vasconcelos/repos/courses/python-learnings/.venv/lib/python3.10/site-packages/airflow/example_dags/example_kubernetes_executor.py took 0.769 seconds
[2023-08-05T11:42:48.801+0200] {processor.py:157} INFO - Started process (PID=84154) to work on /Users/felipe.vasconcelos/repos/courses/python-learnings/.venv/lib/python3.10/site-packages/airflow/example_dags/example_kubernetes_executor.py
[2023-08-05T11:42:48.807+0200] {processor.py:826} INFO - Processing file /Users/felipe.vasconcelos/repos/courses/python-learnings/.venv/lib/python3.10/site-packages/airflow/example_dags/example_kubernetes_executor.py for tasks to queue
[2023-08-05T11:42:48.808+0200] {logging_mixin.py:150} INFO - [2023-08-05T11:42:48.808+0200] {dagbag.py:541} INFO - Filling up the DagBag from /Users/felipe.vasconcelos/repos/courses/python-learnings/.venv/lib/python3.10/site-packages/airflow/example_dags/example_kubernetes_executor.py
[2023-08-05T11:42:48.859+0200] {logging_mixin.py:150} INFO - [2023-08-05T11:42:48.859+0200] {example_kubernetes_executor.py:41} WARNING - The example_kubernetes_executor example DAG requires the kubernetes provider. Please install it with: pip install apache-airflow[cncf.kubernetes]
[2023-08-05T11:42:48.860+0200] {processor.py:838} WARNING - No viable dags retrieved from /Users/felipe.vasconcelos/repos/courses/python-learnings/.venv/lib/python3.10/site-packages/airflow/example_dags/example_kubernetes_executor.py
[2023-08-05T11:42:49.553+0200] {processor.py:179} INFO - Processing /Users/felipe.vasconcelos/repos/courses/python-learnings/.venv/lib/python3.10/site-packages/airflow/example_dags/example_kubernetes_executor.py took 0.753 seconds
[2023-08-05T11:47:17.422+0200] {processor.py:157} INFO - Started process (PID=84300) to work on /Users/felipe.vasconcelos/repos/courses/python-learnings/.venv/lib/python3.10/site-packages/airflow/example_dags/example_kubernetes_executor.py
[2023-08-05T11:47:17.429+0200] {processor.py:826} INFO - Processing file /Users/felipe.vasconcelos/repos/courses/python-learnings/.venv/lib/python3.10/site-packages/airflow/example_dags/example_kubernetes_executor.py for tasks to queue
[2023-08-05T11:47:17.430+0200] {logging_mixin.py:150} INFO - [2023-08-05T11:47:17.430+0200] {dagbag.py:541} INFO - Filling up the DagBag from /Users/felipe.vasconcelos/repos/courses/python-learnings/.venv/lib/python3.10/site-packages/airflow/example_dags/example_kubernetes_executor.py
[2023-08-05T11:47:17.486+0200] {logging_mixin.py:150} INFO - [2023-08-05T11:47:17.486+0200] {example_kubernetes_executor.py:41} WARNING - The example_kubernetes_executor example DAG requires the kubernetes provider. Please install it with: pip install apache-airflow[cncf.kubernetes]
[2023-08-05T11:47:17.486+0200] {processor.py:838} WARNING - No viable dags retrieved from /Users/felipe.vasconcelos/repos/courses/python-learnings/.venv/lib/python3.10/site-packages/airflow/example_dags/example_kubernetes_executor.py
[2023-08-05T11:47:19.292+0200] {processor.py:179} INFO - Processing /Users/felipe.vasconcelos/repos/courses/python-learnings/.venv/lib/python3.10/site-packages/airflow/example_dags/example_kubernetes_executor.py took 1.871 seconds
[2023-08-05T11:50:16.814+0200] {processor.py:157} INFO - Started process (PID=84403) to work on /Users/felipe.vasconcelos/repos/courses/python-learnings/.venv/lib/python3.10/site-packages/airflow/example_dags/example_kubernetes_executor.py
[2023-08-05T11:50:16.820+0200] {processor.py:826} INFO - Processing file /Users/felipe.vasconcelos/repos/courses/python-learnings/.venv/lib/python3.10/site-packages/airflow/example_dags/example_kubernetes_executor.py for tasks to queue
[2023-08-05T11:50:16.821+0200] {logging_mixin.py:150} INFO - [2023-08-05T11:50:16.821+0200] {dagbag.py:541} INFO - Filling up the DagBag from /Users/felipe.vasconcelos/repos/courses/python-learnings/.venv/lib/python3.10/site-packages/airflow/example_dags/example_kubernetes_executor.py
[2023-08-05T11:50:16.873+0200] {logging_mixin.py:150} INFO - [2023-08-05T11:50:16.872+0200] {example_kubernetes_executor.py:41} WARNING - The example_kubernetes_executor example DAG requires the kubernetes provider. Please install it with: pip install apache-airflow[cncf.kubernetes]
[2023-08-05T11:50:16.874+0200] {processor.py:838} WARNING - No viable dags retrieved from /Users/felipe.vasconcelos/repos/courses/python-learnings/.venv/lib/python3.10/site-packages/airflow/example_dags/example_kubernetes_executor.py
[2023-08-05T11:50:17.539+0200] {processor.py:179} INFO - Processing /Users/felipe.vasconcelos/repos/courses/python-learnings/.venv/lib/python3.10/site-packages/airflow/example_dags/example_kubernetes_executor.py took 0.727 seconds
[2023-08-05T11:54:33.549+0200] {processor.py:157} INFO - Started process (PID=84528) to work on /Users/felipe.vasconcelos/repos/courses/python-learnings/.venv/lib/python3.10/site-packages/airflow/example_dags/example_kubernetes_executor.py
[2023-08-05T11:54:33.560+0200] {processor.py:826} INFO - Processing file /Users/felipe.vasconcelos/repos/courses/python-learnings/.venv/lib/python3.10/site-packages/airflow/example_dags/example_kubernetes_executor.py for tasks to queue
[2023-08-05T11:54:33.561+0200] {logging_mixin.py:150} INFO - [2023-08-05T11:54:33.561+0200] {dagbag.py:541} INFO - Filling up the DagBag from /Users/felipe.vasconcelos/repos/courses/python-learnings/.venv/lib/python3.10/site-packages/airflow/example_dags/example_kubernetes_executor.py
[2023-08-05T11:54:33.613+0200] {logging_mixin.py:150} INFO - [2023-08-05T11:54:33.613+0200] {example_kubernetes_executor.py:41} WARNING - The example_kubernetes_executor example DAG requires the kubernetes provider. Please install it with: pip install apache-airflow[cncf.kubernetes]
[2023-08-05T11:54:33.613+0200] {processor.py:838} WARNING - No viable dags retrieved from /Users/felipe.vasconcelos/repos/courses/python-learnings/.venv/lib/python3.10/site-packages/airflow/example_dags/example_kubernetes_executor.py
[2023-08-05T11:54:34.277+0200] {processor.py:179} INFO - Processing /Users/felipe.vasconcelos/repos/courses/python-learnings/.venv/lib/python3.10/site-packages/airflow/example_dags/example_kubernetes_executor.py took 0.729 seconds
[2023-08-05T11:58:51.164+0200] {processor.py:157} INFO - Started process (PID=84646) to work on /Users/felipe.vasconcelos/repos/courses/python-learnings/.venv/lib/python3.10/site-packages/airflow/example_dags/example_kubernetes_executor.py
[2023-08-05T11:58:51.173+0200] {processor.py:826} INFO - Processing file /Users/felipe.vasconcelos/repos/courses/python-learnings/.venv/lib/python3.10/site-packages/airflow/example_dags/example_kubernetes_executor.py for tasks to queue
[2023-08-05T11:58:51.174+0200] {logging_mixin.py:150} INFO - [2023-08-05T11:58:51.174+0200] {dagbag.py:541} INFO - Filling up the DagBag from /Users/felipe.vasconcelos/repos/courses/python-learnings/.venv/lib/python3.10/site-packages/airflow/example_dags/example_kubernetes_executor.py
[2023-08-05T11:58:51.516+0200] {logging_mixin.py:150} INFO - [2023-08-05T11:58:51.516+0200] {example_kubernetes_executor.py:41} WARNING - The example_kubernetes_executor example DAG requires the kubernetes provider. Please install it with: pip install apache-airflow[cncf.kubernetes]
[2023-08-05T11:58:51.517+0200] {processor.py:838} WARNING - No viable dags retrieved from /Users/felipe.vasconcelos/repos/courses/python-learnings/.venv/lib/python3.10/site-packages/airflow/example_dags/example_kubernetes_executor.py
[2023-08-05T11:58:53.067+0200] {processor.py:179} INFO - Processing /Users/felipe.vasconcelos/repos/courses/python-learnings/.venv/lib/python3.10/site-packages/airflow/example_dags/example_kubernetes_executor.py took 1.905 seconds
[2023-08-05T12:02:36.753+0200] {processor.py:157} INFO - Started process (PID=84821) to work on /Users/felipe.vasconcelos/repos/courses/python-learnings/.venv/lib/python3.10/site-packages/airflow/example_dags/example_kubernetes_executor.py
[2023-08-05T12:02:36.763+0200] {processor.py:826} INFO - Processing file /Users/felipe.vasconcelos/repos/courses/python-learnings/.venv/lib/python3.10/site-packages/airflow/example_dags/example_kubernetes_executor.py for tasks to queue
[2023-08-05T12:02:36.764+0200] {logging_mixin.py:150} INFO - [2023-08-05T12:02:36.763+0200] {dagbag.py:541} INFO - Filling up the DagBag from /Users/felipe.vasconcelos/repos/courses/python-learnings/.venv/lib/python3.10/site-packages/airflow/example_dags/example_kubernetes_executor.py
[2023-08-05T12:02:36.837+0200] {logging_mixin.py:150} INFO - [2023-08-05T12:02:36.837+0200] {example_kubernetes_executor.py:41} WARNING - The example_kubernetes_executor example DAG requires the kubernetes provider. Please install it with: pip install apache-airflow[cncf.kubernetes]
[2023-08-05T12:02:36.837+0200] {processor.py:838} WARNING - No viable dags retrieved from /Users/felipe.vasconcelos/repos/courses/python-learnings/.venv/lib/python3.10/site-packages/airflow/example_dags/example_kubernetes_executor.py
[2023-08-05T12:02:38.063+0200] {processor.py:179} INFO - Processing /Users/felipe.vasconcelos/repos/courses/python-learnings/.venv/lib/python3.10/site-packages/airflow/example_dags/example_kubernetes_executor.py took 1.311 seconds
