[2023-08-05T10:39:04.028+0200] {processor.py:157} INFO - Started process (PID=82585) to work on /Users/felipe.vasconcelos/repos/courses/python-learnings/.venv/lib/python3.10/site-packages/airflow/example_dags/example_trigger_controller_dag.py
[2023-08-05T10:39:04.034+0200] {processor.py:826} INFO - Processing file /Users/felipe.vasconcelos/repos/courses/python-learnings/.venv/lib/python3.10/site-packages/airflow/example_dags/example_trigger_controller_dag.py for tasks to queue
[2023-08-05T10:39:04.035+0200] {logging_mixin.py:150} INFO - [2023-08-05T10:39:04.035+0200] {dagbag.py:541} INFO - Filling up the DagBag from /Users/felipe.vasconcelos/repos/courses/python-learnings/.venv/lib/python3.10/site-packages/airflow/example_dags/example_trigger_controller_dag.py
[2023-08-05T10:39:04.074+0200] {processor.py:836} INFO - DAG(s) dict_keys(['example_trigger_controller_dag']) retrieved from /Users/felipe.vasconcelos/repos/courses/python-learnings/.venv/lib/python3.10/site-packages/airflow/example_dags/example_trigger_controller_dag.py
[2023-08-05T10:39:05.571+0200] {logging_mixin.py:150} INFO - [2023-08-05T10:39:05.571+0200] {manager.py:504} INFO - Created Permission View: can edit on DAG:example_trigger_controller_dag
[2023-08-05T10:39:05.587+0200] {logging_mixin.py:150} INFO - [2023-08-05T10:39:05.587+0200] {manager.py:504} INFO - Created Permission View: can delete on DAG:example_trigger_controller_dag
[2023-08-05T10:39:05.597+0200] {logging_mixin.py:150} INFO - [2023-08-05T10:39:05.597+0200] {manager.py:504} INFO - Created Permission View: can read on DAG:example_trigger_controller_dag
[2023-08-05T10:39:05.617+0200] {logging_mixin.py:150} INFO - [2023-08-05T10:39:05.616+0200] {dag.py:2742} INFO - Sync 1 DAGs
[2023-08-05T10:39:05.634+0200] {logging_mixin.py:150} INFO - [2023-08-05T10:39:05.633+0200] {dag.py:2763} INFO - Creating ORM DAG for example_trigger_controller_dag
[2023-08-05T10:39:05.649+0200] {logging_mixin.py:150} INFO - [2023-08-05T10:39:05.649+0200] {dag.py:3504} INFO - Setting next_dagrun for example_trigger_controller_dag to 2021-01-01T00:00:00+00:00, run_after=2021-01-01T00:00:00+00:00
[2023-08-05T10:39:05.697+0200] {processor.py:179} INFO - Processing /Users/felipe.vasconcelos/repos/courses/python-learnings/.venv/lib/python3.10/site-packages/airflow/example_dags/example_trigger_controller_dag.py took 1.670 seconds
[2023-08-05T10:42:15.224+0200] {processor.py:157} INFO - Started process (PID=82664) to work on /Users/felipe.vasconcelos/repos/courses/python-learnings/.venv/lib/python3.10/site-packages/airflow/example_dags/example_trigger_controller_dag.py
[2023-08-05T10:42:15.230+0200] {processor.py:826} INFO - Processing file /Users/felipe.vasconcelos/repos/courses/python-learnings/.venv/lib/python3.10/site-packages/airflow/example_dags/example_trigger_controller_dag.py for tasks to queue
[2023-08-05T10:42:15.231+0200] {logging_mixin.py:150} INFO - [2023-08-05T10:42:15.231+0200] {dagbag.py:541} INFO - Filling up the DagBag from /Users/felipe.vasconcelos/repos/courses/python-learnings/.venv/lib/python3.10/site-packages/airflow/example_dags/example_trigger_controller_dag.py
[2023-08-05T10:42:15.260+0200] {processor.py:836} INFO - DAG(s) dict_keys(['example_trigger_controller_dag']) retrieved from /Users/felipe.vasconcelos/repos/courses/python-learnings/.venv/lib/python3.10/site-packages/airflow/example_dags/example_trigger_controller_dag.py
[2023-08-05T10:42:15.974+0200] {logging_mixin.py:150} INFO - [2023-08-05T10:42:15.974+0200] {dag.py:2742} INFO - Sync 1 DAGs
[2023-08-05T10:42:15.990+0200] {logging_mixin.py:150} INFO - [2023-08-05T10:42:15.990+0200] {dag.py:3504} INFO - Setting next_dagrun for example_trigger_controller_dag to 2021-01-01T00:00:00+00:00, run_after=2021-01-01T00:00:00+00:00
[2023-08-05T10:42:16.011+0200] {processor.py:179} INFO - Processing /Users/felipe.vasconcelos/repos/courses/python-learnings/.venv/lib/python3.10/site-packages/airflow/example_dags/example_trigger_controller_dag.py took 0.788 seconds
[2023-08-05T10:45:58.518+0200] {processor.py:157} INFO - Started process (PID=82781) to work on /Users/felipe.vasconcelos/repos/courses/python-learnings/.venv/lib/python3.10/site-packages/airflow/example_dags/example_trigger_controller_dag.py
[2023-08-05T10:45:58.525+0200] {processor.py:826} INFO - Processing file /Users/felipe.vasconcelos/repos/courses/python-learnings/.venv/lib/python3.10/site-packages/airflow/example_dags/example_trigger_controller_dag.py for tasks to queue
[2023-08-05T10:45:58.526+0200] {logging_mixin.py:150} INFO - [2023-08-05T10:45:58.525+0200] {dagbag.py:541} INFO - Filling up the DagBag from /Users/felipe.vasconcelos/repos/courses/python-learnings/.venv/lib/python3.10/site-packages/airflow/example_dags/example_trigger_controller_dag.py
[2023-08-05T10:45:58.561+0200] {processor.py:836} INFO - DAG(s) dict_keys(['example_trigger_controller_dag']) retrieved from /Users/felipe.vasconcelos/repos/courses/python-learnings/.venv/lib/python3.10/site-packages/airflow/example_dags/example_trigger_controller_dag.py
[2023-08-05T10:45:59.418+0200] {logging_mixin.py:150} INFO - [2023-08-05T10:45:59.417+0200] {dag.py:2742} INFO - Sync 1 DAGs
[2023-08-05T10:45:59.437+0200] {logging_mixin.py:150} INFO - [2023-08-05T10:45:59.437+0200] {dag.py:3504} INFO - Setting next_dagrun for example_trigger_controller_dag to 2021-01-01T00:00:00+00:00, run_after=2021-01-01T00:00:00+00:00
[2023-08-05T10:45:59.458+0200] {processor.py:179} INFO - Processing /Users/felipe.vasconcelos/repos/courses/python-learnings/.venv/lib/python3.10/site-packages/airflow/example_dags/example_trigger_controller_dag.py took 0.942 seconds
[2023-08-05T10:48:28.092+0200] {processor.py:157} INFO - Started process (PID=82869) to work on /Users/felipe.vasconcelos/repos/courses/python-learnings/.venv/lib/python3.10/site-packages/airflow/example_dags/example_trigger_controller_dag.py
[2023-08-05T10:48:28.099+0200] {processor.py:826} INFO - Processing file /Users/felipe.vasconcelos/repos/courses/python-learnings/.venv/lib/python3.10/site-packages/airflow/example_dags/example_trigger_controller_dag.py for tasks to queue
[2023-08-05T10:48:28.099+0200] {logging_mixin.py:150} INFO - [2023-08-05T10:48:28.099+0200] {dagbag.py:541} INFO - Filling up the DagBag from /Users/felipe.vasconcelos/repos/courses/python-learnings/.venv/lib/python3.10/site-packages/airflow/example_dags/example_trigger_controller_dag.py
[2023-08-05T10:48:28.127+0200] {processor.py:836} INFO - DAG(s) dict_keys(['example_trigger_controller_dag']) retrieved from /Users/felipe.vasconcelos/repos/courses/python-learnings/.venv/lib/python3.10/site-packages/airflow/example_dags/example_trigger_controller_dag.py
[2023-08-05T10:48:28.809+0200] {logging_mixin.py:150} INFO - [2023-08-05T10:48:28.809+0200] {dag.py:2742} INFO - Sync 1 DAGs
[2023-08-05T10:48:28.825+0200] {logging_mixin.py:150} INFO - [2023-08-05T10:48:28.825+0200] {dag.py:3504} INFO - Setting next_dagrun for example_trigger_controller_dag to 2021-01-01T00:00:00+00:00, run_after=2021-01-01T00:00:00+00:00
[2023-08-05T10:48:28.846+0200] {processor.py:179} INFO - Processing /Users/felipe.vasconcelos/repos/courses/python-learnings/.venv/lib/python3.10/site-packages/airflow/example_dags/example_trigger_controller_dag.py took 0.755 seconds
[2023-08-05T10:50:39.950+0200] {processor.py:157} INFO - Started process (PID=82929) to work on /Users/felipe.vasconcelos/repos/courses/python-learnings/.venv/lib/python3.10/site-packages/airflow/example_dags/example_trigger_controller_dag.py
[2023-08-05T10:50:39.956+0200] {processor.py:826} INFO - Processing file /Users/felipe.vasconcelos/repos/courses/python-learnings/.venv/lib/python3.10/site-packages/airflow/example_dags/example_trigger_controller_dag.py for tasks to queue
[2023-08-05T10:50:39.957+0200] {logging_mixin.py:150} INFO - [2023-08-05T10:50:39.957+0200] {dagbag.py:541} INFO - Filling up the DagBag from /Users/felipe.vasconcelos/repos/courses/python-learnings/.venv/lib/python3.10/site-packages/airflow/example_dags/example_trigger_controller_dag.py
[2023-08-05T10:50:39.984+0200] {processor.py:836} INFO - DAG(s) dict_keys(['example_trigger_controller_dag']) retrieved from /Users/felipe.vasconcelos/repos/courses/python-learnings/.venv/lib/python3.10/site-packages/airflow/example_dags/example_trigger_controller_dag.py
[2023-08-05T10:50:40.655+0200] {logging_mixin.py:150} INFO - [2023-08-05T10:50:40.654+0200] {dag.py:2742} INFO - Sync 1 DAGs
[2023-08-05T10:50:40.675+0200] {logging_mixin.py:150} INFO - [2023-08-05T10:50:40.675+0200] {dag.py:3504} INFO - Setting next_dagrun for example_trigger_controller_dag to 2021-01-01T00:00:00+00:00, run_after=2021-01-01T00:00:00+00:00
[2023-08-05T10:50:40.698+0200] {processor.py:179} INFO - Processing /Users/felipe.vasconcelos/repos/courses/python-learnings/.venv/lib/python3.10/site-packages/airflow/example_dags/example_trigger_controller_dag.py took 0.749 seconds
[2023-08-05T10:53:01.514+0200] {processor.py:157} INFO - Started process (PID=82995) to work on /Users/felipe.vasconcelos/repos/courses/python-learnings/.venv/lib/python3.10/site-packages/airflow/example_dags/example_trigger_controller_dag.py
[2023-08-05T10:53:01.520+0200] {processor.py:826} INFO - Processing file /Users/felipe.vasconcelos/repos/courses/python-learnings/.venv/lib/python3.10/site-packages/airflow/example_dags/example_trigger_controller_dag.py for tasks to queue
[2023-08-05T10:53:01.521+0200] {logging_mixin.py:150} INFO - [2023-08-05T10:53:01.521+0200] {dagbag.py:541} INFO - Filling up the DagBag from /Users/felipe.vasconcelos/repos/courses/python-learnings/.venv/lib/python3.10/site-packages/airflow/example_dags/example_trigger_controller_dag.py
[2023-08-05T10:53:01.549+0200] {processor.py:836} INFO - DAG(s) dict_keys(['example_trigger_controller_dag']) retrieved from /Users/felipe.vasconcelos/repos/courses/python-learnings/.venv/lib/python3.10/site-packages/airflow/example_dags/example_trigger_controller_dag.py
[2023-08-05T10:53:02.293+0200] {logging_mixin.py:150} INFO - [2023-08-05T10:53:02.293+0200] {dag.py:2742} INFO - Sync 1 DAGs
[2023-08-05T10:53:02.315+0200] {logging_mixin.py:150} INFO - [2023-08-05T10:53:02.315+0200] {dag.py:3504} INFO - Setting next_dagrun for example_trigger_controller_dag to 2021-01-01T00:00:00+00:00, run_after=2021-01-01T00:00:00+00:00
[2023-08-05T10:53:02.337+0200] {processor.py:179} INFO - Processing /Users/felipe.vasconcelos/repos/courses/python-learnings/.venv/lib/python3.10/site-packages/airflow/example_dags/example_trigger_controller_dag.py took 0.824 seconds
[2023-08-05T10:55:18.050+0200] {processor.py:157} INFO - Started process (PID=83062) to work on /Users/felipe.vasconcelos/repos/courses/python-learnings/.venv/lib/python3.10/site-packages/airflow/example_dags/example_trigger_controller_dag.py
[2023-08-05T10:55:18.055+0200] {processor.py:826} INFO - Processing file /Users/felipe.vasconcelos/repos/courses/python-learnings/.venv/lib/python3.10/site-packages/airflow/example_dags/example_trigger_controller_dag.py for tasks to queue
[2023-08-05T10:55:18.056+0200] {logging_mixin.py:150} INFO - [2023-08-05T10:55:18.056+0200] {dagbag.py:541} INFO - Filling up the DagBag from /Users/felipe.vasconcelos/repos/courses/python-learnings/.venv/lib/python3.10/site-packages/airflow/example_dags/example_trigger_controller_dag.py
[2023-08-05T10:55:18.088+0200] {processor.py:836} INFO - DAG(s) dict_keys(['example_trigger_controller_dag']) retrieved from /Users/felipe.vasconcelos/repos/courses/python-learnings/.venv/lib/python3.10/site-packages/airflow/example_dags/example_trigger_controller_dag.py
[2023-08-05T10:55:18.787+0200] {logging_mixin.py:150} INFO - [2023-08-05T10:55:18.787+0200] {dag.py:2742} INFO - Sync 1 DAGs
[2023-08-05T10:55:18.807+0200] {logging_mixin.py:150} INFO - [2023-08-05T10:55:18.807+0200] {dag.py:3504} INFO - Setting next_dagrun for example_trigger_controller_dag to 2021-01-01T00:00:00+00:00, run_after=2021-01-01T00:00:00+00:00
[2023-08-05T10:55:18.829+0200] {processor.py:179} INFO - Processing /Users/felipe.vasconcelos/repos/courses/python-learnings/.venv/lib/python3.10/site-packages/airflow/example_dags/example_trigger_controller_dag.py took 0.781 seconds
[2023-08-05T10:57:23.646+0200] {processor.py:157} INFO - Started process (PID=83125) to work on /Users/felipe.vasconcelos/repos/courses/python-learnings/.venv/lib/python3.10/site-packages/airflow/example_dags/example_trigger_controller_dag.py
[2023-08-05T10:57:23.653+0200] {processor.py:826} INFO - Processing file /Users/felipe.vasconcelos/repos/courses/python-learnings/.venv/lib/python3.10/site-packages/airflow/example_dags/example_trigger_controller_dag.py for tasks to queue
[2023-08-05T10:57:23.654+0200] {logging_mixin.py:150} INFO - [2023-08-05T10:57:23.654+0200] {dagbag.py:541} INFO - Filling up the DagBag from /Users/felipe.vasconcelos/repos/courses/python-learnings/.venv/lib/python3.10/site-packages/airflow/example_dags/example_trigger_controller_dag.py
[2023-08-05T10:57:23.684+0200] {processor.py:836} INFO - DAG(s) dict_keys(['example_trigger_controller_dag']) retrieved from /Users/felipe.vasconcelos/repos/courses/python-learnings/.venv/lib/python3.10/site-packages/airflow/example_dags/example_trigger_controller_dag.py
[2023-08-05T10:57:24.364+0200] {logging_mixin.py:150} INFO - [2023-08-05T10:57:24.363+0200] {dag.py:2742} INFO - Sync 1 DAGs
[2023-08-05T10:57:24.380+0200] {logging_mixin.py:150} INFO - [2023-08-05T10:57:24.380+0200] {dag.py:3504} INFO - Setting next_dagrun for example_trigger_controller_dag to 2021-01-01T00:00:00+00:00, run_after=2021-01-01T00:00:00+00:00
[2023-08-05T10:57:24.399+0200] {processor.py:179} INFO - Processing /Users/felipe.vasconcelos/repos/courses/python-learnings/.venv/lib/python3.10/site-packages/airflow/example_dags/example_trigger_controller_dag.py took 0.754 seconds
[2023-08-05T11:10:55.706+0200] {processor.py:157} INFO - Started process (PID=83218) to work on /Users/felipe.vasconcelos/repos/courses/python-learnings/.venv/lib/python3.10/site-packages/airflow/example_dags/example_trigger_controller_dag.py
[2023-08-05T11:10:55.971+0200] {processor.py:826} INFO - Processing file /Users/felipe.vasconcelos/repos/courses/python-learnings/.venv/lib/python3.10/site-packages/airflow/example_dags/example_trigger_controller_dag.py for tasks to queue
[2023-08-05T11:10:56.423+0200] {logging_mixin.py:150} INFO - [2023-08-05T11:10:56.016+0200] {dagbag.py:541} INFO - Filling up the DagBag from /Users/felipe.vasconcelos/repos/courses/python-learnings/.venv/lib/python3.10/site-packages/airflow/example_dags/example_trigger_controller_dag.py
[2023-08-05T11:10:57.666+0200] {processor.py:836} INFO - DAG(s) dict_keys(['example_trigger_controller_dag']) retrieved from /Users/felipe.vasconcelos/repos/courses/python-learnings/.venv/lib/python3.10/site-packages/airflow/example_dags/example_trigger_controller_dag.py
[2023-08-05T11:11:01.591+0200] {logging_mixin.py:150} INFO - [2023-08-05T11:11:01.590+0200] {dag.py:2742} INFO - Sync 1 DAGs
[2023-08-05T11:11:01.617+0200] {logging_mixin.py:150} INFO - [2023-08-05T11:11:01.617+0200] {dag.py:3504} INFO - Setting next_dagrun for example_trigger_controller_dag to 2021-01-01T00:00:00+00:00, run_after=2021-01-01T00:00:00+00:00
[2023-08-05T11:11:01.867+0200] {processor.py:179} INFO - Processing /Users/felipe.vasconcelos/repos/courses/python-learnings/.venv/lib/python3.10/site-packages/airflow/example_dags/example_trigger_controller_dag.py took 6.160 seconds
[2023-08-05T11:14:05.481+0200] {processor.py:157} INFO - Started process (PID=83318) to work on /Users/felipe.vasconcelos/repos/courses/python-learnings/.venv/lib/python3.10/site-packages/airflow/example_dags/example_trigger_controller_dag.py
[2023-08-05T11:14:05.488+0200] {processor.py:826} INFO - Processing file /Users/felipe.vasconcelos/repos/courses/python-learnings/.venv/lib/python3.10/site-packages/airflow/example_dags/example_trigger_controller_dag.py for tasks to queue
[2023-08-05T11:14:05.489+0200] {logging_mixin.py:150} INFO - [2023-08-05T11:14:05.489+0200] {dagbag.py:541} INFO - Filling up the DagBag from /Users/felipe.vasconcelos/repos/courses/python-learnings/.venv/lib/python3.10/site-packages/airflow/example_dags/example_trigger_controller_dag.py
[2023-08-05T11:14:05.517+0200] {processor.py:836} INFO - DAG(s) dict_keys(['example_trigger_controller_dag']) retrieved from /Users/felipe.vasconcelos/repos/courses/python-learnings/.venv/lib/python3.10/site-packages/airflow/example_dags/example_trigger_controller_dag.py
[2023-08-05T11:14:06.237+0200] {logging_mixin.py:150} INFO - [2023-08-05T11:14:06.236+0200] {dag.py:2742} INFO - Sync 1 DAGs
[2023-08-05T11:14:06.254+0200] {logging_mixin.py:150} INFO - [2023-08-05T11:14:06.254+0200] {dag.py:3504} INFO - Setting next_dagrun for example_trigger_controller_dag to 2021-01-01T00:00:00+00:00, run_after=2021-01-01T00:00:00+00:00
[2023-08-05T11:14:06.273+0200] {processor.py:179} INFO - Processing /Users/felipe.vasconcelos/repos/courses/python-learnings/.venv/lib/python3.10/site-packages/airflow/example_dags/example_trigger_controller_dag.py took 0.792 seconds
[2023-08-05T11:16:08.626+0200] {processor.py:157} INFO - Started process (PID=83377) to work on /Users/felipe.vasconcelos/repos/courses/python-learnings/.venv/lib/python3.10/site-packages/airflow/example_dags/example_trigger_controller_dag.py
[2023-08-05T11:16:08.632+0200] {processor.py:826} INFO - Processing file /Users/felipe.vasconcelos/repos/courses/python-learnings/.venv/lib/python3.10/site-packages/airflow/example_dags/example_trigger_controller_dag.py for tasks to queue
[2023-08-05T11:16:08.633+0200] {logging_mixin.py:150} INFO - [2023-08-05T11:16:08.633+0200] {dagbag.py:541} INFO - Filling up the DagBag from /Users/felipe.vasconcelos/repos/courses/python-learnings/.venv/lib/python3.10/site-packages/airflow/example_dags/example_trigger_controller_dag.py
[2023-08-05T11:16:08.659+0200] {processor.py:836} INFO - DAG(s) dict_keys(['example_trigger_controller_dag']) retrieved from /Users/felipe.vasconcelos/repos/courses/python-learnings/.venv/lib/python3.10/site-packages/airflow/example_dags/example_trigger_controller_dag.py
[2023-08-05T11:16:09.373+0200] {logging_mixin.py:150} INFO - [2023-08-05T11:16:09.373+0200] {dag.py:2742} INFO - Sync 1 DAGs
[2023-08-05T11:16:09.388+0200] {logging_mixin.py:150} INFO - [2023-08-05T11:16:09.388+0200] {dag.py:3504} INFO - Setting next_dagrun for example_trigger_controller_dag to 2021-01-01T00:00:00+00:00, run_after=2021-01-01T00:00:00+00:00
[2023-08-05T11:16:09.407+0200] {processor.py:179} INFO - Processing /Users/felipe.vasconcelos/repos/courses/python-learnings/.venv/lib/python3.10/site-packages/airflow/example_dags/example_trigger_controller_dag.py took 0.782 seconds
[2023-08-05T11:18:15.887+0200] {processor.py:157} INFO - Started process (PID=83431) to work on /Users/felipe.vasconcelos/repos/courses/python-learnings/.venv/lib/python3.10/site-packages/airflow/example_dags/example_trigger_controller_dag.py
[2023-08-05T11:18:15.893+0200] {processor.py:826} INFO - Processing file /Users/felipe.vasconcelos/repos/courses/python-learnings/.venv/lib/python3.10/site-packages/airflow/example_dags/example_trigger_controller_dag.py for tasks to queue
[2023-08-05T11:18:15.894+0200] {logging_mixin.py:150} INFO - [2023-08-05T11:18:15.894+0200] {dagbag.py:541} INFO - Filling up the DagBag from /Users/felipe.vasconcelos/repos/courses/python-learnings/.venv/lib/python3.10/site-packages/airflow/example_dags/example_trigger_controller_dag.py
[2023-08-05T11:18:15.921+0200] {processor.py:836} INFO - DAG(s) dict_keys(['example_trigger_controller_dag']) retrieved from /Users/felipe.vasconcelos/repos/courses/python-learnings/.venv/lib/python3.10/site-packages/airflow/example_dags/example_trigger_controller_dag.py
[2023-08-05T11:18:16.627+0200] {logging_mixin.py:150} INFO - [2023-08-05T11:18:16.627+0200] {dag.py:2742} INFO - Sync 1 DAGs
[2023-08-05T11:18:16.646+0200] {logging_mixin.py:150} INFO - [2023-08-05T11:18:16.645+0200] {dag.py:3504} INFO - Setting next_dagrun for example_trigger_controller_dag to 2021-01-01T00:00:00+00:00, run_after=2021-01-01T00:00:00+00:00
[2023-08-05T11:18:16.666+0200] {processor.py:179} INFO - Processing /Users/felipe.vasconcelos/repos/courses/python-learnings/.venv/lib/python3.10/site-packages/airflow/example_dags/example_trigger_controller_dag.py took 0.780 seconds
[2023-08-05T11:20:29.105+0200] {processor.py:157} INFO - Started process (PID=83497) to work on /Users/felipe.vasconcelos/repos/courses/python-learnings/.venv/lib/python3.10/site-packages/airflow/example_dags/example_trigger_controller_dag.py
[2023-08-05T11:20:29.111+0200] {processor.py:826} INFO - Processing file /Users/felipe.vasconcelos/repos/courses/python-learnings/.venv/lib/python3.10/site-packages/airflow/example_dags/example_trigger_controller_dag.py for tasks to queue
[2023-08-05T11:20:29.112+0200] {logging_mixin.py:150} INFO - [2023-08-05T11:20:29.112+0200] {dagbag.py:541} INFO - Filling up the DagBag from /Users/felipe.vasconcelos/repos/courses/python-learnings/.venv/lib/python3.10/site-packages/airflow/example_dags/example_trigger_controller_dag.py
[2023-08-05T11:20:29.139+0200] {processor.py:836} INFO - DAG(s) dict_keys(['example_trigger_controller_dag']) retrieved from /Users/felipe.vasconcelos/repos/courses/python-learnings/.venv/lib/python3.10/site-packages/airflow/example_dags/example_trigger_controller_dag.py
[2023-08-05T11:20:29.909+0200] {logging_mixin.py:150} INFO - [2023-08-05T11:20:29.909+0200] {dag.py:2742} INFO - Sync 1 DAGs
[2023-08-05T11:20:29.926+0200] {logging_mixin.py:150} INFO - [2023-08-05T11:20:29.926+0200] {dag.py:3504} INFO - Setting next_dagrun for example_trigger_controller_dag to 2021-01-01T00:00:00+00:00, run_after=2021-01-01T00:00:00+00:00
[2023-08-05T11:20:29.946+0200] {processor.py:179} INFO - Processing /Users/felipe.vasconcelos/repos/courses/python-learnings/.venv/lib/python3.10/site-packages/airflow/example_dags/example_trigger_controller_dag.py took 0.842 seconds
[2023-08-05T11:22:54.100+0200] {processor.py:157} INFO - Started process (PID=83568) to work on /Users/felipe.vasconcelos/repos/courses/python-learnings/.venv/lib/python3.10/site-packages/airflow/example_dags/example_trigger_controller_dag.py
[2023-08-05T11:22:54.106+0200] {processor.py:826} INFO - Processing file /Users/felipe.vasconcelos/repos/courses/python-learnings/.venv/lib/python3.10/site-packages/airflow/example_dags/example_trigger_controller_dag.py for tasks to queue
[2023-08-05T11:22:54.107+0200] {logging_mixin.py:150} INFO - [2023-08-05T11:22:54.107+0200] {dagbag.py:541} INFO - Filling up the DagBag from /Users/felipe.vasconcelos/repos/courses/python-learnings/.venv/lib/python3.10/site-packages/airflow/example_dags/example_trigger_controller_dag.py
[2023-08-05T11:22:54.137+0200] {processor.py:836} INFO - DAG(s) dict_keys(['example_trigger_controller_dag']) retrieved from /Users/felipe.vasconcelos/repos/courses/python-learnings/.venv/lib/python3.10/site-packages/airflow/example_dags/example_trigger_controller_dag.py
[2023-08-05T11:22:54.849+0200] {logging_mixin.py:150} INFO - [2023-08-05T11:22:54.849+0200] {dag.py:2742} INFO - Sync 1 DAGs
[2023-08-05T11:22:54.865+0200] {logging_mixin.py:150} INFO - [2023-08-05T11:22:54.865+0200] {dag.py:3504} INFO - Setting next_dagrun for example_trigger_controller_dag to 2021-01-01T00:00:00+00:00, run_after=2021-01-01T00:00:00+00:00
[2023-08-05T11:22:54.885+0200] {processor.py:179} INFO - Processing /Users/felipe.vasconcelos/repos/courses/python-learnings/.venv/lib/python3.10/site-packages/airflow/example_dags/example_trigger_controller_dag.py took 0.787 seconds
[2023-08-05T11:25:09.340+0200] {processor.py:157} INFO - Started process (PID=83621) to work on /Users/felipe.vasconcelos/repos/courses/python-learnings/.venv/lib/python3.10/site-packages/airflow/example_dags/example_trigger_controller_dag.py
[2023-08-05T11:25:09.347+0200] {processor.py:826} INFO - Processing file /Users/felipe.vasconcelos/repos/courses/python-learnings/.venv/lib/python3.10/site-packages/airflow/example_dags/example_trigger_controller_dag.py for tasks to queue
[2023-08-05T11:25:09.348+0200] {logging_mixin.py:150} INFO - [2023-08-05T11:25:09.348+0200] {dagbag.py:541} INFO - Filling up the DagBag from /Users/felipe.vasconcelos/repos/courses/python-learnings/.venv/lib/python3.10/site-packages/airflow/example_dags/example_trigger_controller_dag.py
[2023-08-05T11:25:09.381+0200] {processor.py:836} INFO - DAG(s) dict_keys(['example_trigger_controller_dag']) retrieved from /Users/felipe.vasconcelos/repos/courses/python-learnings/.venv/lib/python3.10/site-packages/airflow/example_dags/example_trigger_controller_dag.py
[2023-08-05T11:25:10.355+0200] {logging_mixin.py:150} INFO - [2023-08-05T11:25:10.355+0200] {dag.py:2742} INFO - Sync 1 DAGs
[2023-08-05T11:25:10.419+0200] {logging_mixin.py:150} INFO - [2023-08-05T11:25:10.417+0200] {dag.py:3504} INFO - Setting next_dagrun for example_trigger_controller_dag to 2021-01-01T00:00:00+00:00, run_after=2021-01-01T00:00:00+00:00
[2023-08-05T11:25:10.499+0200] {processor.py:179} INFO - Processing /Users/felipe.vasconcelos/repos/courses/python-learnings/.venv/lib/python3.10/site-packages/airflow/example_dags/example_trigger_controller_dag.py took 1.161 seconds
[2023-08-05T11:27:26.615+0200] {processor.py:157} INFO - Started process (PID=83683) to work on /Users/felipe.vasconcelos/repos/courses/python-learnings/.venv/lib/python3.10/site-packages/airflow/example_dags/example_trigger_controller_dag.py
[2023-08-05T11:27:26.621+0200] {processor.py:826} INFO - Processing file /Users/felipe.vasconcelos/repos/courses/python-learnings/.venv/lib/python3.10/site-packages/airflow/example_dags/example_trigger_controller_dag.py for tasks to queue
[2023-08-05T11:27:26.622+0200] {logging_mixin.py:150} INFO - [2023-08-05T11:27:26.622+0200] {dagbag.py:541} INFO - Filling up the DagBag from /Users/felipe.vasconcelos/repos/courses/python-learnings/.venv/lib/python3.10/site-packages/airflow/example_dags/example_trigger_controller_dag.py
[2023-08-05T11:27:26.652+0200] {processor.py:836} INFO - DAG(s) dict_keys(['example_trigger_controller_dag']) retrieved from /Users/felipe.vasconcelos/repos/courses/python-learnings/.venv/lib/python3.10/site-packages/airflow/example_dags/example_trigger_controller_dag.py
[2023-08-05T11:27:27.369+0200] {logging_mixin.py:150} INFO - [2023-08-05T11:27:27.369+0200] {dag.py:2742} INFO - Sync 1 DAGs
[2023-08-05T11:27:27.386+0200] {logging_mixin.py:150} INFO - [2023-08-05T11:27:27.386+0200] {dag.py:3504} INFO - Setting next_dagrun for example_trigger_controller_dag to 2021-01-01T00:00:00+00:00, run_after=2021-01-01T00:00:00+00:00
[2023-08-05T11:27:27.405+0200] {processor.py:179} INFO - Processing /Users/felipe.vasconcelos/repos/courses/python-learnings/.venv/lib/python3.10/site-packages/airflow/example_dags/example_trigger_controller_dag.py took 0.791 seconds
[2023-08-05T11:29:34.863+0200] {processor.py:157} INFO - Started process (PID=83738) to work on /Users/felipe.vasconcelos/repos/courses/python-learnings/.venv/lib/python3.10/site-packages/airflow/example_dags/example_trigger_controller_dag.py
[2023-08-05T11:29:34.869+0200] {processor.py:826} INFO - Processing file /Users/felipe.vasconcelos/repos/courses/python-learnings/.venv/lib/python3.10/site-packages/airflow/example_dags/example_trigger_controller_dag.py for tasks to queue
[2023-08-05T11:29:34.870+0200] {logging_mixin.py:150} INFO - [2023-08-05T11:29:34.870+0200] {dagbag.py:541} INFO - Filling up the DagBag from /Users/felipe.vasconcelos/repos/courses/python-learnings/.venv/lib/python3.10/site-packages/airflow/example_dags/example_trigger_controller_dag.py
[2023-08-05T11:29:34.899+0200] {processor.py:836} INFO - DAG(s) dict_keys(['example_trigger_controller_dag']) retrieved from /Users/felipe.vasconcelos/repos/courses/python-learnings/.venv/lib/python3.10/site-packages/airflow/example_dags/example_trigger_controller_dag.py
[2023-08-05T11:29:35.634+0200] {logging_mixin.py:150} INFO - [2023-08-05T11:29:35.634+0200] {dag.py:2742} INFO - Sync 1 DAGs
[2023-08-05T11:29:35.651+0200] {logging_mixin.py:150} INFO - [2023-08-05T11:29:35.651+0200] {dag.py:3504} INFO - Setting next_dagrun for example_trigger_controller_dag to 2021-01-01T00:00:00+00:00, run_after=2021-01-01T00:00:00+00:00
[2023-08-05T11:29:35.672+0200] {processor.py:179} INFO - Processing /Users/felipe.vasconcelos/repos/courses/python-learnings/.venv/lib/python3.10/site-packages/airflow/example_dags/example_trigger_controller_dag.py took 0.810 seconds
[2023-08-05T11:32:36.947+0200] {processor.py:157} INFO - Started process (PID=83833) to work on /Users/felipe.vasconcelos/repos/courses/python-learnings/.venv/lib/python3.10/site-packages/airflow/example_dags/example_trigger_controller_dag.py
[2023-08-05T11:32:36.954+0200] {processor.py:826} INFO - Processing file /Users/felipe.vasconcelos/repos/courses/python-learnings/.venv/lib/python3.10/site-packages/airflow/example_dags/example_trigger_controller_dag.py for tasks to queue
[2023-08-05T11:32:36.955+0200] {logging_mixin.py:150} INFO - [2023-08-05T11:32:36.955+0200] {dagbag.py:541} INFO - Filling up the DagBag from /Users/felipe.vasconcelos/repos/courses/python-learnings/.venv/lib/python3.10/site-packages/airflow/example_dags/example_trigger_controller_dag.py
[2023-08-05T11:32:36.993+0200] {processor.py:836} INFO - DAG(s) dict_keys(['example_trigger_controller_dag']) retrieved from /Users/felipe.vasconcelos/repos/courses/python-learnings/.venv/lib/python3.10/site-packages/airflow/example_dags/example_trigger_controller_dag.py
[2023-08-05T11:32:37.913+0200] {logging_mixin.py:150} INFO - [2023-08-05T11:32:37.913+0200] {dag.py:2742} INFO - Sync 1 DAGs
[2023-08-05T11:32:37.932+0200] {logging_mixin.py:150} INFO - [2023-08-05T11:32:37.932+0200] {dag.py:3504} INFO - Setting next_dagrun for example_trigger_controller_dag to 2021-01-01T00:00:00+00:00, run_after=2021-01-01T00:00:00+00:00
[2023-08-05T11:32:37.957+0200] {processor.py:179} INFO - Processing /Users/felipe.vasconcelos/repos/courses/python-learnings/.venv/lib/python3.10/site-packages/airflow/example_dags/example_trigger_controller_dag.py took 1.011 seconds
[2023-08-05T11:35:09.175+0200] {processor.py:157} INFO - Started process (PID=83923) to work on /Users/felipe.vasconcelos/repos/courses/python-learnings/.venv/lib/python3.10/site-packages/airflow/example_dags/example_trigger_controller_dag.py
[2023-08-05T11:35:09.181+0200] {processor.py:826} INFO - Processing file /Users/felipe.vasconcelos/repos/courses/python-learnings/.venv/lib/python3.10/site-packages/airflow/example_dags/example_trigger_controller_dag.py for tasks to queue
[2023-08-05T11:35:09.182+0200] {logging_mixin.py:150} INFO - [2023-08-05T11:35:09.182+0200] {dagbag.py:541} INFO - Filling up the DagBag from /Users/felipe.vasconcelos/repos/courses/python-learnings/.venv/lib/python3.10/site-packages/airflow/example_dags/example_trigger_controller_dag.py
[2023-08-05T11:35:09.210+0200] {processor.py:836} INFO - DAG(s) dict_keys(['example_trigger_controller_dag']) retrieved from /Users/felipe.vasconcelos/repos/courses/python-learnings/.venv/lib/python3.10/site-packages/airflow/example_dags/example_trigger_controller_dag.py
[2023-08-05T11:35:09.908+0200] {logging_mixin.py:150} INFO - [2023-08-05T11:35:09.908+0200] {dag.py:2742} INFO - Sync 1 DAGs
[2023-08-05T11:35:09.925+0200] {logging_mixin.py:150} INFO - [2023-08-05T11:35:09.925+0200] {dag.py:3504} INFO - Setting next_dagrun for example_trigger_controller_dag to 2021-01-01T00:00:00+00:00, run_after=2021-01-01T00:00:00+00:00
[2023-08-05T11:35:09.944+0200] {processor.py:179} INFO - Processing /Users/felipe.vasconcelos/repos/courses/python-learnings/.venv/lib/python3.10/site-packages/airflow/example_dags/example_trigger_controller_dag.py took 0.770 seconds
[2023-08-05T11:37:24.378+0200] {processor.py:157} INFO - Started process (PID=83994) to work on /Users/felipe.vasconcelos/repos/courses/python-learnings/.venv/lib/python3.10/site-packages/airflow/example_dags/example_trigger_controller_dag.py
[2023-08-05T11:37:24.384+0200] {processor.py:826} INFO - Processing file /Users/felipe.vasconcelos/repos/courses/python-learnings/.venv/lib/python3.10/site-packages/airflow/example_dags/example_trigger_controller_dag.py for tasks to queue
[2023-08-05T11:37:24.385+0200] {logging_mixin.py:150} INFO - [2023-08-05T11:37:24.385+0200] {dagbag.py:541} INFO - Filling up the DagBag from /Users/felipe.vasconcelos/repos/courses/python-learnings/.venv/lib/python3.10/site-packages/airflow/example_dags/example_trigger_controller_dag.py
[2023-08-05T11:37:24.416+0200] {processor.py:836} INFO - DAG(s) dict_keys(['example_trigger_controller_dag']) retrieved from /Users/felipe.vasconcelos/repos/courses/python-learnings/.venv/lib/python3.10/site-packages/airflow/example_dags/example_trigger_controller_dag.py
[2023-08-05T11:37:25.165+0200] {logging_mixin.py:150} INFO - [2023-08-05T11:37:25.165+0200] {dag.py:2742} INFO - Sync 1 DAGs
[2023-08-05T11:37:25.183+0200] {logging_mixin.py:150} INFO - [2023-08-05T11:37:25.183+0200] {dag.py:3504} INFO - Setting next_dagrun for example_trigger_controller_dag to 2021-01-01T00:00:00+00:00, run_after=2021-01-01T00:00:00+00:00
[2023-08-05T11:37:25.202+0200] {processor.py:179} INFO - Processing /Users/felipe.vasconcelos/repos/courses/python-learnings/.venv/lib/python3.10/site-packages/airflow/example_dags/example_trigger_controller_dag.py took 0.825 seconds
[2023-08-05T11:39:37.821+0200] {processor.py:157} INFO - Started process (PID=84061) to work on /Users/felipe.vasconcelos/repos/courses/python-learnings/.venv/lib/python3.10/site-packages/airflow/example_dags/example_trigger_controller_dag.py
[2023-08-05T11:39:37.826+0200] {processor.py:826} INFO - Processing file /Users/felipe.vasconcelos/repos/courses/python-learnings/.venv/lib/python3.10/site-packages/airflow/example_dags/example_trigger_controller_dag.py for tasks to queue
[2023-08-05T11:39:37.827+0200] {logging_mixin.py:150} INFO - [2023-08-05T11:39:37.827+0200] {dagbag.py:541} INFO - Filling up the DagBag from /Users/felipe.vasconcelos/repos/courses/python-learnings/.venv/lib/python3.10/site-packages/airflow/example_dags/example_trigger_controller_dag.py
[2023-08-05T11:39:37.854+0200] {processor.py:836} INFO - DAG(s) dict_keys(['example_trigger_controller_dag']) retrieved from /Users/felipe.vasconcelos/repos/courses/python-learnings/.venv/lib/python3.10/site-packages/airflow/example_dags/example_trigger_controller_dag.py
[2023-08-05T11:39:38.640+0200] {logging_mixin.py:150} INFO - [2023-08-05T11:39:38.640+0200] {dag.py:2742} INFO - Sync 1 DAGs
[2023-08-05T11:39:38.658+0200] {logging_mixin.py:150} INFO - [2023-08-05T11:39:38.657+0200] {dag.py:3504} INFO - Setting next_dagrun for example_trigger_controller_dag to 2021-01-01T00:00:00+00:00, run_after=2021-01-01T00:00:00+00:00
[2023-08-05T11:39:38.678+0200] {processor.py:179} INFO - Processing /Users/felipe.vasconcelos/repos/courses/python-learnings/.venv/lib/python3.10/site-packages/airflow/example_dags/example_trigger_controller_dag.py took 0.858 seconds
[2023-08-05T11:41:45.182+0200] {processor.py:157} INFO - Started process (PID=84126) to work on /Users/felipe.vasconcelos/repos/courses/python-learnings/.venv/lib/python3.10/site-packages/airflow/example_dags/example_trigger_controller_dag.py
[2023-08-05T11:41:45.188+0200] {processor.py:826} INFO - Processing file /Users/felipe.vasconcelos/repos/courses/python-learnings/.venv/lib/python3.10/site-packages/airflow/example_dags/example_trigger_controller_dag.py for tasks to queue
[2023-08-05T11:41:45.189+0200] {logging_mixin.py:150} INFO - [2023-08-05T11:41:45.189+0200] {dagbag.py:541} INFO - Filling up the DagBag from /Users/felipe.vasconcelos/repos/courses/python-learnings/.venv/lib/python3.10/site-packages/airflow/example_dags/example_trigger_controller_dag.py
[2023-08-05T11:41:45.217+0200] {processor.py:836} INFO - DAG(s) dict_keys(['example_trigger_controller_dag']) retrieved from /Users/felipe.vasconcelos/repos/courses/python-learnings/.venv/lib/python3.10/site-packages/airflow/example_dags/example_trigger_controller_dag.py
[2023-08-05T11:41:45.900+0200] {logging_mixin.py:150} INFO - [2023-08-05T11:41:45.899+0200] {dag.py:2742} INFO - Sync 1 DAGs
[2023-08-05T11:41:45.917+0200] {logging_mixin.py:150} INFO - [2023-08-05T11:41:45.917+0200] {dag.py:3504} INFO - Setting next_dagrun for example_trigger_controller_dag to 2021-01-01T00:00:00+00:00, run_after=2021-01-01T00:00:00+00:00
[2023-08-05T11:41:45.937+0200] {processor.py:179} INFO - Processing /Users/felipe.vasconcelos/repos/courses/python-learnings/.venv/lib/python3.10/site-packages/airflow/example_dags/example_trigger_controller_dag.py took 0.756 seconds
[2023-08-05T11:43:52.952+0200] {processor.py:157} INFO - Started process (PID=84184) to work on /Users/felipe.vasconcelos/repos/courses/python-learnings/.venv/lib/python3.10/site-packages/airflow/example_dags/example_trigger_controller_dag.py
[2023-08-05T11:43:52.958+0200] {processor.py:826} INFO - Processing file /Users/felipe.vasconcelos/repos/courses/python-learnings/.venv/lib/python3.10/site-packages/airflow/example_dags/example_trigger_controller_dag.py for tasks to queue
[2023-08-05T11:43:52.959+0200] {logging_mixin.py:150} INFO - [2023-08-05T11:43:52.959+0200] {dagbag.py:541} INFO - Filling up the DagBag from /Users/felipe.vasconcelos/repos/courses/python-learnings/.venv/lib/python3.10/site-packages/airflow/example_dags/example_trigger_controller_dag.py
[2023-08-05T11:43:52.988+0200] {processor.py:836} INFO - DAG(s) dict_keys(['example_trigger_controller_dag']) retrieved from /Users/felipe.vasconcelos/repos/courses/python-learnings/.venv/lib/python3.10/site-packages/airflow/example_dags/example_trigger_controller_dag.py
[2023-08-05T11:43:53.712+0200] {logging_mixin.py:150} INFO - [2023-08-05T11:43:53.712+0200] {dag.py:2742} INFO - Sync 1 DAGs
[2023-08-05T11:43:53.729+0200] {logging_mixin.py:150} INFO - [2023-08-05T11:43:53.729+0200] {dag.py:3504} INFO - Setting next_dagrun for example_trigger_controller_dag to 2021-01-01T00:00:00+00:00, run_after=2021-01-01T00:00:00+00:00
[2023-08-05T11:43:53.749+0200] {processor.py:179} INFO - Processing /Users/felipe.vasconcelos/repos/courses/python-learnings/.venv/lib/python3.10/site-packages/airflow/example_dags/example_trigger_controller_dag.py took 0.798 seconds
[2023-08-05T11:45:59.861+0200] {processor.py:157} INFO - Started process (PID=84250) to work on /Users/felipe.vasconcelos/repos/courses/python-learnings/.venv/lib/python3.10/site-packages/airflow/example_dags/example_trigger_controller_dag.py
[2023-08-05T11:45:59.867+0200] {processor.py:826} INFO - Processing file /Users/felipe.vasconcelos/repos/courses/python-learnings/.venv/lib/python3.10/site-packages/airflow/example_dags/example_trigger_controller_dag.py for tasks to queue
[2023-08-05T11:45:59.868+0200] {logging_mixin.py:150} INFO - [2023-08-05T11:45:59.868+0200] {dagbag.py:541} INFO - Filling up the DagBag from /Users/felipe.vasconcelos/repos/courses/python-learnings/.venv/lib/python3.10/site-packages/airflow/example_dags/example_trigger_controller_dag.py
[2023-08-05T11:45:59.896+0200] {processor.py:836} INFO - DAG(s) dict_keys(['example_trigger_controller_dag']) retrieved from /Users/felipe.vasconcelos/repos/courses/python-learnings/.venv/lib/python3.10/site-packages/airflow/example_dags/example_trigger_controller_dag.py
[2023-08-05T11:46:00.612+0200] {logging_mixin.py:150} INFO - [2023-08-05T11:46:00.612+0200] {dag.py:2742} INFO - Sync 1 DAGs
[2023-08-05T11:46:00.628+0200] {logging_mixin.py:150} INFO - [2023-08-05T11:46:00.628+0200] {dag.py:3504} INFO - Setting next_dagrun for example_trigger_controller_dag to 2021-01-01T00:00:00+00:00, run_after=2021-01-01T00:00:00+00:00
[2023-08-05T11:46:00.648+0200] {processor.py:179} INFO - Processing /Users/felipe.vasconcelos/repos/courses/python-learnings/.venv/lib/python3.10/site-packages/airflow/example_dags/example_trigger_controller_dag.py took 0.788 seconds
[2023-08-05T11:48:49.486+0200] {processor.py:157} INFO - Started process (PID=84352) to work on /Users/felipe.vasconcelos/repos/courses/python-learnings/.venv/lib/python3.10/site-packages/airflow/example_dags/example_trigger_controller_dag.py
[2023-08-05T11:48:49.494+0200] {processor.py:826} INFO - Processing file /Users/felipe.vasconcelos/repos/courses/python-learnings/.venv/lib/python3.10/site-packages/airflow/example_dags/example_trigger_controller_dag.py for tasks to queue
[2023-08-05T11:48:49.495+0200] {logging_mixin.py:150} INFO - [2023-08-05T11:48:49.495+0200] {dagbag.py:541} INFO - Filling up the DagBag from /Users/felipe.vasconcelos/repos/courses/python-learnings/.venv/lib/python3.10/site-packages/airflow/example_dags/example_trigger_controller_dag.py
[2023-08-05T11:48:49.526+0200] {processor.py:836} INFO - DAG(s) dict_keys(['example_trigger_controller_dag']) retrieved from /Users/felipe.vasconcelos/repos/courses/python-learnings/.venv/lib/python3.10/site-packages/airflow/example_dags/example_trigger_controller_dag.py
[2023-08-05T11:48:50.915+0200] {logging_mixin.py:150} INFO - [2023-08-05T11:48:50.914+0200] {dag.py:2742} INFO - Sync 1 DAGs
[2023-08-05T11:48:50.948+0200] {logging_mixin.py:150} INFO - [2023-08-05T11:48:50.947+0200] {dag.py:3504} INFO - Setting next_dagrun for example_trigger_controller_dag to 2021-01-01T00:00:00+00:00, run_after=2021-01-01T00:00:00+00:00
[2023-08-05T11:48:50.984+0200] {processor.py:179} INFO - Processing /Users/felipe.vasconcelos/repos/courses/python-learnings/.venv/lib/python3.10/site-packages/airflow/example_dags/example_trigger_controller_dag.py took 1.500 seconds
[2023-08-05T11:51:12.212+0200] {processor.py:157} INFO - Started process (PID=84427) to work on /Users/felipe.vasconcelos/repos/courses/python-learnings/.venv/lib/python3.10/site-packages/airflow/example_dags/example_trigger_controller_dag.py
[2023-08-05T11:51:12.217+0200] {processor.py:826} INFO - Processing file /Users/felipe.vasconcelos/repos/courses/python-learnings/.venv/lib/python3.10/site-packages/airflow/example_dags/example_trigger_controller_dag.py for tasks to queue
[2023-08-05T11:51:12.218+0200] {logging_mixin.py:150} INFO - [2023-08-05T11:51:12.218+0200] {dagbag.py:541} INFO - Filling up the DagBag from /Users/felipe.vasconcelos/repos/courses/python-learnings/.venv/lib/python3.10/site-packages/airflow/example_dags/example_trigger_controller_dag.py
[2023-08-05T11:51:12.244+0200] {processor.py:836} INFO - DAG(s) dict_keys(['example_trigger_controller_dag']) retrieved from /Users/felipe.vasconcelos/repos/courses/python-learnings/.venv/lib/python3.10/site-packages/airflow/example_dags/example_trigger_controller_dag.py
[2023-08-05T11:51:12.959+0200] {logging_mixin.py:150} INFO - [2023-08-05T11:51:12.958+0200] {dag.py:2742} INFO - Sync 1 DAGs
[2023-08-05T11:51:12.975+0200] {logging_mixin.py:150} INFO - [2023-08-05T11:51:12.975+0200] {dag.py:3504} INFO - Setting next_dagrun for example_trigger_controller_dag to 2021-01-01T00:00:00+00:00, run_after=2021-01-01T00:00:00+00:00
[2023-08-05T11:51:12.996+0200] {processor.py:179} INFO - Processing /Users/felipe.vasconcelos/repos/courses/python-learnings/.venv/lib/python3.10/site-packages/airflow/example_dags/example_trigger_controller_dag.py took 0.785 seconds
[2023-08-05T11:53:26.317+0200] {processor.py:157} INFO - Started process (PID=84489) to work on /Users/felipe.vasconcelos/repos/courses/python-learnings/.venv/lib/python3.10/site-packages/airflow/example_dags/example_trigger_controller_dag.py
[2023-08-05T11:53:26.323+0200] {processor.py:826} INFO - Processing file /Users/felipe.vasconcelos/repos/courses/python-learnings/.venv/lib/python3.10/site-packages/airflow/example_dags/example_trigger_controller_dag.py for tasks to queue
[2023-08-05T11:53:26.324+0200] {logging_mixin.py:150} INFO - [2023-08-05T11:53:26.324+0200] {dagbag.py:541} INFO - Filling up the DagBag from /Users/felipe.vasconcelos/repos/courses/python-learnings/.venv/lib/python3.10/site-packages/airflow/example_dags/example_trigger_controller_dag.py
[2023-08-05T11:53:26.350+0200] {processor.py:836} INFO - DAG(s) dict_keys(['example_trigger_controller_dag']) retrieved from /Users/felipe.vasconcelos/repos/courses/python-learnings/.venv/lib/python3.10/site-packages/airflow/example_dags/example_trigger_controller_dag.py
[2023-08-05T11:53:27.112+0200] {logging_mixin.py:150} INFO - [2023-08-05T11:53:27.112+0200] {dag.py:2742} INFO - Sync 1 DAGs
[2023-08-05T11:53:27.131+0200] {logging_mixin.py:150} INFO - [2023-08-05T11:53:27.131+0200] {dag.py:3504} INFO - Setting next_dagrun for example_trigger_controller_dag to 2021-01-01T00:00:00+00:00, run_after=2021-01-01T00:00:00+00:00
[2023-08-05T11:53:27.153+0200] {processor.py:179} INFO - Processing /Users/felipe.vasconcelos/repos/courses/python-learnings/.venv/lib/python3.10/site-packages/airflow/example_dags/example_trigger_controller_dag.py took 0.837 seconds
[2023-08-05T11:55:34.493+0200] {processor.py:157} INFO - Started process (PID=84555) to work on /Users/felipe.vasconcelos/repos/courses/python-learnings/.venv/lib/python3.10/site-packages/airflow/example_dags/example_trigger_controller_dag.py
[2023-08-05T11:55:34.500+0200] {processor.py:826} INFO - Processing file /Users/felipe.vasconcelos/repos/courses/python-learnings/.venv/lib/python3.10/site-packages/airflow/example_dags/example_trigger_controller_dag.py for tasks to queue
[2023-08-05T11:55:34.501+0200] {logging_mixin.py:150} INFO - [2023-08-05T11:55:34.500+0200] {dagbag.py:541} INFO - Filling up the DagBag from /Users/felipe.vasconcelos/repos/courses/python-learnings/.venv/lib/python3.10/site-packages/airflow/example_dags/example_trigger_controller_dag.py
[2023-08-05T11:55:34.527+0200] {processor.py:836} INFO - DAG(s) dict_keys(['example_trigger_controller_dag']) retrieved from /Users/felipe.vasconcelos/repos/courses/python-learnings/.venv/lib/python3.10/site-packages/airflow/example_dags/example_trigger_controller_dag.py
[2023-08-05T11:55:35.220+0200] {logging_mixin.py:150} INFO - [2023-08-05T11:55:35.220+0200] {dag.py:2742} INFO - Sync 1 DAGs
[2023-08-05T11:55:35.237+0200] {logging_mixin.py:150} INFO - [2023-08-05T11:55:35.237+0200] {dag.py:3504} INFO - Setting next_dagrun for example_trigger_controller_dag to 2021-01-01T00:00:00+00:00, run_after=2021-01-01T00:00:00+00:00
[2023-08-05T11:55:35.258+0200] {processor.py:179} INFO - Processing /Users/felipe.vasconcelos/repos/courses/python-learnings/.venv/lib/python3.10/site-packages/airflow/example_dags/example_trigger_controller_dag.py took 0.766 seconds
[2023-08-05T11:57:39.664+0200] {processor.py:157} INFO - Started process (PID=84619) to work on /Users/felipe.vasconcelos/repos/courses/python-learnings/.venv/lib/python3.10/site-packages/airflow/example_dags/example_trigger_controller_dag.py
[2023-08-05T11:57:39.670+0200] {processor.py:826} INFO - Processing file /Users/felipe.vasconcelos/repos/courses/python-learnings/.venv/lib/python3.10/site-packages/airflow/example_dags/example_trigger_controller_dag.py for tasks to queue
[2023-08-05T11:57:39.671+0200] {logging_mixin.py:150} INFO - [2023-08-05T11:57:39.671+0200] {dagbag.py:541} INFO - Filling up the DagBag from /Users/felipe.vasconcelos/repos/courses/python-learnings/.venv/lib/python3.10/site-packages/airflow/example_dags/example_trigger_controller_dag.py
[2023-08-05T11:57:39.699+0200] {processor.py:836} INFO - DAG(s) dict_keys(['example_trigger_controller_dag']) retrieved from /Users/felipe.vasconcelos/repos/courses/python-learnings/.venv/lib/python3.10/site-packages/airflow/example_dags/example_trigger_controller_dag.py
[2023-08-05T11:57:40.404+0200] {logging_mixin.py:150} INFO - [2023-08-05T11:57:40.404+0200] {dag.py:2742} INFO - Sync 1 DAGs
[2023-08-05T11:57:40.421+0200] {logging_mixin.py:150} INFO - [2023-08-05T11:57:40.420+0200] {dag.py:3504} INFO - Setting next_dagrun for example_trigger_controller_dag to 2021-01-01T00:00:00+00:00, run_after=2021-01-01T00:00:00+00:00
[2023-08-05T11:57:40.440+0200] {processor.py:179} INFO - Processing /Users/felipe.vasconcelos/repos/courses/python-learnings/.venv/lib/python3.10/site-packages/airflow/example_dags/example_trigger_controller_dag.py took 0.777 seconds
[2023-08-05T12:00:50.582+0200] {processor.py:157} INFO - Started process (PID=84734) to work on /Users/felipe.vasconcelos/repos/courses/python-learnings/.venv/lib/python3.10/site-packages/airflow/example_dags/example_trigger_controller_dag.py
[2023-08-05T12:00:50.587+0200] {processor.py:826} INFO - Processing file /Users/felipe.vasconcelos/repos/courses/python-learnings/.venv/lib/python3.10/site-packages/airflow/example_dags/example_trigger_controller_dag.py for tasks to queue
[2023-08-05T12:00:50.589+0200] {logging_mixin.py:150} INFO - [2023-08-05T12:00:50.588+0200] {dagbag.py:541} INFO - Filling up the DagBag from /Users/felipe.vasconcelos/repos/courses/python-learnings/.venv/lib/python3.10/site-packages/airflow/example_dags/example_trigger_controller_dag.py
[2023-08-05T12:00:50.739+0200] {processor.py:836} INFO - DAG(s) dict_keys(['example_trigger_controller_dag']) retrieved from /Users/felipe.vasconcelos/repos/courses/python-learnings/.venv/lib/python3.10/site-packages/airflow/example_dags/example_trigger_controller_dag.py
[2023-08-05T12:00:51.925+0200] {logging_mixin.py:150} INFO - [2023-08-05T12:00:51.924+0200] {dag.py:2742} INFO - Sync 1 DAGs
[2023-08-05T12:00:51.959+0200] {logging_mixin.py:150} INFO - [2023-08-05T12:00:51.959+0200] {dag.py:3504} INFO - Setting next_dagrun for example_trigger_controller_dag to 2021-01-01T00:00:00+00:00, run_after=2021-01-01T00:00:00+00:00
[2023-08-05T12:00:51.997+0200] {processor.py:179} INFO - Processing /Users/felipe.vasconcelos/repos/courses/python-learnings/.venv/lib/python3.10/site-packages/airflow/example_dags/example_trigger_controller_dag.py took 1.416 seconds
[2023-08-05T12:04:21.382+0200] {processor.py:157} INFO - Started process (PID=84886) to work on /Users/felipe.vasconcelos/repos/courses/python-learnings/.venv/lib/python3.10/site-packages/airflow/example_dags/example_trigger_controller_dag.py
[2023-08-05T12:04:21.388+0200] {processor.py:826} INFO - Processing file /Users/felipe.vasconcelos/repos/courses/python-learnings/.venv/lib/python3.10/site-packages/airflow/example_dags/example_trigger_controller_dag.py for tasks to queue
[2023-08-05T12:04:21.389+0200] {logging_mixin.py:150} INFO - [2023-08-05T12:04:21.389+0200] {dagbag.py:541} INFO - Filling up the DagBag from /Users/felipe.vasconcelos/repos/courses/python-learnings/.venv/lib/python3.10/site-packages/airflow/example_dags/example_trigger_controller_dag.py
[2023-08-05T12:04:21.418+0200] {processor.py:836} INFO - DAG(s) dict_keys(['example_trigger_controller_dag']) retrieved from /Users/felipe.vasconcelos/repos/courses/python-learnings/.venv/lib/python3.10/site-packages/airflow/example_dags/example_trigger_controller_dag.py
[2023-08-05T12:04:22.193+0200] {logging_mixin.py:150} INFO - [2023-08-05T12:04:22.193+0200] {dag.py:2742} INFO - Sync 1 DAGs
[2023-08-05T12:04:22.210+0200] {logging_mixin.py:150} INFO - [2023-08-05T12:04:22.210+0200] {dag.py:3504} INFO - Setting next_dagrun for example_trigger_controller_dag to 2021-01-01T00:00:00+00:00, run_after=2021-01-01T00:00:00+00:00
[2023-08-05T12:04:22.232+0200] {processor.py:179} INFO - Processing /Users/felipe.vasconcelos/repos/courses/python-learnings/.venv/lib/python3.10/site-packages/airflow/example_dags/example_trigger_controller_dag.py took 0.850 seconds
