[2023-08-05T10:38:41.903+0200] {processor.py:157} INFO - Started process (PID=82579) to work on /Users/felipe.vasconcelos/repos/courses/python-learnings/.venv/lib/python3.10/site-packages/airflow/example_dags/example_xcomargs.py
[2023-08-05T10:38:41.910+0200] {processor.py:826} INFO - Processing file /Users/felipe.vasconcelos/repos/courses/python-learnings/.venv/lib/python3.10/site-packages/airflow/example_dags/example_xcomargs.py for tasks to queue
[2023-08-05T10:38:41.914+0200] {logging_mixin.py:150} INFO - [2023-08-05T10:38:41.914+0200] {dagbag.py:541} INFO - Filling up the DagBag from /Users/felipe.vasconcelos/repos/courses/python-learnings/.venv/lib/python3.10/site-packages/airflow/example_dags/example_xcomargs.py
[2023-08-05T10:38:42.057+0200] {processor.py:836} INFO - DAG(s) dict_keys(['example_xcom_args', 'example_xcom_args_with_operators']) retrieved from /Users/felipe.vasconcelos/repos/courses/python-learnings/.venv/lib/python3.10/site-packages/airflow/example_dags/example_xcomargs.py
[2023-08-05T10:38:44.189+0200] {logging_mixin.py:150} INFO - [2023-08-05T10:38:44.189+0200] {manager.py:504} INFO - Created Permission View: can edit on DAG:example_xcom_args
[2023-08-05T10:38:44.208+0200] {logging_mixin.py:150} INFO - [2023-08-05T10:38:44.208+0200] {manager.py:504} INFO - Created Permission View: can delete on DAG:example_xcom_args
[2023-08-05T10:38:44.222+0200] {logging_mixin.py:150} INFO - [2023-08-05T10:38:44.222+0200] {manager.py:504} INFO - Created Permission View: can read on DAG:example_xcom_args
[2023-08-05T10:38:44.269+0200] {logging_mixin.py:150} INFO - [2023-08-05T10:38:44.269+0200] {manager.py:504} INFO - Created Permission View: can edit on DAG:example_xcom_args_with_operators
[2023-08-05T10:38:44.290+0200] {logging_mixin.py:150} INFO - [2023-08-05T10:38:44.290+0200] {manager.py:504} INFO - Created Permission View: can delete on DAG:example_xcom_args_with_operators
[2023-08-05T10:38:44.306+0200] {logging_mixin.py:150} INFO - [2023-08-05T10:38:44.306+0200] {manager.py:504} INFO - Created Permission View: can read on DAG:example_xcom_args_with_operators
[2023-08-05T10:38:44.322+0200] {logging_mixin.py:150} INFO - [2023-08-05T10:38:44.321+0200] {dag.py:2742} INFO - Sync 2 DAGs
[2023-08-05T10:38:44.390+0200] {logging_mixin.py:150} INFO - [2023-08-05T10:38:44.390+0200] {dag.py:2763} INFO - Creating ORM DAG for example_xcom_args_with_operators
[2023-08-05T10:38:44.391+0200] {logging_mixin.py:150} INFO - [2023-08-05T10:38:44.391+0200] {dag.py:2763} INFO - Creating ORM DAG for example_xcom_args
[2023-08-05T10:38:44.419+0200] {logging_mixin.py:150} INFO - [2023-08-05T10:38:44.418+0200] {dag.py:3504} INFO - Setting next_dagrun for example_xcom_args to None, run_after=None
[2023-08-05T10:38:44.421+0200] {logging_mixin.py:150} INFO - [2023-08-05T10:38:44.421+0200] {dag.py:3504} INFO - Setting next_dagrun for example_xcom_args_with_operators to None, run_after=None
[2023-08-05T10:38:44.474+0200] {processor.py:179} INFO - Processing /Users/felipe.vasconcelos/repos/courses/python-learnings/.venv/lib/python3.10/site-packages/airflow/example_dags/example_xcomargs.py took 2.572 seconds
[2023-08-05T10:42:03.312+0200] {processor.py:157} INFO - Started process (PID=82658) to work on /Users/felipe.vasconcelos/repos/courses/python-learnings/.venv/lib/python3.10/site-packages/airflow/example_dags/example_xcomargs.py
[2023-08-05T10:42:03.318+0200] {processor.py:826} INFO - Processing file /Users/felipe.vasconcelos/repos/courses/python-learnings/.venv/lib/python3.10/site-packages/airflow/example_dags/example_xcomargs.py for tasks to queue
[2023-08-05T10:42:03.318+0200] {logging_mixin.py:150} INFO - [2023-08-05T10:42:03.318+0200] {dagbag.py:541} INFO - Filling up the DagBag from /Users/felipe.vasconcelos/repos/courses/python-learnings/.venv/lib/python3.10/site-packages/airflow/example_dags/example_xcomargs.py
[2023-08-05T10:42:03.384+0200] {processor.py:836} INFO - DAG(s) dict_keys(['example_xcom_args_with_operators', 'example_xcom_args']) retrieved from /Users/felipe.vasconcelos/repos/courses/python-learnings/.venv/lib/python3.10/site-packages/airflow/example_dags/example_xcomargs.py
[2023-08-05T10:42:04.099+0200] {logging_mixin.py:150} INFO - [2023-08-05T10:42:04.099+0200] {dag.py:2742} INFO - Sync 2 DAGs
[2023-08-05T10:42:04.118+0200] {logging_mixin.py:150} INFO - [2023-08-05T10:42:04.118+0200] {dag.py:3504} INFO - Setting next_dagrun for example_xcom_args to None, run_after=None
[2023-08-05T10:42:04.121+0200] {logging_mixin.py:150} INFO - [2023-08-05T10:42:04.121+0200] {dag.py:3504} INFO - Setting next_dagrun for example_xcom_args_with_operators to None, run_after=None
[2023-08-05T10:42:04.140+0200] {processor.py:179} INFO - Processing /Users/felipe.vasconcelos/repos/courses/python-learnings/.venv/lib/python3.10/site-packages/airflow/example_dags/example_xcomargs.py took 0.829 seconds
[2023-08-05T10:45:44.738+0200] {processor.py:157} INFO - Started process (PID=82771) to work on /Users/felipe.vasconcelos/repos/courses/python-learnings/.venv/lib/python3.10/site-packages/airflow/example_dags/example_xcomargs.py
[2023-08-05T10:45:44.745+0200] {processor.py:826} INFO - Processing file /Users/felipe.vasconcelos/repos/courses/python-learnings/.venv/lib/python3.10/site-packages/airflow/example_dags/example_xcomargs.py for tasks to queue
[2023-08-05T10:45:44.746+0200] {logging_mixin.py:150} INFO - [2023-08-05T10:45:44.746+0200] {dagbag.py:541} INFO - Filling up the DagBag from /Users/felipe.vasconcelos/repos/courses/python-learnings/.venv/lib/python3.10/site-packages/airflow/example_dags/example_xcomargs.py
[2023-08-05T10:45:44.832+0200] {processor.py:836} INFO - DAG(s) dict_keys(['example_xcom_args', 'example_xcom_args_with_operators']) retrieved from /Users/felipe.vasconcelos/repos/courses/python-learnings/.venv/lib/python3.10/site-packages/airflow/example_dags/example_xcomargs.py
[2023-08-05T10:45:45.966+0200] {logging_mixin.py:150} INFO - [2023-08-05T10:45:45.966+0200] {dag.py:2742} INFO - Sync 2 DAGs
[2023-08-05T10:45:46.005+0200] {logging_mixin.py:150} INFO - [2023-08-05T10:45:46.004+0200] {dag.py:3504} INFO - Setting next_dagrun for example_xcom_args to None, run_after=None
[2023-08-05T10:45:46.009+0200] {logging_mixin.py:150} INFO - [2023-08-05T10:45:46.009+0200] {dag.py:3504} INFO - Setting next_dagrun for example_xcom_args_with_operators to None, run_after=None
[2023-08-05T10:45:46.035+0200] {processor.py:179} INFO - Processing /Users/felipe.vasconcelos/repos/courses/python-learnings/.venv/lib/python3.10/site-packages/airflow/example_dags/example_xcomargs.py took 1.299 seconds
[2023-08-05T10:48:19.062+0200] {processor.py:157} INFO - Started process (PID=82865) to work on /Users/felipe.vasconcelos/repos/courses/python-learnings/.venv/lib/python3.10/site-packages/airflow/example_dags/example_xcomargs.py
[2023-08-05T10:48:19.068+0200] {processor.py:826} INFO - Processing file /Users/felipe.vasconcelos/repos/courses/python-learnings/.venv/lib/python3.10/site-packages/airflow/example_dags/example_xcomargs.py for tasks to queue
[2023-08-05T10:48:19.069+0200] {logging_mixin.py:150} INFO - [2023-08-05T10:48:19.069+0200] {dagbag.py:541} INFO - Filling up the DagBag from /Users/felipe.vasconcelos/repos/courses/python-learnings/.venv/lib/python3.10/site-packages/airflow/example_dags/example_xcomargs.py
[2023-08-05T10:48:19.157+0200] {processor.py:836} INFO - DAG(s) dict_keys(['example_xcom_args_with_operators', 'example_xcom_args']) retrieved from /Users/felipe.vasconcelos/repos/courses/python-learnings/.venv/lib/python3.10/site-packages/airflow/example_dags/example_xcomargs.py
[2023-08-05T10:48:19.852+0200] {logging_mixin.py:150} INFO - [2023-08-05T10:48:19.852+0200] {dag.py:2742} INFO - Sync 2 DAGs
[2023-08-05T10:48:19.869+0200] {logging_mixin.py:150} INFO - [2023-08-05T10:48:19.869+0200] {dag.py:3504} INFO - Setting next_dagrun for example_xcom_args to None, run_after=None
[2023-08-05T10:48:19.872+0200] {logging_mixin.py:150} INFO - [2023-08-05T10:48:19.871+0200] {dag.py:3504} INFO - Setting next_dagrun for example_xcom_args_with_operators to None, run_after=None
[2023-08-05T10:48:19.889+0200] {processor.py:179} INFO - Processing /Users/felipe.vasconcelos/repos/courses/python-learnings/.venv/lib/python3.10/site-packages/airflow/example_dags/example_xcomargs.py took 0.828 seconds
[2023-08-05T10:50:30.224+0200] {processor.py:157} INFO - Started process (PID=82925) to work on /Users/felipe.vasconcelos/repos/courses/python-learnings/.venv/lib/python3.10/site-packages/airflow/example_dags/example_xcomargs.py
[2023-08-05T10:50:30.231+0200] {processor.py:826} INFO - Processing file /Users/felipe.vasconcelos/repos/courses/python-learnings/.venv/lib/python3.10/site-packages/airflow/example_dags/example_xcomargs.py for tasks to queue
[2023-08-05T10:50:30.232+0200] {logging_mixin.py:150} INFO - [2023-08-05T10:50:30.231+0200] {dagbag.py:541} INFO - Filling up the DagBag from /Users/felipe.vasconcelos/repos/courses/python-learnings/.venv/lib/python3.10/site-packages/airflow/example_dags/example_xcomargs.py
[2023-08-05T10:50:30.292+0200] {processor.py:836} INFO - DAG(s) dict_keys(['example_xcom_args_with_operators', 'example_xcom_args']) retrieved from /Users/felipe.vasconcelos/repos/courses/python-learnings/.venv/lib/python3.10/site-packages/airflow/example_dags/example_xcomargs.py
[2023-08-05T10:50:31.014+0200] {logging_mixin.py:150} INFO - [2023-08-05T10:50:31.014+0200] {dag.py:2742} INFO - Sync 2 DAGs
[2023-08-05T10:50:31.031+0200] {logging_mixin.py:150} INFO - [2023-08-05T10:50:31.031+0200] {dag.py:3504} INFO - Setting next_dagrun for example_xcom_args to None, run_after=None
[2023-08-05T10:50:31.034+0200] {logging_mixin.py:150} INFO - [2023-08-05T10:50:31.034+0200] {dag.py:3504} INFO - Setting next_dagrun for example_xcom_args_with_operators to None, run_after=None
[2023-08-05T10:50:31.052+0200] {processor.py:179} INFO - Processing /Users/felipe.vasconcelos/repos/courses/python-learnings/.venv/lib/python3.10/site-packages/airflow/example_dags/example_xcomargs.py took 0.829 seconds
[2023-08-05T10:52:50.360+0200] {processor.py:157} INFO - Started process (PID=82991) to work on /Users/felipe.vasconcelos/repos/courses/python-learnings/.venv/lib/python3.10/site-packages/airflow/example_dags/example_xcomargs.py
[2023-08-05T10:52:50.366+0200] {processor.py:826} INFO - Processing file /Users/felipe.vasconcelos/repos/courses/python-learnings/.venv/lib/python3.10/site-packages/airflow/example_dags/example_xcomargs.py for tasks to queue
[2023-08-05T10:52:50.367+0200] {logging_mixin.py:150} INFO - [2023-08-05T10:52:50.367+0200] {dagbag.py:541} INFO - Filling up the DagBag from /Users/felipe.vasconcelos/repos/courses/python-learnings/.venv/lib/python3.10/site-packages/airflow/example_dags/example_xcomargs.py
[2023-08-05T10:52:50.429+0200] {processor.py:836} INFO - DAG(s) dict_keys(['example_xcom_args', 'example_xcom_args_with_operators']) retrieved from /Users/felipe.vasconcelos/repos/courses/python-learnings/.venv/lib/python3.10/site-packages/airflow/example_dags/example_xcomargs.py
[2023-08-05T10:52:51.161+0200] {logging_mixin.py:150} INFO - [2023-08-05T10:52:51.161+0200] {dag.py:2742} INFO - Sync 2 DAGs
[2023-08-05T10:52:51.179+0200] {logging_mixin.py:150} INFO - [2023-08-05T10:52:51.179+0200] {dag.py:3504} INFO - Setting next_dagrun for example_xcom_args to None, run_after=None
[2023-08-05T10:52:51.182+0200] {logging_mixin.py:150} INFO - [2023-08-05T10:52:51.181+0200] {dag.py:3504} INFO - Setting next_dagrun for example_xcom_args_with_operators to None, run_after=None
[2023-08-05T10:52:51.199+0200] {processor.py:179} INFO - Processing /Users/felipe.vasconcelos/repos/courses/python-learnings/.venv/lib/python3.10/site-packages/airflow/example_dags/example_xcomargs.py took 0.840 seconds
[2023-08-05T10:55:02.906+0200] {processor.py:157} INFO - Started process (PID=83048) to work on /Users/felipe.vasconcelos/repos/courses/python-learnings/.venv/lib/python3.10/site-packages/airflow/example_dags/example_xcomargs.py
[2023-08-05T10:55:02.913+0200] {processor.py:826} INFO - Processing file /Users/felipe.vasconcelos/repos/courses/python-learnings/.venv/lib/python3.10/site-packages/airflow/example_dags/example_xcomargs.py for tasks to queue
[2023-08-05T10:55:02.914+0200] {logging_mixin.py:150} INFO - [2023-08-05T10:55:02.913+0200] {dagbag.py:541} INFO - Filling up the DagBag from /Users/felipe.vasconcelos/repos/courses/python-learnings/.venv/lib/python3.10/site-packages/airflow/example_dags/example_xcomargs.py
[2023-08-05T10:55:02.983+0200] {processor.py:836} INFO - DAG(s) dict_keys(['example_xcom_args_with_operators', 'example_xcom_args']) retrieved from /Users/felipe.vasconcelos/repos/courses/python-learnings/.venv/lib/python3.10/site-packages/airflow/example_dags/example_xcomargs.py
[2023-08-05T10:55:03.768+0200] {logging_mixin.py:150} INFO - [2023-08-05T10:55:03.768+0200] {dag.py:2742} INFO - Sync 2 DAGs
[2023-08-05T10:55:03.786+0200] {logging_mixin.py:150} INFO - [2023-08-05T10:55:03.786+0200] {dag.py:3504} INFO - Setting next_dagrun for example_xcom_args to None, run_after=None
[2023-08-05T10:55:03.789+0200] {logging_mixin.py:150} INFO - [2023-08-05T10:55:03.788+0200] {dag.py:3504} INFO - Setting next_dagrun for example_xcom_args_with_operators to None, run_after=None
[2023-08-05T10:55:03.808+0200] {processor.py:179} INFO - Processing /Users/felipe.vasconcelos/repos/courses/python-learnings/.venv/lib/python3.10/site-packages/airflow/example_dags/example_xcomargs.py took 0.903 seconds
[2023-08-05T10:57:13.952+0200] {processor.py:157} INFO - Started process (PID=83113) to work on /Users/felipe.vasconcelos/repos/courses/python-learnings/.venv/lib/python3.10/site-packages/airflow/example_dags/example_xcomargs.py
[2023-08-05T10:57:13.959+0200] {processor.py:826} INFO - Processing file /Users/felipe.vasconcelos/repos/courses/python-learnings/.venv/lib/python3.10/site-packages/airflow/example_dags/example_xcomargs.py for tasks to queue
[2023-08-05T10:57:13.960+0200] {logging_mixin.py:150} INFO - [2023-08-05T10:57:13.960+0200] {dagbag.py:541} INFO - Filling up the DagBag from /Users/felipe.vasconcelos/repos/courses/python-learnings/.venv/lib/python3.10/site-packages/airflow/example_dags/example_xcomargs.py
[2023-08-05T10:57:14.029+0200] {processor.py:836} INFO - DAG(s) dict_keys(['example_xcom_args', 'example_xcom_args_with_operators']) retrieved from /Users/felipe.vasconcelos/repos/courses/python-learnings/.venv/lib/python3.10/site-packages/airflow/example_dags/example_xcomargs.py
[2023-08-05T10:57:14.784+0200] {logging_mixin.py:150} INFO - [2023-08-05T10:57:14.783+0200] {dag.py:2742} INFO - Sync 2 DAGs
[2023-08-05T10:57:14.802+0200] {logging_mixin.py:150} INFO - [2023-08-05T10:57:14.802+0200] {dag.py:3504} INFO - Setting next_dagrun for example_xcom_args to None, run_after=None
[2023-08-05T10:57:14.805+0200] {logging_mixin.py:150} INFO - [2023-08-05T10:57:14.805+0200] {dag.py:3504} INFO - Setting next_dagrun for example_xcom_args_with_operators to None, run_after=None
[2023-08-05T10:57:14.826+0200] {processor.py:179} INFO - Processing /Users/felipe.vasconcelos/repos/courses/python-learnings/.venv/lib/python3.10/site-packages/airflow/example_dags/example_xcomargs.py took 0.875 seconds
[2023-08-05T11:09:41.945+0200] {processor.py:157} INFO - Started process (PID=83178) to work on /Users/felipe.vasconcelos/repos/courses/python-learnings/.venv/lib/python3.10/site-packages/airflow/example_dags/example_xcomargs.py
[2023-08-05T11:09:42.333+0200] {processor.py:826} INFO - Processing file /Users/felipe.vasconcelos/repos/courses/python-learnings/.venv/lib/python3.10/site-packages/airflow/example_dags/example_xcomargs.py for tasks to queue
[2023-08-05T11:09:42.340+0200] {logging_mixin.py:150} INFO - [2023-08-05T11:09:42.338+0200] {dagbag.py:541} INFO - Filling up the DagBag from /Users/felipe.vasconcelos/repos/courses/python-learnings/.venv/lib/python3.10/site-packages/airflow/example_dags/example_xcomargs.py
[2023-08-05T11:09:44.428+0200] {processor.py:836} INFO - DAG(s) dict_keys(['example_xcom_args_with_operators', 'example_xcom_args']) retrieved from /Users/felipe.vasconcelos/repos/courses/python-learnings/.venv/lib/python3.10/site-packages/airflow/example_dags/example_xcomargs.py
[2023-08-05T11:09:52.462+0200] {logging_mixin.py:150} INFO - [2023-08-05T11:09:52.460+0200] {dag.py:2742} INFO - Sync 2 DAGs
[2023-08-05T11:09:52.571+0200] {logging_mixin.py:150} INFO - [2023-08-05T11:09:52.571+0200] {dag.py:3504} INFO - Setting next_dagrun for example_xcom_args to None, run_after=None
[2023-08-05T11:09:52.582+0200] {logging_mixin.py:150} INFO - [2023-08-05T11:09:52.582+0200] {dag.py:3504} INFO - Setting next_dagrun for example_xcom_args_with_operators to None, run_after=None
[2023-08-05T11:09:52.674+0200] {processor.py:179} INFO - Processing /Users/felipe.vasconcelos/repos/courses/python-learnings/.venv/lib/python3.10/site-packages/airflow/example_dags/example_xcomargs.py took 10.724 seconds
[2023-08-05T11:13:55.164+0200] {processor.py:157} INFO - Started process (PID=83314) to work on /Users/felipe.vasconcelos/repos/courses/python-learnings/.venv/lib/python3.10/site-packages/airflow/example_dags/example_xcomargs.py
[2023-08-05T11:13:55.178+0200] {processor.py:826} INFO - Processing file /Users/felipe.vasconcelos/repos/courses/python-learnings/.venv/lib/python3.10/site-packages/airflow/example_dags/example_xcomargs.py for tasks to queue
[2023-08-05T11:13:55.179+0200] {logging_mixin.py:150} INFO - [2023-08-05T11:13:55.179+0200] {dagbag.py:541} INFO - Filling up the DagBag from /Users/felipe.vasconcelos/repos/courses/python-learnings/.venv/lib/python3.10/site-packages/airflow/example_dags/example_xcomargs.py
[2023-08-05T11:13:55.270+0200] {processor.py:836} INFO - DAG(s) dict_keys(['example_xcom_args', 'example_xcom_args_with_operators']) retrieved from /Users/felipe.vasconcelos/repos/courses/python-learnings/.venv/lib/python3.10/site-packages/airflow/example_dags/example_xcomargs.py
[2023-08-05T11:13:56.411+0200] {logging_mixin.py:150} INFO - [2023-08-05T11:13:56.411+0200] {dag.py:2742} INFO - Sync 2 DAGs
[2023-08-05T11:13:56.432+0200] {logging_mixin.py:150} INFO - [2023-08-05T11:13:56.432+0200] {dag.py:3504} INFO - Setting next_dagrun for example_xcom_args to None, run_after=None
[2023-08-05T11:13:56.435+0200] {logging_mixin.py:150} INFO - [2023-08-05T11:13:56.435+0200] {dag.py:3504} INFO - Setting next_dagrun for example_xcom_args_with_operators to None, run_after=None
[2023-08-05T11:13:56.457+0200] {processor.py:179} INFO - Processing /Users/felipe.vasconcelos/repos/courses/python-learnings/.venv/lib/python3.10/site-packages/airflow/example_dags/example_xcomargs.py took 1.294 seconds
[2023-08-05T11:15:59.610+0200] {processor.py:157} INFO - Started process (PID=83372) to work on /Users/felipe.vasconcelos/repos/courses/python-learnings/.venv/lib/python3.10/site-packages/airflow/example_dags/example_xcomargs.py
[2023-08-05T11:15:59.617+0200] {processor.py:826} INFO - Processing file /Users/felipe.vasconcelos/repos/courses/python-learnings/.venv/lib/python3.10/site-packages/airflow/example_dags/example_xcomargs.py for tasks to queue
[2023-08-05T11:15:59.618+0200] {logging_mixin.py:150} INFO - [2023-08-05T11:15:59.618+0200] {dagbag.py:541} INFO - Filling up the DagBag from /Users/felipe.vasconcelos/repos/courses/python-learnings/.venv/lib/python3.10/site-packages/airflow/example_dags/example_xcomargs.py
[2023-08-05T11:15:59.678+0200] {processor.py:836} INFO - DAG(s) dict_keys(['example_xcom_args', 'example_xcom_args_with_operators']) retrieved from /Users/felipe.vasconcelos/repos/courses/python-learnings/.venv/lib/python3.10/site-packages/airflow/example_dags/example_xcomargs.py
[2023-08-05T11:16:00.401+0200] {logging_mixin.py:150} INFO - [2023-08-05T11:16:00.401+0200] {dag.py:2742} INFO - Sync 2 DAGs
[2023-08-05T11:16:00.421+0200] {logging_mixin.py:150} INFO - [2023-08-05T11:16:00.421+0200] {dag.py:3504} INFO - Setting next_dagrun for example_xcom_args to None, run_after=None
[2023-08-05T11:16:00.424+0200] {logging_mixin.py:150} INFO - [2023-08-05T11:16:00.424+0200] {dag.py:3504} INFO - Setting next_dagrun for example_xcom_args_with_operators to None, run_after=None
[2023-08-05T11:16:00.442+0200] {processor.py:179} INFO - Processing /Users/felipe.vasconcelos/repos/courses/python-learnings/.venv/lib/python3.10/site-packages/airflow/example_dags/example_xcomargs.py took 0.833 seconds
[2023-08-05T11:18:05.879+0200] {processor.py:157} INFO - Started process (PID=83426) to work on /Users/felipe.vasconcelos/repos/courses/python-learnings/.venv/lib/python3.10/site-packages/airflow/example_dags/example_xcomargs.py
[2023-08-05T11:18:05.886+0200] {processor.py:826} INFO - Processing file /Users/felipe.vasconcelos/repos/courses/python-learnings/.venv/lib/python3.10/site-packages/airflow/example_dags/example_xcomargs.py for tasks to queue
[2023-08-05T11:18:05.887+0200] {logging_mixin.py:150} INFO - [2023-08-05T11:18:05.886+0200] {dagbag.py:541} INFO - Filling up the DagBag from /Users/felipe.vasconcelos/repos/courses/python-learnings/.venv/lib/python3.10/site-packages/airflow/example_dags/example_xcomargs.py
[2023-08-05T11:18:05.948+0200] {processor.py:836} INFO - DAG(s) dict_keys(['example_xcom_args_with_operators', 'example_xcom_args']) retrieved from /Users/felipe.vasconcelos/repos/courses/python-learnings/.venv/lib/python3.10/site-packages/airflow/example_dags/example_xcomargs.py
[2023-08-05T11:18:06.689+0200] {logging_mixin.py:150} INFO - [2023-08-05T11:18:06.688+0200] {dag.py:2742} INFO - Sync 2 DAGs
[2023-08-05T11:18:06.706+0200] {logging_mixin.py:150} INFO - [2023-08-05T11:18:06.706+0200] {dag.py:3504} INFO - Setting next_dagrun for example_xcom_args to None, run_after=None
[2023-08-05T11:18:06.709+0200] {logging_mixin.py:150} INFO - [2023-08-05T11:18:06.709+0200] {dag.py:3504} INFO - Setting next_dagrun for example_xcom_args_with_operators to None, run_after=None
[2023-08-05T11:18:06.732+0200] {processor.py:179} INFO - Processing /Users/felipe.vasconcelos/repos/courses/python-learnings/.venv/lib/python3.10/site-packages/airflow/example_dags/example_xcomargs.py took 0.854 seconds
[2023-08-05T11:20:19.518+0200] {processor.py:157} INFO - Started process (PID=83492) to work on /Users/felipe.vasconcelos/repos/courses/python-learnings/.venv/lib/python3.10/site-packages/airflow/example_dags/example_xcomargs.py
[2023-08-05T11:20:19.529+0200] {processor.py:826} INFO - Processing file /Users/felipe.vasconcelos/repos/courses/python-learnings/.venv/lib/python3.10/site-packages/airflow/example_dags/example_xcomargs.py for tasks to queue
[2023-08-05T11:20:19.530+0200] {logging_mixin.py:150} INFO - [2023-08-05T11:20:19.530+0200] {dagbag.py:541} INFO - Filling up the DagBag from /Users/felipe.vasconcelos/repos/courses/python-learnings/.venv/lib/python3.10/site-packages/airflow/example_dags/example_xcomargs.py
[2023-08-05T11:20:19.611+0200] {processor.py:836} INFO - DAG(s) dict_keys(['example_xcom_args_with_operators', 'example_xcom_args']) retrieved from /Users/felipe.vasconcelos/repos/courses/python-learnings/.venv/lib/python3.10/site-packages/airflow/example_dags/example_xcomargs.py
[2023-08-05T11:20:20.536+0200] {logging_mixin.py:150} INFO - [2023-08-05T11:20:20.535+0200] {dag.py:2742} INFO - Sync 2 DAGs
[2023-08-05T11:20:20.564+0200] {logging_mixin.py:150} INFO - [2023-08-05T11:20:20.564+0200] {dag.py:3504} INFO - Setting next_dagrun for example_xcom_args to None, run_after=None
[2023-08-05T11:20:20.567+0200] {logging_mixin.py:150} INFO - [2023-08-05T11:20:20.567+0200] {dag.py:3504} INFO - Setting next_dagrun for example_xcom_args_with_operators to None, run_after=None
[2023-08-05T11:20:20.588+0200] {processor.py:179} INFO - Processing /Users/felipe.vasconcelos/repos/courses/python-learnings/.venv/lib/python3.10/site-packages/airflow/example_dags/example_xcomargs.py took 1.071 seconds
[2023-08-05T11:22:44.403+0200] {processor.py:157} INFO - Started process (PID=83564) to work on /Users/felipe.vasconcelos/repos/courses/python-learnings/.venv/lib/python3.10/site-packages/airflow/example_dags/example_xcomargs.py
[2023-08-05T11:22:44.408+0200] {processor.py:826} INFO - Processing file /Users/felipe.vasconcelos/repos/courses/python-learnings/.venv/lib/python3.10/site-packages/airflow/example_dags/example_xcomargs.py for tasks to queue
[2023-08-05T11:22:44.409+0200] {logging_mixin.py:150} INFO - [2023-08-05T11:22:44.409+0200] {dagbag.py:541} INFO - Filling up the DagBag from /Users/felipe.vasconcelos/repos/courses/python-learnings/.venv/lib/python3.10/site-packages/airflow/example_dags/example_xcomargs.py
[2023-08-05T11:22:44.471+0200] {processor.py:836} INFO - DAG(s) dict_keys(['example_xcom_args_with_operators', 'example_xcom_args']) retrieved from /Users/felipe.vasconcelos/repos/courses/python-learnings/.venv/lib/python3.10/site-packages/airflow/example_dags/example_xcomargs.py
[2023-08-05T11:22:45.201+0200] {logging_mixin.py:150} INFO - [2023-08-05T11:22:45.200+0200] {dag.py:2742} INFO - Sync 2 DAGs
[2023-08-05T11:22:45.220+0200] {logging_mixin.py:150} INFO - [2023-08-05T11:22:45.219+0200] {dag.py:3504} INFO - Setting next_dagrun for example_xcom_args to None, run_after=None
[2023-08-05T11:22:45.222+0200] {logging_mixin.py:150} INFO - [2023-08-05T11:22:45.222+0200] {dag.py:3504} INFO - Setting next_dagrun for example_xcom_args_with_operators to None, run_after=None
[2023-08-05T11:22:45.241+0200] {processor.py:179} INFO - Processing /Users/felipe.vasconcelos/repos/courses/python-learnings/.venv/lib/python3.10/site-packages/airflow/example_dags/example_xcomargs.py took 0.840 seconds
[2023-08-05T11:24:58.864+0200] {processor.py:157} INFO - Started process (PID=83617) to work on /Users/felipe.vasconcelos/repos/courses/python-learnings/.venv/lib/python3.10/site-packages/airflow/example_dags/example_xcomargs.py
[2023-08-05T11:24:58.871+0200] {processor.py:826} INFO - Processing file /Users/felipe.vasconcelos/repos/courses/python-learnings/.venv/lib/python3.10/site-packages/airflow/example_dags/example_xcomargs.py for tasks to queue
[2023-08-05T11:24:58.872+0200] {logging_mixin.py:150} INFO - [2023-08-05T11:24:58.872+0200] {dagbag.py:541} INFO - Filling up the DagBag from /Users/felipe.vasconcelos/repos/courses/python-learnings/.venv/lib/python3.10/site-packages/airflow/example_dags/example_xcomargs.py
[2023-08-05T11:24:58.933+0200] {processor.py:836} INFO - DAG(s) dict_keys(['example_xcom_args_with_operators', 'example_xcom_args']) retrieved from /Users/felipe.vasconcelos/repos/courses/python-learnings/.venv/lib/python3.10/site-packages/airflow/example_dags/example_xcomargs.py
[2023-08-05T11:24:59.638+0200] {logging_mixin.py:150} INFO - [2023-08-05T11:24:59.638+0200] {dag.py:2742} INFO - Sync 2 DAGs
[2023-08-05T11:24:59.656+0200] {logging_mixin.py:150} INFO - [2023-08-05T11:24:59.656+0200] {dag.py:3504} INFO - Setting next_dagrun for example_xcom_args to None, run_after=None
[2023-08-05T11:24:59.658+0200] {logging_mixin.py:150} INFO - [2023-08-05T11:24:59.658+0200] {dag.py:3504} INFO - Setting next_dagrun for example_xcom_args_with_operators to None, run_after=None
[2023-08-05T11:24:59.678+0200] {processor.py:179} INFO - Processing /Users/felipe.vasconcelos/repos/courses/python-learnings/.venv/lib/python3.10/site-packages/airflow/example_dags/example_xcomargs.py took 0.815 seconds
[2023-08-05T11:27:11.758+0200] {processor.py:157} INFO - Started process (PID=83676) to work on /Users/felipe.vasconcelos/repos/courses/python-learnings/.venv/lib/python3.10/site-packages/airflow/example_dags/example_xcomargs.py
[2023-08-05T11:27:11.764+0200] {processor.py:826} INFO - Processing file /Users/felipe.vasconcelos/repos/courses/python-learnings/.venv/lib/python3.10/site-packages/airflow/example_dags/example_xcomargs.py for tasks to queue
[2023-08-05T11:27:11.765+0200] {logging_mixin.py:150} INFO - [2023-08-05T11:27:11.765+0200] {dagbag.py:541} INFO - Filling up the DagBag from /Users/felipe.vasconcelos/repos/courses/python-learnings/.venv/lib/python3.10/site-packages/airflow/example_dags/example_xcomargs.py
[2023-08-05T11:27:11.824+0200] {processor.py:836} INFO - DAG(s) dict_keys(['example_xcom_args_with_operators', 'example_xcom_args']) retrieved from /Users/felipe.vasconcelos/repos/courses/python-learnings/.venv/lib/python3.10/site-packages/airflow/example_dags/example_xcomargs.py
[2023-08-05T11:27:12.527+0200] {logging_mixin.py:150} INFO - [2023-08-05T11:27:12.527+0200] {dag.py:2742} INFO - Sync 2 DAGs
[2023-08-05T11:27:12.546+0200] {logging_mixin.py:150} INFO - [2023-08-05T11:27:12.546+0200] {dag.py:3504} INFO - Setting next_dagrun for example_xcom_args to None, run_after=None
[2023-08-05T11:27:12.549+0200] {logging_mixin.py:150} INFO - [2023-08-05T11:27:12.549+0200] {dag.py:3504} INFO - Setting next_dagrun for example_xcom_args_with_operators to None, run_after=None
[2023-08-05T11:27:12.568+0200] {processor.py:179} INFO - Processing /Users/felipe.vasconcelos/repos/courses/python-learnings/.venv/lib/python3.10/site-packages/airflow/example_dags/example_xcomargs.py took 0.811 seconds
[2023-08-05T11:29:25.735+0200] {processor.py:157} INFO - Started process (PID=83734) to work on /Users/felipe.vasconcelos/repos/courses/python-learnings/.venv/lib/python3.10/site-packages/airflow/example_dags/example_xcomargs.py
[2023-08-05T11:29:25.742+0200] {processor.py:826} INFO - Processing file /Users/felipe.vasconcelos/repos/courses/python-learnings/.venv/lib/python3.10/site-packages/airflow/example_dags/example_xcomargs.py for tasks to queue
[2023-08-05T11:29:25.743+0200] {logging_mixin.py:150} INFO - [2023-08-05T11:29:25.742+0200] {dagbag.py:541} INFO - Filling up the DagBag from /Users/felipe.vasconcelos/repos/courses/python-learnings/.venv/lib/python3.10/site-packages/airflow/example_dags/example_xcomargs.py
[2023-08-05T11:29:25.804+0200] {processor.py:836} INFO - DAG(s) dict_keys(['example_xcom_args_with_operators', 'example_xcom_args']) retrieved from /Users/felipe.vasconcelos/repos/courses/python-learnings/.venv/lib/python3.10/site-packages/airflow/example_dags/example_xcomargs.py
[2023-08-05T11:29:26.538+0200] {logging_mixin.py:150} INFO - [2023-08-05T11:29:26.538+0200] {dag.py:2742} INFO - Sync 2 DAGs
[2023-08-05T11:29:26.556+0200] {logging_mixin.py:150} INFO - [2023-08-05T11:29:26.556+0200] {dag.py:3504} INFO - Setting next_dagrun for example_xcom_args to None, run_after=None
[2023-08-05T11:29:26.559+0200] {logging_mixin.py:150} INFO - [2023-08-05T11:29:26.559+0200] {dag.py:3504} INFO - Setting next_dagrun for example_xcom_args_with_operators to None, run_after=None
[2023-08-05T11:29:26.580+0200] {processor.py:179} INFO - Processing /Users/felipe.vasconcelos/repos/courses/python-learnings/.venv/lib/python3.10/site-packages/airflow/example_dags/example_xcomargs.py took 0.846 seconds
[2023-08-05T11:32:21.203+0200] {processor.py:157} INFO - Started process (PID=83823) to work on /Users/felipe.vasconcelos/repos/courses/python-learnings/.venv/lib/python3.10/site-packages/airflow/example_dags/example_xcomargs.py
[2023-08-05T11:32:21.211+0200] {processor.py:826} INFO - Processing file /Users/felipe.vasconcelos/repos/courses/python-learnings/.venv/lib/python3.10/site-packages/airflow/example_dags/example_xcomargs.py for tasks to queue
[2023-08-05T11:32:21.212+0200] {logging_mixin.py:150} INFO - [2023-08-05T11:32:21.212+0200] {dagbag.py:541} INFO - Filling up the DagBag from /Users/felipe.vasconcelos/repos/courses/python-learnings/.venv/lib/python3.10/site-packages/airflow/example_dags/example_xcomargs.py
[2023-08-05T11:32:21.302+0200] {processor.py:836} INFO - DAG(s) dict_keys(['example_xcom_args', 'example_xcom_args_with_operators']) retrieved from /Users/felipe.vasconcelos/repos/courses/python-learnings/.venv/lib/python3.10/site-packages/airflow/example_dags/example_xcomargs.py
[2023-08-05T11:32:22.508+0200] {logging_mixin.py:150} INFO - [2023-08-05T11:32:22.508+0200] {dag.py:2742} INFO - Sync 2 DAGs
[2023-08-05T11:32:22.537+0200] {logging_mixin.py:150} INFO - [2023-08-05T11:32:22.536+0200] {dag.py:3504} INFO - Setting next_dagrun for example_xcom_args to None, run_after=None
[2023-08-05T11:32:22.540+0200] {logging_mixin.py:150} INFO - [2023-08-05T11:32:22.540+0200] {dag.py:3504} INFO - Setting next_dagrun for example_xcom_args_with_operators to None, run_after=None
[2023-08-05T11:32:22.566+0200] {processor.py:179} INFO - Processing /Users/felipe.vasconcelos/repos/courses/python-learnings/.venv/lib/python3.10/site-packages/airflow/example_dags/example_xcomargs.py took 1.365 seconds
[2023-08-05T11:34:59.024+0200] {processor.py:157} INFO - Started process (PID=83919) to work on /Users/felipe.vasconcelos/repos/courses/python-learnings/.venv/lib/python3.10/site-packages/airflow/example_dags/example_xcomargs.py
[2023-08-05T11:34:59.031+0200] {processor.py:826} INFO - Processing file /Users/felipe.vasconcelos/repos/courses/python-learnings/.venv/lib/python3.10/site-packages/airflow/example_dags/example_xcomargs.py for tasks to queue
[2023-08-05T11:34:59.032+0200] {logging_mixin.py:150} INFO - [2023-08-05T11:34:59.032+0200] {dagbag.py:541} INFO - Filling up the DagBag from /Users/felipe.vasconcelos/repos/courses/python-learnings/.venv/lib/python3.10/site-packages/airflow/example_dags/example_xcomargs.py
[2023-08-05T11:34:59.101+0200] {processor.py:836} INFO - DAG(s) dict_keys(['example_xcom_args_with_operators', 'example_xcom_args']) retrieved from /Users/felipe.vasconcelos/repos/courses/python-learnings/.venv/lib/python3.10/site-packages/airflow/example_dags/example_xcomargs.py
[2023-08-05T11:34:59.970+0200] {logging_mixin.py:150} INFO - [2023-08-05T11:34:59.969+0200] {dag.py:2742} INFO - Sync 2 DAGs
[2023-08-05T11:34:59.989+0200] {logging_mixin.py:150} INFO - [2023-08-05T11:34:59.989+0200] {dag.py:3504} INFO - Setting next_dagrun for example_xcom_args to None, run_after=None
[2023-08-05T11:34:59.992+0200] {logging_mixin.py:150} INFO - [2023-08-05T11:34:59.992+0200] {dag.py:3504} INFO - Setting next_dagrun for example_xcom_args_with_operators to None, run_after=None
[2023-08-05T11:35:00.017+0200] {processor.py:179} INFO - Processing /Users/felipe.vasconcelos/repos/courses/python-learnings/.venv/lib/python3.10/site-packages/airflow/example_dags/example_xcomargs.py took 0.994 seconds
[2023-08-05T11:37:13.683+0200] {processor.py:157} INFO - Started process (PID=83990) to work on /Users/felipe.vasconcelos/repos/courses/python-learnings/.venv/lib/python3.10/site-packages/airflow/example_dags/example_xcomargs.py
[2023-08-05T11:37:13.690+0200] {processor.py:826} INFO - Processing file /Users/felipe.vasconcelos/repos/courses/python-learnings/.venv/lib/python3.10/site-packages/airflow/example_dags/example_xcomargs.py for tasks to queue
[2023-08-05T11:37:13.691+0200] {logging_mixin.py:150} INFO - [2023-08-05T11:37:13.691+0200] {dagbag.py:541} INFO - Filling up the DagBag from /Users/felipe.vasconcelos/repos/courses/python-learnings/.venv/lib/python3.10/site-packages/airflow/example_dags/example_xcomargs.py
[2023-08-05T11:37:13.751+0200] {processor.py:836} INFO - DAG(s) dict_keys(['example_xcom_args', 'example_xcom_args_with_operators']) retrieved from /Users/felipe.vasconcelos/repos/courses/python-learnings/.venv/lib/python3.10/site-packages/airflow/example_dags/example_xcomargs.py
[2023-08-05T11:37:14.481+0200] {logging_mixin.py:150} INFO - [2023-08-05T11:37:14.481+0200] {dag.py:2742} INFO - Sync 2 DAGs
[2023-08-05T11:37:14.499+0200] {logging_mixin.py:150} INFO - [2023-08-05T11:37:14.498+0200] {dag.py:3504} INFO - Setting next_dagrun for example_xcom_args to None, run_after=None
[2023-08-05T11:37:14.501+0200] {logging_mixin.py:150} INFO - [2023-08-05T11:37:14.501+0200] {dag.py:3504} INFO - Setting next_dagrun for example_xcom_args_with_operators to None, run_after=None
[2023-08-05T11:37:14.519+0200] {processor.py:179} INFO - Processing /Users/felipe.vasconcelos/repos/courses/python-learnings/.venv/lib/python3.10/site-packages/airflow/example_dags/example_xcomargs.py took 0.837 seconds
[2023-08-05T11:39:25.674+0200] {processor.py:157} INFO - Started process (PID=84054) to work on /Users/felipe.vasconcelos/repos/courses/python-learnings/.venv/lib/python3.10/site-packages/airflow/example_dags/example_xcomargs.py
[2023-08-05T11:39:25.680+0200] {processor.py:826} INFO - Processing file /Users/felipe.vasconcelos/repos/courses/python-learnings/.venv/lib/python3.10/site-packages/airflow/example_dags/example_xcomargs.py for tasks to queue
[2023-08-05T11:39:25.680+0200] {logging_mixin.py:150} INFO - [2023-08-05T11:39:25.680+0200] {dagbag.py:541} INFO - Filling up the DagBag from /Users/felipe.vasconcelos/repos/courses/python-learnings/.venv/lib/python3.10/site-packages/airflow/example_dags/example_xcomargs.py
[2023-08-05T11:39:25.744+0200] {processor.py:836} INFO - DAG(s) dict_keys(['example_xcom_args', 'example_xcom_args_with_operators']) retrieved from /Users/felipe.vasconcelos/repos/courses/python-learnings/.venv/lib/python3.10/site-packages/airflow/example_dags/example_xcomargs.py
[2023-08-05T11:39:26.542+0200] {logging_mixin.py:150} INFO - [2023-08-05T11:39:26.541+0200] {dag.py:2742} INFO - Sync 2 DAGs
[2023-08-05T11:39:26.573+0200] {logging_mixin.py:150} INFO - [2023-08-05T11:39:26.572+0200] {dag.py:3504} INFO - Setting next_dagrun for example_xcom_args to None, run_after=None
[2023-08-05T11:39:26.577+0200] {logging_mixin.py:150} INFO - [2023-08-05T11:39:26.577+0200] {dag.py:3504} INFO - Setting next_dagrun for example_xcom_args_with_operators to None, run_after=None
[2023-08-05T11:39:26.609+0200] {processor.py:179} INFO - Processing /Users/felipe.vasconcelos/repos/courses/python-learnings/.venv/lib/python3.10/site-packages/airflow/example_dags/example_xcomargs.py took 0.936 seconds
[2023-08-05T11:41:34.906+0200] {processor.py:157} INFO - Started process (PID=84122) to work on /Users/felipe.vasconcelos/repos/courses/python-learnings/.venv/lib/python3.10/site-packages/airflow/example_dags/example_xcomargs.py
[2023-08-05T11:41:34.912+0200] {processor.py:826} INFO - Processing file /Users/felipe.vasconcelos/repos/courses/python-learnings/.venv/lib/python3.10/site-packages/airflow/example_dags/example_xcomargs.py for tasks to queue
[2023-08-05T11:41:34.913+0200] {logging_mixin.py:150} INFO - [2023-08-05T11:41:34.913+0200] {dagbag.py:541} INFO - Filling up the DagBag from /Users/felipe.vasconcelos/repos/courses/python-learnings/.venv/lib/python3.10/site-packages/airflow/example_dags/example_xcomargs.py
[2023-08-05T11:41:34.989+0200] {processor.py:836} INFO - DAG(s) dict_keys(['example_xcom_args_with_operators', 'example_xcom_args']) retrieved from /Users/felipe.vasconcelos/repos/courses/python-learnings/.venv/lib/python3.10/site-packages/airflow/example_dags/example_xcomargs.py
[2023-08-05T11:41:35.805+0200] {logging_mixin.py:150} INFO - [2023-08-05T11:41:35.805+0200] {dag.py:2742} INFO - Sync 2 DAGs
[2023-08-05T11:41:35.823+0200] {logging_mixin.py:150} INFO - [2023-08-05T11:41:35.823+0200] {dag.py:3504} INFO - Setting next_dagrun for example_xcom_args to None, run_after=None
[2023-08-05T11:41:35.826+0200] {logging_mixin.py:150} INFO - [2023-08-05T11:41:35.826+0200] {dag.py:3504} INFO - Setting next_dagrun for example_xcom_args_with_operators to None, run_after=None
[2023-08-05T11:41:35.844+0200] {processor.py:179} INFO - Processing /Users/felipe.vasconcelos/repos/courses/python-learnings/.venv/lib/python3.10/site-packages/airflow/example_dags/example_xcomargs.py took 0.940 seconds
[2023-08-05T11:43:44.373+0200] {processor.py:157} INFO - Started process (PID=84179) to work on /Users/felipe.vasconcelos/repos/courses/python-learnings/.venv/lib/python3.10/site-packages/airflow/example_dags/example_xcomargs.py
[2023-08-05T11:43:44.385+0200] {processor.py:826} INFO - Processing file /Users/felipe.vasconcelos/repos/courses/python-learnings/.venv/lib/python3.10/site-packages/airflow/example_dags/example_xcomargs.py for tasks to queue
[2023-08-05T11:43:44.386+0200] {logging_mixin.py:150} INFO - [2023-08-05T11:43:44.385+0200] {dagbag.py:541} INFO - Filling up the DagBag from /Users/felipe.vasconcelos/repos/courses/python-learnings/.venv/lib/python3.10/site-packages/airflow/example_dags/example_xcomargs.py
[2023-08-05T11:43:44.450+0200] {processor.py:836} INFO - DAG(s) dict_keys(['example_xcom_args_with_operators', 'example_xcom_args']) retrieved from /Users/felipe.vasconcelos/repos/courses/python-learnings/.venv/lib/python3.10/site-packages/airflow/example_dags/example_xcomargs.py
[2023-08-05T11:43:45.164+0200] {logging_mixin.py:150} INFO - [2023-08-05T11:43:45.164+0200] {dag.py:2742} INFO - Sync 2 DAGs
[2023-08-05T11:43:45.191+0200] {logging_mixin.py:150} INFO - [2023-08-05T11:43:45.190+0200] {dag.py:3504} INFO - Setting next_dagrun for example_xcom_args to None, run_after=None
[2023-08-05T11:43:45.193+0200] {logging_mixin.py:150} INFO - [2023-08-05T11:43:45.193+0200] {dag.py:3504} INFO - Setting next_dagrun for example_xcom_args_with_operators to None, run_after=None
[2023-08-05T11:43:45.212+0200] {processor.py:179} INFO - Processing /Users/felipe.vasconcelos/repos/courses/python-learnings/.venv/lib/python3.10/site-packages/airflow/example_dags/example_xcomargs.py took 0.841 seconds
[2023-08-05T11:45:49.700+0200] {processor.py:157} INFO - Started process (PID=84246) to work on /Users/felipe.vasconcelos/repos/courses/python-learnings/.venv/lib/python3.10/site-packages/airflow/example_dags/example_xcomargs.py
[2023-08-05T11:45:49.711+0200] {processor.py:826} INFO - Processing file /Users/felipe.vasconcelos/repos/courses/python-learnings/.venv/lib/python3.10/site-packages/airflow/example_dags/example_xcomargs.py for tasks to queue
[2023-08-05T11:45:49.713+0200] {logging_mixin.py:150} INFO - [2023-08-05T11:45:49.712+0200] {dagbag.py:541} INFO - Filling up the DagBag from /Users/felipe.vasconcelos/repos/courses/python-learnings/.venv/lib/python3.10/site-packages/airflow/example_dags/example_xcomargs.py
[2023-08-05T11:45:49.774+0200] {processor.py:836} INFO - DAG(s) dict_keys(['example_xcom_args', 'example_xcom_args_with_operators']) retrieved from /Users/felipe.vasconcelos/repos/courses/python-learnings/.venv/lib/python3.10/site-packages/airflow/example_dags/example_xcomargs.py
[2023-08-05T11:45:50.579+0200] {logging_mixin.py:150} INFO - [2023-08-05T11:45:50.578+0200] {dag.py:2742} INFO - Sync 2 DAGs
[2023-08-05T11:45:50.597+0200] {logging_mixin.py:150} INFO - [2023-08-05T11:45:50.597+0200] {dag.py:3504} INFO - Setting next_dagrun for example_xcom_args to None, run_after=None
[2023-08-05T11:45:50.600+0200] {logging_mixin.py:150} INFO - [2023-08-05T11:45:50.600+0200] {dag.py:3504} INFO - Setting next_dagrun for example_xcom_args_with_operators to None, run_after=None
[2023-08-05T11:45:50.619+0200] {processor.py:179} INFO - Processing /Users/felipe.vasconcelos/repos/courses/python-learnings/.venv/lib/python3.10/site-packages/airflow/example_dags/example_xcomargs.py took 0.920 seconds
[2023-08-05T11:48:35.002+0200] {processor.py:157} INFO - Started process (PID=84344) to work on /Users/felipe.vasconcelos/repos/courses/python-learnings/.venv/lib/python3.10/site-packages/airflow/example_dags/example_xcomargs.py
[2023-08-05T11:48:35.008+0200] {processor.py:826} INFO - Processing file /Users/felipe.vasconcelos/repos/courses/python-learnings/.venv/lib/python3.10/site-packages/airflow/example_dags/example_xcomargs.py for tasks to queue
[2023-08-05T11:48:35.009+0200] {logging_mixin.py:150} INFO - [2023-08-05T11:48:35.009+0200] {dagbag.py:541} INFO - Filling up the DagBag from /Users/felipe.vasconcelos/repos/courses/python-learnings/.venv/lib/python3.10/site-packages/airflow/example_dags/example_xcomargs.py
[2023-08-05T11:48:35.075+0200] {processor.py:836} INFO - DAG(s) dict_keys(['example_xcom_args', 'example_xcom_args_with_operators']) retrieved from /Users/felipe.vasconcelos/repos/courses/python-learnings/.venv/lib/python3.10/site-packages/airflow/example_dags/example_xcomargs.py
[2023-08-05T11:48:35.803+0200] {logging_mixin.py:150} INFO - [2023-08-05T11:48:35.802+0200] {dag.py:2742} INFO - Sync 2 DAGs
[2023-08-05T11:48:35.827+0200] {logging_mixin.py:150} INFO - [2023-08-05T11:48:35.827+0200] {dag.py:3504} INFO - Setting next_dagrun for example_xcom_args to None, run_after=None
[2023-08-05T11:48:35.832+0200] {logging_mixin.py:150} INFO - [2023-08-05T11:48:35.832+0200] {dag.py:3504} INFO - Setting next_dagrun for example_xcom_args_with_operators to None, run_after=None
[2023-08-05T11:48:35.856+0200] {processor.py:179} INFO - Processing /Users/felipe.vasconcelos/repos/courses/python-learnings/.venv/lib/python3.10/site-packages/airflow/example_dags/example_xcomargs.py took 0.856 seconds
[2023-08-05T11:51:02.224+0200] {processor.py:157} INFO - Started process (PID=84423) to work on /Users/felipe.vasconcelos/repos/courses/python-learnings/.venv/lib/python3.10/site-packages/airflow/example_dags/example_xcomargs.py
[2023-08-05T11:51:02.229+0200] {processor.py:826} INFO - Processing file /Users/felipe.vasconcelos/repos/courses/python-learnings/.venv/lib/python3.10/site-packages/airflow/example_dags/example_xcomargs.py for tasks to queue
[2023-08-05T11:51:02.230+0200] {logging_mixin.py:150} INFO - [2023-08-05T11:51:02.229+0200] {dagbag.py:541} INFO - Filling up the DagBag from /Users/felipe.vasconcelos/repos/courses/python-learnings/.venv/lib/python3.10/site-packages/airflow/example_dags/example_xcomargs.py
[2023-08-05T11:51:02.288+0200] {processor.py:836} INFO - DAG(s) dict_keys(['example_xcom_args_with_operators', 'example_xcom_args']) retrieved from /Users/felipe.vasconcelos/repos/courses/python-learnings/.venv/lib/python3.10/site-packages/airflow/example_dags/example_xcomargs.py
[2023-08-05T11:51:02.985+0200] {logging_mixin.py:150} INFO - [2023-08-05T11:51:02.985+0200] {dag.py:2742} INFO - Sync 2 DAGs
[2023-08-05T11:51:03.004+0200] {logging_mixin.py:150} INFO - [2023-08-05T11:51:03.004+0200] {dag.py:3504} INFO - Setting next_dagrun for example_xcom_args to None, run_after=None
[2023-08-05T11:51:03.007+0200] {logging_mixin.py:150} INFO - [2023-08-05T11:51:03.007+0200] {dag.py:3504} INFO - Setting next_dagrun for example_xcom_args_with_operators to None, run_after=None
[2023-08-05T11:51:03.029+0200] {processor.py:179} INFO - Processing /Users/felipe.vasconcelos/repos/courses/python-learnings/.venv/lib/python3.10/site-packages/airflow/example_dags/example_xcomargs.py took 0.806 seconds
[2023-08-05T11:53:13.370+0200] {processor.py:157} INFO - Started process (PID=84482) to work on /Users/felipe.vasconcelos/repos/courses/python-learnings/.venv/lib/python3.10/site-packages/airflow/example_dags/example_xcomargs.py
[2023-08-05T11:53:13.377+0200] {processor.py:826} INFO - Processing file /Users/felipe.vasconcelos/repos/courses/python-learnings/.venv/lib/python3.10/site-packages/airflow/example_dags/example_xcomargs.py for tasks to queue
[2023-08-05T11:53:13.378+0200] {logging_mixin.py:150} INFO - [2023-08-05T11:53:13.378+0200] {dagbag.py:541} INFO - Filling up the DagBag from /Users/felipe.vasconcelos/repos/courses/python-learnings/.venv/lib/python3.10/site-packages/airflow/example_dags/example_xcomargs.py
[2023-08-05T11:53:13.441+0200] {processor.py:836} INFO - DAG(s) dict_keys(['example_xcom_args_with_operators', 'example_xcom_args']) retrieved from /Users/felipe.vasconcelos/repos/courses/python-learnings/.venv/lib/python3.10/site-packages/airflow/example_dags/example_xcomargs.py
[2023-08-05T11:53:14.109+0200] {logging_mixin.py:150} INFO - [2023-08-05T11:53:14.108+0200] {dag.py:2742} INFO - Sync 2 DAGs
[2023-08-05T11:53:14.129+0200] {logging_mixin.py:150} INFO - [2023-08-05T11:53:14.128+0200] {dag.py:3504} INFO - Setting next_dagrun for example_xcom_args to None, run_after=None
[2023-08-05T11:53:14.132+0200] {logging_mixin.py:150} INFO - [2023-08-05T11:53:14.132+0200] {dag.py:3504} INFO - Setting next_dagrun for example_xcom_args_with_operators to None, run_after=None
[2023-08-05T11:53:14.151+0200] {processor.py:179} INFO - Processing /Users/felipe.vasconcelos/repos/courses/python-learnings/.venv/lib/python3.10/site-packages/airflow/example_dags/example_xcomargs.py took 0.782 seconds
[2023-08-05T11:55:24.673+0200] {processor.py:157} INFO - Started process (PID=84551) to work on /Users/felipe.vasconcelos/repos/courses/python-learnings/.venv/lib/python3.10/site-packages/airflow/example_dags/example_xcomargs.py
[2023-08-05T11:55:24.680+0200] {processor.py:826} INFO - Processing file /Users/felipe.vasconcelos/repos/courses/python-learnings/.venv/lib/python3.10/site-packages/airflow/example_dags/example_xcomargs.py for tasks to queue
[2023-08-05T11:55:24.681+0200] {logging_mixin.py:150} INFO - [2023-08-05T11:55:24.681+0200] {dagbag.py:541} INFO - Filling up the DagBag from /Users/felipe.vasconcelos/repos/courses/python-learnings/.venv/lib/python3.10/site-packages/airflow/example_dags/example_xcomargs.py
[2023-08-05T11:55:24.742+0200] {processor.py:836} INFO - DAG(s) dict_keys(['example_xcom_args', 'example_xcom_args_with_operators']) retrieved from /Users/felipe.vasconcelos/repos/courses/python-learnings/.venv/lib/python3.10/site-packages/airflow/example_dags/example_xcomargs.py
[2023-08-05T11:55:25.459+0200] {logging_mixin.py:150} INFO - [2023-08-05T11:55:25.459+0200] {dag.py:2742} INFO - Sync 2 DAGs
[2023-08-05T11:55:25.476+0200] {logging_mixin.py:150} INFO - [2023-08-05T11:55:25.476+0200] {dag.py:3504} INFO - Setting next_dagrun for example_xcom_args to None, run_after=None
[2023-08-05T11:55:25.479+0200] {logging_mixin.py:150} INFO - [2023-08-05T11:55:25.479+0200] {dag.py:3504} INFO - Setting next_dagrun for example_xcom_args_with_operators to None, run_after=None
[2023-08-05T11:55:25.497+0200] {processor.py:179} INFO - Processing /Users/felipe.vasconcelos/repos/courses/python-learnings/.venv/lib/python3.10/site-packages/airflow/example_dags/example_xcomargs.py took 0.825 seconds
[2023-08-05T11:57:28.005+0200] {processor.py:157} INFO - Started process (PID=84615) to work on /Users/felipe.vasconcelos/repos/courses/python-learnings/.venv/lib/python3.10/site-packages/airflow/example_dags/example_xcomargs.py
[2023-08-05T11:57:28.012+0200] {processor.py:826} INFO - Processing file /Users/felipe.vasconcelos/repos/courses/python-learnings/.venv/lib/python3.10/site-packages/airflow/example_dags/example_xcomargs.py for tasks to queue
[2023-08-05T11:57:28.013+0200] {logging_mixin.py:150} INFO - [2023-08-05T11:57:28.012+0200] {dagbag.py:541} INFO - Filling up the DagBag from /Users/felipe.vasconcelos/repos/courses/python-learnings/.venv/lib/python3.10/site-packages/airflow/example_dags/example_xcomargs.py
[2023-08-05T11:57:28.089+0200] {processor.py:836} INFO - DAG(s) dict_keys(['example_xcom_args', 'example_xcom_args_with_operators']) retrieved from /Users/felipe.vasconcelos/repos/courses/python-learnings/.venv/lib/python3.10/site-packages/airflow/example_dags/example_xcomargs.py
[2023-08-05T11:57:29.459+0200] {logging_mixin.py:150} INFO - [2023-08-05T11:57:29.459+0200] {dag.py:2742} INFO - Sync 2 DAGs
[2023-08-05T11:57:29.491+0200] {logging_mixin.py:150} INFO - [2023-08-05T11:57:29.491+0200] {dag.py:3504} INFO - Setting next_dagrun for example_xcom_args to None, run_after=None
[2023-08-05T11:57:29.495+0200] {logging_mixin.py:150} INFO - [2023-08-05T11:57:29.495+0200] {dag.py:3504} INFO - Setting next_dagrun for example_xcom_args_with_operators to None, run_after=None
[2023-08-05T11:57:29.518+0200] {processor.py:179} INFO - Processing /Users/felipe.vasconcelos/repos/courses/python-learnings/.venv/lib/python3.10/site-packages/airflow/example_dags/example_xcomargs.py took 1.513 seconds
[2023-08-05T12:00:08.377+0200] {processor.py:157} INFO - Started process (PID=84701) to work on /Users/felipe.vasconcelos/repos/courses/python-learnings/.venv/lib/python3.10/site-packages/airflow/example_dags/example_xcomargs.py
[2023-08-05T12:00:08.389+0200] {processor.py:826} INFO - Processing file /Users/felipe.vasconcelos/repos/courses/python-learnings/.venv/lib/python3.10/site-packages/airflow/example_dags/example_xcomargs.py for tasks to queue
[2023-08-05T12:00:08.391+0200] {logging_mixin.py:150} INFO - [2023-08-05T12:00:08.391+0200] {dagbag.py:541} INFO - Filling up the DagBag from /Users/felipe.vasconcelos/repos/courses/python-learnings/.venv/lib/python3.10/site-packages/airflow/example_dags/example_xcomargs.py
[2023-08-05T12:00:08.565+0200] {processor.py:836} INFO - DAG(s) dict_keys(['example_xcom_args', 'example_xcom_args_with_operators']) retrieved from /Users/felipe.vasconcelos/repos/courses/python-learnings/.venv/lib/python3.10/site-packages/airflow/example_dags/example_xcomargs.py
[2023-08-05T12:00:20.462+0200] {logging_mixin.py:150} INFO - [2023-08-05T12:00:20.461+0200] {dag.py:2742} INFO - Sync 2 DAGs
[2023-08-05T12:00:21.058+0200] {logging_mixin.py:150} INFO - [2023-08-05T12:00:21.058+0200] {dag.py:3504} INFO - Setting next_dagrun for example_xcom_args to None, run_after=None
[2023-08-05T12:00:21.165+0200] {logging_mixin.py:150} INFO - [2023-08-05T12:00:21.086+0200] {dag.py:3504} INFO - Setting next_dagrun for example_xcom_args_with_operators to None, run_after=None
[2023-08-05T12:00:21.639+0200] {processor.py:179} INFO - Processing /Users/felipe.vasconcelos/repos/courses/python-learnings/.venv/lib/python3.10/site-packages/airflow/example_dags/example_xcomargs.py took 12.966 seconds
[2023-08-05T12:04:05.949+0200] {processor.py:157} INFO - Started process (PID=84872) to work on /Users/felipe.vasconcelos/repos/courses/python-learnings/.venv/lib/python3.10/site-packages/airflow/example_dags/example_xcomargs.py
[2023-08-05T12:04:05.974+0200] {processor.py:826} INFO - Processing file /Users/felipe.vasconcelos/repos/courses/python-learnings/.venv/lib/python3.10/site-packages/airflow/example_dags/example_xcomargs.py for tasks to queue
[2023-08-05T12:04:05.976+0200] {logging_mixin.py:150} INFO - [2023-08-05T12:04:05.975+0200] {dagbag.py:541} INFO - Filling up the DagBag from /Users/felipe.vasconcelos/repos/courses/python-learnings/.venv/lib/python3.10/site-packages/airflow/example_dags/example_xcomargs.py
[2023-08-05T12:04:06.114+0200] {processor.py:836} INFO - DAG(s) dict_keys(['example_xcom_args', 'example_xcom_args_with_operators']) retrieved from /Users/felipe.vasconcelos/repos/courses/python-learnings/.venv/lib/python3.10/site-packages/airflow/example_dags/example_xcomargs.py
[2023-08-05T12:04:08.109+0200] {logging_mixin.py:150} INFO - [2023-08-05T12:04:08.109+0200] {dag.py:2742} INFO - Sync 2 DAGs
[2023-08-05T12:04:08.129+0200] {logging_mixin.py:150} INFO - [2023-08-05T12:04:08.129+0200] {dag.py:3504} INFO - Setting next_dagrun for example_xcom_args to None, run_after=None
[2023-08-05T12:04:08.132+0200] {logging_mixin.py:150} INFO - [2023-08-05T12:04:08.132+0200] {dag.py:3504} INFO - Setting next_dagrun for example_xcom_args_with_operators to None, run_after=None
[2023-08-05T12:04:08.152+0200] {processor.py:179} INFO - Processing /Users/felipe.vasconcelos/repos/courses/python-learnings/.venv/lib/python3.10/site-packages/airflow/example_dags/example_xcomargs.py took 2.205 seconds
