[2023-08-05T10:41:33.091+0200] {processor.py:157} INFO - Started process (PID=82645) to work on /Users/felipe.vasconcelos/repos/courses/python-learnings/.venv/lib/python3.10/site-packages/airflow/example_dags/example_bash_operator.py
[2023-08-05T10:41:33.096+0200] {processor.py:826} INFO - Processing file /Users/felipe.vasconcelos/repos/courses/python-learnings/.venv/lib/python3.10/site-packages/airflow/example_dags/example_bash_operator.py for tasks to queue
[2023-08-05T10:41:33.097+0200] {logging_mixin.py:150} INFO - [2023-08-05T10:41:33.097+0200] {dagbag.py:541} INFO - Filling up the DagBag from /Users/felipe.vasconcelos/repos/courses/python-learnings/.venv/lib/python3.10/site-packages/airflow/example_dags/example_bash_operator.py
[2023-08-05T10:41:33.170+0200] {processor.py:836} INFO - DAG(s) dict_keys(['example_bash_operator']) retrieved from /Users/felipe.vasconcelos/repos/courses/python-learnings/.venv/lib/python3.10/site-packages/airflow/example_dags/example_bash_operator.py
[2023-08-05T10:41:33.969+0200] {logging_mixin.py:150} INFO - [2023-08-05T10:41:33.968+0200] {manager.py:504} INFO - Created Permission View: can read on DAG:example_bash_operator
[2023-08-05T10:41:33.980+0200] {logging_mixin.py:150} INFO - [2023-08-05T10:41:33.979+0200] {manager.py:504} INFO - Created Permission View: can edit on DAG:example_bash_operator
[2023-08-05T10:41:33.987+0200] {logging_mixin.py:150} INFO - [2023-08-05T10:41:33.987+0200] {manager.py:504} INFO - Created Permission View: can delete on DAG:example_bash_operator
[2023-08-05T10:41:34.000+0200] {logging_mixin.py:150} INFO - [2023-08-05T10:41:34.000+0200] {dag.py:2742} INFO - Sync 1 DAGs
[2023-08-05T10:41:34.010+0200] {logging_mixin.py:150} INFO - [2023-08-05T10:41:34.010+0200] {dag.py:2763} INFO - Creating ORM DAG for example_bash_operator
[2023-08-05T10:41:34.023+0200] {logging_mixin.py:150} INFO - [2023-08-05T10:41:34.022+0200] {dag.py:3504} INFO - Setting next_dagrun for example_bash_operator to 2023-08-04T00:00:00+00:00, run_after=2023-08-05T00:00:00+00:00
[2023-08-05T10:41:34.043+0200] {processor.py:179} INFO - Processing /Users/felipe.vasconcelos/repos/courses/python-learnings/.venv/lib/python3.10/site-packages/airflow/example_dags/example_bash_operator.py took 0.952 seconds
[2023-08-05T10:47:49.778+0200] {processor.py:157} INFO - Started process (PID=82852) to work on /Users/felipe.vasconcelos/repos/courses/python-learnings/.venv/lib/python3.10/site-packages/airflow/example_dags/example_bash_operator.py
[2023-08-05T10:47:49.784+0200] {processor.py:826} INFO - Processing file /Users/felipe.vasconcelos/repos/courses/python-learnings/.venv/lib/python3.10/site-packages/airflow/example_dags/example_bash_operator.py for tasks to queue
[2023-08-05T10:47:49.785+0200] {logging_mixin.py:150} INFO - [2023-08-05T10:47:49.785+0200] {dagbag.py:541} INFO - Filling up the DagBag from /Users/felipe.vasconcelos/repos/courses/python-learnings/.venv/lib/python3.10/site-packages/airflow/example_dags/example_bash_operator.py
[2023-08-05T10:47:49.860+0200] {processor.py:836} INFO - DAG(s) dict_keys(['example_bash_operator']) retrieved from /Users/felipe.vasconcelos/repos/courses/python-learnings/.venv/lib/python3.10/site-packages/airflow/example_dags/example_bash_operator.py
[2023-08-05T10:47:50.575+0200] {logging_mixin.py:150} INFO - [2023-08-05T10:47:50.574+0200] {dag.py:2742} INFO - Sync 1 DAGs
[2023-08-05T10:47:50.592+0200] {logging_mixin.py:150} INFO - [2023-08-05T10:47:50.591+0200] {dag.py:3504} INFO - Setting next_dagrun for example_bash_operator to 2023-08-04T00:00:00+00:00, run_after=2023-08-05T00:00:00+00:00
[2023-08-05T10:47:50.610+0200] {processor.py:179} INFO - Processing /Users/felipe.vasconcelos/repos/courses/python-learnings/.venv/lib/python3.10/site-packages/airflow/example_dags/example_bash_operator.py took 0.834 seconds
[2023-08-05T10:52:19.725+0200] {processor.py:157} INFO - Started process (PID=82979) to work on /Users/felipe.vasconcelos/repos/courses/python-learnings/.venv/lib/python3.10/site-packages/airflow/example_dags/example_bash_operator.py
[2023-08-05T10:52:19.731+0200] {processor.py:826} INFO - Processing file /Users/felipe.vasconcelos/repos/courses/python-learnings/.venv/lib/python3.10/site-packages/airflow/example_dags/example_bash_operator.py for tasks to queue
[2023-08-05T10:52:19.732+0200] {logging_mixin.py:150} INFO - [2023-08-05T10:52:19.732+0200] {dagbag.py:541} INFO - Filling up the DagBag from /Users/felipe.vasconcelos/repos/courses/python-learnings/.venv/lib/python3.10/site-packages/airflow/example_dags/example_bash_operator.py
[2023-08-05T10:52:19.808+0200] {processor.py:836} INFO - DAG(s) dict_keys(['example_bash_operator']) retrieved from /Users/felipe.vasconcelos/repos/courses/python-learnings/.venv/lib/python3.10/site-packages/airflow/example_dags/example_bash_operator.py
[2023-08-05T10:52:20.473+0200] {logging_mixin.py:150} INFO - [2023-08-05T10:52:20.473+0200] {dag.py:2742} INFO - Sync 1 DAGs
[2023-08-05T10:52:20.495+0200] {logging_mixin.py:150} INFO - [2023-08-05T10:52:20.495+0200] {dag.py:3504} INFO - Setting next_dagrun for example_bash_operator to 2023-08-04T00:00:00+00:00, run_after=2023-08-05T00:00:00+00:00
[2023-08-05T10:52:20.516+0200] {processor.py:179} INFO - Processing /Users/felipe.vasconcelos/repos/courses/python-learnings/.venv/lib/python3.10/site-packages/airflow/example_dags/example_bash_operator.py took 0.792 seconds
[2023-08-05T10:56:44.613+0200] {processor.py:157} INFO - Started process (PID=83097) to work on /Users/felipe.vasconcelos/repos/courses/python-learnings/.venv/lib/python3.10/site-packages/airflow/example_dags/example_bash_operator.py
[2023-08-05T10:56:44.620+0200] {processor.py:826} INFO - Processing file /Users/felipe.vasconcelos/repos/courses/python-learnings/.venv/lib/python3.10/site-packages/airflow/example_dags/example_bash_operator.py for tasks to queue
[2023-08-05T10:56:44.621+0200] {logging_mixin.py:150} INFO - [2023-08-05T10:56:44.620+0200] {dagbag.py:541} INFO - Filling up the DagBag from /Users/felipe.vasconcelos/repos/courses/python-learnings/.venv/lib/python3.10/site-packages/airflow/example_dags/example_bash_operator.py
[2023-08-05T10:56:44.705+0200] {processor.py:836} INFO - DAG(s) dict_keys(['example_bash_operator']) retrieved from /Users/felipe.vasconcelos/repos/courses/python-learnings/.venv/lib/python3.10/site-packages/airflow/example_dags/example_bash_operator.py
[2023-08-05T10:56:45.381+0200] {logging_mixin.py:150} INFO - [2023-08-05T10:56:45.380+0200] {dag.py:2742} INFO - Sync 1 DAGs
[2023-08-05T10:56:45.398+0200] {logging_mixin.py:150} INFO - [2023-08-05T10:56:45.398+0200] {dag.py:3504} INFO - Setting next_dagrun for example_bash_operator to 2023-08-04T00:00:00+00:00, run_after=2023-08-05T00:00:00+00:00
[2023-08-05T10:56:45.421+0200] {processor.py:179} INFO - Processing /Users/felipe.vasconcelos/repos/courses/python-learnings/.venv/lib/python3.10/site-packages/airflow/example_dags/example_bash_operator.py took 0.809 seconds
[2023-08-05T11:13:16.565+0200] {processor.py:157} INFO - Started process (PID=83291) to work on /Users/felipe.vasconcelos/repos/courses/python-learnings/.venv/lib/python3.10/site-packages/airflow/example_dags/example_bash_operator.py
[2023-08-05T11:13:16.572+0200] {processor.py:826} INFO - Processing file /Users/felipe.vasconcelos/repos/courses/python-learnings/.venv/lib/python3.10/site-packages/airflow/example_dags/example_bash_operator.py for tasks to queue
[2023-08-05T11:13:16.573+0200] {logging_mixin.py:150} INFO - [2023-08-05T11:13:16.572+0200] {dagbag.py:541} INFO - Filling up the DagBag from /Users/felipe.vasconcelos/repos/courses/python-learnings/.venv/lib/python3.10/site-packages/airflow/example_dags/example_bash_operator.py
[2023-08-05T11:13:16.650+0200] {processor.py:836} INFO - DAG(s) dict_keys(['example_bash_operator']) retrieved from /Users/felipe.vasconcelos/repos/courses/python-learnings/.venv/lib/python3.10/site-packages/airflow/example_dags/example_bash_operator.py
[2023-08-05T11:13:17.340+0200] {logging_mixin.py:150} INFO - [2023-08-05T11:13:17.340+0200] {dag.py:2742} INFO - Sync 1 DAGs
[2023-08-05T11:13:17.361+0200] {logging_mixin.py:150} INFO - [2023-08-05T11:13:17.360+0200] {dag.py:3504} INFO - Setting next_dagrun for example_bash_operator to 2023-08-04T00:00:00+00:00, run_after=2023-08-05T00:00:00+00:00
[2023-08-05T11:13:17.383+0200] {processor.py:179} INFO - Processing /Users/felipe.vasconcelos/repos/courses/python-learnings/.venv/lib/python3.10/site-packages/airflow/example_dags/example_bash_operator.py took 0.819 seconds
[2023-08-05T11:17:35.951+0200] {processor.py:157} INFO - Started process (PID=83414) to work on /Users/felipe.vasconcelos/repos/courses/python-learnings/.venv/lib/python3.10/site-packages/airflow/example_dags/example_bash_operator.py
[2023-08-05T11:17:35.957+0200] {processor.py:826} INFO - Processing file /Users/felipe.vasconcelos/repos/courses/python-learnings/.venv/lib/python3.10/site-packages/airflow/example_dags/example_bash_operator.py for tasks to queue
[2023-08-05T11:17:35.958+0200] {logging_mixin.py:150} INFO - [2023-08-05T11:17:35.958+0200] {dagbag.py:541} INFO - Filling up the DagBag from /Users/felipe.vasconcelos/repos/courses/python-learnings/.venv/lib/python3.10/site-packages/airflow/example_dags/example_bash_operator.py
[2023-08-05T11:17:36.035+0200] {processor.py:836} INFO - DAG(s) dict_keys(['example_bash_operator']) retrieved from /Users/felipe.vasconcelos/repos/courses/python-learnings/.venv/lib/python3.10/site-packages/airflow/example_dags/example_bash_operator.py
[2023-08-05T11:17:36.714+0200] {logging_mixin.py:150} INFO - [2023-08-05T11:17:36.713+0200] {dag.py:2742} INFO - Sync 1 DAGs
[2023-08-05T11:17:36.731+0200] {logging_mixin.py:150} INFO - [2023-08-05T11:17:36.731+0200] {dag.py:3504} INFO - Setting next_dagrun for example_bash_operator to 2023-08-04T00:00:00+00:00, run_after=2023-08-05T00:00:00+00:00
[2023-08-05T11:17:36.750+0200] {processor.py:179} INFO - Processing /Users/felipe.vasconcelos/repos/courses/python-learnings/.venv/lib/python3.10/site-packages/airflow/example_dags/example_bash_operator.py took 0.801 seconds
[2023-08-05T11:22:11.410+0200] {processor.py:157} INFO - Started process (PID=83551) to work on /Users/felipe.vasconcelos/repos/courses/python-learnings/.venv/lib/python3.10/site-packages/airflow/example_dags/example_bash_operator.py
[2023-08-05T11:22:11.416+0200] {processor.py:826} INFO - Processing file /Users/felipe.vasconcelos/repos/courses/python-learnings/.venv/lib/python3.10/site-packages/airflow/example_dags/example_bash_operator.py for tasks to queue
[2023-08-05T11:22:11.416+0200] {logging_mixin.py:150} INFO - [2023-08-05T11:22:11.416+0200] {dagbag.py:541} INFO - Filling up the DagBag from /Users/felipe.vasconcelos/repos/courses/python-learnings/.venv/lib/python3.10/site-packages/airflow/example_dags/example_bash_operator.py
[2023-08-05T11:22:11.490+0200] {processor.py:836} INFO - DAG(s) dict_keys(['example_bash_operator']) retrieved from /Users/felipe.vasconcelos/repos/courses/python-learnings/.venv/lib/python3.10/site-packages/airflow/example_dags/example_bash_operator.py
[2023-08-05T11:22:12.209+0200] {logging_mixin.py:150} INFO - [2023-08-05T11:22:12.209+0200] {dag.py:2742} INFO - Sync 1 DAGs
[2023-08-05T11:22:12.228+0200] {logging_mixin.py:150} INFO - [2023-08-05T11:22:12.228+0200] {dag.py:3504} INFO - Setting next_dagrun for example_bash_operator to 2023-08-04T00:00:00+00:00, run_after=2023-08-05T00:00:00+00:00
[2023-08-05T11:22:12.252+0200] {processor.py:179} INFO - Processing /Users/felipe.vasconcelos/repos/courses/python-learnings/.venv/lib/python3.10/site-packages/airflow/example_dags/example_bash_operator.py took 0.843 seconds
[2023-08-05T11:26:37.387+0200] {processor.py:157} INFO - Started process (PID=83662) to work on /Users/felipe.vasconcelos/repos/courses/python-learnings/.venv/lib/python3.10/site-packages/airflow/example_dags/example_bash_operator.py
[2023-08-05T11:26:37.393+0200] {processor.py:826} INFO - Processing file /Users/felipe.vasconcelos/repos/courses/python-learnings/.venv/lib/python3.10/site-packages/airflow/example_dags/example_bash_operator.py for tasks to queue
[2023-08-05T11:26:37.394+0200] {logging_mixin.py:150} INFO - [2023-08-05T11:26:37.394+0200] {dagbag.py:541} INFO - Filling up the DagBag from /Users/felipe.vasconcelos/repos/courses/python-learnings/.venv/lib/python3.10/site-packages/airflow/example_dags/example_bash_operator.py
[2023-08-05T11:26:37.473+0200] {processor.py:836} INFO - DAG(s) dict_keys(['example_bash_operator']) retrieved from /Users/felipe.vasconcelos/repos/courses/python-learnings/.venv/lib/python3.10/site-packages/airflow/example_dags/example_bash_operator.py
[2023-08-05T11:26:38.148+0200] {logging_mixin.py:150} INFO - [2023-08-05T11:26:38.148+0200] {dag.py:2742} INFO - Sync 1 DAGs
[2023-08-05T11:26:38.167+0200] {logging_mixin.py:150} INFO - [2023-08-05T11:26:38.167+0200] {dag.py:3504} INFO - Setting next_dagrun for example_bash_operator to 2023-08-04T00:00:00+00:00, run_after=2023-08-05T00:00:00+00:00
[2023-08-05T11:26:38.187+0200] {processor.py:179} INFO - Processing /Users/felipe.vasconcelos/repos/courses/python-learnings/.venv/lib/python3.10/site-packages/airflow/example_dags/example_bash_operator.py took 0.802 seconds
[2023-08-05T11:31:41.581+0200] {processor.py:157} INFO - Started process (PID=83806) to work on /Users/felipe.vasconcelos/repos/courses/python-learnings/.venv/lib/python3.10/site-packages/airflow/example_dags/example_bash_operator.py
[2023-08-05T11:31:41.587+0200] {processor.py:826} INFO - Processing file /Users/felipe.vasconcelos/repos/courses/python-learnings/.venv/lib/python3.10/site-packages/airflow/example_dags/example_bash_operator.py for tasks to queue
[2023-08-05T11:31:41.588+0200] {logging_mixin.py:150} INFO - [2023-08-05T11:31:41.588+0200] {dagbag.py:541} INFO - Filling up the DagBag from /Users/felipe.vasconcelos/repos/courses/python-learnings/.venv/lib/python3.10/site-packages/airflow/example_dags/example_bash_operator.py
[2023-08-05T11:31:41.665+0200] {processor.py:836} INFO - DAG(s) dict_keys(['example_bash_operator']) retrieved from /Users/felipe.vasconcelos/repos/courses/python-learnings/.venv/lib/python3.10/site-packages/airflow/example_dags/example_bash_operator.py
[2023-08-05T11:31:42.394+0200] {logging_mixin.py:150} INFO - [2023-08-05T11:31:42.393+0200] {dag.py:2742} INFO - Sync 1 DAGs
[2023-08-05T11:31:42.413+0200] {logging_mixin.py:150} INFO - [2023-08-05T11:31:42.412+0200] {dag.py:3504} INFO - Setting next_dagrun for example_bash_operator to 2023-08-04T00:00:00+00:00, run_after=2023-08-05T00:00:00+00:00
[2023-08-05T11:31:42.434+0200] {processor.py:179} INFO - Processing /Users/felipe.vasconcelos/repos/courses/python-learnings/.venv/lib/python3.10/site-packages/airflow/example_dags/example_bash_operator.py took 0.855 seconds
[2023-08-05T11:36:43.484+0200] {processor.py:157} INFO - Started process (PID=83975) to work on /Users/felipe.vasconcelos/repos/courses/python-learnings/.venv/lib/python3.10/site-packages/airflow/example_dags/example_bash_operator.py
[2023-08-05T11:36:43.490+0200] {processor.py:826} INFO - Processing file /Users/felipe.vasconcelos/repos/courses/python-learnings/.venv/lib/python3.10/site-packages/airflow/example_dags/example_bash_operator.py for tasks to queue
[2023-08-05T11:36:43.491+0200] {logging_mixin.py:150} INFO - [2023-08-05T11:36:43.491+0200] {dagbag.py:541} INFO - Filling up the DagBag from /Users/felipe.vasconcelos/repos/courses/python-learnings/.venv/lib/python3.10/site-packages/airflow/example_dags/example_bash_operator.py
[2023-08-05T11:36:43.568+0200] {processor.py:836} INFO - DAG(s) dict_keys(['example_bash_operator']) retrieved from /Users/felipe.vasconcelos/repos/courses/python-learnings/.venv/lib/python3.10/site-packages/airflow/example_dags/example_bash_operator.py
[2023-08-05T11:36:45.145+0200] {logging_mixin.py:150} INFO - [2023-08-05T11:36:45.145+0200] {dag.py:2742} INFO - Sync 1 DAGs
[2023-08-05T11:36:45.167+0200] {logging_mixin.py:150} INFO - [2023-08-05T11:36:45.167+0200] {dag.py:3504} INFO - Setting next_dagrun for example_bash_operator to 2023-08-04T00:00:00+00:00, run_after=2023-08-05T00:00:00+00:00
[2023-08-05T11:36:45.194+0200] {processor.py:179} INFO - Processing /Users/felipe.vasconcelos/repos/courses/python-learnings/.venv/lib/python3.10/site-packages/airflow/example_dags/example_bash_operator.py took 1.711 seconds
[2023-08-05T11:41:03.493+0200] {processor.py:157} INFO - Started process (PID=84107) to work on /Users/felipe.vasconcelos/repos/courses/python-learnings/.venv/lib/python3.10/site-packages/airflow/example_dags/example_bash_operator.py
[2023-08-05T11:41:03.500+0200] {processor.py:826} INFO - Processing file /Users/felipe.vasconcelos/repos/courses/python-learnings/.venv/lib/python3.10/site-packages/airflow/example_dags/example_bash_operator.py for tasks to queue
[2023-08-05T11:41:03.501+0200] {logging_mixin.py:150} INFO - [2023-08-05T11:41:03.500+0200] {dagbag.py:541} INFO - Filling up the DagBag from /Users/felipe.vasconcelos/repos/courses/python-learnings/.venv/lib/python3.10/site-packages/airflow/example_dags/example_bash_operator.py
[2023-08-05T11:41:03.581+0200] {processor.py:836} INFO - DAG(s) dict_keys(['example_bash_operator']) retrieved from /Users/felipe.vasconcelos/repos/courses/python-learnings/.venv/lib/python3.10/site-packages/airflow/example_dags/example_bash_operator.py
[2023-08-05T11:41:04.250+0200] {logging_mixin.py:150} INFO - [2023-08-05T11:41:04.250+0200] {dag.py:2742} INFO - Sync 1 DAGs
[2023-08-05T11:41:04.267+0200] {logging_mixin.py:150} INFO - [2023-08-05T11:41:04.267+0200] {dag.py:3504} INFO - Setting next_dagrun for example_bash_operator to 2023-08-04T00:00:00+00:00, run_after=2023-08-05T00:00:00+00:00
[2023-08-05T11:41:04.290+0200] {processor.py:179} INFO - Processing /Users/felipe.vasconcelos/repos/courses/python-learnings/.venv/lib/python3.10/site-packages/airflow/example_dags/example_bash_operator.py took 0.798 seconds
[2023-08-05T11:45:16.821+0200] {processor.py:157} INFO - Started process (PID=84228) to work on /Users/felipe.vasconcelos/repos/courses/python-learnings/.venv/lib/python3.10/site-packages/airflow/example_dags/example_bash_operator.py
[2023-08-05T11:45:16.827+0200] {processor.py:826} INFO - Processing file /Users/felipe.vasconcelos/repos/courses/python-learnings/.venv/lib/python3.10/site-packages/airflow/example_dags/example_bash_operator.py for tasks to queue
[2023-08-05T11:45:16.828+0200] {logging_mixin.py:150} INFO - [2023-08-05T11:45:16.828+0200] {dagbag.py:541} INFO - Filling up the DagBag from /Users/felipe.vasconcelos/repos/courses/python-learnings/.venv/lib/python3.10/site-packages/airflow/example_dags/example_bash_operator.py
[2023-08-05T11:45:16.906+0200] {processor.py:836} INFO - DAG(s) dict_keys(['example_bash_operator']) retrieved from /Users/felipe.vasconcelos/repos/courses/python-learnings/.venv/lib/python3.10/site-packages/airflow/example_dags/example_bash_operator.py
[2023-08-05T11:45:17.616+0200] {logging_mixin.py:150} INFO - [2023-08-05T11:45:17.616+0200] {dag.py:2742} INFO - Sync 1 DAGs
[2023-08-05T11:45:17.635+0200] {logging_mixin.py:150} INFO - [2023-08-05T11:45:17.635+0200] {dag.py:3504} INFO - Setting next_dagrun for example_bash_operator to 2023-08-04T00:00:00+00:00, run_after=2023-08-05T00:00:00+00:00
[2023-08-05T11:45:17.661+0200] {processor.py:179} INFO - Processing /Users/felipe.vasconcelos/repos/courses/python-learnings/.venv/lib/python3.10/site-packages/airflow/example_dags/example_bash_operator.py took 0.841 seconds
[2023-08-05T11:50:36.174+0200] {processor.py:157} INFO - Started process (PID=84411) to work on /Users/felipe.vasconcelos/repos/courses/python-learnings/.venv/lib/python3.10/site-packages/airflow/example_dags/example_bash_operator.py
[2023-08-05T11:50:36.179+0200] {processor.py:826} INFO - Processing file /Users/felipe.vasconcelos/repos/courses/python-learnings/.venv/lib/python3.10/site-packages/airflow/example_dags/example_bash_operator.py for tasks to queue
[2023-08-05T11:50:36.180+0200] {logging_mixin.py:150} INFO - [2023-08-05T11:50:36.180+0200] {dagbag.py:541} INFO - Filling up the DagBag from /Users/felipe.vasconcelos/repos/courses/python-learnings/.venv/lib/python3.10/site-packages/airflow/example_dags/example_bash_operator.py
[2023-08-05T11:50:36.252+0200] {processor.py:836} INFO - DAG(s) dict_keys(['example_bash_operator']) retrieved from /Users/felipe.vasconcelos/repos/courses/python-learnings/.venv/lib/python3.10/site-packages/airflow/example_dags/example_bash_operator.py
[2023-08-05T11:50:36.920+0200] {logging_mixin.py:150} INFO - [2023-08-05T11:50:36.920+0200] {dag.py:2742} INFO - Sync 1 DAGs
[2023-08-05T11:50:36.938+0200] {logging_mixin.py:150} INFO - [2023-08-05T11:50:36.938+0200] {dag.py:3504} INFO - Setting next_dagrun for example_bash_operator to 2023-08-04T00:00:00+00:00, run_after=2023-08-05T00:00:00+00:00
[2023-08-05T11:50:36.957+0200] {processor.py:179} INFO - Processing /Users/felipe.vasconcelos/repos/courses/python-learnings/.venv/lib/python3.10/site-packages/airflow/example_dags/example_bash_operator.py took 0.785 seconds
[2023-08-05T11:54:53.863+0200] {processor.py:157} INFO - Started process (PID=84536) to work on /Users/felipe.vasconcelos/repos/courses/python-learnings/.venv/lib/python3.10/site-packages/airflow/example_dags/example_bash_operator.py
[2023-08-05T11:54:53.869+0200] {processor.py:826} INFO - Processing file /Users/felipe.vasconcelos/repos/courses/python-learnings/.venv/lib/python3.10/site-packages/airflow/example_dags/example_bash_operator.py for tasks to queue
[2023-08-05T11:54:53.870+0200] {logging_mixin.py:150} INFO - [2023-08-05T11:54:53.870+0200] {dagbag.py:541} INFO - Filling up the DagBag from /Users/felipe.vasconcelos/repos/courses/python-learnings/.venv/lib/python3.10/site-packages/airflow/example_dags/example_bash_operator.py
[2023-08-05T11:54:53.940+0200] {processor.py:836} INFO - DAG(s) dict_keys(['example_bash_operator']) retrieved from /Users/felipe.vasconcelos/repos/courses/python-learnings/.venv/lib/python3.10/site-packages/airflow/example_dags/example_bash_operator.py
[2023-08-05T11:54:54.925+0200] {logging_mixin.py:150} INFO - [2023-08-05T11:54:54.925+0200] {dag.py:2742} INFO - Sync 1 DAGs
[2023-08-05T11:54:54.984+0200] {logging_mixin.py:150} INFO - [2023-08-05T11:54:54.984+0200] {dag.py:3504} INFO - Setting next_dagrun for example_bash_operator to 2023-08-04T00:00:00+00:00, run_after=2023-08-05T00:00:00+00:00
[2023-08-05T11:54:55.026+0200] {processor.py:179} INFO - Processing /Users/felipe.vasconcelos/repos/courses/python-learnings/.venv/lib/python3.10/site-packages/airflow/example_dags/example_bash_operator.py took 1.164 seconds
[2023-08-05T11:59:24.823+0200] {processor.py:157} INFO - Started process (PID=84665) to work on /Users/felipe.vasconcelos/repos/courses/python-learnings/.venv/lib/python3.10/site-packages/airflow/example_dags/example_bash_operator.py
[2023-08-05T11:59:24.829+0200] {processor.py:826} INFO - Processing file /Users/felipe.vasconcelos/repos/courses/python-learnings/.venv/lib/python3.10/site-packages/airflow/example_dags/example_bash_operator.py for tasks to queue
[2023-08-05T11:59:24.830+0200] {logging_mixin.py:150} INFO - [2023-08-05T11:59:24.830+0200] {dagbag.py:541} INFO - Filling up the DagBag from /Users/felipe.vasconcelos/repos/courses/python-learnings/.venv/lib/python3.10/site-packages/airflow/example_dags/example_bash_operator.py
[2023-08-05T11:59:24.989+0200] {processor.py:836} INFO - DAG(s) dict_keys(['example_bash_operator']) retrieved from /Users/felipe.vasconcelos/repos/courses/python-learnings/.venv/lib/python3.10/site-packages/airflow/example_dags/example_bash_operator.py
[2023-08-05T11:59:26.616+0200] {logging_mixin.py:150} INFO - [2023-08-05T11:59:26.616+0200] {dag.py:2742} INFO - Sync 1 DAGs
[2023-08-05T11:59:26.650+0200] {logging_mixin.py:150} INFO - [2023-08-05T11:59:26.650+0200] {dag.py:3504} INFO - Setting next_dagrun for example_bash_operator to 2023-08-04T00:00:00+00:00, run_after=2023-08-05T00:00:00+00:00
[2023-08-05T11:59:26.689+0200] {processor.py:179} INFO - Processing /Users/felipe.vasconcelos/repos/courses/python-learnings/.venv/lib/python3.10/site-packages/airflow/example_dags/example_bash_operator.py took 1.869 seconds
