[2023-08-05T10:39:54.097+0200] {processor.py:157} INFO - Started process (PID=82600) to work on /Users/felipe.vasconcelos/repos/courses/python-learnings/.venv/lib/python3.10/site-packages/airflow/example_dags/example_setup_teardown.py
[2023-08-05T10:39:54.106+0200] {processor.py:826} INFO - Processing file /Users/felipe.vasconcelos/repos/courses/python-learnings/.venv/lib/python3.10/site-packages/airflow/example_dags/example_setup_teardown.py for tasks to queue
[2023-08-05T10:39:54.107+0200] {logging_mixin.py:150} INFO - [2023-08-05T10:39:54.107+0200] {dagbag.py:541} INFO - Filling up the DagBag from /Users/felipe.vasconcelos/repos/courses/python-learnings/.venv/lib/python3.10/site-packages/airflow/example_dags/example_setup_teardown.py
[2023-08-05T10:39:54.112+0200] {processor.py:838} WARNING - No viable dags retrieved from /Users/felipe.vasconcelos/repos/courses/python-learnings/.venv/lib/python3.10/site-packages/airflow/example_dags/example_setup_teardown.py
[2023-08-05T10:39:54.943+0200] {processor.py:179} INFO - Processing /Users/felipe.vasconcelos/repos/courses/python-learnings/.venv/lib/python3.10/site-packages/airflow/example_dags/example_setup_teardown.py took 0.848 seconds
[2023-08-05T10:43:10.472+0200] {processor.py:157} INFO - Started process (PID=82679) to work on /Users/felipe.vasconcelos/repos/courses/python-learnings/.venv/lib/python3.10/site-packages/airflow/example_dags/example_setup_teardown.py
[2023-08-05T10:43:10.480+0200] {processor.py:826} INFO - Processing file /Users/felipe.vasconcelos/repos/courses/python-learnings/.venv/lib/python3.10/site-packages/airflow/example_dags/example_setup_teardown.py for tasks to queue
[2023-08-05T10:43:10.481+0200] {logging_mixin.py:150} INFO - [2023-08-05T10:43:10.481+0200] {dagbag.py:541} INFO - Filling up the DagBag from /Users/felipe.vasconcelos/repos/courses/python-learnings/.venv/lib/python3.10/site-packages/airflow/example_dags/example_setup_teardown.py
[2023-08-05T10:43:10.491+0200] {processor.py:838} WARNING - No viable dags retrieved from /Users/felipe.vasconcelos/repos/courses/python-learnings/.venv/lib/python3.10/site-packages/airflow/example_dags/example_setup_teardown.py
[2023-08-05T10:43:11.863+0200] {processor.py:179} INFO - Processing /Users/felipe.vasconcelos/repos/courses/python-learnings/.venv/lib/python3.10/site-packages/airflow/example_dags/example_setup_teardown.py took 1.393 seconds
[2023-08-05T10:46:51.590+0200] {processor.py:157} INFO - Started process (PID=82828) to work on /Users/felipe.vasconcelos/repos/courses/python-learnings/.venv/lib/python3.10/site-packages/airflow/example_dags/example_setup_teardown.py
[2023-08-05T10:46:51.596+0200] {processor.py:826} INFO - Processing file /Users/felipe.vasconcelos/repos/courses/python-learnings/.venv/lib/python3.10/site-packages/airflow/example_dags/example_setup_teardown.py for tasks to queue
[2023-08-05T10:46:51.597+0200] {logging_mixin.py:150} INFO - [2023-08-05T10:46:51.597+0200] {dagbag.py:541} INFO - Filling up the DagBag from /Users/felipe.vasconcelos/repos/courses/python-learnings/.venv/lib/python3.10/site-packages/airflow/example_dags/example_setup_teardown.py
[2023-08-05T10:46:51.602+0200] {processor.py:838} WARNING - No viable dags retrieved from /Users/felipe.vasconcelos/repos/courses/python-learnings/.venv/lib/python3.10/site-packages/airflow/example_dags/example_setup_teardown.py
[2023-08-05T10:46:52.390+0200] {processor.py:179} INFO - Processing /Users/felipe.vasconcelos/repos/courses/python-learnings/.venv/lib/python3.10/site-packages/airflow/example_dags/example_setup_teardown.py took 0.802 seconds
[2023-08-05T10:49:00.327+0200] {processor.py:157} INFO - Started process (PID=82882) to work on /Users/felipe.vasconcelos/repos/courses/python-learnings/.venv/lib/python3.10/site-packages/airflow/example_dags/example_setup_teardown.py
[2023-08-05T10:49:00.333+0200] {processor.py:826} INFO - Processing file /Users/felipe.vasconcelos/repos/courses/python-learnings/.venv/lib/python3.10/site-packages/airflow/example_dags/example_setup_teardown.py for tasks to queue
[2023-08-05T10:49:00.334+0200] {logging_mixin.py:150} INFO - [2023-08-05T10:49:00.334+0200] {dagbag.py:541} INFO - Filling up the DagBag from /Users/felipe.vasconcelos/repos/courses/python-learnings/.venv/lib/python3.10/site-packages/airflow/example_dags/example_setup_teardown.py
[2023-08-05T10:49:00.343+0200] {processor.py:838} WARNING - No viable dags retrieved from /Users/felipe.vasconcelos/repos/courses/python-learnings/.venv/lib/python3.10/site-packages/airflow/example_dags/example_setup_teardown.py
[2023-08-05T10:49:01.095+0200] {processor.py:179} INFO - Processing /Users/felipe.vasconcelos/repos/courses/python-learnings/.venv/lib/python3.10/site-packages/airflow/example_dags/example_setup_teardown.py took 0.769 seconds
[2023-08-05T10:51:23.130+0200] {processor.py:157} INFO - Started process (PID=82955) to work on /Users/felipe.vasconcelos/repos/courses/python-learnings/.venv/lib/python3.10/site-packages/airflow/example_dags/example_setup_teardown.py
[2023-08-05T10:51:23.150+0200] {processor.py:826} INFO - Processing file /Users/felipe.vasconcelos/repos/courses/python-learnings/.venv/lib/python3.10/site-packages/airflow/example_dags/example_setup_teardown.py for tasks to queue
[2023-08-05T10:51:23.152+0200] {logging_mixin.py:150} INFO - [2023-08-05T10:51:23.151+0200] {dagbag.py:541} INFO - Filling up the DagBag from /Users/felipe.vasconcelos/repos/courses/python-learnings/.venv/lib/python3.10/site-packages/airflow/example_dags/example_setup_teardown.py
[2023-08-05T10:51:23.158+0200] {processor.py:838} WARNING - No viable dags retrieved from /Users/felipe.vasconcelos/repos/courses/python-learnings/.venv/lib/python3.10/site-packages/airflow/example_dags/example_setup_teardown.py
[2023-08-05T10:51:24.487+0200] {processor.py:179} INFO - Processing /Users/felipe.vasconcelos/repos/courses/python-learnings/.venv/lib/python3.10/site-packages/airflow/example_dags/example_setup_teardown.py took 1.358 seconds
[2023-08-05T10:53:35.792+0200] {processor.py:157} INFO - Started process (PID=83010) to work on /Users/felipe.vasconcelos/repos/courses/python-learnings/.venv/lib/python3.10/site-packages/airflow/example_dags/example_setup_teardown.py
[2023-08-05T10:53:35.798+0200] {processor.py:826} INFO - Processing file /Users/felipe.vasconcelos/repos/courses/python-learnings/.venv/lib/python3.10/site-packages/airflow/example_dags/example_setup_teardown.py for tasks to queue
[2023-08-05T10:53:35.799+0200] {logging_mixin.py:150} INFO - [2023-08-05T10:53:35.799+0200] {dagbag.py:541} INFO - Filling up the DagBag from /Users/felipe.vasconcelos/repos/courses/python-learnings/.venv/lib/python3.10/site-packages/airflow/example_dags/example_setup_teardown.py
[2023-08-05T10:53:35.804+0200] {processor.py:838} WARNING - No viable dags retrieved from /Users/felipe.vasconcelos/repos/courses/python-learnings/.venv/lib/python3.10/site-packages/airflow/example_dags/example_setup_teardown.py
[2023-08-05T10:53:36.473+0200] {processor.py:179} INFO - Processing /Users/felipe.vasconcelos/repos/courses/python-learnings/.venv/lib/python3.10/site-packages/airflow/example_dags/example_setup_teardown.py took 0.682 seconds
[2023-08-05T10:55:51.393+0200] {processor.py:157} INFO - Started process (PID=83075) to work on /Users/felipe.vasconcelos/repos/courses/python-learnings/.venv/lib/python3.10/site-packages/airflow/example_dags/example_setup_teardown.py
[2023-08-05T10:55:51.399+0200] {processor.py:826} INFO - Processing file /Users/felipe.vasconcelos/repos/courses/python-learnings/.venv/lib/python3.10/site-packages/airflow/example_dags/example_setup_teardown.py for tasks to queue
[2023-08-05T10:55:51.400+0200] {logging_mixin.py:150} INFO - [2023-08-05T10:55:51.400+0200] {dagbag.py:541} INFO - Filling up the DagBag from /Users/felipe.vasconcelos/repos/courses/python-learnings/.venv/lib/python3.10/site-packages/airflow/example_dags/example_setup_teardown.py
[2023-08-05T10:55:51.408+0200] {processor.py:838} WARNING - No viable dags retrieved from /Users/felipe.vasconcelos/repos/courses/python-learnings/.venv/lib/python3.10/site-packages/airflow/example_dags/example_setup_teardown.py
[2023-08-05T10:55:52.100+0200] {processor.py:179} INFO - Processing /Users/felipe.vasconcelos/repos/courses/python-learnings/.venv/lib/python3.10/site-packages/airflow/example_dags/example_setup_teardown.py took 0.708 seconds
[2023-08-05T10:57:56.909+0200] {processor.py:157} INFO - Started process (PID=83139) to work on /Users/felipe.vasconcelos/repos/courses/python-learnings/.venv/lib/python3.10/site-packages/airflow/example_dags/example_setup_teardown.py
[2023-08-05T10:57:56.916+0200] {processor.py:826} INFO - Processing file /Users/felipe.vasconcelos/repos/courses/python-learnings/.venv/lib/python3.10/site-packages/airflow/example_dags/example_setup_teardown.py for tasks to queue
[2023-08-05T10:57:56.917+0200] {logging_mixin.py:150} INFO - [2023-08-05T10:57:56.917+0200] {dagbag.py:541} INFO - Filling up the DagBag from /Users/felipe.vasconcelos/repos/courses/python-learnings/.venv/lib/python3.10/site-packages/airflow/example_dags/example_setup_teardown.py
[2023-08-05T10:57:56.925+0200] {processor.py:838} WARNING - No viable dags retrieved from /Users/felipe.vasconcelos/repos/courses/python-learnings/.venv/lib/python3.10/site-packages/airflow/example_dags/example_setup_teardown.py
[2023-08-05T10:57:57.687+0200] {processor.py:179} INFO - Processing /Users/felipe.vasconcelos/repos/courses/python-learnings/.venv/lib/python3.10/site-packages/airflow/example_dags/example_setup_teardown.py took 0.779 seconds
[2023-08-05T11:12:23.378+0200] {processor.py:157} INFO - Started process (PID=83270) to work on /Users/felipe.vasconcelos/repos/courses/python-learnings/.venv/lib/python3.10/site-packages/airflow/example_dags/example_setup_teardown.py
[2023-08-05T11:12:23.384+0200] {processor.py:826} INFO - Processing file /Users/felipe.vasconcelos/repos/courses/python-learnings/.venv/lib/python3.10/site-packages/airflow/example_dags/example_setup_teardown.py for tasks to queue
[2023-08-05T11:12:23.385+0200] {logging_mixin.py:150} INFO - [2023-08-05T11:12:23.385+0200] {dagbag.py:541} INFO - Filling up the DagBag from /Users/felipe.vasconcelos/repos/courses/python-learnings/.venv/lib/python3.10/site-packages/airflow/example_dags/example_setup_teardown.py
[2023-08-05T11:12:23.391+0200] {processor.py:838} WARNING - No viable dags retrieved from /Users/felipe.vasconcelos/repos/courses/python-learnings/.venv/lib/python3.10/site-packages/airflow/example_dags/example_setup_teardown.py
[2023-08-05T11:12:24.410+0200] {processor.py:179} INFO - Processing /Users/felipe.vasconcelos/repos/courses/python-learnings/.venv/lib/python3.10/site-packages/airflow/example_dags/example_setup_teardown.py took 1.034 seconds
[2023-08-05T11:14:39.792+0200] {processor.py:157} INFO - Started process (PID=83335) to work on /Users/felipe.vasconcelos/repos/courses/python-learnings/.venv/lib/python3.10/site-packages/airflow/example_dags/example_setup_teardown.py
[2023-08-05T11:14:39.799+0200] {processor.py:826} INFO - Processing file /Users/felipe.vasconcelos/repos/courses/python-learnings/.venv/lib/python3.10/site-packages/airflow/example_dags/example_setup_teardown.py for tasks to queue
[2023-08-05T11:14:39.799+0200] {logging_mixin.py:150} INFO - [2023-08-05T11:14:39.799+0200] {dagbag.py:541} INFO - Filling up the DagBag from /Users/felipe.vasconcelos/repos/courses/python-learnings/.venv/lib/python3.10/site-packages/airflow/example_dags/example_setup_teardown.py
[2023-08-05T11:14:39.803+0200] {processor.py:838} WARNING - No viable dags retrieved from /Users/felipe.vasconcelos/repos/courses/python-learnings/.venv/lib/python3.10/site-packages/airflow/example_dags/example_setup_teardown.py
[2023-08-05T11:14:40.555+0200] {processor.py:179} INFO - Processing /Users/felipe.vasconcelos/repos/courses/python-learnings/.venv/lib/python3.10/site-packages/airflow/example_dags/example_setup_teardown.py took 0.764 seconds
[2023-08-05T11:16:42.395+0200] {processor.py:157} INFO - Started process (PID=83391) to work on /Users/felipe.vasconcelos/repos/courses/python-learnings/.venv/lib/python3.10/site-packages/airflow/example_dags/example_setup_teardown.py
[2023-08-05T11:16:42.402+0200] {processor.py:826} INFO - Processing file /Users/felipe.vasconcelos/repos/courses/python-learnings/.venv/lib/python3.10/site-packages/airflow/example_dags/example_setup_teardown.py for tasks to queue
[2023-08-05T11:16:42.403+0200] {logging_mixin.py:150} INFO - [2023-08-05T11:16:42.403+0200] {dagbag.py:541} INFO - Filling up the DagBag from /Users/felipe.vasconcelos/repos/courses/python-learnings/.venv/lib/python3.10/site-packages/airflow/example_dags/example_setup_teardown.py
[2023-08-05T11:16:42.410+0200] {processor.py:838} WARNING - No viable dags retrieved from /Users/felipe.vasconcelos/repos/courses/python-learnings/.venv/lib/python3.10/site-packages/airflow/example_dags/example_setup_teardown.py
[2023-08-05T11:16:43.099+0200] {processor.py:179} INFO - Processing /Users/felipe.vasconcelos/repos/courses/python-learnings/.venv/lib/python3.10/site-packages/airflow/example_dags/example_setup_teardown.py took 0.705 seconds
[2023-08-05T11:18:51.637+0200] {processor.py:157} INFO - Started process (PID=83456) to work on /Users/felipe.vasconcelos/repos/courses/python-learnings/.venv/lib/python3.10/site-packages/airflow/example_dags/example_setup_teardown.py
[2023-08-05T11:18:51.643+0200] {processor.py:826} INFO - Processing file /Users/felipe.vasconcelos/repos/courses/python-learnings/.venv/lib/python3.10/site-packages/airflow/example_dags/example_setup_teardown.py for tasks to queue
[2023-08-05T11:18:51.644+0200] {logging_mixin.py:150} INFO - [2023-08-05T11:18:51.644+0200] {dagbag.py:541} INFO - Filling up the DagBag from /Users/felipe.vasconcelos/repos/courses/python-learnings/.venv/lib/python3.10/site-packages/airflow/example_dags/example_setup_teardown.py
[2023-08-05T11:18:51.653+0200] {processor.py:838} WARNING - No viable dags retrieved from /Users/felipe.vasconcelos/repos/courses/python-learnings/.venv/lib/python3.10/site-packages/airflow/example_dags/example_setup_teardown.py
[2023-08-05T11:18:52.340+0200] {processor.py:179} INFO - Processing /Users/felipe.vasconcelos/repos/courses/python-learnings/.venv/lib/python3.10/site-packages/airflow/example_dags/example_setup_teardown.py took 0.703 seconds
[2023-08-05T11:21:02.328+0200] {processor.py:157} INFO - Started process (PID=83510) to work on /Users/felipe.vasconcelos/repos/courses/python-learnings/.venv/lib/python3.10/site-packages/airflow/example_dags/example_setup_teardown.py
[2023-08-05T11:21:02.336+0200] {processor.py:826} INFO - Processing file /Users/felipe.vasconcelos/repos/courses/python-learnings/.venv/lib/python3.10/site-packages/airflow/example_dags/example_setup_teardown.py for tasks to queue
[2023-08-05T11:21:02.337+0200] {logging_mixin.py:150} INFO - [2023-08-05T11:21:02.336+0200] {dagbag.py:541} INFO - Filling up the DagBag from /Users/felipe.vasconcelos/repos/courses/python-learnings/.venv/lib/python3.10/site-packages/airflow/example_dags/example_setup_teardown.py
[2023-08-05T11:21:02.341+0200] {processor.py:838} WARNING - No viable dags retrieved from /Users/felipe.vasconcelos/repos/courses/python-learnings/.venv/lib/python3.10/site-packages/airflow/example_dags/example_setup_teardown.py
[2023-08-05T11:21:03.037+0200] {processor.py:179} INFO - Processing /Users/felipe.vasconcelos/repos/courses/python-learnings/.venv/lib/python3.10/site-packages/airflow/example_dags/example_setup_teardown.py took 0.710 seconds
[2023-08-05T11:23:33.742+0200] {processor.py:157} INFO - Started process (PID=83584) to work on /Users/felipe.vasconcelos/repos/courses/python-learnings/.venv/lib/python3.10/site-packages/airflow/example_dags/example_setup_teardown.py
[2023-08-05T11:23:33.749+0200] {processor.py:826} INFO - Processing file /Users/felipe.vasconcelos/repos/courses/python-learnings/.venv/lib/python3.10/site-packages/airflow/example_dags/example_setup_teardown.py for tasks to queue
[2023-08-05T11:23:33.750+0200] {logging_mixin.py:150} INFO - [2023-08-05T11:23:33.749+0200] {dagbag.py:541} INFO - Filling up the DagBag from /Users/felipe.vasconcelos/repos/courses/python-learnings/.venv/lib/python3.10/site-packages/airflow/example_dags/example_setup_teardown.py
[2023-08-05T11:23:33.757+0200] {processor.py:838} WARNING - No viable dags retrieved from /Users/felipe.vasconcelos/repos/courses/python-learnings/.venv/lib/python3.10/site-packages/airflow/example_dags/example_setup_teardown.py
[2023-08-05T11:23:34.472+0200] {processor.py:179} INFO - Processing /Users/felipe.vasconcelos/repos/courses/python-learnings/.venv/lib/python3.10/site-packages/airflow/example_dags/example_setup_teardown.py took 0.731 seconds
[2023-08-05T11:25:43.169+0200] {processor.py:157} INFO - Started process (PID=83638) to work on /Users/felipe.vasconcelos/repos/courses/python-learnings/.venv/lib/python3.10/site-packages/airflow/example_dags/example_setup_teardown.py
[2023-08-05T11:25:43.175+0200] {processor.py:826} INFO - Processing file /Users/felipe.vasconcelos/repos/courses/python-learnings/.venv/lib/python3.10/site-packages/airflow/example_dags/example_setup_teardown.py for tasks to queue
[2023-08-05T11:25:43.175+0200] {logging_mixin.py:150} INFO - [2023-08-05T11:25:43.175+0200] {dagbag.py:541} INFO - Filling up the DagBag from /Users/felipe.vasconcelos/repos/courses/python-learnings/.venv/lib/python3.10/site-packages/airflow/example_dags/example_setup_teardown.py
[2023-08-05T11:25:43.180+0200] {processor.py:838} WARNING - No viable dags retrieved from /Users/felipe.vasconcelos/repos/courses/python-learnings/.venv/lib/python3.10/site-packages/airflow/example_dags/example_setup_teardown.py
[2023-08-05T11:25:43.881+0200] {processor.py:179} INFO - Processing /Users/felipe.vasconcelos/repos/courses/python-learnings/.venv/lib/python3.10/site-packages/airflow/example_dags/example_setup_teardown.py took 0.713 seconds
[2023-08-05T11:27:59.073+0200] {processor.py:157} INFO - Started process (PID=83696) to work on /Users/felipe.vasconcelos/repos/courses/python-learnings/.venv/lib/python3.10/site-packages/airflow/example_dags/example_setup_teardown.py
[2023-08-05T11:27:59.079+0200] {processor.py:826} INFO - Processing file /Users/felipe.vasconcelos/repos/courses/python-learnings/.venv/lib/python3.10/site-packages/airflow/example_dags/example_setup_teardown.py for tasks to queue
[2023-08-05T11:27:59.080+0200] {logging_mixin.py:150} INFO - [2023-08-05T11:27:59.080+0200] {dagbag.py:541} INFO - Filling up the DagBag from /Users/felipe.vasconcelos/repos/courses/python-learnings/.venv/lib/python3.10/site-packages/airflow/example_dags/example_setup_teardown.py
[2023-08-05T11:27:59.085+0200] {processor.py:838} WARNING - No viable dags retrieved from /Users/felipe.vasconcelos/repos/courses/python-learnings/.venv/lib/python3.10/site-packages/airflow/example_dags/example_setup_teardown.py
[2023-08-05T11:27:59.811+0200] {processor.py:179} INFO - Processing /Users/felipe.vasconcelos/repos/courses/python-learnings/.venv/lib/python3.10/site-packages/airflow/example_dags/example_setup_teardown.py took 0.739 seconds
[2023-08-05T11:30:08.078+0200] {processor.py:157} INFO - Started process (PID=83753) to work on /Users/felipe.vasconcelos/repos/courses/python-learnings/.venv/lib/python3.10/site-packages/airflow/example_dags/example_setup_teardown.py
[2023-08-05T11:30:08.084+0200] {processor.py:826} INFO - Processing file /Users/felipe.vasconcelos/repos/courses/python-learnings/.venv/lib/python3.10/site-packages/airflow/example_dags/example_setup_teardown.py for tasks to queue
[2023-08-05T11:30:08.085+0200] {logging_mixin.py:150} INFO - [2023-08-05T11:30:08.085+0200] {dagbag.py:541} INFO - Filling up the DagBag from /Users/felipe.vasconcelos/repos/courses/python-learnings/.venv/lib/python3.10/site-packages/airflow/example_dags/example_setup_teardown.py
[2023-08-05T11:30:08.089+0200] {processor.py:838} WARNING - No viable dags retrieved from /Users/felipe.vasconcelos/repos/courses/python-learnings/.venv/lib/python3.10/site-packages/airflow/example_dags/example_setup_teardown.py
[2023-08-05T11:30:08.810+0200] {processor.py:179} INFO - Processing /Users/felipe.vasconcelos/repos/courses/python-learnings/.venv/lib/python3.10/site-packages/airflow/example_dags/example_setup_teardown.py took 0.733 seconds
[2023-08-05T11:33:23.605+0200] {processor.py:157} INFO - Started process (PID=83864) to work on /Users/felipe.vasconcelos/repos/courses/python-learnings/.venv/lib/python3.10/site-packages/airflow/example_dags/example_setup_teardown.py
[2023-08-05T11:33:23.611+0200] {processor.py:826} INFO - Processing file /Users/felipe.vasconcelos/repos/courses/python-learnings/.venv/lib/python3.10/site-packages/airflow/example_dags/example_setup_teardown.py for tasks to queue
[2023-08-05T11:33:23.612+0200] {logging_mixin.py:150} INFO - [2023-08-05T11:33:23.611+0200] {dagbag.py:541} INFO - Filling up the DagBag from /Users/felipe.vasconcelos/repos/courses/python-learnings/.venv/lib/python3.10/site-packages/airflow/example_dags/example_setup_teardown.py
[2023-08-05T11:33:23.619+0200] {processor.py:838} WARNING - No viable dags retrieved from /Users/felipe.vasconcelos/repos/courses/python-learnings/.venv/lib/python3.10/site-packages/airflow/example_dags/example_setup_teardown.py
[2023-08-05T11:33:24.638+0200] {processor.py:179} INFO - Processing /Users/felipe.vasconcelos/repos/courses/python-learnings/.venv/lib/python3.10/site-packages/airflow/example_dags/example_setup_teardown.py took 1.034 seconds
[2023-08-05T11:35:44.965+0200] {processor.py:157} INFO - Started process (PID=83941) to work on /Users/felipe.vasconcelos/repos/courses/python-learnings/.venv/lib/python3.10/site-packages/airflow/example_dags/example_setup_teardown.py
[2023-08-05T11:35:44.971+0200] {processor.py:826} INFO - Processing file /Users/felipe.vasconcelos/repos/courses/python-learnings/.venv/lib/python3.10/site-packages/airflow/example_dags/example_setup_teardown.py for tasks to queue
[2023-08-05T11:35:44.972+0200] {logging_mixin.py:150} INFO - [2023-08-05T11:35:44.972+0200] {dagbag.py:541} INFO - Filling up the DagBag from /Users/felipe.vasconcelos/repos/courses/python-learnings/.venv/lib/python3.10/site-packages/airflow/example_dags/example_setup_teardown.py
[2023-08-05T11:35:44.979+0200] {processor.py:838} WARNING - No viable dags retrieved from /Users/felipe.vasconcelos/repos/courses/python-learnings/.venv/lib/python3.10/site-packages/airflow/example_dags/example_setup_teardown.py
[2023-08-05T11:35:45.693+0200] {processor.py:179} INFO - Processing /Users/felipe.vasconcelos/repos/courses/python-learnings/.venv/lib/python3.10/site-packages/airflow/example_dags/example_setup_teardown.py took 0.728 seconds
[2023-08-05T11:37:54.824+0200] {processor.py:157} INFO - Started process (PID=84007) to work on /Users/felipe.vasconcelos/repos/courses/python-learnings/.venv/lib/python3.10/site-packages/airflow/example_dags/example_setup_teardown.py
[2023-08-05T11:37:54.831+0200] {processor.py:826} INFO - Processing file /Users/felipe.vasconcelos/repos/courses/python-learnings/.venv/lib/python3.10/site-packages/airflow/example_dags/example_setup_teardown.py for tasks to queue
[2023-08-05T11:37:54.832+0200] {logging_mixin.py:150} INFO - [2023-08-05T11:37:54.832+0200] {dagbag.py:541} INFO - Filling up the DagBag from /Users/felipe.vasconcelos/repos/courses/python-learnings/.venv/lib/python3.10/site-packages/airflow/example_dags/example_setup_teardown.py
[2023-08-05T11:37:54.837+0200] {processor.py:838} WARNING - No viable dags retrieved from /Users/felipe.vasconcelos/repos/courses/python-learnings/.venv/lib/python3.10/site-packages/airflow/example_dags/example_setup_teardown.py
[2023-08-05T11:37:55.603+0200] {processor.py:179} INFO - Processing /Users/felipe.vasconcelos/repos/courses/python-learnings/.venv/lib/python3.10/site-packages/airflow/example_dags/example_setup_teardown.py took 0.779 seconds
[2023-08-05T11:40:11.785+0200] {processor.py:157} INFO - Started process (PID=84075) to work on /Users/felipe.vasconcelos/repos/courses/python-learnings/.venv/lib/python3.10/site-packages/airflow/example_dags/example_setup_teardown.py
[2023-08-05T11:40:11.790+0200] {processor.py:826} INFO - Processing file /Users/felipe.vasconcelos/repos/courses/python-learnings/.venv/lib/python3.10/site-packages/airflow/example_dags/example_setup_teardown.py for tasks to queue
[2023-08-05T11:40:11.790+0200] {logging_mixin.py:150} INFO - [2023-08-05T11:40:11.790+0200] {dagbag.py:541} INFO - Filling up the DagBag from /Users/felipe.vasconcelos/repos/courses/python-learnings/.venv/lib/python3.10/site-packages/airflow/example_dags/example_setup_teardown.py
[2023-08-05T11:40:11.795+0200] {processor.py:838} WARNING - No viable dags retrieved from /Users/felipe.vasconcelos/repos/courses/python-learnings/.venv/lib/python3.10/site-packages/airflow/example_dags/example_setup_teardown.py
[2023-08-05T11:40:12.653+0200] {processor.py:179} INFO - Processing /Users/felipe.vasconcelos/repos/courses/python-learnings/.venv/lib/python3.10/site-packages/airflow/example_dags/example_setup_teardown.py took 0.869 seconds
[2023-08-05T11:42:21.052+0200] {processor.py:157} INFO - Started process (PID=84142) to work on /Users/felipe.vasconcelos/repos/courses/python-learnings/.venv/lib/python3.10/site-packages/airflow/example_dags/example_setup_teardown.py
[2023-08-05T11:42:21.061+0200] {processor.py:826} INFO - Processing file /Users/felipe.vasconcelos/repos/courses/python-learnings/.venv/lib/python3.10/site-packages/airflow/example_dags/example_setup_teardown.py for tasks to queue
[2023-08-05T11:42:21.061+0200] {logging_mixin.py:150} INFO - [2023-08-05T11:42:21.061+0200] {dagbag.py:541} INFO - Filling up the DagBag from /Users/felipe.vasconcelos/repos/courses/python-learnings/.venv/lib/python3.10/site-packages/airflow/example_dags/example_setup_teardown.py
[2023-08-05T11:42:21.071+0200] {processor.py:838} WARNING - No viable dags retrieved from /Users/felipe.vasconcelos/repos/courses/python-learnings/.venv/lib/python3.10/site-packages/airflow/example_dags/example_setup_teardown.py
[2023-08-05T11:42:21.784+0200] {processor.py:179} INFO - Processing /Users/felipe.vasconcelos/repos/courses/python-learnings/.venv/lib/python3.10/site-packages/airflow/example_dags/example_setup_teardown.py took 0.733 seconds
[2023-08-05T11:44:27.139+0200] {processor.py:157} INFO - Started process (PID=84205) to work on /Users/felipe.vasconcelos/repos/courses/python-learnings/.venv/lib/python3.10/site-packages/airflow/example_dags/example_setup_teardown.py
[2023-08-05T11:44:27.145+0200] {processor.py:826} INFO - Processing file /Users/felipe.vasconcelos/repos/courses/python-learnings/.venv/lib/python3.10/site-packages/airflow/example_dags/example_setup_teardown.py for tasks to queue
[2023-08-05T11:44:27.146+0200] {logging_mixin.py:150} INFO - [2023-08-05T11:44:27.146+0200] {dagbag.py:541} INFO - Filling up the DagBag from /Users/felipe.vasconcelos/repos/courses/python-learnings/.venv/lib/python3.10/site-packages/airflow/example_dags/example_setup_teardown.py
[2023-08-05T11:44:27.153+0200] {processor.py:838} WARNING - No viable dags retrieved from /Users/felipe.vasconcelos/repos/courses/python-learnings/.venv/lib/python3.10/site-packages/airflow/example_dags/example_setup_teardown.py
[2023-08-05T11:44:27.867+0200] {processor.py:179} INFO - Processing /Users/felipe.vasconcelos/repos/courses/python-learnings/.venv/lib/python3.10/site-packages/airflow/example_dags/example_setup_teardown.py took 0.728 seconds
[2023-08-05T11:46:33.725+0200] {processor.py:157} INFO - Started process (PID=84264) to work on /Users/felipe.vasconcelos/repos/courses/python-learnings/.venv/lib/python3.10/site-packages/airflow/example_dags/example_setup_teardown.py
[2023-08-05T11:46:33.735+0200] {processor.py:826} INFO - Processing file /Users/felipe.vasconcelos/repos/courses/python-learnings/.venv/lib/python3.10/site-packages/airflow/example_dags/example_setup_teardown.py for tasks to queue
[2023-08-05T11:46:33.736+0200] {logging_mixin.py:150} INFO - [2023-08-05T11:46:33.736+0200] {dagbag.py:541} INFO - Filling up the DagBag from /Users/felipe.vasconcelos/repos/courses/python-learnings/.venv/lib/python3.10/site-packages/airflow/example_dags/example_setup_teardown.py
[2023-08-05T11:46:33.743+0200] {processor.py:838} WARNING - No viable dags retrieved from /Users/felipe.vasconcelos/repos/courses/python-learnings/.venv/lib/python3.10/site-packages/airflow/example_dags/example_setup_teardown.py
[2023-08-05T11:46:35.192+0200] {processor.py:179} INFO - Processing /Users/felipe.vasconcelos/repos/courses/python-learnings/.venv/lib/python3.10/site-packages/airflow/example_dags/example_setup_teardown.py took 1.468 seconds
[2023-08-05T11:49:35.800+0200] {processor.py:157} INFO - Started process (PID=84386) to work on /Users/felipe.vasconcelos/repos/courses/python-learnings/.venv/lib/python3.10/site-packages/airflow/example_dags/example_setup_teardown.py
[2023-08-05T11:49:35.807+0200] {processor.py:826} INFO - Processing file /Users/felipe.vasconcelos/repos/courses/python-learnings/.venv/lib/python3.10/site-packages/airflow/example_dags/example_setup_teardown.py for tasks to queue
[2023-08-05T11:49:35.808+0200] {logging_mixin.py:150} INFO - [2023-08-05T11:49:35.807+0200] {dagbag.py:541} INFO - Filling up the DagBag from /Users/felipe.vasconcelos/repos/courses/python-learnings/.venv/lib/python3.10/site-packages/airflow/example_dags/example_setup_teardown.py
[2023-08-05T11:49:35.813+0200] {processor.py:838} WARNING - No viable dags retrieved from /Users/felipe.vasconcelos/repos/courses/python-learnings/.venv/lib/python3.10/site-packages/airflow/example_dags/example_setup_teardown.py
[2023-08-05T11:49:36.862+0200] {processor.py:179} INFO - Processing /Users/felipe.vasconcelos/repos/courses/python-learnings/.venv/lib/python3.10/site-packages/airflow/example_dags/example_setup_teardown.py took 1.064 seconds
[2023-08-05T11:51:54.777+0200] {processor.py:157} INFO - Started process (PID=84447) to work on /Users/felipe.vasconcelos/repos/courses/python-learnings/.venv/lib/python3.10/site-packages/airflow/example_dags/example_setup_teardown.py
[2023-08-05T11:51:54.783+0200] {processor.py:826} INFO - Processing file /Users/felipe.vasconcelos/repos/courses/python-learnings/.venv/lib/python3.10/site-packages/airflow/example_dags/example_setup_teardown.py for tasks to queue
[2023-08-05T11:51:54.784+0200] {logging_mixin.py:150} INFO - [2023-08-05T11:51:54.783+0200] {dagbag.py:541} INFO - Filling up the DagBag from /Users/felipe.vasconcelos/repos/courses/python-learnings/.venv/lib/python3.10/site-packages/airflow/example_dags/example_setup_teardown.py
[2023-08-05T11:51:54.792+0200] {processor.py:838} WARNING - No viable dags retrieved from /Users/felipe.vasconcelos/repos/courses/python-learnings/.venv/lib/python3.10/site-packages/airflow/example_dags/example_setup_teardown.py
[2023-08-05T11:51:55.499+0200] {processor.py:179} INFO - Processing /Users/felipe.vasconcelos/repos/courses/python-learnings/.venv/lib/python3.10/site-packages/airflow/example_dags/example_setup_teardown.py took 0.724 seconds
[2023-08-05T11:53:59.344+0200] {processor.py:157} INFO - Started process (PID=84502) to work on /Users/felipe.vasconcelos/repos/courses/python-learnings/.venv/lib/python3.10/site-packages/airflow/example_dags/example_setup_teardown.py
[2023-08-05T11:53:59.350+0200] {processor.py:826} INFO - Processing file /Users/felipe.vasconcelos/repos/courses/python-learnings/.venv/lib/python3.10/site-packages/airflow/example_dags/example_setup_teardown.py for tasks to queue
[2023-08-05T11:53:59.351+0200] {logging_mixin.py:150} INFO - [2023-08-05T11:53:59.351+0200] {dagbag.py:541} INFO - Filling up the DagBag from /Users/felipe.vasconcelos/repos/courses/python-learnings/.venv/lib/python3.10/site-packages/airflow/example_dags/example_setup_teardown.py
[2023-08-05T11:53:59.358+0200] {processor.py:838} WARNING - No viable dags retrieved from /Users/felipe.vasconcelos/repos/courses/python-learnings/.venv/lib/python3.10/site-packages/airflow/example_dags/example_setup_teardown.py
[2023-08-05T11:54:00.048+0200] {processor.py:179} INFO - Processing /Users/felipe.vasconcelos/repos/courses/python-learnings/.venv/lib/python3.10/site-packages/airflow/example_dags/example_setup_teardown.py took 0.705 seconds
[2023-08-05T11:56:05.833+0200] {processor.py:157} INFO - Started process (PID=84568) to work on /Users/felipe.vasconcelos/repos/courses/python-learnings/.venv/lib/python3.10/site-packages/airflow/example_dags/example_setup_teardown.py
[2023-08-05T11:56:05.838+0200] {processor.py:826} INFO - Processing file /Users/felipe.vasconcelos/repos/courses/python-learnings/.venv/lib/python3.10/site-packages/airflow/example_dags/example_setup_teardown.py for tasks to queue
[2023-08-05T11:56:05.839+0200] {logging_mixin.py:150} INFO - [2023-08-05T11:56:05.839+0200] {dagbag.py:541} INFO - Filling up the DagBag from /Users/felipe.vasconcelos/repos/courses/python-learnings/.venv/lib/python3.10/site-packages/airflow/example_dags/example_setup_teardown.py
[2023-08-05T11:56:05.843+0200] {processor.py:838} WARNING - No viable dags retrieved from /Users/felipe.vasconcelos/repos/courses/python-learnings/.venv/lib/python3.10/site-packages/airflow/example_dags/example_setup_teardown.py
[2023-08-05T11:56:06.533+0200] {processor.py:179} INFO - Processing /Users/felipe.vasconcelos/repos/courses/python-learnings/.venv/lib/python3.10/site-packages/airflow/example_dags/example_setup_teardown.py took 0.701 seconds
[2023-08-05T11:58:13.578+0200] {processor.py:157} INFO - Started process (PID=84633) to work on /Users/felipe.vasconcelos/repos/courses/python-learnings/.venv/lib/python3.10/site-packages/airflow/example_dags/example_setup_teardown.py
[2023-08-05T11:58:13.584+0200] {processor.py:826} INFO - Processing file /Users/felipe.vasconcelos/repos/courses/python-learnings/.venv/lib/python3.10/site-packages/airflow/example_dags/example_setup_teardown.py for tasks to queue
[2023-08-05T11:58:13.585+0200] {logging_mixin.py:150} INFO - [2023-08-05T11:58:13.585+0200] {dagbag.py:541} INFO - Filling up the DagBag from /Users/felipe.vasconcelos/repos/courses/python-learnings/.venv/lib/python3.10/site-packages/airflow/example_dags/example_setup_teardown.py
[2023-08-05T11:58:13.594+0200] {processor.py:838} WARNING - No viable dags retrieved from /Users/felipe.vasconcelos/repos/courses/python-learnings/.venv/lib/python3.10/site-packages/airflow/example_dags/example_setup_teardown.py
[2023-08-05T11:58:14.290+0200] {processor.py:179} INFO - Processing /Users/felipe.vasconcelos/repos/courses/python-learnings/.venv/lib/python3.10/site-packages/airflow/example_dags/example_setup_teardown.py took 0.714 seconds
[2023-08-05T12:01:44.847+0200] {processor.py:157} INFO - Started process (PID=84772) to work on /Users/felipe.vasconcelos/repos/courses/python-learnings/.venv/lib/python3.10/site-packages/airflow/example_dags/example_setup_teardown.py
[2023-08-05T12:01:44.853+0200] {processor.py:826} INFO - Processing file /Users/felipe.vasconcelos/repos/courses/python-learnings/.venv/lib/python3.10/site-packages/airflow/example_dags/example_setup_teardown.py for tasks to queue
[2023-08-05T12:01:44.854+0200] {logging_mixin.py:150} INFO - [2023-08-05T12:01:44.853+0200] {dagbag.py:541} INFO - Filling up the DagBag from /Users/felipe.vasconcelos/repos/courses/python-learnings/.venv/lib/python3.10/site-packages/airflow/example_dags/example_setup_teardown.py
[2023-08-05T12:01:44.859+0200] {processor.py:838} WARNING - No viable dags retrieved from /Users/felipe.vasconcelos/repos/courses/python-learnings/.venv/lib/python3.10/site-packages/airflow/example_dags/example_setup_teardown.py
[2023-08-05T12:01:45.920+0200] {processor.py:179} INFO - Processing /Users/felipe.vasconcelos/repos/courses/python-learnings/.venv/lib/python3.10/site-packages/airflow/example_dags/example_setup_teardown.py took 1.074 seconds
