[2023-08-05T10:40:05.339+0200] {processor.py:157} INFO - Started process (PID=82604) to work on /Users/felipe.vasconcelos/repos/courses/python-learnings/.venv/lib/python3.10/site-packages/airflow/example_dags/example_python_operator.py
[2023-08-05T10:40:05.344+0200] {processor.py:826} INFO - Processing file /Users/felipe.vasconcelos/repos/courses/python-learnings/.venv/lib/python3.10/site-packages/airflow/example_dags/example_python_operator.py for tasks to queue
[2023-08-05T10:40:05.345+0200] {logging_mixin.py:150} INFO - [2023-08-05T10:40:05.345+0200] {dagbag.py:541} INFO - Filling up the DagBag from /Users/felipe.vasconcelos/repos/courses/python-learnings/.venv/lib/python3.10/site-packages/airflow/example_dags/example_python_operator.py
[2023-08-05T10:40:05.419+0200] {processor.py:836} INFO - DAG(s) dict_keys(['example_python_operator']) retrieved from /Users/felipe.vasconcelos/repos/courses/python-learnings/.venv/lib/python3.10/site-packages/airflow/example_dags/example_python_operator.py
[2023-08-05T10:40:06.732+0200] {logging_mixin.py:150} INFO - [2023-08-05T10:40:06.732+0200] {manager.py:504} INFO - Created Permission View: can delete on DAG:example_python_operator
[2023-08-05T10:40:06.752+0200] {logging_mixin.py:150} INFO - [2023-08-05T10:40:06.752+0200] {manager.py:504} INFO - Created Permission View: can read on DAG:example_python_operator
[2023-08-05T10:40:06.761+0200] {logging_mixin.py:150} INFO - [2023-08-05T10:40:06.761+0200] {manager.py:504} INFO - Created Permission View: can edit on DAG:example_python_operator
[2023-08-05T10:40:06.781+0200] {logging_mixin.py:150} INFO - [2023-08-05T10:40:06.780+0200] {dag.py:2742} INFO - Sync 1 DAGs
[2023-08-05T10:40:06.792+0200] {logging_mixin.py:150} INFO - [2023-08-05T10:40:06.792+0200] {dag.py:2763} INFO - Creating ORM DAG for example_python_operator
[2023-08-05T10:40:06.815+0200] {logging_mixin.py:150} INFO - [2023-08-05T10:40:06.815+0200] {dag.py:3504} INFO - Setting next_dagrun for example_python_operator to None, run_after=None
[2023-08-05T10:40:06.977+0200] {processor.py:179} INFO - Processing /Users/felipe.vasconcelos/repos/courses/python-learnings/.venv/lib/python3.10/site-packages/airflow/example_dags/example_python_operator.py took 1.639 seconds
[2023-08-05T10:43:27.495+0200] {processor.py:157} INFO - Started process (PID=82685) to work on /Users/felipe.vasconcelos/repos/courses/python-learnings/.venv/lib/python3.10/site-packages/airflow/example_dags/example_python_operator.py
[2023-08-05T10:43:27.506+0200] {processor.py:826} INFO - Processing file /Users/felipe.vasconcelos/repos/courses/python-learnings/.venv/lib/python3.10/site-packages/airflow/example_dags/example_python_operator.py for tasks to queue
[2023-08-05T10:43:27.507+0200] {logging_mixin.py:150} INFO - [2023-08-05T10:43:27.506+0200] {dagbag.py:541} INFO - Filling up the DagBag from /Users/felipe.vasconcelos/repos/courses/python-learnings/.venv/lib/python3.10/site-packages/airflow/example_dags/example_python_operator.py
[2023-08-05T10:43:27.623+0200] {processor.py:836} INFO - DAG(s) dict_keys(['example_python_operator']) retrieved from /Users/felipe.vasconcelos/repos/courses/python-learnings/.venv/lib/python3.10/site-packages/airflow/example_dags/example_python_operator.py
[2023-08-05T10:43:30.362+0200] {logging_mixin.py:150} INFO - [2023-08-05T10:43:30.362+0200] {dag.py:2742} INFO - Sync 1 DAGs
[2023-08-05T10:43:30.404+0200] {logging_mixin.py:150} INFO - [2023-08-05T10:43:30.404+0200] {dag.py:3504} INFO - Setting next_dagrun for example_python_operator to None, run_after=None
[2023-08-05T10:43:30.447+0200] {processor.py:179} INFO - Processing /Users/felipe.vasconcelos/repos/courses/python-learnings/.venv/lib/python3.10/site-packages/airflow/example_dags/example_python_operator.py took 2.953 seconds
[2023-08-05T10:47:01.785+0200] {processor.py:157} INFO - Started process (PID=82833) to work on /Users/felipe.vasconcelos/repos/courses/python-learnings/.venv/lib/python3.10/site-packages/airflow/example_dags/example_python_operator.py
[2023-08-05T10:47:01.791+0200] {processor.py:826} INFO - Processing file /Users/felipe.vasconcelos/repos/courses/python-learnings/.venv/lib/python3.10/site-packages/airflow/example_dags/example_python_operator.py for tasks to queue
[2023-08-05T10:47:01.792+0200] {logging_mixin.py:150} INFO - [2023-08-05T10:47:01.792+0200] {dagbag.py:541} INFO - Filling up the DagBag from /Users/felipe.vasconcelos/repos/courses/python-learnings/.venv/lib/python3.10/site-packages/airflow/example_dags/example_python_operator.py
[2023-08-05T10:47:01.852+0200] {processor.py:836} INFO - DAG(s) dict_keys(['example_python_operator']) retrieved from /Users/felipe.vasconcelos/repos/courses/python-learnings/.venv/lib/python3.10/site-packages/airflow/example_dags/example_python_operator.py
[2023-08-05T10:47:02.676+0200] {logging_mixin.py:150} INFO - [2023-08-05T10:47:02.676+0200] {dag.py:2742} INFO - Sync 1 DAGs
[2023-08-05T10:47:02.692+0200] {logging_mixin.py:150} INFO - [2023-08-05T10:47:02.692+0200] {dag.py:3504} INFO - Setting next_dagrun for example_python_operator to None, run_after=None
[2023-08-05T10:47:02.714+0200] {processor.py:179} INFO - Processing /Users/felipe.vasconcelos/repos/courses/python-learnings/.venv/lib/python3.10/site-packages/airflow/example_dags/example_python_operator.py took 0.930 seconds
[2023-08-05T10:49:16.297+0200] {processor.py:157} INFO - Started process (PID=82889) to work on /Users/felipe.vasconcelos/repos/courses/python-learnings/.venv/lib/python3.10/site-packages/airflow/example_dags/example_python_operator.py
[2023-08-05T10:49:16.303+0200] {processor.py:826} INFO - Processing file /Users/felipe.vasconcelos/repos/courses/python-learnings/.venv/lib/python3.10/site-packages/airflow/example_dags/example_python_operator.py for tasks to queue
[2023-08-05T10:49:16.304+0200] {logging_mixin.py:150} INFO - [2023-08-05T10:49:16.303+0200] {dagbag.py:541} INFO - Filling up the DagBag from /Users/felipe.vasconcelos/repos/courses/python-learnings/.venv/lib/python3.10/site-packages/airflow/example_dags/example_python_operator.py
[2023-08-05T10:49:16.365+0200] {processor.py:836} INFO - DAG(s) dict_keys(['example_python_operator']) retrieved from /Users/felipe.vasconcelos/repos/courses/python-learnings/.venv/lib/python3.10/site-packages/airflow/example_dags/example_python_operator.py
[2023-08-05T10:49:17.448+0200] {logging_mixin.py:150} INFO - [2023-08-05T10:49:17.448+0200] {dag.py:2742} INFO - Sync 1 DAGs
[2023-08-05T10:49:17.468+0200] {logging_mixin.py:150} INFO - [2023-08-05T10:49:17.468+0200] {dag.py:3504} INFO - Setting next_dagrun for example_python_operator to None, run_after=None
[2023-08-05T10:49:17.496+0200] {processor.py:179} INFO - Processing /Users/felipe.vasconcelos/repos/courses/python-learnings/.venv/lib/python3.10/site-packages/airflow/example_dags/example_python_operator.py took 1.201 seconds
[2023-08-05T10:51:33.860+0200] {processor.py:157} INFO - Started process (PID=82960) to work on /Users/felipe.vasconcelos/repos/courses/python-learnings/.venv/lib/python3.10/site-packages/airflow/example_dags/example_python_operator.py
[2023-08-05T10:51:33.866+0200] {processor.py:826} INFO - Processing file /Users/felipe.vasconcelos/repos/courses/python-learnings/.venv/lib/python3.10/site-packages/airflow/example_dags/example_python_operator.py for tasks to queue
[2023-08-05T10:51:33.867+0200] {logging_mixin.py:150} INFO - [2023-08-05T10:51:33.866+0200] {dagbag.py:541} INFO - Filling up the DagBag from /Users/felipe.vasconcelos/repos/courses/python-learnings/.venv/lib/python3.10/site-packages/airflow/example_dags/example_python_operator.py
[2023-08-05T10:51:33.928+0200] {processor.py:836} INFO - DAG(s) dict_keys(['example_python_operator']) retrieved from /Users/felipe.vasconcelos/repos/courses/python-learnings/.venv/lib/python3.10/site-packages/airflow/example_dags/example_python_operator.py
[2023-08-05T10:51:34.770+0200] {logging_mixin.py:150} INFO - [2023-08-05T10:51:34.769+0200] {dag.py:2742} INFO - Sync 1 DAGs
[2023-08-05T10:51:34.787+0200] {logging_mixin.py:150} INFO - [2023-08-05T10:51:34.787+0200] {dag.py:3504} INFO - Setting next_dagrun for example_python_operator to None, run_after=None
[2023-08-05T10:51:34.809+0200] {processor.py:179} INFO - Processing /Users/felipe.vasconcelos/repos/courses/python-learnings/.venv/lib/python3.10/site-packages/airflow/example_dags/example_python_operator.py took 0.950 seconds
[2023-08-05T10:53:44.967+0200] {processor.py:157} INFO - Started process (PID=83014) to work on /Users/felipe.vasconcelos/repos/courses/python-learnings/.venv/lib/python3.10/site-packages/airflow/example_dags/example_python_operator.py
[2023-08-05T10:53:44.974+0200] {processor.py:826} INFO - Processing file /Users/felipe.vasconcelos/repos/courses/python-learnings/.venv/lib/python3.10/site-packages/airflow/example_dags/example_python_operator.py for tasks to queue
[2023-08-05T10:53:44.974+0200] {logging_mixin.py:150} INFO - [2023-08-05T10:53:44.974+0200] {dagbag.py:541} INFO - Filling up the DagBag from /Users/felipe.vasconcelos/repos/courses/python-learnings/.venv/lib/python3.10/site-packages/airflow/example_dags/example_python_operator.py
[2023-08-05T10:53:45.037+0200] {processor.py:836} INFO - DAG(s) dict_keys(['example_python_operator']) retrieved from /Users/felipe.vasconcelos/repos/courses/python-learnings/.venv/lib/python3.10/site-packages/airflow/example_dags/example_python_operator.py
[2023-08-05T10:53:45.916+0200] {logging_mixin.py:150} INFO - [2023-08-05T10:53:45.915+0200] {dag.py:2742} INFO - Sync 1 DAGs
[2023-08-05T10:53:45.934+0200] {logging_mixin.py:150} INFO - [2023-08-05T10:53:45.934+0200] {dag.py:3504} INFO - Setting next_dagrun for example_python_operator to None, run_after=None
[2023-08-05T10:53:45.956+0200] {processor.py:179} INFO - Processing /Users/felipe.vasconcelos/repos/courses/python-learnings/.venv/lib/python3.10/site-packages/airflow/example_dags/example_python_operator.py took 0.990 seconds
[2023-08-05T10:56:01.706+0200] {processor.py:157} INFO - Started process (PID=83079) to work on /Users/felipe.vasconcelos/repos/courses/python-learnings/.venv/lib/python3.10/site-packages/airflow/example_dags/example_python_operator.py
[2023-08-05T10:56:01.713+0200] {processor.py:826} INFO - Processing file /Users/felipe.vasconcelos/repos/courses/python-learnings/.venv/lib/python3.10/site-packages/airflow/example_dags/example_python_operator.py for tasks to queue
[2023-08-05T10:56:01.713+0200] {logging_mixin.py:150} INFO - [2023-08-05T10:56:01.713+0200] {dagbag.py:541} INFO - Filling up the DagBag from /Users/felipe.vasconcelos/repos/courses/python-learnings/.venv/lib/python3.10/site-packages/airflow/example_dags/example_python_operator.py
[2023-08-05T10:56:01.787+0200] {processor.py:836} INFO - DAG(s) dict_keys(['example_python_operator']) retrieved from /Users/felipe.vasconcelos/repos/courses/python-learnings/.venv/lib/python3.10/site-packages/airflow/example_dags/example_python_operator.py
[2023-08-05T10:56:02.707+0200] {logging_mixin.py:150} INFO - [2023-08-05T10:56:02.706+0200] {dag.py:2742} INFO - Sync 1 DAGs
[2023-08-05T10:56:02.727+0200] {logging_mixin.py:150} INFO - [2023-08-05T10:56:02.727+0200] {dag.py:3504} INFO - Setting next_dagrun for example_python_operator to None, run_after=None
[2023-08-05T10:56:02.750+0200] {processor.py:179} INFO - Processing /Users/felipe.vasconcelos/repos/courses/python-learnings/.venv/lib/python3.10/site-packages/airflow/example_dags/example_python_operator.py took 1.045 seconds
[2023-08-05T10:58:09.686+0200] {processor.py:157} INFO - Started process (PID=83143) to work on /Users/felipe.vasconcelos/repos/courses/python-learnings/.venv/lib/python3.10/site-packages/airflow/example_dags/example_python_operator.py
[2023-08-05T10:58:09.692+0200] {processor.py:826} INFO - Processing file /Users/felipe.vasconcelos/repos/courses/python-learnings/.venv/lib/python3.10/site-packages/airflow/example_dags/example_python_operator.py for tasks to queue
[2023-08-05T10:58:09.692+0200] {logging_mixin.py:150} INFO - [2023-08-05T10:58:09.692+0200] {dagbag.py:541} INFO - Filling up the DagBag from /Users/felipe.vasconcelos/repos/courses/python-learnings/.venv/lib/python3.10/site-packages/airflow/example_dags/example_python_operator.py
[2023-08-05T10:58:09.834+0200] {processor.py:836} INFO - DAG(s) dict_keys(['example_python_operator']) retrieved from /Users/felipe.vasconcelos/repos/courses/python-learnings/.venv/lib/python3.10/site-packages/airflow/example_dags/example_python_operator.py
[2023-08-05T10:58:10.942+0200] {logging_mixin.py:150} INFO - [2023-08-05T10:58:10.942+0200] {dag.py:2742} INFO - Sync 1 DAGs
[2023-08-05T10:58:10.958+0200] {logging_mixin.py:150} INFO - [2023-08-05T10:58:10.958+0200] {dag.py:3504} INFO - Setting next_dagrun for example_python_operator to None, run_after=None
[2023-08-05T10:58:10.978+0200] {processor.py:179} INFO - Processing /Users/felipe.vasconcelos/repos/courses/python-learnings/.venv/lib/python3.10/site-packages/airflow/example_dags/example_python_operator.py took 1.294 seconds
[2023-08-05T11:12:33.823+0200] {processor.py:157} INFO - Started process (PID=83274) to work on /Users/felipe.vasconcelos/repos/courses/python-learnings/.venv/lib/python3.10/site-packages/airflow/example_dags/example_python_operator.py
[2023-08-05T11:12:33.850+0200] {processor.py:826} INFO - Processing file /Users/felipe.vasconcelos/repos/courses/python-learnings/.venv/lib/python3.10/site-packages/airflow/example_dags/example_python_operator.py for tasks to queue
[2023-08-05T11:12:33.851+0200] {logging_mixin.py:150} INFO - [2023-08-05T11:12:33.851+0200] {dagbag.py:541} INFO - Filling up the DagBag from /Users/felipe.vasconcelos/repos/courses/python-learnings/.venv/lib/python3.10/site-packages/airflow/example_dags/example_python_operator.py
[2023-08-05T11:12:33.944+0200] {processor.py:836} INFO - DAG(s) dict_keys(['example_python_operator']) retrieved from /Users/felipe.vasconcelos/repos/courses/python-learnings/.venv/lib/python3.10/site-packages/airflow/example_dags/example_python_operator.py
[2023-08-05T11:12:35.091+0200] {logging_mixin.py:150} INFO - [2023-08-05T11:12:35.090+0200] {dag.py:2742} INFO - Sync 1 DAGs
[2023-08-05T11:12:35.108+0200] {logging_mixin.py:150} INFO - [2023-08-05T11:12:35.108+0200] {dag.py:3504} INFO - Setting next_dagrun for example_python_operator to None, run_after=None
[2023-08-05T11:12:35.128+0200] {processor.py:179} INFO - Processing /Users/felipe.vasconcelos/repos/courses/python-learnings/.venv/lib/python3.10/site-packages/airflow/example_dags/example_python_operator.py took 1.307 seconds
[2023-08-05T11:14:50.788+0200] {processor.py:157} INFO - Started process (PID=83339) to work on /Users/felipe.vasconcelos/repos/courses/python-learnings/.venv/lib/python3.10/site-packages/airflow/example_dags/example_python_operator.py
[2023-08-05T11:14:50.794+0200] {processor.py:826} INFO - Processing file /Users/felipe.vasconcelos/repos/courses/python-learnings/.venv/lib/python3.10/site-packages/airflow/example_dags/example_python_operator.py for tasks to queue
[2023-08-05T11:14:50.795+0200] {logging_mixin.py:150} INFO - [2023-08-05T11:14:50.795+0200] {dagbag.py:541} INFO - Filling up the DagBag from /Users/felipe.vasconcelos/repos/courses/python-learnings/.venv/lib/python3.10/site-packages/airflow/example_dags/example_python_operator.py
[2023-08-05T11:14:50.855+0200] {processor.py:836} INFO - DAG(s) dict_keys(['example_python_operator']) retrieved from /Users/felipe.vasconcelos/repos/courses/python-learnings/.venv/lib/python3.10/site-packages/airflow/example_dags/example_python_operator.py
[2023-08-05T11:14:51.748+0200] {logging_mixin.py:150} INFO - [2023-08-05T11:14:51.748+0200] {dag.py:2742} INFO - Sync 1 DAGs
[2023-08-05T11:14:51.768+0200] {logging_mixin.py:150} INFO - [2023-08-05T11:14:51.767+0200] {dag.py:3504} INFO - Setting next_dagrun for example_python_operator to None, run_after=None
[2023-08-05T11:14:51.793+0200] {processor.py:179} INFO - Processing /Users/felipe.vasconcelos/repos/courses/python-learnings/.venv/lib/python3.10/site-packages/airflow/example_dags/example_python_operator.py took 1.006 seconds
[2023-08-05T11:16:53.127+0200] {processor.py:157} INFO - Started process (PID=83396) to work on /Users/felipe.vasconcelos/repos/courses/python-learnings/.venv/lib/python3.10/site-packages/airflow/example_dags/example_python_operator.py
[2023-08-05T11:16:53.133+0200] {processor.py:826} INFO - Processing file /Users/felipe.vasconcelos/repos/courses/python-learnings/.venv/lib/python3.10/site-packages/airflow/example_dags/example_python_operator.py for tasks to queue
[2023-08-05T11:16:53.134+0200] {logging_mixin.py:150} INFO - [2023-08-05T11:16:53.134+0200] {dagbag.py:541} INFO - Filling up the DagBag from /Users/felipe.vasconcelos/repos/courses/python-learnings/.venv/lib/python3.10/site-packages/airflow/example_dags/example_python_operator.py
[2023-08-05T11:16:53.224+0200] {processor.py:836} INFO - DAG(s) dict_keys(['example_python_operator']) retrieved from /Users/felipe.vasconcelos/repos/courses/python-learnings/.venv/lib/python3.10/site-packages/airflow/example_dags/example_python_operator.py
[2023-08-05T11:16:54.189+0200] {logging_mixin.py:150} INFO - [2023-08-05T11:16:54.188+0200] {dag.py:2742} INFO - Sync 1 DAGs
[2023-08-05T11:16:54.206+0200] {logging_mixin.py:150} INFO - [2023-08-05T11:16:54.206+0200] {dag.py:3504} INFO - Setting next_dagrun for example_python_operator to None, run_after=None
[2023-08-05T11:16:54.228+0200] {processor.py:179} INFO - Processing /Users/felipe.vasconcelos/repos/courses/python-learnings/.venv/lib/python3.10/site-packages/airflow/example_dags/example_python_operator.py took 1.101 seconds
[2023-08-05T11:19:01.163+0200] {processor.py:157} INFO - Started process (PID=83460) to work on /Users/felipe.vasconcelos/repos/courses/python-learnings/.venv/lib/python3.10/site-packages/airflow/example_dags/example_python_operator.py
[2023-08-05T11:19:01.169+0200] {processor.py:826} INFO - Processing file /Users/felipe.vasconcelos/repos/courses/python-learnings/.venv/lib/python3.10/site-packages/airflow/example_dags/example_python_operator.py for tasks to queue
[2023-08-05T11:19:01.170+0200] {logging_mixin.py:150} INFO - [2023-08-05T11:19:01.170+0200] {dagbag.py:541} INFO - Filling up the DagBag from /Users/felipe.vasconcelos/repos/courses/python-learnings/.venv/lib/python3.10/site-packages/airflow/example_dags/example_python_operator.py
[2023-08-05T11:19:01.239+0200] {processor.py:836} INFO - DAG(s) dict_keys(['example_python_operator']) retrieved from /Users/felipe.vasconcelos/repos/courses/python-learnings/.venv/lib/python3.10/site-packages/airflow/example_dags/example_python_operator.py
[2023-08-05T11:19:02.138+0200] {logging_mixin.py:150} INFO - [2023-08-05T11:19:02.137+0200] {dag.py:2742} INFO - Sync 1 DAGs
[2023-08-05T11:19:02.155+0200] {logging_mixin.py:150} INFO - [2023-08-05T11:19:02.155+0200] {dag.py:3504} INFO - Setting next_dagrun for example_python_operator to None, run_after=None
[2023-08-05T11:19:02.182+0200] {processor.py:179} INFO - Processing /Users/felipe.vasconcelos/repos/courses/python-learnings/.venv/lib/python3.10/site-packages/airflow/example_dags/example_python_operator.py took 1.019 seconds
[2023-08-05T11:21:13.602+0200] {processor.py:157} INFO - Started process (PID=83515) to work on /Users/felipe.vasconcelos/repos/courses/python-learnings/.venv/lib/python3.10/site-packages/airflow/example_dags/example_python_operator.py
[2023-08-05T11:21:13.610+0200] {processor.py:826} INFO - Processing file /Users/felipe.vasconcelos/repos/courses/python-learnings/.venv/lib/python3.10/site-packages/airflow/example_dags/example_python_operator.py for tasks to queue
[2023-08-05T11:21:13.611+0200] {logging_mixin.py:150} INFO - [2023-08-05T11:21:13.611+0200] {dagbag.py:541} INFO - Filling up the DagBag from /Users/felipe.vasconcelos/repos/courses/python-learnings/.venv/lib/python3.10/site-packages/airflow/example_dags/example_python_operator.py
[2023-08-05T11:21:13.949+0200] {processor.py:836} INFO - DAG(s) dict_keys(['example_python_operator']) retrieved from /Users/felipe.vasconcelos/repos/courses/python-learnings/.venv/lib/python3.10/site-packages/airflow/example_dags/example_python_operator.py
[2023-08-05T11:21:20.982+0200] {logging_mixin.py:150} INFO - [2023-08-05T11:21:20.981+0200] {dag.py:2742} INFO - Sync 1 DAGs
[2023-08-05T11:21:21.281+0200] {logging_mixin.py:150} INFO - [2023-08-05T11:21:21.275+0200] {dag.py:3504} INFO - Setting next_dagrun for example_python_operator to None, run_after=None
[2023-08-05T11:21:21.551+0200] {processor.py:179} INFO - Processing /Users/felipe.vasconcelos/repos/courses/python-learnings/.venv/lib/python3.10/site-packages/airflow/example_dags/example_python_operator.py took 8.003 seconds
[2023-08-05T11:23:43.060+0200] {processor.py:157} INFO - Started process (PID=83588) to work on /Users/felipe.vasconcelos/repos/courses/python-learnings/.venv/lib/python3.10/site-packages/airflow/example_dags/example_python_operator.py
[2023-08-05T11:23:43.067+0200] {processor.py:826} INFO - Processing file /Users/felipe.vasconcelos/repos/courses/python-learnings/.venv/lib/python3.10/site-packages/airflow/example_dags/example_python_operator.py for tasks to queue
[2023-08-05T11:23:43.068+0200] {logging_mixin.py:150} INFO - [2023-08-05T11:23:43.067+0200] {dagbag.py:541} INFO - Filling up the DagBag from /Users/felipe.vasconcelos/repos/courses/python-learnings/.venv/lib/python3.10/site-packages/airflow/example_dags/example_python_operator.py
[2023-08-05T11:23:43.132+0200] {processor.py:836} INFO - DAG(s) dict_keys(['example_python_operator']) retrieved from /Users/felipe.vasconcelos/repos/courses/python-learnings/.venv/lib/python3.10/site-packages/airflow/example_dags/example_python_operator.py
[2023-08-05T11:23:44.022+0200] {logging_mixin.py:150} INFO - [2023-08-05T11:23:44.022+0200] {dag.py:2742} INFO - Sync 1 DAGs
[2023-08-05T11:23:44.040+0200] {logging_mixin.py:150} INFO - [2023-08-05T11:23:44.040+0200] {dag.py:3504} INFO - Setting next_dagrun for example_python_operator to None, run_after=None
[2023-08-05T11:23:44.064+0200] {processor.py:179} INFO - Processing /Users/felipe.vasconcelos/repos/courses/python-learnings/.venv/lib/python3.10/site-packages/airflow/example_dags/example_python_operator.py took 1.005 seconds
[2023-08-05T11:25:52.530+0200] {processor.py:157} INFO - Started process (PID=83641) to work on /Users/felipe.vasconcelos/repos/courses/python-learnings/.venv/lib/python3.10/site-packages/airflow/example_dags/example_python_operator.py
[2023-08-05T11:25:52.536+0200] {processor.py:826} INFO - Processing file /Users/felipe.vasconcelos/repos/courses/python-learnings/.venv/lib/python3.10/site-packages/airflow/example_dags/example_python_operator.py for tasks to queue
[2023-08-05T11:25:52.537+0200] {logging_mixin.py:150} INFO - [2023-08-05T11:25:52.537+0200] {dagbag.py:541} INFO - Filling up the DagBag from /Users/felipe.vasconcelos/repos/courses/python-learnings/.venv/lib/python3.10/site-packages/airflow/example_dags/example_python_operator.py
[2023-08-05T11:25:52.605+0200] {processor.py:836} INFO - DAG(s) dict_keys(['example_python_operator']) retrieved from /Users/felipe.vasconcelos/repos/courses/python-learnings/.venv/lib/python3.10/site-packages/airflow/example_dags/example_python_operator.py
[2023-08-05T11:25:53.502+0200] {logging_mixin.py:150} INFO - [2023-08-05T11:25:53.502+0200] {dag.py:2742} INFO - Sync 1 DAGs
[2023-08-05T11:25:53.516+0200] {logging_mixin.py:150} INFO - [2023-08-05T11:25:53.516+0200] {dag.py:3504} INFO - Setting next_dagrun for example_python_operator to None, run_after=None
[2023-08-05T11:25:53.535+0200] {processor.py:179} INFO - Processing /Users/felipe.vasconcelos/repos/courses/python-learnings/.venv/lib/python3.10/site-packages/airflow/example_dags/example_python_operator.py took 1.006 seconds
[2023-08-05T11:28:08.082+0200] {processor.py:157} INFO - Started process (PID=83701) to work on /Users/felipe.vasconcelos/repos/courses/python-learnings/.venv/lib/python3.10/site-packages/airflow/example_dags/example_python_operator.py
[2023-08-05T11:28:08.088+0200] {processor.py:826} INFO - Processing file /Users/felipe.vasconcelos/repos/courses/python-learnings/.venv/lib/python3.10/site-packages/airflow/example_dags/example_python_operator.py for tasks to queue
[2023-08-05T11:28:08.089+0200] {logging_mixin.py:150} INFO - [2023-08-05T11:28:08.089+0200] {dagbag.py:541} INFO - Filling up the DagBag from /Users/felipe.vasconcelos/repos/courses/python-learnings/.venv/lib/python3.10/site-packages/airflow/example_dags/example_python_operator.py
[2023-08-05T11:28:08.159+0200] {processor.py:836} INFO - DAG(s) dict_keys(['example_python_operator']) retrieved from /Users/felipe.vasconcelos/repos/courses/python-learnings/.venv/lib/python3.10/site-packages/airflow/example_dags/example_python_operator.py
[2023-08-05T11:28:09.074+0200] {logging_mixin.py:150} INFO - [2023-08-05T11:28:09.073+0200] {dag.py:2742} INFO - Sync 1 DAGs
[2023-08-05T11:28:09.092+0200] {logging_mixin.py:150} INFO - [2023-08-05T11:28:09.092+0200] {dag.py:3504} INFO - Setting next_dagrun for example_python_operator to None, run_after=None
[2023-08-05T11:28:09.113+0200] {processor.py:179} INFO - Processing /Users/felipe.vasconcelos/repos/courses/python-learnings/.venv/lib/python3.10/site-packages/airflow/example_dags/example_python_operator.py took 1.033 seconds
[2023-08-05T11:30:18.038+0200] {processor.py:157} INFO - Started process (PID=83758) to work on /Users/felipe.vasconcelos/repos/courses/python-learnings/.venv/lib/python3.10/site-packages/airflow/example_dags/example_python_operator.py
[2023-08-05T11:30:18.044+0200] {processor.py:826} INFO - Processing file /Users/felipe.vasconcelos/repos/courses/python-learnings/.venv/lib/python3.10/site-packages/airflow/example_dags/example_python_operator.py for tasks to queue
[2023-08-05T11:30:18.044+0200] {logging_mixin.py:150} INFO - [2023-08-05T11:30:18.044+0200] {dagbag.py:541} INFO - Filling up the DagBag from /Users/felipe.vasconcelos/repos/courses/python-learnings/.venv/lib/python3.10/site-packages/airflow/example_dags/example_python_operator.py
[2023-08-05T11:30:18.112+0200] {processor.py:836} INFO - DAG(s) dict_keys(['example_python_operator']) retrieved from /Users/felipe.vasconcelos/repos/courses/python-learnings/.venv/lib/python3.10/site-packages/airflow/example_dags/example_python_operator.py
[2023-08-05T11:30:19.860+0200] {logging_mixin.py:150} INFO - [2023-08-05T11:30:19.859+0200] {dag.py:2742} INFO - Sync 1 DAGs
[2023-08-05T11:30:19.877+0200] {logging_mixin.py:150} INFO - [2023-08-05T11:30:19.877+0200] {dag.py:3504} INFO - Setting next_dagrun for example_python_operator to None, run_after=None
[2023-08-05T11:30:19.899+0200] {processor.py:179} INFO - Processing /Users/felipe.vasconcelos/repos/courses/python-learnings/.venv/lib/python3.10/site-packages/airflow/example_dags/example_python_operator.py took 1.862 seconds
[2023-08-05T11:33:33.808+0200] {processor.py:157} INFO - Started process (PID=83874) to work on /Users/felipe.vasconcelos/repos/courses/python-learnings/.venv/lib/python3.10/site-packages/airflow/example_dags/example_python_operator.py
[2023-08-05T11:33:33.815+0200] {processor.py:826} INFO - Processing file /Users/felipe.vasconcelos/repos/courses/python-learnings/.venv/lib/python3.10/site-packages/airflow/example_dags/example_python_operator.py for tasks to queue
[2023-08-05T11:33:33.816+0200] {logging_mixin.py:150} INFO - [2023-08-05T11:33:33.815+0200] {dagbag.py:541} INFO - Filling up the DagBag from /Users/felipe.vasconcelos/repos/courses/python-learnings/.venv/lib/python3.10/site-packages/airflow/example_dags/example_python_operator.py
[2023-08-05T11:33:33.879+0200] {processor.py:836} INFO - DAG(s) dict_keys(['example_python_operator']) retrieved from /Users/felipe.vasconcelos/repos/courses/python-learnings/.venv/lib/python3.10/site-packages/airflow/example_dags/example_python_operator.py
[2023-08-05T11:33:34.906+0200] {logging_mixin.py:150} INFO - [2023-08-05T11:33:34.905+0200] {dag.py:2742} INFO - Sync 1 DAGs
[2023-08-05T11:33:34.926+0200] {logging_mixin.py:150} INFO - [2023-08-05T11:33:34.926+0200] {dag.py:3504} INFO - Setting next_dagrun for example_python_operator to None, run_after=None
[2023-08-05T11:33:34.951+0200] {processor.py:179} INFO - Processing /Users/felipe.vasconcelos/repos/courses/python-learnings/.venv/lib/python3.10/site-packages/airflow/example_dags/example_python_operator.py took 1.143 seconds
[2023-08-05T11:35:55.191+0200] {processor.py:157} INFO - Started process (PID=83950) to work on /Users/felipe.vasconcelos/repos/courses/python-learnings/.venv/lib/python3.10/site-packages/airflow/example_dags/example_python_operator.py
[2023-08-05T11:35:55.197+0200] {processor.py:826} INFO - Processing file /Users/felipe.vasconcelos/repos/courses/python-learnings/.venv/lib/python3.10/site-packages/airflow/example_dags/example_python_operator.py for tasks to queue
[2023-08-05T11:35:55.198+0200] {logging_mixin.py:150} INFO - [2023-08-05T11:35:55.198+0200] {dagbag.py:541} INFO - Filling up the DagBag from /Users/felipe.vasconcelos/repos/courses/python-learnings/.venv/lib/python3.10/site-packages/airflow/example_dags/example_python_operator.py
[2023-08-05T11:35:55.263+0200] {processor.py:836} INFO - DAG(s) dict_keys(['example_python_operator']) retrieved from /Users/felipe.vasconcelos/repos/courses/python-learnings/.venv/lib/python3.10/site-packages/airflow/example_dags/example_python_operator.py
[2023-08-05T11:35:56.208+0200] {logging_mixin.py:150} INFO - [2023-08-05T11:35:56.208+0200] {dag.py:2742} INFO - Sync 1 DAGs
[2023-08-05T11:35:56.226+0200] {logging_mixin.py:150} INFO - [2023-08-05T11:35:56.226+0200] {dag.py:3504} INFO - Setting next_dagrun for example_python_operator to None, run_after=None
[2023-08-05T11:35:56.248+0200] {processor.py:179} INFO - Processing /Users/felipe.vasconcelos/repos/courses/python-learnings/.venv/lib/python3.10/site-packages/airflow/example_dags/example_python_operator.py took 1.058 seconds
[2023-08-05T11:38:04.088+0200] {processor.py:157} INFO - Started process (PID=84011) to work on /Users/felipe.vasconcelos/repos/courses/python-learnings/.venv/lib/python3.10/site-packages/airflow/example_dags/example_python_operator.py
[2023-08-05T11:38:04.094+0200] {processor.py:826} INFO - Processing file /Users/felipe.vasconcelos/repos/courses/python-learnings/.venv/lib/python3.10/site-packages/airflow/example_dags/example_python_operator.py for tasks to queue
[2023-08-05T11:38:04.095+0200] {logging_mixin.py:150} INFO - [2023-08-05T11:38:04.095+0200] {dagbag.py:541} INFO - Filling up the DagBag from /Users/felipe.vasconcelos/repos/courses/python-learnings/.venv/lib/python3.10/site-packages/airflow/example_dags/example_python_operator.py
[2023-08-05T11:38:04.159+0200] {processor.py:836} INFO - DAG(s) dict_keys(['example_python_operator']) retrieved from /Users/felipe.vasconcelos/repos/courses/python-learnings/.venv/lib/python3.10/site-packages/airflow/example_dags/example_python_operator.py
[2023-08-05T11:38:04.999+0200] {logging_mixin.py:150} INFO - [2023-08-05T11:38:04.998+0200] {dag.py:2742} INFO - Sync 1 DAGs
[2023-08-05T11:38:05.016+0200] {logging_mixin.py:150} INFO - [2023-08-05T11:38:05.015+0200] {dag.py:3504} INFO - Setting next_dagrun for example_python_operator to None, run_after=None
[2023-08-05T11:38:05.038+0200] {processor.py:179} INFO - Processing /Users/felipe.vasconcelos/repos/courses/python-learnings/.venv/lib/python3.10/site-packages/airflow/example_dags/example_python_operator.py took 0.951 seconds
[2023-08-05T11:40:25.699+0200] {processor.py:157} INFO - Started process (PID=84081) to work on /Users/felipe.vasconcelos/repos/courses/python-learnings/.venv/lib/python3.10/site-packages/airflow/example_dags/example_python_operator.py
[2023-08-05T11:40:25.705+0200] {processor.py:826} INFO - Processing file /Users/felipe.vasconcelos/repos/courses/python-learnings/.venv/lib/python3.10/site-packages/airflow/example_dags/example_python_operator.py for tasks to queue
[2023-08-05T11:40:25.706+0200] {logging_mixin.py:150} INFO - [2023-08-05T11:40:25.706+0200] {dagbag.py:541} INFO - Filling up the DagBag from /Users/felipe.vasconcelos/repos/courses/python-learnings/.venv/lib/python3.10/site-packages/airflow/example_dags/example_python_operator.py
[2023-08-05T11:40:25.774+0200] {processor.py:836} INFO - DAG(s) dict_keys(['example_python_operator']) retrieved from /Users/felipe.vasconcelos/repos/courses/python-learnings/.venv/lib/python3.10/site-packages/airflow/example_dags/example_python_operator.py
[2023-08-05T11:40:26.653+0200] {logging_mixin.py:150} INFO - [2023-08-05T11:40:26.652+0200] {dag.py:2742} INFO - Sync 1 DAGs
[2023-08-05T11:40:26.667+0200] {logging_mixin.py:150} INFO - [2023-08-05T11:40:26.667+0200] {dag.py:3504} INFO - Setting next_dagrun for example_python_operator to None, run_after=None
[2023-08-05T11:40:26.686+0200] {processor.py:179} INFO - Processing /Users/felipe.vasconcelos/repos/courses/python-learnings/.venv/lib/python3.10/site-packages/airflow/example_dags/example_python_operator.py took 0.989 seconds
[2023-08-05T11:42:30.315+0200] {processor.py:157} INFO - Started process (PID=84148) to work on /Users/felipe.vasconcelos/repos/courses/python-learnings/.venv/lib/python3.10/site-packages/airflow/example_dags/example_python_operator.py
[2023-08-05T11:42:30.322+0200] {processor.py:826} INFO - Processing file /Users/felipe.vasconcelos/repos/courses/python-learnings/.venv/lib/python3.10/site-packages/airflow/example_dags/example_python_operator.py for tasks to queue
[2023-08-05T11:42:30.324+0200] {logging_mixin.py:150} INFO - [2023-08-05T11:42:30.324+0200] {dagbag.py:541} INFO - Filling up the DagBag from /Users/felipe.vasconcelos/repos/courses/python-learnings/.venv/lib/python3.10/site-packages/airflow/example_dags/example_python_operator.py
[2023-08-05T11:42:30.407+0200] {processor.py:836} INFO - DAG(s) dict_keys(['example_python_operator']) retrieved from /Users/felipe.vasconcelos/repos/courses/python-learnings/.venv/lib/python3.10/site-packages/airflow/example_dags/example_python_operator.py
[2023-08-05T11:42:31.417+0200] {logging_mixin.py:150} INFO - [2023-08-05T11:42:31.417+0200] {dag.py:2742} INFO - Sync 1 DAGs
[2023-08-05T11:42:31.438+0200] {logging_mixin.py:150} INFO - [2023-08-05T11:42:31.438+0200] {dag.py:3504} INFO - Setting next_dagrun for example_python_operator to None, run_after=None
[2023-08-05T11:42:31.462+0200] {processor.py:179} INFO - Processing /Users/felipe.vasconcelos/repos/courses/python-learnings/.venv/lib/python3.10/site-packages/airflow/example_dags/example_python_operator.py took 1.149 seconds
[2023-08-05T11:44:36.284+0200] {processor.py:157} INFO - Started process (PID=84209) to work on /Users/felipe.vasconcelos/repos/courses/python-learnings/.venv/lib/python3.10/site-packages/airflow/example_dags/example_python_operator.py
[2023-08-05T11:44:36.290+0200] {processor.py:826} INFO - Processing file /Users/felipe.vasconcelos/repos/courses/python-learnings/.venv/lib/python3.10/site-packages/airflow/example_dags/example_python_operator.py for tasks to queue
[2023-08-05T11:44:36.291+0200] {logging_mixin.py:150} INFO - [2023-08-05T11:44:36.291+0200] {dagbag.py:541} INFO - Filling up the DagBag from /Users/felipe.vasconcelos/repos/courses/python-learnings/.venv/lib/python3.10/site-packages/airflow/example_dags/example_python_operator.py
[2023-08-05T11:44:36.353+0200] {processor.py:836} INFO - DAG(s) dict_keys(['example_python_operator']) retrieved from /Users/felipe.vasconcelos/repos/courses/python-learnings/.venv/lib/python3.10/site-packages/airflow/example_dags/example_python_operator.py
[2023-08-05T11:44:37.195+0200] {logging_mixin.py:150} INFO - [2023-08-05T11:44:37.195+0200] {dag.py:2742} INFO - Sync 1 DAGs
[2023-08-05T11:44:37.213+0200] {logging_mixin.py:150} INFO - [2023-08-05T11:44:37.213+0200] {dag.py:3504} INFO - Setting next_dagrun for example_python_operator to None, run_after=None
[2023-08-05T11:44:37.235+0200] {processor.py:179} INFO - Processing /Users/felipe.vasconcelos/repos/courses/python-learnings/.venv/lib/python3.10/site-packages/airflow/example_dags/example_python_operator.py took 0.952 seconds
[2023-08-05T11:46:51.716+0200] {processor.py:157} INFO - Started process (PID=84275) to work on /Users/felipe.vasconcelos/repos/courses/python-learnings/.venv/lib/python3.10/site-packages/airflow/example_dags/example_python_operator.py
[2023-08-05T11:46:51.728+0200] {processor.py:826} INFO - Processing file /Users/felipe.vasconcelos/repos/courses/python-learnings/.venv/lib/python3.10/site-packages/airflow/example_dags/example_python_operator.py for tasks to queue
[2023-08-05T11:46:51.729+0200] {logging_mixin.py:150} INFO - [2023-08-05T11:46:51.729+0200] {dagbag.py:541} INFO - Filling up the DagBag from /Users/felipe.vasconcelos/repos/courses/python-learnings/.venv/lib/python3.10/site-packages/airflow/example_dags/example_python_operator.py
[2023-08-05T11:46:52.013+0200] {processor.py:836} INFO - DAG(s) dict_keys(['example_python_operator']) retrieved from /Users/felipe.vasconcelos/repos/courses/python-learnings/.venv/lib/python3.10/site-packages/airflow/example_dags/example_python_operator.py
[2023-08-05T11:46:53.529+0200] {logging_mixin.py:150} INFO - [2023-08-05T11:46:53.528+0200] {dag.py:2742} INFO - Sync 1 DAGs
[2023-08-05T11:46:53.557+0200] {logging_mixin.py:150} INFO - [2023-08-05T11:46:53.556+0200] {dag.py:3504} INFO - Setting next_dagrun for example_python_operator to None, run_after=None
[2023-08-05T11:46:53.587+0200] {processor.py:179} INFO - Processing /Users/felipe.vasconcelos/repos/courses/python-learnings/.venv/lib/python3.10/site-packages/airflow/example_dags/example_python_operator.py took 1.872 seconds
[2023-08-05T11:49:48.460+0200] {processor.py:157} INFO - Started process (PID=84390) to work on /Users/felipe.vasconcelos/repos/courses/python-learnings/.venv/lib/python3.10/site-packages/airflow/example_dags/example_python_operator.py
[2023-08-05T11:49:48.466+0200] {processor.py:826} INFO - Processing file /Users/felipe.vasconcelos/repos/courses/python-learnings/.venv/lib/python3.10/site-packages/airflow/example_dags/example_python_operator.py for tasks to queue
[2023-08-05T11:49:48.467+0200] {logging_mixin.py:150} INFO - [2023-08-05T11:49:48.466+0200] {dagbag.py:541} INFO - Filling up the DagBag from /Users/felipe.vasconcelos/repos/courses/python-learnings/.venv/lib/python3.10/site-packages/airflow/example_dags/example_python_operator.py
[2023-08-05T11:49:48.530+0200] {processor.py:836} INFO - DAG(s) dict_keys(['example_python_operator']) retrieved from /Users/felipe.vasconcelos/repos/courses/python-learnings/.venv/lib/python3.10/site-packages/airflow/example_dags/example_python_operator.py
[2023-08-05T11:49:49.460+0200] {logging_mixin.py:150} INFO - [2023-08-05T11:49:49.460+0200] {dag.py:2742} INFO - Sync 1 DAGs
[2023-08-05T11:49:49.480+0200] {logging_mixin.py:150} INFO - [2023-08-05T11:49:49.480+0200] {dag.py:3504} INFO - Setting next_dagrun for example_python_operator to None, run_after=None
[2023-08-05T11:49:49.503+0200] {processor.py:179} INFO - Processing /Users/felipe.vasconcelos/repos/courses/python-learnings/.venv/lib/python3.10/site-packages/airflow/example_dags/example_python_operator.py took 1.045 seconds
[2023-08-05T11:52:04.697+0200] {processor.py:157} INFO - Started process (PID=84451) to work on /Users/felipe.vasconcelos/repos/courses/python-learnings/.venv/lib/python3.10/site-packages/airflow/example_dags/example_python_operator.py
[2023-08-05T11:52:04.703+0200] {processor.py:826} INFO - Processing file /Users/felipe.vasconcelos/repos/courses/python-learnings/.venv/lib/python3.10/site-packages/airflow/example_dags/example_python_operator.py for tasks to queue
[2023-08-05T11:52:04.704+0200] {logging_mixin.py:150} INFO - [2023-08-05T11:52:04.704+0200] {dagbag.py:541} INFO - Filling up the DagBag from /Users/felipe.vasconcelos/repos/courses/python-learnings/.venv/lib/python3.10/site-packages/airflow/example_dags/example_python_operator.py
[2023-08-05T11:52:04.772+0200] {processor.py:836} INFO - DAG(s) dict_keys(['example_python_operator']) retrieved from /Users/felipe.vasconcelos/repos/courses/python-learnings/.venv/lib/python3.10/site-packages/airflow/example_dags/example_python_operator.py
[2023-08-05T11:52:05.655+0200] {logging_mixin.py:150} INFO - [2023-08-05T11:52:05.654+0200] {dag.py:2742} INFO - Sync 1 DAGs
[2023-08-05T11:52:05.670+0200] {logging_mixin.py:150} INFO - [2023-08-05T11:52:05.670+0200] {dag.py:3504} INFO - Setting next_dagrun for example_python_operator to None, run_after=None
[2023-08-05T11:52:05.690+0200] {processor.py:179} INFO - Processing /Users/felipe.vasconcelos/repos/courses/python-learnings/.venv/lib/python3.10/site-packages/airflow/example_dags/example_python_operator.py took 0.994 seconds
[2023-08-05T11:54:11.076+0200] {processor.py:157} INFO - Started process (PID=84506) to work on /Users/felipe.vasconcelos/repos/courses/python-learnings/.venv/lib/python3.10/site-packages/airflow/example_dags/example_python_operator.py
[2023-08-05T11:54:11.082+0200] {processor.py:826} INFO - Processing file /Users/felipe.vasconcelos/repos/courses/python-learnings/.venv/lib/python3.10/site-packages/airflow/example_dags/example_python_operator.py for tasks to queue
[2023-08-05T11:54:11.083+0200] {logging_mixin.py:150} INFO - [2023-08-05T11:54:11.083+0200] {dagbag.py:541} INFO - Filling up the DagBag from /Users/felipe.vasconcelos/repos/courses/python-learnings/.venv/lib/python3.10/site-packages/airflow/example_dags/example_python_operator.py
[2023-08-05T11:54:11.165+0200] {processor.py:836} INFO - DAG(s) dict_keys(['example_python_operator']) retrieved from /Users/felipe.vasconcelos/repos/courses/python-learnings/.venv/lib/python3.10/site-packages/airflow/example_dags/example_python_operator.py
[2023-08-05T11:54:12.145+0200] {logging_mixin.py:150} INFO - [2023-08-05T11:54:12.144+0200] {dag.py:2742} INFO - Sync 1 DAGs
[2023-08-05T11:54:12.166+0200] {logging_mixin.py:150} INFO - [2023-08-05T11:54:12.166+0200] {dag.py:3504} INFO - Setting next_dagrun for example_python_operator to None, run_after=None
[2023-08-05T11:54:12.188+0200] {processor.py:179} INFO - Processing /Users/felipe.vasconcelos/repos/courses/python-learnings/.venv/lib/python3.10/site-packages/airflow/example_dags/example_python_operator.py took 1.113 seconds
[2023-08-05T11:56:15.978+0200] {processor.py:157} INFO - Started process (PID=84573) to work on /Users/felipe.vasconcelos/repos/courses/python-learnings/.venv/lib/python3.10/site-packages/airflow/example_dags/example_python_operator.py
[2023-08-05T11:56:15.983+0200] {processor.py:826} INFO - Processing file /Users/felipe.vasconcelos/repos/courses/python-learnings/.venv/lib/python3.10/site-packages/airflow/example_dags/example_python_operator.py for tasks to queue
[2023-08-05T11:56:15.984+0200] {logging_mixin.py:150} INFO - [2023-08-05T11:56:15.984+0200] {dagbag.py:541} INFO - Filling up the DagBag from /Users/felipe.vasconcelos/repos/courses/python-learnings/.venv/lib/python3.10/site-packages/airflow/example_dags/example_python_operator.py
[2023-08-05T11:56:16.048+0200] {processor.py:836} INFO - DAG(s) dict_keys(['example_python_operator']) retrieved from /Users/felipe.vasconcelos/repos/courses/python-learnings/.venv/lib/python3.10/site-packages/airflow/example_dags/example_python_operator.py
[2023-08-05T11:56:16.835+0200] {logging_mixin.py:150} INFO - [2023-08-05T11:56:16.834+0200] {dag.py:2742} INFO - Sync 1 DAGs
[2023-08-05T11:56:16.852+0200] {logging_mixin.py:150} INFO - [2023-08-05T11:56:16.852+0200] {dag.py:3504} INFO - Setting next_dagrun for example_python_operator to None, run_after=None
[2023-08-05T11:56:16.873+0200] {processor.py:179} INFO - Processing /Users/felipe.vasconcelos/repos/courses/python-learnings/.venv/lib/python3.10/site-packages/airflow/example_dags/example_python_operator.py took 0.896 seconds
[2023-08-05T11:58:23.153+0200] {processor.py:157} INFO - Started process (PID=84637) to work on /Users/felipe.vasconcelos/repos/courses/python-learnings/.venv/lib/python3.10/site-packages/airflow/example_dags/example_python_operator.py
[2023-08-05T11:58:23.159+0200] {processor.py:826} INFO - Processing file /Users/felipe.vasconcelos/repos/courses/python-learnings/.venv/lib/python3.10/site-packages/airflow/example_dags/example_python_operator.py for tasks to queue
[2023-08-05T11:58:23.160+0200] {logging_mixin.py:150} INFO - [2023-08-05T11:58:23.160+0200] {dagbag.py:541} INFO - Filling up the DagBag from /Users/felipe.vasconcelos/repos/courses/python-learnings/.venv/lib/python3.10/site-packages/airflow/example_dags/example_python_operator.py
[2023-08-05T11:58:23.224+0200] {processor.py:836} INFO - DAG(s) dict_keys(['example_python_operator']) retrieved from /Users/felipe.vasconcelos/repos/courses/python-learnings/.venv/lib/python3.10/site-packages/airflow/example_dags/example_python_operator.py
[2023-08-05T11:58:24.193+0200] {logging_mixin.py:150} INFO - [2023-08-05T11:58:24.193+0200] {dag.py:2742} INFO - Sync 1 DAGs
[2023-08-05T11:58:24.212+0200] {logging_mixin.py:150} INFO - [2023-08-05T11:58:24.212+0200] {dag.py:3504} INFO - Setting next_dagrun for example_python_operator to None, run_after=None
[2023-08-05T11:58:24.235+0200] {processor.py:179} INFO - Processing /Users/felipe.vasconcelos/repos/courses/python-learnings/.venv/lib/python3.10/site-packages/airflow/example_dags/example_python_operator.py took 1.084 seconds
[2023-08-05T12:01:55.643+0200] {processor.py:157} INFO - Started process (PID=84786) to work on /Users/felipe.vasconcelos/repos/courses/python-learnings/.venv/lib/python3.10/site-packages/airflow/example_dags/example_python_operator.py
[2023-08-05T12:01:55.656+0200] {processor.py:826} INFO - Processing file /Users/felipe.vasconcelos/repos/courses/python-learnings/.venv/lib/python3.10/site-packages/airflow/example_dags/example_python_operator.py for tasks to queue
[2023-08-05T12:01:55.658+0200] {logging_mixin.py:150} INFO - [2023-08-05T12:01:55.657+0200] {dagbag.py:541} INFO - Filling up the DagBag from /Users/felipe.vasconcelos/repos/courses/python-learnings/.venv/lib/python3.10/site-packages/airflow/example_dags/example_python_operator.py
[2023-08-05T12:01:55.744+0200] {processor.py:836} INFO - DAG(s) dict_keys(['example_python_operator']) retrieved from /Users/felipe.vasconcelos/repos/courses/python-learnings/.venv/lib/python3.10/site-packages/airflow/example_dags/example_python_operator.py
[2023-08-05T12:01:56.779+0200] {logging_mixin.py:150} INFO - [2023-08-05T12:01:56.779+0200] {dag.py:2742} INFO - Sync 1 DAGs
[2023-08-05T12:01:56.800+0200] {logging_mixin.py:150} INFO - [2023-08-05T12:01:56.800+0200] {dag.py:3504} INFO - Setting next_dagrun for example_python_operator to None, run_after=None
[2023-08-05T12:01:56.827+0200] {processor.py:179} INFO - Processing /Users/felipe.vasconcelos/repos/courses/python-learnings/.venv/lib/python3.10/site-packages/airflow/example_dags/example_python_operator.py took 1.186 seconds
