[2023-08-05T10:40:48.695+0200] {processor.py:157} INFO - Started process (PID=82623) to work on /Users/felipe.vasconcelos/repos/courses/python-learnings/.venv/lib/python3.10/site-packages/airflow/example_dags/example_dynamic_task_mapping_with_no_taskflow_operators.py
[2023-08-05T10:40:48.710+0200] {processor.py:826} INFO - Processing file /Users/felipe.vasconcelos/repos/courses/python-learnings/.venv/lib/python3.10/site-packages/airflow/example_dags/example_dynamic_task_mapping_with_no_taskflow_operators.py for tasks to queue
[2023-08-05T10:40:48.718+0200] {logging_mixin.py:150} INFO - [2023-08-05T10:40:48.716+0200] {dagbag.py:541} INFO - Filling up the DagBag from /Users/felipe.vasconcelos/repos/courses/python-learnings/.venv/lib/python3.10/site-packages/airflow/example_dags/example_dynamic_task_mapping_with_no_taskflow_operators.py
[2023-08-05T10:40:48.760+0200] {processor.py:836} INFO - DAG(s) dict_keys(['example_dynamic_task_mapping_with_no_taskflow_operators']) retrieved from /Users/felipe.vasconcelos/repos/courses/python-learnings/.venv/lib/python3.10/site-packages/airflow/example_dags/example_dynamic_task_mapping_with_no_taskflow_operators.py
[2023-08-05T10:40:49.745+0200] {logging_mixin.py:150} INFO - [2023-08-05T10:40:49.745+0200] {manager.py:504} INFO - Created Permission View: can delete on DAG:example_dynamic_task_mapping_with_no_taskflow_operators
[2023-08-05T10:40:49.758+0200] {logging_mixin.py:150} INFO - [2023-08-05T10:40:49.757+0200] {manager.py:504} INFO - Created Permission View: can read on DAG:example_dynamic_task_mapping_with_no_taskflow_operators
[2023-08-05T10:40:49.766+0200] {logging_mixin.py:150} INFO - [2023-08-05T10:40:49.766+0200] {manager.py:504} INFO - Created Permission View: can edit on DAG:example_dynamic_task_mapping_with_no_taskflow_operators
[2023-08-05T10:40:49.783+0200] {logging_mixin.py:150} INFO - [2023-08-05T10:40:49.783+0200] {dag.py:2742} INFO - Sync 1 DAGs
[2023-08-05T10:40:49.797+0200] {logging_mixin.py:150} INFO - [2023-08-05T10:40:49.797+0200] {dag.py:2763} INFO - Creating ORM DAG for example_dynamic_task_mapping_with_no_taskflow_operators
[2023-08-05T10:40:49.810+0200] {logging_mixin.py:150} INFO - [2023-08-05T10:40:49.810+0200] {dag.py:3504} INFO - Setting next_dagrun for example_dynamic_task_mapping_with_no_taskflow_operators to 2023-08-04T08:40:49.810090+00:00, run_after=2023-08-05T08:40:49.810090+00:00
[2023-08-05T10:40:49.838+0200] {processor.py:179} INFO - Processing /Users/felipe.vasconcelos/repos/courses/python-learnings/.venv/lib/python3.10/site-packages/airflow/example_dags/example_dynamic_task_mapping_with_no_taskflow_operators.py took 1.145 seconds
[2023-08-05T10:44:37.315+0200] {processor.py:157} INFO - Started process (PID=82733) to work on /Users/felipe.vasconcelos/repos/courses/python-learnings/.venv/lib/python3.10/site-packages/airflow/example_dags/example_dynamic_task_mapping_with_no_taskflow_operators.py
[2023-08-05T10:44:37.324+0200] {processor.py:826} INFO - Processing file /Users/felipe.vasconcelos/repos/courses/python-learnings/.venv/lib/python3.10/site-packages/airflow/example_dags/example_dynamic_task_mapping_with_no_taskflow_operators.py for tasks to queue
[2023-08-05T10:44:37.325+0200] {logging_mixin.py:150} INFO - [2023-08-05T10:44:37.325+0200] {dagbag.py:541} INFO - Filling up the DagBag from /Users/felipe.vasconcelos/repos/courses/python-learnings/.venv/lib/python3.10/site-packages/airflow/example_dags/example_dynamic_task_mapping_with_no_taskflow_operators.py
[2023-08-05T10:44:37.360+0200] {processor.py:836} INFO - DAG(s) dict_keys(['example_dynamic_task_mapping_with_no_taskflow_operators']) retrieved from /Users/felipe.vasconcelos/repos/courses/python-learnings/.venv/lib/python3.10/site-packages/airflow/example_dags/example_dynamic_task_mapping_with_no_taskflow_operators.py
[2023-08-05T10:44:38.455+0200] {logging_mixin.py:150} INFO - [2023-08-05T10:44:38.455+0200] {dag.py:2742} INFO - Sync 1 DAGs
[2023-08-05T10:44:38.483+0200] {logging_mixin.py:150} INFO - [2023-08-05T10:44:38.483+0200] {dag.py:3504} INFO - Setting next_dagrun for example_dynamic_task_mapping_with_no_taskflow_operators to 2023-08-04T08:44:38.483090+00:00, run_after=2023-08-05T08:44:38.483090+00:00
[2023-08-05T10:44:38.514+0200] {processor.py:179} INFO - Processing /Users/felipe.vasconcelos/repos/courses/python-learnings/.venv/lib/python3.10/site-packages/airflow/example_dags/example_dynamic_task_mapping_with_no_taskflow_operators.py took 1.201 seconds
[2023-08-05T10:49:50.087+0200] {processor.py:157} INFO - Started process (PID=82907) to work on /Users/felipe.vasconcelos/repos/courses/python-learnings/.venv/lib/python3.10/site-packages/airflow/example_dags/example_dynamic_task_mapping_with_no_taskflow_operators.py
[2023-08-05T10:49:50.093+0200] {processor.py:826} INFO - Processing file /Users/felipe.vasconcelos/repos/courses/python-learnings/.venv/lib/python3.10/site-packages/airflow/example_dags/example_dynamic_task_mapping_with_no_taskflow_operators.py for tasks to queue
[2023-08-05T10:49:50.094+0200] {logging_mixin.py:150} INFO - [2023-08-05T10:49:50.094+0200] {dagbag.py:541} INFO - Filling up the DagBag from /Users/felipe.vasconcelos/repos/courses/python-learnings/.venv/lib/python3.10/site-packages/airflow/example_dags/example_dynamic_task_mapping_with_no_taskflow_operators.py
[2023-08-05T10:49:50.119+0200] {processor.py:836} INFO - DAG(s) dict_keys(['example_dynamic_task_mapping_with_no_taskflow_operators']) retrieved from /Users/felipe.vasconcelos/repos/courses/python-learnings/.venv/lib/python3.10/site-packages/airflow/example_dags/example_dynamic_task_mapping_with_no_taskflow_operators.py
[2023-08-05T10:49:50.817+0200] {logging_mixin.py:150} INFO - [2023-08-05T10:49:50.816+0200] {dag.py:2742} INFO - Sync 1 DAGs
[2023-08-05T10:49:50.835+0200] {logging_mixin.py:150} INFO - [2023-08-05T10:49:50.835+0200] {dag.py:3504} INFO - Setting next_dagrun for example_dynamic_task_mapping_with_no_taskflow_operators to 2023-08-04T08:49:50.835531+00:00, run_after=2023-08-05T08:49:50.835531+00:00
[2023-08-05T10:49:50.857+0200] {processor.py:179} INFO - Processing /Users/felipe.vasconcelos/repos/courses/python-learnings/.venv/lib/python3.10/site-packages/airflow/example_dags/example_dynamic_task_mapping_with_no_taskflow_operators.py took 0.772 seconds
[2023-08-05T10:54:20.039+0200] {processor.py:157} INFO - Started process (PID=83031) to work on /Users/felipe.vasconcelos/repos/courses/python-learnings/.venv/lib/python3.10/site-packages/airflow/example_dags/example_dynamic_task_mapping_with_no_taskflow_operators.py
[2023-08-05T10:54:20.046+0200] {processor.py:826} INFO - Processing file /Users/felipe.vasconcelos/repos/courses/python-learnings/.venv/lib/python3.10/site-packages/airflow/example_dags/example_dynamic_task_mapping_with_no_taskflow_operators.py for tasks to queue
[2023-08-05T10:54:20.046+0200] {logging_mixin.py:150} INFO - [2023-08-05T10:54:20.046+0200] {dagbag.py:541} INFO - Filling up the DagBag from /Users/felipe.vasconcelos/repos/courses/python-learnings/.venv/lib/python3.10/site-packages/airflow/example_dags/example_dynamic_task_mapping_with_no_taskflow_operators.py
[2023-08-05T10:54:20.071+0200] {processor.py:836} INFO - DAG(s) dict_keys(['example_dynamic_task_mapping_with_no_taskflow_operators']) retrieved from /Users/felipe.vasconcelos/repos/courses/python-learnings/.venv/lib/python3.10/site-packages/airflow/example_dags/example_dynamic_task_mapping_with_no_taskflow_operators.py
[2023-08-05T10:54:20.767+0200] {logging_mixin.py:150} INFO - [2023-08-05T10:54:20.767+0200] {dag.py:2742} INFO - Sync 1 DAGs
[2023-08-05T10:54:20.784+0200] {logging_mixin.py:150} INFO - [2023-08-05T10:54:20.784+0200] {dag.py:3504} INFO - Setting next_dagrun for example_dynamic_task_mapping_with_no_taskflow_operators to 2023-08-04T08:54:20.784638+00:00, run_after=2023-08-05T08:54:20.784638+00:00
[2023-08-05T10:54:20.807+0200] {processor.py:179} INFO - Processing /Users/felipe.vasconcelos/repos/courses/python-learnings/.venv/lib/python3.10/site-packages/airflow/example_dags/example_dynamic_task_mapping_with_no_taskflow_operators.py took 0.768 seconds
[2023-08-05T10:58:41.111+0200] {processor.py:157} INFO - Started process (PID=83156) to work on /Users/felipe.vasconcelos/repos/courses/python-learnings/.venv/lib/python3.10/site-packages/airflow/example_dags/example_dynamic_task_mapping_with_no_taskflow_operators.py
[2023-08-05T10:58:41.116+0200] {processor.py:826} INFO - Processing file /Users/felipe.vasconcelos/repos/courses/python-learnings/.venv/lib/python3.10/site-packages/airflow/example_dags/example_dynamic_task_mapping_with_no_taskflow_operators.py for tasks to queue
[2023-08-05T10:58:41.117+0200] {logging_mixin.py:150} INFO - [2023-08-05T10:58:41.117+0200] {dagbag.py:541} INFO - Filling up the DagBag from /Users/felipe.vasconcelos/repos/courses/python-learnings/.venv/lib/python3.10/site-packages/airflow/example_dags/example_dynamic_task_mapping_with_no_taskflow_operators.py
[2023-08-05T10:58:41.151+0200] {processor.py:836} INFO - DAG(s) dict_keys(['example_dynamic_task_mapping_with_no_taskflow_operators']) retrieved from /Users/felipe.vasconcelos/repos/courses/python-learnings/.venv/lib/python3.10/site-packages/airflow/example_dags/example_dynamic_task_mapping_with_no_taskflow_operators.py
[2023-08-05T10:58:42.130+0200] {logging_mixin.py:150} INFO - [2023-08-05T10:58:42.130+0200] {dag.py:2742} INFO - Sync 1 DAGs
[2023-08-05T10:58:42.152+0200] {logging_mixin.py:150} INFO - [2023-08-05T10:58:42.152+0200] {dag.py:3504} INFO - Setting next_dagrun for example_dynamic_task_mapping_with_no_taskflow_operators to 2023-08-04T08:58:42.152086+00:00, run_after=2023-08-05T08:58:42.152086+00:00
[2023-08-05T10:58:42.184+0200] {processor.py:179} INFO - Processing /Users/felipe.vasconcelos/repos/courses/python-learnings/.venv/lib/python3.10/site-packages/airflow/example_dags/example_dynamic_task_mapping_with_no_taskflow_operators.py took 1.074 seconds
[2023-08-05T11:15:15.692+0200] {processor.py:157} INFO - Started process (PID=83351) to work on /Users/felipe.vasconcelos/repos/courses/python-learnings/.venv/lib/python3.10/site-packages/airflow/example_dags/example_dynamic_task_mapping_with_no_taskflow_operators.py
[2023-08-05T11:15:15.698+0200] {processor.py:826} INFO - Processing file /Users/felipe.vasconcelos/repos/courses/python-learnings/.venv/lib/python3.10/site-packages/airflow/example_dags/example_dynamic_task_mapping_with_no_taskflow_operators.py for tasks to queue
[2023-08-05T11:15:15.699+0200] {logging_mixin.py:150} INFO - [2023-08-05T11:15:15.699+0200] {dagbag.py:541} INFO - Filling up the DagBag from /Users/felipe.vasconcelos/repos/courses/python-learnings/.venv/lib/python3.10/site-packages/airflow/example_dags/example_dynamic_task_mapping_with_no_taskflow_operators.py
[2023-08-05T11:15:15.722+0200] {processor.py:836} INFO - DAG(s) dict_keys(['example_dynamic_task_mapping_with_no_taskflow_operators']) retrieved from /Users/felipe.vasconcelos/repos/courses/python-learnings/.venv/lib/python3.10/site-packages/airflow/example_dags/example_dynamic_task_mapping_with_no_taskflow_operators.py
[2023-08-05T11:15:16.460+0200] {logging_mixin.py:150} INFO - [2023-08-05T11:15:16.460+0200] {dag.py:2742} INFO - Sync 1 DAGs
[2023-08-05T11:15:16.477+0200] {logging_mixin.py:150} INFO - [2023-08-05T11:15:16.477+0200] {dag.py:3504} INFO - Setting next_dagrun for example_dynamic_task_mapping_with_no_taskflow_operators to 2023-08-04T09:15:16.477014+00:00, run_after=2023-08-05T09:15:16.477014+00:00
[2023-08-05T11:15:16.497+0200] {processor.py:179} INFO - Processing /Users/felipe.vasconcelos/repos/courses/python-learnings/.venv/lib/python3.10/site-packages/airflow/example_dags/example_dynamic_task_mapping_with_no_taskflow_operators.py took 0.806 seconds
[2023-08-05T11:19:31.769+0200] {processor.py:157} INFO - Started process (PID=83472) to work on /Users/felipe.vasconcelos/repos/courses/python-learnings/.venv/lib/python3.10/site-packages/airflow/example_dags/example_dynamic_task_mapping_with_no_taskflow_operators.py
[2023-08-05T11:19:31.775+0200] {processor.py:826} INFO - Processing file /Users/felipe.vasconcelos/repos/courses/python-learnings/.venv/lib/python3.10/site-packages/airflow/example_dags/example_dynamic_task_mapping_with_no_taskflow_operators.py for tasks to queue
[2023-08-05T11:19:31.776+0200] {logging_mixin.py:150} INFO - [2023-08-05T11:19:31.776+0200] {dagbag.py:541} INFO - Filling up the DagBag from /Users/felipe.vasconcelos/repos/courses/python-learnings/.venv/lib/python3.10/site-packages/airflow/example_dags/example_dynamic_task_mapping_with_no_taskflow_operators.py
[2023-08-05T11:19:31.800+0200] {processor.py:836} INFO - DAG(s) dict_keys(['example_dynamic_task_mapping_with_no_taskflow_operators']) retrieved from /Users/felipe.vasconcelos/repos/courses/python-learnings/.venv/lib/python3.10/site-packages/airflow/example_dags/example_dynamic_task_mapping_with_no_taskflow_operators.py
[2023-08-05T11:19:32.664+0200] {logging_mixin.py:150} INFO - [2023-08-05T11:19:32.664+0200] {dag.py:2742} INFO - Sync 1 DAGs
[2023-08-05T11:19:32.680+0200] {logging_mixin.py:150} INFO - [2023-08-05T11:19:32.680+0200] {dag.py:3504} INFO - Setting next_dagrun for example_dynamic_task_mapping_with_no_taskflow_operators to 2023-08-04T09:19:32.680608+00:00, run_after=2023-08-05T09:19:32.680608+00:00
[2023-08-05T11:19:32.699+0200] {processor.py:179} INFO - Processing /Users/felipe.vasconcelos/repos/courses/python-learnings/.venv/lib/python3.10/site-packages/airflow/example_dags/example_dynamic_task_mapping_with_no_taskflow_operators.py took 0.931 seconds
[2023-08-05T11:24:13.185+0200] {processor.py:157} INFO - Started process (PID=83600) to work on /Users/felipe.vasconcelos/repos/courses/python-learnings/.venv/lib/python3.10/site-packages/airflow/example_dags/example_dynamic_task_mapping_with_no_taskflow_operators.py
[2023-08-05T11:24:13.191+0200] {processor.py:826} INFO - Processing file /Users/felipe.vasconcelos/repos/courses/python-learnings/.venv/lib/python3.10/site-packages/airflow/example_dags/example_dynamic_task_mapping_with_no_taskflow_operators.py for tasks to queue
[2023-08-05T11:24:13.191+0200] {logging_mixin.py:150} INFO - [2023-08-05T11:24:13.191+0200] {dagbag.py:541} INFO - Filling up the DagBag from /Users/felipe.vasconcelos/repos/courses/python-learnings/.venv/lib/python3.10/site-packages/airflow/example_dags/example_dynamic_task_mapping_with_no_taskflow_operators.py
[2023-08-05T11:24:13.216+0200] {processor.py:836} INFO - DAG(s) dict_keys(['example_dynamic_task_mapping_with_no_taskflow_operators']) retrieved from /Users/felipe.vasconcelos/repos/courses/python-learnings/.venv/lib/python3.10/site-packages/airflow/example_dags/example_dynamic_task_mapping_with_no_taskflow_operators.py
[2023-08-05T11:24:13.970+0200] {logging_mixin.py:150} INFO - [2023-08-05T11:24:13.970+0200] {dag.py:2742} INFO - Sync 1 DAGs
[2023-08-05T11:24:13.994+0200] {logging_mixin.py:150} INFO - [2023-08-05T11:24:13.994+0200] {dag.py:3504} INFO - Setting next_dagrun for example_dynamic_task_mapping_with_no_taskflow_operators to 2023-08-04T09:24:13.994278+00:00, run_after=2023-08-05T09:24:13.994278+00:00
[2023-08-05T11:24:14.017+0200] {processor.py:179} INFO - Processing /Users/felipe.vasconcelos/repos/courses/python-learnings/.venv/lib/python3.10/site-packages/airflow/example_dags/example_dynamic_task_mapping_with_no_taskflow_operators.py took 0.833 seconds
[2023-08-05T11:28:40.132+0200] {processor.py:157} INFO - Started process (PID=83714) to work on /Users/felipe.vasconcelos/repos/courses/python-learnings/.venv/lib/python3.10/site-packages/airflow/example_dags/example_dynamic_task_mapping_with_no_taskflow_operators.py
[2023-08-05T11:28:40.138+0200] {processor.py:826} INFO - Processing file /Users/felipe.vasconcelos/repos/courses/python-learnings/.venv/lib/python3.10/site-packages/airflow/example_dags/example_dynamic_task_mapping_with_no_taskflow_operators.py for tasks to queue
[2023-08-05T11:28:40.139+0200] {logging_mixin.py:150} INFO - [2023-08-05T11:28:40.138+0200] {dagbag.py:541} INFO - Filling up the DagBag from /Users/felipe.vasconcelos/repos/courses/python-learnings/.venv/lib/python3.10/site-packages/airflow/example_dags/example_dynamic_task_mapping_with_no_taskflow_operators.py
[2023-08-05T11:28:40.164+0200] {processor.py:836} INFO - DAG(s) dict_keys(['example_dynamic_task_mapping_with_no_taskflow_operators']) retrieved from /Users/felipe.vasconcelos/repos/courses/python-learnings/.venv/lib/python3.10/site-packages/airflow/example_dags/example_dynamic_task_mapping_with_no_taskflow_operators.py
[2023-08-05T11:28:40.877+0200] {logging_mixin.py:150} INFO - [2023-08-05T11:28:40.876+0200] {dag.py:2742} INFO - Sync 1 DAGs
[2023-08-05T11:28:40.893+0200] {logging_mixin.py:150} INFO - [2023-08-05T11:28:40.893+0200] {dag.py:3504} INFO - Setting next_dagrun for example_dynamic_task_mapping_with_no_taskflow_operators to 2023-08-04T09:28:40.893477+00:00, run_after=2023-08-05T09:28:40.893477+00:00
[2023-08-05T11:28:40.912+0200] {processor.py:179} INFO - Processing /Users/felipe.vasconcelos/repos/courses/python-learnings/.venv/lib/python3.10/site-packages/airflow/example_dags/example_dynamic_task_mapping_with_no_taskflow_operators.py took 0.781 seconds
[2023-08-05T11:34:09.079+0200] {processor.py:157} INFO - Started process (PID=83893) to work on /Users/felipe.vasconcelos/repos/courses/python-learnings/.venv/lib/python3.10/site-packages/airflow/example_dags/example_dynamic_task_mapping_with_no_taskflow_operators.py
[2023-08-05T11:34:09.085+0200] {processor.py:826} INFO - Processing file /Users/felipe.vasconcelos/repos/courses/python-learnings/.venv/lib/python3.10/site-packages/airflow/example_dags/example_dynamic_task_mapping_with_no_taskflow_operators.py for tasks to queue
[2023-08-05T11:34:09.086+0200] {logging_mixin.py:150} INFO - [2023-08-05T11:34:09.085+0200] {dagbag.py:541} INFO - Filling up the DagBag from /Users/felipe.vasconcelos/repos/courses/python-learnings/.venv/lib/python3.10/site-packages/airflow/example_dags/example_dynamic_task_mapping_with_no_taskflow_operators.py
[2023-08-05T11:34:09.119+0200] {processor.py:836} INFO - DAG(s) dict_keys(['example_dynamic_task_mapping_with_no_taskflow_operators']) retrieved from /Users/felipe.vasconcelos/repos/courses/python-learnings/.venv/lib/python3.10/site-packages/airflow/example_dags/example_dynamic_task_mapping_with_no_taskflow_operators.py
[2023-08-05T11:34:10.098+0200] {logging_mixin.py:150} INFO - [2023-08-05T11:34:10.098+0200] {dag.py:2742} INFO - Sync 1 DAGs
[2023-08-05T11:34:10.128+0200] {logging_mixin.py:150} INFO - [2023-08-05T11:34:10.128+0200] {dag.py:3504} INFO - Setting next_dagrun for example_dynamic_task_mapping_with_no_taskflow_operators to 2023-08-04T09:34:10.128046+00:00, run_after=2023-08-05T09:34:10.128046+00:00
[2023-08-05T11:34:10.162+0200] {processor.py:179} INFO - Processing /Users/felipe.vasconcelos/repos/courses/python-learnings/.venv/lib/python3.10/site-packages/airflow/example_dags/example_dynamic_task_mapping_with_no_taskflow_operators.py took 1.085 seconds
[2023-08-05T11:38:31.072+0200] {processor.py:157} INFO - Started process (PID=84029) to work on /Users/felipe.vasconcelos/repos/courses/python-learnings/.venv/lib/python3.10/site-packages/airflow/example_dags/example_dynamic_task_mapping_with_no_taskflow_operators.py
[2023-08-05T11:38:31.078+0200] {processor.py:826} INFO - Processing file /Users/felipe.vasconcelos/repos/courses/python-learnings/.venv/lib/python3.10/site-packages/airflow/example_dags/example_dynamic_task_mapping_with_no_taskflow_operators.py for tasks to queue
[2023-08-05T11:38:31.079+0200] {logging_mixin.py:150} INFO - [2023-08-05T11:38:31.079+0200] {dagbag.py:541} INFO - Filling up the DagBag from /Users/felipe.vasconcelos/repos/courses/python-learnings/.venv/lib/python3.10/site-packages/airflow/example_dags/example_dynamic_task_mapping_with_no_taskflow_operators.py
[2023-08-05T11:38:31.102+0200] {processor.py:836} INFO - DAG(s) dict_keys(['example_dynamic_task_mapping_with_no_taskflow_operators']) retrieved from /Users/felipe.vasconcelos/repos/courses/python-learnings/.venv/lib/python3.10/site-packages/airflow/example_dags/example_dynamic_task_mapping_with_no_taskflow_operators.py
[2023-08-05T11:38:31.808+0200] {logging_mixin.py:150} INFO - [2023-08-05T11:38:31.808+0200] {dag.py:2742} INFO - Sync 1 DAGs
[2023-08-05T11:38:31.825+0200] {logging_mixin.py:150} INFO - [2023-08-05T11:38:31.824+0200] {dag.py:3504} INFO - Setting next_dagrun for example_dynamic_task_mapping_with_no_taskflow_operators to 2023-08-04T09:38:31.824845+00:00, run_after=2023-08-05T09:38:31.824845+00:00
[2023-08-05T11:38:31.845+0200] {processor.py:179} INFO - Processing /Users/felipe.vasconcelos/repos/courses/python-learnings/.venv/lib/python3.10/site-packages/airflow/example_dags/example_dynamic_task_mapping_with_no_taskflow_operators.py took 0.774 seconds
[2023-08-05T11:42:54.517+0200] {processor.py:157} INFO - Started process (PID=84157) to work on /Users/felipe.vasconcelos/repos/courses/python-learnings/.venv/lib/python3.10/site-packages/airflow/example_dags/example_dynamic_task_mapping_with_no_taskflow_operators.py
[2023-08-05T11:42:54.523+0200] {processor.py:826} INFO - Processing file /Users/felipe.vasconcelos/repos/courses/python-learnings/.venv/lib/python3.10/site-packages/airflow/example_dags/example_dynamic_task_mapping_with_no_taskflow_operators.py for tasks to queue
[2023-08-05T11:42:54.525+0200] {logging_mixin.py:150} INFO - [2023-08-05T11:42:54.524+0200] {dagbag.py:541} INFO - Filling up the DagBag from /Users/felipe.vasconcelos/repos/courses/python-learnings/.venv/lib/python3.10/site-packages/airflow/example_dags/example_dynamic_task_mapping_with_no_taskflow_operators.py
[2023-08-05T11:42:54.551+0200] {processor.py:836} INFO - DAG(s) dict_keys(['example_dynamic_task_mapping_with_no_taskflow_operators']) retrieved from /Users/felipe.vasconcelos/repos/courses/python-learnings/.venv/lib/python3.10/site-packages/airflow/example_dags/example_dynamic_task_mapping_with_no_taskflow_operators.py
[2023-08-05T11:42:55.346+0200] {logging_mixin.py:150} INFO - [2023-08-05T11:42:55.345+0200] {dag.py:2742} INFO - Sync 1 DAGs
[2023-08-05T11:42:55.364+0200] {logging_mixin.py:150} INFO - [2023-08-05T11:42:55.364+0200] {dag.py:3504} INFO - Setting next_dagrun for example_dynamic_task_mapping_with_no_taskflow_operators to 2023-08-04T09:42:55.364125+00:00, run_after=2023-08-05T09:42:55.364125+00:00
[2023-08-05T11:42:55.383+0200] {processor.py:179} INFO - Processing /Users/felipe.vasconcelos/repos/courses/python-learnings/.venv/lib/python3.10/site-packages/airflow/example_dags/example_dynamic_task_mapping_with_no_taskflow_operators.py took 0.868 seconds
[2023-08-05T11:47:26.053+0200] {processor.py:157} INFO - Started process (PID=84310) to work on /Users/felipe.vasconcelos/repos/courses/python-learnings/.venv/lib/python3.10/site-packages/airflow/example_dags/example_dynamic_task_mapping_with_no_taskflow_operators.py
[2023-08-05T11:47:26.062+0200] {processor.py:826} INFO - Processing file /Users/felipe.vasconcelos/repos/courses/python-learnings/.venv/lib/python3.10/site-packages/airflow/example_dags/example_dynamic_task_mapping_with_no_taskflow_operators.py for tasks to queue
[2023-08-05T11:47:26.063+0200] {logging_mixin.py:150} INFO - [2023-08-05T11:47:26.063+0200] {dagbag.py:541} INFO - Filling up the DagBag from /Users/felipe.vasconcelos/repos/courses/python-learnings/.venv/lib/python3.10/site-packages/airflow/example_dags/example_dynamic_task_mapping_with_no_taskflow_operators.py
[2023-08-05T11:47:26.091+0200] {processor.py:836} INFO - DAG(s) dict_keys(['example_dynamic_task_mapping_with_no_taskflow_operators']) retrieved from /Users/felipe.vasconcelos/repos/courses/python-learnings/.venv/lib/python3.10/site-packages/airflow/example_dags/example_dynamic_task_mapping_with_no_taskflow_operators.py
[2023-08-05T11:47:27.378+0200] {logging_mixin.py:150} INFO - [2023-08-05T11:47:27.378+0200] {dag.py:2742} INFO - Sync 1 DAGs
[2023-08-05T11:47:27.396+0200] {logging_mixin.py:150} INFO - [2023-08-05T11:47:27.396+0200] {dag.py:3504} INFO - Setting next_dagrun for example_dynamic_task_mapping_with_no_taskflow_operators to 2023-08-04T09:47:27.396434+00:00, run_after=2023-08-05T09:47:27.396434+00:00
[2023-08-05T11:47:27.419+0200] {processor.py:179} INFO - Processing /Users/felipe.vasconcelos/repos/courses/python-learnings/.venv/lib/python3.10/site-packages/airflow/example_dags/example_dynamic_task_mapping_with_no_taskflow_operators.py took 1.367 seconds
[2023-08-05T11:52:25.539+0200] {processor.py:157} INFO - Started process (PID=84462) to work on /Users/felipe.vasconcelos/repos/courses/python-learnings/.venv/lib/python3.10/site-packages/airflow/example_dags/example_dynamic_task_mapping_with_no_taskflow_operators.py
[2023-08-05T11:52:25.547+0200] {processor.py:826} INFO - Processing file /Users/felipe.vasconcelos/repos/courses/python-learnings/.venv/lib/python3.10/site-packages/airflow/example_dags/example_dynamic_task_mapping_with_no_taskflow_operators.py for tasks to queue
[2023-08-05T11:52:25.548+0200] {logging_mixin.py:150} INFO - [2023-08-05T11:52:25.548+0200] {dagbag.py:541} INFO - Filling up the DagBag from /Users/felipe.vasconcelos/repos/courses/python-learnings/.venv/lib/python3.10/site-packages/airflow/example_dags/example_dynamic_task_mapping_with_no_taskflow_operators.py
[2023-08-05T11:52:25.575+0200] {processor.py:836} INFO - DAG(s) dict_keys(['example_dynamic_task_mapping_with_no_taskflow_operators']) retrieved from /Users/felipe.vasconcelos/repos/courses/python-learnings/.venv/lib/python3.10/site-packages/airflow/example_dags/example_dynamic_task_mapping_with_no_taskflow_operators.py
[2023-08-05T11:52:26.437+0200] {logging_mixin.py:150} INFO - [2023-08-05T11:52:26.437+0200] {dag.py:2742} INFO - Sync 1 DAGs
[2023-08-05T11:52:26.458+0200] {logging_mixin.py:150} INFO - [2023-08-05T11:52:26.458+0200] {dag.py:3504} INFO - Setting next_dagrun for example_dynamic_task_mapping_with_no_taskflow_operators to 2023-08-04T09:52:26.458420+00:00, run_after=2023-08-05T09:52:26.458420+00:00
[2023-08-05T11:52:26.485+0200] {processor.py:179} INFO - Processing /Users/felipe.vasconcelos/repos/courses/python-learnings/.venv/lib/python3.10/site-packages/airflow/example_dags/example_dynamic_task_mapping_with_no_taskflow_operators.py took 0.947 seconds
[2023-08-05T11:56:36.321+0200] {processor.py:157} INFO - Started process (PID=84586) to work on /Users/felipe.vasconcelos/repos/courses/python-learnings/.venv/lib/python3.10/site-packages/airflow/example_dags/example_dynamic_task_mapping_with_no_taskflow_operators.py
[2023-08-05T11:56:36.327+0200] {processor.py:826} INFO - Processing file /Users/felipe.vasconcelos/repos/courses/python-learnings/.venv/lib/python3.10/site-packages/airflow/example_dags/example_dynamic_task_mapping_with_no_taskflow_operators.py for tasks to queue
[2023-08-05T11:56:36.328+0200] {logging_mixin.py:150} INFO - [2023-08-05T11:56:36.328+0200] {dagbag.py:541} INFO - Filling up the DagBag from /Users/felipe.vasconcelos/repos/courses/python-learnings/.venv/lib/python3.10/site-packages/airflow/example_dags/example_dynamic_task_mapping_with_no_taskflow_operators.py
[2023-08-05T11:56:36.352+0200] {processor.py:836} INFO - DAG(s) dict_keys(['example_dynamic_task_mapping_with_no_taskflow_operators']) retrieved from /Users/felipe.vasconcelos/repos/courses/python-learnings/.venv/lib/python3.10/site-packages/airflow/example_dags/example_dynamic_task_mapping_with_no_taskflow_operators.py
[2023-08-05T11:56:37.044+0200] {logging_mixin.py:150} INFO - [2023-08-05T11:56:37.044+0200] {dag.py:2742} INFO - Sync 1 DAGs
[2023-08-05T11:56:37.061+0200] {logging_mixin.py:150} INFO - [2023-08-05T11:56:37.061+0200] {dag.py:3504} INFO - Setting next_dagrun for example_dynamic_task_mapping_with_no_taskflow_operators to 2023-08-04T09:56:37.061133+00:00, run_after=2023-08-05T09:56:37.061133+00:00
[2023-08-05T11:56:37.080+0200] {processor.py:179} INFO - Processing /Users/felipe.vasconcelos/repos/courses/python-learnings/.venv/lib/python3.10/site-packages/airflow/example_dags/example_dynamic_task_mapping_with_no_taskflow_operators.py took 0.761 seconds
[2023-08-05T12:02:45.267+0200] {processor.py:157} INFO - Started process (PID=84830) to work on /Users/felipe.vasconcelos/repos/courses/python-learnings/.venv/lib/python3.10/site-packages/airflow/example_dags/example_dynamic_task_mapping_with_no_taskflow_operators.py
[2023-08-05T12:02:45.276+0200] {processor.py:826} INFO - Processing file /Users/felipe.vasconcelos/repos/courses/python-learnings/.venv/lib/python3.10/site-packages/airflow/example_dags/example_dynamic_task_mapping_with_no_taskflow_operators.py for tasks to queue
[2023-08-05T12:02:45.277+0200] {logging_mixin.py:150} INFO - [2023-08-05T12:02:45.277+0200] {dagbag.py:541} INFO - Filling up the DagBag from /Users/felipe.vasconcelos/repos/courses/python-learnings/.venv/lib/python3.10/site-packages/airflow/example_dags/example_dynamic_task_mapping_with_no_taskflow_operators.py
[2023-08-05T12:02:45.317+0200] {processor.py:836} INFO - DAG(s) dict_keys(['example_dynamic_task_mapping_with_no_taskflow_operators']) retrieved from /Users/felipe.vasconcelos/repos/courses/python-learnings/.venv/lib/python3.10/site-packages/airflow/example_dags/example_dynamic_task_mapping_with_no_taskflow_operators.py
[2023-08-05T12:02:48.511+0200] {logging_mixin.py:150} INFO - [2023-08-05T12:02:48.511+0200] {dag.py:2742} INFO - Sync 1 DAGs
[2023-08-05T12:02:48.529+0200] {logging_mixin.py:150} INFO - [2023-08-05T12:02:48.529+0200] {dag.py:3504} INFO - Setting next_dagrun for example_dynamic_task_mapping_with_no_taskflow_operators to 2023-08-04T10:02:48.529379+00:00, run_after=2023-08-05T10:02:48.529379+00:00
[2023-08-05T12:02:48.551+0200] {processor.py:179} INFO - Processing /Users/felipe.vasconcelos/repos/courses/python-learnings/.venv/lib/python3.10/site-packages/airflow/example_dags/example_dynamic_task_mapping_with_no_taskflow_operators.py took 3.285 seconds
