[2023-08-05T10:39:11.957+0200] {processor.py:157} INFO - Started process (PID=82586) to work on /Users/felipe.vasconcelos/repos/courses/python-learnings/.venv/lib/python3.10/site-packages/airflow/example_dags/example_time_delta_sensor_async.py
[2023-08-05T10:39:11.967+0200] {processor.py:826} INFO - Processing file /Users/felipe.vasconcelos/repos/courses/python-learnings/.venv/lib/python3.10/site-packages/airflow/example_dags/example_time_delta_sensor_async.py for tasks to queue
[2023-08-05T10:39:11.968+0200] {logging_mixin.py:150} INFO - [2023-08-05T10:39:11.968+0200] {dagbag.py:541} INFO - Filling up the DagBag from /Users/felipe.vasconcelos/repos/courses/python-learnings/.venv/lib/python3.10/site-packages/airflow/example_dags/example_time_delta_sensor_async.py
[2023-08-05T10:39:12.010+0200] {processor.py:836} INFO - DAG(s) dict_keys(['example_time_delta_sensor_async']) retrieved from /Users/felipe.vasconcelos/repos/courses/python-learnings/.venv/lib/python3.10/site-packages/airflow/example_dags/example_time_delta_sensor_async.py
[2023-08-05T10:39:14.090+0200] {logging_mixin.py:150} INFO - [2023-08-05T10:39:14.090+0200] {manager.py:504} INFO - Created Permission View: can edit on DAG:example_time_delta_sensor_async
[2023-08-05T10:39:14.112+0200] {logging_mixin.py:150} INFO - [2023-08-05T10:39:14.111+0200] {manager.py:504} INFO - Created Permission View: can read on DAG:example_time_delta_sensor_async
[2023-08-05T10:39:14.123+0200] {logging_mixin.py:150} INFO - [2023-08-05T10:39:14.122+0200] {manager.py:504} INFO - Created Permission View: can delete on DAG:example_time_delta_sensor_async
[2023-08-05T10:39:14.149+0200] {logging_mixin.py:150} INFO - [2023-08-05T10:39:14.148+0200] {dag.py:2742} INFO - Sync 1 DAGs
[2023-08-05T10:39:14.171+0200] {logging_mixin.py:150} INFO - [2023-08-05T10:39:14.171+0200] {dag.py:2763} INFO - Creating ORM DAG for example_time_delta_sensor_async
[2023-08-05T10:39:14.200+0200] {logging_mixin.py:150} INFO - [2023-08-05T10:39:14.200+0200] {dag.py:3504} INFO - Setting next_dagrun for example_time_delta_sensor_async to None, run_after=None
[2023-08-05T10:39:14.251+0200] {processor.py:179} INFO - Processing /Users/felipe.vasconcelos/repos/courses/python-learnings/.venv/lib/python3.10/site-packages/airflow/example_dags/example_time_delta_sensor_async.py took 2.295 seconds
[2023-08-05T10:42:18.675+0200] {processor.py:157} INFO - Started process (PID=82665) to work on /Users/felipe.vasconcelos/repos/courses/python-learnings/.venv/lib/python3.10/site-packages/airflow/example_dags/example_time_delta_sensor_async.py
[2023-08-05T10:42:18.681+0200] {processor.py:826} INFO - Processing file /Users/felipe.vasconcelos/repos/courses/python-learnings/.venv/lib/python3.10/site-packages/airflow/example_dags/example_time_delta_sensor_async.py for tasks to queue
[2023-08-05T10:42:18.682+0200] {logging_mixin.py:150} INFO - [2023-08-05T10:42:18.682+0200] {dagbag.py:541} INFO - Filling up the DagBag from /Users/felipe.vasconcelos/repos/courses/python-learnings/.venv/lib/python3.10/site-packages/airflow/example_dags/example_time_delta_sensor_async.py
[2023-08-05T10:42:18.711+0200] {processor.py:836} INFO - DAG(s) dict_keys(['example_time_delta_sensor_async']) retrieved from /Users/felipe.vasconcelos/repos/courses/python-learnings/.venv/lib/python3.10/site-packages/airflow/example_dags/example_time_delta_sensor_async.py
[2023-08-05T10:42:19.551+0200] {logging_mixin.py:150} INFO - [2023-08-05T10:42:19.550+0200] {dag.py:2742} INFO - Sync 1 DAGs
[2023-08-05T10:42:19.572+0200] {logging_mixin.py:150} INFO - [2023-08-05T10:42:19.572+0200] {dag.py:3504} INFO - Setting next_dagrun for example_time_delta_sensor_async to None, run_after=None
[2023-08-05T10:42:19.595+0200] {processor.py:179} INFO - Processing /Users/felipe.vasconcelos/repos/courses/python-learnings/.venv/lib/python3.10/site-packages/airflow/example_dags/example_time_delta_sensor_async.py took 0.922 seconds
[2023-08-05T10:46:02.494+0200] {processor.py:157} INFO - Started process (PID=82786) to work on /Users/felipe.vasconcelos/repos/courses/python-learnings/.venv/lib/python3.10/site-packages/airflow/example_dags/example_time_delta_sensor_async.py
[2023-08-05T10:46:02.502+0200] {processor.py:826} INFO - Processing file /Users/felipe.vasconcelos/repos/courses/python-learnings/.venv/lib/python3.10/site-packages/airflow/example_dags/example_time_delta_sensor_async.py for tasks to queue
[2023-08-05T10:46:02.503+0200] {logging_mixin.py:150} INFO - [2023-08-05T10:46:02.502+0200] {dagbag.py:541} INFO - Filling up the DagBag from /Users/felipe.vasconcelos/repos/courses/python-learnings/.venv/lib/python3.10/site-packages/airflow/example_dags/example_time_delta_sensor_async.py
[2023-08-05T10:46:02.530+0200] {processor.py:836} INFO - DAG(s) dict_keys(['example_time_delta_sensor_async']) retrieved from /Users/felipe.vasconcelos/repos/courses/python-learnings/.venv/lib/python3.10/site-packages/airflow/example_dags/example_time_delta_sensor_async.py
[2023-08-05T10:46:03.373+0200] {logging_mixin.py:150} INFO - [2023-08-05T10:46:03.373+0200] {dag.py:2742} INFO - Sync 1 DAGs
[2023-08-05T10:46:03.392+0200] {logging_mixin.py:150} INFO - [2023-08-05T10:46:03.392+0200] {dag.py:3504} INFO - Setting next_dagrun for example_time_delta_sensor_async to None, run_after=None
[2023-08-05T10:46:03.425+0200] {processor.py:179} INFO - Processing /Users/felipe.vasconcelos/repos/courses/python-learnings/.venv/lib/python3.10/site-packages/airflow/example_dags/example_time_delta_sensor_async.py took 0.932 seconds
[2023-08-05T10:48:31.421+0200] {processor.py:157} INFO - Started process (PID=82870) to work on /Users/felipe.vasconcelos/repos/courses/python-learnings/.venv/lib/python3.10/site-packages/airflow/example_dags/example_time_delta_sensor_async.py
[2023-08-05T10:48:31.427+0200] {processor.py:826} INFO - Processing file /Users/felipe.vasconcelos/repos/courses/python-learnings/.venv/lib/python3.10/site-packages/airflow/example_dags/example_time_delta_sensor_async.py for tasks to queue
[2023-08-05T10:48:31.427+0200] {logging_mixin.py:150} INFO - [2023-08-05T10:48:31.427+0200] {dagbag.py:541} INFO - Filling up the DagBag from /Users/felipe.vasconcelos/repos/courses/python-learnings/.venv/lib/python3.10/site-packages/airflow/example_dags/example_time_delta_sensor_async.py
[2023-08-05T10:48:31.452+0200] {processor.py:836} INFO - DAG(s) dict_keys(['example_time_delta_sensor_async']) retrieved from /Users/felipe.vasconcelos/repos/courses/python-learnings/.venv/lib/python3.10/site-packages/airflow/example_dags/example_time_delta_sensor_async.py
[2023-08-05T10:48:32.132+0200] {logging_mixin.py:150} INFO - [2023-08-05T10:48:32.132+0200] {dag.py:2742} INFO - Sync 1 DAGs
[2023-08-05T10:48:32.147+0200] {logging_mixin.py:150} INFO - [2023-08-05T10:48:32.147+0200] {dag.py:3504} INFO - Setting next_dagrun for example_time_delta_sensor_async to None, run_after=None
[2023-08-05T10:48:32.167+0200] {processor.py:179} INFO - Processing /Users/felipe.vasconcelos/repos/courses/python-learnings/.venv/lib/python3.10/site-packages/airflow/example_dags/example_time_delta_sensor_async.py took 0.747 seconds
[2023-08-05T10:50:43.356+0200] {processor.py:157} INFO - Started process (PID=82930) to work on /Users/felipe.vasconcelos/repos/courses/python-learnings/.venv/lib/python3.10/site-packages/airflow/example_dags/example_time_delta_sensor_async.py
[2023-08-05T10:50:43.362+0200] {processor.py:826} INFO - Processing file /Users/felipe.vasconcelos/repos/courses/python-learnings/.venv/lib/python3.10/site-packages/airflow/example_dags/example_time_delta_sensor_async.py for tasks to queue
[2023-08-05T10:50:43.363+0200] {logging_mixin.py:150} INFO - [2023-08-05T10:50:43.363+0200] {dagbag.py:541} INFO - Filling up the DagBag from /Users/felipe.vasconcelos/repos/courses/python-learnings/.venv/lib/python3.10/site-packages/airflow/example_dags/example_time_delta_sensor_async.py
[2023-08-05T10:50:43.389+0200] {processor.py:836} INFO - DAG(s) dict_keys(['example_time_delta_sensor_async']) retrieved from /Users/felipe.vasconcelos/repos/courses/python-learnings/.venv/lib/python3.10/site-packages/airflow/example_dags/example_time_delta_sensor_async.py
[2023-08-05T10:50:44.082+0200] {logging_mixin.py:150} INFO - [2023-08-05T10:50:44.081+0200] {dag.py:2742} INFO - Sync 1 DAGs
[2023-08-05T10:50:44.098+0200] {logging_mixin.py:150} INFO - [2023-08-05T10:50:44.098+0200] {dag.py:3504} INFO - Setting next_dagrun for example_time_delta_sensor_async to None, run_after=None
[2023-08-05T10:50:44.117+0200] {processor.py:179} INFO - Processing /Users/felipe.vasconcelos/repos/courses/python-learnings/.venv/lib/python3.10/site-packages/airflow/example_dags/example_time_delta_sensor_async.py took 0.763 seconds
[2023-08-05T10:53:05.287+0200] {processor.py:157} INFO - Started process (PID=82996) to work on /Users/felipe.vasconcelos/repos/courses/python-learnings/.venv/lib/python3.10/site-packages/airflow/example_dags/example_time_delta_sensor_async.py
[2023-08-05T10:53:05.293+0200] {processor.py:826} INFO - Processing file /Users/felipe.vasconcelos/repos/courses/python-learnings/.venv/lib/python3.10/site-packages/airflow/example_dags/example_time_delta_sensor_async.py for tasks to queue
[2023-08-05T10:53:05.294+0200] {logging_mixin.py:150} INFO - [2023-08-05T10:53:05.293+0200] {dagbag.py:541} INFO - Filling up the DagBag from /Users/felipe.vasconcelos/repos/courses/python-learnings/.venv/lib/python3.10/site-packages/airflow/example_dags/example_time_delta_sensor_async.py
[2023-08-05T10:53:05.322+0200] {processor.py:836} INFO - DAG(s) dict_keys(['example_time_delta_sensor_async']) retrieved from /Users/felipe.vasconcelos/repos/courses/python-learnings/.venv/lib/python3.10/site-packages/airflow/example_dags/example_time_delta_sensor_async.py
[2023-08-05T10:53:06.128+0200] {logging_mixin.py:150} INFO - [2023-08-05T10:53:06.127+0200] {dag.py:2742} INFO - Sync 1 DAGs
[2023-08-05T10:53:06.145+0200] {logging_mixin.py:150} INFO - [2023-08-05T10:53:06.144+0200] {dag.py:3504} INFO - Setting next_dagrun for example_time_delta_sensor_async to None, run_after=None
[2023-08-05T10:53:06.166+0200] {processor.py:179} INFO - Processing /Users/felipe.vasconcelos/repos/courses/python-learnings/.venv/lib/python3.10/site-packages/airflow/example_dags/example_time_delta_sensor_async.py took 0.880 seconds
[2023-08-05T10:55:21.691+0200] {processor.py:157} INFO - Started process (PID=83063) to work on /Users/felipe.vasconcelos/repos/courses/python-learnings/.venv/lib/python3.10/site-packages/airflow/example_dags/example_time_delta_sensor_async.py
[2023-08-05T10:55:21.697+0200] {processor.py:826} INFO - Processing file /Users/felipe.vasconcelos/repos/courses/python-learnings/.venv/lib/python3.10/site-packages/airflow/example_dags/example_time_delta_sensor_async.py for tasks to queue
[2023-08-05T10:55:21.698+0200] {logging_mixin.py:150} INFO - [2023-08-05T10:55:21.698+0200] {dagbag.py:541} INFO - Filling up the DagBag from /Users/felipe.vasconcelos/repos/courses/python-learnings/.venv/lib/python3.10/site-packages/airflow/example_dags/example_time_delta_sensor_async.py
[2023-08-05T10:55:21.725+0200] {processor.py:836} INFO - DAG(s) dict_keys(['example_time_delta_sensor_async']) retrieved from /Users/felipe.vasconcelos/repos/courses/python-learnings/.venv/lib/python3.10/site-packages/airflow/example_dags/example_time_delta_sensor_async.py
[2023-08-05T10:55:22.438+0200] {logging_mixin.py:150} INFO - [2023-08-05T10:55:22.438+0200] {dag.py:2742} INFO - Sync 1 DAGs
[2023-08-05T10:55:22.454+0200] {logging_mixin.py:150} INFO - [2023-08-05T10:55:22.454+0200] {dag.py:3504} INFO - Setting next_dagrun for example_time_delta_sensor_async to None, run_after=None
[2023-08-05T10:55:22.474+0200] {processor.py:179} INFO - Processing /Users/felipe.vasconcelos/repos/courses/python-learnings/.venv/lib/python3.10/site-packages/airflow/example_dags/example_time_delta_sensor_async.py took 0.783 seconds
[2023-08-05T10:57:27.253+0200] {processor.py:157} INFO - Started process (PID=83126) to work on /Users/felipe.vasconcelos/repos/courses/python-learnings/.venv/lib/python3.10/site-packages/airflow/example_dags/example_time_delta_sensor_async.py
[2023-08-05T10:57:27.259+0200] {processor.py:826} INFO - Processing file /Users/felipe.vasconcelos/repos/courses/python-learnings/.venv/lib/python3.10/site-packages/airflow/example_dags/example_time_delta_sensor_async.py for tasks to queue
[2023-08-05T10:57:27.260+0200] {logging_mixin.py:150} INFO - [2023-08-05T10:57:27.260+0200] {dagbag.py:541} INFO - Filling up the DagBag from /Users/felipe.vasconcelos/repos/courses/python-learnings/.venv/lib/python3.10/site-packages/airflow/example_dags/example_time_delta_sensor_async.py
[2023-08-05T10:57:27.286+0200] {processor.py:836} INFO - DAG(s) dict_keys(['example_time_delta_sensor_async']) retrieved from /Users/felipe.vasconcelos/repos/courses/python-learnings/.venv/lib/python3.10/site-packages/airflow/example_dags/example_time_delta_sensor_async.py
[2023-08-05T10:57:28.053+0200] {logging_mixin.py:150} INFO - [2023-08-05T10:57:28.052+0200] {dag.py:2742} INFO - Sync 1 DAGs
[2023-08-05T10:57:28.068+0200] {logging_mixin.py:150} INFO - [2023-08-05T10:57:28.068+0200] {dag.py:3504} INFO - Setting next_dagrun for example_time_delta_sensor_async to None, run_after=None
[2023-08-05T10:57:28.088+0200] {processor.py:179} INFO - Processing /Users/felipe.vasconcelos/repos/courses/python-learnings/.venv/lib/python3.10/site-packages/airflow/example_dags/example_time_delta_sensor_async.py took 0.836 seconds
[2023-08-05T11:11:37.415+0200] {processor.py:157} INFO - Started process (PID=83227) to work on /Users/felipe.vasconcelos/repos/courses/python-learnings/.venv/lib/python3.10/site-packages/airflow/example_dags/example_time_delta_sensor_async.py
[2023-08-05T11:11:37.438+0200] {processor.py:826} INFO - Processing file /Users/felipe.vasconcelos/repos/courses/python-learnings/.venv/lib/python3.10/site-packages/airflow/example_dags/example_time_delta_sensor_async.py for tasks to queue
[2023-08-05T11:11:37.442+0200] {logging_mixin.py:150} INFO - [2023-08-05T11:11:37.439+0200] {dagbag.py:541} INFO - Filling up the DagBag from /Users/felipe.vasconcelos/repos/courses/python-learnings/.venv/lib/python3.10/site-packages/airflow/example_dags/example_time_delta_sensor_async.py
[2023-08-05T11:11:37.790+0200] {processor.py:836} INFO - DAG(s) dict_keys(['example_time_delta_sensor_async']) retrieved from /Users/felipe.vasconcelos/repos/courses/python-learnings/.venv/lib/python3.10/site-packages/airflow/example_dags/example_time_delta_sensor_async.py
[2023-08-05T11:11:43.325+0200] {logging_mixin.py:150} INFO - [2023-08-05T11:11:43.325+0200] {dag.py:2742} INFO - Sync 1 DAGs
[2023-08-05T11:11:43.416+0200] {logging_mixin.py:150} INFO - [2023-08-05T11:11:43.416+0200] {dag.py:3504} INFO - Setting next_dagrun for example_time_delta_sensor_async to None, run_after=None
[2023-08-05T11:11:43.516+0200] {processor.py:179} INFO - Processing /Users/felipe.vasconcelos/repos/courses/python-learnings/.venv/lib/python3.10/site-packages/airflow/example_dags/example_time_delta_sensor_async.py took 6.102 seconds
[2023-08-05T11:14:07.976+0200] {processor.py:157} INFO - Started process (PID=83320) to work on /Users/felipe.vasconcelos/repos/courses/python-learnings/.venv/lib/python3.10/site-packages/airflow/example_dags/example_time_delta_sensor_async.py
[2023-08-05T11:14:07.982+0200] {processor.py:826} INFO - Processing file /Users/felipe.vasconcelos/repos/courses/python-learnings/.venv/lib/python3.10/site-packages/airflow/example_dags/example_time_delta_sensor_async.py for tasks to queue
[2023-08-05T11:14:07.983+0200] {logging_mixin.py:150} INFO - [2023-08-05T11:14:07.982+0200] {dagbag.py:541} INFO - Filling up the DagBag from /Users/felipe.vasconcelos/repos/courses/python-learnings/.venv/lib/python3.10/site-packages/airflow/example_dags/example_time_delta_sensor_async.py
[2023-08-05T11:14:08.008+0200] {processor.py:836} INFO - DAG(s) dict_keys(['example_time_delta_sensor_async']) retrieved from /Users/felipe.vasconcelos/repos/courses/python-learnings/.venv/lib/python3.10/site-packages/airflow/example_dags/example_time_delta_sensor_async.py
[2023-08-05T11:14:08.759+0200] {logging_mixin.py:150} INFO - [2023-08-05T11:14:08.759+0200] {dag.py:2742} INFO - Sync 1 DAGs
[2023-08-05T11:14:08.777+0200] {logging_mixin.py:150} INFO - [2023-08-05T11:14:08.777+0200] {dag.py:3504} INFO - Setting next_dagrun for example_time_delta_sensor_async to None, run_after=None
[2023-08-05T11:14:08.797+0200] {processor.py:179} INFO - Processing /Users/felipe.vasconcelos/repos/courses/python-learnings/.venv/lib/python3.10/site-packages/airflow/example_dags/example_time_delta_sensor_async.py took 0.823 seconds
[2023-08-05T11:16:11.848+0200] {processor.py:157} INFO - Started process (PID=83378) to work on /Users/felipe.vasconcelos/repos/courses/python-learnings/.venv/lib/python3.10/site-packages/airflow/example_dags/example_time_delta_sensor_async.py
[2023-08-05T11:16:11.854+0200] {processor.py:826} INFO - Processing file /Users/felipe.vasconcelos/repos/courses/python-learnings/.venv/lib/python3.10/site-packages/airflow/example_dags/example_time_delta_sensor_async.py for tasks to queue
[2023-08-05T11:16:11.855+0200] {logging_mixin.py:150} INFO - [2023-08-05T11:16:11.855+0200] {dagbag.py:541} INFO - Filling up the DagBag from /Users/felipe.vasconcelos/repos/courses/python-learnings/.venv/lib/python3.10/site-packages/airflow/example_dags/example_time_delta_sensor_async.py
[2023-08-05T11:16:11.880+0200] {processor.py:836} INFO - DAG(s) dict_keys(['example_time_delta_sensor_async']) retrieved from /Users/felipe.vasconcelos/repos/courses/python-learnings/.venv/lib/python3.10/site-packages/airflow/example_dags/example_time_delta_sensor_async.py
[2023-08-05T11:16:12.600+0200] {logging_mixin.py:150} INFO - [2023-08-05T11:16:12.600+0200] {dag.py:2742} INFO - Sync 1 DAGs
[2023-08-05T11:16:12.617+0200] {logging_mixin.py:150} INFO - [2023-08-05T11:16:12.617+0200] {dag.py:3504} INFO - Setting next_dagrun for example_time_delta_sensor_async to None, run_after=None
[2023-08-05T11:16:12.636+0200] {processor.py:179} INFO - Processing /Users/felipe.vasconcelos/repos/courses/python-learnings/.venv/lib/python3.10/site-packages/airflow/example_dags/example_time_delta_sensor_async.py took 0.789 seconds
[2023-08-05T11:18:19.594+0200] {processor.py:157} INFO - Started process (PID=83432) to work on /Users/felipe.vasconcelos/repos/courses/python-learnings/.venv/lib/python3.10/site-packages/airflow/example_dags/example_time_delta_sensor_async.py
[2023-08-05T11:18:19.605+0200] {processor.py:826} INFO - Processing file /Users/felipe.vasconcelos/repos/courses/python-learnings/.venv/lib/python3.10/site-packages/airflow/example_dags/example_time_delta_sensor_async.py for tasks to queue
[2023-08-05T11:18:19.606+0200] {logging_mixin.py:150} INFO - [2023-08-05T11:18:19.605+0200] {dagbag.py:541} INFO - Filling up the DagBag from /Users/felipe.vasconcelos/repos/courses/python-learnings/.venv/lib/python3.10/site-packages/airflow/example_dags/example_time_delta_sensor_async.py
[2023-08-05T11:18:19.658+0200] {processor.py:836} INFO - DAG(s) dict_keys(['example_time_delta_sensor_async']) retrieved from /Users/felipe.vasconcelos/repos/courses/python-learnings/.venv/lib/python3.10/site-packages/airflow/example_dags/example_time_delta_sensor_async.py
[2023-08-05T11:18:20.853+0200] {logging_mixin.py:150} INFO - [2023-08-05T11:18:20.852+0200] {dag.py:2742} INFO - Sync 1 DAGs
[2023-08-05T11:18:20.870+0200] {logging_mixin.py:150} INFO - [2023-08-05T11:18:20.870+0200] {dag.py:3504} INFO - Setting next_dagrun for example_time_delta_sensor_async to None, run_after=None
[2023-08-05T11:18:20.891+0200] {processor.py:179} INFO - Processing /Users/felipe.vasconcelos/repos/courses/python-learnings/.venv/lib/python3.10/site-packages/airflow/example_dags/example_time_delta_sensor_async.py took 1.299 seconds
[2023-08-05T11:20:32.398+0200] {processor.py:157} INFO - Started process (PID=83498) to work on /Users/felipe.vasconcelos/repos/courses/python-learnings/.venv/lib/python3.10/site-packages/airflow/example_dags/example_time_delta_sensor_async.py
[2023-08-05T11:20:32.404+0200] {processor.py:826} INFO - Processing file /Users/felipe.vasconcelos/repos/courses/python-learnings/.venv/lib/python3.10/site-packages/airflow/example_dags/example_time_delta_sensor_async.py for tasks to queue
[2023-08-05T11:20:32.405+0200] {logging_mixin.py:150} INFO - [2023-08-05T11:20:32.405+0200] {dagbag.py:541} INFO - Filling up the DagBag from /Users/felipe.vasconcelos/repos/courses/python-learnings/.venv/lib/python3.10/site-packages/airflow/example_dags/example_time_delta_sensor_async.py
[2023-08-05T11:20:32.431+0200] {processor.py:836} INFO - DAG(s) dict_keys(['example_time_delta_sensor_async']) retrieved from /Users/felipe.vasconcelos/repos/courses/python-learnings/.venv/lib/python3.10/site-packages/airflow/example_dags/example_time_delta_sensor_async.py
[2023-08-05T11:20:33.134+0200] {logging_mixin.py:150} INFO - [2023-08-05T11:20:33.134+0200] {dag.py:2742} INFO - Sync 1 DAGs
[2023-08-05T11:20:33.151+0200] {logging_mixin.py:150} INFO - [2023-08-05T11:20:33.151+0200] {dag.py:3504} INFO - Setting next_dagrun for example_time_delta_sensor_async to None, run_after=None
[2023-08-05T11:20:33.172+0200] {processor.py:179} INFO - Processing /Users/felipe.vasconcelos/repos/courses/python-learnings/.venv/lib/python3.10/site-packages/airflow/example_dags/example_time_delta_sensor_async.py took 0.774 seconds
[2023-08-05T11:22:57.763+0200] {processor.py:157} INFO - Started process (PID=83569) to work on /Users/felipe.vasconcelos/repos/courses/python-learnings/.venv/lib/python3.10/site-packages/airflow/example_dags/example_time_delta_sensor_async.py
[2023-08-05T11:22:57.770+0200] {processor.py:826} INFO - Processing file /Users/felipe.vasconcelos/repos/courses/python-learnings/.venv/lib/python3.10/site-packages/airflow/example_dags/example_time_delta_sensor_async.py for tasks to queue
[2023-08-05T11:22:57.771+0200] {logging_mixin.py:150} INFO - [2023-08-05T11:22:57.771+0200] {dagbag.py:541} INFO - Filling up the DagBag from /Users/felipe.vasconcelos/repos/courses/python-learnings/.venv/lib/python3.10/site-packages/airflow/example_dags/example_time_delta_sensor_async.py
[2023-08-05T11:22:57.796+0200] {processor.py:836} INFO - DAG(s) dict_keys(['example_time_delta_sensor_async']) retrieved from /Users/felipe.vasconcelos/repos/courses/python-learnings/.venv/lib/python3.10/site-packages/airflow/example_dags/example_time_delta_sensor_async.py
[2023-08-05T11:22:58.515+0200] {logging_mixin.py:150} INFO - [2023-08-05T11:22:58.515+0200] {dag.py:2742} INFO - Sync 1 DAGs
[2023-08-05T11:22:58.532+0200] {logging_mixin.py:150} INFO - [2023-08-05T11:22:58.532+0200] {dag.py:3504} INFO - Setting next_dagrun for example_time_delta_sensor_async to None, run_after=None
[2023-08-05T11:22:58.554+0200] {processor.py:179} INFO - Processing /Users/felipe.vasconcelos/repos/courses/python-learnings/.venv/lib/python3.10/site-packages/airflow/example_dags/example_time_delta_sensor_async.py took 0.792 seconds
[2023-08-05T11:25:13.491+0200] {processor.py:157} INFO - Started process (PID=83624) to work on /Users/felipe.vasconcelos/repos/courses/python-learnings/.venv/lib/python3.10/site-packages/airflow/example_dags/example_time_delta_sensor_async.py
[2023-08-05T11:25:13.497+0200] {processor.py:826} INFO - Processing file /Users/felipe.vasconcelos/repos/courses/python-learnings/.venv/lib/python3.10/site-packages/airflow/example_dags/example_time_delta_sensor_async.py for tasks to queue
[2023-08-05T11:25:13.498+0200] {logging_mixin.py:150} INFO - [2023-08-05T11:25:13.498+0200] {dagbag.py:541} INFO - Filling up the DagBag from /Users/felipe.vasconcelos/repos/courses/python-learnings/.venv/lib/python3.10/site-packages/airflow/example_dags/example_time_delta_sensor_async.py
[2023-08-05T11:25:13.525+0200] {processor.py:836} INFO - DAG(s) dict_keys(['example_time_delta_sensor_async']) retrieved from /Users/felipe.vasconcelos/repos/courses/python-learnings/.venv/lib/python3.10/site-packages/airflow/example_dags/example_time_delta_sensor_async.py
[2023-08-05T11:25:14.253+0200] {logging_mixin.py:150} INFO - [2023-08-05T11:25:14.253+0200] {dag.py:2742} INFO - Sync 1 DAGs
[2023-08-05T11:25:14.271+0200] {logging_mixin.py:150} INFO - [2023-08-05T11:25:14.271+0200] {dag.py:3504} INFO - Setting next_dagrun for example_time_delta_sensor_async to None, run_after=None
[2023-08-05T11:25:14.292+0200] {processor.py:179} INFO - Processing /Users/felipe.vasconcelos/repos/courses/python-learnings/.venv/lib/python3.10/site-packages/airflow/example_dags/example_time_delta_sensor_async.py took 0.802 seconds
[2023-08-05T11:27:29.273+0200] {processor.py:157} INFO - Started process (PID=83684) to work on /Users/felipe.vasconcelos/repos/courses/python-learnings/.venv/lib/python3.10/site-packages/airflow/example_dags/example_time_delta_sensor_async.py
[2023-08-05T11:27:29.279+0200] {processor.py:826} INFO - Processing file /Users/felipe.vasconcelos/repos/courses/python-learnings/.venv/lib/python3.10/site-packages/airflow/example_dags/example_time_delta_sensor_async.py for tasks to queue
[2023-08-05T11:27:29.280+0200] {logging_mixin.py:150} INFO - [2023-08-05T11:27:29.280+0200] {dagbag.py:541} INFO - Filling up the DagBag from /Users/felipe.vasconcelos/repos/courses/python-learnings/.venv/lib/python3.10/site-packages/airflow/example_dags/example_time_delta_sensor_async.py
[2023-08-05T11:27:29.308+0200] {processor.py:836} INFO - DAG(s) dict_keys(['example_time_delta_sensor_async']) retrieved from /Users/felipe.vasconcelos/repos/courses/python-learnings/.venv/lib/python3.10/site-packages/airflow/example_dags/example_time_delta_sensor_async.py
[2023-08-05T11:27:30.055+0200] {logging_mixin.py:150} INFO - [2023-08-05T11:27:30.054+0200] {dag.py:2742} INFO - Sync 1 DAGs
[2023-08-05T11:27:30.071+0200] {logging_mixin.py:150} INFO - [2023-08-05T11:27:30.071+0200] {dag.py:3504} INFO - Setting next_dagrun for example_time_delta_sensor_async to None, run_after=None
[2023-08-05T11:27:30.091+0200] {processor.py:179} INFO - Processing /Users/felipe.vasconcelos/repos/courses/python-learnings/.venv/lib/python3.10/site-packages/airflow/example_dags/example_time_delta_sensor_async.py took 0.820 seconds
[2023-08-05T11:29:38.171+0200] {processor.py:157} INFO - Started process (PID=83740) to work on /Users/felipe.vasconcelos/repos/courses/python-learnings/.venv/lib/python3.10/site-packages/airflow/example_dags/example_time_delta_sensor_async.py
[2023-08-05T11:29:38.178+0200] {processor.py:826} INFO - Processing file /Users/felipe.vasconcelos/repos/courses/python-learnings/.venv/lib/python3.10/site-packages/airflow/example_dags/example_time_delta_sensor_async.py for tasks to queue
[2023-08-05T11:29:38.179+0200] {logging_mixin.py:150} INFO - [2023-08-05T11:29:38.178+0200] {dagbag.py:541} INFO - Filling up the DagBag from /Users/felipe.vasconcelos/repos/courses/python-learnings/.venv/lib/python3.10/site-packages/airflow/example_dags/example_time_delta_sensor_async.py
[2023-08-05T11:29:38.204+0200] {processor.py:836} INFO - DAG(s) dict_keys(['example_time_delta_sensor_async']) retrieved from /Users/felipe.vasconcelos/repos/courses/python-learnings/.venv/lib/python3.10/site-packages/airflow/example_dags/example_time_delta_sensor_async.py
[2023-08-05T11:29:38.928+0200] {logging_mixin.py:150} INFO - [2023-08-05T11:29:38.927+0200] {dag.py:2742} INFO - Sync 1 DAGs
[2023-08-05T11:29:38.945+0200] {logging_mixin.py:150} INFO - [2023-08-05T11:29:38.944+0200] {dag.py:3504} INFO - Setting next_dagrun for example_time_delta_sensor_async to None, run_after=None
[2023-08-05T11:29:38.966+0200] {processor.py:179} INFO - Processing /Users/felipe.vasconcelos/repos/courses/python-learnings/.venv/lib/python3.10/site-packages/airflow/example_dags/example_time_delta_sensor_async.py took 0.795 seconds
[2023-08-05T11:32:40.874+0200] {processor.py:157} INFO - Started process (PID=83837) to work on /Users/felipe.vasconcelos/repos/courses/python-learnings/.venv/lib/python3.10/site-packages/airflow/example_dags/example_time_delta_sensor_async.py
[2023-08-05T11:32:40.881+0200] {processor.py:826} INFO - Processing file /Users/felipe.vasconcelos/repos/courses/python-learnings/.venv/lib/python3.10/site-packages/airflow/example_dags/example_time_delta_sensor_async.py for tasks to queue
[2023-08-05T11:32:40.882+0200] {logging_mixin.py:150} INFO - [2023-08-05T11:32:40.882+0200] {dagbag.py:541} INFO - Filling up the DagBag from /Users/felipe.vasconcelos/repos/courses/python-learnings/.venv/lib/python3.10/site-packages/airflow/example_dags/example_time_delta_sensor_async.py
[2023-08-05T11:32:40.916+0200] {processor.py:836} INFO - DAG(s) dict_keys(['example_time_delta_sensor_async']) retrieved from /Users/felipe.vasconcelos/repos/courses/python-learnings/.venv/lib/python3.10/site-packages/airflow/example_dags/example_time_delta_sensor_async.py
[2023-08-05T11:32:41.956+0200] {logging_mixin.py:150} INFO - [2023-08-05T11:32:41.956+0200] {dag.py:2742} INFO - Sync 1 DAGs
[2023-08-05T11:32:41.975+0200] {logging_mixin.py:150} INFO - [2023-08-05T11:32:41.974+0200] {dag.py:3504} INFO - Setting next_dagrun for example_time_delta_sensor_async to None, run_after=None
[2023-08-05T11:32:41.996+0200] {processor.py:179} INFO - Processing /Users/felipe.vasconcelos/repos/courses/python-learnings/.venv/lib/python3.10/site-packages/airflow/example_dags/example_time_delta_sensor_async.py took 1.123 seconds
[2023-08-05T11:35:13.102+0200] {processor.py:157} INFO - Started process (PID=83925) to work on /Users/felipe.vasconcelos/repos/courses/python-learnings/.venv/lib/python3.10/site-packages/airflow/example_dags/example_time_delta_sensor_async.py
[2023-08-05T11:35:13.110+0200] {processor.py:826} INFO - Processing file /Users/felipe.vasconcelos/repos/courses/python-learnings/.venv/lib/python3.10/site-packages/airflow/example_dags/example_time_delta_sensor_async.py for tasks to queue
[2023-08-05T11:35:13.111+0200] {logging_mixin.py:150} INFO - [2023-08-05T11:35:13.111+0200] {dagbag.py:541} INFO - Filling up the DagBag from /Users/felipe.vasconcelos/repos/courses/python-learnings/.venv/lib/python3.10/site-packages/airflow/example_dags/example_time_delta_sensor_async.py
[2023-08-05T11:35:13.192+0200] {processor.py:836} INFO - DAG(s) dict_keys(['example_time_delta_sensor_async']) retrieved from /Users/felipe.vasconcelos/repos/courses/python-learnings/.venv/lib/python3.10/site-packages/airflow/example_dags/example_time_delta_sensor_async.py
[2023-08-05T11:35:14.262+0200] {logging_mixin.py:150} INFO - [2023-08-05T11:35:14.261+0200] {dag.py:2742} INFO - Sync 1 DAGs
[2023-08-05T11:35:14.279+0200] {logging_mixin.py:150} INFO - [2023-08-05T11:35:14.278+0200] {dag.py:3504} INFO - Setting next_dagrun for example_time_delta_sensor_async to None, run_after=None
[2023-08-05T11:35:14.305+0200] {processor.py:179} INFO - Processing /Users/felipe.vasconcelos/repos/courses/python-learnings/.venv/lib/python3.10/site-packages/airflow/example_dags/example_time_delta_sensor_async.py took 1.205 seconds
[2023-08-05T11:37:27.718+0200] {processor.py:157} INFO - Started process (PID=83996) to work on /Users/felipe.vasconcelos/repos/courses/python-learnings/.venv/lib/python3.10/site-packages/airflow/example_dags/example_time_delta_sensor_async.py
[2023-08-05T11:37:27.724+0200] {processor.py:826} INFO - Processing file /Users/felipe.vasconcelos/repos/courses/python-learnings/.venv/lib/python3.10/site-packages/airflow/example_dags/example_time_delta_sensor_async.py for tasks to queue
[2023-08-05T11:37:27.725+0200] {logging_mixin.py:150} INFO - [2023-08-05T11:37:27.724+0200] {dagbag.py:541} INFO - Filling up the DagBag from /Users/felipe.vasconcelos/repos/courses/python-learnings/.venv/lib/python3.10/site-packages/airflow/example_dags/example_time_delta_sensor_async.py
[2023-08-05T11:37:27.754+0200] {processor.py:836} INFO - DAG(s) dict_keys(['example_time_delta_sensor_async']) retrieved from /Users/felipe.vasconcelos/repos/courses/python-learnings/.venv/lib/python3.10/site-packages/airflow/example_dags/example_time_delta_sensor_async.py
[2023-08-05T11:37:28.470+0200] {logging_mixin.py:150} INFO - [2023-08-05T11:37:28.469+0200] {dag.py:2742} INFO - Sync 1 DAGs
[2023-08-05T11:37:28.486+0200] {logging_mixin.py:150} INFO - [2023-08-05T11:37:28.486+0200] {dag.py:3504} INFO - Setting next_dagrun for example_time_delta_sensor_async to None, run_after=None
[2023-08-05T11:37:28.510+0200] {processor.py:179} INFO - Processing /Users/felipe.vasconcelos/repos/courses/python-learnings/.venv/lib/python3.10/site-packages/airflow/example_dags/example_time_delta_sensor_async.py took 0.793 seconds
[2023-08-05T11:39:41.254+0200] {processor.py:157} INFO - Started process (PID=84063) to work on /Users/felipe.vasconcelos/repos/courses/python-learnings/.venv/lib/python3.10/site-packages/airflow/example_dags/example_time_delta_sensor_async.py
[2023-08-05T11:39:41.260+0200] {processor.py:826} INFO - Processing file /Users/felipe.vasconcelos/repos/courses/python-learnings/.venv/lib/python3.10/site-packages/airflow/example_dags/example_time_delta_sensor_async.py for tasks to queue
[2023-08-05T11:39:41.260+0200] {logging_mixin.py:150} INFO - [2023-08-05T11:39:41.260+0200] {dagbag.py:541} INFO - Filling up the DagBag from /Users/felipe.vasconcelos/repos/courses/python-learnings/.venv/lib/python3.10/site-packages/airflow/example_dags/example_time_delta_sensor_async.py
[2023-08-05T11:39:41.286+0200] {processor.py:836} INFO - DAG(s) dict_keys(['example_time_delta_sensor_async']) retrieved from /Users/felipe.vasconcelos/repos/courses/python-learnings/.venv/lib/python3.10/site-packages/airflow/example_dags/example_time_delta_sensor_async.py
[2023-08-05T11:39:42.040+0200] {logging_mixin.py:150} INFO - [2023-08-05T11:39:42.040+0200] {dag.py:2742} INFO - Sync 1 DAGs
[2023-08-05T11:39:42.058+0200] {logging_mixin.py:150} INFO - [2023-08-05T11:39:42.058+0200] {dag.py:3504} INFO - Setting next_dagrun for example_time_delta_sensor_async to None, run_after=None
[2023-08-05T11:39:42.080+0200] {processor.py:179} INFO - Processing /Users/felipe.vasconcelos/repos/courses/python-learnings/.venv/lib/python3.10/site-packages/airflow/example_dags/example_time_delta_sensor_async.py took 0.828 seconds
[2023-08-05T11:41:48.502+0200] {processor.py:157} INFO - Started process (PID=84127) to work on /Users/felipe.vasconcelos/repos/courses/python-learnings/.venv/lib/python3.10/site-packages/airflow/example_dags/example_time_delta_sensor_async.py
[2023-08-05T11:41:48.510+0200] {processor.py:826} INFO - Processing file /Users/felipe.vasconcelos/repos/courses/python-learnings/.venv/lib/python3.10/site-packages/airflow/example_dags/example_time_delta_sensor_async.py for tasks to queue
[2023-08-05T11:41:48.511+0200] {logging_mixin.py:150} INFO - [2023-08-05T11:41:48.510+0200] {dagbag.py:541} INFO - Filling up the DagBag from /Users/felipe.vasconcelos/repos/courses/python-learnings/.venv/lib/python3.10/site-packages/airflow/example_dags/example_time_delta_sensor_async.py
[2023-08-05T11:41:48.538+0200] {processor.py:836} INFO - DAG(s) dict_keys(['example_time_delta_sensor_async']) retrieved from /Users/felipe.vasconcelos/repos/courses/python-learnings/.venv/lib/python3.10/site-packages/airflow/example_dags/example_time_delta_sensor_async.py
[2023-08-05T11:41:49.259+0200] {logging_mixin.py:150} INFO - [2023-08-05T11:41:49.259+0200] {dag.py:2742} INFO - Sync 1 DAGs
[2023-08-05T11:41:49.279+0200] {logging_mixin.py:150} INFO - [2023-08-05T11:41:49.279+0200] {dag.py:3504} INFO - Setting next_dagrun for example_time_delta_sensor_async to None, run_after=None
[2023-08-05T11:41:49.304+0200] {processor.py:179} INFO - Processing /Users/felipe.vasconcelos/repos/courses/python-learnings/.venv/lib/python3.10/site-packages/airflow/example_dags/example_time_delta_sensor_async.py took 0.802 seconds
[2023-08-05T11:43:56.233+0200] {processor.py:157} INFO - Started process (PID=84185) to work on /Users/felipe.vasconcelos/repos/courses/python-learnings/.venv/lib/python3.10/site-packages/airflow/example_dags/example_time_delta_sensor_async.py
[2023-08-05T11:43:56.239+0200] {processor.py:826} INFO - Processing file /Users/felipe.vasconcelos/repos/courses/python-learnings/.venv/lib/python3.10/site-packages/airflow/example_dags/example_time_delta_sensor_async.py for tasks to queue
[2023-08-05T11:43:56.240+0200] {logging_mixin.py:150} INFO - [2023-08-05T11:43:56.240+0200] {dagbag.py:541} INFO - Filling up the DagBag from /Users/felipe.vasconcelos/repos/courses/python-learnings/.venv/lib/python3.10/site-packages/airflow/example_dags/example_time_delta_sensor_async.py
[2023-08-05T11:43:56.267+0200] {processor.py:836} INFO - DAG(s) dict_keys(['example_time_delta_sensor_async']) retrieved from /Users/felipe.vasconcelos/repos/courses/python-learnings/.venv/lib/python3.10/site-packages/airflow/example_dags/example_time_delta_sensor_async.py
[2023-08-05T11:43:56.956+0200] {logging_mixin.py:150} INFO - [2023-08-05T11:43:56.956+0200] {dag.py:2742} INFO - Sync 1 DAGs
[2023-08-05T11:43:56.972+0200] {logging_mixin.py:150} INFO - [2023-08-05T11:43:56.972+0200] {dag.py:3504} INFO - Setting next_dagrun for example_time_delta_sensor_async to None, run_after=None
[2023-08-05T11:43:56.991+0200] {processor.py:179} INFO - Processing /Users/felipe.vasconcelos/repos/courses/python-learnings/.venv/lib/python3.10/site-packages/airflow/example_dags/example_time_delta_sensor_async.py took 0.760 seconds
[2023-08-05T11:46:03.191+0200] {processor.py:157} INFO - Started process (PID=84251) to work on /Users/felipe.vasconcelos/repos/courses/python-learnings/.venv/lib/python3.10/site-packages/airflow/example_dags/example_time_delta_sensor_async.py
[2023-08-05T11:46:03.197+0200] {processor.py:826} INFO - Processing file /Users/felipe.vasconcelos/repos/courses/python-learnings/.venv/lib/python3.10/site-packages/airflow/example_dags/example_time_delta_sensor_async.py for tasks to queue
[2023-08-05T11:46:03.198+0200] {logging_mixin.py:150} INFO - [2023-08-05T11:46:03.198+0200] {dagbag.py:541} INFO - Filling up the DagBag from /Users/felipe.vasconcelos/repos/courses/python-learnings/.venv/lib/python3.10/site-packages/airflow/example_dags/example_time_delta_sensor_async.py
[2023-08-05T11:46:03.224+0200] {processor.py:836} INFO - DAG(s) dict_keys(['example_time_delta_sensor_async']) retrieved from /Users/felipe.vasconcelos/repos/courses/python-learnings/.venv/lib/python3.10/site-packages/airflow/example_dags/example_time_delta_sensor_async.py
[2023-08-05T11:46:03.934+0200] {logging_mixin.py:150} INFO - [2023-08-05T11:46:03.933+0200] {dag.py:2742} INFO - Sync 1 DAGs
[2023-08-05T11:46:03.950+0200] {logging_mixin.py:150} INFO - [2023-08-05T11:46:03.950+0200] {dag.py:3504} INFO - Setting next_dagrun for example_time_delta_sensor_async to None, run_after=None
[2023-08-05T11:46:03.970+0200] {processor.py:179} INFO - Processing /Users/felipe.vasconcelos/repos/courses/python-learnings/.venv/lib/python3.10/site-packages/airflow/example_dags/example_time_delta_sensor_async.py took 0.779 seconds
[2023-08-05T11:48:53.424+0200] {processor.py:157} INFO - Started process (PID=84356) to work on /Users/felipe.vasconcelos/repos/courses/python-learnings/.venv/lib/python3.10/site-packages/airflow/example_dags/example_time_delta_sensor_async.py
[2023-08-05T11:48:53.431+0200] {processor.py:826} INFO - Processing file /Users/felipe.vasconcelos/repos/courses/python-learnings/.venv/lib/python3.10/site-packages/airflow/example_dags/example_time_delta_sensor_async.py for tasks to queue
[2023-08-05T11:48:53.432+0200] {logging_mixin.py:150} INFO - [2023-08-05T11:48:53.431+0200] {dagbag.py:541} INFO - Filling up the DagBag from /Users/felipe.vasconcelos/repos/courses/python-learnings/.venv/lib/python3.10/site-packages/airflow/example_dags/example_time_delta_sensor_async.py
[2023-08-05T11:48:53.474+0200] {processor.py:836} INFO - DAG(s) dict_keys(['example_time_delta_sensor_async']) retrieved from /Users/felipe.vasconcelos/repos/courses/python-learnings/.venv/lib/python3.10/site-packages/airflow/example_dags/example_time_delta_sensor_async.py
[2023-08-05T11:48:54.276+0200] {logging_mixin.py:150} INFO - [2023-08-05T11:48:54.276+0200] {dag.py:2742} INFO - Sync 1 DAGs
[2023-08-05T11:48:54.293+0200] {logging_mixin.py:150} INFO - [2023-08-05T11:48:54.293+0200] {dag.py:3504} INFO - Setting next_dagrun for example_time_delta_sensor_async to None, run_after=None
[2023-08-05T11:48:54.314+0200] {processor.py:179} INFO - Processing /Users/felipe.vasconcelos/repos/courses/python-learnings/.venv/lib/python3.10/site-packages/airflow/example_dags/example_time_delta_sensor_async.py took 0.891 seconds
[2023-08-05T11:51:15.516+0200] {processor.py:157} INFO - Started process (PID=84428) to work on /Users/felipe.vasconcelos/repos/courses/python-learnings/.venv/lib/python3.10/site-packages/airflow/example_dags/example_time_delta_sensor_async.py
[2023-08-05T11:51:15.522+0200] {processor.py:826} INFO - Processing file /Users/felipe.vasconcelos/repos/courses/python-learnings/.venv/lib/python3.10/site-packages/airflow/example_dags/example_time_delta_sensor_async.py for tasks to queue
[2023-08-05T11:51:15.523+0200] {logging_mixin.py:150} INFO - [2023-08-05T11:51:15.522+0200] {dagbag.py:541} INFO - Filling up the DagBag from /Users/felipe.vasconcelos/repos/courses/python-learnings/.venv/lib/python3.10/site-packages/airflow/example_dags/example_time_delta_sensor_async.py
[2023-08-05T11:51:15.546+0200] {processor.py:836} INFO - DAG(s) dict_keys(['example_time_delta_sensor_async']) retrieved from /Users/felipe.vasconcelos/repos/courses/python-learnings/.venv/lib/python3.10/site-packages/airflow/example_dags/example_time_delta_sensor_async.py
[2023-08-05T11:51:16.242+0200] {logging_mixin.py:150} INFO - [2023-08-05T11:51:16.241+0200] {dag.py:2742} INFO - Sync 1 DAGs
[2023-08-05T11:51:16.259+0200] {logging_mixin.py:150} INFO - [2023-08-05T11:51:16.259+0200] {dag.py:3504} INFO - Setting next_dagrun for example_time_delta_sensor_async to None, run_after=None
[2023-08-05T11:51:16.280+0200] {processor.py:179} INFO - Processing /Users/felipe.vasconcelos/repos/courses/python-learnings/.venv/lib/python3.10/site-packages/airflow/example_dags/example_time_delta_sensor_async.py took 0.765 seconds
[2023-08-05T11:53:29.077+0200] {processor.py:157} INFO - Started process (PID=84490) to work on /Users/felipe.vasconcelos/repos/courses/python-learnings/.venv/lib/python3.10/site-packages/airflow/example_dags/example_time_delta_sensor_async.py
[2023-08-05T11:53:29.084+0200] {processor.py:826} INFO - Processing file /Users/felipe.vasconcelos/repos/courses/python-learnings/.venv/lib/python3.10/site-packages/airflow/example_dags/example_time_delta_sensor_async.py for tasks to queue
[2023-08-05T11:53:29.085+0200] {logging_mixin.py:150} INFO - [2023-08-05T11:53:29.084+0200] {dagbag.py:541} INFO - Filling up the DagBag from /Users/felipe.vasconcelos/repos/courses/python-learnings/.venv/lib/python3.10/site-packages/airflow/example_dags/example_time_delta_sensor_async.py
[2023-08-05T11:53:29.114+0200] {processor.py:836} INFO - DAG(s) dict_keys(['example_time_delta_sensor_async']) retrieved from /Users/felipe.vasconcelos/repos/courses/python-learnings/.venv/lib/python3.10/site-packages/airflow/example_dags/example_time_delta_sensor_async.py
[2023-08-05T11:53:29.829+0200] {logging_mixin.py:150} INFO - [2023-08-05T11:53:29.829+0200] {dag.py:2742} INFO - Sync 1 DAGs
[2023-08-05T11:53:29.845+0200] {logging_mixin.py:150} INFO - [2023-08-05T11:53:29.845+0200] {dag.py:3504} INFO - Setting next_dagrun for example_time_delta_sensor_async to None, run_after=None
[2023-08-05T11:53:29.866+0200] {processor.py:179} INFO - Processing /Users/felipe.vasconcelos/repos/courses/python-learnings/.venv/lib/python3.10/site-packages/airflow/example_dags/example_time_delta_sensor_async.py took 0.790 seconds
[2023-08-05T11:55:37.739+0200] {processor.py:157} INFO - Started process (PID=84556) to work on /Users/felipe.vasconcelos/repos/courses/python-learnings/.venv/lib/python3.10/site-packages/airflow/example_dags/example_time_delta_sensor_async.py
[2023-08-05T11:55:37.746+0200] {processor.py:826} INFO - Processing file /Users/felipe.vasconcelos/repos/courses/python-learnings/.venv/lib/python3.10/site-packages/airflow/example_dags/example_time_delta_sensor_async.py for tasks to queue
[2023-08-05T11:55:37.747+0200] {logging_mixin.py:150} INFO - [2023-08-05T11:55:37.746+0200] {dagbag.py:541} INFO - Filling up the DagBag from /Users/felipe.vasconcelos/repos/courses/python-learnings/.venv/lib/python3.10/site-packages/airflow/example_dags/example_time_delta_sensor_async.py
[2023-08-05T11:55:37.777+0200] {processor.py:836} INFO - DAG(s) dict_keys(['example_time_delta_sensor_async']) retrieved from /Users/felipe.vasconcelos/repos/courses/python-learnings/.venv/lib/python3.10/site-packages/airflow/example_dags/example_time_delta_sensor_async.py
[2023-08-05T11:55:38.465+0200] {logging_mixin.py:150} INFO - [2023-08-05T11:55:38.464+0200] {dag.py:2742} INFO - Sync 1 DAGs
[2023-08-05T11:55:38.481+0200] {logging_mixin.py:150} INFO - [2023-08-05T11:55:38.481+0200] {dag.py:3504} INFO - Setting next_dagrun for example_time_delta_sensor_async to None, run_after=None
[2023-08-05T11:55:38.500+0200] {processor.py:179} INFO - Processing /Users/felipe.vasconcelos/repos/courses/python-learnings/.venv/lib/python3.10/site-packages/airflow/example_dags/example_time_delta_sensor_async.py took 0.762 seconds
[2023-08-05T11:57:43.345+0200] {processor.py:157} INFO - Started process (PID=84620) to work on /Users/felipe.vasconcelos/repos/courses/python-learnings/.venv/lib/python3.10/site-packages/airflow/example_dags/example_time_delta_sensor_async.py
[2023-08-05T11:57:43.351+0200] {processor.py:826} INFO - Processing file /Users/felipe.vasconcelos/repos/courses/python-learnings/.venv/lib/python3.10/site-packages/airflow/example_dags/example_time_delta_sensor_async.py for tasks to queue
[2023-08-05T11:57:43.352+0200] {logging_mixin.py:150} INFO - [2023-08-05T11:57:43.352+0200] {dagbag.py:541} INFO - Filling up the DagBag from /Users/felipe.vasconcelos/repos/courses/python-learnings/.venv/lib/python3.10/site-packages/airflow/example_dags/example_time_delta_sensor_async.py
[2023-08-05T11:57:43.381+0200] {processor.py:836} INFO - DAG(s) dict_keys(['example_time_delta_sensor_async']) retrieved from /Users/felipe.vasconcelos/repos/courses/python-learnings/.venv/lib/python3.10/site-packages/airflow/example_dags/example_time_delta_sensor_async.py
[2023-08-05T11:57:44.232+0200] {logging_mixin.py:150} INFO - [2023-08-05T11:57:44.231+0200] {dag.py:2742} INFO - Sync 1 DAGs
[2023-08-05T11:57:44.249+0200] {logging_mixin.py:150} INFO - [2023-08-05T11:57:44.248+0200] {dag.py:3504} INFO - Setting next_dagrun for example_time_delta_sensor_async to None, run_after=None
[2023-08-05T11:57:44.272+0200] {processor.py:179} INFO - Processing /Users/felipe.vasconcelos/repos/courses/python-learnings/.venv/lib/python3.10/site-packages/airflow/example_dags/example_time_delta_sensor_async.py took 0.928 seconds
[2023-08-05T12:00:56.266+0200] {processor.py:157} INFO - Started process (PID=84739) to work on /Users/felipe.vasconcelos/repos/courses/python-learnings/.venv/lib/python3.10/site-packages/airflow/example_dags/example_time_delta_sensor_async.py
[2023-08-05T12:00:56.274+0200] {processor.py:826} INFO - Processing file /Users/felipe.vasconcelos/repos/courses/python-learnings/.venv/lib/python3.10/site-packages/airflow/example_dags/example_time_delta_sensor_async.py for tasks to queue
[2023-08-05T12:00:56.275+0200] {logging_mixin.py:150} INFO - [2023-08-05T12:00:56.275+0200] {dagbag.py:541} INFO - Filling up the DagBag from /Users/felipe.vasconcelos/repos/courses/python-learnings/.venv/lib/python3.10/site-packages/airflow/example_dags/example_time_delta_sensor_async.py
[2023-08-05T12:00:56.384+0200] {processor.py:836} INFO - DAG(s) dict_keys(['example_time_delta_sensor_async']) retrieved from /Users/felipe.vasconcelos/repos/courses/python-learnings/.venv/lib/python3.10/site-packages/airflow/example_dags/example_time_delta_sensor_async.py
[2023-08-05T12:00:58.180+0200] {logging_mixin.py:150} INFO - [2023-08-05T12:00:58.179+0200] {dag.py:2742} INFO - Sync 1 DAGs
[2023-08-05T12:00:58.226+0200] {logging_mixin.py:150} INFO - [2023-08-05T12:00:58.226+0200] {dag.py:3504} INFO - Setting next_dagrun for example_time_delta_sensor_async to None, run_after=None
[2023-08-05T12:00:58.276+0200] {processor.py:179} INFO - Processing /Users/felipe.vasconcelos/repos/courses/python-learnings/.venv/lib/python3.10/site-packages/airflow/example_dags/example_time_delta_sensor_async.py took 2.012 seconds
[2023-08-05T12:04:25.506+0200] {processor.py:157} INFO - Started process (PID=84891) to work on /Users/felipe.vasconcelos/repos/courses/python-learnings/.venv/lib/python3.10/site-packages/airflow/example_dags/example_time_delta_sensor_async.py
[2023-08-05T12:04:25.521+0200] {processor.py:826} INFO - Processing file /Users/felipe.vasconcelos/repos/courses/python-learnings/.venv/lib/python3.10/site-packages/airflow/example_dags/example_time_delta_sensor_async.py for tasks to queue
[2023-08-05T12:04:25.522+0200] {logging_mixin.py:150} INFO - [2023-08-05T12:04:25.522+0200] {dagbag.py:541} INFO - Filling up the DagBag from /Users/felipe.vasconcelos/repos/courses/python-learnings/.venv/lib/python3.10/site-packages/airflow/example_dags/example_time_delta_sensor_async.py
[2023-08-05T12:04:25.581+0200] {processor.py:836} INFO - DAG(s) dict_keys(['example_time_delta_sensor_async']) retrieved from /Users/felipe.vasconcelos/repos/courses/python-learnings/.venv/lib/python3.10/site-packages/airflow/example_dags/example_time_delta_sensor_async.py
[2023-08-05T12:04:27.979+0200] {logging_mixin.py:150} INFO - [2023-08-05T12:04:27.978+0200] {dag.py:2742} INFO - Sync 1 DAGs
[2023-08-05T12:04:28.008+0200] {logging_mixin.py:150} INFO - [2023-08-05T12:04:28.007+0200] {dag.py:3504} INFO - Setting next_dagrun for example_time_delta_sensor_async to None, run_after=None
[2023-08-05T12:04:28.041+0200] {processor.py:179} INFO - Processing /Users/felipe.vasconcelos/repos/courses/python-learnings/.venv/lib/python3.10/site-packages/airflow/example_dags/example_time_delta_sensor_async.py took 2.542 seconds
