[2023-08-05T10:40:20.362+0200] {processor.py:157} INFO - Started process (PID=82613) to work on /Users/felipe.vasconcelos/repos/courses/python-learnings/.venv/lib/python3.10/site-packages/airflow/example_dags/example_params_trigger_ui.py
[2023-08-05T10:40:20.368+0200] {processor.py:826} INFO - Processing file /Users/felipe.vasconcelos/repos/courses/python-learnings/.venv/lib/python3.10/site-packages/airflow/example_dags/example_params_trigger_ui.py for tasks to queue
[2023-08-05T10:40:20.369+0200] {logging_mixin.py:150} INFO - [2023-08-05T10:40:20.369+0200] {dagbag.py:541} INFO - Filling up the DagBag from /Users/felipe.vasconcelos/repos/courses/python-learnings/.venv/lib/python3.10/site-packages/airflow/example_dags/example_params_trigger_ui.py
[2023-08-05T10:40:20.497+0200] {processor.py:836} INFO - DAG(s) dict_keys(['example_params_trigger_ui']) retrieved from /Users/felipe.vasconcelos/repos/courses/python-learnings/.venv/lib/python3.10/site-packages/airflow/example_dags/example_params_trigger_ui.py
[2023-08-05T10:40:21.512+0200] {logging_mixin.py:150} INFO - [2023-08-05T10:40:21.512+0200] {manager.py:504} INFO - Created Permission View: can read on DAG:example_params_trigger_ui
[2023-08-05T10:40:21.524+0200] {logging_mixin.py:150} INFO - [2023-08-05T10:40:21.524+0200] {manager.py:504} INFO - Created Permission View: can edit on DAG:example_params_trigger_ui
[2023-08-05T10:40:21.531+0200] {logging_mixin.py:150} INFO - [2023-08-05T10:40:21.531+0200] {manager.py:504} INFO - Created Permission View: can delete on DAG:example_params_trigger_ui
[2023-08-05T10:40:21.544+0200] {logging_mixin.py:150} INFO - [2023-08-05T10:40:21.543+0200] {dag.py:2742} INFO - Sync 1 DAGs
[2023-08-05T10:40:21.554+0200] {logging_mixin.py:150} INFO - [2023-08-05T10:40:21.554+0200] {dag.py:2763} INFO - Creating ORM DAG for example_params_trigger_ui
[2023-08-05T10:40:21.562+0200] {logging_mixin.py:150} INFO - [2023-08-05T10:40:21.562+0200] {dag.py:3504} INFO - Setting next_dagrun for example_params_trigger_ui to None, run_after=None
[2023-08-05T10:40:21.582+0200] {processor.py:179} INFO - Processing /Users/felipe.vasconcelos/repos/courses/python-learnings/.venv/lib/python3.10/site-packages/airflow/example_dags/example_params_trigger_ui.py took 1.222 seconds
[2023-08-05T10:43:47.527+0200] {processor.py:157} INFO - Started process (PID=82691) to work on /Users/felipe.vasconcelos/repos/courses/python-learnings/.venv/lib/python3.10/site-packages/airflow/example_dags/example_params_trigger_ui.py
[2023-08-05T10:43:47.552+0200] {processor.py:826} INFO - Processing file /Users/felipe.vasconcelos/repos/courses/python-learnings/.venv/lib/python3.10/site-packages/airflow/example_dags/example_params_trigger_ui.py for tasks to queue
[2023-08-05T10:43:47.554+0200] {logging_mixin.py:150} INFO - [2023-08-05T10:43:47.554+0200] {dagbag.py:541} INFO - Filling up the DagBag from /Users/felipe.vasconcelos/repos/courses/python-learnings/.venv/lib/python3.10/site-packages/airflow/example_dags/example_params_trigger_ui.py
[2023-08-05T10:43:47.762+0200] {processor.py:836} INFO - DAG(s) dict_keys(['example_params_trigger_ui']) retrieved from /Users/felipe.vasconcelos/repos/courses/python-learnings/.venv/lib/python3.10/site-packages/airflow/example_dags/example_params_trigger_ui.py
[2023-08-05T10:43:49.581+0200] {logging_mixin.py:150} INFO - [2023-08-05T10:43:49.580+0200] {dag.py:2742} INFO - Sync 1 DAGs
[2023-08-05T10:43:49.633+0200] {logging_mixin.py:150} INFO - [2023-08-05T10:43:49.632+0200] {dag.py:3504} INFO - Setting next_dagrun for example_params_trigger_ui to None, run_after=None
[2023-08-05T10:43:49.703+0200] {processor.py:179} INFO - Processing /Users/felipe.vasconcelos/repos/courses/python-learnings/.venv/lib/python3.10/site-packages/airflow/example_dags/example_params_trigger_ui.py took 2.177 seconds
[2023-08-05T10:47:12.322+0200] {processor.py:157} INFO - Started process (PID=82837) to work on /Users/felipe.vasconcelos/repos/courses/python-learnings/.venv/lib/python3.10/site-packages/airflow/example_dags/example_params_trigger_ui.py
[2023-08-05T10:47:12.329+0200] {processor.py:826} INFO - Processing file /Users/felipe.vasconcelos/repos/courses/python-learnings/.venv/lib/python3.10/site-packages/airflow/example_dags/example_params_trigger_ui.py for tasks to queue
[2023-08-05T10:47:12.330+0200] {logging_mixin.py:150} INFO - [2023-08-05T10:47:12.329+0200] {dagbag.py:541} INFO - Filling up the DagBag from /Users/felipe.vasconcelos/repos/courses/python-learnings/.venv/lib/python3.10/site-packages/airflow/example_dags/example_params_trigger_ui.py
[2023-08-05T10:47:12.442+0200] {processor.py:836} INFO - DAG(s) dict_keys(['example_params_trigger_ui']) retrieved from /Users/felipe.vasconcelos/repos/courses/python-learnings/.venv/lib/python3.10/site-packages/airflow/example_dags/example_params_trigger_ui.py
[2023-08-05T10:47:13.141+0200] {logging_mixin.py:150} INFO - [2023-08-05T10:47:13.141+0200] {dag.py:2742} INFO - Sync 1 DAGs
[2023-08-05T10:47:13.159+0200] {logging_mixin.py:150} INFO - [2023-08-05T10:47:13.159+0200] {dag.py:3504} INFO - Setting next_dagrun for example_params_trigger_ui to None, run_after=None
[2023-08-05T10:47:13.179+0200] {processor.py:179} INFO - Processing /Users/felipe.vasconcelos/repos/courses/python-learnings/.venv/lib/python3.10/site-packages/airflow/example_dags/example_params_trigger_ui.py took 0.858 seconds
[2023-08-05T10:49:28.574+0200] {processor.py:157} INFO - Started process (PID=82899) to work on /Users/felipe.vasconcelos/repos/courses/python-learnings/.venv/lib/python3.10/site-packages/airflow/example_dags/example_params_trigger_ui.py
[2023-08-05T10:49:28.581+0200] {processor.py:826} INFO - Processing file /Users/felipe.vasconcelos/repos/courses/python-learnings/.venv/lib/python3.10/site-packages/airflow/example_dags/example_params_trigger_ui.py for tasks to queue
[2023-08-05T10:49:28.582+0200] {logging_mixin.py:150} INFO - [2023-08-05T10:49:28.581+0200] {dagbag.py:541} INFO - Filling up the DagBag from /Users/felipe.vasconcelos/repos/courses/python-learnings/.venv/lib/python3.10/site-packages/airflow/example_dags/example_params_trigger_ui.py
[2023-08-05T10:49:28.728+0200] {processor.py:836} INFO - DAG(s) dict_keys(['example_params_trigger_ui']) retrieved from /Users/felipe.vasconcelos/repos/courses/python-learnings/.venv/lib/python3.10/site-packages/airflow/example_dags/example_params_trigger_ui.py
[2023-08-05T10:49:29.539+0200] {logging_mixin.py:150} INFO - [2023-08-05T10:49:29.538+0200] {dag.py:2742} INFO - Sync 1 DAGs
[2023-08-05T10:49:29.561+0200] {logging_mixin.py:150} INFO - [2023-08-05T10:49:29.560+0200] {dag.py:3504} INFO - Setting next_dagrun for example_params_trigger_ui to None, run_after=None
[2023-08-05T10:49:29.582+0200] {processor.py:179} INFO - Processing /Users/felipe.vasconcelos/repos/courses/python-learnings/.venv/lib/python3.10/site-packages/airflow/example_dags/example_params_trigger_ui.py took 1.009 seconds
[2023-08-05T10:51:44.291+0200] {processor.py:157} INFO - Started process (PID=82966) to work on /Users/felipe.vasconcelos/repos/courses/python-learnings/.venv/lib/python3.10/site-packages/airflow/example_dags/example_params_trigger_ui.py
[2023-08-05T10:51:44.297+0200] {processor.py:826} INFO - Processing file /Users/felipe.vasconcelos/repos/courses/python-learnings/.venv/lib/python3.10/site-packages/airflow/example_dags/example_params_trigger_ui.py for tasks to queue
[2023-08-05T10:51:44.298+0200] {logging_mixin.py:150} INFO - [2023-08-05T10:51:44.298+0200] {dagbag.py:541} INFO - Filling up the DagBag from /Users/felipe.vasconcelos/repos/courses/python-learnings/.venv/lib/python3.10/site-packages/airflow/example_dags/example_params_trigger_ui.py
[2023-08-05T10:51:44.403+0200] {processor.py:836} INFO - DAG(s) dict_keys(['example_params_trigger_ui']) retrieved from /Users/felipe.vasconcelos/repos/courses/python-learnings/.venv/lib/python3.10/site-packages/airflow/example_dags/example_params_trigger_ui.py
[2023-08-05T10:51:45.064+0200] {logging_mixin.py:150} INFO - [2023-08-05T10:51:45.064+0200] {dag.py:2742} INFO - Sync 1 DAGs
[2023-08-05T10:51:45.083+0200] {logging_mixin.py:150} INFO - [2023-08-05T10:51:45.083+0200] {dag.py:3504} INFO - Setting next_dagrun for example_params_trigger_ui to None, run_after=None
[2023-08-05T10:51:45.103+0200] {processor.py:179} INFO - Processing /Users/felipe.vasconcelos/repos/courses/python-learnings/.venv/lib/python3.10/site-packages/airflow/example_dags/example_params_trigger_ui.py took 0.813 seconds
[2023-08-05T10:53:55.772+0200] {processor.py:157} INFO - Started process (PID=83018) to work on /Users/felipe.vasconcelos/repos/courses/python-learnings/.venv/lib/python3.10/site-packages/airflow/example_dags/example_params_trigger_ui.py
[2023-08-05T10:53:55.779+0200] {processor.py:826} INFO - Processing file /Users/felipe.vasconcelos/repos/courses/python-learnings/.venv/lib/python3.10/site-packages/airflow/example_dags/example_params_trigger_ui.py for tasks to queue
[2023-08-05T10:53:55.780+0200] {logging_mixin.py:150} INFO - [2023-08-05T10:53:55.779+0200] {dagbag.py:541} INFO - Filling up the DagBag from /Users/felipe.vasconcelos/repos/courses/python-learnings/.venv/lib/python3.10/site-packages/airflow/example_dags/example_params_trigger_ui.py
[2023-08-05T10:53:55.897+0200] {processor.py:836} INFO - DAG(s) dict_keys(['example_params_trigger_ui']) retrieved from /Users/felipe.vasconcelos/repos/courses/python-learnings/.venv/lib/python3.10/site-packages/airflow/example_dags/example_params_trigger_ui.py
[2023-08-05T10:53:56.643+0200] {logging_mixin.py:150} INFO - [2023-08-05T10:53:56.643+0200] {dag.py:2742} INFO - Sync 1 DAGs
[2023-08-05T10:53:56.673+0200] {logging_mixin.py:150} INFO - [2023-08-05T10:53:56.672+0200] {dag.py:3504} INFO - Setting next_dagrun for example_params_trigger_ui to None, run_after=None
[2023-08-05T10:53:56.695+0200] {processor.py:179} INFO - Processing /Users/felipe.vasconcelos/repos/courses/python-learnings/.venv/lib/python3.10/site-packages/airflow/example_dags/example_params_trigger_ui.py took 0.924 seconds
[2023-08-05T10:56:13.668+0200] {processor.py:157} INFO - Started process (PID=83083) to work on /Users/felipe.vasconcelos/repos/courses/python-learnings/.venv/lib/python3.10/site-packages/airflow/example_dags/example_params_trigger_ui.py
[2023-08-05T10:56:13.675+0200] {processor.py:826} INFO - Processing file /Users/felipe.vasconcelos/repos/courses/python-learnings/.venv/lib/python3.10/site-packages/airflow/example_dags/example_params_trigger_ui.py for tasks to queue
[2023-08-05T10:56:13.676+0200] {logging_mixin.py:150} INFO - [2023-08-05T10:56:13.675+0200] {dagbag.py:541} INFO - Filling up the DagBag from /Users/felipe.vasconcelos/repos/courses/python-learnings/.venv/lib/python3.10/site-packages/airflow/example_dags/example_params_trigger_ui.py
[2023-08-05T10:56:13.793+0200] {processor.py:836} INFO - DAG(s) dict_keys(['example_params_trigger_ui']) retrieved from /Users/felipe.vasconcelos/repos/courses/python-learnings/.venv/lib/python3.10/site-packages/airflow/example_dags/example_params_trigger_ui.py
[2023-08-05T10:56:14.579+0200] {logging_mixin.py:150} INFO - [2023-08-05T10:56:14.579+0200] {dag.py:2742} INFO - Sync 1 DAGs
[2023-08-05T10:56:14.596+0200] {logging_mixin.py:150} INFO - [2023-08-05T10:56:14.595+0200] {dag.py:3504} INFO - Setting next_dagrun for example_params_trigger_ui to None, run_after=None
[2023-08-05T10:56:14.615+0200] {processor.py:179} INFO - Processing /Users/felipe.vasconcelos/repos/courses/python-learnings/.venv/lib/python3.10/site-packages/airflow/example_dags/example_params_trigger_ui.py took 0.948 seconds
[2023-08-05T10:58:20.337+0200] {processor.py:157} INFO - Started process (PID=83148) to work on /Users/felipe.vasconcelos/repos/courses/python-learnings/.venv/lib/python3.10/site-packages/airflow/example_dags/example_params_trigger_ui.py
[2023-08-05T10:58:20.344+0200] {processor.py:826} INFO - Processing file /Users/felipe.vasconcelos/repos/courses/python-learnings/.venv/lib/python3.10/site-packages/airflow/example_dags/example_params_trigger_ui.py for tasks to queue
[2023-08-05T10:58:20.345+0200] {logging_mixin.py:150} INFO - [2023-08-05T10:58:20.344+0200] {dagbag.py:541} INFO - Filling up the DagBag from /Users/felipe.vasconcelos/repos/courses/python-learnings/.venv/lib/python3.10/site-packages/airflow/example_dags/example_params_trigger_ui.py
[2023-08-05T10:58:20.455+0200] {processor.py:836} INFO - DAG(s) dict_keys(['example_params_trigger_ui']) retrieved from /Users/felipe.vasconcelos/repos/courses/python-learnings/.venv/lib/python3.10/site-packages/airflow/example_dags/example_params_trigger_ui.py
[2023-08-05T10:58:21.129+0200] {logging_mixin.py:150} INFO - [2023-08-05T10:58:21.129+0200] {dag.py:2742} INFO - Sync 1 DAGs
[2023-08-05T10:58:21.147+0200] {logging_mixin.py:150} INFO - [2023-08-05T10:58:21.147+0200] {dag.py:3504} INFO - Setting next_dagrun for example_params_trigger_ui to None, run_after=None
[2023-08-05T10:58:21.165+0200] {processor.py:179} INFO - Processing /Users/felipe.vasconcelos/repos/courses/python-learnings/.venv/lib/python3.10/site-packages/airflow/example_dags/example_params_trigger_ui.py took 0.829 seconds
[2023-08-05T11:12:44.344+0200] {processor.py:157} INFO - Started process (PID=83278) to work on /Users/felipe.vasconcelos/repos/courses/python-learnings/.venv/lib/python3.10/site-packages/airflow/example_dags/example_params_trigger_ui.py
[2023-08-05T11:12:44.351+0200] {processor.py:826} INFO - Processing file /Users/felipe.vasconcelos/repos/courses/python-learnings/.venv/lib/python3.10/site-packages/airflow/example_dags/example_params_trigger_ui.py for tasks to queue
[2023-08-05T11:12:44.352+0200] {logging_mixin.py:150} INFO - [2023-08-05T11:12:44.352+0200] {dagbag.py:541} INFO - Filling up the DagBag from /Users/felipe.vasconcelos/repos/courses/python-learnings/.venv/lib/python3.10/site-packages/airflow/example_dags/example_params_trigger_ui.py
[2023-08-05T11:12:44.474+0200] {processor.py:836} INFO - DAG(s) dict_keys(['example_params_trigger_ui']) retrieved from /Users/felipe.vasconcelos/repos/courses/python-learnings/.venv/lib/python3.10/site-packages/airflow/example_dags/example_params_trigger_ui.py
[2023-08-05T11:12:45.130+0200] {logging_mixin.py:150} INFO - [2023-08-05T11:12:45.129+0200] {dag.py:2742} INFO - Sync 1 DAGs
[2023-08-05T11:12:45.147+0200] {logging_mixin.py:150} INFO - [2023-08-05T11:12:45.146+0200] {dag.py:3504} INFO - Setting next_dagrun for example_params_trigger_ui to None, run_after=None
[2023-08-05T11:12:45.169+0200] {processor.py:179} INFO - Processing /Users/felipe.vasconcelos/repos/courses/python-learnings/.venv/lib/python3.10/site-packages/airflow/example_dags/example_params_trigger_ui.py took 0.826 seconds
[2023-08-05T11:15:00.371+0200] {processor.py:157} INFO - Started process (PID=83343) to work on /Users/felipe.vasconcelos/repos/courses/python-learnings/.venv/lib/python3.10/site-packages/airflow/example_dags/example_params_trigger_ui.py
[2023-08-05T11:15:00.377+0200] {processor.py:826} INFO - Processing file /Users/felipe.vasconcelos/repos/courses/python-learnings/.venv/lib/python3.10/site-packages/airflow/example_dags/example_params_trigger_ui.py for tasks to queue
[2023-08-05T11:15:00.378+0200] {logging_mixin.py:150} INFO - [2023-08-05T11:15:00.378+0200] {dagbag.py:541} INFO - Filling up the DagBag from /Users/felipe.vasconcelos/repos/courses/python-learnings/.venv/lib/python3.10/site-packages/airflow/example_dags/example_params_trigger_ui.py
[2023-08-05T11:15:00.485+0200] {processor.py:836} INFO - DAG(s) dict_keys(['example_params_trigger_ui']) retrieved from /Users/felipe.vasconcelos/repos/courses/python-learnings/.venv/lib/python3.10/site-packages/airflow/example_dags/example_params_trigger_ui.py
[2023-08-05T11:15:01.238+0200] {logging_mixin.py:150} INFO - [2023-08-05T11:15:01.237+0200] {dag.py:2742} INFO - Sync 1 DAGs
[2023-08-05T11:15:01.256+0200] {logging_mixin.py:150} INFO - [2023-08-05T11:15:01.256+0200] {dag.py:3504} INFO - Setting next_dagrun for example_params_trigger_ui to None, run_after=None
[2023-08-05T11:15:01.276+0200] {processor.py:179} INFO - Processing /Users/felipe.vasconcelos/repos/courses/python-learnings/.venv/lib/python3.10/site-packages/airflow/example_dags/example_params_trigger_ui.py took 0.907 seconds
[2023-08-05T11:17:04.439+0200] {processor.py:157} INFO - Started process (PID=83401) to work on /Users/felipe.vasconcelos/repos/courses/python-learnings/.venv/lib/python3.10/site-packages/airflow/example_dags/example_params_trigger_ui.py
[2023-08-05T11:17:04.446+0200] {processor.py:826} INFO - Processing file /Users/felipe.vasconcelos/repos/courses/python-learnings/.venv/lib/python3.10/site-packages/airflow/example_dags/example_params_trigger_ui.py for tasks to queue
[2023-08-05T11:17:04.447+0200] {logging_mixin.py:150} INFO - [2023-08-05T11:17:04.447+0200] {dagbag.py:541} INFO - Filling up the DagBag from /Users/felipe.vasconcelos/repos/courses/python-learnings/.venv/lib/python3.10/site-packages/airflow/example_dags/example_params_trigger_ui.py
[2023-08-05T11:17:04.584+0200] {processor.py:836} INFO - DAG(s) dict_keys(['example_params_trigger_ui']) retrieved from /Users/felipe.vasconcelos/repos/courses/python-learnings/.venv/lib/python3.10/site-packages/airflow/example_dags/example_params_trigger_ui.py
[2023-08-05T11:17:05.370+0200] {logging_mixin.py:150} INFO - [2023-08-05T11:17:05.369+0200] {dag.py:2742} INFO - Sync 1 DAGs
[2023-08-05T11:17:05.395+0200] {logging_mixin.py:150} INFO - [2023-08-05T11:17:05.395+0200] {dag.py:3504} INFO - Setting next_dagrun for example_params_trigger_ui to None, run_after=None
[2023-08-05T11:17:05.418+0200] {processor.py:179} INFO - Processing /Users/felipe.vasconcelos/repos/courses/python-learnings/.venv/lib/python3.10/site-packages/airflow/example_dags/example_params_trigger_ui.py took 0.979 seconds
[2023-08-05T11:19:13.229+0200] {processor.py:157} INFO - Started process (PID=83465) to work on /Users/felipe.vasconcelos/repos/courses/python-learnings/.venv/lib/python3.10/site-packages/airflow/example_dags/example_params_trigger_ui.py
[2023-08-05T11:19:13.235+0200] {processor.py:826} INFO - Processing file /Users/felipe.vasconcelos/repos/courses/python-learnings/.venv/lib/python3.10/site-packages/airflow/example_dags/example_params_trigger_ui.py for tasks to queue
[2023-08-05T11:19:13.236+0200] {logging_mixin.py:150} INFO - [2023-08-05T11:19:13.236+0200] {dagbag.py:541} INFO - Filling up the DagBag from /Users/felipe.vasconcelos/repos/courses/python-learnings/.venv/lib/python3.10/site-packages/airflow/example_dags/example_params_trigger_ui.py
[2023-08-05T11:19:13.348+0200] {processor.py:836} INFO - DAG(s) dict_keys(['example_params_trigger_ui']) retrieved from /Users/felipe.vasconcelos/repos/courses/python-learnings/.venv/lib/python3.10/site-packages/airflow/example_dags/example_params_trigger_ui.py
[2023-08-05T11:19:14.110+0200] {logging_mixin.py:150} INFO - [2023-08-05T11:19:14.110+0200] {dag.py:2742} INFO - Sync 1 DAGs
[2023-08-05T11:19:14.127+0200] {logging_mixin.py:150} INFO - [2023-08-05T11:19:14.127+0200] {dag.py:3504} INFO - Setting next_dagrun for example_params_trigger_ui to None, run_after=None
[2023-08-05T11:19:14.147+0200] {processor.py:179} INFO - Processing /Users/felipe.vasconcelos/repos/courses/python-learnings/.venv/lib/python3.10/site-packages/airflow/example_dags/example_params_trigger_ui.py took 0.919 seconds
[2023-08-05T11:21:37.911+0200] {processor.py:157} INFO - Started process (PID=83536) to work on /Users/felipe.vasconcelos/repos/courses/python-learnings/.venv/lib/python3.10/site-packages/airflow/example_dags/example_params_trigger_ui.py
[2023-08-05T11:21:37.918+0200] {processor.py:826} INFO - Processing file /Users/felipe.vasconcelos/repos/courses/python-learnings/.venv/lib/python3.10/site-packages/airflow/example_dags/example_params_trigger_ui.py for tasks to queue
[2023-08-05T11:21:37.919+0200] {logging_mixin.py:150} INFO - [2023-08-05T11:21:37.918+0200] {dagbag.py:541} INFO - Filling up the DagBag from /Users/felipe.vasconcelos/repos/courses/python-learnings/.venv/lib/python3.10/site-packages/airflow/example_dags/example_params_trigger_ui.py
[2023-08-05T11:21:38.088+0200] {processor.py:836} INFO - DAG(s) dict_keys(['example_params_trigger_ui']) retrieved from /Users/felipe.vasconcelos/repos/courses/python-learnings/.venv/lib/python3.10/site-packages/airflow/example_dags/example_params_trigger_ui.py
[2023-08-05T11:21:39.103+0200] {logging_mixin.py:150} INFO - [2023-08-05T11:21:39.103+0200] {dag.py:2742} INFO - Sync 1 DAGs
[2023-08-05T11:21:39.123+0200] {logging_mixin.py:150} INFO - [2023-08-05T11:21:39.123+0200] {dag.py:3504} INFO - Setting next_dagrun for example_params_trigger_ui to None, run_after=None
[2023-08-05T11:21:39.206+0200] {processor.py:179} INFO - Processing /Users/felipe.vasconcelos/repos/courses/python-learnings/.venv/lib/python3.10/site-packages/airflow/example_dags/example_params_trigger_ui.py took 1.296 seconds
[2023-08-05T11:23:53.582+0200] {processor.py:157} INFO - Started process (PID=83592) to work on /Users/felipe.vasconcelos/repos/courses/python-learnings/.venv/lib/python3.10/site-packages/airflow/example_dags/example_params_trigger_ui.py
[2023-08-05T11:23:53.589+0200] {processor.py:826} INFO - Processing file /Users/felipe.vasconcelos/repos/courses/python-learnings/.venv/lib/python3.10/site-packages/airflow/example_dags/example_params_trigger_ui.py for tasks to queue
[2023-08-05T11:23:53.590+0200] {logging_mixin.py:150} INFO - [2023-08-05T11:23:53.590+0200] {dagbag.py:541} INFO - Filling up the DagBag from /Users/felipe.vasconcelos/repos/courses/python-learnings/.venv/lib/python3.10/site-packages/airflow/example_dags/example_params_trigger_ui.py
[2023-08-05T11:23:53.703+0200] {processor.py:836} INFO - DAG(s) dict_keys(['example_params_trigger_ui']) retrieved from /Users/felipe.vasconcelos/repos/courses/python-learnings/.venv/lib/python3.10/site-packages/airflow/example_dags/example_params_trigger_ui.py
[2023-08-05T11:23:54.398+0200] {logging_mixin.py:150} INFO - [2023-08-05T11:23:54.397+0200] {dag.py:2742} INFO - Sync 1 DAGs
[2023-08-05T11:23:54.417+0200] {logging_mixin.py:150} INFO - [2023-08-05T11:23:54.417+0200] {dag.py:3504} INFO - Setting next_dagrun for example_params_trigger_ui to None, run_after=None
[2023-08-05T11:23:54.437+0200] {processor.py:179} INFO - Processing /Users/felipe.vasconcelos/repos/courses/python-learnings/.venv/lib/python3.10/site-packages/airflow/example_dags/example_params_trigger_ui.py took 0.856 seconds
[2023-08-05T11:26:03.243+0200] {processor.py:157} INFO - Started process (PID=83645) to work on /Users/felipe.vasconcelos/repos/courses/python-learnings/.venv/lib/python3.10/site-packages/airflow/example_dags/example_params_trigger_ui.py
[2023-08-05T11:26:03.249+0200] {processor.py:826} INFO - Processing file /Users/felipe.vasconcelos/repos/courses/python-learnings/.venv/lib/python3.10/site-packages/airflow/example_dags/example_params_trigger_ui.py for tasks to queue
[2023-08-05T11:26:03.250+0200] {logging_mixin.py:150} INFO - [2023-08-05T11:26:03.250+0200] {dagbag.py:541} INFO - Filling up the DagBag from /Users/felipe.vasconcelos/repos/courses/python-learnings/.venv/lib/python3.10/site-packages/airflow/example_dags/example_params_trigger_ui.py
[2023-08-05T11:26:03.388+0200] {processor.py:836} INFO - DAG(s) dict_keys(['example_params_trigger_ui']) retrieved from /Users/felipe.vasconcelos/repos/courses/python-learnings/.venv/lib/python3.10/site-packages/airflow/example_dags/example_params_trigger_ui.py
[2023-08-05T11:26:04.111+0200] {logging_mixin.py:150} INFO - [2023-08-05T11:26:04.110+0200] {dag.py:2742} INFO - Sync 1 DAGs
[2023-08-05T11:26:04.129+0200] {logging_mixin.py:150} INFO - [2023-08-05T11:26:04.129+0200] {dag.py:3504} INFO - Setting next_dagrun for example_params_trigger_ui to None, run_after=None
[2023-08-05T11:26:04.154+0200] {processor.py:179} INFO - Processing /Users/felipe.vasconcelos/repos/courses/python-learnings/.venv/lib/python3.10/site-packages/airflow/example_dags/example_params_trigger_ui.py took 0.912 seconds
[2023-08-05T11:28:19.808+0200] {processor.py:157} INFO - Started process (PID=83705) to work on /Users/felipe.vasconcelos/repos/courses/python-learnings/.venv/lib/python3.10/site-packages/airflow/example_dags/example_params_trigger_ui.py
[2023-08-05T11:28:19.815+0200] {processor.py:826} INFO - Processing file /Users/felipe.vasconcelos/repos/courses/python-learnings/.venv/lib/python3.10/site-packages/airflow/example_dags/example_params_trigger_ui.py for tasks to queue
[2023-08-05T11:28:19.816+0200] {logging_mixin.py:150} INFO - [2023-08-05T11:28:19.815+0200] {dagbag.py:541} INFO - Filling up the DagBag from /Users/felipe.vasconcelos/repos/courses/python-learnings/.venv/lib/python3.10/site-packages/airflow/example_dags/example_params_trigger_ui.py
[2023-08-05T11:28:19.983+0200] {processor.py:836} INFO - DAG(s) dict_keys(['example_params_trigger_ui']) retrieved from /Users/felipe.vasconcelos/repos/courses/python-learnings/.venv/lib/python3.10/site-packages/airflow/example_dags/example_params_trigger_ui.py
[2023-08-05T11:28:20.707+0200] {logging_mixin.py:150} INFO - [2023-08-05T11:28:20.707+0200] {dag.py:2742} INFO - Sync 1 DAGs
[2023-08-05T11:28:20.725+0200] {logging_mixin.py:150} INFO - [2023-08-05T11:28:20.724+0200] {dag.py:3504} INFO - Setting next_dagrun for example_params_trigger_ui to None, run_after=None
[2023-08-05T11:28:20.744+0200] {processor.py:179} INFO - Processing /Users/felipe.vasconcelos/repos/courses/python-learnings/.venv/lib/python3.10/site-packages/airflow/example_dags/example_params_trigger_ui.py took 0.937 seconds
[2023-08-05T11:30:29.482+0200] {processor.py:157} INFO - Started process (PID=83766) to work on /Users/felipe.vasconcelos/repos/courses/python-learnings/.venv/lib/python3.10/site-packages/airflow/example_dags/example_params_trigger_ui.py
[2023-08-05T11:30:29.488+0200] {processor.py:826} INFO - Processing file /Users/felipe.vasconcelos/repos/courses/python-learnings/.venv/lib/python3.10/site-packages/airflow/example_dags/example_params_trigger_ui.py for tasks to queue
[2023-08-05T11:30:29.488+0200] {logging_mixin.py:150} INFO - [2023-08-05T11:30:29.488+0200] {dagbag.py:541} INFO - Filling up the DagBag from /Users/felipe.vasconcelos/repos/courses/python-learnings/.venv/lib/python3.10/site-packages/airflow/example_dags/example_params_trigger_ui.py
[2023-08-05T11:30:29.594+0200] {processor.py:836} INFO - DAG(s) dict_keys(['example_params_trigger_ui']) retrieved from /Users/felipe.vasconcelos/repos/courses/python-learnings/.venv/lib/python3.10/site-packages/airflow/example_dags/example_params_trigger_ui.py
[2023-08-05T11:30:30.296+0200] {logging_mixin.py:150} INFO - [2023-08-05T11:30:30.295+0200] {dag.py:2742} INFO - Sync 1 DAGs
[2023-08-05T11:30:30.314+0200] {logging_mixin.py:150} INFO - [2023-08-05T11:30:30.313+0200] {dag.py:3504} INFO - Setting next_dagrun for example_params_trigger_ui to None, run_after=None
[2023-08-05T11:30:30.335+0200] {processor.py:179} INFO - Processing /Users/felipe.vasconcelos/repos/courses/python-learnings/.venv/lib/python3.10/site-packages/airflow/example_dags/example_params_trigger_ui.py took 0.854 seconds
[2023-08-05T11:33:44.407+0200] {processor.py:157} INFO - Started process (PID=83878) to work on /Users/felipe.vasconcelos/repos/courses/python-learnings/.venv/lib/python3.10/site-packages/airflow/example_dags/example_params_trigger_ui.py
[2023-08-05T11:33:44.413+0200] {processor.py:826} INFO - Processing file /Users/felipe.vasconcelos/repos/courses/python-learnings/.venv/lib/python3.10/site-packages/airflow/example_dags/example_params_trigger_ui.py for tasks to queue
[2023-08-05T11:33:44.414+0200] {logging_mixin.py:150} INFO - [2023-08-05T11:33:44.414+0200] {dagbag.py:541} INFO - Filling up the DagBag from /Users/felipe.vasconcelos/repos/courses/python-learnings/.venv/lib/python3.10/site-packages/airflow/example_dags/example_params_trigger_ui.py
[2023-08-05T11:33:44.547+0200] {processor.py:836} INFO - DAG(s) dict_keys(['example_params_trigger_ui']) retrieved from /Users/felipe.vasconcelos/repos/courses/python-learnings/.venv/lib/python3.10/site-packages/airflow/example_dags/example_params_trigger_ui.py
[2023-08-05T11:33:45.306+0200] {logging_mixin.py:150} INFO - [2023-08-05T11:33:45.306+0200] {dag.py:2742} INFO - Sync 1 DAGs
[2023-08-05T11:33:45.324+0200] {logging_mixin.py:150} INFO - [2023-08-05T11:33:45.323+0200] {dag.py:3504} INFO - Setting next_dagrun for example_params_trigger_ui to None, run_after=None
[2023-08-05T11:33:45.347+0200] {processor.py:179} INFO - Processing /Users/felipe.vasconcelos/repos/courses/python-learnings/.venv/lib/python3.10/site-packages/airflow/example_dags/example_params_trigger_ui.py took 0.941 seconds
[2023-08-05T11:36:05.806+0200] {processor.py:157} INFO - Started process (PID=83957) to work on /Users/felipe.vasconcelos/repos/courses/python-learnings/.venv/lib/python3.10/site-packages/airflow/example_dags/example_params_trigger_ui.py
[2023-08-05T11:36:05.812+0200] {processor.py:826} INFO - Processing file /Users/felipe.vasconcelos/repos/courses/python-learnings/.venv/lib/python3.10/site-packages/airflow/example_dags/example_params_trigger_ui.py for tasks to queue
[2023-08-05T11:36:05.813+0200] {logging_mixin.py:150} INFO - [2023-08-05T11:36:05.813+0200] {dagbag.py:541} INFO - Filling up the DagBag from /Users/felipe.vasconcelos/repos/courses/python-learnings/.venv/lib/python3.10/site-packages/airflow/example_dags/example_params_trigger_ui.py
[2023-08-05T11:36:05.926+0200] {processor.py:836} INFO - DAG(s) dict_keys(['example_params_trigger_ui']) retrieved from /Users/felipe.vasconcelos/repos/courses/python-learnings/.venv/lib/python3.10/site-packages/airflow/example_dags/example_params_trigger_ui.py
[2023-08-05T11:36:07.018+0200] {logging_mixin.py:150} INFO - [2023-08-05T11:36:07.017+0200] {dag.py:2742} INFO - Sync 1 DAGs
[2023-08-05T11:36:07.066+0200] {logging_mixin.py:150} INFO - [2023-08-05T11:36:07.066+0200] {dag.py:3504} INFO - Setting next_dagrun for example_params_trigger_ui to None, run_after=None
[2023-08-05T11:36:07.094+0200] {processor.py:179} INFO - Processing /Users/felipe.vasconcelos/repos/courses/python-learnings/.venv/lib/python3.10/site-packages/airflow/example_dags/example_params_trigger_ui.py took 1.289 seconds
[2023-08-05T11:38:14.350+0200] {processor.py:157} INFO - Started process (PID=84015) to work on /Users/felipe.vasconcelos/repos/courses/python-learnings/.venv/lib/python3.10/site-packages/airflow/example_dags/example_params_trigger_ui.py
[2023-08-05T11:38:14.357+0200] {processor.py:826} INFO - Processing file /Users/felipe.vasconcelos/repos/courses/python-learnings/.venv/lib/python3.10/site-packages/airflow/example_dags/example_params_trigger_ui.py for tasks to queue
[2023-08-05T11:38:14.358+0200] {logging_mixin.py:150} INFO - [2023-08-05T11:38:14.357+0200] {dagbag.py:541} INFO - Filling up the DagBag from /Users/felipe.vasconcelos/repos/courses/python-learnings/.venv/lib/python3.10/site-packages/airflow/example_dags/example_params_trigger_ui.py
[2023-08-05T11:38:14.463+0200] {processor.py:836} INFO - DAG(s) dict_keys(['example_params_trigger_ui']) retrieved from /Users/felipe.vasconcelos/repos/courses/python-learnings/.venv/lib/python3.10/site-packages/airflow/example_dags/example_params_trigger_ui.py
[2023-08-05T11:38:15.133+0200] {logging_mixin.py:150} INFO - [2023-08-05T11:38:15.132+0200] {dag.py:2742} INFO - Sync 1 DAGs
[2023-08-05T11:38:15.150+0200] {logging_mixin.py:150} INFO - [2023-08-05T11:38:15.150+0200] {dag.py:3504} INFO - Setting next_dagrun for example_params_trigger_ui to None, run_after=None
[2023-08-05T11:38:15.170+0200] {processor.py:179} INFO - Processing /Users/felipe.vasconcelos/repos/courses/python-learnings/.venv/lib/python3.10/site-packages/airflow/example_dags/example_params_trigger_ui.py took 0.821 seconds
[2023-08-05T11:40:35.942+0200] {processor.py:157} INFO - Started process (PID=84085) to work on /Users/felipe.vasconcelos/repos/courses/python-learnings/.venv/lib/python3.10/site-packages/airflow/example_dags/example_params_trigger_ui.py
[2023-08-05T11:40:35.948+0200] {processor.py:826} INFO - Processing file /Users/felipe.vasconcelos/repos/courses/python-learnings/.venv/lib/python3.10/site-packages/airflow/example_dags/example_params_trigger_ui.py for tasks to queue
[2023-08-05T11:40:35.949+0200] {logging_mixin.py:150} INFO - [2023-08-05T11:40:35.949+0200] {dagbag.py:541} INFO - Filling up the DagBag from /Users/felipe.vasconcelos/repos/courses/python-learnings/.venv/lib/python3.10/site-packages/airflow/example_dags/example_params_trigger_ui.py
[2023-08-05T11:40:36.056+0200] {processor.py:836} INFO - DAG(s) dict_keys(['example_params_trigger_ui']) retrieved from /Users/felipe.vasconcelos/repos/courses/python-learnings/.venv/lib/python3.10/site-packages/airflow/example_dags/example_params_trigger_ui.py
[2023-08-05T11:40:36.771+0200] {logging_mixin.py:150} INFO - [2023-08-05T11:40:36.770+0200] {dag.py:2742} INFO - Sync 1 DAGs
[2023-08-05T11:40:36.789+0200] {logging_mixin.py:150} INFO - [2023-08-05T11:40:36.788+0200] {dag.py:3504} INFO - Setting next_dagrun for example_params_trigger_ui to None, run_after=None
[2023-08-05T11:40:36.810+0200] {processor.py:179} INFO - Processing /Users/felipe.vasconcelos/repos/courses/python-learnings/.venv/lib/python3.10/site-packages/airflow/example_dags/example_params_trigger_ui.py took 0.869 seconds
[2023-08-05T11:44:46.520+0200] {processor.py:157} INFO - Started process (PID=84213) to work on /Users/felipe.vasconcelos/repos/courses/python-learnings/.venv/lib/python3.10/site-packages/airflow/example_dags/example_params_trigger_ui.py
[2023-08-05T11:44:46.526+0200] {processor.py:826} INFO - Processing file /Users/felipe.vasconcelos/repos/courses/python-learnings/.venv/lib/python3.10/site-packages/airflow/example_dags/example_params_trigger_ui.py for tasks to queue
[2023-08-05T11:44:46.527+0200] {logging_mixin.py:150} INFO - [2023-08-05T11:44:46.527+0200] {dagbag.py:541} INFO - Filling up the DagBag from /Users/felipe.vasconcelos/repos/courses/python-learnings/.venv/lib/python3.10/site-packages/airflow/example_dags/example_params_trigger_ui.py
[2023-08-05T11:44:46.629+0200] {processor.py:836} INFO - DAG(s) dict_keys(['example_params_trigger_ui']) retrieved from /Users/felipe.vasconcelos/repos/courses/python-learnings/.venv/lib/python3.10/site-packages/airflow/example_dags/example_params_trigger_ui.py
[2023-08-05T11:44:47.290+0200] {logging_mixin.py:150} INFO - [2023-08-05T11:44:47.289+0200] {dag.py:2742} INFO - Sync 1 DAGs
[2023-08-05T11:44:47.306+0200] {logging_mixin.py:150} INFO - [2023-08-05T11:44:47.306+0200] {dag.py:3504} INFO - Setting next_dagrun for example_params_trigger_ui to None, run_after=None
[2023-08-05T11:44:47.331+0200] {processor.py:179} INFO - Processing /Users/felipe.vasconcelos/repos/courses/python-learnings/.venv/lib/python3.10/site-packages/airflow/example_dags/example_params_trigger_ui.py took 0.813 seconds
[2023-08-05T11:47:12.686+0200] {processor.py:157} INFO - Started process (PID=84295) to work on /Users/felipe.vasconcelos/repos/courses/python-learnings/.venv/lib/python3.10/site-packages/airflow/example_dags/example_params_trigger_ui.py
[2023-08-05T11:47:12.696+0200] {processor.py:826} INFO - Processing file /Users/felipe.vasconcelos/repos/courses/python-learnings/.venv/lib/python3.10/site-packages/airflow/example_dags/example_params_trigger_ui.py for tasks to queue
[2023-08-05T11:47:12.697+0200] {logging_mixin.py:150} INFO - [2023-08-05T11:47:12.697+0200] {dagbag.py:541} INFO - Filling up the DagBag from /Users/felipe.vasconcelos/repos/courses/python-learnings/.venv/lib/python3.10/site-packages/airflow/example_dags/example_params_trigger_ui.py
[2023-08-05T11:47:12.945+0200] {processor.py:836} INFO - DAG(s) dict_keys(['example_params_trigger_ui']) retrieved from /Users/felipe.vasconcelos/repos/courses/python-learnings/.venv/lib/python3.10/site-packages/airflow/example_dags/example_params_trigger_ui.py
[2023-08-05T11:47:14.034+0200] {logging_mixin.py:150} INFO - [2023-08-05T11:47:14.033+0200] {dag.py:2742} INFO - Sync 1 DAGs
[2023-08-05T11:47:14.055+0200] {logging_mixin.py:150} INFO - [2023-08-05T11:47:14.054+0200] {dag.py:3504} INFO - Setting next_dagrun for example_params_trigger_ui to None, run_after=None
[2023-08-05T11:47:14.077+0200] {processor.py:179} INFO - Processing /Users/felipe.vasconcelos/repos/courses/python-learnings/.venv/lib/python3.10/site-packages/airflow/example_dags/example_params_trigger_ui.py took 1.393 seconds
[2023-08-05T11:49:59.857+0200] {processor.py:157} INFO - Started process (PID=84395) to work on /Users/felipe.vasconcelos/repos/courses/python-learnings/.venv/lib/python3.10/site-packages/airflow/example_dags/example_params_trigger_ui.py
[2023-08-05T11:49:59.864+0200] {processor.py:826} INFO - Processing file /Users/felipe.vasconcelos/repos/courses/python-learnings/.venv/lib/python3.10/site-packages/airflow/example_dags/example_params_trigger_ui.py for tasks to queue
[2023-08-05T11:49:59.865+0200] {logging_mixin.py:150} INFO - [2023-08-05T11:49:59.865+0200] {dagbag.py:541} INFO - Filling up the DagBag from /Users/felipe.vasconcelos/repos/courses/python-learnings/.venv/lib/python3.10/site-packages/airflow/example_dags/example_params_trigger_ui.py
[2023-08-05T11:49:59.973+0200] {processor.py:836} INFO - DAG(s) dict_keys(['example_params_trigger_ui']) retrieved from /Users/felipe.vasconcelos/repos/courses/python-learnings/.venv/lib/python3.10/site-packages/airflow/example_dags/example_params_trigger_ui.py
[2023-08-05T11:50:00.716+0200] {logging_mixin.py:150} INFO - [2023-08-05T11:50:00.716+0200] {dag.py:2742} INFO - Sync 1 DAGs
[2023-08-05T11:50:00.733+0200] {logging_mixin.py:150} INFO - [2023-08-05T11:50:00.733+0200] {dag.py:3504} INFO - Setting next_dagrun for example_params_trigger_ui to None, run_after=None
[2023-08-05T11:50:00.753+0200] {processor.py:179} INFO - Processing /Users/felipe.vasconcelos/repos/courses/python-learnings/.venv/lib/python3.10/site-packages/airflow/example_dags/example_params_trigger_ui.py took 0.897 seconds
[2023-08-05T11:52:14.756+0200] {processor.py:157} INFO - Started process (PID=84457) to work on /Users/felipe.vasconcelos/repos/courses/python-learnings/.venv/lib/python3.10/site-packages/airflow/example_dags/example_params_trigger_ui.py
[2023-08-05T11:52:14.763+0200] {processor.py:826} INFO - Processing file /Users/felipe.vasconcelos/repos/courses/python-learnings/.venv/lib/python3.10/site-packages/airflow/example_dags/example_params_trigger_ui.py for tasks to queue
[2023-08-05T11:52:14.764+0200] {logging_mixin.py:150} INFO - [2023-08-05T11:52:14.763+0200] {dagbag.py:541} INFO - Filling up the DagBag from /Users/felipe.vasconcelos/repos/courses/python-learnings/.venv/lib/python3.10/site-packages/airflow/example_dags/example_params_trigger_ui.py
[2023-08-05T11:52:14.869+0200] {processor.py:836} INFO - DAG(s) dict_keys(['example_params_trigger_ui']) retrieved from /Users/felipe.vasconcelos/repos/courses/python-learnings/.venv/lib/python3.10/site-packages/airflow/example_dags/example_params_trigger_ui.py
[2023-08-05T11:52:15.539+0200] {logging_mixin.py:150} INFO - [2023-08-05T11:52:15.539+0200] {dag.py:2742} INFO - Sync 1 DAGs
[2023-08-05T11:52:15.556+0200] {logging_mixin.py:150} INFO - [2023-08-05T11:52:15.556+0200] {dag.py:3504} INFO - Setting next_dagrun for example_params_trigger_ui to None, run_after=None
[2023-08-05T11:52:15.576+0200] {processor.py:179} INFO - Processing /Users/felipe.vasconcelos/repos/courses/python-learnings/.venv/lib/python3.10/site-packages/airflow/example_dags/example_params_trigger_ui.py took 0.821 seconds
[2023-08-05T11:54:22.552+0200] {processor.py:157} INFO - Started process (PID=84521) to work on /Users/felipe.vasconcelos/repos/courses/python-learnings/.venv/lib/python3.10/site-packages/airflow/example_dags/example_params_trigger_ui.py
[2023-08-05T11:54:22.558+0200] {processor.py:826} INFO - Processing file /Users/felipe.vasconcelos/repos/courses/python-learnings/.venv/lib/python3.10/site-packages/airflow/example_dags/example_params_trigger_ui.py for tasks to queue
[2023-08-05T11:54:22.559+0200] {logging_mixin.py:150} INFO - [2023-08-05T11:54:22.559+0200] {dagbag.py:541} INFO - Filling up the DagBag from /Users/felipe.vasconcelos/repos/courses/python-learnings/.venv/lib/python3.10/site-packages/airflow/example_dags/example_params_trigger_ui.py
[2023-08-05T11:54:22.665+0200] {processor.py:836} INFO - DAG(s) dict_keys(['example_params_trigger_ui']) retrieved from /Users/felipe.vasconcelos/repos/courses/python-learnings/.venv/lib/python3.10/site-packages/airflow/example_dags/example_params_trigger_ui.py
[2023-08-05T11:54:23.340+0200] {logging_mixin.py:150} INFO - [2023-08-05T11:54:23.340+0200] {dag.py:2742} INFO - Sync 1 DAGs
[2023-08-05T11:54:23.359+0200] {logging_mixin.py:150} INFO - [2023-08-05T11:54:23.359+0200] {dag.py:3504} INFO - Setting next_dagrun for example_params_trigger_ui to None, run_after=None
[2023-08-05T11:54:23.379+0200] {processor.py:179} INFO - Processing /Users/felipe.vasconcelos/repos/courses/python-learnings/.venv/lib/python3.10/site-packages/airflow/example_dags/example_params_trigger_ui.py took 0.828 seconds
[2023-08-05T11:56:26.311+0200] {processor.py:157} INFO - Started process (PID=84582) to work on /Users/felipe.vasconcelos/repos/courses/python-learnings/.venv/lib/python3.10/site-packages/airflow/example_dags/example_params_trigger_ui.py
[2023-08-05T11:56:26.316+0200] {processor.py:826} INFO - Processing file /Users/felipe.vasconcelos/repos/courses/python-learnings/.venv/lib/python3.10/site-packages/airflow/example_dags/example_params_trigger_ui.py for tasks to queue
[2023-08-05T11:56:26.317+0200] {logging_mixin.py:150} INFO - [2023-08-05T11:56:26.316+0200] {dagbag.py:541} INFO - Filling up the DagBag from /Users/felipe.vasconcelos/repos/courses/python-learnings/.venv/lib/python3.10/site-packages/airflow/example_dags/example_params_trigger_ui.py
[2023-08-05T11:56:26.420+0200] {processor.py:836} INFO - DAG(s) dict_keys(['example_params_trigger_ui']) retrieved from /Users/felipe.vasconcelos/repos/courses/python-learnings/.venv/lib/python3.10/site-packages/airflow/example_dags/example_params_trigger_ui.py
[2023-08-05T11:56:27.089+0200] {logging_mixin.py:150} INFO - [2023-08-05T11:56:27.089+0200] {dag.py:2742} INFO - Sync 1 DAGs
[2023-08-05T11:56:27.110+0200] {logging_mixin.py:150} INFO - [2023-08-05T11:56:27.110+0200] {dag.py:3504} INFO - Setting next_dagrun for example_params_trigger_ui to None, run_after=None
[2023-08-05T11:56:27.131+0200] {processor.py:179} INFO - Processing /Users/felipe.vasconcelos/repos/courses/python-learnings/.venv/lib/python3.10/site-packages/airflow/example_dags/example_params_trigger_ui.py took 0.822 seconds
[2023-08-05T11:58:34.320+0200] {processor.py:157} INFO - Started process (PID=84641) to work on /Users/felipe.vasconcelos/repos/courses/python-learnings/.venv/lib/python3.10/site-packages/airflow/example_dags/example_params_trigger_ui.py
[2023-08-05T11:58:34.327+0200] {processor.py:826} INFO - Processing file /Users/felipe.vasconcelos/repos/courses/python-learnings/.venv/lib/python3.10/site-packages/airflow/example_dags/example_params_trigger_ui.py for tasks to queue
[2023-08-05T11:58:34.327+0200] {logging_mixin.py:150} INFO - [2023-08-05T11:58:34.327+0200] {dagbag.py:541} INFO - Filling up the DagBag from /Users/felipe.vasconcelos/repos/courses/python-learnings/.venv/lib/python3.10/site-packages/airflow/example_dags/example_params_trigger_ui.py
[2023-08-05T11:58:34.446+0200] {processor.py:836} INFO - DAG(s) dict_keys(['example_params_trigger_ui']) retrieved from /Users/felipe.vasconcelos/repos/courses/python-learnings/.venv/lib/python3.10/site-packages/airflow/example_dags/example_params_trigger_ui.py
[2023-08-05T11:58:35.161+0200] {logging_mixin.py:150} INFO - [2023-08-05T11:58:35.161+0200] {dag.py:2742} INFO - Sync 1 DAGs
[2023-08-05T11:58:35.178+0200] {logging_mixin.py:150} INFO - [2023-08-05T11:58:35.177+0200] {dag.py:3504} INFO - Setting next_dagrun for example_params_trigger_ui to None, run_after=None
[2023-08-05T11:58:35.198+0200] {processor.py:179} INFO - Processing /Users/felipe.vasconcelos/repos/courses/python-learnings/.venv/lib/python3.10/site-packages/airflow/example_dags/example_params_trigger_ui.py took 0.879 seconds
[2023-08-05T12:02:09.034+0200] {processor.py:157} INFO - Started process (PID=84797) to work on /Users/felipe.vasconcelos/repos/courses/python-learnings/.venv/lib/python3.10/site-packages/airflow/example_dags/example_params_trigger_ui.py
[2023-08-05T12:02:09.048+0200] {processor.py:826} INFO - Processing file /Users/felipe.vasconcelos/repos/courses/python-learnings/.venv/lib/python3.10/site-packages/airflow/example_dags/example_params_trigger_ui.py for tasks to queue
[2023-08-05T12:02:09.049+0200] {logging_mixin.py:150} INFO - [2023-08-05T12:02:09.049+0200] {dagbag.py:541} INFO - Filling up the DagBag from /Users/felipe.vasconcelos/repos/courses/python-learnings/.venv/lib/python3.10/site-packages/airflow/example_dags/example_params_trigger_ui.py
[2023-08-05T12:02:09.234+0200] {processor.py:836} INFO - DAG(s) dict_keys(['example_params_trigger_ui']) retrieved from /Users/felipe.vasconcelos/repos/courses/python-learnings/.venv/lib/python3.10/site-packages/airflow/example_dags/example_params_trigger_ui.py
[2023-08-05T12:02:10.438+0200] {logging_mixin.py:150} INFO - [2023-08-05T12:02:10.437+0200] {dag.py:2742} INFO - Sync 1 DAGs
[2023-08-05T12:02:10.466+0200] {logging_mixin.py:150} INFO - [2023-08-05T12:02:10.466+0200] {dag.py:3504} INFO - Setting next_dagrun for example_params_trigger_ui to None, run_after=None
[2023-08-05T12:02:10.498+0200] {processor.py:179} INFO - Processing /Users/felipe.vasconcelos/repos/courses/python-learnings/.venv/lib/python3.10/site-packages/airflow/example_dags/example_params_trigger_ui.py took 1.466 seconds
