[2023-08-05T10:40:52.671+0200] {processor.py:157} INFO - Started process (PID=82625) to work on /Users/felipe.vasconcelos/repos/courses/python-learnings/.venv/lib/python3.10/site-packages/airflow/example_dags/example_dynamic_task_mapping.py
[2023-08-05T10:40:52.676+0200] {processor.py:826} INFO - Processing file /Users/felipe.vasconcelos/repos/courses/python-learnings/.venv/lib/python3.10/site-packages/airflow/example_dags/example_dynamic_task_mapping.py for tasks to queue
[2023-08-05T10:40:52.677+0200] {logging_mixin.py:150} INFO - [2023-08-05T10:40:52.676+0200] {dagbag.py:541} INFO - Filling up the DagBag from /Users/felipe.vasconcelos/repos/courses/python-learnings/.venv/lib/python3.10/site-packages/airflow/example_dags/example_dynamic_task_mapping.py
[2023-08-05T10:40:52.733+0200] {processor.py:836} INFO - DAG(s) dict_keys(['example_dynamic_task_mapping']) retrieved from /Users/felipe.vasconcelos/repos/courses/python-learnings/.venv/lib/python3.10/site-packages/airflow/example_dags/example_dynamic_task_mapping.py
[2023-08-05T10:40:53.551+0200] {logging_mixin.py:150} INFO - [2023-08-05T10:40:53.551+0200] {manager.py:504} INFO - Created Permission View: can read on DAG:example_dynamic_task_mapping
[2023-08-05T10:40:53.562+0200] {logging_mixin.py:150} INFO - [2023-08-05T10:40:53.562+0200] {manager.py:504} INFO - Created Permission View: can delete on DAG:example_dynamic_task_mapping
[2023-08-05T10:40:53.569+0200] {logging_mixin.py:150} INFO - [2023-08-05T10:40:53.568+0200] {manager.py:504} INFO - Created Permission View: can edit on DAG:example_dynamic_task_mapping
[2023-08-05T10:40:53.581+0200] {logging_mixin.py:150} INFO - [2023-08-05T10:40:53.580+0200] {dag.py:2742} INFO - Sync 1 DAGs
[2023-08-05T10:40:53.590+0200] {logging_mixin.py:150} INFO - [2023-08-05T10:40:53.590+0200] {dag.py:2763} INFO - Creating ORM DAG for example_dynamic_task_mapping
[2023-08-05T10:40:53.599+0200] {logging_mixin.py:150} INFO - [2023-08-05T10:40:53.598+0200] {dag.py:3504} INFO - Setting next_dagrun for example_dynamic_task_mapping to 2022-03-04T00:00:00+00:00, run_after=2022-03-05T00:00:00+00:00
[2023-08-05T10:40:53.618+0200] {processor.py:179} INFO - Processing /Users/felipe.vasconcelos/repos/courses/python-learnings/.venv/lib/python3.10/site-packages/airflow/example_dags/example_dynamic_task_mapping.py took 0.948 seconds
[2023-08-05T10:44:41.344+0200] {processor.py:157} INFO - Started process (PID=82737) to work on /Users/felipe.vasconcelos/repos/courses/python-learnings/.venv/lib/python3.10/site-packages/airflow/example_dags/example_dynamic_task_mapping.py
[2023-08-05T10:44:41.354+0200] {processor.py:826} INFO - Processing file /Users/felipe.vasconcelos/repos/courses/python-learnings/.venv/lib/python3.10/site-packages/airflow/example_dags/example_dynamic_task_mapping.py for tasks to queue
[2023-08-05T10:44:41.355+0200] {logging_mixin.py:150} INFO - [2023-08-05T10:44:41.354+0200] {dagbag.py:541} INFO - Filling up the DagBag from /Users/felipe.vasconcelos/repos/courses/python-learnings/.venv/lib/python3.10/site-packages/airflow/example_dags/example_dynamic_task_mapping.py
[2023-08-05T10:44:41.446+0200] {processor.py:836} INFO - DAG(s) dict_keys(['example_dynamic_task_mapping']) retrieved from /Users/felipe.vasconcelos/repos/courses/python-learnings/.venv/lib/python3.10/site-packages/airflow/example_dags/example_dynamic_task_mapping.py
[2023-08-05T10:44:42.573+0200] {logging_mixin.py:150} INFO - [2023-08-05T10:44:42.572+0200] {dag.py:2742} INFO - Sync 1 DAGs
[2023-08-05T10:44:42.599+0200] {logging_mixin.py:150} INFO - [2023-08-05T10:44:42.598+0200] {dag.py:3504} INFO - Setting next_dagrun for example_dynamic_task_mapping to 2022-03-04T00:00:00+00:00, run_after=2022-03-05T00:00:00+00:00
[2023-08-05T10:44:42.635+0200] {processor.py:179} INFO - Processing /Users/felipe.vasconcelos/repos/courses/python-learnings/.venv/lib/python3.10/site-packages/airflow/example_dags/example_dynamic_task_mapping.py took 1.292 seconds
[2023-08-05T10:49:53.442+0200] {processor.py:157} INFO - Started process (PID=82909) to work on /Users/felipe.vasconcelos/repos/courses/python-learnings/.venv/lib/python3.10/site-packages/airflow/example_dags/example_dynamic_task_mapping.py
[2023-08-05T10:49:53.448+0200] {processor.py:826} INFO - Processing file /Users/felipe.vasconcelos/repos/courses/python-learnings/.venv/lib/python3.10/site-packages/airflow/example_dags/example_dynamic_task_mapping.py for tasks to queue
[2023-08-05T10:49:53.449+0200] {logging_mixin.py:150} INFO - [2023-08-05T10:49:53.449+0200] {dagbag.py:541} INFO - Filling up the DagBag from /Users/felipe.vasconcelos/repos/courses/python-learnings/.venv/lib/python3.10/site-packages/airflow/example_dags/example_dynamic_task_mapping.py
[2023-08-05T10:49:53.505+0200] {processor.py:836} INFO - DAG(s) dict_keys(['example_dynamic_task_mapping']) retrieved from /Users/felipe.vasconcelos/repos/courses/python-learnings/.venv/lib/python3.10/site-packages/airflow/example_dags/example_dynamic_task_mapping.py
[2023-08-05T10:49:54.321+0200] {logging_mixin.py:150} INFO - [2023-08-05T10:49:54.321+0200] {dag.py:2742} INFO - Sync 1 DAGs
[2023-08-05T10:49:54.339+0200] {logging_mixin.py:150} INFO - [2023-08-05T10:49:54.339+0200] {dag.py:3504} INFO - Setting next_dagrun for example_dynamic_task_mapping to 2022-03-04T00:00:00+00:00, run_after=2022-03-05T00:00:00+00:00
[2023-08-05T10:49:54.358+0200] {processor.py:179} INFO - Processing /Users/felipe.vasconcelos/repos/courses/python-learnings/.venv/lib/python3.10/site-packages/airflow/example_dags/example_dynamic_task_mapping.py took 0.917 seconds
[2023-08-05T10:54:22.831+0200] {processor.py:157} INFO - Started process (PID=83032) to work on /Users/felipe.vasconcelos/repos/courses/python-learnings/.venv/lib/python3.10/site-packages/airflow/example_dags/example_dynamic_task_mapping.py
[2023-08-05T10:54:22.838+0200] {processor.py:826} INFO - Processing file /Users/felipe.vasconcelos/repos/courses/python-learnings/.venv/lib/python3.10/site-packages/airflow/example_dags/example_dynamic_task_mapping.py for tasks to queue
[2023-08-05T10:54:22.839+0200] {logging_mixin.py:150} INFO - [2023-08-05T10:54:22.839+0200] {dagbag.py:541} INFO - Filling up the DagBag from /Users/felipe.vasconcelos/repos/courses/python-learnings/.venv/lib/python3.10/site-packages/airflow/example_dags/example_dynamic_task_mapping.py
[2023-08-05T10:54:22.919+0200] {processor.py:836} INFO - DAG(s) dict_keys(['example_dynamic_task_mapping']) retrieved from /Users/felipe.vasconcelos/repos/courses/python-learnings/.venv/lib/python3.10/site-packages/airflow/example_dags/example_dynamic_task_mapping.py
[2023-08-05T10:54:23.601+0200] {logging_mixin.py:150} INFO - [2023-08-05T10:54:23.600+0200] {dag.py:2742} INFO - Sync 1 DAGs
[2023-08-05T10:54:23.619+0200] {logging_mixin.py:150} INFO - [2023-08-05T10:54:23.618+0200] {dag.py:3504} INFO - Setting next_dagrun for example_dynamic_task_mapping to 2022-03-04T00:00:00+00:00, run_after=2022-03-05T00:00:00+00:00
[2023-08-05T10:54:23.638+0200] {processor.py:179} INFO - Processing /Users/felipe.vasconcelos/repos/courses/python-learnings/.venv/lib/python3.10/site-packages/airflow/example_dags/example_dynamic_task_mapping.py took 0.808 seconds
[2023-08-05T10:58:44.504+0200] {processor.py:157} INFO - Started process (PID=83158) to work on /Users/felipe.vasconcelos/repos/courses/python-learnings/.venv/lib/python3.10/site-packages/airflow/example_dags/example_dynamic_task_mapping.py
[2023-08-05T10:58:44.512+0200] {processor.py:826} INFO - Processing file /Users/felipe.vasconcelos/repos/courses/python-learnings/.venv/lib/python3.10/site-packages/airflow/example_dags/example_dynamic_task_mapping.py for tasks to queue
[2023-08-05T10:58:44.513+0200] {logging_mixin.py:150} INFO - [2023-08-05T10:58:44.513+0200] {dagbag.py:541} INFO - Filling up the DagBag from /Users/felipe.vasconcelos/repos/courses/python-learnings/.venv/lib/python3.10/site-packages/airflow/example_dags/example_dynamic_task_mapping.py
[2023-08-05T10:58:44.574+0200] {processor.py:836} INFO - DAG(s) dict_keys(['example_dynamic_task_mapping']) retrieved from /Users/felipe.vasconcelos/repos/courses/python-learnings/.venv/lib/python3.10/site-packages/airflow/example_dags/example_dynamic_task_mapping.py
[2023-08-05T10:58:45.332+0200] {logging_mixin.py:150} INFO - [2023-08-05T10:58:45.332+0200] {dag.py:2742} INFO - Sync 1 DAGs
[2023-08-05T10:58:45.351+0200] {logging_mixin.py:150} INFO - [2023-08-05T10:58:45.351+0200] {dag.py:3504} INFO - Setting next_dagrun for example_dynamic_task_mapping to 2022-03-04T00:00:00+00:00, run_after=2022-03-05T00:00:00+00:00
[2023-08-05T10:58:45.376+0200] {processor.py:179} INFO - Processing /Users/felipe.vasconcelos/repos/courses/python-learnings/.venv/lib/python3.10/site-packages/airflow/example_dags/example_dynamic_task_mapping.py took 0.875 seconds
[2023-08-05T11:15:20.997+0200] {processor.py:157} INFO - Started process (PID=83352) to work on /Users/felipe.vasconcelos/repos/courses/python-learnings/.venv/lib/python3.10/site-packages/airflow/example_dags/example_dynamic_task_mapping.py
[2023-08-05T11:15:21.006+0200] {processor.py:826} INFO - Processing file /Users/felipe.vasconcelos/repos/courses/python-learnings/.venv/lib/python3.10/site-packages/airflow/example_dags/example_dynamic_task_mapping.py for tasks to queue
[2023-08-05T11:15:21.007+0200] {logging_mixin.py:150} INFO - [2023-08-05T11:15:21.006+0200] {dagbag.py:541} INFO - Filling up the DagBag from /Users/felipe.vasconcelos/repos/courses/python-learnings/.venv/lib/python3.10/site-packages/airflow/example_dags/example_dynamic_task_mapping.py
[2023-08-05T11:15:21.073+0200] {processor.py:836} INFO - DAG(s) dict_keys(['example_dynamic_task_mapping']) retrieved from /Users/felipe.vasconcelos/repos/courses/python-learnings/.venv/lib/python3.10/site-packages/airflow/example_dags/example_dynamic_task_mapping.py
[2023-08-05T11:15:22.009+0200] {logging_mixin.py:150} INFO - [2023-08-05T11:15:22.009+0200] {dag.py:2742} INFO - Sync 1 DAGs
[2023-08-05T11:15:22.041+0200] {logging_mixin.py:150} INFO - [2023-08-05T11:15:22.041+0200] {dag.py:3504} INFO - Setting next_dagrun for example_dynamic_task_mapping to 2022-03-04T00:00:00+00:00, run_after=2022-03-05T00:00:00+00:00
[2023-08-05T11:15:22.073+0200] {processor.py:179} INFO - Processing /Users/felipe.vasconcelos/repos/courses/python-learnings/.venv/lib/python3.10/site-packages/airflow/example_dags/example_dynamic_task_mapping.py took 1.077 seconds
[2023-08-05T11:19:35.271+0200] {processor.py:157} INFO - Started process (PID=83473) to work on /Users/felipe.vasconcelos/repos/courses/python-learnings/.venv/lib/python3.10/site-packages/airflow/example_dags/example_dynamic_task_mapping.py
[2023-08-05T11:19:35.278+0200] {processor.py:826} INFO - Processing file /Users/felipe.vasconcelos/repos/courses/python-learnings/.venv/lib/python3.10/site-packages/airflow/example_dags/example_dynamic_task_mapping.py for tasks to queue
[2023-08-05T11:19:35.279+0200] {logging_mixin.py:150} INFO - [2023-08-05T11:19:35.278+0200] {dagbag.py:541} INFO - Filling up the DagBag from /Users/felipe.vasconcelos/repos/courses/python-learnings/.venv/lib/python3.10/site-packages/airflow/example_dags/example_dynamic_task_mapping.py
[2023-08-05T11:19:35.334+0200] {processor.py:836} INFO - DAG(s) dict_keys(['example_dynamic_task_mapping']) retrieved from /Users/felipe.vasconcelos/repos/courses/python-learnings/.venv/lib/python3.10/site-packages/airflow/example_dags/example_dynamic_task_mapping.py
[2023-08-05T11:19:36.112+0200] {logging_mixin.py:150} INFO - [2023-08-05T11:19:36.111+0200] {dag.py:2742} INFO - Sync 1 DAGs
[2023-08-05T11:19:36.144+0200] {logging_mixin.py:150} INFO - [2023-08-05T11:19:36.144+0200] {dag.py:3504} INFO - Setting next_dagrun for example_dynamic_task_mapping to 2022-03-04T00:00:00+00:00, run_after=2022-03-05T00:00:00+00:00
[2023-08-05T11:19:36.168+0200] {processor.py:179} INFO - Processing /Users/felipe.vasconcelos/repos/courses/python-learnings/.venv/lib/python3.10/site-packages/airflow/example_dags/example_dynamic_task_mapping.py took 0.898 seconds
[2023-08-05T11:24:16.782+0200] {processor.py:157} INFO - Started process (PID=83601) to work on /Users/felipe.vasconcelos/repos/courses/python-learnings/.venv/lib/python3.10/site-packages/airflow/example_dags/example_dynamic_task_mapping.py
[2023-08-05T11:24:16.789+0200] {processor.py:826} INFO - Processing file /Users/felipe.vasconcelos/repos/courses/python-learnings/.venv/lib/python3.10/site-packages/airflow/example_dags/example_dynamic_task_mapping.py for tasks to queue
[2023-08-05T11:24:16.789+0200] {logging_mixin.py:150} INFO - [2023-08-05T11:24:16.789+0200] {dagbag.py:541} INFO - Filling up the DagBag from /Users/felipe.vasconcelos/repos/courses/python-learnings/.venv/lib/python3.10/site-packages/airflow/example_dags/example_dynamic_task_mapping.py
[2023-08-05T11:24:16.849+0200] {processor.py:836} INFO - DAG(s) dict_keys(['example_dynamic_task_mapping']) retrieved from /Users/felipe.vasconcelos/repos/courses/python-learnings/.venv/lib/python3.10/site-packages/airflow/example_dags/example_dynamic_task_mapping.py
[2023-08-05T11:24:17.626+0200] {logging_mixin.py:150} INFO - [2023-08-05T11:24:17.626+0200] {dag.py:2742} INFO - Sync 1 DAGs
[2023-08-05T11:24:17.644+0200] {logging_mixin.py:150} INFO - [2023-08-05T11:24:17.644+0200] {dag.py:3504} INFO - Setting next_dagrun for example_dynamic_task_mapping to 2022-03-04T00:00:00+00:00, run_after=2022-03-05T00:00:00+00:00
[2023-08-05T11:24:17.663+0200] {processor.py:179} INFO - Processing /Users/felipe.vasconcelos/repos/courses/python-learnings/.venv/lib/python3.10/site-packages/airflow/example_dags/example_dynamic_task_mapping.py took 0.882 seconds
[2023-08-05T11:28:43.368+0200] {processor.py:157} INFO - Started process (PID=83715) to work on /Users/felipe.vasconcelos/repos/courses/python-learnings/.venv/lib/python3.10/site-packages/airflow/example_dags/example_dynamic_task_mapping.py
[2023-08-05T11:28:43.377+0200] {processor.py:826} INFO - Processing file /Users/felipe.vasconcelos/repos/courses/python-learnings/.venv/lib/python3.10/site-packages/airflow/example_dags/example_dynamic_task_mapping.py for tasks to queue
[2023-08-05T11:28:43.378+0200] {logging_mixin.py:150} INFO - [2023-08-05T11:28:43.378+0200] {dagbag.py:541} INFO - Filling up the DagBag from /Users/felipe.vasconcelos/repos/courses/python-learnings/.venv/lib/python3.10/site-packages/airflow/example_dags/example_dynamic_task_mapping.py
[2023-08-05T11:28:43.437+0200] {processor.py:836} INFO - DAG(s) dict_keys(['example_dynamic_task_mapping']) retrieved from /Users/felipe.vasconcelos/repos/courses/python-learnings/.venv/lib/python3.10/site-packages/airflow/example_dags/example_dynamic_task_mapping.py
[2023-08-05T11:28:44.136+0200] {logging_mixin.py:150} INFO - [2023-08-05T11:28:44.136+0200] {dag.py:2742} INFO - Sync 1 DAGs
[2023-08-05T11:28:44.156+0200] {logging_mixin.py:150} INFO - [2023-08-05T11:28:44.156+0200] {dag.py:3504} INFO - Setting next_dagrun for example_dynamic_task_mapping to 2022-03-04T00:00:00+00:00, run_after=2022-03-05T00:00:00+00:00
[2023-08-05T11:28:44.174+0200] {processor.py:179} INFO - Processing /Users/felipe.vasconcelos/repos/courses/python-learnings/.venv/lib/python3.10/site-packages/airflow/example_dags/example_dynamic_task_mapping.py took 0.808 seconds
[2023-08-05T11:34:12.811+0200] {processor.py:157} INFO - Started process (PID=83899) to work on /Users/felipe.vasconcelos/repos/courses/python-learnings/.venv/lib/python3.10/site-packages/airflow/example_dags/example_dynamic_task_mapping.py
[2023-08-05T11:34:12.817+0200] {processor.py:826} INFO - Processing file /Users/felipe.vasconcelos/repos/courses/python-learnings/.venv/lib/python3.10/site-packages/airflow/example_dags/example_dynamic_task_mapping.py for tasks to queue
[2023-08-05T11:34:12.818+0200] {logging_mixin.py:150} INFO - [2023-08-05T11:34:12.818+0200] {dagbag.py:541} INFO - Filling up the DagBag from /Users/felipe.vasconcelos/repos/courses/python-learnings/.venv/lib/python3.10/site-packages/airflow/example_dags/example_dynamic_task_mapping.py
[2023-08-05T11:34:12.887+0200] {processor.py:836} INFO - DAG(s) dict_keys(['example_dynamic_task_mapping']) retrieved from /Users/felipe.vasconcelos/repos/courses/python-learnings/.venv/lib/python3.10/site-packages/airflow/example_dags/example_dynamic_task_mapping.py
[2023-08-05T11:34:13.580+0200] {logging_mixin.py:150} INFO - [2023-08-05T11:34:13.579+0200] {dag.py:2742} INFO - Sync 1 DAGs
[2023-08-05T11:34:13.597+0200] {logging_mixin.py:150} INFO - [2023-08-05T11:34:13.597+0200] {dag.py:3504} INFO - Setting next_dagrun for example_dynamic_task_mapping to 2022-03-04T00:00:00+00:00, run_after=2022-03-05T00:00:00+00:00
[2023-08-05T11:34:13.616+0200] {processor.py:179} INFO - Processing /Users/felipe.vasconcelos/repos/courses/python-learnings/.venv/lib/python3.10/site-packages/airflow/example_dags/example_dynamic_task_mapping.py took 0.805 seconds
[2023-08-05T11:38:34.312+0200] {processor.py:157} INFO - Started process (PID=84030) to work on /Users/felipe.vasconcelos/repos/courses/python-learnings/.venv/lib/python3.10/site-packages/airflow/example_dags/example_dynamic_task_mapping.py
[2023-08-05T11:38:34.318+0200] {processor.py:826} INFO - Processing file /Users/felipe.vasconcelos/repos/courses/python-learnings/.venv/lib/python3.10/site-packages/airflow/example_dags/example_dynamic_task_mapping.py for tasks to queue
[2023-08-05T11:38:34.319+0200] {logging_mixin.py:150} INFO - [2023-08-05T11:38:34.319+0200] {dagbag.py:541} INFO - Filling up the DagBag from /Users/felipe.vasconcelos/repos/courses/python-learnings/.venv/lib/python3.10/site-packages/airflow/example_dags/example_dynamic_task_mapping.py
[2023-08-05T11:38:34.373+0200] {processor.py:836} INFO - DAG(s) dict_keys(['example_dynamic_task_mapping']) retrieved from /Users/felipe.vasconcelos/repos/courses/python-learnings/.venv/lib/python3.10/site-packages/airflow/example_dags/example_dynamic_task_mapping.py
[2023-08-05T11:38:35.045+0200] {logging_mixin.py:150} INFO - [2023-08-05T11:38:35.044+0200] {dag.py:2742} INFO - Sync 1 DAGs
[2023-08-05T11:38:35.062+0200] {logging_mixin.py:150} INFO - [2023-08-05T11:38:35.062+0200] {dag.py:3504} INFO - Setting next_dagrun for example_dynamic_task_mapping to 2022-03-04T00:00:00+00:00, run_after=2022-03-05T00:00:00+00:00
[2023-08-05T11:38:35.082+0200] {processor.py:179} INFO - Processing /Users/felipe.vasconcelos/repos/courses/python-learnings/.venv/lib/python3.10/site-packages/airflow/example_dags/example_dynamic_task_mapping.py took 0.771 seconds
[2023-08-05T11:42:57.847+0200] {processor.py:157} INFO - Started process (PID=84158) to work on /Users/felipe.vasconcelos/repos/courses/python-learnings/.venv/lib/python3.10/site-packages/airflow/example_dags/example_dynamic_task_mapping.py
[2023-08-05T11:42:57.853+0200] {processor.py:826} INFO - Processing file /Users/felipe.vasconcelos/repos/courses/python-learnings/.venv/lib/python3.10/site-packages/airflow/example_dags/example_dynamic_task_mapping.py for tasks to queue
[2023-08-05T11:42:57.854+0200] {logging_mixin.py:150} INFO - [2023-08-05T11:42:57.854+0200] {dagbag.py:541} INFO - Filling up the DagBag from /Users/felipe.vasconcelos/repos/courses/python-learnings/.venv/lib/python3.10/site-packages/airflow/example_dags/example_dynamic_task_mapping.py
[2023-08-05T11:42:57.910+0200] {processor.py:836} INFO - DAG(s) dict_keys(['example_dynamic_task_mapping']) retrieved from /Users/felipe.vasconcelos/repos/courses/python-learnings/.venv/lib/python3.10/site-packages/airflow/example_dags/example_dynamic_task_mapping.py
[2023-08-05T11:42:58.706+0200] {logging_mixin.py:150} INFO - [2023-08-05T11:42:58.705+0200] {dag.py:2742} INFO - Sync 1 DAGs
[2023-08-05T11:42:58.724+0200] {logging_mixin.py:150} INFO - [2023-08-05T11:42:58.724+0200] {dag.py:3504} INFO - Setting next_dagrun for example_dynamic_task_mapping to 2022-03-04T00:00:00+00:00, run_after=2022-03-05T00:00:00+00:00
[2023-08-05T11:42:58.746+0200] {processor.py:179} INFO - Processing /Users/felipe.vasconcelos/repos/courses/python-learnings/.venv/lib/python3.10/site-packages/airflow/example_dags/example_dynamic_task_mapping.py took 0.899 seconds
[2023-08-05T11:47:30.382+0200] {processor.py:157} INFO - Started process (PID=84314) to work on /Users/felipe.vasconcelos/repos/courses/python-learnings/.venv/lib/python3.10/site-packages/airflow/example_dags/example_dynamic_task_mapping.py
[2023-08-05T11:47:30.389+0200] {processor.py:826} INFO - Processing file /Users/felipe.vasconcelos/repos/courses/python-learnings/.venv/lib/python3.10/site-packages/airflow/example_dags/example_dynamic_task_mapping.py for tasks to queue
[2023-08-05T11:47:30.390+0200] {logging_mixin.py:150} INFO - [2023-08-05T11:47:30.389+0200] {dagbag.py:541} INFO - Filling up the DagBag from /Users/felipe.vasconcelos/repos/courses/python-learnings/.venv/lib/python3.10/site-packages/airflow/example_dags/example_dynamic_task_mapping.py
[2023-08-05T11:47:30.448+0200] {processor.py:836} INFO - DAG(s) dict_keys(['example_dynamic_task_mapping']) retrieved from /Users/felipe.vasconcelos/repos/courses/python-learnings/.venv/lib/python3.10/site-packages/airflow/example_dags/example_dynamic_task_mapping.py
[2023-08-05T11:47:31.374+0200] {logging_mixin.py:150} INFO - [2023-08-05T11:47:31.373+0200] {dag.py:2742} INFO - Sync 1 DAGs
[2023-08-05T11:47:31.406+0200] {logging_mixin.py:150} INFO - [2023-08-05T11:47:31.406+0200] {dag.py:3504} INFO - Setting next_dagrun for example_dynamic_task_mapping to 2022-03-04T00:00:00+00:00, run_after=2022-03-05T00:00:00+00:00
[2023-08-05T11:47:31.436+0200] {processor.py:179} INFO - Processing /Users/felipe.vasconcelos/repos/courses/python-learnings/.venv/lib/python3.10/site-packages/airflow/example_dags/example_dynamic_task_mapping.py took 1.055 seconds
[2023-08-05T11:52:29.158+0200] {processor.py:157} INFO - Started process (PID=84463) to work on /Users/felipe.vasconcelos/repos/courses/python-learnings/.venv/lib/python3.10/site-packages/airflow/example_dags/example_dynamic_task_mapping.py
[2023-08-05T11:52:29.164+0200] {processor.py:826} INFO - Processing file /Users/felipe.vasconcelos/repos/courses/python-learnings/.venv/lib/python3.10/site-packages/airflow/example_dags/example_dynamic_task_mapping.py for tasks to queue
[2023-08-05T11:52:29.165+0200] {logging_mixin.py:150} INFO - [2023-08-05T11:52:29.165+0200] {dagbag.py:541} INFO - Filling up the DagBag from /Users/felipe.vasconcelos/repos/courses/python-learnings/.venv/lib/python3.10/site-packages/airflow/example_dags/example_dynamic_task_mapping.py
[2023-08-05T11:52:29.224+0200] {processor.py:836} INFO - DAG(s) dict_keys(['example_dynamic_task_mapping']) retrieved from /Users/felipe.vasconcelos/repos/courses/python-learnings/.venv/lib/python3.10/site-packages/airflow/example_dags/example_dynamic_task_mapping.py
[2023-08-05T11:52:29.901+0200] {logging_mixin.py:150} INFO - [2023-08-05T11:52:29.901+0200] {dag.py:2742} INFO - Sync 1 DAGs
[2023-08-05T11:52:29.918+0200] {logging_mixin.py:150} INFO - [2023-08-05T11:52:29.918+0200] {dag.py:3504} INFO - Setting next_dagrun for example_dynamic_task_mapping to 2022-03-04T00:00:00+00:00, run_after=2022-03-05T00:00:00+00:00
[2023-08-05T11:52:29.938+0200] {processor.py:179} INFO - Processing /Users/felipe.vasconcelos/repos/courses/python-learnings/.venv/lib/python3.10/site-packages/airflow/example_dags/example_dynamic_task_mapping.py took 0.781 seconds
[2023-08-05T11:56:38.638+0200] {processor.py:157} INFO - Started process (PID=84587) to work on /Users/felipe.vasconcelos/repos/courses/python-learnings/.venv/lib/python3.10/site-packages/airflow/example_dags/example_dynamic_task_mapping.py
[2023-08-05T11:56:38.644+0200] {processor.py:826} INFO - Processing file /Users/felipe.vasconcelos/repos/courses/python-learnings/.venv/lib/python3.10/site-packages/airflow/example_dags/example_dynamic_task_mapping.py for tasks to queue
[2023-08-05T11:56:38.645+0200] {logging_mixin.py:150} INFO - [2023-08-05T11:56:38.645+0200] {dagbag.py:541} INFO - Filling up the DagBag from /Users/felipe.vasconcelos/repos/courses/python-learnings/.venv/lib/python3.10/site-packages/airflow/example_dags/example_dynamic_task_mapping.py
[2023-08-05T11:56:38.700+0200] {processor.py:836} INFO - DAG(s) dict_keys(['example_dynamic_task_mapping']) retrieved from /Users/felipe.vasconcelos/repos/courses/python-learnings/.venv/lib/python3.10/site-packages/airflow/example_dags/example_dynamic_task_mapping.py
[2023-08-05T11:56:39.430+0200] {logging_mixin.py:150} INFO - [2023-08-05T11:56:39.430+0200] {dag.py:2742} INFO - Sync 1 DAGs
[2023-08-05T11:56:39.449+0200] {logging_mixin.py:150} INFO - [2023-08-05T11:56:39.449+0200] {dag.py:3504} INFO - Setting next_dagrun for example_dynamic_task_mapping to 2022-03-04T00:00:00+00:00, run_after=2022-03-05T00:00:00+00:00
[2023-08-05T11:56:39.469+0200] {processor.py:179} INFO - Processing /Users/felipe.vasconcelos/repos/courses/python-learnings/.venv/lib/python3.10/site-packages/airflow/example_dags/example_dynamic_task_mapping.py took 0.833 seconds
[2023-08-05T12:02:53.008+0200] {processor.py:157} INFO - Started process (PID=84831) to work on /Users/felipe.vasconcelos/repos/courses/python-learnings/.venv/lib/python3.10/site-packages/airflow/example_dags/example_dynamic_task_mapping.py
[2023-08-05T12:02:53.022+0200] {processor.py:826} INFO - Processing file /Users/felipe.vasconcelos/repos/courses/python-learnings/.venv/lib/python3.10/site-packages/airflow/example_dags/example_dynamic_task_mapping.py for tasks to queue
[2023-08-05T12:02:53.023+0200] {logging_mixin.py:150} INFO - [2023-08-05T12:02:53.022+0200] {dagbag.py:541} INFO - Filling up the DagBag from /Users/felipe.vasconcelos/repos/courses/python-learnings/.venv/lib/python3.10/site-packages/airflow/example_dags/example_dynamic_task_mapping.py
[2023-08-05T12:02:53.108+0200] {processor.py:836} INFO - DAG(s) dict_keys(['example_dynamic_task_mapping']) retrieved from /Users/felipe.vasconcelos/repos/courses/python-learnings/.venv/lib/python3.10/site-packages/airflow/example_dags/example_dynamic_task_mapping.py
[2023-08-05T12:02:54.372+0200] {logging_mixin.py:150} INFO - [2023-08-05T12:02:54.371+0200] {dag.py:2742} INFO - Sync 1 DAGs
[2023-08-05T12:02:54.432+0200] {logging_mixin.py:150} INFO - [2023-08-05T12:02:54.432+0200] {dag.py:3504} INFO - Setting next_dagrun for example_dynamic_task_mapping to 2022-03-04T00:00:00+00:00, run_after=2022-03-05T00:00:00+00:00
[2023-08-05T12:02:54.458+0200] {processor.py:179} INFO - Processing /Users/felipe.vasconcelos/repos/courses/python-learnings/.venv/lib/python3.10/site-packages/airflow/example_dags/example_dynamic_task_mapping.py took 1.453 seconds
