[2023-08-05T10:41:09.209+0200] {processor.py:157} INFO - Started process (PID=82631) to work on /Users/felipe.vasconcelos/repos/courses/python-learnings/.venv/lib/python3.10/site-packages/airflow/example_dags/example_branch_python_dop_operator_3.py
[2023-08-05T10:41:09.215+0200] {processor.py:826} INFO - Processing file /Users/felipe.vasconcelos/repos/courses/python-learnings/.venv/lib/python3.10/site-packages/airflow/example_dags/example_branch_python_dop_operator_3.py for tasks to queue
[2023-08-05T10:41:09.215+0200] {logging_mixin.py:150} INFO - [2023-08-05T10:41:09.215+0200] {dagbag.py:541} INFO - Filling up the DagBag from /Users/felipe.vasconcelos/repos/courses/python-learnings/.venv/lib/python3.10/site-packages/airflow/example_dags/example_branch_python_dop_operator_3.py
[2023-08-05T10:41:09.278+0200] {processor.py:836} INFO - DAG(s) dict_keys(['example_branch_dop_operator_v3']) retrieved from /Users/felipe.vasconcelos/repos/courses/python-learnings/.venv/lib/python3.10/site-packages/airflow/example_dags/example_branch_python_dop_operator_3.py
[2023-08-05T10:41:10.227+0200] {logging_mixin.py:150} INFO - [2023-08-05T10:41:10.226+0200] {manager.py:504} INFO - Created Permission View: can read on DAG:example_branch_dop_operator_v3
[2023-08-05T10:41:10.239+0200] {logging_mixin.py:150} INFO - [2023-08-05T10:41:10.239+0200] {manager.py:504} INFO - Created Permission View: can edit on DAG:example_branch_dop_operator_v3
[2023-08-05T10:41:10.246+0200] {logging_mixin.py:150} INFO - [2023-08-05T10:41:10.246+0200] {manager.py:504} INFO - Created Permission View: can delete on DAG:example_branch_dop_operator_v3
[2023-08-05T10:41:10.262+0200] {logging_mixin.py:150} INFO - [2023-08-05T10:41:10.262+0200] {dag.py:2742} INFO - Sync 1 DAGs
[2023-08-05T10:41:10.274+0200] {logging_mixin.py:150} INFO - [2023-08-05T10:41:10.273+0200] {dag.py:2763} INFO - Creating ORM DAG for example_branch_dop_operator_v3
[2023-08-05T10:41:10.288+0200] {logging_mixin.py:150} INFO - [2023-08-05T10:41:10.288+0200] {dag.py:3504} INFO - Setting next_dagrun for example_branch_dop_operator_v3 to 2023-08-05T08:40:00+00:00, run_after=2023-08-05T08:41:00+00:00
[2023-08-05T10:41:10.320+0200] {processor.py:179} INFO - Processing /Users/felipe.vasconcelos/repos/courses/python-learnings/.venv/lib/python3.10/site-packages/airflow/example_dags/example_branch_python_dop_operator_3.py took 1.112 seconds
[2023-08-05T10:47:29.390+0200] {processor.py:157} INFO - Started process (PID=82844) to work on /Users/felipe.vasconcelos/repos/courses/python-learnings/.venv/lib/python3.10/site-packages/airflow/example_dags/example_branch_python_dop_operator_3.py
[2023-08-05T10:47:29.397+0200] {processor.py:826} INFO - Processing file /Users/felipe.vasconcelos/repos/courses/python-learnings/.venv/lib/python3.10/site-packages/airflow/example_dags/example_branch_python_dop_operator_3.py for tasks to queue
[2023-08-05T10:47:29.398+0200] {logging_mixin.py:150} INFO - [2023-08-05T10:47:29.397+0200] {dagbag.py:541} INFO - Filling up the DagBag from /Users/felipe.vasconcelos/repos/courses/python-learnings/.venv/lib/python3.10/site-packages/airflow/example_dags/example_branch_python_dop_operator_3.py
[2023-08-05T10:47:29.466+0200] {processor.py:836} INFO - DAG(s) dict_keys(['example_branch_dop_operator_v3']) retrieved from /Users/felipe.vasconcelos/repos/courses/python-learnings/.venv/lib/python3.10/site-packages/airflow/example_dags/example_branch_python_dop_operator_3.py
[2023-08-05T10:47:30.347+0200] {logging_mixin.py:150} INFO - [2023-08-05T10:47:30.347+0200] {dag.py:2742} INFO - Sync 1 DAGs
[2023-08-05T10:47:30.369+0200] {logging_mixin.py:150} INFO - [2023-08-05T10:47:30.369+0200] {dag.py:3504} INFO - Setting next_dagrun for example_branch_dop_operator_v3 to 2023-08-05T08:46:00+00:00, run_after=2023-08-05T08:47:00+00:00
[2023-08-05T10:47:30.391+0200] {processor.py:179} INFO - Processing /Users/felipe.vasconcelos/repos/courses/python-learnings/.venv/lib/python3.10/site-packages/airflow/example_dags/example_branch_python_dop_operator_3.py took 1.001 seconds
[2023-08-05T10:51:54.087+0200] {processor.py:157} INFO - Started process (PID=82970) to work on /Users/felipe.vasconcelos/repos/courses/python-learnings/.venv/lib/python3.10/site-packages/airflow/example_dags/example_branch_python_dop_operator_3.py
[2023-08-05T10:51:54.094+0200] {processor.py:826} INFO - Processing file /Users/felipe.vasconcelos/repos/courses/python-learnings/.venv/lib/python3.10/site-packages/airflow/example_dags/example_branch_python_dop_operator_3.py for tasks to queue
[2023-08-05T10:51:54.095+0200] {logging_mixin.py:150} INFO - [2023-08-05T10:51:54.094+0200] {dagbag.py:541} INFO - Filling up the DagBag from /Users/felipe.vasconcelos/repos/courses/python-learnings/.venv/lib/python3.10/site-packages/airflow/example_dags/example_branch_python_dop_operator_3.py
[2023-08-05T10:51:54.153+0200] {processor.py:836} INFO - DAG(s) dict_keys(['example_branch_dop_operator_v3']) retrieved from /Users/felipe.vasconcelos/repos/courses/python-learnings/.venv/lib/python3.10/site-packages/airflow/example_dags/example_branch_python_dop_operator_3.py
[2023-08-05T10:51:54.820+0200] {logging_mixin.py:150} INFO - [2023-08-05T10:51:54.820+0200] {dag.py:2742} INFO - Sync 1 DAGs
[2023-08-05T10:51:54.841+0200] {logging_mixin.py:150} INFO - [2023-08-05T10:51:54.841+0200] {dag.py:3504} INFO - Setting next_dagrun for example_branch_dop_operator_v3 to 2023-08-05T08:50:00+00:00, run_after=2023-08-05T08:51:00+00:00
[2023-08-05T10:51:54.863+0200] {processor.py:179} INFO - Processing /Users/felipe.vasconcelos/repos/courses/python-learnings/.venv/lib/python3.10/site-packages/airflow/example_dags/example_branch_python_dop_operator_3.py took 0.777 seconds
[2023-08-05T10:56:24.944+0200] {processor.py:157} INFO - Started process (PID=83087) to work on /Users/felipe.vasconcelos/repos/courses/python-learnings/.venv/lib/python3.10/site-packages/airflow/example_dags/example_branch_python_dop_operator_3.py
[2023-08-05T10:56:24.951+0200] {processor.py:826} INFO - Processing file /Users/felipe.vasconcelos/repos/courses/python-learnings/.venv/lib/python3.10/site-packages/airflow/example_dags/example_branch_python_dop_operator_3.py for tasks to queue
[2023-08-05T10:56:24.952+0200] {logging_mixin.py:150} INFO - [2023-08-05T10:56:24.952+0200] {dagbag.py:541} INFO - Filling up the DagBag from /Users/felipe.vasconcelos/repos/courses/python-learnings/.venv/lib/python3.10/site-packages/airflow/example_dags/example_branch_python_dop_operator_3.py
[2023-08-05T10:56:25.021+0200] {processor.py:836} INFO - DAG(s) dict_keys(['example_branch_dop_operator_v3']) retrieved from /Users/felipe.vasconcelos/repos/courses/python-learnings/.venv/lib/python3.10/site-packages/airflow/example_dags/example_branch_python_dop_operator_3.py
[2023-08-05T10:56:25.912+0200] {logging_mixin.py:150} INFO - [2023-08-05T10:56:25.911+0200] {dag.py:2742} INFO - Sync 1 DAGs
[2023-08-05T10:56:25.938+0200] {logging_mixin.py:150} INFO - [2023-08-05T10:56:25.938+0200] {dag.py:3504} INFO - Setting next_dagrun for example_branch_dop_operator_v3 to 2023-08-05T08:55:00+00:00, run_after=2023-08-05T08:56:00+00:00
[2023-08-05T10:56:25.960+0200] {processor.py:179} INFO - Processing /Users/felipe.vasconcelos/repos/courses/python-learnings/.venv/lib/python3.10/site-packages/airflow/example_dags/example_branch_python_dop_operator_3.py took 1.017 seconds
[2023-08-05T11:12:57.576+0200] {processor.py:157} INFO - Started process (PID=83283) to work on /Users/felipe.vasconcelos/repos/courses/python-learnings/.venv/lib/python3.10/site-packages/airflow/example_dags/example_branch_python_dop_operator_3.py
[2023-08-05T11:12:57.588+0200] {processor.py:826} INFO - Processing file /Users/felipe.vasconcelos/repos/courses/python-learnings/.venv/lib/python3.10/site-packages/airflow/example_dags/example_branch_python_dop_operator_3.py for tasks to queue
[2023-08-05T11:12:57.590+0200] {logging_mixin.py:150} INFO - [2023-08-05T11:12:57.589+0200] {dagbag.py:541} INFO - Filling up the DagBag from /Users/felipe.vasconcelos/repos/courses/python-learnings/.venv/lib/python3.10/site-packages/airflow/example_dags/example_branch_python_dop_operator_3.py
[2023-08-05T11:12:57.707+0200] {processor.py:836} INFO - DAG(s) dict_keys(['example_branch_dop_operator_v3']) retrieved from /Users/felipe.vasconcelos/repos/courses/python-learnings/.venv/lib/python3.10/site-packages/airflow/example_dags/example_branch_python_dop_operator_3.py
[2023-08-05T11:12:58.470+0200] {logging_mixin.py:150} INFO - [2023-08-05T11:12:58.470+0200] {dag.py:2742} INFO - Sync 1 DAGs
[2023-08-05T11:12:58.493+0200] {logging_mixin.py:150} INFO - [2023-08-05T11:12:58.492+0200] {dag.py:3504} INFO - Setting next_dagrun for example_branch_dop_operator_v3 to 2023-08-05T09:11:00+00:00, run_after=2023-08-05T09:12:00+00:00
[2023-08-05T11:12:58.515+0200] {processor.py:179} INFO - Processing /Users/felipe.vasconcelos/repos/courses/python-learnings/.venv/lib/python3.10/site-packages/airflow/example_dags/example_branch_python_dop_operator_3.py took 0.940 seconds
[2023-08-05T11:17:14.698+0200] {processor.py:157} INFO - Started process (PID=83405) to work on /Users/felipe.vasconcelos/repos/courses/python-learnings/.venv/lib/python3.10/site-packages/airflow/example_dags/example_branch_python_dop_operator_3.py
[2023-08-05T11:17:14.705+0200] {processor.py:826} INFO - Processing file /Users/felipe.vasconcelos/repos/courses/python-learnings/.venv/lib/python3.10/site-packages/airflow/example_dags/example_branch_python_dop_operator_3.py for tasks to queue
[2023-08-05T11:17:14.706+0200] {logging_mixin.py:150} INFO - [2023-08-05T11:17:14.705+0200] {dagbag.py:541} INFO - Filling up the DagBag from /Users/felipe.vasconcelos/repos/courses/python-learnings/.venv/lib/python3.10/site-packages/airflow/example_dags/example_branch_python_dop_operator_3.py
[2023-08-05T11:17:14.765+0200] {processor.py:836} INFO - DAG(s) dict_keys(['example_branch_dop_operator_v3']) retrieved from /Users/felipe.vasconcelos/repos/courses/python-learnings/.venv/lib/python3.10/site-packages/airflow/example_dags/example_branch_python_dop_operator_3.py
[2023-08-05T11:17:15.465+0200] {logging_mixin.py:150} INFO - [2023-08-05T11:17:15.465+0200] {dag.py:2742} INFO - Sync 1 DAGs
[2023-08-05T11:17:15.487+0200] {logging_mixin.py:150} INFO - [2023-08-05T11:17:15.487+0200] {dag.py:3504} INFO - Setting next_dagrun for example_branch_dop_operator_v3 to 2023-08-05T09:16:00+00:00, run_after=2023-08-05T09:17:00+00:00
[2023-08-05T11:17:15.507+0200] {processor.py:179} INFO - Processing /Users/felipe.vasconcelos/repos/courses/python-learnings/.venv/lib/python3.10/site-packages/airflow/example_dags/example_branch_python_dop_operator_3.py took 0.810 seconds
[2023-08-05T11:21:50.231+0200] {processor.py:157} INFO - Started process (PID=83541) to work on /Users/felipe.vasconcelos/repos/courses/python-learnings/.venv/lib/python3.10/site-packages/airflow/example_dags/example_branch_python_dop_operator_3.py
[2023-08-05T11:21:50.243+0200] {processor.py:826} INFO - Processing file /Users/felipe.vasconcelos/repos/courses/python-learnings/.venv/lib/python3.10/site-packages/airflow/example_dags/example_branch_python_dop_operator_3.py for tasks to queue
[2023-08-05T11:21:50.245+0200] {logging_mixin.py:150} INFO - [2023-08-05T11:21:50.244+0200] {dagbag.py:541} INFO - Filling up the DagBag from /Users/felipe.vasconcelos/repos/courses/python-learnings/.venv/lib/python3.10/site-packages/airflow/example_dags/example_branch_python_dop_operator_3.py
[2023-08-05T11:21:50.342+0200] {processor.py:836} INFO - DAG(s) dict_keys(['example_branch_dop_operator_v3']) retrieved from /Users/felipe.vasconcelos/repos/courses/python-learnings/.venv/lib/python3.10/site-packages/airflow/example_dags/example_branch_python_dop_operator_3.py
[2023-08-05T11:21:51.268+0200] {logging_mixin.py:150} INFO - [2023-08-05T11:21:51.267+0200] {dag.py:2742} INFO - Sync 1 DAGs
[2023-08-05T11:21:51.299+0200] {logging_mixin.py:150} INFO - [2023-08-05T11:21:51.299+0200] {dag.py:3504} INFO - Setting next_dagrun for example_branch_dop_operator_v3 to 2023-08-05T09:20:00+00:00, run_after=2023-08-05T09:21:00+00:00
[2023-08-05T11:21:51.322+0200] {processor.py:179} INFO - Processing /Users/felipe.vasconcelos/repos/courses/python-learnings/.venv/lib/python3.10/site-packages/airflow/example_dags/example_branch_python_dop_operator_3.py took 1.093 seconds
[2023-08-05T11:26:12.432+0200] {processor.py:157} INFO - Started process (PID=83649) to work on /Users/felipe.vasconcelos/repos/courses/python-learnings/.venv/lib/python3.10/site-packages/airflow/example_dags/example_branch_python_dop_operator_3.py
[2023-08-05T11:26:12.438+0200] {processor.py:826} INFO - Processing file /Users/felipe.vasconcelos/repos/courses/python-learnings/.venv/lib/python3.10/site-packages/airflow/example_dags/example_branch_python_dop_operator_3.py for tasks to queue
[2023-08-05T11:26:12.439+0200] {logging_mixin.py:150} INFO - [2023-08-05T11:26:12.439+0200] {dagbag.py:541} INFO - Filling up the DagBag from /Users/felipe.vasconcelos/repos/courses/python-learnings/.venv/lib/python3.10/site-packages/airflow/example_dags/example_branch_python_dop_operator_3.py
[2023-08-05T11:26:12.519+0200] {processor.py:836} INFO - DAG(s) dict_keys(['example_branch_dop_operator_v3']) retrieved from /Users/felipe.vasconcelos/repos/courses/python-learnings/.venv/lib/python3.10/site-packages/airflow/example_dags/example_branch_python_dop_operator_3.py
[2023-08-05T11:26:13.508+0200] {logging_mixin.py:150} INFO - [2023-08-05T11:26:13.503+0200] {dag.py:2742} INFO - Sync 1 DAGs
[2023-08-05T11:26:13.709+0200] {logging_mixin.py:150} INFO - [2023-08-05T11:26:13.709+0200] {dag.py:3504} INFO - Setting next_dagrun for example_branch_dop_operator_v3 to 2023-08-05T09:25:00+00:00, run_after=2023-08-05T09:26:00+00:00
[2023-08-05T11:26:13.806+0200] {processor.py:179} INFO - Processing /Users/felipe.vasconcelos/repos/courses/python-learnings/.venv/lib/python3.10/site-packages/airflow/example_dags/example_branch_python_dop_operator_3.py took 1.375 seconds
[2023-08-05T11:30:40.819+0200] {processor.py:157} INFO - Started process (PID=83770) to work on /Users/felipe.vasconcelos/repos/courses/python-learnings/.venv/lib/python3.10/site-packages/airflow/example_dags/example_branch_python_dop_operator_3.py
[2023-08-05T11:30:40.830+0200] {processor.py:826} INFO - Processing file /Users/felipe.vasconcelos/repos/courses/python-learnings/.venv/lib/python3.10/site-packages/airflow/example_dags/example_branch_python_dop_operator_3.py for tasks to queue
[2023-08-05T11:30:40.831+0200] {logging_mixin.py:150} INFO - [2023-08-05T11:30:40.831+0200] {dagbag.py:541} INFO - Filling up the DagBag from /Users/felipe.vasconcelos/repos/courses/python-learnings/.venv/lib/python3.10/site-packages/airflow/example_dags/example_branch_python_dop_operator_3.py
[2023-08-05T11:30:41.058+0200] {processor.py:836} INFO - DAG(s) dict_keys(['example_branch_dop_operator_v3']) retrieved from /Users/felipe.vasconcelos/repos/courses/python-learnings/.venv/lib/python3.10/site-packages/airflow/example_dags/example_branch_python_dop_operator_3.py
[2023-08-05T11:30:42.215+0200] {logging_mixin.py:150} INFO - [2023-08-05T11:30:42.215+0200] {dag.py:2742} INFO - Sync 1 DAGs
[2023-08-05T11:30:42.247+0200] {logging_mixin.py:150} INFO - [2023-08-05T11:30:42.247+0200] {dag.py:3504} INFO - Setting next_dagrun for example_branch_dop_operator_v3 to 2023-08-05T09:29:00+00:00, run_after=2023-08-05T09:30:00+00:00
[2023-08-05T11:30:42.273+0200] {processor.py:179} INFO - Processing /Users/felipe.vasconcelos/repos/courses/python-learnings/.venv/lib/python3.10/site-packages/airflow/example_dags/example_branch_python_dop_operator_3.py took 1.456 seconds
[2023-08-05T11:34:26.675+0200] {processor.py:157} INFO - Started process (PID=83905) to work on /Users/felipe.vasconcelos/repos/courses/python-learnings/.venv/lib/python3.10/site-packages/airflow/example_dags/example_branch_python_dop_operator_3.py
[2023-08-05T11:34:26.682+0200] {processor.py:826} INFO - Processing file /Users/felipe.vasconcelos/repos/courses/python-learnings/.venv/lib/python3.10/site-packages/airflow/example_dags/example_branch_python_dop_operator_3.py for tasks to queue
[2023-08-05T11:34:26.683+0200] {logging_mixin.py:150} INFO - [2023-08-05T11:34:26.682+0200] {dagbag.py:541} INFO - Filling up the DagBag from /Users/felipe.vasconcelos/repos/courses/python-learnings/.venv/lib/python3.10/site-packages/airflow/example_dags/example_branch_python_dop_operator_3.py
[2023-08-05T11:34:26.744+0200] {processor.py:836} INFO - DAG(s) dict_keys(['example_branch_dop_operator_v3']) retrieved from /Users/felipe.vasconcelos/repos/courses/python-learnings/.venv/lib/python3.10/site-packages/airflow/example_dags/example_branch_python_dop_operator_3.py
[2023-08-05T11:34:27.437+0200] {logging_mixin.py:150} INFO - [2023-08-05T11:34:27.437+0200] {dag.py:2742} INFO - Sync 1 DAGs
[2023-08-05T11:34:27.459+0200] {logging_mixin.py:150} INFO - [2023-08-05T11:34:27.459+0200] {dag.py:3504} INFO - Setting next_dagrun for example_branch_dop_operator_v3 to 2023-08-05T09:33:00+00:00, run_after=2023-08-05T09:34:00+00:00
[2023-08-05T11:34:27.479+0200] {processor.py:179} INFO - Processing /Users/felipe.vasconcelos/repos/courses/python-learnings/.venv/lib/python3.10/site-packages/airflow/example_dags/example_branch_python_dop_operator_3.py took 0.806 seconds
[2023-08-05T11:38:46.608+0200] {processor.py:157} INFO - Started process (PID=84035) to work on /Users/felipe.vasconcelos/repos/courses/python-learnings/.venv/lib/python3.10/site-packages/airflow/example_dags/example_branch_python_dop_operator_3.py
[2023-08-05T11:38:46.614+0200] {processor.py:826} INFO - Processing file /Users/felipe.vasconcelos/repos/courses/python-learnings/.venv/lib/python3.10/site-packages/airflow/example_dags/example_branch_python_dop_operator_3.py for tasks to queue
[2023-08-05T11:38:46.615+0200] {logging_mixin.py:150} INFO - [2023-08-05T11:38:46.615+0200] {dagbag.py:541} INFO - Filling up the DagBag from /Users/felipe.vasconcelos/repos/courses/python-learnings/.venv/lib/python3.10/site-packages/airflow/example_dags/example_branch_python_dop_operator_3.py
[2023-08-05T11:38:46.675+0200] {processor.py:836} INFO - DAG(s) dict_keys(['example_branch_dop_operator_v3']) retrieved from /Users/felipe.vasconcelos/repos/courses/python-learnings/.venv/lib/python3.10/site-packages/airflow/example_dags/example_branch_python_dop_operator_3.py
[2023-08-05T11:38:47.503+0200] {logging_mixin.py:150} INFO - [2023-08-05T11:38:47.503+0200] {dag.py:2742} INFO - Sync 1 DAGs
[2023-08-05T11:38:47.526+0200] {logging_mixin.py:150} INFO - [2023-08-05T11:38:47.525+0200] {dag.py:3504} INFO - Setting next_dagrun for example_branch_dop_operator_v3 to 2023-08-05T09:37:00+00:00, run_after=2023-08-05T09:38:00+00:00
[2023-08-05T11:38:47.546+0200] {processor.py:179} INFO - Processing /Users/felipe.vasconcelos/repos/courses/python-learnings/.venv/lib/python3.10/site-packages/airflow/example_dags/example_branch_python_dop_operator_3.py took 0.939 seconds
[2023-08-05T11:43:11.876+0200] {processor.py:157} INFO - Started process (PID=84164) to work on /Users/felipe.vasconcelos/repos/courses/python-learnings/.venv/lib/python3.10/site-packages/airflow/example_dags/example_branch_python_dop_operator_3.py
[2023-08-05T11:43:11.882+0200] {processor.py:826} INFO - Processing file /Users/felipe.vasconcelos/repos/courses/python-learnings/.venv/lib/python3.10/site-packages/airflow/example_dags/example_branch_python_dop_operator_3.py for tasks to queue
[2023-08-05T11:43:11.883+0200] {logging_mixin.py:150} INFO - [2023-08-05T11:43:11.882+0200] {dagbag.py:541} INFO - Filling up the DagBag from /Users/felipe.vasconcelos/repos/courses/python-learnings/.venv/lib/python3.10/site-packages/airflow/example_dags/example_branch_python_dop_operator_3.py
[2023-08-05T11:43:11.941+0200] {processor.py:836} INFO - DAG(s) dict_keys(['example_branch_dop_operator_v3']) retrieved from /Users/felipe.vasconcelos/repos/courses/python-learnings/.venv/lib/python3.10/site-packages/airflow/example_dags/example_branch_python_dop_operator_3.py
[2023-08-05T11:43:12.654+0200] {logging_mixin.py:150} INFO - [2023-08-05T11:43:12.653+0200] {dag.py:2742} INFO - Sync 1 DAGs
[2023-08-05T11:43:12.676+0200] {logging_mixin.py:150} INFO - [2023-08-05T11:43:12.676+0200] {dag.py:3504} INFO - Setting next_dagrun for example_branch_dop_operator_v3 to 2023-08-05T09:42:00+00:00, run_after=2023-08-05T09:43:00+00:00
[2023-08-05T11:43:12.696+0200] {processor.py:179} INFO - Processing /Users/felipe.vasconcelos/repos/courses/python-learnings/.venv/lib/python3.10/site-packages/airflow/example_dags/example_branch_python_dop_operator_3.py took 0.822 seconds
[2023-08-05T11:47:49.999+0200] {processor.py:157} INFO - Started process (PID=84323) to work on /Users/felipe.vasconcelos/repos/courses/python-learnings/.venv/lib/python3.10/site-packages/airflow/example_dags/example_branch_python_dop_operator_3.py
[2023-08-05T11:47:50.006+0200] {processor.py:826} INFO - Processing file /Users/felipe.vasconcelos/repos/courses/python-learnings/.venv/lib/python3.10/site-packages/airflow/example_dags/example_branch_python_dop_operator_3.py for tasks to queue
[2023-08-05T11:47:50.007+0200] {logging_mixin.py:150} INFO - [2023-08-05T11:47:50.007+0200] {dagbag.py:541} INFO - Filling up the DagBag from /Users/felipe.vasconcelos/repos/courses/python-learnings/.venv/lib/python3.10/site-packages/airflow/example_dags/example_branch_python_dop_operator_3.py
[2023-08-05T11:47:50.070+0200] {processor.py:836} INFO - DAG(s) dict_keys(['example_branch_dop_operator_v3']) retrieved from /Users/felipe.vasconcelos/repos/courses/python-learnings/.venv/lib/python3.10/site-packages/airflow/example_dags/example_branch_python_dop_operator_3.py
[2023-08-05T11:47:50.857+0200] {logging_mixin.py:150} INFO - [2023-08-05T11:47:50.856+0200] {dag.py:2742} INFO - Sync 1 DAGs
[2023-08-05T11:47:50.880+0200] {logging_mixin.py:150} INFO - [2023-08-05T11:47:50.880+0200] {dag.py:3504} INFO - Setting next_dagrun for example_branch_dop_operator_v3 to 2023-08-05T09:46:00+00:00, run_after=2023-08-05T09:47:00+00:00
[2023-08-05T11:47:50.901+0200] {processor.py:179} INFO - Processing /Users/felipe.vasconcelos/repos/courses/python-learnings/.venv/lib/python3.10/site-packages/airflow/example_dags/example_branch_python_dop_operator_3.py took 0.903 seconds
[2023-08-05T11:52:41.818+0200] {processor.py:157} INFO - Started process (PID=84469) to work on /Users/felipe.vasconcelos/repos/courses/python-learnings/.venv/lib/python3.10/site-packages/airflow/example_dags/example_branch_python_dop_operator_3.py
[2023-08-05T11:52:41.825+0200] {processor.py:826} INFO - Processing file /Users/felipe.vasconcelos/repos/courses/python-learnings/.venv/lib/python3.10/site-packages/airflow/example_dags/example_branch_python_dop_operator_3.py for tasks to queue
[2023-08-05T11:52:41.826+0200] {logging_mixin.py:150} INFO - [2023-08-05T11:52:41.825+0200] {dagbag.py:541} INFO - Filling up the DagBag from /Users/felipe.vasconcelos/repos/courses/python-learnings/.venv/lib/python3.10/site-packages/airflow/example_dags/example_branch_python_dop_operator_3.py
[2023-08-05T11:52:41.885+0200] {processor.py:836} INFO - DAG(s) dict_keys(['example_branch_dop_operator_v3']) retrieved from /Users/felipe.vasconcelos/repos/courses/python-learnings/.venv/lib/python3.10/site-packages/airflow/example_dags/example_branch_python_dop_operator_3.py
[2023-08-05T11:52:42.572+0200] {logging_mixin.py:150} INFO - [2023-08-05T11:52:42.572+0200] {dag.py:2742} INFO - Sync 1 DAGs
[2023-08-05T11:52:42.594+0200] {logging_mixin.py:150} INFO - [2023-08-05T11:52:42.594+0200] {dag.py:3504} INFO - Setting next_dagrun for example_branch_dop_operator_v3 to 2023-08-05T09:51:00+00:00, run_after=2023-08-05T09:52:00+00:00
[2023-08-05T11:52:42.615+0200] {processor.py:179} INFO - Processing /Users/felipe.vasconcelos/repos/courses/python-learnings/.venv/lib/python3.10/site-packages/airflow/example_dags/example_branch_python_dop_operator_3.py took 0.798 seconds
[2023-08-05T11:56:52.237+0200] {processor.py:157} INFO - Started process (PID=84592) to work on /Users/felipe.vasconcelos/repos/courses/python-learnings/.venv/lib/python3.10/site-packages/airflow/example_dags/example_branch_python_dop_operator_3.py
[2023-08-05T11:56:52.244+0200] {processor.py:826} INFO - Processing file /Users/felipe.vasconcelos/repos/courses/python-learnings/.venv/lib/python3.10/site-packages/airflow/example_dags/example_branch_python_dop_operator_3.py for tasks to queue
[2023-08-05T11:56:52.244+0200] {logging_mixin.py:150} INFO - [2023-08-05T11:56:52.244+0200] {dagbag.py:541} INFO - Filling up the DagBag from /Users/felipe.vasconcelos/repos/courses/python-learnings/.venv/lib/python3.10/site-packages/airflow/example_dags/example_branch_python_dop_operator_3.py
[2023-08-05T11:56:52.309+0200] {processor.py:836} INFO - DAG(s) dict_keys(['example_branch_dop_operator_v3']) retrieved from /Users/felipe.vasconcelos/repos/courses/python-learnings/.venv/lib/python3.10/site-packages/airflow/example_dags/example_branch_python_dop_operator_3.py
[2023-08-05T11:56:53.084+0200] {logging_mixin.py:150} INFO - [2023-08-05T11:56:53.084+0200] {dag.py:2742} INFO - Sync 1 DAGs
[2023-08-05T11:56:53.117+0200] {logging_mixin.py:150} INFO - [2023-08-05T11:56:53.116+0200] {dag.py:3504} INFO - Setting next_dagrun for example_branch_dop_operator_v3 to 2023-08-05T09:55:00+00:00, run_after=2023-08-05T09:56:00+00:00
[2023-08-05T11:56:53.141+0200] {processor.py:179} INFO - Processing /Users/felipe.vasconcelos/repos/courses/python-learnings/.venv/lib/python3.10/site-packages/airflow/example_dags/example_branch_python_dop_operator_3.py took 0.905 seconds
[2023-08-05T12:03:08.070+0200] {processor.py:157} INFO - Started process (PID=84837) to work on /Users/felipe.vasconcelos/repos/courses/python-learnings/.venv/lib/python3.10/site-packages/airflow/example_dags/example_branch_python_dop_operator_3.py
[2023-08-05T12:03:08.077+0200] {processor.py:826} INFO - Processing file /Users/felipe.vasconcelos/repos/courses/python-learnings/.venv/lib/python3.10/site-packages/airflow/example_dags/example_branch_python_dop_operator_3.py for tasks to queue
[2023-08-05T12:03:08.078+0200] {logging_mixin.py:150} INFO - [2023-08-05T12:03:08.078+0200] {dagbag.py:541} INFO - Filling up the DagBag from /Users/felipe.vasconcelos/repos/courses/python-learnings/.venv/lib/python3.10/site-packages/airflow/example_dags/example_branch_python_dop_operator_3.py
[2023-08-05T12:03:08.141+0200] {processor.py:836} INFO - DAG(s) dict_keys(['example_branch_dop_operator_v3']) retrieved from /Users/felipe.vasconcelos/repos/courses/python-learnings/.venv/lib/python3.10/site-packages/airflow/example_dags/example_branch_python_dop_operator_3.py
[2023-08-05T12:03:08.832+0200] {logging_mixin.py:150} INFO - [2023-08-05T12:03:08.832+0200] {dag.py:2742} INFO - Sync 1 DAGs
[2023-08-05T12:03:08.857+0200] {logging_mixin.py:150} INFO - [2023-08-05T12:03:08.856+0200] {dag.py:3504} INFO - Setting next_dagrun for example_branch_dop_operator_v3 to 2023-08-05T10:02:00+00:00, run_after=2023-08-05T10:03:00+00:00
[2023-08-05T12:03:08.878+0200] {processor.py:179} INFO - Processing /Users/felipe.vasconcelos/repos/courses/python-learnings/.venv/lib/python3.10/site-packages/airflow/example_dags/example_branch_python_dop_operator_3.py took 0.810 seconds
