[2023-08-05T10:40:01.763+0200] {processor.py:157} INFO - Started process (PID=82603) to work on /Users/felipe.vasconcelos/repos/courses/python-learnings/.venv/lib/python3.10/site-packages/airflow/example_dags/example_sensor_decorator.py
[2023-08-05T10:40:01.768+0200] {processor.py:826} INFO - Processing file /Users/felipe.vasconcelos/repos/courses/python-learnings/.venv/lib/python3.10/site-packages/airflow/example_dags/example_sensor_decorator.py for tasks to queue
[2023-08-05T10:40:01.769+0200] {logging_mixin.py:150} INFO - [2023-08-05T10:40:01.769+0200] {dagbag.py:541} INFO - Filling up the DagBag from /Users/felipe.vasconcelos/repos/courses/python-learnings/.venv/lib/python3.10/site-packages/airflow/example_dags/example_sensor_decorator.py
[2023-08-05T10:40:01.838+0200] {processor.py:836} INFO - DAG(s) dict_keys(['example_sensor_decorator']) retrieved from /Users/felipe.vasconcelos/repos/courses/python-learnings/.venv/lib/python3.10/site-packages/airflow/example_dags/example_sensor_decorator.py
[2023-08-05T10:40:02.734+0200] {logging_mixin.py:150} INFO - [2023-08-05T10:40:02.734+0200] {manager.py:504} INFO - Created Permission View: can read on DAG:example_sensor_decorator
[2023-08-05T10:40:02.747+0200] {logging_mixin.py:150} INFO - [2023-08-05T10:40:02.746+0200] {manager.py:504} INFO - Created Permission View: can delete on DAG:example_sensor_decorator
[2023-08-05T10:40:02.754+0200] {logging_mixin.py:150} INFO - [2023-08-05T10:40:02.753+0200] {manager.py:504} INFO - Created Permission View: can edit on DAG:example_sensor_decorator
[2023-08-05T10:40:02.767+0200] {logging_mixin.py:150} INFO - [2023-08-05T10:40:02.767+0200] {dag.py:2742} INFO - Sync 1 DAGs
[2023-08-05T10:40:02.778+0200] {logging_mixin.py:150} INFO - [2023-08-05T10:40:02.778+0200] {dag.py:2763} INFO - Creating ORM DAG for example_sensor_decorator
[2023-08-05T10:40:02.788+0200] {logging_mixin.py:150} INFO - [2023-08-05T10:40:02.787+0200] {dag.py:3504} INFO - Setting next_dagrun for example_sensor_decorator to None, run_after=None
[2023-08-05T10:40:02.808+0200] {processor.py:179} INFO - Processing /Users/felipe.vasconcelos/repos/courses/python-learnings/.venv/lib/python3.10/site-packages/airflow/example_dags/example_sensor_decorator.py took 1.047 seconds
[2023-08-05T10:43:20.826+0200] {processor.py:157} INFO - Started process (PID=82683) to work on /Users/felipe.vasconcelos/repos/courses/python-learnings/.venv/lib/python3.10/site-packages/airflow/example_dags/example_sensor_decorator.py
[2023-08-05T10:43:20.834+0200] {processor.py:826} INFO - Processing file /Users/felipe.vasconcelos/repos/courses/python-learnings/.venv/lib/python3.10/site-packages/airflow/example_dags/example_sensor_decorator.py for tasks to queue
[2023-08-05T10:43:20.835+0200] {logging_mixin.py:150} INFO - [2023-08-05T10:43:20.835+0200] {dagbag.py:541} INFO - Filling up the DagBag from /Users/felipe.vasconcelos/repos/courses/python-learnings/.venv/lib/python3.10/site-packages/airflow/example_dags/example_sensor_decorator.py
[2023-08-05T10:43:20.926+0200] {processor.py:836} INFO - DAG(s) dict_keys(['example_sensor_decorator']) retrieved from /Users/felipe.vasconcelos/repos/courses/python-learnings/.venv/lib/python3.10/site-packages/airflow/example_dags/example_sensor_decorator.py
[2023-08-05T10:43:23.136+0200] {logging_mixin.py:150} INFO - [2023-08-05T10:43:23.136+0200] {dag.py:2742} INFO - Sync 1 DAGs
[2023-08-05T10:43:23.237+0200] {logging_mixin.py:150} INFO - [2023-08-05T10:43:23.237+0200] {dag.py:3504} INFO - Setting next_dagrun for example_sensor_decorator to None, run_after=None
[2023-08-05T10:43:23.313+0200] {processor.py:179} INFO - Processing /Users/felipe.vasconcelos/repos/courses/python-learnings/.venv/lib/python3.10/site-packages/airflow/example_dags/example_sensor_decorator.py took 2.488 seconds
[2023-08-05T10:46:58.039+0200] {processor.py:157} INFO - Started process (PID=82831) to work on /Users/felipe.vasconcelos/repos/courses/python-learnings/.venv/lib/python3.10/site-packages/airflow/example_dags/example_sensor_decorator.py
[2023-08-05T10:46:58.045+0200] {processor.py:826} INFO - Processing file /Users/felipe.vasconcelos/repos/courses/python-learnings/.venv/lib/python3.10/site-packages/airflow/example_dags/example_sensor_decorator.py for tasks to queue
[2023-08-05T10:46:58.046+0200] {logging_mixin.py:150} INFO - [2023-08-05T10:46:58.046+0200] {dagbag.py:541} INFO - Filling up the DagBag from /Users/felipe.vasconcelos/repos/courses/python-learnings/.venv/lib/python3.10/site-packages/airflow/example_dags/example_sensor_decorator.py
[2023-08-05T10:46:58.104+0200] {processor.py:836} INFO - DAG(s) dict_keys(['example_sensor_decorator']) retrieved from /Users/felipe.vasconcelos/repos/courses/python-learnings/.venv/lib/python3.10/site-packages/airflow/example_dags/example_sensor_decorator.py
[2023-08-05T10:46:58.915+0200] {logging_mixin.py:150} INFO - [2023-08-05T10:46:58.915+0200] {dag.py:2742} INFO - Sync 1 DAGs
[2023-08-05T10:46:58.934+0200] {logging_mixin.py:150} INFO - [2023-08-05T10:46:58.934+0200] {dag.py:3504} INFO - Setting next_dagrun for example_sensor_decorator to None, run_after=None
[2023-08-05T10:46:58.956+0200] {processor.py:179} INFO - Processing /Users/felipe.vasconcelos/repos/courses/python-learnings/.venv/lib/python3.10/site-packages/airflow/example_dags/example_sensor_decorator.py took 0.918 seconds
[2023-08-05T10:49:07.036+0200] {processor.py:157} INFO - Started process (PID=82885) to work on /Users/felipe.vasconcelos/repos/courses/python-learnings/.venv/lib/python3.10/site-packages/airflow/example_dags/example_sensor_decorator.py
[2023-08-05T10:49:07.042+0200] {processor.py:826} INFO - Processing file /Users/felipe.vasconcelos/repos/courses/python-learnings/.venv/lib/python3.10/site-packages/airflow/example_dags/example_sensor_decorator.py for tasks to queue
[2023-08-05T10:49:07.043+0200] {logging_mixin.py:150} INFO - [2023-08-05T10:49:07.043+0200] {dagbag.py:541} INFO - Filling up the DagBag from /Users/felipe.vasconcelos/repos/courses/python-learnings/.venv/lib/python3.10/site-packages/airflow/example_dags/example_sensor_decorator.py
[2023-08-05T10:49:07.106+0200] {processor.py:836} INFO - DAG(s) dict_keys(['example_sensor_decorator']) retrieved from /Users/felipe.vasconcelos/repos/courses/python-learnings/.venv/lib/python3.10/site-packages/airflow/example_dags/example_sensor_decorator.py
[2023-08-05T10:49:09.312+0200] {logging_mixin.py:150} INFO - [2023-08-05T10:49:09.311+0200] {dag.py:2742} INFO - Sync 1 DAGs
[2023-08-05T10:49:09.343+0200] {logging_mixin.py:150} INFO - [2023-08-05T10:49:09.343+0200] {dag.py:3504} INFO - Setting next_dagrun for example_sensor_decorator to None, run_after=None
[2023-08-05T10:49:09.382+0200] {processor.py:179} INFO - Processing /Users/felipe.vasconcelos/repos/courses/python-learnings/.venv/lib/python3.10/site-packages/airflow/example_dags/example_sensor_decorator.py took 2.347 seconds
[2023-08-05T10:51:30.318+0200] {processor.py:157} INFO - Started process (PID=82959) to work on /Users/felipe.vasconcelos/repos/courses/python-learnings/.venv/lib/python3.10/site-packages/airflow/example_dags/example_sensor_decorator.py
[2023-08-05T10:51:30.325+0200] {processor.py:826} INFO - Processing file /Users/felipe.vasconcelos/repos/courses/python-learnings/.venv/lib/python3.10/site-packages/airflow/example_dags/example_sensor_decorator.py for tasks to queue
[2023-08-05T10:51:30.326+0200] {logging_mixin.py:150} INFO - [2023-08-05T10:51:30.325+0200] {dagbag.py:541} INFO - Filling up the DagBag from /Users/felipe.vasconcelos/repos/courses/python-learnings/.venv/lib/python3.10/site-packages/airflow/example_dags/example_sensor_decorator.py
[2023-08-05T10:51:30.385+0200] {processor.py:836} INFO - DAG(s) dict_keys(['example_sensor_decorator']) retrieved from /Users/felipe.vasconcelos/repos/courses/python-learnings/.venv/lib/python3.10/site-packages/airflow/example_dags/example_sensor_decorator.py
[2023-08-05T10:51:31.156+0200] {logging_mixin.py:150} INFO - [2023-08-05T10:51:31.156+0200] {dag.py:2742} INFO - Sync 1 DAGs
[2023-08-05T10:51:31.174+0200] {logging_mixin.py:150} INFO - [2023-08-05T10:51:31.174+0200] {dag.py:3504} INFO - Setting next_dagrun for example_sensor_decorator to None, run_after=None
[2023-08-05T10:51:31.196+0200] {processor.py:179} INFO - Processing /Users/felipe.vasconcelos/repos/courses/python-learnings/.venv/lib/python3.10/site-packages/airflow/example_dags/example_sensor_decorator.py took 0.878 seconds
[2023-08-05T10:53:41.544+0200] {processor.py:157} INFO - Started process (PID=83013) to work on /Users/felipe.vasconcelos/repos/courses/python-learnings/.venv/lib/python3.10/site-packages/airflow/example_dags/example_sensor_decorator.py
[2023-08-05T10:53:41.550+0200] {processor.py:826} INFO - Processing file /Users/felipe.vasconcelos/repos/courses/python-learnings/.venv/lib/python3.10/site-packages/airflow/example_dags/example_sensor_decorator.py for tasks to queue
[2023-08-05T10:53:41.551+0200] {logging_mixin.py:150} INFO - [2023-08-05T10:53:41.551+0200] {dagbag.py:541} INFO - Filling up the DagBag from /Users/felipe.vasconcelos/repos/courses/python-learnings/.venv/lib/python3.10/site-packages/airflow/example_dags/example_sensor_decorator.py
[2023-08-05T10:53:41.611+0200] {processor.py:836} INFO - DAG(s) dict_keys(['example_sensor_decorator']) retrieved from /Users/felipe.vasconcelos/repos/courses/python-learnings/.venv/lib/python3.10/site-packages/airflow/example_dags/example_sensor_decorator.py
[2023-08-05T10:53:42.405+0200] {logging_mixin.py:150} INFO - [2023-08-05T10:53:42.404+0200] {dag.py:2742} INFO - Sync 1 DAGs
[2023-08-05T10:53:42.428+0200] {logging_mixin.py:150} INFO - [2023-08-05T10:53:42.428+0200] {dag.py:3504} INFO - Setting next_dagrun for example_sensor_decorator to None, run_after=None
[2023-08-05T10:53:42.453+0200] {processor.py:179} INFO - Processing /Users/felipe.vasconcelos/repos/courses/python-learnings/.venv/lib/python3.10/site-packages/airflow/example_dags/example_sensor_decorator.py took 0.910 seconds
[2023-08-05T10:55:58.122+0200] {processor.py:157} INFO - Started process (PID=83077) to work on /Users/felipe.vasconcelos/repos/courses/python-learnings/.venv/lib/python3.10/site-packages/airflow/example_dags/example_sensor_decorator.py
[2023-08-05T10:55:58.129+0200] {processor.py:826} INFO - Processing file /Users/felipe.vasconcelos/repos/courses/python-learnings/.venv/lib/python3.10/site-packages/airflow/example_dags/example_sensor_decorator.py for tasks to queue
[2023-08-05T10:55:58.130+0200] {logging_mixin.py:150} INFO - [2023-08-05T10:55:58.129+0200] {dagbag.py:541} INFO - Filling up the DagBag from /Users/felipe.vasconcelos/repos/courses/python-learnings/.venv/lib/python3.10/site-packages/airflow/example_dags/example_sensor_decorator.py
[2023-08-05T10:55:58.187+0200] {processor.py:836} INFO - DAG(s) dict_keys(['example_sensor_decorator']) retrieved from /Users/felipe.vasconcelos/repos/courses/python-learnings/.venv/lib/python3.10/site-packages/airflow/example_dags/example_sensor_decorator.py
[2023-08-05T10:55:58.904+0200] {logging_mixin.py:150} INFO - [2023-08-05T10:55:58.904+0200] {dag.py:2742} INFO - Sync 1 DAGs
[2023-08-05T10:55:58.922+0200] {logging_mixin.py:150} INFO - [2023-08-05T10:55:58.922+0200] {dag.py:3504} INFO - Setting next_dagrun for example_sensor_decorator to None, run_after=None
[2023-08-05T10:55:58.942+0200] {processor.py:179} INFO - Processing /Users/felipe.vasconcelos/repos/courses/python-learnings/.venv/lib/python3.10/site-packages/airflow/example_dags/example_sensor_decorator.py took 0.820 seconds
[2023-08-05T10:58:04.182+0200] {processor.py:157} INFO - Started process (PID=83142) to work on /Users/felipe.vasconcelos/repos/courses/python-learnings/.venv/lib/python3.10/site-packages/airflow/example_dags/example_sensor_decorator.py
[2023-08-05T10:58:04.188+0200] {processor.py:826} INFO - Processing file /Users/felipe.vasconcelos/repos/courses/python-learnings/.venv/lib/python3.10/site-packages/airflow/example_dags/example_sensor_decorator.py for tasks to queue
[2023-08-05T10:58:04.189+0200] {logging_mixin.py:150} INFO - [2023-08-05T10:58:04.189+0200] {dagbag.py:541} INFO - Filling up the DagBag from /Users/felipe.vasconcelos/repos/courses/python-learnings/.venv/lib/python3.10/site-packages/airflow/example_dags/example_sensor_decorator.py
[2023-08-05T10:58:04.495+0200] {processor.py:836} INFO - DAG(s) dict_keys(['example_sensor_decorator']) retrieved from /Users/felipe.vasconcelos/repos/courses/python-learnings/.venv/lib/python3.10/site-packages/airflow/example_dags/example_sensor_decorator.py
[2023-08-05T10:58:05.186+0200] {logging_mixin.py:150} INFO - [2023-08-05T10:58:05.185+0200] {dag.py:2742} INFO - Sync 1 DAGs
[2023-08-05T10:58:05.203+0200] {logging_mixin.py:150} INFO - [2023-08-05T10:58:05.203+0200] {dag.py:3504} INFO - Setting next_dagrun for example_sensor_decorator to None, run_after=None
[2023-08-05T10:58:05.225+0200] {processor.py:179} INFO - Processing /Users/felipe.vasconcelos/repos/courses/python-learnings/.venv/lib/python3.10/site-packages/airflow/example_dags/example_sensor_decorator.py took 1.044 seconds
[2023-08-05T11:12:30.423+0200] {processor.py:157} INFO - Started process (PID=83272) to work on /Users/felipe.vasconcelos/repos/courses/python-learnings/.venv/lib/python3.10/site-packages/airflow/example_dags/example_sensor_decorator.py
[2023-08-05T11:12:30.429+0200] {processor.py:826} INFO - Processing file /Users/felipe.vasconcelos/repos/courses/python-learnings/.venv/lib/python3.10/site-packages/airflow/example_dags/example_sensor_decorator.py for tasks to queue
[2023-08-05T11:12:30.430+0200] {logging_mixin.py:150} INFO - [2023-08-05T11:12:30.430+0200] {dagbag.py:541} INFO - Filling up the DagBag from /Users/felipe.vasconcelos/repos/courses/python-learnings/.venv/lib/python3.10/site-packages/airflow/example_dags/example_sensor_decorator.py
[2023-08-05T11:12:30.497+0200] {processor.py:836} INFO - DAG(s) dict_keys(['example_sensor_decorator']) retrieved from /Users/felipe.vasconcelos/repos/courses/python-learnings/.venv/lib/python3.10/site-packages/airflow/example_dags/example_sensor_decorator.py
[2023-08-05T11:12:31.222+0200] {logging_mixin.py:150} INFO - [2023-08-05T11:12:31.221+0200] {dag.py:2742} INFO - Sync 1 DAGs
[2023-08-05T11:12:31.240+0200] {logging_mixin.py:150} INFO - [2023-08-05T11:12:31.240+0200] {dag.py:3504} INFO - Setting next_dagrun for example_sensor_decorator to None, run_after=None
[2023-08-05T11:12:31.263+0200] {processor.py:179} INFO - Processing /Users/felipe.vasconcelos/repos/courses/python-learnings/.venv/lib/python3.10/site-packages/airflow/example_dags/example_sensor_decorator.py took 0.841 seconds
[2023-08-05T11:14:47.322+0200] {processor.py:157} INFO - Started process (PID=83338) to work on /Users/felipe.vasconcelos/repos/courses/python-learnings/.venv/lib/python3.10/site-packages/airflow/example_dags/example_sensor_decorator.py
[2023-08-05T11:14:47.328+0200] {processor.py:826} INFO - Processing file /Users/felipe.vasconcelos/repos/courses/python-learnings/.venv/lib/python3.10/site-packages/airflow/example_dags/example_sensor_decorator.py for tasks to queue
[2023-08-05T11:14:47.329+0200] {logging_mixin.py:150} INFO - [2023-08-05T11:14:47.329+0200] {dagbag.py:541} INFO - Filling up the DagBag from /Users/felipe.vasconcelos/repos/courses/python-learnings/.venv/lib/python3.10/site-packages/airflow/example_dags/example_sensor_decorator.py
[2023-08-05T11:14:47.387+0200] {processor.py:836} INFO - DAG(s) dict_keys(['example_sensor_decorator']) retrieved from /Users/felipe.vasconcelos/repos/courses/python-learnings/.venv/lib/python3.10/site-packages/airflow/example_dags/example_sensor_decorator.py
[2023-08-05T11:14:48.118+0200] {logging_mixin.py:150} INFO - [2023-08-05T11:14:48.118+0200] {dag.py:2742} INFO - Sync 1 DAGs
[2023-08-05T11:14:48.135+0200] {logging_mixin.py:150} INFO - [2023-08-05T11:14:48.135+0200] {dag.py:3504} INFO - Setting next_dagrun for example_sensor_decorator to None, run_after=None
[2023-08-05T11:14:48.155+0200] {processor.py:179} INFO - Processing /Users/felipe.vasconcelos/repos/courses/python-learnings/.venv/lib/python3.10/site-packages/airflow/example_dags/example_sensor_decorator.py took 0.834 seconds
[2023-08-05T11:16:49.550+0200] {processor.py:157} INFO - Started process (PID=83394) to work on /Users/felipe.vasconcelos/repos/courses/python-learnings/.venv/lib/python3.10/site-packages/airflow/example_dags/example_sensor_decorator.py
[2023-08-05T11:16:49.557+0200] {processor.py:826} INFO - Processing file /Users/felipe.vasconcelos/repos/courses/python-learnings/.venv/lib/python3.10/site-packages/airflow/example_dags/example_sensor_decorator.py for tasks to queue
[2023-08-05T11:16:49.558+0200] {logging_mixin.py:150} INFO - [2023-08-05T11:16:49.558+0200] {dagbag.py:541} INFO - Filling up the DagBag from /Users/felipe.vasconcelos/repos/courses/python-learnings/.venv/lib/python3.10/site-packages/airflow/example_dags/example_sensor_decorator.py
[2023-08-05T11:16:49.617+0200] {processor.py:836} INFO - DAG(s) dict_keys(['example_sensor_decorator']) retrieved from /Users/felipe.vasconcelos/repos/courses/python-learnings/.venv/lib/python3.10/site-packages/airflow/example_dags/example_sensor_decorator.py
[2023-08-05T11:16:50.347+0200] {logging_mixin.py:150} INFO - [2023-08-05T11:16:50.347+0200] {dag.py:2742} INFO - Sync 1 DAGs
[2023-08-05T11:16:50.365+0200] {logging_mixin.py:150} INFO - [2023-08-05T11:16:50.365+0200] {dag.py:3504} INFO - Setting next_dagrun for example_sensor_decorator to None, run_after=None
[2023-08-05T11:16:50.388+0200] {processor.py:179} INFO - Processing /Users/felipe.vasconcelos/repos/courses/python-learnings/.venv/lib/python3.10/site-packages/airflow/example_dags/example_sensor_decorator.py took 0.838 seconds
[2023-08-05T11:18:57.679+0200] {processor.py:157} INFO - Started process (PID=83459) to work on /Users/felipe.vasconcelos/repos/courses/python-learnings/.venv/lib/python3.10/site-packages/airflow/example_dags/example_sensor_decorator.py
[2023-08-05T11:18:57.685+0200] {processor.py:826} INFO - Processing file /Users/felipe.vasconcelos/repos/courses/python-learnings/.venv/lib/python3.10/site-packages/airflow/example_dags/example_sensor_decorator.py for tasks to queue
[2023-08-05T11:18:57.686+0200] {logging_mixin.py:150} INFO - [2023-08-05T11:18:57.686+0200] {dagbag.py:541} INFO - Filling up the DagBag from /Users/felipe.vasconcelos/repos/courses/python-learnings/.venv/lib/python3.10/site-packages/airflow/example_dags/example_sensor_decorator.py
[2023-08-05T11:18:57.803+0200] {processor.py:836} INFO - DAG(s) dict_keys(['example_sensor_decorator']) retrieved from /Users/felipe.vasconcelos/repos/courses/python-learnings/.venv/lib/python3.10/site-packages/airflow/example_dags/example_sensor_decorator.py
[2023-08-05T11:18:58.513+0200] {logging_mixin.py:150} INFO - [2023-08-05T11:18:58.513+0200] {dag.py:2742} INFO - Sync 1 DAGs
[2023-08-05T11:18:58.531+0200] {logging_mixin.py:150} INFO - [2023-08-05T11:18:58.531+0200] {dag.py:3504} INFO - Setting next_dagrun for example_sensor_decorator to None, run_after=None
[2023-08-05T11:18:58.552+0200] {processor.py:179} INFO - Processing /Users/felipe.vasconcelos/repos/courses/python-learnings/.venv/lib/python3.10/site-packages/airflow/example_dags/example_sensor_decorator.py took 0.874 seconds
[2023-08-05T11:21:08.437+0200] {processor.py:157} INFO - Started process (PID=83514) to work on /Users/felipe.vasconcelos/repos/courses/python-learnings/.venv/lib/python3.10/site-packages/airflow/example_dags/example_sensor_decorator.py
[2023-08-05T11:21:08.444+0200] {processor.py:826} INFO - Processing file /Users/felipe.vasconcelos/repos/courses/python-learnings/.venv/lib/python3.10/site-packages/airflow/example_dags/example_sensor_decorator.py for tasks to queue
[2023-08-05T11:21:08.445+0200] {logging_mixin.py:150} INFO - [2023-08-05T11:21:08.444+0200] {dagbag.py:541} INFO - Filling up the DagBag from /Users/felipe.vasconcelos/repos/courses/python-learnings/.venv/lib/python3.10/site-packages/airflow/example_dags/example_sensor_decorator.py
[2023-08-05T11:21:08.499+0200] {processor.py:836} INFO - DAG(s) dict_keys(['example_sensor_decorator']) retrieved from /Users/felipe.vasconcelos/repos/courses/python-learnings/.venv/lib/python3.10/site-packages/airflow/example_dags/example_sensor_decorator.py
[2023-08-05T11:21:09.200+0200] {logging_mixin.py:150} INFO - [2023-08-05T11:21:09.199+0200] {dag.py:2742} INFO - Sync 1 DAGs
[2023-08-05T11:21:09.222+0200] {logging_mixin.py:150} INFO - [2023-08-05T11:21:09.222+0200] {dag.py:3504} INFO - Setting next_dagrun for example_sensor_decorator to None, run_after=None
[2023-08-05T11:21:09.242+0200] {processor.py:179} INFO - Processing /Users/felipe.vasconcelos/repos/courses/python-learnings/.venv/lib/python3.10/site-packages/airflow/example_dags/example_sensor_decorator.py took 0.806 seconds
[2023-08-05T11:23:39.687+0200] {processor.py:157} INFO - Started process (PID=83586) to work on /Users/felipe.vasconcelos/repos/courses/python-learnings/.venv/lib/python3.10/site-packages/airflow/example_dags/example_sensor_decorator.py
[2023-08-05T11:23:39.694+0200] {processor.py:826} INFO - Processing file /Users/felipe.vasconcelos/repos/courses/python-learnings/.venv/lib/python3.10/site-packages/airflow/example_dags/example_sensor_decorator.py for tasks to queue
[2023-08-05T11:23:39.694+0200] {logging_mixin.py:150} INFO - [2023-08-05T11:23:39.694+0200] {dagbag.py:541} INFO - Filling up the DagBag from /Users/felipe.vasconcelos/repos/courses/python-learnings/.venv/lib/python3.10/site-packages/airflow/example_dags/example_sensor_decorator.py
[2023-08-05T11:23:39.753+0200] {processor.py:836} INFO - DAG(s) dict_keys(['example_sensor_decorator']) retrieved from /Users/felipe.vasconcelos/repos/courses/python-learnings/.venv/lib/python3.10/site-packages/airflow/example_dags/example_sensor_decorator.py
[2023-08-05T11:23:40.522+0200] {logging_mixin.py:150} INFO - [2023-08-05T11:23:40.522+0200] {dag.py:2742} INFO - Sync 1 DAGs
[2023-08-05T11:23:40.540+0200] {logging_mixin.py:150} INFO - [2023-08-05T11:23:40.540+0200] {dag.py:3504} INFO - Setting next_dagrun for example_sensor_decorator to None, run_after=None
[2023-08-05T11:23:40.560+0200] {processor.py:179} INFO - Processing /Users/felipe.vasconcelos/repos/courses/python-learnings/.venv/lib/python3.10/site-packages/airflow/example_dags/example_sensor_decorator.py took 0.874 seconds
[2023-08-05T11:25:48.945+0200] {processor.py:157} INFO - Started process (PID=83640) to work on /Users/felipe.vasconcelos/repos/courses/python-learnings/.venv/lib/python3.10/site-packages/airflow/example_dags/example_sensor_decorator.py
[2023-08-05T11:25:48.952+0200] {processor.py:826} INFO - Processing file /Users/felipe.vasconcelos/repos/courses/python-learnings/.venv/lib/python3.10/site-packages/airflow/example_dags/example_sensor_decorator.py for tasks to queue
[2023-08-05T11:25:48.953+0200] {logging_mixin.py:150} INFO - [2023-08-05T11:25:48.953+0200] {dagbag.py:541} INFO - Filling up the DagBag from /Users/felipe.vasconcelos/repos/courses/python-learnings/.venv/lib/python3.10/site-packages/airflow/example_dags/example_sensor_decorator.py
[2023-08-05T11:25:49.018+0200] {processor.py:836} INFO - DAG(s) dict_keys(['example_sensor_decorator']) retrieved from /Users/felipe.vasconcelos/repos/courses/python-learnings/.venv/lib/python3.10/site-packages/airflow/example_dags/example_sensor_decorator.py
[2023-08-05T11:25:49.798+0200] {logging_mixin.py:150} INFO - [2023-08-05T11:25:49.797+0200] {dag.py:2742} INFO - Sync 1 DAGs
[2023-08-05T11:25:49.816+0200] {logging_mixin.py:150} INFO - [2023-08-05T11:25:49.816+0200] {dag.py:3504} INFO - Setting next_dagrun for example_sensor_decorator to None, run_after=None
[2023-08-05T11:25:49.837+0200] {processor.py:179} INFO - Processing /Users/felipe.vasconcelos/repos/courses/python-learnings/.venv/lib/python3.10/site-packages/airflow/example_dags/example_sensor_decorator.py took 0.894 seconds
[2023-08-05T11:28:05.584+0200] {processor.py:157} INFO - Started process (PID=83700) to work on /Users/felipe.vasconcelos/repos/courses/python-learnings/.venv/lib/python3.10/site-packages/airflow/example_dags/example_sensor_decorator.py
[2023-08-05T11:28:05.590+0200] {processor.py:826} INFO - Processing file /Users/felipe.vasconcelos/repos/courses/python-learnings/.venv/lib/python3.10/site-packages/airflow/example_dags/example_sensor_decorator.py for tasks to queue
[2023-08-05T11:28:05.590+0200] {logging_mixin.py:150} INFO - [2023-08-05T11:28:05.590+0200] {dagbag.py:541} INFO - Filling up the DagBag from /Users/felipe.vasconcelos/repos/courses/python-learnings/.venv/lib/python3.10/site-packages/airflow/example_dags/example_sensor_decorator.py
[2023-08-05T11:28:05.649+0200] {processor.py:836} INFO - DAG(s) dict_keys(['example_sensor_decorator']) retrieved from /Users/felipe.vasconcelos/repos/courses/python-learnings/.venv/lib/python3.10/site-packages/airflow/example_dags/example_sensor_decorator.py
[2023-08-05T11:28:06.355+0200] {logging_mixin.py:150} INFO - [2023-08-05T11:28:06.354+0200] {dag.py:2742} INFO - Sync 1 DAGs
[2023-08-05T11:28:06.379+0200] {logging_mixin.py:150} INFO - [2023-08-05T11:28:06.379+0200] {dag.py:3504} INFO - Setting next_dagrun for example_sensor_decorator to None, run_after=None
[2023-08-05T11:28:06.403+0200] {processor.py:179} INFO - Processing /Users/felipe.vasconcelos/repos/courses/python-learnings/.venv/lib/python3.10/site-packages/airflow/example_dags/example_sensor_decorator.py took 0.820 seconds
[2023-08-05T11:30:14.731+0200] {processor.py:157} INFO - Started process (PID=83756) to work on /Users/felipe.vasconcelos/repos/courses/python-learnings/.venv/lib/python3.10/site-packages/airflow/example_dags/example_sensor_decorator.py
[2023-08-05T11:30:14.737+0200] {processor.py:826} INFO - Processing file /Users/felipe.vasconcelos/repos/courses/python-learnings/.venv/lib/python3.10/site-packages/airflow/example_dags/example_sensor_decorator.py for tasks to queue
[2023-08-05T11:30:14.738+0200] {logging_mixin.py:150} INFO - [2023-08-05T11:30:14.738+0200] {dagbag.py:541} INFO - Filling up the DagBag from /Users/felipe.vasconcelos/repos/courses/python-learnings/.venv/lib/python3.10/site-packages/airflow/example_dags/example_sensor_decorator.py
[2023-08-05T11:30:14.797+0200] {processor.py:836} INFO - DAG(s) dict_keys(['example_sensor_decorator']) retrieved from /Users/felipe.vasconcelos/repos/courses/python-learnings/.venv/lib/python3.10/site-packages/airflow/example_dags/example_sensor_decorator.py
[2023-08-05T11:30:15.510+0200] {logging_mixin.py:150} INFO - [2023-08-05T11:30:15.510+0200] {dag.py:2742} INFO - Sync 1 DAGs
[2023-08-05T11:30:15.527+0200] {logging_mixin.py:150} INFO - [2023-08-05T11:30:15.527+0200] {dag.py:3504} INFO - Setting next_dagrun for example_sensor_decorator to None, run_after=None
[2023-08-05T11:30:15.547+0200] {processor.py:179} INFO - Processing /Users/felipe.vasconcelos/repos/courses/python-learnings/.venv/lib/python3.10/site-packages/airflow/example_dags/example_sensor_decorator.py took 0.818 seconds
[2023-08-05T11:33:30.320+0200] {processor.py:157} INFO - Started process (PID=83872) to work on /Users/felipe.vasconcelos/repos/courses/python-learnings/.venv/lib/python3.10/site-packages/airflow/example_dags/example_sensor_decorator.py
[2023-08-05T11:33:30.327+0200] {processor.py:826} INFO - Processing file /Users/felipe.vasconcelos/repos/courses/python-learnings/.venv/lib/python3.10/site-packages/airflow/example_dags/example_sensor_decorator.py for tasks to queue
[2023-08-05T11:33:30.328+0200] {logging_mixin.py:150} INFO - [2023-08-05T11:33:30.328+0200] {dagbag.py:541} INFO - Filling up the DagBag from /Users/felipe.vasconcelos/repos/courses/python-learnings/.venv/lib/python3.10/site-packages/airflow/example_dags/example_sensor_decorator.py
[2023-08-05T11:33:30.404+0200] {processor.py:836} INFO - DAG(s) dict_keys(['example_sensor_decorator']) retrieved from /Users/felipe.vasconcelos/repos/courses/python-learnings/.venv/lib/python3.10/site-packages/airflow/example_dags/example_sensor_decorator.py
[2023-08-05T11:33:31.278+0200] {logging_mixin.py:150} INFO - [2023-08-05T11:33:31.278+0200] {dag.py:2742} INFO - Sync 1 DAGs
[2023-08-05T11:33:31.299+0200] {logging_mixin.py:150} INFO - [2023-08-05T11:33:31.299+0200] {dag.py:3504} INFO - Setting next_dagrun for example_sensor_decorator to None, run_after=None
[2023-08-05T11:33:31.321+0200] {processor.py:179} INFO - Processing /Users/felipe.vasconcelos/repos/courses/python-learnings/.venv/lib/python3.10/site-packages/airflow/example_dags/example_sensor_decorator.py took 1.002 seconds
[2023-08-05T11:35:51.797+0200] {processor.py:157} INFO - Started process (PID=83944) to work on /Users/felipe.vasconcelos/repos/courses/python-learnings/.venv/lib/python3.10/site-packages/airflow/example_dags/example_sensor_decorator.py
[2023-08-05T11:35:51.803+0200] {processor.py:826} INFO - Processing file /Users/felipe.vasconcelos/repos/courses/python-learnings/.venv/lib/python3.10/site-packages/airflow/example_dags/example_sensor_decorator.py for tasks to queue
[2023-08-05T11:35:51.804+0200] {logging_mixin.py:150} INFO - [2023-08-05T11:35:51.804+0200] {dagbag.py:541} INFO - Filling up the DagBag from /Users/felipe.vasconcelos/repos/courses/python-learnings/.venv/lib/python3.10/site-packages/airflow/example_dags/example_sensor_decorator.py
[2023-08-05T11:35:51.865+0200] {processor.py:836} INFO - DAG(s) dict_keys(['example_sensor_decorator']) retrieved from /Users/felipe.vasconcelos/repos/courses/python-learnings/.venv/lib/python3.10/site-packages/airflow/example_dags/example_sensor_decorator.py
[2023-08-05T11:35:52.577+0200] {logging_mixin.py:150} INFO - [2023-08-05T11:35:52.577+0200] {dag.py:2742} INFO - Sync 1 DAGs
[2023-08-05T11:35:52.594+0200] {logging_mixin.py:150} INFO - [2023-08-05T11:35:52.594+0200] {dag.py:3504} INFO - Setting next_dagrun for example_sensor_decorator to None, run_after=None
[2023-08-05T11:35:52.617+0200] {processor.py:179} INFO - Processing /Users/felipe.vasconcelos/repos/courses/python-learnings/.venv/lib/python3.10/site-packages/airflow/example_dags/example_sensor_decorator.py took 0.821 seconds
[2023-08-05T11:38:00.786+0200] {processor.py:157} INFO - Started process (PID=84010) to work on /Users/felipe.vasconcelos/repos/courses/python-learnings/.venv/lib/python3.10/site-packages/airflow/example_dags/example_sensor_decorator.py
[2023-08-05T11:38:00.793+0200] {processor.py:826} INFO - Processing file /Users/felipe.vasconcelos/repos/courses/python-learnings/.venv/lib/python3.10/site-packages/airflow/example_dags/example_sensor_decorator.py for tasks to queue
[2023-08-05T11:38:00.794+0200] {logging_mixin.py:150} INFO - [2023-08-05T11:38:00.794+0200] {dagbag.py:541} INFO - Filling up the DagBag from /Users/felipe.vasconcelos/repos/courses/python-learnings/.venv/lib/python3.10/site-packages/airflow/example_dags/example_sensor_decorator.py
[2023-08-05T11:38:00.850+0200] {processor.py:836} INFO - DAG(s) dict_keys(['example_sensor_decorator']) retrieved from /Users/felipe.vasconcelos/repos/courses/python-learnings/.venv/lib/python3.10/site-packages/airflow/example_dags/example_sensor_decorator.py
[2023-08-05T11:38:01.547+0200] {logging_mixin.py:150} INFO - [2023-08-05T11:38:01.547+0200] {dag.py:2742} INFO - Sync 1 DAGs
[2023-08-05T11:38:01.565+0200] {logging_mixin.py:150} INFO - [2023-08-05T11:38:01.565+0200] {dag.py:3504} INFO - Setting next_dagrun for example_sensor_decorator to None, run_after=None
[2023-08-05T11:38:01.584+0200] {processor.py:179} INFO - Processing /Users/felipe.vasconcelos/repos/courses/python-learnings/.venv/lib/python3.10/site-packages/airflow/example_dags/example_sensor_decorator.py took 0.799 seconds
[2023-08-05T11:40:21.162+0200] {processor.py:157} INFO - Started process (PID=84079) to work on /Users/felipe.vasconcelos/repos/courses/python-learnings/.venv/lib/python3.10/site-packages/airflow/example_dags/example_sensor_decorator.py
[2023-08-05T11:40:21.179+0200] {processor.py:826} INFO - Processing file /Users/felipe.vasconcelos/repos/courses/python-learnings/.venv/lib/python3.10/site-packages/airflow/example_dags/example_sensor_decorator.py for tasks to queue
[2023-08-05T11:40:21.180+0200] {logging_mixin.py:150} INFO - [2023-08-05T11:40:21.179+0200] {dagbag.py:541} INFO - Filling up the DagBag from /Users/felipe.vasconcelos/repos/courses/python-learnings/.venv/lib/python3.10/site-packages/airflow/example_dags/example_sensor_decorator.py
[2023-08-05T11:40:21.273+0200] {processor.py:836} INFO - DAG(s) dict_keys(['example_sensor_decorator']) retrieved from /Users/felipe.vasconcelos/repos/courses/python-learnings/.venv/lib/python3.10/site-packages/airflow/example_dags/example_sensor_decorator.py
[2023-08-05T11:40:22.473+0200] {logging_mixin.py:150} INFO - [2023-08-05T11:40:22.472+0200] {dag.py:2742} INFO - Sync 1 DAGs
[2023-08-05T11:40:22.499+0200] {logging_mixin.py:150} INFO - [2023-08-05T11:40:22.498+0200] {dag.py:3504} INFO - Setting next_dagrun for example_sensor_decorator to None, run_after=None
[2023-08-05T11:40:22.526+0200] {processor.py:179} INFO - Processing /Users/felipe.vasconcelos/repos/courses/python-learnings/.venv/lib/python3.10/site-packages/airflow/example_dags/example_sensor_decorator.py took 1.365 seconds
[2023-08-05T11:42:26.977+0200] {processor.py:157} INFO - Started process (PID=84147) to work on /Users/felipe.vasconcelos/repos/courses/python-learnings/.venv/lib/python3.10/site-packages/airflow/example_dags/example_sensor_decorator.py
[2023-08-05T11:42:26.983+0200] {processor.py:826} INFO - Processing file /Users/felipe.vasconcelos/repos/courses/python-learnings/.venv/lib/python3.10/site-packages/airflow/example_dags/example_sensor_decorator.py for tasks to queue
[2023-08-05T11:42:26.984+0200] {logging_mixin.py:150} INFO - [2023-08-05T11:42:26.984+0200] {dagbag.py:541} INFO - Filling up the DagBag from /Users/felipe.vasconcelos/repos/courses/python-learnings/.venv/lib/python3.10/site-packages/airflow/example_dags/example_sensor_decorator.py
[2023-08-05T11:42:27.040+0200] {processor.py:836} INFO - DAG(s) dict_keys(['example_sensor_decorator']) retrieved from /Users/felipe.vasconcelos/repos/courses/python-learnings/.venv/lib/python3.10/site-packages/airflow/example_dags/example_sensor_decorator.py
[2023-08-05T11:42:27.738+0200] {logging_mixin.py:150} INFO - [2023-08-05T11:42:27.738+0200] {dag.py:2742} INFO - Sync 1 DAGs
[2023-08-05T11:42:27.757+0200] {logging_mixin.py:150} INFO - [2023-08-05T11:42:27.757+0200] {dag.py:3504} INFO - Setting next_dagrun for example_sensor_decorator to None, run_after=None
[2023-08-05T11:42:27.777+0200] {processor.py:179} INFO - Processing /Users/felipe.vasconcelos/repos/courses/python-learnings/.venv/lib/python3.10/site-packages/airflow/example_dags/example_sensor_decorator.py took 0.801 seconds
[2023-08-05T11:44:33.752+0200] {processor.py:157} INFO - Started process (PID=84208) to work on /Users/felipe.vasconcelos/repos/courses/python-learnings/.venv/lib/python3.10/site-packages/airflow/example_dags/example_sensor_decorator.py
[2023-08-05T11:44:33.759+0200] {processor.py:826} INFO - Processing file /Users/felipe.vasconcelos/repos/courses/python-learnings/.venv/lib/python3.10/site-packages/airflow/example_dags/example_sensor_decorator.py for tasks to queue
[2023-08-05T11:44:33.760+0200] {logging_mixin.py:150} INFO - [2023-08-05T11:44:33.759+0200] {dagbag.py:541} INFO - Filling up the DagBag from /Users/felipe.vasconcelos/repos/courses/python-learnings/.venv/lib/python3.10/site-packages/airflow/example_dags/example_sensor_decorator.py
[2023-08-05T11:44:33.817+0200] {processor.py:836} INFO - DAG(s) dict_keys(['example_sensor_decorator']) retrieved from /Users/felipe.vasconcelos/repos/courses/python-learnings/.venv/lib/python3.10/site-packages/airflow/example_dags/example_sensor_decorator.py
[2023-08-05T11:44:34.517+0200] {logging_mixin.py:150} INFO - [2023-08-05T11:44:34.517+0200] {dag.py:2742} INFO - Sync 1 DAGs
[2023-08-05T11:44:34.535+0200] {logging_mixin.py:150} INFO - [2023-08-05T11:44:34.534+0200] {dag.py:3504} INFO - Setting next_dagrun for example_sensor_decorator to None, run_after=None
[2023-08-05T11:44:34.556+0200] {processor.py:179} INFO - Processing /Users/felipe.vasconcelos/repos/courses/python-learnings/.venv/lib/python3.10/site-packages/airflow/example_dags/example_sensor_decorator.py took 0.805 seconds
[2023-08-05T11:46:45.810+0200] {processor.py:157} INFO - Started process (PID=84267) to work on /Users/felipe.vasconcelos/repos/courses/python-learnings/.venv/lib/python3.10/site-packages/airflow/example_dags/example_sensor_decorator.py
[2023-08-05T11:46:45.818+0200] {processor.py:826} INFO - Processing file /Users/felipe.vasconcelos/repos/courses/python-learnings/.venv/lib/python3.10/site-packages/airflow/example_dags/example_sensor_decorator.py for tasks to queue
[2023-08-05T11:46:45.820+0200] {logging_mixin.py:150} INFO - [2023-08-05T11:46:45.820+0200] {dagbag.py:541} INFO - Filling up the DagBag from /Users/felipe.vasconcelos/repos/courses/python-learnings/.venv/lib/python3.10/site-packages/airflow/example_dags/example_sensor_decorator.py
[2023-08-05T11:46:45.932+0200] {processor.py:836} INFO - DAG(s) dict_keys(['example_sensor_decorator']) retrieved from /Users/felipe.vasconcelos/repos/courses/python-learnings/.venv/lib/python3.10/site-packages/airflow/example_dags/example_sensor_decorator.py
[2023-08-05T11:46:47.394+0200] {logging_mixin.py:150} INFO - [2023-08-05T11:46:47.393+0200] {dag.py:2742} INFO - Sync 1 DAGs
[2023-08-05T11:46:47.421+0200] {logging_mixin.py:150} INFO - [2023-08-05T11:46:47.421+0200] {dag.py:3504} INFO - Setting next_dagrun for example_sensor_decorator to None, run_after=None
[2023-08-05T11:46:47.450+0200] {processor.py:179} INFO - Processing /Users/felipe.vasconcelos/repos/courses/python-learnings/.venv/lib/python3.10/site-packages/airflow/example_dags/example_sensor_decorator.py took 1.642 seconds
[2023-08-05T11:49:44.723+0200] {processor.py:157} INFO - Started process (PID=84389) to work on /Users/felipe.vasconcelos/repos/courses/python-learnings/.venv/lib/python3.10/site-packages/airflow/example_dags/example_sensor_decorator.py
[2023-08-05T11:49:44.730+0200] {processor.py:826} INFO - Processing file /Users/felipe.vasconcelos/repos/courses/python-learnings/.venv/lib/python3.10/site-packages/airflow/example_dags/example_sensor_decorator.py for tasks to queue
[2023-08-05T11:49:44.731+0200] {logging_mixin.py:150} INFO - [2023-08-05T11:49:44.731+0200] {dagbag.py:541} INFO - Filling up the DagBag from /Users/felipe.vasconcelos/repos/courses/python-learnings/.venv/lib/python3.10/site-packages/airflow/example_dags/example_sensor_decorator.py
[2023-08-05T11:49:44.796+0200] {processor.py:836} INFO - DAG(s) dict_keys(['example_sensor_decorator']) retrieved from /Users/felipe.vasconcelos/repos/courses/python-learnings/.venv/lib/python3.10/site-packages/airflow/example_dags/example_sensor_decorator.py
[2023-08-05T11:49:45.670+0200] {logging_mixin.py:150} INFO - [2023-08-05T11:49:45.669+0200] {dag.py:2742} INFO - Sync 1 DAGs
[2023-08-05T11:49:45.691+0200] {logging_mixin.py:150} INFO - [2023-08-05T11:49:45.690+0200] {dag.py:3504} INFO - Setting next_dagrun for example_sensor_decorator to None, run_after=None
[2023-08-05T11:49:45.715+0200] {processor.py:179} INFO - Processing /Users/felipe.vasconcelos/repos/courses/python-learnings/.venv/lib/python3.10/site-packages/airflow/example_dags/example_sensor_decorator.py took 0.993 seconds
[2023-08-05T11:52:01.430+0200] {processor.py:157} INFO - Started process (PID=84450) to work on /Users/felipe.vasconcelos/repos/courses/python-learnings/.venv/lib/python3.10/site-packages/airflow/example_dags/example_sensor_decorator.py
[2023-08-05T11:52:01.436+0200] {processor.py:826} INFO - Processing file /Users/felipe.vasconcelos/repos/courses/python-learnings/.venv/lib/python3.10/site-packages/airflow/example_dags/example_sensor_decorator.py for tasks to queue
[2023-08-05T11:52:01.437+0200] {logging_mixin.py:150} INFO - [2023-08-05T11:52:01.437+0200] {dagbag.py:541} INFO - Filling up the DagBag from /Users/felipe.vasconcelos/repos/courses/python-learnings/.venv/lib/python3.10/site-packages/airflow/example_dags/example_sensor_decorator.py
[2023-08-05T11:52:01.498+0200] {processor.py:836} INFO - DAG(s) dict_keys(['example_sensor_decorator']) retrieved from /Users/felipe.vasconcelos/repos/courses/python-learnings/.venv/lib/python3.10/site-packages/airflow/example_dags/example_sensor_decorator.py
[2023-08-05T11:52:02.297+0200] {logging_mixin.py:150} INFO - [2023-08-05T11:52:02.297+0200] {dag.py:2742} INFO - Sync 1 DAGs
[2023-08-05T11:52:02.321+0200] {logging_mixin.py:150} INFO - [2023-08-05T11:52:02.321+0200] {dag.py:3504} INFO - Setting next_dagrun for example_sensor_decorator to None, run_after=None
[2023-08-05T11:52:02.352+0200] {processor.py:179} INFO - Processing /Users/felipe.vasconcelos/repos/courses/python-learnings/.venv/lib/python3.10/site-packages/airflow/example_dags/example_sensor_decorator.py took 0.923 seconds
[2023-08-05T11:54:07.384+0200] {processor.py:157} INFO - Started process (PID=84505) to work on /Users/felipe.vasconcelos/repos/courses/python-learnings/.venv/lib/python3.10/site-packages/airflow/example_dags/example_sensor_decorator.py
[2023-08-05T11:54:07.389+0200] {processor.py:826} INFO - Processing file /Users/felipe.vasconcelos/repos/courses/python-learnings/.venv/lib/python3.10/site-packages/airflow/example_dags/example_sensor_decorator.py for tasks to queue
[2023-08-05T11:54:07.390+0200] {logging_mixin.py:150} INFO - [2023-08-05T11:54:07.390+0200] {dagbag.py:541} INFO - Filling up the DagBag from /Users/felipe.vasconcelos/repos/courses/python-learnings/.venv/lib/python3.10/site-packages/airflow/example_dags/example_sensor_decorator.py
[2023-08-05T11:54:07.452+0200] {processor.py:836} INFO - DAG(s) dict_keys(['example_sensor_decorator']) retrieved from /Users/felipe.vasconcelos/repos/courses/python-learnings/.venv/lib/python3.10/site-packages/airflow/example_dags/example_sensor_decorator.py
[2023-08-05T11:54:08.165+0200] {logging_mixin.py:150} INFO - [2023-08-05T11:54:08.164+0200] {dag.py:2742} INFO - Sync 1 DAGs
[2023-08-05T11:54:08.183+0200] {logging_mixin.py:150} INFO - [2023-08-05T11:54:08.183+0200] {dag.py:3504} INFO - Setting next_dagrun for example_sensor_decorator to None, run_after=None
[2023-08-05T11:54:08.203+0200] {processor.py:179} INFO - Processing /Users/felipe.vasconcelos/repos/courses/python-learnings/.venv/lib/python3.10/site-packages/airflow/example_dags/example_sensor_decorator.py took 0.821 seconds
[2023-08-05T11:56:12.302+0200] {processor.py:157} INFO - Started process (PID=84570) to work on /Users/felipe.vasconcelos/repos/courses/python-learnings/.venv/lib/python3.10/site-packages/airflow/example_dags/example_sensor_decorator.py
[2023-08-05T11:56:12.307+0200] {processor.py:826} INFO - Processing file /Users/felipe.vasconcelos/repos/courses/python-learnings/.venv/lib/python3.10/site-packages/airflow/example_dags/example_sensor_decorator.py for tasks to queue
[2023-08-05T11:56:12.308+0200] {logging_mixin.py:150} INFO - [2023-08-05T11:56:12.308+0200] {dagbag.py:541} INFO - Filling up the DagBag from /Users/felipe.vasconcelos/repos/courses/python-learnings/.venv/lib/python3.10/site-packages/airflow/example_dags/example_sensor_decorator.py
[2023-08-05T11:56:12.362+0200] {processor.py:836} INFO - DAG(s) dict_keys(['example_sensor_decorator']) retrieved from /Users/felipe.vasconcelos/repos/courses/python-learnings/.venv/lib/python3.10/site-packages/airflow/example_dags/example_sensor_decorator.py
[2023-08-05T11:56:13.049+0200] {logging_mixin.py:150} INFO - [2023-08-05T11:56:13.049+0200] {dag.py:2742} INFO - Sync 1 DAGs
[2023-08-05T11:56:13.066+0200] {logging_mixin.py:150} INFO - [2023-08-05T11:56:13.066+0200] {dag.py:3504} INFO - Setting next_dagrun for example_sensor_decorator to None, run_after=None
[2023-08-05T11:56:13.086+0200] {processor.py:179} INFO - Processing /Users/felipe.vasconcelos/repos/courses/python-learnings/.venv/lib/python3.10/site-packages/airflow/example_dags/example_sensor_decorator.py took 0.785 seconds
[2023-08-05T11:58:20.610+0200] {processor.py:157} INFO - Started process (PID=84636) to work on /Users/felipe.vasconcelos/repos/courses/python-learnings/.venv/lib/python3.10/site-packages/airflow/example_dags/example_sensor_decorator.py
[2023-08-05T11:58:20.619+0200] {processor.py:826} INFO - Processing file /Users/felipe.vasconcelos/repos/courses/python-learnings/.venv/lib/python3.10/site-packages/airflow/example_dags/example_sensor_decorator.py for tasks to queue
[2023-08-05T11:58:20.620+0200] {logging_mixin.py:150} INFO - [2023-08-05T11:58:20.619+0200] {dagbag.py:541} INFO - Filling up the DagBag from /Users/felipe.vasconcelos/repos/courses/python-learnings/.venv/lib/python3.10/site-packages/airflow/example_dags/example_sensor_decorator.py
[2023-08-05T11:58:20.675+0200] {processor.py:836} INFO - DAG(s) dict_keys(['example_sensor_decorator']) retrieved from /Users/felipe.vasconcelos/repos/courses/python-learnings/.venv/lib/python3.10/site-packages/airflow/example_dags/example_sensor_decorator.py
[2023-08-05T11:58:21.438+0200] {logging_mixin.py:150} INFO - [2023-08-05T11:58:21.437+0200] {dag.py:2742} INFO - Sync 1 DAGs
[2023-08-05T11:58:21.457+0200] {logging_mixin.py:150} INFO - [2023-08-05T11:58:21.457+0200] {dag.py:3504} INFO - Setting next_dagrun for example_sensor_decorator to None, run_after=None
[2023-08-05T11:58:21.478+0200] {processor.py:179} INFO - Processing /Users/felipe.vasconcelos/repos/courses/python-learnings/.venv/lib/python3.10/site-packages/airflow/example_dags/example_sensor_decorator.py took 0.869 seconds
[2023-08-05T12:01:52.083+0200] {processor.py:157} INFO - Started process (PID=84782) to work on /Users/felipe.vasconcelos/repos/courses/python-learnings/.venv/lib/python3.10/site-packages/airflow/example_dags/example_sensor_decorator.py
[2023-08-05T12:01:52.090+0200] {processor.py:826} INFO - Processing file /Users/felipe.vasconcelos/repos/courses/python-learnings/.venv/lib/python3.10/site-packages/airflow/example_dags/example_sensor_decorator.py for tasks to queue
[2023-08-05T12:01:52.096+0200] {logging_mixin.py:150} INFO - [2023-08-05T12:01:52.096+0200] {dagbag.py:541} INFO - Filling up the DagBag from /Users/felipe.vasconcelos/repos/courses/python-learnings/.venv/lib/python3.10/site-packages/airflow/example_dags/example_sensor_decorator.py
[2023-08-05T12:01:52.157+0200] {processor.py:836} INFO - DAG(s) dict_keys(['example_sensor_decorator']) retrieved from /Users/felipe.vasconcelos/repos/courses/python-learnings/.venv/lib/python3.10/site-packages/airflow/example_dags/example_sensor_decorator.py
[2023-08-05T12:01:52.910+0200] {logging_mixin.py:150} INFO - [2023-08-05T12:01:52.909+0200] {dag.py:2742} INFO - Sync 1 DAGs
[2023-08-05T12:01:52.929+0200] {logging_mixin.py:150} INFO - [2023-08-05T12:01:52.928+0200] {dag.py:3504} INFO - Setting next_dagrun for example_sensor_decorator to None, run_after=None
[2023-08-05T12:01:52.950+0200] {processor.py:179} INFO - Processing /Users/felipe.vasconcelos/repos/courses/python-learnings/.venv/lib/python3.10/site-packages/airflow/example_dags/example_sensor_decorator.py took 0.868 seconds
