[2023-08-05T10:41:17.318+0200] {processor.py:157} INFO - Started process (PID=82637) to work on /Users/felipe.vasconcelos/repos/courses/python-learnings/.venv/lib/python3.10/site-packages/airflow/example_dags/example_branch_operator.py
[2023-08-05T10:41:17.323+0200] {processor.py:826} INFO - Processing file /Users/felipe.vasconcelos/repos/courses/python-learnings/.venv/lib/python3.10/site-packages/airflow/example_dags/example_branch_operator.py for tasks to queue
[2023-08-05T10:41:17.324+0200] {logging_mixin.py:150} INFO - [2023-08-05T10:41:17.323+0200] {dagbag.py:541} INFO - Filling up the DagBag from /Users/felipe.vasconcelos/repos/courses/python-learnings/.venv/lib/python3.10/site-packages/airflow/example_dags/example_branch_operator.py
[2023-08-05T10:41:17.372+0200] {processor.py:836} INFO - DAG(s) dict_keys(['example_branch_operator']) retrieved from /Users/felipe.vasconcelos/repos/courses/python-learnings/.venv/lib/python3.10/site-packages/airflow/example_dags/example_branch_operator.py
[2023-08-05T10:41:18.231+0200] {logging_mixin.py:150} INFO - [2023-08-05T10:41:18.231+0200] {manager.py:504} INFO - Created Permission View: can read on DAG:example_branch_operator
[2023-08-05T10:41:18.241+0200] {logging_mixin.py:150} INFO - [2023-08-05T10:41:18.241+0200] {manager.py:504} INFO - Created Permission View: can edit on DAG:example_branch_operator
[2023-08-05T10:41:18.248+0200] {logging_mixin.py:150} INFO - [2023-08-05T10:41:18.248+0200] {manager.py:504} INFO - Created Permission View: can delete on DAG:example_branch_operator
[2023-08-05T10:41:18.262+0200] {logging_mixin.py:150} INFO - [2023-08-05T10:41:18.262+0200] {dag.py:2742} INFO - Sync 1 DAGs
[2023-08-05T10:41:18.272+0200] {logging_mixin.py:150} INFO - [2023-08-05T10:41:18.272+0200] {dag.py:2763} INFO - Creating ORM DAG for example_branch_operator
[2023-08-05T10:41:18.282+0200] {logging_mixin.py:150} INFO - [2023-08-05T10:41:18.281+0200] {dag.py:3504} INFO - Setting next_dagrun for example_branch_operator to 2023-08-04T00:00:00+00:00, run_after=2023-08-05T00:00:00+00:00
[2023-08-05T10:41:18.302+0200] {processor.py:179} INFO - Processing /Users/felipe.vasconcelos/repos/courses/python-learnings/.venv/lib/python3.10/site-packages/airflow/example_dags/example_branch_operator.py took 0.985 seconds
[2023-08-05T10:47:36.496+0200] {processor.py:157} INFO - Started process (PID=82847) to work on /Users/felipe.vasconcelos/repos/courses/python-learnings/.venv/lib/python3.10/site-packages/airflow/example_dags/example_branch_operator.py
[2023-08-05T10:47:36.501+0200] {processor.py:826} INFO - Processing file /Users/felipe.vasconcelos/repos/courses/python-learnings/.venv/lib/python3.10/site-packages/airflow/example_dags/example_branch_operator.py for tasks to queue
[2023-08-05T10:47:36.501+0200] {logging_mixin.py:150} INFO - [2023-08-05T10:47:36.501+0200] {dagbag.py:541} INFO - Filling up the DagBag from /Users/felipe.vasconcelos/repos/courses/python-learnings/.venv/lib/python3.10/site-packages/airflow/example_dags/example_branch_operator.py
[2023-08-05T10:47:36.539+0200] {processor.py:836} INFO - DAG(s) dict_keys(['example_branch_operator']) retrieved from /Users/felipe.vasconcelos/repos/courses/python-learnings/.venv/lib/python3.10/site-packages/airflow/example_dags/example_branch_operator.py
[2023-08-05T10:47:37.472+0200] {logging_mixin.py:150} INFO - [2023-08-05T10:47:37.471+0200] {dag.py:2742} INFO - Sync 1 DAGs
[2023-08-05T10:47:37.493+0200] {logging_mixin.py:150} INFO - [2023-08-05T10:47:37.493+0200] {dag.py:3504} INFO - Setting next_dagrun for example_branch_operator to 2023-08-04T00:00:00+00:00, run_after=2023-08-05T00:00:00+00:00
[2023-08-05T10:47:37.514+0200] {processor.py:179} INFO - Processing /Users/felipe.vasconcelos/repos/courses/python-learnings/.venv/lib/python3.10/site-packages/airflow/example_dags/example_branch_operator.py took 1.019 seconds
[2023-08-05T10:52:04.937+0200] {processor.py:157} INFO - Started process (PID=82973) to work on /Users/felipe.vasconcelos/repos/courses/python-learnings/.venv/lib/python3.10/site-packages/airflow/example_dags/example_branch_operator.py
[2023-08-05T10:52:04.946+0200] {processor.py:826} INFO - Processing file /Users/felipe.vasconcelos/repos/courses/python-learnings/.venv/lib/python3.10/site-packages/airflow/example_dags/example_branch_operator.py for tasks to queue
[2023-08-05T10:52:04.947+0200] {logging_mixin.py:150} INFO - [2023-08-05T10:52:04.947+0200] {dagbag.py:541} INFO - Filling up the DagBag from /Users/felipe.vasconcelos/repos/courses/python-learnings/.venv/lib/python3.10/site-packages/airflow/example_dags/example_branch_operator.py
[2023-08-05T10:52:04.996+0200] {processor.py:836} INFO - DAG(s) dict_keys(['example_branch_operator']) retrieved from /Users/felipe.vasconcelos/repos/courses/python-learnings/.venv/lib/python3.10/site-packages/airflow/example_dags/example_branch_operator.py
[2023-08-05T10:52:06.024+0200] {logging_mixin.py:150} INFO - [2023-08-05T10:52:06.023+0200] {dag.py:2742} INFO - Sync 1 DAGs
[2023-08-05T10:52:06.054+0200] {logging_mixin.py:150} INFO - [2023-08-05T10:52:06.054+0200] {dag.py:3504} INFO - Setting next_dagrun for example_branch_operator to 2023-08-04T00:00:00+00:00, run_after=2023-08-05T00:00:00+00:00
[2023-08-05T10:52:06.083+0200] {processor.py:179} INFO - Processing /Users/felipe.vasconcelos/repos/courses/python-learnings/.venv/lib/python3.10/site-packages/airflow/example_dags/example_branch_operator.py took 1.147 seconds
[2023-08-05T10:56:31.159+0200] {processor.py:157} INFO - Started process (PID=83090) to work on /Users/felipe.vasconcelos/repos/courses/python-learnings/.venv/lib/python3.10/site-packages/airflow/example_dags/example_branch_operator.py
[2023-08-05T10:56:31.165+0200] {processor.py:826} INFO - Processing file /Users/felipe.vasconcelos/repos/courses/python-learnings/.venv/lib/python3.10/site-packages/airflow/example_dags/example_branch_operator.py for tasks to queue
[2023-08-05T10:56:31.166+0200] {logging_mixin.py:150} INFO - [2023-08-05T10:56:31.166+0200] {dagbag.py:541} INFO - Filling up the DagBag from /Users/felipe.vasconcelos/repos/courses/python-learnings/.venv/lib/python3.10/site-packages/airflow/example_dags/example_branch_operator.py
[2023-08-05T10:56:31.207+0200] {processor.py:836} INFO - DAG(s) dict_keys(['example_branch_operator']) retrieved from /Users/felipe.vasconcelos/repos/courses/python-learnings/.venv/lib/python3.10/site-packages/airflow/example_dags/example_branch_operator.py
[2023-08-05T10:56:31.905+0200] {logging_mixin.py:150} INFO - [2023-08-05T10:56:31.904+0200] {dag.py:2742} INFO - Sync 1 DAGs
[2023-08-05T10:56:31.924+0200] {logging_mixin.py:150} INFO - [2023-08-05T10:56:31.923+0200] {dag.py:3504} INFO - Setting next_dagrun for example_branch_operator to 2023-08-04T00:00:00+00:00, run_after=2023-08-05T00:00:00+00:00
[2023-08-05T10:56:31.943+0200] {processor.py:179} INFO - Processing /Users/felipe.vasconcelos/repos/courses/python-learnings/.venv/lib/python3.10/site-packages/airflow/example_dags/example_branch_operator.py took 0.786 seconds
[2023-08-05T11:13:03.680+0200] {processor.py:157} INFO - Started process (PID=83286) to work on /Users/felipe.vasconcelos/repos/courses/python-learnings/.venv/lib/python3.10/site-packages/airflow/example_dags/example_branch_operator.py
[2023-08-05T11:13:03.686+0200] {processor.py:826} INFO - Processing file /Users/felipe.vasconcelos/repos/courses/python-learnings/.venv/lib/python3.10/site-packages/airflow/example_dags/example_branch_operator.py for tasks to queue
[2023-08-05T11:13:03.687+0200] {logging_mixin.py:150} INFO - [2023-08-05T11:13:03.687+0200] {dagbag.py:541} INFO - Filling up the DagBag from /Users/felipe.vasconcelos/repos/courses/python-learnings/.venv/lib/python3.10/site-packages/airflow/example_dags/example_branch_operator.py
[2023-08-05T11:13:03.736+0200] {processor.py:836} INFO - DAG(s) dict_keys(['example_branch_operator']) retrieved from /Users/felipe.vasconcelos/repos/courses/python-learnings/.venv/lib/python3.10/site-packages/airflow/example_dags/example_branch_operator.py
[2023-08-05T11:13:04.452+0200] {logging_mixin.py:150} INFO - [2023-08-05T11:13:04.452+0200] {dag.py:2742} INFO - Sync 1 DAGs
[2023-08-05T11:13:04.475+0200] {logging_mixin.py:150} INFO - [2023-08-05T11:13:04.475+0200] {dag.py:3504} INFO - Setting next_dagrun for example_branch_operator to 2023-08-04T00:00:00+00:00, run_after=2023-08-05T00:00:00+00:00
[2023-08-05T11:13:04.495+0200] {processor.py:179} INFO - Processing /Users/felipe.vasconcelos/repos/courses/python-learnings/.venv/lib/python3.10/site-packages/airflow/example_dags/example_branch_operator.py took 0.816 seconds
[2023-08-05T11:17:22.208+0200] {processor.py:157} INFO - Started process (PID=83408) to work on /Users/felipe.vasconcelos/repos/courses/python-learnings/.venv/lib/python3.10/site-packages/airflow/example_dags/example_branch_operator.py
[2023-08-05T11:17:22.214+0200] {processor.py:826} INFO - Processing file /Users/felipe.vasconcelos/repos/courses/python-learnings/.venv/lib/python3.10/site-packages/airflow/example_dags/example_branch_operator.py for tasks to queue
[2023-08-05T11:17:22.216+0200] {logging_mixin.py:150} INFO - [2023-08-05T11:17:22.215+0200] {dagbag.py:541} INFO - Filling up the DagBag from /Users/felipe.vasconcelos/repos/courses/python-learnings/.venv/lib/python3.10/site-packages/airflow/example_dags/example_branch_operator.py
[2023-08-05T11:17:22.264+0200] {processor.py:836} INFO - DAG(s) dict_keys(['example_branch_operator']) retrieved from /Users/felipe.vasconcelos/repos/courses/python-learnings/.venv/lib/python3.10/site-packages/airflow/example_dags/example_branch_operator.py
[2023-08-05T11:17:23.032+0200] {logging_mixin.py:150} INFO - [2023-08-05T11:17:23.032+0200] {dag.py:2742} INFO - Sync 1 DAGs
[2023-08-05T11:17:23.051+0200] {logging_mixin.py:150} INFO - [2023-08-05T11:17:23.051+0200] {dag.py:3504} INFO - Setting next_dagrun for example_branch_operator to 2023-08-04T00:00:00+00:00, run_after=2023-08-05T00:00:00+00:00
[2023-08-05T11:17:23.075+0200] {processor.py:179} INFO - Processing /Users/felipe.vasconcelos/repos/courses/python-learnings/.venv/lib/python3.10/site-packages/airflow/example_dags/example_branch_operator.py took 0.867 seconds
[2023-08-05T11:21:57.633+0200] {processor.py:157} INFO - Started process (PID=83545) to work on /Users/felipe.vasconcelos/repos/courses/python-learnings/.venv/lib/python3.10/site-packages/airflow/example_dags/example_branch_operator.py
[2023-08-05T11:21:57.639+0200] {processor.py:826} INFO - Processing file /Users/felipe.vasconcelos/repos/courses/python-learnings/.venv/lib/python3.10/site-packages/airflow/example_dags/example_branch_operator.py for tasks to queue
[2023-08-05T11:21:57.640+0200] {logging_mixin.py:150} INFO - [2023-08-05T11:21:57.640+0200] {dagbag.py:541} INFO - Filling up the DagBag from /Users/felipe.vasconcelos/repos/courses/python-learnings/.venv/lib/python3.10/site-packages/airflow/example_dags/example_branch_operator.py
[2023-08-05T11:21:57.684+0200] {processor.py:836} INFO - DAG(s) dict_keys(['example_branch_operator']) retrieved from /Users/felipe.vasconcelos/repos/courses/python-learnings/.venv/lib/python3.10/site-packages/airflow/example_dags/example_branch_operator.py
[2023-08-05T11:21:58.411+0200] {logging_mixin.py:150} INFO - [2023-08-05T11:21:58.410+0200] {dag.py:2742} INFO - Sync 1 DAGs
[2023-08-05T11:21:58.431+0200] {logging_mixin.py:150} INFO - [2023-08-05T11:21:58.431+0200] {dag.py:3504} INFO - Setting next_dagrun for example_branch_operator to 2023-08-04T00:00:00+00:00, run_after=2023-08-05T00:00:00+00:00
[2023-08-05T11:21:58.460+0200] {processor.py:179} INFO - Processing /Users/felipe.vasconcelos/repos/courses/python-learnings/.venv/lib/python3.10/site-packages/airflow/example_dags/example_branch_operator.py took 0.828 seconds
[2023-08-05T11:26:24.016+0200] {processor.py:157} INFO - Started process (PID=83656) to work on /Users/felipe.vasconcelos/repos/courses/python-learnings/.venv/lib/python3.10/site-packages/airflow/example_dags/example_branch_operator.py
[2023-08-05T11:26:24.021+0200] {processor.py:826} INFO - Processing file /Users/felipe.vasconcelos/repos/courses/python-learnings/.venv/lib/python3.10/site-packages/airflow/example_dags/example_branch_operator.py for tasks to queue
[2023-08-05T11:26:24.022+0200] {logging_mixin.py:150} INFO - [2023-08-05T11:26:24.022+0200] {dagbag.py:541} INFO - Filling up the DagBag from /Users/felipe.vasconcelos/repos/courses/python-learnings/.venv/lib/python3.10/site-packages/airflow/example_dags/example_branch_operator.py
[2023-08-05T11:26:24.065+0200] {processor.py:836} INFO - DAG(s) dict_keys(['example_branch_operator']) retrieved from /Users/felipe.vasconcelos/repos/courses/python-learnings/.venv/lib/python3.10/site-packages/airflow/example_dags/example_branch_operator.py
[2023-08-05T11:26:24.792+0200] {logging_mixin.py:150} INFO - [2023-08-05T11:26:24.791+0200] {dag.py:2742} INFO - Sync 1 DAGs
[2023-08-05T11:26:24.812+0200] {logging_mixin.py:150} INFO - [2023-08-05T11:26:24.811+0200] {dag.py:3504} INFO - Setting next_dagrun for example_branch_operator to 2023-08-04T00:00:00+00:00, run_after=2023-08-05T00:00:00+00:00
[2023-08-05T11:26:24.832+0200] {processor.py:179} INFO - Processing /Users/felipe.vasconcelos/repos/courses/python-learnings/.venv/lib/python3.10/site-packages/airflow/example_dags/example_branch_operator.py took 0.818 seconds
[2023-08-05T11:31:10.034+0200] {processor.py:157} INFO - Started process (PID=83776) to work on /Users/felipe.vasconcelos/repos/courses/python-learnings/.venv/lib/python3.10/site-packages/airflow/example_dags/example_branch_operator.py
[2023-08-05T11:31:10.055+0200] {processor.py:826} INFO - Processing file /Users/felipe.vasconcelos/repos/courses/python-learnings/.venv/lib/python3.10/site-packages/airflow/example_dags/example_branch_operator.py for tasks to queue
[2023-08-05T11:31:10.057+0200] {logging_mixin.py:150} INFO - [2023-08-05T11:31:10.056+0200] {dagbag.py:541} INFO - Filling up the DagBag from /Users/felipe.vasconcelos/repos/courses/python-learnings/.venv/lib/python3.10/site-packages/airflow/example_dags/example_branch_operator.py
[2023-08-05T11:31:10.176+0200] {processor.py:836} INFO - DAG(s) dict_keys(['example_branch_operator']) retrieved from /Users/felipe.vasconcelos/repos/courses/python-learnings/.venv/lib/python3.10/site-packages/airflow/example_dags/example_branch_operator.py
[2023-08-05T11:31:13.255+0200] {logging_mixin.py:150} INFO - [2023-08-05T11:31:13.255+0200] {dag.py:2742} INFO - Sync 1 DAGs
[2023-08-05T11:31:13.310+0200] {logging_mixin.py:150} INFO - [2023-08-05T11:31:13.309+0200] {dag.py:3504} INFO - Setting next_dagrun for example_branch_operator to 2023-08-04T00:00:00+00:00, run_after=2023-08-05T00:00:00+00:00
[2023-08-05T11:31:13.363+0200] {processor.py:179} INFO - Processing /Users/felipe.vasconcelos/repos/courses/python-learnings/.venv/lib/python3.10/site-packages/airflow/example_dags/example_branch_operator.py took 3.332 seconds
[2023-08-05T11:36:28.686+0200] {processor.py:157} INFO - Started process (PID=83970) to work on /Users/felipe.vasconcelos/repos/courses/python-learnings/.venv/lib/python3.10/site-packages/airflow/example_dags/example_branch_operator.py
[2023-08-05T11:36:28.693+0200] {processor.py:826} INFO - Processing file /Users/felipe.vasconcelos/repos/courses/python-learnings/.venv/lib/python3.10/site-packages/airflow/example_dags/example_branch_operator.py for tasks to queue
[2023-08-05T11:36:28.693+0200] {logging_mixin.py:150} INFO - [2023-08-05T11:36:28.693+0200] {dagbag.py:541} INFO - Filling up the DagBag from /Users/felipe.vasconcelos/repos/courses/python-learnings/.venv/lib/python3.10/site-packages/airflow/example_dags/example_branch_operator.py
[2023-08-05T11:36:28.738+0200] {processor.py:836} INFO - DAG(s) dict_keys(['example_branch_operator']) retrieved from /Users/felipe.vasconcelos/repos/courses/python-learnings/.venv/lib/python3.10/site-packages/airflow/example_dags/example_branch_operator.py
[2023-08-05T11:36:29.479+0200] {logging_mixin.py:150} INFO - [2023-08-05T11:36:29.479+0200] {dag.py:2742} INFO - Sync 1 DAGs
[2023-08-05T11:36:29.501+0200] {logging_mixin.py:150} INFO - [2023-08-05T11:36:29.501+0200] {dag.py:3504} INFO - Setting next_dagrun for example_branch_operator to 2023-08-04T00:00:00+00:00, run_after=2023-08-05T00:00:00+00:00
[2023-08-05T11:36:29.678+0200] {processor.py:179} INFO - Processing /Users/felipe.vasconcelos/repos/courses/python-learnings/.venv/lib/python3.10/site-packages/airflow/example_dags/example_branch_operator.py took 0.993 seconds
[2023-08-05T11:40:49.660+0200] {processor.py:157} INFO - Started process (PID=84095) to work on /Users/felipe.vasconcelos/repos/courses/python-learnings/.venv/lib/python3.10/site-packages/airflow/example_dags/example_branch_operator.py
[2023-08-05T11:40:49.666+0200] {processor.py:826} INFO - Processing file /Users/felipe.vasconcelos/repos/courses/python-learnings/.venv/lib/python3.10/site-packages/airflow/example_dags/example_branch_operator.py for tasks to queue
[2023-08-05T11:40:49.667+0200] {logging_mixin.py:150} INFO - [2023-08-05T11:40:49.667+0200] {dagbag.py:541} INFO - Filling up the DagBag from /Users/felipe.vasconcelos/repos/courses/python-learnings/.venv/lib/python3.10/site-packages/airflow/example_dags/example_branch_operator.py
[2023-08-05T11:40:49.711+0200] {processor.py:836} INFO - DAG(s) dict_keys(['example_branch_operator']) retrieved from /Users/felipe.vasconcelos/repos/courses/python-learnings/.venv/lib/python3.10/site-packages/airflow/example_dags/example_branch_operator.py
[2023-08-05T11:40:50.485+0200] {logging_mixin.py:150} INFO - [2023-08-05T11:40:50.484+0200] {dag.py:2742} INFO - Sync 1 DAGs
[2023-08-05T11:40:50.504+0200] {logging_mixin.py:150} INFO - [2023-08-05T11:40:50.504+0200] {dag.py:3504} INFO - Setting next_dagrun for example_branch_operator to 2023-08-04T00:00:00+00:00, run_after=2023-08-05T00:00:00+00:00
[2023-08-05T11:40:50.526+0200] {processor.py:179} INFO - Processing /Users/felipe.vasconcelos/repos/courses/python-learnings/.venv/lib/python3.10/site-packages/airflow/example_dags/example_branch_operator.py took 0.867 seconds
[2023-08-05T11:45:02.396+0200] {processor.py:157} INFO - Started process (PID=84219) to work on /Users/felipe.vasconcelos/repos/courses/python-learnings/.venv/lib/python3.10/site-packages/airflow/example_dags/example_branch_operator.py
[2023-08-05T11:45:02.402+0200] {processor.py:826} INFO - Processing file /Users/felipe.vasconcelos/repos/courses/python-learnings/.venv/lib/python3.10/site-packages/airflow/example_dags/example_branch_operator.py for tasks to queue
[2023-08-05T11:45:02.403+0200] {logging_mixin.py:150} INFO - [2023-08-05T11:45:02.403+0200] {dagbag.py:541} INFO - Filling up the DagBag from /Users/felipe.vasconcelos/repos/courses/python-learnings/.venv/lib/python3.10/site-packages/airflow/example_dags/example_branch_operator.py
[2023-08-05T11:45:02.448+0200] {processor.py:836} INFO - DAG(s) dict_keys(['example_branch_operator']) retrieved from /Users/felipe.vasconcelos/repos/courses/python-learnings/.venv/lib/python3.10/site-packages/airflow/example_dags/example_branch_operator.py
[2023-08-05T11:45:03.207+0200] {logging_mixin.py:150} INFO - [2023-08-05T11:45:03.207+0200] {dag.py:2742} INFO - Sync 1 DAGs
[2023-08-05T11:45:03.227+0200] {logging_mixin.py:150} INFO - [2023-08-05T11:45:03.227+0200] {dag.py:3504} INFO - Setting next_dagrun for example_branch_operator to 2023-08-04T00:00:00+00:00, run_after=2023-08-05T00:00:00+00:00
[2023-08-05T11:45:03.246+0200] {processor.py:179} INFO - Processing /Users/felipe.vasconcelos/repos/courses/python-learnings/.venv/lib/python3.10/site-packages/airflow/example_dags/example_branch_operator.py took 0.851 seconds
[2023-08-05T11:50:23.893+0200] {processor.py:157} INFO - Started process (PID=84406) to work on /Users/felipe.vasconcelos/repos/courses/python-learnings/.venv/lib/python3.10/site-packages/airflow/example_dags/example_branch_operator.py
[2023-08-05T11:50:23.899+0200] {processor.py:826} INFO - Processing file /Users/felipe.vasconcelos/repos/courses/python-learnings/.venv/lib/python3.10/site-packages/airflow/example_dags/example_branch_operator.py for tasks to queue
[2023-08-05T11:50:23.899+0200] {logging_mixin.py:150} INFO - [2023-08-05T11:50:23.899+0200] {dagbag.py:541} INFO - Filling up the DagBag from /Users/felipe.vasconcelos/repos/courses/python-learnings/.venv/lib/python3.10/site-packages/airflow/example_dags/example_branch_operator.py
[2023-08-05T11:50:23.938+0200] {processor.py:836} INFO - DAG(s) dict_keys(['example_branch_operator']) retrieved from /Users/felipe.vasconcelos/repos/courses/python-learnings/.venv/lib/python3.10/site-packages/airflow/example_dags/example_branch_operator.py
[2023-08-05T11:50:24.654+0200] {logging_mixin.py:150} INFO - [2023-08-05T11:50:24.654+0200] {dag.py:2742} INFO - Sync 1 DAGs
[2023-08-05T11:50:24.673+0200] {logging_mixin.py:150} INFO - [2023-08-05T11:50:24.673+0200] {dag.py:3504} INFO - Setting next_dagrun for example_branch_operator to 2023-08-04T00:00:00+00:00, run_after=2023-08-05T00:00:00+00:00
[2023-08-05T11:50:24.694+0200] {processor.py:179} INFO - Processing /Users/felipe.vasconcelos/repos/courses/python-learnings/.venv/lib/python3.10/site-packages/airflow/example_dags/example_branch_operator.py took 0.802 seconds
[2023-08-05T11:54:40.321+0200] {processor.py:157} INFO - Started process (PID=84530) to work on /Users/felipe.vasconcelos/repos/courses/python-learnings/.venv/lib/python3.10/site-packages/airflow/example_dags/example_branch_operator.py
[2023-08-05T11:54:40.330+0200] {processor.py:826} INFO - Processing file /Users/felipe.vasconcelos/repos/courses/python-learnings/.venv/lib/python3.10/site-packages/airflow/example_dags/example_branch_operator.py for tasks to queue
[2023-08-05T11:54:40.331+0200] {logging_mixin.py:150} INFO - [2023-08-05T11:54:40.331+0200] {dagbag.py:541} INFO - Filling up the DagBag from /Users/felipe.vasconcelos/repos/courses/python-learnings/.venv/lib/python3.10/site-packages/airflow/example_dags/example_branch_operator.py
[2023-08-05T11:54:40.378+0200] {processor.py:836} INFO - DAG(s) dict_keys(['example_branch_operator']) retrieved from /Users/felipe.vasconcelos/repos/courses/python-learnings/.venv/lib/python3.10/site-packages/airflow/example_dags/example_branch_operator.py
[2023-08-05T11:54:41.089+0200] {logging_mixin.py:150} INFO - [2023-08-05T11:54:41.089+0200] {dag.py:2742} INFO - Sync 1 DAGs
[2023-08-05T11:54:41.120+0200] {logging_mixin.py:150} INFO - [2023-08-05T11:54:41.120+0200] {dag.py:3504} INFO - Setting next_dagrun for example_branch_operator to 2023-08-04T00:00:00+00:00, run_after=2023-08-05T00:00:00+00:00
[2023-08-05T11:54:41.144+0200] {processor.py:179} INFO - Processing /Users/felipe.vasconcelos/repos/courses/python-learnings/.venv/lib/python3.10/site-packages/airflow/example_dags/example_branch_operator.py took 0.825 seconds
[2023-08-05T11:59:01.398+0200] {processor.py:157} INFO - Started process (PID=84649) to work on /Users/felipe.vasconcelos/repos/courses/python-learnings/.venv/lib/python3.10/site-packages/airflow/example_dags/example_branch_operator.py
[2023-08-05T11:59:01.405+0200] {processor.py:826} INFO - Processing file /Users/felipe.vasconcelos/repos/courses/python-learnings/.venv/lib/python3.10/site-packages/airflow/example_dags/example_branch_operator.py for tasks to queue
[2023-08-05T11:59:01.406+0200] {logging_mixin.py:150} INFO - [2023-08-05T11:59:01.406+0200] {dagbag.py:541} INFO - Filling up the DagBag from /Users/felipe.vasconcelos/repos/courses/python-learnings/.venv/lib/python3.10/site-packages/airflow/example_dags/example_branch_operator.py
[2023-08-05T11:59:01.469+0200] {processor.py:836} INFO - DAG(s) dict_keys(['example_branch_operator']) retrieved from /Users/felipe.vasconcelos/repos/courses/python-learnings/.venv/lib/python3.10/site-packages/airflow/example_dags/example_branch_operator.py
[2023-08-05T11:59:04.038+0200] {logging_mixin.py:150} INFO - [2023-08-05T11:59:04.037+0200] {dag.py:2742} INFO - Sync 1 DAGs
[2023-08-05T11:59:04.224+0200] {logging_mixin.py:150} INFO - [2023-08-05T11:59:04.220+0200] {dag.py:3504} INFO - Setting next_dagrun for example_branch_operator to 2023-08-04T00:00:00+00:00, run_after=2023-08-05T00:00:00+00:00
[2023-08-05T11:59:04.317+0200] {processor.py:179} INFO - Processing /Users/felipe.vasconcelos/repos/courses/python-learnings/.venv/lib/python3.10/site-packages/airflow/example_dags/example_branch_operator.py took 2.920 seconds
