[2023-08-05T10:39:26.049+0200] {processor.py:157} INFO - Started process (PID=82590) to work on /Users/felipe.vasconcelos/repos/courses/python-learnings/.venv/lib/python3.10/site-packages/airflow/example_dags/example_task_group.py
[2023-08-05T10:39:26.055+0200] {processor.py:826} INFO - Processing file /Users/felipe.vasconcelos/repos/courses/python-learnings/.venv/lib/python3.10/site-packages/airflow/example_dags/example_task_group.py for tasks to queue
[2023-08-05T10:39:26.056+0200] {logging_mixin.py:150} INFO - [2023-08-05T10:39:26.056+0200] {dagbag.py:541} INFO - Filling up the DagBag from /Users/felipe.vasconcelos/repos/courses/python-learnings/.venv/lib/python3.10/site-packages/airflow/example_dags/example_task_group.py
[2023-08-05T10:39:26.105+0200] {processor.py:836} INFO - DAG(s) dict_keys(['example_task_group']) retrieved from /Users/felipe.vasconcelos/repos/courses/python-learnings/.venv/lib/python3.10/site-packages/airflow/example_dags/example_task_group.py
[2023-08-05T10:39:28.038+0200] {logging_mixin.py:150} INFO - [2023-08-05T10:39:28.037+0200] {manager.py:504} INFO - Created Permission View: can read on DAG:example_task_group
[2023-08-05T10:39:28.049+0200] {logging_mixin.py:150} INFO - [2023-08-05T10:39:28.049+0200] {manager.py:504} INFO - Created Permission View: can delete on DAG:example_task_group
[2023-08-05T10:39:28.057+0200] {logging_mixin.py:150} INFO - [2023-08-05T10:39:28.057+0200] {manager.py:504} INFO - Created Permission View: can edit on DAG:example_task_group
[2023-08-05T10:39:28.073+0200] {logging_mixin.py:150} INFO - [2023-08-05T10:39:28.073+0200] {dag.py:2742} INFO - Sync 1 DAGs
[2023-08-05T10:39:28.088+0200] {logging_mixin.py:150} INFO - [2023-08-05T10:39:28.088+0200] {dag.py:2763} INFO - Creating ORM DAG for example_task_group
[2023-08-05T10:39:28.099+0200] {logging_mixin.py:150} INFO - [2023-08-05T10:39:28.099+0200] {dag.py:3504} INFO - Setting next_dagrun for example_task_group to 2023-08-04T08:39:28.099554+00:00, run_after=2023-08-05T08:39:28.099554+00:00
[2023-08-05T10:39:28.130+0200] {processor.py:179} INFO - Processing /Users/felipe.vasconcelos/repos/courses/python-learnings/.venv/lib/python3.10/site-packages/airflow/example_dags/example_task_group.py took 2.083 seconds
[2023-08-05T10:42:25.900+0200] {processor.py:157} INFO - Started process (PID=82668) to work on /Users/felipe.vasconcelos/repos/courses/python-learnings/.venv/lib/python3.10/site-packages/airflow/example_dags/example_task_group.py
[2023-08-05T10:42:25.906+0200] {processor.py:826} INFO - Processing file /Users/felipe.vasconcelos/repos/courses/python-learnings/.venv/lib/python3.10/site-packages/airflow/example_dags/example_task_group.py for tasks to queue
[2023-08-05T10:42:25.907+0200] {logging_mixin.py:150} INFO - [2023-08-05T10:42:25.907+0200] {dagbag.py:541} INFO - Filling up the DagBag from /Users/felipe.vasconcelos/repos/courses/python-learnings/.venv/lib/python3.10/site-packages/airflow/example_dags/example_task_group.py
[2023-08-05T10:42:25.938+0200] {processor.py:836} INFO - DAG(s) dict_keys(['example_task_group']) retrieved from /Users/felipe.vasconcelos/repos/courses/python-learnings/.venv/lib/python3.10/site-packages/airflow/example_dags/example_task_group.py
[2023-08-05T10:42:26.738+0200] {logging_mixin.py:150} INFO - [2023-08-05T10:42:26.738+0200] {dag.py:2742} INFO - Sync 1 DAGs
[2023-08-05T10:42:26.758+0200] {logging_mixin.py:150} INFO - [2023-08-05T10:42:26.757+0200] {dag.py:3504} INFO - Setting next_dagrun for example_task_group to 2023-08-04T08:42:26.757698+00:00, run_after=2023-08-05T08:42:26.757698+00:00
[2023-08-05T10:42:26.778+0200] {processor.py:179} INFO - Processing /Users/felipe.vasconcelos/repos/courses/python-learnings/.venv/lib/python3.10/site-packages/airflow/example_dags/example_task_group.py took 0.881 seconds
[2023-08-05T10:46:14.537+0200] {processor.py:157} INFO - Started process (PID=82797) to work on /Users/felipe.vasconcelos/repos/courses/python-learnings/.venv/lib/python3.10/site-packages/airflow/example_dags/example_task_group.py
[2023-08-05T10:46:14.545+0200] {processor.py:826} INFO - Processing file /Users/felipe.vasconcelos/repos/courses/python-learnings/.venv/lib/python3.10/site-packages/airflow/example_dags/example_task_group.py for tasks to queue
[2023-08-05T10:46:14.546+0200] {logging_mixin.py:150} INFO - [2023-08-05T10:46:14.545+0200] {dagbag.py:541} INFO - Filling up the DagBag from /Users/felipe.vasconcelos/repos/courses/python-learnings/.venv/lib/python3.10/site-packages/airflow/example_dags/example_task_group.py
[2023-08-05T10:46:14.581+0200] {processor.py:836} INFO - DAG(s) dict_keys(['example_task_group']) retrieved from /Users/felipe.vasconcelos/repos/courses/python-learnings/.venv/lib/python3.10/site-packages/airflow/example_dags/example_task_group.py
[2023-08-05T10:46:15.652+0200] {logging_mixin.py:150} INFO - [2023-08-05T10:46:15.651+0200] {dag.py:2742} INFO - Sync 1 DAGs
[2023-08-05T10:46:15.676+0200] {logging_mixin.py:150} INFO - [2023-08-05T10:46:15.676+0200] {dag.py:3504} INFO - Setting next_dagrun for example_task_group to 2023-08-04T08:46:15.675890+00:00, run_after=2023-08-05T08:46:15.675890+00:00
[2023-08-05T10:46:15.707+0200] {processor.py:179} INFO - Processing /Users/felipe.vasconcelos/repos/courses/python-learnings/.venv/lib/python3.10/site-packages/airflow/example_dags/example_task_group.py took 1.170 seconds
[2023-08-05T10:48:37.069+0200] {processor.py:157} INFO - Started process (PID=82873) to work on /Users/felipe.vasconcelos/repos/courses/python-learnings/.venv/lib/python3.10/site-packages/airflow/example_dags/example_task_group.py
[2023-08-05T10:48:37.075+0200] {processor.py:826} INFO - Processing file /Users/felipe.vasconcelos/repos/courses/python-learnings/.venv/lib/python3.10/site-packages/airflow/example_dags/example_task_group.py for tasks to queue
[2023-08-05T10:48:37.076+0200] {logging_mixin.py:150} INFO - [2023-08-05T10:48:37.076+0200] {dagbag.py:541} INFO - Filling up the DagBag from /Users/felipe.vasconcelos/repos/courses/python-learnings/.venv/lib/python3.10/site-packages/airflow/example_dags/example_task_group.py
[2023-08-05T10:48:37.103+0200] {processor.py:836} INFO - DAG(s) dict_keys(['example_task_group']) retrieved from /Users/felipe.vasconcelos/repos/courses/python-learnings/.venv/lib/python3.10/site-packages/airflow/example_dags/example_task_group.py
[2023-08-05T10:48:37.771+0200] {logging_mixin.py:150} INFO - [2023-08-05T10:48:37.771+0200] {dag.py:2742} INFO - Sync 1 DAGs
[2023-08-05T10:48:37.787+0200] {logging_mixin.py:150} INFO - [2023-08-05T10:48:37.787+0200] {dag.py:3504} INFO - Setting next_dagrun for example_task_group to 2023-08-04T08:48:37.787285+00:00, run_after=2023-08-05T08:48:37.787285+00:00
[2023-08-05T10:48:37.806+0200] {processor.py:179} INFO - Processing /Users/felipe.vasconcelos/repos/courses/python-learnings/.venv/lib/python3.10/site-packages/airflow/example_dags/example_task_group.py took 0.739 seconds
[2023-08-05T10:50:56.364+0200] {processor.py:157} INFO - Started process (PID=82935) to work on /Users/felipe.vasconcelos/repos/courses/python-learnings/.venv/lib/python3.10/site-packages/airflow/example_dags/example_task_group.py
[2023-08-05T10:50:56.372+0200] {processor.py:826} INFO - Processing file /Users/felipe.vasconcelos/repos/courses/python-learnings/.venv/lib/python3.10/site-packages/airflow/example_dags/example_task_group.py for tasks to queue
[2023-08-05T10:50:56.373+0200] {logging_mixin.py:150} INFO - [2023-08-05T10:50:56.373+0200] {dagbag.py:541} INFO - Filling up the DagBag from /Users/felipe.vasconcelos/repos/courses/python-learnings/.venv/lib/python3.10/site-packages/airflow/example_dags/example_task_group.py
[2023-08-05T10:50:56.410+0200] {processor.py:836} INFO - DAG(s) dict_keys(['example_task_group']) retrieved from /Users/felipe.vasconcelos/repos/courses/python-learnings/.venv/lib/python3.10/site-packages/airflow/example_dags/example_task_group.py
[2023-08-05T10:50:57.468+0200] {logging_mixin.py:150} INFO - [2023-08-05T10:50:57.468+0200] {dag.py:2742} INFO - Sync 1 DAGs
[2023-08-05T10:50:57.486+0200] {logging_mixin.py:150} INFO - [2023-08-05T10:50:57.485+0200] {dag.py:3504} INFO - Setting next_dagrun for example_task_group to 2023-08-04T08:50:57.485747+00:00, run_after=2023-08-05T08:50:57.485747+00:00
[2023-08-05T10:50:57.506+0200] {processor.py:179} INFO - Processing /Users/felipe.vasconcelos/repos/courses/python-learnings/.venv/lib/python3.10/site-packages/airflow/example_dags/example_task_group.py took 1.142 seconds
[2023-08-05T10:53:12.144+0200] {processor.py:157} INFO - Started process (PID=83001) to work on /Users/felipe.vasconcelos/repos/courses/python-learnings/.venv/lib/python3.10/site-packages/airflow/example_dags/example_task_group.py
[2023-08-05T10:53:12.150+0200] {processor.py:826} INFO - Processing file /Users/felipe.vasconcelos/repos/courses/python-learnings/.venv/lib/python3.10/site-packages/airflow/example_dags/example_task_group.py for tasks to queue
[2023-08-05T10:53:12.151+0200] {logging_mixin.py:150} INFO - [2023-08-05T10:53:12.151+0200] {dagbag.py:541} INFO - Filling up the DagBag from /Users/felipe.vasconcelos/repos/courses/python-learnings/.venv/lib/python3.10/site-packages/airflow/example_dags/example_task_group.py
[2023-08-05T10:53:12.180+0200] {processor.py:836} INFO - DAG(s) dict_keys(['example_task_group']) retrieved from /Users/felipe.vasconcelos/repos/courses/python-learnings/.venv/lib/python3.10/site-packages/airflow/example_dags/example_task_group.py
[2023-08-05T10:53:12.896+0200] {logging_mixin.py:150} INFO - [2023-08-05T10:53:12.896+0200] {dag.py:2742} INFO - Sync 1 DAGs
[2023-08-05T10:53:12.921+0200] {logging_mixin.py:150} INFO - [2023-08-05T10:53:12.921+0200] {dag.py:3504} INFO - Setting next_dagrun for example_task_group to 2023-08-04T08:53:12.920842+00:00, run_after=2023-08-05T08:53:12.920842+00:00
[2023-08-05T10:53:12.943+0200] {processor.py:179} INFO - Processing /Users/felipe.vasconcelos/repos/courses/python-learnings/.venv/lib/python3.10/site-packages/airflow/example_dags/example_task_group.py took 0.800 seconds
[2023-08-05T10:55:27.933+0200] {processor.py:157} INFO - Started process (PID=83066) to work on /Users/felipe.vasconcelos/repos/courses/python-learnings/.venv/lib/python3.10/site-packages/airflow/example_dags/example_task_group.py
[2023-08-05T10:55:27.939+0200] {processor.py:826} INFO - Processing file /Users/felipe.vasconcelos/repos/courses/python-learnings/.venv/lib/python3.10/site-packages/airflow/example_dags/example_task_group.py for tasks to queue
[2023-08-05T10:55:27.940+0200] {logging_mixin.py:150} INFO - [2023-08-05T10:55:27.940+0200] {dagbag.py:541} INFO - Filling up the DagBag from /Users/felipe.vasconcelos/repos/courses/python-learnings/.venv/lib/python3.10/site-packages/airflow/example_dags/example_task_group.py
[2023-08-05T10:55:27.970+0200] {processor.py:836} INFO - DAG(s) dict_keys(['example_task_group']) retrieved from /Users/felipe.vasconcelos/repos/courses/python-learnings/.venv/lib/python3.10/site-packages/airflow/example_dags/example_task_group.py
[2023-08-05T10:55:28.672+0200] {logging_mixin.py:150} INFO - [2023-08-05T10:55:28.671+0200] {dag.py:2742} INFO - Sync 1 DAGs
[2023-08-05T10:55:28.692+0200] {logging_mixin.py:150} INFO - [2023-08-05T10:55:28.691+0200] {dag.py:3504} INFO - Setting next_dagrun for example_task_group to 2023-08-04T08:55:28.691672+00:00, run_after=2023-08-05T08:55:28.691672+00:00
[2023-08-05T10:55:28.717+0200] {processor.py:179} INFO - Processing /Users/felipe.vasconcelos/repos/courses/python-learnings/.venv/lib/python3.10/site-packages/airflow/example_dags/example_task_group.py took 0.785 seconds
[2023-08-05T10:57:34.206+0200] {processor.py:157} INFO - Started process (PID=83130) to work on /Users/felipe.vasconcelos/repos/courses/python-learnings/.venv/lib/python3.10/site-packages/airflow/example_dags/example_task_group.py
[2023-08-05T10:57:34.212+0200] {processor.py:826} INFO - Processing file /Users/felipe.vasconcelos/repos/courses/python-learnings/.venv/lib/python3.10/site-packages/airflow/example_dags/example_task_group.py for tasks to queue
[2023-08-05T10:57:34.213+0200] {logging_mixin.py:150} INFO - [2023-08-05T10:57:34.213+0200] {dagbag.py:541} INFO - Filling up the DagBag from /Users/felipe.vasconcelos/repos/courses/python-learnings/.venv/lib/python3.10/site-packages/airflow/example_dags/example_task_group.py
[2023-08-05T10:57:34.245+0200] {processor.py:836} INFO - DAG(s) dict_keys(['example_task_group']) retrieved from /Users/felipe.vasconcelos/repos/courses/python-learnings/.venv/lib/python3.10/site-packages/airflow/example_dags/example_task_group.py
[2023-08-05T10:57:34.933+0200] {logging_mixin.py:150} INFO - [2023-08-05T10:57:34.933+0200] {dag.py:2742} INFO - Sync 1 DAGs
[2023-08-05T10:57:34.950+0200] {logging_mixin.py:150} INFO - [2023-08-05T10:57:34.950+0200] {dag.py:3504} INFO - Setting next_dagrun for example_task_group to 2023-08-04T08:57:34.950044+00:00, run_after=2023-08-05T08:57:34.950044+00:00
[2023-08-05T10:57:34.971+0200] {processor.py:179} INFO - Processing /Users/felipe.vasconcelos/repos/courses/python-learnings/.venv/lib/python3.10/site-packages/airflow/example_dags/example_task_group.py took 0.766 seconds
[2023-08-05T11:11:51.448+0200] {processor.py:157} INFO - Started process (PID=83255) to work on /Users/felipe.vasconcelos/repos/courses/python-learnings/.venv/lib/python3.10/site-packages/airflow/example_dags/example_task_group.py
[2023-08-05T11:11:51.458+0200] {processor.py:826} INFO - Processing file /Users/felipe.vasconcelos/repos/courses/python-learnings/.venv/lib/python3.10/site-packages/airflow/example_dags/example_task_group.py for tasks to queue
[2023-08-05T11:11:51.459+0200] {logging_mixin.py:150} INFO - [2023-08-05T11:11:51.459+0200] {dagbag.py:541} INFO - Filling up the DagBag from /Users/felipe.vasconcelos/repos/courses/python-learnings/.venv/lib/python3.10/site-packages/airflow/example_dags/example_task_group.py
[2023-08-05T11:11:51.498+0200] {processor.py:836} INFO - DAG(s) dict_keys(['example_task_group']) retrieved from /Users/felipe.vasconcelos/repos/courses/python-learnings/.venv/lib/python3.10/site-packages/airflow/example_dags/example_task_group.py
[2023-08-05T11:11:53.157+0200] {logging_mixin.py:150} INFO - [2023-08-05T11:11:53.156+0200] {dag.py:2742} INFO - Sync 1 DAGs
[2023-08-05T11:11:53.188+0200] {logging_mixin.py:150} INFO - [2023-08-05T11:11:53.188+0200] {dag.py:3504} INFO - Setting next_dagrun for example_task_group to 2023-08-04T09:11:53.188103+00:00, run_after=2023-08-05T09:11:53.188103+00:00
[2023-08-05T11:11:53.215+0200] {processor.py:179} INFO - Processing /Users/felipe.vasconcelos/repos/courses/python-learnings/.venv/lib/python3.10/site-packages/airflow/example_dags/example_task_group.py took 1.768 seconds
[2023-08-05T11:14:14.737+0200] {processor.py:157} INFO - Started process (PID=83324) to work on /Users/felipe.vasconcelos/repos/courses/python-learnings/.venv/lib/python3.10/site-packages/airflow/example_dags/example_task_group.py
[2023-08-05T11:14:14.743+0200] {processor.py:826} INFO - Processing file /Users/felipe.vasconcelos/repos/courses/python-learnings/.venv/lib/python3.10/site-packages/airflow/example_dags/example_task_group.py for tasks to queue
[2023-08-05T11:14:14.744+0200] {logging_mixin.py:150} INFO - [2023-08-05T11:14:14.744+0200] {dagbag.py:541} INFO - Filling up the DagBag from /Users/felipe.vasconcelos/repos/courses/python-learnings/.venv/lib/python3.10/site-packages/airflow/example_dags/example_task_group.py
[2023-08-05T11:14:14.772+0200] {processor.py:836} INFO - DAG(s) dict_keys(['example_task_group']) retrieved from /Users/felipe.vasconcelos/repos/courses/python-learnings/.venv/lib/python3.10/site-packages/airflow/example_dags/example_task_group.py
[2023-08-05T11:14:15.469+0200] {logging_mixin.py:150} INFO - [2023-08-05T11:14:15.469+0200] {dag.py:2742} INFO - Sync 1 DAGs
[2023-08-05T11:14:15.485+0200] {logging_mixin.py:150} INFO - [2023-08-05T11:14:15.485+0200] {dag.py:3504} INFO - Setting next_dagrun for example_task_group to 2023-08-04T09:14:15.484957+00:00, run_after=2023-08-05T09:14:15.484957+00:00
[2023-08-05T11:14:15.505+0200] {processor.py:179} INFO - Processing /Users/felipe.vasconcelos/repos/courses/python-learnings/.venv/lib/python3.10/site-packages/airflow/example_dags/example_task_group.py took 0.769 seconds
[2023-08-05T11:16:19.739+0200] {processor.py:157} INFO - Started process (PID=83381) to work on /Users/felipe.vasconcelos/repos/courses/python-learnings/.venv/lib/python3.10/site-packages/airflow/example_dags/example_task_group.py
[2023-08-05T11:16:19.745+0200] {processor.py:826} INFO - Processing file /Users/felipe.vasconcelos/repos/courses/python-learnings/.venv/lib/python3.10/site-packages/airflow/example_dags/example_task_group.py for tasks to queue
[2023-08-05T11:16:19.746+0200] {logging_mixin.py:150} INFO - [2023-08-05T11:16:19.746+0200] {dagbag.py:541} INFO - Filling up the DagBag from /Users/felipe.vasconcelos/repos/courses/python-learnings/.venv/lib/python3.10/site-packages/airflow/example_dags/example_task_group.py
[2023-08-05T11:16:19.771+0200] {processor.py:836} INFO - DAG(s) dict_keys(['example_task_group']) retrieved from /Users/felipe.vasconcelos/repos/courses/python-learnings/.venv/lib/python3.10/site-packages/airflow/example_dags/example_task_group.py
[2023-08-05T11:16:20.535+0200] {logging_mixin.py:150} INFO - [2023-08-05T11:16:20.535+0200] {dag.py:2742} INFO - Sync 1 DAGs
[2023-08-05T11:16:20.556+0200] {logging_mixin.py:150} INFO - [2023-08-05T11:16:20.556+0200] {dag.py:3504} INFO - Setting next_dagrun for example_task_group to 2023-08-04T09:16:20.556266+00:00, run_after=2023-08-05T09:16:20.556266+00:00
[2023-08-05T11:16:20.579+0200] {processor.py:179} INFO - Processing /Users/felipe.vasconcelos/repos/courses/python-learnings/.venv/lib/python3.10/site-packages/airflow/example_dags/example_task_group.py took 0.841 seconds
[2023-08-05T11:18:26.874+0200] {processor.py:157} INFO - Started process (PID=83440) to work on /Users/felipe.vasconcelos/repos/courses/python-learnings/.venv/lib/python3.10/site-packages/airflow/example_dags/example_task_group.py
[2023-08-05T11:18:26.883+0200] {processor.py:826} INFO - Processing file /Users/felipe.vasconcelos/repos/courses/python-learnings/.venv/lib/python3.10/site-packages/airflow/example_dags/example_task_group.py for tasks to queue
[2023-08-05T11:18:26.884+0200] {logging_mixin.py:150} INFO - [2023-08-05T11:18:26.884+0200] {dagbag.py:541} INFO - Filling up the DagBag from /Users/felipe.vasconcelos/repos/courses/python-learnings/.venv/lib/python3.10/site-packages/airflow/example_dags/example_task_group.py
[2023-08-05T11:18:26.912+0200] {processor.py:836} INFO - DAG(s) dict_keys(['example_task_group']) retrieved from /Users/felipe.vasconcelos/repos/courses/python-learnings/.venv/lib/python3.10/site-packages/airflow/example_dags/example_task_group.py
[2023-08-05T11:18:28.224+0200] {logging_mixin.py:150} INFO - [2023-08-05T11:18:28.224+0200] {dag.py:2742} INFO - Sync 1 DAGs
[2023-08-05T11:18:28.245+0200] {logging_mixin.py:150} INFO - [2023-08-05T11:18:28.245+0200] {dag.py:3504} INFO - Setting next_dagrun for example_task_group to 2023-08-04T09:18:28.245428+00:00, run_after=2023-08-05T09:18:28.245428+00:00
[2023-08-05T11:18:28.270+0200] {processor.py:179} INFO - Processing /Users/felipe.vasconcelos/repos/courses/python-learnings/.venv/lib/python3.10/site-packages/airflow/example_dags/example_task_group.py took 1.397 seconds
[2023-08-05T11:20:39.052+0200] {processor.py:157} INFO - Started process (PID=83501) to work on /Users/felipe.vasconcelos/repos/courses/python-learnings/.venv/lib/python3.10/site-packages/airflow/example_dags/example_task_group.py
[2023-08-05T11:20:39.058+0200] {processor.py:826} INFO - Processing file /Users/felipe.vasconcelos/repos/courses/python-learnings/.venv/lib/python3.10/site-packages/airflow/example_dags/example_task_group.py for tasks to queue
[2023-08-05T11:20:39.059+0200] {logging_mixin.py:150} INFO - [2023-08-05T11:20:39.058+0200] {dagbag.py:541} INFO - Filling up the DagBag from /Users/felipe.vasconcelos/repos/courses/python-learnings/.venv/lib/python3.10/site-packages/airflow/example_dags/example_task_group.py
[2023-08-05T11:20:39.086+0200] {processor.py:836} INFO - DAG(s) dict_keys(['example_task_group']) retrieved from /Users/felipe.vasconcelos/repos/courses/python-learnings/.venv/lib/python3.10/site-packages/airflow/example_dags/example_task_group.py
[2023-08-05T11:20:39.825+0200] {logging_mixin.py:150} INFO - [2023-08-05T11:20:39.825+0200] {dag.py:2742} INFO - Sync 1 DAGs
[2023-08-05T11:20:39.842+0200] {logging_mixin.py:150} INFO - [2023-08-05T11:20:39.842+0200] {dag.py:3504} INFO - Setting next_dagrun for example_task_group to 2023-08-04T09:20:39.841969+00:00, run_after=2023-08-05T09:20:39.841969+00:00
[2023-08-05T11:20:39.862+0200] {processor.py:179} INFO - Processing /Users/felipe.vasconcelos/repos/courses/python-learnings/.venv/lib/python3.10/site-packages/airflow/example_dags/example_task_group.py took 0.811 seconds
[2023-08-05T11:23:04.413+0200] {processor.py:157} INFO - Started process (PID=83572) to work on /Users/felipe.vasconcelos/repos/courses/python-learnings/.venv/lib/python3.10/site-packages/airflow/example_dags/example_task_group.py
[2023-08-05T11:23:04.419+0200] {processor.py:826} INFO - Processing file /Users/felipe.vasconcelos/repos/courses/python-learnings/.venv/lib/python3.10/site-packages/airflow/example_dags/example_task_group.py for tasks to queue
[2023-08-05T11:23:04.420+0200] {logging_mixin.py:150} INFO - [2023-08-05T11:23:04.420+0200] {dagbag.py:541} INFO - Filling up the DagBag from /Users/felipe.vasconcelos/repos/courses/python-learnings/.venv/lib/python3.10/site-packages/airflow/example_dags/example_task_group.py
[2023-08-05T11:23:04.448+0200] {processor.py:836} INFO - DAG(s) dict_keys(['example_task_group']) retrieved from /Users/felipe.vasconcelos/repos/courses/python-learnings/.venv/lib/python3.10/site-packages/airflow/example_dags/example_task_group.py
[2023-08-05T11:23:05.162+0200] {logging_mixin.py:150} INFO - [2023-08-05T11:23:05.161+0200] {dag.py:2742} INFO - Sync 1 DAGs
[2023-08-05T11:23:05.182+0200] {logging_mixin.py:150} INFO - [2023-08-05T11:23:05.182+0200] {dag.py:3504} INFO - Setting next_dagrun for example_task_group to 2023-08-04T09:23:05.182229+00:00, run_after=2023-08-05T09:23:05.182229+00:00
[2023-08-05T11:23:05.205+0200] {processor.py:179} INFO - Processing /Users/felipe.vasconcelos/repos/courses/python-learnings/.venv/lib/python3.10/site-packages/airflow/example_dags/example_task_group.py took 0.794 seconds
[2023-08-05T11:25:20.564+0200] {processor.py:157} INFO - Started process (PID=83628) to work on /Users/felipe.vasconcelos/repos/courses/python-learnings/.venv/lib/python3.10/site-packages/airflow/example_dags/example_task_group.py
[2023-08-05T11:25:20.570+0200] {processor.py:826} INFO - Processing file /Users/felipe.vasconcelos/repos/courses/python-learnings/.venv/lib/python3.10/site-packages/airflow/example_dags/example_task_group.py for tasks to queue
[2023-08-05T11:25:20.571+0200] {logging_mixin.py:150} INFO - [2023-08-05T11:25:20.570+0200] {dagbag.py:541} INFO - Filling up the DagBag from /Users/felipe.vasconcelos/repos/courses/python-learnings/.venv/lib/python3.10/site-packages/airflow/example_dags/example_task_group.py
[2023-08-05T11:25:20.608+0200] {processor.py:836} INFO - DAG(s) dict_keys(['example_task_group']) retrieved from /Users/felipe.vasconcelos/repos/courses/python-learnings/.venv/lib/python3.10/site-packages/airflow/example_dags/example_task_group.py
[2023-08-05T11:25:21.462+0200] {logging_mixin.py:150} INFO - [2023-08-05T11:25:21.462+0200] {dag.py:2742} INFO - Sync 1 DAGs
[2023-08-05T11:25:21.480+0200] {logging_mixin.py:150} INFO - [2023-08-05T11:25:21.480+0200] {dag.py:3504} INFO - Setting next_dagrun for example_task_group to 2023-08-04T09:25:21.480555+00:00, run_after=2023-08-05T09:25:21.480555+00:00
[2023-08-05T11:25:21.502+0200] {processor.py:179} INFO - Processing /Users/felipe.vasconcelos/repos/courses/python-learnings/.venv/lib/python3.10/site-packages/airflow/example_dags/example_task_group.py took 0.939 seconds
[2023-08-05T11:27:35.628+0200] {processor.py:157} INFO - Started process (PID=83687) to work on /Users/felipe.vasconcelos/repos/courses/python-learnings/.venv/lib/python3.10/site-packages/airflow/example_dags/example_task_group.py
[2023-08-05T11:27:35.634+0200] {processor.py:826} INFO - Processing file /Users/felipe.vasconcelos/repos/courses/python-learnings/.venv/lib/python3.10/site-packages/airflow/example_dags/example_task_group.py for tasks to queue
[2023-08-05T11:27:35.635+0200] {logging_mixin.py:150} INFO - [2023-08-05T11:27:35.635+0200] {dagbag.py:541} INFO - Filling up the DagBag from /Users/felipe.vasconcelos/repos/courses/python-learnings/.venv/lib/python3.10/site-packages/airflow/example_dags/example_task_group.py
[2023-08-05T11:27:35.665+0200] {processor.py:836} INFO - DAG(s) dict_keys(['example_task_group']) retrieved from /Users/felipe.vasconcelos/repos/courses/python-learnings/.venv/lib/python3.10/site-packages/airflow/example_dags/example_task_group.py
[2023-08-05T11:27:36.437+0200] {logging_mixin.py:150} INFO - [2023-08-05T11:27:36.436+0200] {dag.py:2742} INFO - Sync 1 DAGs
[2023-08-05T11:27:36.456+0200] {logging_mixin.py:150} INFO - [2023-08-05T11:27:36.456+0200] {dag.py:3504} INFO - Setting next_dagrun for example_task_group to 2023-08-04T09:27:36.456476+00:00, run_after=2023-08-05T09:27:36.456476+00:00
[2023-08-05T11:27:36.476+0200] {processor.py:179} INFO - Processing /Users/felipe.vasconcelos/repos/courses/python-learnings/.venv/lib/python3.10/site-packages/airflow/example_dags/example_task_group.py took 0.849 seconds
[2023-08-05T11:29:45.177+0200] {processor.py:157} INFO - Started process (PID=83742) to work on /Users/felipe.vasconcelos/repos/courses/python-learnings/.venv/lib/python3.10/site-packages/airflow/example_dags/example_task_group.py
[2023-08-05T11:29:45.183+0200] {processor.py:826} INFO - Processing file /Users/felipe.vasconcelos/repos/courses/python-learnings/.venv/lib/python3.10/site-packages/airflow/example_dags/example_task_group.py for tasks to queue
[2023-08-05T11:29:45.184+0200] {logging_mixin.py:150} INFO - [2023-08-05T11:29:45.184+0200] {dagbag.py:541} INFO - Filling up the DagBag from /Users/felipe.vasconcelos/repos/courses/python-learnings/.venv/lib/python3.10/site-packages/airflow/example_dags/example_task_group.py
[2023-08-05T11:29:45.212+0200] {processor.py:836} INFO - DAG(s) dict_keys(['example_task_group']) retrieved from /Users/felipe.vasconcelos/repos/courses/python-learnings/.venv/lib/python3.10/site-packages/airflow/example_dags/example_task_group.py
[2023-08-05T11:29:45.969+0200] {logging_mixin.py:150} INFO - [2023-08-05T11:29:45.968+0200] {dag.py:2742} INFO - Sync 1 DAGs
[2023-08-05T11:29:45.990+0200] {logging_mixin.py:150} INFO - [2023-08-05T11:29:45.990+0200] {dag.py:3504} INFO - Setting next_dagrun for example_task_group to 2023-08-04T09:29:45.989847+00:00, run_after=2023-08-05T09:29:45.989847+00:00
[2023-08-05T11:29:46.011+0200] {processor.py:179} INFO - Processing /Users/felipe.vasconcelos/repos/courses/python-learnings/.venv/lib/python3.10/site-packages/airflow/example_dags/example_task_group.py took 0.835 seconds
[2023-08-05T11:32:48.749+0200] {processor.py:157} INFO - Started process (PID=83843) to work on /Users/felipe.vasconcelos/repos/courses/python-learnings/.venv/lib/python3.10/site-packages/airflow/example_dags/example_task_group.py
[2023-08-05T11:32:48.755+0200] {processor.py:826} INFO - Processing file /Users/felipe.vasconcelos/repos/courses/python-learnings/.venv/lib/python3.10/site-packages/airflow/example_dags/example_task_group.py for tasks to queue
[2023-08-05T11:32:48.756+0200] {logging_mixin.py:150} INFO - [2023-08-05T11:32:48.756+0200] {dagbag.py:541} INFO - Filling up the DagBag from /Users/felipe.vasconcelos/repos/courses/python-learnings/.venv/lib/python3.10/site-packages/airflow/example_dags/example_task_group.py
[2023-08-05T11:32:48.784+0200] {processor.py:836} INFO - DAG(s) dict_keys(['example_task_group']) retrieved from /Users/felipe.vasconcelos/repos/courses/python-learnings/.venv/lib/python3.10/site-packages/airflow/example_dags/example_task_group.py
[2023-08-05T11:32:49.581+0200] {logging_mixin.py:150} INFO - [2023-08-05T11:32:49.580+0200] {dag.py:2742} INFO - Sync 1 DAGs
[2023-08-05T11:32:49.597+0200] {logging_mixin.py:150} INFO - [2023-08-05T11:32:49.597+0200] {dag.py:3504} INFO - Setting next_dagrun for example_task_group to 2023-08-04T09:32:49.597278+00:00, run_after=2023-08-05T09:32:49.597278+00:00
[2023-08-05T11:32:49.618+0200] {processor.py:179} INFO - Processing /Users/felipe.vasconcelos/repos/courses/python-learnings/.venv/lib/python3.10/site-packages/airflow/example_dags/example_task_group.py took 0.871 seconds
[2023-08-05T11:35:21.752+0200] {processor.py:157} INFO - Started process (PID=83928) to work on /Users/felipe.vasconcelos/repos/courses/python-learnings/.venv/lib/python3.10/site-packages/airflow/example_dags/example_task_group.py
[2023-08-05T11:35:21.758+0200] {processor.py:826} INFO - Processing file /Users/felipe.vasconcelos/repos/courses/python-learnings/.venv/lib/python3.10/site-packages/airflow/example_dags/example_task_group.py for tasks to queue
[2023-08-05T11:35:21.759+0200] {logging_mixin.py:150} INFO - [2023-08-05T11:35:21.759+0200] {dagbag.py:541} INFO - Filling up the DagBag from /Users/felipe.vasconcelos/repos/courses/python-learnings/.venv/lib/python3.10/site-packages/airflow/example_dags/example_task_group.py
[2023-08-05T11:35:21.805+0200] {processor.py:836} INFO - DAG(s) dict_keys(['example_task_group']) retrieved from /Users/felipe.vasconcelos/repos/courses/python-learnings/.venv/lib/python3.10/site-packages/airflow/example_dags/example_task_group.py
[2023-08-05T11:35:22.675+0200] {logging_mixin.py:150} INFO - [2023-08-05T11:35:22.675+0200] {dag.py:2742} INFO - Sync 1 DAGs
[2023-08-05T11:35:22.694+0200] {logging_mixin.py:150} INFO - [2023-08-05T11:35:22.694+0200] {dag.py:3504} INFO - Setting next_dagrun for example_task_group to 2023-08-04T09:35:22.694012+00:00, run_after=2023-08-05T09:35:22.694012+00:00
[2023-08-05T11:35:22.715+0200] {processor.py:179} INFO - Processing /Users/felipe.vasconcelos/repos/courses/python-learnings/.venv/lib/python3.10/site-packages/airflow/example_dags/example_task_group.py took 0.963 seconds
[2023-08-05T11:37:33.507+0200] {processor.py:157} INFO - Started process (PID=83998) to work on /Users/felipe.vasconcelos/repos/courses/python-learnings/.venv/lib/python3.10/site-packages/airflow/example_dags/example_task_group.py
[2023-08-05T11:37:33.513+0200] {processor.py:826} INFO - Processing file /Users/felipe.vasconcelos/repos/courses/python-learnings/.venv/lib/python3.10/site-packages/airflow/example_dags/example_task_group.py for tasks to queue
[2023-08-05T11:37:33.514+0200] {logging_mixin.py:150} INFO - [2023-08-05T11:37:33.514+0200] {dagbag.py:541} INFO - Filling up the DagBag from /Users/felipe.vasconcelos/repos/courses/python-learnings/.venv/lib/python3.10/site-packages/airflow/example_dags/example_task_group.py
[2023-08-05T11:37:33.541+0200] {processor.py:836} INFO - DAG(s) dict_keys(['example_task_group']) retrieved from /Users/felipe.vasconcelos/repos/courses/python-learnings/.venv/lib/python3.10/site-packages/airflow/example_dags/example_task_group.py
[2023-08-05T11:37:34.231+0200] {logging_mixin.py:150} INFO - [2023-08-05T11:37:34.231+0200] {dag.py:2742} INFO - Sync 1 DAGs
[2023-08-05T11:37:34.248+0200] {logging_mixin.py:150} INFO - [2023-08-05T11:37:34.247+0200] {dag.py:3504} INFO - Setting next_dagrun for example_task_group to 2023-08-04T09:37:34.247846+00:00, run_after=2023-08-05T09:37:34.247846+00:00
[2023-08-05T11:37:34.268+0200] {processor.py:179} INFO - Processing /Users/felipe.vasconcelos/repos/courses/python-learnings/.venv/lib/python3.10/site-packages/airflow/example_dags/example_task_group.py took 0.763 seconds
[2023-08-05T11:39:48.002+0200] {processor.py:157} INFO - Started process (PID=84066) to work on /Users/felipe.vasconcelos/repos/courses/python-learnings/.venv/lib/python3.10/site-packages/airflow/example_dags/example_task_group.py
[2023-08-05T11:39:48.007+0200] {processor.py:826} INFO - Processing file /Users/felipe.vasconcelos/repos/courses/python-learnings/.venv/lib/python3.10/site-packages/airflow/example_dags/example_task_group.py for tasks to queue
[2023-08-05T11:39:48.008+0200] {logging_mixin.py:150} INFO - [2023-08-05T11:39:48.008+0200] {dagbag.py:541} INFO - Filling up the DagBag from /Users/felipe.vasconcelos/repos/courses/python-learnings/.venv/lib/python3.10/site-packages/airflow/example_dags/example_task_group.py
[2023-08-05T11:39:48.034+0200] {processor.py:836} INFO - DAG(s) dict_keys(['example_task_group']) retrieved from /Users/felipe.vasconcelos/repos/courses/python-learnings/.venv/lib/python3.10/site-packages/airflow/example_dags/example_task_group.py
[2023-08-05T11:39:48.761+0200] {logging_mixin.py:150} INFO - [2023-08-05T11:39:48.760+0200] {dag.py:2742} INFO - Sync 1 DAGs
[2023-08-05T11:39:48.777+0200] {logging_mixin.py:150} INFO - [2023-08-05T11:39:48.776+0200] {dag.py:3504} INFO - Setting next_dagrun for example_task_group to 2023-08-04T09:39:48.776667+00:00, run_after=2023-08-05T09:39:48.776667+00:00
[2023-08-05T11:39:48.796+0200] {processor.py:179} INFO - Processing /Users/felipe.vasconcelos/repos/courses/python-learnings/.venv/lib/python3.10/site-packages/airflow/example_dags/example_task_group.py took 0.795 seconds
[2023-08-05T11:41:54.145+0200] {processor.py:157} INFO - Started process (PID=84130) to work on /Users/felipe.vasconcelos/repos/courses/python-learnings/.venv/lib/python3.10/site-packages/airflow/example_dags/example_task_group.py
[2023-08-05T11:41:54.173+0200] {processor.py:826} INFO - Processing file /Users/felipe.vasconcelos/repos/courses/python-learnings/.venv/lib/python3.10/site-packages/airflow/example_dags/example_task_group.py for tasks to queue
[2023-08-05T11:41:54.175+0200] {logging_mixin.py:150} INFO - [2023-08-05T11:41:54.175+0200] {dagbag.py:541} INFO - Filling up the DagBag from /Users/felipe.vasconcelos/repos/courses/python-learnings/.venv/lib/python3.10/site-packages/airflow/example_dags/example_task_group.py
[2023-08-05T11:41:54.220+0200] {processor.py:836} INFO - DAG(s) dict_keys(['example_task_group']) retrieved from /Users/felipe.vasconcelos/repos/courses/python-learnings/.venv/lib/python3.10/site-packages/airflow/example_dags/example_task_group.py
[2023-08-05T11:41:54.934+0200] {logging_mixin.py:150} INFO - [2023-08-05T11:41:54.933+0200] {dag.py:2742} INFO - Sync 1 DAGs
[2023-08-05T11:41:54.954+0200] {logging_mixin.py:150} INFO - [2023-08-05T11:41:54.954+0200] {dag.py:3504} INFO - Setting next_dagrun for example_task_group to 2023-08-04T09:41:54.953898+00:00, run_after=2023-08-05T09:41:54.953898+00:00
[2023-08-05T11:41:54.974+0200] {processor.py:179} INFO - Processing /Users/felipe.vasconcelos/repos/courses/python-learnings/.venv/lib/python3.10/site-packages/airflow/example_dags/example_task_group.py took 0.830 seconds
[2023-08-05T11:44:03.081+0200] {processor.py:157} INFO - Started process (PID=84189) to work on /Users/felipe.vasconcelos/repos/courses/python-learnings/.venv/lib/python3.10/site-packages/airflow/example_dags/example_task_group.py
[2023-08-05T11:44:03.088+0200] {processor.py:826} INFO - Processing file /Users/felipe.vasconcelos/repos/courses/python-learnings/.venv/lib/python3.10/site-packages/airflow/example_dags/example_task_group.py for tasks to queue
[2023-08-05T11:44:03.089+0200] {logging_mixin.py:150} INFO - [2023-08-05T11:44:03.088+0200] {dagbag.py:541} INFO - Filling up the DagBag from /Users/felipe.vasconcelos/repos/courses/python-learnings/.venv/lib/python3.10/site-packages/airflow/example_dags/example_task_group.py
[2023-08-05T11:44:03.125+0200] {processor.py:836} INFO - DAG(s) dict_keys(['example_task_group']) retrieved from /Users/felipe.vasconcelos/repos/courses/python-learnings/.venv/lib/python3.10/site-packages/airflow/example_dags/example_task_group.py
[2023-08-05T11:44:03.848+0200] {logging_mixin.py:150} INFO - [2023-08-05T11:44:03.848+0200] {dag.py:2742} INFO - Sync 1 DAGs
[2023-08-05T11:44:03.866+0200] {logging_mixin.py:150} INFO - [2023-08-05T11:44:03.866+0200] {dag.py:3504} INFO - Setting next_dagrun for example_task_group to 2023-08-04T09:44:03.866420+00:00, run_after=2023-08-05T09:44:03.866420+00:00
[2023-08-05T11:44:03.886+0200] {processor.py:179} INFO - Processing /Users/felipe.vasconcelos/repos/courses/python-learnings/.venv/lib/python3.10/site-packages/airflow/example_dags/example_task_group.py took 0.806 seconds
[2023-08-05T11:46:08.836+0200] {processor.py:157} INFO - Started process (PID=84254) to work on /Users/felipe.vasconcelos/repos/courses/python-learnings/.venv/lib/python3.10/site-packages/airflow/example_dags/example_task_group.py
[2023-08-05T11:46:08.842+0200] {processor.py:826} INFO - Processing file /Users/felipe.vasconcelos/repos/courses/python-learnings/.venv/lib/python3.10/site-packages/airflow/example_dags/example_task_group.py for tasks to queue
[2023-08-05T11:46:08.843+0200] {logging_mixin.py:150} INFO - [2023-08-05T11:46:08.843+0200] {dagbag.py:541} INFO - Filling up the DagBag from /Users/felipe.vasconcelos/repos/courses/python-learnings/.venv/lib/python3.10/site-packages/airflow/example_dags/example_task_group.py
[2023-08-05T11:46:08.871+0200] {processor.py:836} INFO - DAG(s) dict_keys(['example_task_group']) retrieved from /Users/felipe.vasconcelos/repos/courses/python-learnings/.venv/lib/python3.10/site-packages/airflow/example_dags/example_task_group.py
[2023-08-05T11:46:09.580+0200] {logging_mixin.py:150} INFO - [2023-08-05T11:46:09.579+0200] {dag.py:2742} INFO - Sync 1 DAGs
[2023-08-05T11:46:09.596+0200] {logging_mixin.py:150} INFO - [2023-08-05T11:46:09.596+0200] {dag.py:3504} INFO - Setting next_dagrun for example_task_group to 2023-08-04T09:46:09.595888+00:00, run_after=2023-08-05T09:46:09.595888+00:00
[2023-08-05T11:46:09.616+0200] {processor.py:179} INFO - Processing /Users/felipe.vasconcelos/repos/courses/python-learnings/.venv/lib/python3.10/site-packages/airflow/example_dags/example_task_group.py took 0.781 seconds
[2023-08-05T11:49:01.424+0200] {processor.py:157} INFO - Started process (PID=84362) to work on /Users/felipe.vasconcelos/repos/courses/python-learnings/.venv/lib/python3.10/site-packages/airflow/example_dags/example_task_group.py
[2023-08-05T11:49:01.430+0200] {processor.py:826} INFO - Processing file /Users/felipe.vasconcelos/repos/courses/python-learnings/.venv/lib/python3.10/site-packages/airflow/example_dags/example_task_group.py for tasks to queue
[2023-08-05T11:49:01.431+0200] {logging_mixin.py:150} INFO - [2023-08-05T11:49:01.431+0200] {dagbag.py:541} INFO - Filling up the DagBag from /Users/felipe.vasconcelos/repos/courses/python-learnings/.venv/lib/python3.10/site-packages/airflow/example_dags/example_task_group.py
[2023-08-05T11:49:01.460+0200] {processor.py:836} INFO - DAG(s) dict_keys(['example_task_group']) retrieved from /Users/felipe.vasconcelos/repos/courses/python-learnings/.venv/lib/python3.10/site-packages/airflow/example_dags/example_task_group.py
[2023-08-05T11:49:02.626+0200] {logging_mixin.py:150} INFO - [2023-08-05T11:49:02.626+0200] {dag.py:2742} INFO - Sync 1 DAGs
[2023-08-05T11:49:02.653+0200] {logging_mixin.py:150} INFO - [2023-08-05T11:49:02.652+0200] {dag.py:3504} INFO - Setting next_dagrun for example_task_group to 2023-08-04T09:49:02.652662+00:00, run_after=2023-08-05T09:49:02.652662+00:00
[2023-08-05T11:49:02.683+0200] {processor.py:179} INFO - Processing /Users/felipe.vasconcelos/repos/courses/python-learnings/.venv/lib/python3.10/site-packages/airflow/example_dags/example_task_group.py took 1.261 seconds
[2023-08-05T11:51:25.430+0200] {processor.py:157} INFO - Started process (PID=84437) to work on /Users/felipe.vasconcelos/repos/courses/python-learnings/.venv/lib/python3.10/site-packages/airflow/example_dags/example_task_group.py
[2023-08-05T11:51:25.437+0200] {processor.py:826} INFO - Processing file /Users/felipe.vasconcelos/repos/courses/python-learnings/.venv/lib/python3.10/site-packages/airflow/example_dags/example_task_group.py for tasks to queue
[2023-08-05T11:51:25.438+0200] {logging_mixin.py:150} INFO - [2023-08-05T11:51:25.437+0200] {dagbag.py:541} INFO - Filling up the DagBag from /Users/felipe.vasconcelos/repos/courses/python-learnings/.venv/lib/python3.10/site-packages/airflow/example_dags/example_task_group.py
[2023-08-05T11:51:25.473+0200] {processor.py:836} INFO - DAG(s) dict_keys(['example_task_group']) retrieved from /Users/felipe.vasconcelos/repos/courses/python-learnings/.venv/lib/python3.10/site-packages/airflow/example_dags/example_task_group.py
[2023-08-05T11:51:26.339+0200] {logging_mixin.py:150} INFO - [2023-08-05T11:51:26.338+0200] {dag.py:2742} INFO - Sync 1 DAGs
[2023-08-05T11:51:26.364+0200] {logging_mixin.py:150} INFO - [2023-08-05T11:51:26.364+0200] {dag.py:3504} INFO - Setting next_dagrun for example_task_group to 2023-08-04T09:51:26.364397+00:00, run_after=2023-08-05T09:51:26.364397+00:00
[2023-08-05T11:51:26.390+0200] {processor.py:179} INFO - Processing /Users/felipe.vasconcelos/repos/courses/python-learnings/.venv/lib/python3.10/site-packages/airflow/example_dags/example_task_group.py took 0.962 seconds
[2023-08-05T11:53:35.826+0200] {processor.py:157} INFO - Started process (PID=84493) to work on /Users/felipe.vasconcelos/repos/courses/python-learnings/.venv/lib/python3.10/site-packages/airflow/example_dags/example_task_group.py
[2023-08-05T11:53:35.832+0200] {processor.py:826} INFO - Processing file /Users/felipe.vasconcelos/repos/courses/python-learnings/.venv/lib/python3.10/site-packages/airflow/example_dags/example_task_group.py for tasks to queue
[2023-08-05T11:53:35.833+0200] {logging_mixin.py:150} INFO - [2023-08-05T11:53:35.833+0200] {dagbag.py:541} INFO - Filling up the DagBag from /Users/felipe.vasconcelos/repos/courses/python-learnings/.venv/lib/python3.10/site-packages/airflow/example_dags/example_task_group.py
[2023-08-05T11:53:35.867+0200] {processor.py:836} INFO - DAG(s) dict_keys(['example_task_group']) retrieved from /Users/felipe.vasconcelos/repos/courses/python-learnings/.venv/lib/python3.10/site-packages/airflow/example_dags/example_task_group.py
[2023-08-05T11:53:36.641+0200] {logging_mixin.py:150} INFO - [2023-08-05T11:53:36.641+0200] {dag.py:2742} INFO - Sync 1 DAGs
[2023-08-05T11:53:36.659+0200] {logging_mixin.py:150} INFO - [2023-08-05T11:53:36.659+0200] {dag.py:3504} INFO - Setting next_dagrun for example_task_group to 2023-08-04T09:53:36.658949+00:00, run_after=2023-08-05T09:53:36.658949+00:00
[2023-08-05T11:53:36.679+0200] {processor.py:179} INFO - Processing /Users/felipe.vasconcelos/repos/courses/python-learnings/.venv/lib/python3.10/site-packages/airflow/example_dags/example_task_group.py took 0.854 seconds
[2023-08-05T11:55:43.569+0200] {processor.py:157} INFO - Started process (PID=84558) to work on /Users/felipe.vasconcelos/repos/courses/python-learnings/.venv/lib/python3.10/site-packages/airflow/example_dags/example_task_group.py
[2023-08-05T11:55:43.575+0200] {processor.py:826} INFO - Processing file /Users/felipe.vasconcelos/repos/courses/python-learnings/.venv/lib/python3.10/site-packages/airflow/example_dags/example_task_group.py for tasks to queue
[2023-08-05T11:55:43.576+0200] {logging_mixin.py:150} INFO - [2023-08-05T11:55:43.576+0200] {dagbag.py:541} INFO - Filling up the DagBag from /Users/felipe.vasconcelos/repos/courses/python-learnings/.venv/lib/python3.10/site-packages/airflow/example_dags/example_task_group.py
[2023-08-05T11:55:43.602+0200] {processor.py:836} INFO - DAG(s) dict_keys(['example_task_group']) retrieved from /Users/felipe.vasconcelos/repos/courses/python-learnings/.venv/lib/python3.10/site-packages/airflow/example_dags/example_task_group.py
[2023-08-05T11:55:44.297+0200] {logging_mixin.py:150} INFO - [2023-08-05T11:55:44.297+0200] {dag.py:2742} INFO - Sync 1 DAGs
[2023-08-05T11:55:44.313+0200] {logging_mixin.py:150} INFO - [2023-08-05T11:55:44.313+0200] {dag.py:3504} INFO - Setting next_dagrun for example_task_group to 2023-08-04T09:55:44.313595+00:00, run_after=2023-08-05T09:55:44.313595+00:00
[2023-08-05T11:55:44.334+0200] {processor.py:179} INFO - Processing /Users/felipe.vasconcelos/repos/courses/python-learnings/.venv/lib/python3.10/site-packages/airflow/example_dags/example_task_group.py took 0.766 seconds
[2023-08-05T11:57:49.992+0200] {processor.py:157} INFO - Started process (PID=84623) to work on /Users/felipe.vasconcelos/repos/courses/python-learnings/.venv/lib/python3.10/site-packages/airflow/example_dags/example_task_group.py
[2023-08-05T11:57:49.997+0200] {processor.py:826} INFO - Processing file /Users/felipe.vasconcelos/repos/courses/python-learnings/.venv/lib/python3.10/site-packages/airflow/example_dags/example_task_group.py for tasks to queue
[2023-08-05T11:57:49.998+0200] {logging_mixin.py:150} INFO - [2023-08-05T11:57:49.998+0200] {dagbag.py:541} INFO - Filling up the DagBag from /Users/felipe.vasconcelos/repos/courses/python-learnings/.venv/lib/python3.10/site-packages/airflow/example_dags/example_task_group.py
[2023-08-05T11:57:50.030+0200] {processor.py:836} INFO - DAG(s) dict_keys(['example_task_group']) retrieved from /Users/felipe.vasconcelos/repos/courses/python-learnings/.venv/lib/python3.10/site-packages/airflow/example_dags/example_task_group.py
[2023-08-05T11:57:50.796+0200] {logging_mixin.py:150} INFO - [2023-08-05T11:57:50.796+0200] {dag.py:2742} INFO - Sync 1 DAGs
[2023-08-05T11:57:50.814+0200] {logging_mixin.py:150} INFO - [2023-08-05T11:57:50.814+0200] {dag.py:3504} INFO - Setting next_dagrun for example_task_group to 2023-08-04T09:57:50.814250+00:00, run_after=2023-08-05T09:57:50.814250+00:00
[2023-08-05T11:57:50.834+0200] {processor.py:179} INFO - Processing /Users/felipe.vasconcelos/repos/courses/python-learnings/.venv/lib/python3.10/site-packages/airflow/example_dags/example_task_group.py took 0.844 seconds
[2023-08-05T12:01:06.177+0200] {processor.py:157} INFO - Started process (PID=84745) to work on /Users/felipe.vasconcelos/repos/courses/python-learnings/.venv/lib/python3.10/site-packages/airflow/example_dags/example_task_group.py
[2023-08-05T12:01:06.184+0200] {processor.py:826} INFO - Processing file /Users/felipe.vasconcelos/repos/courses/python-learnings/.venv/lib/python3.10/site-packages/airflow/example_dags/example_task_group.py for tasks to queue
[2023-08-05T12:01:06.184+0200] {logging_mixin.py:150} INFO - [2023-08-05T12:01:06.184+0200] {dagbag.py:541} INFO - Filling up the DagBag from /Users/felipe.vasconcelos/repos/courses/python-learnings/.venv/lib/python3.10/site-packages/airflow/example_dags/example_task_group.py
[2023-08-05T12:01:06.213+0200] {processor.py:836} INFO - DAG(s) dict_keys(['example_task_group']) retrieved from /Users/felipe.vasconcelos/repos/courses/python-learnings/.venv/lib/python3.10/site-packages/airflow/example_dags/example_task_group.py
[2023-08-05T12:01:07.760+0200] {logging_mixin.py:150} INFO - [2023-08-05T12:01:07.759+0200] {dag.py:2742} INFO - Sync 1 DAGs
[2023-08-05T12:01:07.902+0200] {logging_mixin.py:150} INFO - [2023-08-05T12:01:07.901+0200] {dag.py:3504} INFO - Setting next_dagrun for example_task_group to 2023-08-04T10:01:07.901724+00:00, run_after=2023-08-05T10:01:07.901724+00:00
[2023-08-05T12:01:07.975+0200] {processor.py:179} INFO - Processing /Users/felipe.vasconcelos/repos/courses/python-learnings/.venv/lib/python3.10/site-packages/airflow/example_dags/example_task_group.py took 1.799 seconds
