[2023-08-05T10:38:56.409+0200] {processor.py:157} INFO - Started process (PID=82583) to work on /Users/felipe.vasconcelos/repos/courses/python-learnings/.venv/lib/python3.10/site-packages/airflow/example_dags/example_trigger_target_dag.py
[2023-08-05T10:38:56.417+0200] {processor.py:826} INFO - Processing file /Users/felipe.vasconcelos/repos/courses/python-learnings/.venv/lib/python3.10/site-packages/airflow/example_dags/example_trigger_target_dag.py for tasks to queue
[2023-08-05T10:38:56.419+0200] {logging_mixin.py:150} INFO - [2023-08-05T10:38:56.418+0200] {dagbag.py:541} INFO - Filling up the DagBag from /Users/felipe.vasconcelos/repos/courses/python-learnings/.venv/lib/python3.10/site-packages/airflow/example_dags/example_trigger_target_dag.py
[2023-08-05T10:38:56.567+0200] {processor.py:836} INFO - DAG(s) dict_keys(['example_trigger_target_dag']) retrieved from /Users/felipe.vasconcelos/repos/courses/python-learnings/.venv/lib/python3.10/site-packages/airflow/example_dags/example_trigger_target_dag.py
[2023-08-05T10:38:59.041+0200] {logging_mixin.py:150} INFO - [2023-08-05T10:38:59.041+0200] {manager.py:504} INFO - Created Permission View: can edit on DAG:example_trigger_target_dag
[2023-08-05T10:38:59.063+0200] {logging_mixin.py:150} INFO - [2023-08-05T10:38:59.063+0200] {manager.py:504} INFO - Created Permission View: can read on DAG:example_trigger_target_dag
[2023-08-05T10:38:59.075+0200] {logging_mixin.py:150} INFO - [2023-08-05T10:38:59.075+0200] {manager.py:504} INFO - Created Permission View: can delete on DAG:example_trigger_target_dag
[2023-08-05T10:38:59.097+0200] {logging_mixin.py:150} INFO - [2023-08-05T10:38:59.097+0200] {dag.py:2742} INFO - Sync 1 DAGs
[2023-08-05T10:38:59.112+0200] {logging_mixin.py:150} INFO - [2023-08-05T10:38:59.112+0200] {dag.py:2763} INFO - Creating ORM DAG for example_trigger_target_dag
[2023-08-05T10:38:59.129+0200] {logging_mixin.py:150} INFO - [2023-08-05T10:38:59.128+0200] {dag.py:3504} INFO - Setting next_dagrun for example_trigger_target_dag to None, run_after=None
[2023-08-05T10:38:59.189+0200] {processor.py:179} INFO - Processing /Users/felipe.vasconcelos/repos/courses/python-learnings/.venv/lib/python3.10/site-packages/airflow/example_dags/example_trigger_target_dag.py took 2.782 seconds
[2023-08-05T10:42:11.583+0200] {processor.py:157} INFO - Started process (PID=82661) to work on /Users/felipe.vasconcelos/repos/courses/python-learnings/.venv/lib/python3.10/site-packages/airflow/example_dags/example_trigger_target_dag.py
[2023-08-05T10:42:11.592+0200] {processor.py:826} INFO - Processing file /Users/felipe.vasconcelos/repos/courses/python-learnings/.venv/lib/python3.10/site-packages/airflow/example_dags/example_trigger_target_dag.py for tasks to queue
[2023-08-05T10:42:11.593+0200] {logging_mixin.py:150} INFO - [2023-08-05T10:42:11.593+0200] {dagbag.py:541} INFO - Filling up the DagBag from /Users/felipe.vasconcelos/repos/courses/python-learnings/.venv/lib/python3.10/site-packages/airflow/example_dags/example_trigger_target_dag.py
[2023-08-05T10:42:11.656+0200] {processor.py:836} INFO - DAG(s) dict_keys(['example_trigger_target_dag']) retrieved from /Users/felipe.vasconcelos/repos/courses/python-learnings/.venv/lib/python3.10/site-packages/airflow/example_dags/example_trigger_target_dag.py
[2023-08-05T10:42:12.442+0200] {logging_mixin.py:150} INFO - [2023-08-05T10:42:12.442+0200] {dag.py:2742} INFO - Sync 1 DAGs
[2023-08-05T10:42:12.462+0200] {logging_mixin.py:150} INFO - [2023-08-05T10:42:12.461+0200] {dag.py:3504} INFO - Setting next_dagrun for example_trigger_target_dag to None, run_after=None
[2023-08-05T10:42:12.485+0200] {processor.py:179} INFO - Processing /Users/felipe.vasconcelos/repos/courses/python-learnings/.venv/lib/python3.10/site-packages/airflow/example_dags/example_trigger_target_dag.py took 0.903 seconds
[2023-08-05T10:45:53.416+0200] {processor.py:157} INFO - Started process (PID=82777) to work on /Users/felipe.vasconcelos/repos/courses/python-learnings/.venv/lib/python3.10/site-packages/airflow/example_dags/example_trigger_target_dag.py
[2023-08-05T10:45:53.424+0200] {processor.py:826} INFO - Processing file /Users/felipe.vasconcelos/repos/courses/python-learnings/.venv/lib/python3.10/site-packages/airflow/example_dags/example_trigger_target_dag.py for tasks to queue
[2023-08-05T10:45:53.425+0200] {logging_mixin.py:150} INFO - [2023-08-05T10:45:53.425+0200] {dagbag.py:541} INFO - Filling up the DagBag from /Users/felipe.vasconcelos/repos/courses/python-learnings/.venv/lib/python3.10/site-packages/airflow/example_dags/example_trigger_target_dag.py
[2023-08-05T10:45:53.522+0200] {processor.py:836} INFO - DAG(s) dict_keys(['example_trigger_target_dag']) retrieved from /Users/felipe.vasconcelos/repos/courses/python-learnings/.venv/lib/python3.10/site-packages/airflow/example_dags/example_trigger_target_dag.py
[2023-08-05T10:45:55.679+0200] {logging_mixin.py:150} INFO - [2023-08-05T10:45:55.679+0200] {dag.py:2742} INFO - Sync 1 DAGs
[2023-08-05T10:45:55.708+0200] {logging_mixin.py:150} INFO - [2023-08-05T10:45:55.708+0200] {dag.py:3504} INFO - Setting next_dagrun for example_trigger_target_dag to None, run_after=None
[2023-08-05T10:45:55.738+0200] {processor.py:179} INFO - Processing /Users/felipe.vasconcelos/repos/courses/python-learnings/.venv/lib/python3.10/site-packages/airflow/example_dags/example_trigger_target_dag.py took 2.324 seconds
[2023-08-05T10:48:24.884+0200] {processor.py:157} INFO - Started process (PID=82868) to work on /Users/felipe.vasconcelos/repos/courses/python-learnings/.venv/lib/python3.10/site-packages/airflow/example_dags/example_trigger_target_dag.py
[2023-08-05T10:48:24.891+0200] {processor.py:826} INFO - Processing file /Users/felipe.vasconcelos/repos/courses/python-learnings/.venv/lib/python3.10/site-packages/airflow/example_dags/example_trigger_target_dag.py for tasks to queue
[2023-08-05T10:48:24.892+0200] {logging_mixin.py:150} INFO - [2023-08-05T10:48:24.892+0200] {dagbag.py:541} INFO - Filling up the DagBag from /Users/felipe.vasconcelos/repos/courses/python-learnings/.venv/lib/python3.10/site-packages/airflow/example_dags/example_trigger_target_dag.py
[2023-08-05T10:48:24.949+0200] {processor.py:836} INFO - DAG(s) dict_keys(['example_trigger_target_dag']) retrieved from /Users/felipe.vasconcelos/repos/courses/python-learnings/.venv/lib/python3.10/site-packages/airflow/example_dags/example_trigger_target_dag.py
[2023-08-05T10:48:25.603+0200] {logging_mixin.py:150} INFO - [2023-08-05T10:48:25.603+0200] {dag.py:2742} INFO - Sync 1 DAGs
[2023-08-05T10:48:25.621+0200] {logging_mixin.py:150} INFO - [2023-08-05T10:48:25.621+0200] {dag.py:3504} INFO - Setting next_dagrun for example_trigger_target_dag to None, run_after=None
[2023-08-05T10:48:25.640+0200] {processor.py:179} INFO - Processing /Users/felipe.vasconcelos/repos/courses/python-learnings/.venv/lib/python3.10/site-packages/airflow/example_dags/example_trigger_target_dag.py took 0.757 seconds
[2023-08-05T10:50:36.767+0200] {processor.py:157} INFO - Started process (PID=82928) to work on /Users/felipe.vasconcelos/repos/courses/python-learnings/.venv/lib/python3.10/site-packages/airflow/example_dags/example_trigger_target_dag.py
[2023-08-05T10:50:36.773+0200] {processor.py:826} INFO - Processing file /Users/felipe.vasconcelos/repos/courses/python-learnings/.venv/lib/python3.10/site-packages/airflow/example_dags/example_trigger_target_dag.py for tasks to queue
[2023-08-05T10:50:36.774+0200] {logging_mixin.py:150} INFO - [2023-08-05T10:50:36.774+0200] {dagbag.py:541} INFO - Filling up the DagBag from /Users/felipe.vasconcelos/repos/courses/python-learnings/.venv/lib/python3.10/site-packages/airflow/example_dags/example_trigger_target_dag.py
[2023-08-05T10:50:36.833+0200] {processor.py:836} INFO - DAG(s) dict_keys(['example_trigger_target_dag']) retrieved from /Users/felipe.vasconcelos/repos/courses/python-learnings/.venv/lib/python3.10/site-packages/airflow/example_dags/example_trigger_target_dag.py
[2023-08-05T10:50:37.523+0200] {logging_mixin.py:150} INFO - [2023-08-05T10:50:37.523+0200] {dag.py:2742} INFO - Sync 1 DAGs
[2023-08-05T10:50:37.541+0200] {logging_mixin.py:150} INFO - [2023-08-05T10:50:37.541+0200] {dag.py:3504} INFO - Setting next_dagrun for example_trigger_target_dag to None, run_after=None
[2023-08-05T10:50:37.560+0200] {processor.py:179} INFO - Processing /Users/felipe.vasconcelos/repos/courses/python-learnings/.venv/lib/python3.10/site-packages/airflow/example_dags/example_trigger_target_dag.py took 0.794 seconds
[2023-08-05T10:52:57.880+0200] {processor.py:157} INFO - Started process (PID=82994) to work on /Users/felipe.vasconcelos/repos/courses/python-learnings/.venv/lib/python3.10/site-packages/airflow/example_dags/example_trigger_target_dag.py
[2023-08-05T10:52:57.886+0200] {processor.py:826} INFO - Processing file /Users/felipe.vasconcelos/repos/courses/python-learnings/.venv/lib/python3.10/site-packages/airflow/example_dags/example_trigger_target_dag.py for tasks to queue
[2023-08-05T10:52:57.887+0200] {logging_mixin.py:150} INFO - [2023-08-05T10:52:57.886+0200] {dagbag.py:541} INFO - Filling up the DagBag from /Users/felipe.vasconcelos/repos/courses/python-learnings/.venv/lib/python3.10/site-packages/airflow/example_dags/example_trigger_target_dag.py
[2023-08-05T10:52:57.944+0200] {processor.py:836} INFO - DAG(s) dict_keys(['example_trigger_target_dag']) retrieved from /Users/felipe.vasconcelos/repos/courses/python-learnings/.venv/lib/python3.10/site-packages/airflow/example_dags/example_trigger_target_dag.py
[2023-08-05T10:52:58.709+0200] {logging_mixin.py:150} INFO - [2023-08-05T10:52:58.709+0200] {dag.py:2742} INFO - Sync 1 DAGs
[2023-08-05T10:52:58.727+0200] {logging_mixin.py:150} INFO - [2023-08-05T10:52:58.727+0200] {dag.py:3504} INFO - Setting next_dagrun for example_trigger_target_dag to None, run_after=None
[2023-08-05T10:52:58.746+0200] {processor.py:179} INFO - Processing /Users/felipe.vasconcelos/repos/courses/python-learnings/.venv/lib/python3.10/site-packages/airflow/example_dags/example_trigger_target_dag.py took 0.868 seconds
[2023-08-05T10:55:13.294+0200] {processor.py:157} INFO - Started process (PID=83051) to work on /Users/felipe.vasconcelos/repos/courses/python-learnings/.venv/lib/python3.10/site-packages/airflow/example_dags/example_trigger_target_dag.py
[2023-08-05T10:55:13.300+0200] {processor.py:826} INFO - Processing file /Users/felipe.vasconcelos/repos/courses/python-learnings/.venv/lib/python3.10/site-packages/airflow/example_dags/example_trigger_target_dag.py for tasks to queue
[2023-08-05T10:55:13.301+0200] {logging_mixin.py:150} INFO - [2023-08-05T10:55:13.301+0200] {dagbag.py:541} INFO - Filling up the DagBag from /Users/felipe.vasconcelos/repos/courses/python-learnings/.venv/lib/python3.10/site-packages/airflow/example_dags/example_trigger_target_dag.py
[2023-08-05T10:55:13.399+0200] {processor.py:836} INFO - DAG(s) dict_keys(['example_trigger_target_dag']) retrieved from /Users/felipe.vasconcelos/repos/courses/python-learnings/.venv/lib/python3.10/site-packages/airflow/example_dags/example_trigger_target_dag.py
[2023-08-05T10:55:14.849+0200] {logging_mixin.py:150} INFO - [2023-08-05T10:55:14.848+0200] {dag.py:2742} INFO - Sync 1 DAGs
[2023-08-05T10:55:14.868+0200] {logging_mixin.py:150} INFO - [2023-08-05T10:55:14.867+0200] {dag.py:3504} INFO - Setting next_dagrun for example_trigger_target_dag to None, run_after=None
[2023-08-05T10:55:14.894+0200] {processor.py:179} INFO - Processing /Users/felipe.vasconcelos/repos/courses/python-learnings/.venv/lib/python3.10/site-packages/airflow/example_dags/example_trigger_target_dag.py took 1.601 seconds
[2023-08-05T10:57:20.737+0200] {processor.py:157} INFO - Started process (PID=83120) to work on /Users/felipe.vasconcelos/repos/courses/python-learnings/.venv/lib/python3.10/site-packages/airflow/example_dags/example_trigger_target_dag.py
[2023-08-05T10:57:20.744+0200] {processor.py:826} INFO - Processing file /Users/felipe.vasconcelos/repos/courses/python-learnings/.venv/lib/python3.10/site-packages/airflow/example_dags/example_trigger_target_dag.py for tasks to queue
[2023-08-05T10:57:20.744+0200] {logging_mixin.py:150} INFO - [2023-08-05T10:57:20.744+0200] {dagbag.py:541} INFO - Filling up the DagBag from /Users/felipe.vasconcelos/repos/courses/python-learnings/.venv/lib/python3.10/site-packages/airflow/example_dags/example_trigger_target_dag.py
[2023-08-05T10:57:20.808+0200] {processor.py:836} INFO - DAG(s) dict_keys(['example_trigger_target_dag']) retrieved from /Users/felipe.vasconcelos/repos/courses/python-learnings/.venv/lib/python3.10/site-packages/airflow/example_dags/example_trigger_target_dag.py
[2023-08-05T10:57:21.487+0200] {logging_mixin.py:150} INFO - [2023-08-05T10:57:21.486+0200] {dag.py:2742} INFO - Sync 1 DAGs
[2023-08-05T10:57:21.505+0200] {logging_mixin.py:150} INFO - [2023-08-05T10:57:21.505+0200] {dag.py:3504} INFO - Setting next_dagrun for example_trigger_target_dag to None, run_after=None
[2023-08-05T10:57:21.524+0200] {processor.py:179} INFO - Processing /Users/felipe.vasconcelos/repos/courses/python-learnings/.venv/lib/python3.10/site-packages/airflow/example_dags/example_trigger_target_dag.py took 0.788 seconds
[2023-08-05T11:10:31.632+0200] {processor.py:157} INFO - Started process (PID=83204) to work on /Users/felipe.vasconcelos/repos/courses/python-learnings/.venv/lib/python3.10/site-packages/airflow/example_dags/example_trigger_target_dag.py
[2023-08-05T11:10:31.666+0200] {processor.py:826} INFO - Processing file /Users/felipe.vasconcelos/repos/courses/python-learnings/.venv/lib/python3.10/site-packages/airflow/example_dags/example_trigger_target_dag.py for tasks to queue
[2023-08-05T11:10:31.670+0200] {logging_mixin.py:150} INFO - [2023-08-05T11:10:31.668+0200] {dagbag.py:541} INFO - Filling up the DagBag from /Users/felipe.vasconcelos/repos/courses/python-learnings/.venv/lib/python3.10/site-packages/airflow/example_dags/example_trigger_target_dag.py
[2023-08-05T11:10:32.036+0200] {processor.py:836} INFO - DAG(s) dict_keys(['example_trigger_target_dag']) retrieved from /Users/felipe.vasconcelos/repos/courses/python-learnings/.venv/lib/python3.10/site-packages/airflow/example_dags/example_trigger_target_dag.py
[2023-08-05T11:10:36.146+0200] {logging_mixin.py:150} INFO - [2023-08-05T11:10:36.145+0200] {dag.py:2742} INFO - Sync 1 DAGs
[2023-08-05T11:10:36.251+0200] {logging_mixin.py:150} INFO - [2023-08-05T11:10:36.250+0200] {dag.py:3504} INFO - Setting next_dagrun for example_trigger_target_dag to None, run_after=None
[2023-08-05T11:10:36.361+0200] {processor.py:179} INFO - Processing /Users/felipe.vasconcelos/repos/courses/python-learnings/.venv/lib/python3.10/site-packages/airflow/example_dags/example_trigger_target_dag.py took 4.736 seconds
[2023-08-05T11:14:02.177+0200] {processor.py:157} INFO - Started process (PID=83316) to work on /Users/felipe.vasconcelos/repos/courses/python-learnings/.venv/lib/python3.10/site-packages/airflow/example_dags/example_trigger_target_dag.py
[2023-08-05T11:14:02.183+0200] {processor.py:826} INFO - Processing file /Users/felipe.vasconcelos/repos/courses/python-learnings/.venv/lib/python3.10/site-packages/airflow/example_dags/example_trigger_target_dag.py for tasks to queue
[2023-08-05T11:14:02.184+0200] {logging_mixin.py:150} INFO - [2023-08-05T11:14:02.184+0200] {dagbag.py:541} INFO - Filling up the DagBag from /Users/felipe.vasconcelos/repos/courses/python-learnings/.venv/lib/python3.10/site-packages/airflow/example_dags/example_trigger_target_dag.py
[2023-08-05T11:14:02.244+0200] {processor.py:836} INFO - DAG(s) dict_keys(['example_trigger_target_dag']) retrieved from /Users/felipe.vasconcelos/repos/courses/python-learnings/.venv/lib/python3.10/site-packages/airflow/example_dags/example_trigger_target_dag.py
[2023-08-05T11:14:02.953+0200] {logging_mixin.py:150} INFO - [2023-08-05T11:14:02.952+0200] {dag.py:2742} INFO - Sync 1 DAGs
[2023-08-05T11:14:02.971+0200] {logging_mixin.py:150} INFO - [2023-08-05T11:14:02.971+0200] {dag.py:3504} INFO - Setting next_dagrun for example_trigger_target_dag to None, run_after=None
[2023-08-05T11:14:02.990+0200] {processor.py:179} INFO - Processing /Users/felipe.vasconcelos/repos/courses/python-learnings/.venv/lib/python3.10/site-packages/airflow/example_dags/example_trigger_target_dag.py took 0.815 seconds
[2023-08-05T11:16:05.377+0200] {processor.py:157} INFO - Started process (PID=83376) to work on /Users/felipe.vasconcelos/repos/courses/python-learnings/.venv/lib/python3.10/site-packages/airflow/example_dags/example_trigger_target_dag.py
[2023-08-05T11:16:05.383+0200] {processor.py:826} INFO - Processing file /Users/felipe.vasconcelos/repos/courses/python-learnings/.venv/lib/python3.10/site-packages/airflow/example_dags/example_trigger_target_dag.py for tasks to queue
[2023-08-05T11:16:05.384+0200] {logging_mixin.py:150} INFO - [2023-08-05T11:16:05.384+0200] {dagbag.py:541} INFO - Filling up the DagBag from /Users/felipe.vasconcelos/repos/courses/python-learnings/.venv/lib/python3.10/site-packages/airflow/example_dags/example_trigger_target_dag.py
[2023-08-05T11:16:05.441+0200] {processor.py:836} INFO - DAG(s) dict_keys(['example_trigger_target_dag']) retrieved from /Users/felipe.vasconcelos/repos/courses/python-learnings/.venv/lib/python3.10/site-packages/airflow/example_dags/example_trigger_target_dag.py
[2023-08-05T11:16:06.136+0200] {logging_mixin.py:150} INFO - [2023-08-05T11:16:06.136+0200] {dag.py:2742} INFO - Sync 1 DAGs
[2023-08-05T11:16:06.154+0200] {logging_mixin.py:150} INFO - [2023-08-05T11:16:06.154+0200] {dag.py:3504} INFO - Setting next_dagrun for example_trigger_target_dag to None, run_after=None
[2023-08-05T11:16:06.176+0200] {processor.py:179} INFO - Processing /Users/felipe.vasconcelos/repos/courses/python-learnings/.venv/lib/python3.10/site-packages/airflow/example_dags/example_trigger_target_dag.py took 0.800 seconds
[2023-08-05T11:18:12.602+0200] {processor.py:157} INFO - Started process (PID=83429) to work on /Users/felipe.vasconcelos/repos/courses/python-learnings/.venv/lib/python3.10/site-packages/airflow/example_dags/example_trigger_target_dag.py
[2023-08-05T11:18:12.609+0200] {processor.py:826} INFO - Processing file /Users/felipe.vasconcelos/repos/courses/python-learnings/.venv/lib/python3.10/site-packages/airflow/example_dags/example_trigger_target_dag.py for tasks to queue
[2023-08-05T11:18:12.610+0200] {logging_mixin.py:150} INFO - [2023-08-05T11:18:12.610+0200] {dagbag.py:541} INFO - Filling up the DagBag from /Users/felipe.vasconcelos/repos/courses/python-learnings/.venv/lib/python3.10/site-packages/airflow/example_dags/example_trigger_target_dag.py
[2023-08-05T11:18:12.669+0200] {processor.py:836} INFO - DAG(s) dict_keys(['example_trigger_target_dag']) retrieved from /Users/felipe.vasconcelos/repos/courses/python-learnings/.venv/lib/python3.10/site-packages/airflow/example_dags/example_trigger_target_dag.py
[2023-08-05T11:18:13.358+0200] {logging_mixin.py:150} INFO - [2023-08-05T11:18:13.358+0200] {dag.py:2742} INFO - Sync 1 DAGs
[2023-08-05T11:18:13.376+0200] {logging_mixin.py:150} INFO - [2023-08-05T11:18:13.375+0200] {dag.py:3504} INFO - Setting next_dagrun for example_trigger_target_dag to None, run_after=None
[2023-08-05T11:18:13.402+0200] {processor.py:179} INFO - Processing /Users/felipe.vasconcelos/repos/courses/python-learnings/.venv/lib/python3.10/site-packages/airflow/example_dags/example_trigger_target_dag.py took 0.801 seconds
[2023-08-05T11:20:25.571+0200] {processor.py:157} INFO - Started process (PID=83495) to work on /Users/felipe.vasconcelos/repos/courses/python-learnings/.venv/lib/python3.10/site-packages/airflow/example_dags/example_trigger_target_dag.py
[2023-08-05T11:20:25.578+0200] {processor.py:826} INFO - Processing file /Users/felipe.vasconcelos/repos/courses/python-learnings/.venv/lib/python3.10/site-packages/airflow/example_dags/example_trigger_target_dag.py for tasks to queue
[2023-08-05T11:20:25.579+0200] {logging_mixin.py:150} INFO - [2023-08-05T11:20:25.578+0200] {dagbag.py:541} INFO - Filling up the DagBag from /Users/felipe.vasconcelos/repos/courses/python-learnings/.venv/lib/python3.10/site-packages/airflow/example_dags/example_trigger_target_dag.py
[2023-08-05T11:20:25.638+0200] {processor.py:836} INFO - DAG(s) dict_keys(['example_trigger_target_dag']) retrieved from /Users/felipe.vasconcelos/repos/courses/python-learnings/.venv/lib/python3.10/site-packages/airflow/example_dags/example_trigger_target_dag.py
[2023-08-05T11:20:26.341+0200] {logging_mixin.py:150} INFO - [2023-08-05T11:20:26.340+0200] {dag.py:2742} INFO - Sync 1 DAGs
[2023-08-05T11:20:26.358+0200] {logging_mixin.py:150} INFO - [2023-08-05T11:20:26.358+0200] {dag.py:3504} INFO - Setting next_dagrun for example_trigger_target_dag to None, run_after=None
[2023-08-05T11:20:26.380+0200] {processor.py:179} INFO - Processing /Users/felipe.vasconcelos/repos/courses/python-learnings/.venv/lib/python3.10/site-packages/airflow/example_dags/example_trigger_target_dag.py took 0.810 seconds
[2023-08-05T11:22:50.631+0200] {processor.py:157} INFO - Started process (PID=83567) to work on /Users/felipe.vasconcelos/repos/courses/python-learnings/.venv/lib/python3.10/site-packages/airflow/example_dags/example_trigger_target_dag.py
[2023-08-05T11:22:50.637+0200] {processor.py:826} INFO - Processing file /Users/felipe.vasconcelos/repos/courses/python-learnings/.venv/lib/python3.10/site-packages/airflow/example_dags/example_trigger_target_dag.py for tasks to queue
[2023-08-05T11:22:50.638+0200] {logging_mixin.py:150} INFO - [2023-08-05T11:22:50.637+0200] {dagbag.py:541} INFO - Filling up the DagBag from /Users/felipe.vasconcelos/repos/courses/python-learnings/.venv/lib/python3.10/site-packages/airflow/example_dags/example_trigger_target_dag.py
[2023-08-05T11:22:50.697+0200] {processor.py:836} INFO - DAG(s) dict_keys(['example_trigger_target_dag']) retrieved from /Users/felipe.vasconcelos/repos/courses/python-learnings/.venv/lib/python3.10/site-packages/airflow/example_dags/example_trigger_target_dag.py
[2023-08-05T11:22:51.427+0200] {logging_mixin.py:150} INFO - [2023-08-05T11:22:51.427+0200] {dag.py:2742} INFO - Sync 1 DAGs
[2023-08-05T11:22:51.446+0200] {logging_mixin.py:150} INFO - [2023-08-05T11:22:51.446+0200] {dag.py:3504} INFO - Setting next_dagrun for example_trigger_target_dag to None, run_after=None
[2023-08-05T11:22:51.465+0200] {processor.py:179} INFO - Processing /Users/felipe.vasconcelos/repos/courses/python-learnings/.venv/lib/python3.10/site-packages/airflow/example_dags/example_trigger_target_dag.py took 0.836 seconds
[2023-08-05T11:25:05.804+0200] {processor.py:157} INFO - Started process (PID=83620) to work on /Users/felipe.vasconcelos/repos/courses/python-learnings/.venv/lib/python3.10/site-packages/airflow/example_dags/example_trigger_target_dag.py
[2023-08-05T11:25:05.811+0200] {processor.py:826} INFO - Processing file /Users/felipe.vasconcelos/repos/courses/python-learnings/.venv/lib/python3.10/site-packages/airflow/example_dags/example_trigger_target_dag.py for tasks to queue
[2023-08-05T11:25:05.811+0200] {logging_mixin.py:150} INFO - [2023-08-05T11:25:05.811+0200] {dagbag.py:541} INFO - Filling up the DagBag from /Users/felipe.vasconcelos/repos/courses/python-learnings/.venv/lib/python3.10/site-packages/airflow/example_dags/example_trigger_target_dag.py
[2023-08-05T11:25:05.878+0200] {processor.py:836} INFO - DAG(s) dict_keys(['example_trigger_target_dag']) retrieved from /Users/felipe.vasconcelos/repos/courses/python-learnings/.venv/lib/python3.10/site-packages/airflow/example_dags/example_trigger_target_dag.py
[2023-08-05T11:25:06.617+0200] {logging_mixin.py:150} INFO - [2023-08-05T11:25:06.616+0200] {dag.py:2742} INFO - Sync 1 DAGs
[2023-08-05T11:25:06.634+0200] {logging_mixin.py:150} INFO - [2023-08-05T11:25:06.634+0200] {dag.py:3504} INFO - Setting next_dagrun for example_trigger_target_dag to None, run_after=None
[2023-08-05T11:25:06.657+0200] {processor.py:179} INFO - Processing /Users/felipe.vasconcelos/repos/courses/python-learnings/.venv/lib/python3.10/site-packages/airflow/example_dags/example_trigger_target_dag.py took 0.853 seconds
[2023-08-05T11:27:22.298+0200] {processor.py:157} INFO - Started process (PID=83679) to work on /Users/felipe.vasconcelos/repos/courses/python-learnings/.venv/lib/python3.10/site-packages/airflow/example_dags/example_trigger_target_dag.py
[2023-08-05T11:27:22.308+0200] {processor.py:826} INFO - Processing file /Users/felipe.vasconcelos/repos/courses/python-learnings/.venv/lib/python3.10/site-packages/airflow/example_dags/example_trigger_target_dag.py for tasks to queue
[2023-08-05T11:27:22.309+0200] {logging_mixin.py:150} INFO - [2023-08-05T11:27:22.309+0200] {dagbag.py:541} INFO - Filling up the DagBag from /Users/felipe.vasconcelos/repos/courses/python-learnings/.venv/lib/python3.10/site-packages/airflow/example_dags/example_trigger_target_dag.py
[2023-08-05T11:27:22.445+0200] {processor.py:836} INFO - DAG(s) dict_keys(['example_trigger_target_dag']) retrieved from /Users/felipe.vasconcelos/repos/courses/python-learnings/.venv/lib/python3.10/site-packages/airflow/example_dags/example_trigger_target_dag.py
[2023-08-05T11:27:23.577+0200] {logging_mixin.py:150} INFO - [2023-08-05T11:27:23.577+0200] {dag.py:2742} INFO - Sync 1 DAGs
[2023-08-05T11:27:23.598+0200] {logging_mixin.py:150} INFO - [2023-08-05T11:27:23.598+0200] {dag.py:3504} INFO - Setting next_dagrun for example_trigger_target_dag to None, run_after=None
[2023-08-05T11:27:23.851+0200] {processor.py:179} INFO - Processing /Users/felipe.vasconcelos/repos/courses/python-learnings/.venv/lib/python3.10/site-packages/airflow/example_dags/example_trigger_target_dag.py took 1.556 seconds
[2023-08-05T11:29:31.550+0200] {processor.py:157} INFO - Started process (PID=83737) to work on /Users/felipe.vasconcelos/repos/courses/python-learnings/.venv/lib/python3.10/site-packages/airflow/example_dags/example_trigger_target_dag.py
[2023-08-05T11:29:31.556+0200] {processor.py:826} INFO - Processing file /Users/felipe.vasconcelos/repos/courses/python-learnings/.venv/lib/python3.10/site-packages/airflow/example_dags/example_trigger_target_dag.py for tasks to queue
[2023-08-05T11:29:31.557+0200] {logging_mixin.py:150} INFO - [2023-08-05T11:29:31.557+0200] {dagbag.py:541} INFO - Filling up the DagBag from /Users/felipe.vasconcelos/repos/courses/python-learnings/.venv/lib/python3.10/site-packages/airflow/example_dags/example_trigger_target_dag.py
[2023-08-05T11:29:31.615+0200] {processor.py:836} INFO - DAG(s) dict_keys(['example_trigger_target_dag']) retrieved from /Users/felipe.vasconcelos/repos/courses/python-learnings/.venv/lib/python3.10/site-packages/airflow/example_dags/example_trigger_target_dag.py
[2023-08-05T11:29:32.308+0200] {logging_mixin.py:150} INFO - [2023-08-05T11:29:32.307+0200] {dag.py:2742} INFO - Sync 1 DAGs
[2023-08-05T11:29:32.326+0200] {logging_mixin.py:150} INFO - [2023-08-05T11:29:32.326+0200] {dag.py:3504} INFO - Setting next_dagrun for example_trigger_target_dag to None, run_after=None
[2023-08-05T11:29:32.356+0200] {processor.py:179} INFO - Processing /Users/felipe.vasconcelos/repos/courses/python-learnings/.venv/lib/python3.10/site-packages/airflow/example_dags/example_trigger_target_dag.py took 0.807 seconds
[2023-08-05T11:32:32.037+0200] {processor.py:157} INFO - Started process (PID=83827) to work on /Users/felipe.vasconcelos/repos/courses/python-learnings/.venv/lib/python3.10/site-packages/airflow/example_dags/example_trigger_target_dag.py
[2023-08-05T11:32:32.044+0200] {processor.py:826} INFO - Processing file /Users/felipe.vasconcelos/repos/courses/python-learnings/.venv/lib/python3.10/site-packages/airflow/example_dags/example_trigger_target_dag.py for tasks to queue
[2023-08-05T11:32:32.045+0200] {logging_mixin.py:150} INFO - [2023-08-05T11:32:32.045+0200] {dagbag.py:541} INFO - Filling up the DagBag from /Users/felipe.vasconcelos/repos/courses/python-learnings/.venv/lib/python3.10/site-packages/airflow/example_dags/example_trigger_target_dag.py
[2023-08-05T11:32:32.250+0200] {processor.py:836} INFO - DAG(s) dict_keys(['example_trigger_target_dag']) retrieved from /Users/felipe.vasconcelos/repos/courses/python-learnings/.venv/lib/python3.10/site-packages/airflow/example_dags/example_trigger_target_dag.py
[2023-08-05T11:32:33.478+0200] {logging_mixin.py:150} INFO - [2023-08-05T11:32:33.477+0200] {dag.py:2742} INFO - Sync 1 DAGs
[2023-08-05T11:32:33.517+0200] {logging_mixin.py:150} INFO - [2023-08-05T11:32:33.517+0200] {dag.py:3504} INFO - Setting next_dagrun for example_trigger_target_dag to None, run_after=None
[2023-08-05T11:32:33.550+0200] {processor.py:179} INFO - Processing /Users/felipe.vasconcelos/repos/courses/python-learnings/.venv/lib/python3.10/site-packages/airflow/example_dags/example_trigger_target_dag.py took 1.514 seconds
[2023-08-05T11:35:05.937+0200] {processor.py:157} INFO - Started process (PID=83922) to work on /Users/felipe.vasconcelos/repos/courses/python-learnings/.venv/lib/python3.10/site-packages/airflow/example_dags/example_trigger_target_dag.py
[2023-08-05T11:35:05.944+0200] {processor.py:826} INFO - Processing file /Users/felipe.vasconcelos/repos/courses/python-learnings/.venv/lib/python3.10/site-packages/airflow/example_dags/example_trigger_target_dag.py for tasks to queue
[2023-08-05T11:35:05.945+0200] {logging_mixin.py:150} INFO - [2023-08-05T11:35:05.944+0200] {dagbag.py:541} INFO - Filling up the DagBag from /Users/felipe.vasconcelos/repos/courses/python-learnings/.venv/lib/python3.10/site-packages/airflow/example_dags/example_trigger_target_dag.py
[2023-08-05T11:35:06.004+0200] {processor.py:836} INFO - DAG(s) dict_keys(['example_trigger_target_dag']) retrieved from /Users/felipe.vasconcelos/repos/courses/python-learnings/.venv/lib/python3.10/site-packages/airflow/example_dags/example_trigger_target_dag.py
[2023-08-05T11:35:06.691+0200] {logging_mixin.py:150} INFO - [2023-08-05T11:35:06.690+0200] {dag.py:2742} INFO - Sync 1 DAGs
[2023-08-05T11:35:06.707+0200] {logging_mixin.py:150} INFO - [2023-08-05T11:35:06.707+0200] {dag.py:3504} INFO - Setting next_dagrun for example_trigger_target_dag to None, run_after=None
[2023-08-05T11:35:06.728+0200] {processor.py:179} INFO - Processing /Users/felipe.vasconcelos/repos/courses/python-learnings/.venv/lib/python3.10/site-packages/airflow/example_dags/example_trigger_target_dag.py took 0.792 seconds
[2023-08-05T11:37:21.067+0200] {processor.py:157} INFO - Started process (PID=83993) to work on /Users/felipe.vasconcelos/repos/courses/python-learnings/.venv/lib/python3.10/site-packages/airflow/example_dags/example_trigger_target_dag.py
[2023-08-05T11:37:21.074+0200] {processor.py:826} INFO - Processing file /Users/felipe.vasconcelos/repos/courses/python-learnings/.venv/lib/python3.10/site-packages/airflow/example_dags/example_trigger_target_dag.py for tasks to queue
[2023-08-05T11:37:21.075+0200] {logging_mixin.py:150} INFO - [2023-08-05T11:37:21.074+0200] {dagbag.py:541} INFO - Filling up the DagBag from /Users/felipe.vasconcelos/repos/courses/python-learnings/.venv/lib/python3.10/site-packages/airflow/example_dags/example_trigger_target_dag.py
[2023-08-05T11:37:21.140+0200] {processor.py:836} INFO - DAG(s) dict_keys(['example_trigger_target_dag']) retrieved from /Users/felipe.vasconcelos/repos/courses/python-learnings/.venv/lib/python3.10/site-packages/airflow/example_dags/example_trigger_target_dag.py
[2023-08-05T11:37:21.851+0200] {logging_mixin.py:150} INFO - [2023-08-05T11:37:21.850+0200] {dag.py:2742} INFO - Sync 1 DAGs
[2023-08-05T11:37:21.868+0200] {logging_mixin.py:150} INFO - [2023-08-05T11:37:21.868+0200] {dag.py:3504} INFO - Setting next_dagrun for example_trigger_target_dag to None, run_after=None
[2023-08-05T11:37:21.887+0200] {processor.py:179} INFO - Processing /Users/felipe.vasconcelos/repos/courses/python-learnings/.venv/lib/python3.10/site-packages/airflow/example_dags/example_trigger_target_dag.py took 0.822 seconds
[2023-08-05T11:39:33.998+0200] {processor.py:157} INFO - Started process (PID=84060) to work on /Users/felipe.vasconcelos/repos/courses/python-learnings/.venv/lib/python3.10/site-packages/airflow/example_dags/example_trigger_target_dag.py
[2023-08-05T11:39:34.004+0200] {processor.py:826} INFO - Processing file /Users/felipe.vasconcelos/repos/courses/python-learnings/.venv/lib/python3.10/site-packages/airflow/example_dags/example_trigger_target_dag.py for tasks to queue
[2023-08-05T11:39:34.005+0200] {logging_mixin.py:150} INFO - [2023-08-05T11:39:34.005+0200] {dagbag.py:541} INFO - Filling up the DagBag from /Users/felipe.vasconcelos/repos/courses/python-learnings/.venv/lib/python3.10/site-packages/airflow/example_dags/example_trigger_target_dag.py
[2023-08-05T11:39:34.085+0200] {processor.py:836} INFO - DAG(s) dict_keys(['example_trigger_target_dag']) retrieved from /Users/felipe.vasconcelos/repos/courses/python-learnings/.venv/lib/python3.10/site-packages/airflow/example_dags/example_trigger_target_dag.py
[2023-08-05T11:39:35.033+0200] {logging_mixin.py:150} INFO - [2023-08-05T11:39:35.033+0200] {dag.py:2742} INFO - Sync 1 DAGs
[2023-08-05T11:39:35.052+0200] {logging_mixin.py:150} INFO - [2023-08-05T11:39:35.051+0200] {dag.py:3504} INFO - Setting next_dagrun for example_trigger_target_dag to None, run_after=None
[2023-08-05T11:39:35.071+0200] {processor.py:179} INFO - Processing /Users/felipe.vasconcelos/repos/courses/python-learnings/.venv/lib/python3.10/site-packages/airflow/example_dags/example_trigger_target_dag.py took 1.074 seconds
[2023-08-05T11:41:41.867+0200] {processor.py:157} INFO - Started process (PID=84125) to work on /Users/felipe.vasconcelos/repos/courses/python-learnings/.venv/lib/python3.10/site-packages/airflow/example_dags/example_trigger_target_dag.py
[2023-08-05T11:41:41.874+0200] {processor.py:826} INFO - Processing file /Users/felipe.vasconcelos/repos/courses/python-learnings/.venv/lib/python3.10/site-packages/airflow/example_dags/example_trigger_target_dag.py for tasks to queue
[2023-08-05T11:41:41.875+0200] {logging_mixin.py:150} INFO - [2023-08-05T11:41:41.874+0200] {dagbag.py:541} INFO - Filling up the DagBag from /Users/felipe.vasconcelos/repos/courses/python-learnings/.venv/lib/python3.10/site-packages/airflow/example_dags/example_trigger_target_dag.py
[2023-08-05T11:41:41.932+0200] {processor.py:836} INFO - DAG(s) dict_keys(['example_trigger_target_dag']) retrieved from /Users/felipe.vasconcelos/repos/courses/python-learnings/.venv/lib/python3.10/site-packages/airflow/example_dags/example_trigger_target_dag.py
[2023-08-05T11:41:42.631+0200] {logging_mixin.py:150} INFO - [2023-08-05T11:41:42.631+0200] {dag.py:2742} INFO - Sync 1 DAGs
[2023-08-05T11:41:42.649+0200] {logging_mixin.py:150} INFO - [2023-08-05T11:41:42.648+0200] {dag.py:3504} INFO - Setting next_dagrun for example_trigger_target_dag to None, run_after=None
[2023-08-05T11:41:42.668+0200] {processor.py:179} INFO - Processing /Users/felipe.vasconcelos/repos/courses/python-learnings/.venv/lib/python3.10/site-packages/airflow/example_dags/example_trigger_target_dag.py took 0.802 seconds
[2023-08-05T11:43:49.633+0200] {processor.py:157} INFO - Started process (PID=84182) to work on /Users/felipe.vasconcelos/repos/courses/python-learnings/.venv/lib/python3.10/site-packages/airflow/example_dags/example_trigger_target_dag.py
[2023-08-05T11:43:49.639+0200] {processor.py:826} INFO - Processing file /Users/felipe.vasconcelos/repos/courses/python-learnings/.venv/lib/python3.10/site-packages/airflow/example_dags/example_trigger_target_dag.py for tasks to queue
[2023-08-05T11:43:49.640+0200] {logging_mixin.py:150} INFO - [2023-08-05T11:43:49.640+0200] {dagbag.py:541} INFO - Filling up the DagBag from /Users/felipe.vasconcelos/repos/courses/python-learnings/.venv/lib/python3.10/site-packages/airflow/example_dags/example_trigger_target_dag.py
[2023-08-05T11:43:49.702+0200] {processor.py:836} INFO - DAG(s) dict_keys(['example_trigger_target_dag']) retrieved from /Users/felipe.vasconcelos/repos/courses/python-learnings/.venv/lib/python3.10/site-packages/airflow/example_dags/example_trigger_target_dag.py
[2023-08-05T11:43:50.426+0200] {logging_mixin.py:150} INFO - [2023-08-05T11:43:50.425+0200] {dag.py:2742} INFO - Sync 1 DAGs
[2023-08-05T11:43:50.443+0200] {logging_mixin.py:150} INFO - [2023-08-05T11:43:50.443+0200] {dag.py:3504} INFO - Setting next_dagrun for example_trigger_target_dag to None, run_after=None
[2023-08-05T11:43:50.462+0200] {processor.py:179} INFO - Processing /Users/felipe.vasconcelos/repos/courses/python-learnings/.venv/lib/python3.10/site-packages/airflow/example_dags/example_trigger_target_dag.py took 0.831 seconds
[2023-08-05T11:45:55.955+0200] {processor.py:157} INFO - Started process (PID=84249) to work on /Users/felipe.vasconcelos/repos/courses/python-learnings/.venv/lib/python3.10/site-packages/airflow/example_dags/example_trigger_target_dag.py
[2023-08-05T11:45:55.962+0200] {processor.py:826} INFO - Processing file /Users/felipe.vasconcelos/repos/courses/python-learnings/.venv/lib/python3.10/site-packages/airflow/example_dags/example_trigger_target_dag.py for tasks to queue
[2023-08-05T11:45:55.963+0200] {logging_mixin.py:150} INFO - [2023-08-05T11:45:55.963+0200] {dagbag.py:541} INFO - Filling up the DagBag from /Users/felipe.vasconcelos/repos/courses/python-learnings/.venv/lib/python3.10/site-packages/airflow/example_dags/example_trigger_target_dag.py
[2023-08-05T11:45:56.027+0200] {processor.py:836} INFO - DAG(s) dict_keys(['example_trigger_target_dag']) retrieved from /Users/felipe.vasconcelos/repos/courses/python-learnings/.venv/lib/python3.10/site-packages/airflow/example_dags/example_trigger_target_dag.py
[2023-08-05T11:45:57.262+0200] {logging_mixin.py:150} INFO - [2023-08-05T11:45:57.262+0200] {dag.py:2742} INFO - Sync 1 DAGs
[2023-08-05T11:45:57.289+0200] {logging_mixin.py:150} INFO - [2023-08-05T11:45:57.289+0200] {dag.py:3504} INFO - Setting next_dagrun for example_trigger_target_dag to None, run_after=None
[2023-08-05T11:45:57.314+0200] {processor.py:179} INFO - Processing /Users/felipe.vasconcelos/repos/courses/python-learnings/.venv/lib/python3.10/site-packages/airflow/example_dags/example_trigger_target_dag.py took 1.360 seconds
[2023-08-05T11:48:43.207+0200] {processor.py:157} INFO - Started process (PID=84347) to work on /Users/felipe.vasconcelos/repos/courses/python-learnings/.venv/lib/python3.10/site-packages/airflow/example_dags/example_trigger_target_dag.py
[2023-08-05T11:48:43.213+0200] {processor.py:826} INFO - Processing file /Users/felipe.vasconcelos/repos/courses/python-learnings/.venv/lib/python3.10/site-packages/airflow/example_dags/example_trigger_target_dag.py for tasks to queue
[2023-08-05T11:48:43.214+0200] {logging_mixin.py:150} INFO - [2023-08-05T11:48:43.214+0200] {dagbag.py:541} INFO - Filling up the DagBag from /Users/felipe.vasconcelos/repos/courses/python-learnings/.venv/lib/python3.10/site-packages/airflow/example_dags/example_trigger_target_dag.py
[2023-08-05T11:48:43.356+0200] {processor.py:836} INFO - DAG(s) dict_keys(['example_trigger_target_dag']) retrieved from /Users/felipe.vasconcelos/repos/courses/python-learnings/.venv/lib/python3.10/site-packages/airflow/example_dags/example_trigger_target_dag.py
[2023-08-05T11:48:45.664+0200] {logging_mixin.py:150} INFO - [2023-08-05T11:48:45.663+0200] {dag.py:2742} INFO - Sync 1 DAGs
[2023-08-05T11:48:45.702+0200] {logging_mixin.py:150} INFO - [2023-08-05T11:48:45.702+0200] {dag.py:3504} INFO - Setting next_dagrun for example_trigger_target_dag to None, run_after=None
[2023-08-05T11:48:45.777+0200] {processor.py:179} INFO - Processing /Users/felipe.vasconcelos/repos/courses/python-learnings/.venv/lib/python3.10/site-packages/airflow/example_dags/example_trigger_target_dag.py took 2.572 seconds
[2023-08-05T11:51:08.878+0200] {processor.py:157} INFO - Started process (PID=84425) to work on /Users/felipe.vasconcelos/repos/courses/python-learnings/.venv/lib/python3.10/site-packages/airflow/example_dags/example_trigger_target_dag.py
[2023-08-05T11:51:08.884+0200] {processor.py:826} INFO - Processing file /Users/felipe.vasconcelos/repos/courses/python-learnings/.venv/lib/python3.10/site-packages/airflow/example_dags/example_trigger_target_dag.py for tasks to queue
[2023-08-05T11:51:08.884+0200] {logging_mixin.py:150} INFO - [2023-08-05T11:51:08.884+0200] {dagbag.py:541} INFO - Filling up the DagBag from /Users/felipe.vasconcelos/repos/courses/python-learnings/.venv/lib/python3.10/site-packages/airflow/example_dags/example_trigger_target_dag.py
[2023-08-05T11:51:08.945+0200] {processor.py:836} INFO - DAG(s) dict_keys(['example_trigger_target_dag']) retrieved from /Users/felipe.vasconcelos/repos/courses/python-learnings/.venv/lib/python3.10/site-packages/airflow/example_dags/example_trigger_target_dag.py
[2023-08-05T11:51:09.683+0200] {logging_mixin.py:150} INFO - [2023-08-05T11:51:09.683+0200] {dag.py:2742} INFO - Sync 1 DAGs
[2023-08-05T11:51:09.702+0200] {logging_mixin.py:150} INFO - [2023-08-05T11:51:09.701+0200] {dag.py:3504} INFO - Setting next_dagrun for example_trigger_target_dag to None, run_after=None
[2023-08-05T11:51:09.722+0200] {processor.py:179} INFO - Processing /Users/felipe.vasconcelos/repos/courses/python-learnings/.venv/lib/python3.10/site-packages/airflow/example_dags/example_trigger_target_dag.py took 0.845 seconds
[2023-08-05T11:53:22.055+0200] {processor.py:157} INFO - Started process (PID=84484) to work on /Users/felipe.vasconcelos/repos/courses/python-learnings/.venv/lib/python3.10/site-packages/airflow/example_dags/example_trigger_target_dag.py
[2023-08-05T11:53:22.065+0200] {processor.py:826} INFO - Processing file /Users/felipe.vasconcelos/repos/courses/python-learnings/.venv/lib/python3.10/site-packages/airflow/example_dags/example_trigger_target_dag.py for tasks to queue
[2023-08-05T11:53:22.066+0200] {logging_mixin.py:150} INFO - [2023-08-05T11:53:22.065+0200] {dagbag.py:541} INFO - Filling up the DagBag from /Users/felipe.vasconcelos/repos/courses/python-learnings/.venv/lib/python3.10/site-packages/airflow/example_dags/example_trigger_target_dag.py
[2023-08-05T11:53:22.170+0200] {processor.py:836} INFO - DAG(s) dict_keys(['example_trigger_target_dag']) retrieved from /Users/felipe.vasconcelos/repos/courses/python-learnings/.venv/lib/python3.10/site-packages/airflow/example_dags/example_trigger_target_dag.py
[2023-08-05T11:53:23.255+0200] {logging_mixin.py:150} INFO - [2023-08-05T11:53:23.255+0200] {dag.py:2742} INFO - Sync 1 DAGs
[2023-08-05T11:53:23.284+0200] {logging_mixin.py:150} INFO - [2023-08-05T11:53:23.284+0200] {dag.py:3504} INFO - Setting next_dagrun for example_trigger_target_dag to None, run_after=None
[2023-08-05T11:53:23.311+0200] {processor.py:179} INFO - Processing /Users/felipe.vasconcelos/repos/courses/python-learnings/.venv/lib/python3.10/site-packages/airflow/example_dags/example_trigger_target_dag.py took 1.259 seconds
[2023-08-05T11:55:31.228+0200] {processor.py:157} INFO - Started process (PID=84553) to work on /Users/felipe.vasconcelos/repos/courses/python-learnings/.venv/lib/python3.10/site-packages/airflow/example_dags/example_trigger_target_dag.py
[2023-08-05T11:55:31.234+0200] {processor.py:826} INFO - Processing file /Users/felipe.vasconcelos/repos/courses/python-learnings/.venv/lib/python3.10/site-packages/airflow/example_dags/example_trigger_target_dag.py for tasks to queue
[2023-08-05T11:55:31.235+0200] {logging_mixin.py:150} INFO - [2023-08-05T11:55:31.235+0200] {dagbag.py:541} INFO - Filling up the DagBag from /Users/felipe.vasconcelos/repos/courses/python-learnings/.venv/lib/python3.10/site-packages/airflow/example_dags/example_trigger_target_dag.py
[2023-08-05T11:55:31.294+0200] {processor.py:836} INFO - DAG(s) dict_keys(['example_trigger_target_dag']) retrieved from /Users/felipe.vasconcelos/repos/courses/python-learnings/.venv/lib/python3.10/site-packages/airflow/example_dags/example_trigger_target_dag.py
[2023-08-05T11:55:31.998+0200] {logging_mixin.py:150} INFO - [2023-08-05T11:55:31.998+0200] {dag.py:2742} INFO - Sync 1 DAGs
[2023-08-05T11:55:32.016+0200] {logging_mixin.py:150} INFO - [2023-08-05T11:55:32.016+0200] {dag.py:3504} INFO - Setting next_dagrun for example_trigger_target_dag to None, run_after=None
[2023-08-05T11:55:32.036+0200] {processor.py:179} INFO - Processing /Users/felipe.vasconcelos/repos/courses/python-learnings/.venv/lib/python3.10/site-packages/airflow/example_dags/example_trigger_target_dag.py took 0.809 seconds
[2023-08-05T11:57:36.041+0200] {processor.py:157} INFO - Started process (PID=84618) to work on /Users/felipe.vasconcelos/repos/courses/python-learnings/.venv/lib/python3.10/site-packages/airflow/example_dags/example_trigger_target_dag.py
[2023-08-05T11:57:36.048+0200] {processor.py:826} INFO - Processing file /Users/felipe.vasconcelos/repos/courses/python-learnings/.venv/lib/python3.10/site-packages/airflow/example_dags/example_trigger_target_dag.py for tasks to queue
[2023-08-05T11:57:36.049+0200] {logging_mixin.py:150} INFO - [2023-08-05T11:57:36.049+0200] {dagbag.py:541} INFO - Filling up the DagBag from /Users/felipe.vasconcelos/repos/courses/python-learnings/.venv/lib/python3.10/site-packages/airflow/example_dags/example_trigger_target_dag.py
[2023-08-05T11:57:36.186+0200] {processor.py:836} INFO - DAG(s) dict_keys(['example_trigger_target_dag']) retrieved from /Users/felipe.vasconcelos/repos/courses/python-learnings/.venv/lib/python3.10/site-packages/airflow/example_dags/example_trigger_target_dag.py
[2023-08-05T11:57:36.941+0200] {logging_mixin.py:150} INFO - [2023-08-05T11:57:36.940+0200] {dag.py:2742} INFO - Sync 1 DAGs
[2023-08-05T11:57:36.961+0200] {logging_mixin.py:150} INFO - [2023-08-05T11:57:36.961+0200] {dag.py:3504} INFO - Setting next_dagrun for example_trigger_target_dag to None, run_after=None
[2023-08-05T11:57:36.993+0200] {processor.py:179} INFO - Processing /Users/felipe.vasconcelos/repos/courses/python-learnings/.venv/lib/python3.10/site-packages/airflow/example_dags/example_trigger_target_dag.py took 0.953 seconds
[2023-08-05T12:00:45.664+0200] {processor.py:157} INFO - Started process (PID=84729) to work on /Users/felipe.vasconcelos/repos/courses/python-learnings/.venv/lib/python3.10/site-packages/airflow/example_dags/example_trigger_target_dag.py
[2023-08-05T12:00:45.672+0200] {processor.py:826} INFO - Processing file /Users/felipe.vasconcelos/repos/courses/python-learnings/.venv/lib/python3.10/site-packages/airflow/example_dags/example_trigger_target_dag.py for tasks to queue
[2023-08-05T12:00:45.673+0200] {logging_mixin.py:150} INFO - [2023-08-05T12:00:45.673+0200] {dagbag.py:541} INFO - Filling up the DagBag from /Users/felipe.vasconcelos/repos/courses/python-learnings/.venv/lib/python3.10/site-packages/airflow/example_dags/example_trigger_target_dag.py
[2023-08-05T12:00:45.736+0200] {processor.py:836} INFO - DAG(s) dict_keys(['example_trigger_target_dag']) retrieved from /Users/felipe.vasconcelos/repos/courses/python-learnings/.venv/lib/python3.10/site-packages/airflow/example_dags/example_trigger_target_dag.py
[2023-08-05T12:00:46.618+0200] {logging_mixin.py:150} INFO - [2023-08-05T12:00:46.616+0200] {dag.py:2742} INFO - Sync 1 DAGs
[2023-08-05T12:00:46.655+0200] {logging_mixin.py:150} INFO - [2023-08-05T12:00:46.655+0200] {dag.py:3504} INFO - Setting next_dagrun for example_trigger_target_dag to None, run_after=None
[2023-08-05T12:00:46.678+0200] {processor.py:179} INFO - Processing /Users/felipe.vasconcelos/repos/courses/python-learnings/.venv/lib/python3.10/site-packages/airflow/example_dags/example_trigger_target_dag.py took 1.015 seconds
[2023-08-05T12:04:16.119+0200] {processor.py:157} INFO - Started process (PID=84882) to work on /Users/felipe.vasconcelos/repos/courses/python-learnings/.venv/lib/python3.10/site-packages/airflow/example_dags/example_trigger_target_dag.py
[2023-08-05T12:04:16.125+0200] {processor.py:826} INFO - Processing file /Users/felipe.vasconcelos/repos/courses/python-learnings/.venv/lib/python3.10/site-packages/airflow/example_dags/example_trigger_target_dag.py for tasks to queue
[2023-08-05T12:04:16.125+0200] {logging_mixin.py:150} INFO - [2023-08-05T12:04:16.125+0200] {dagbag.py:541} INFO - Filling up the DagBag from /Users/felipe.vasconcelos/repos/courses/python-learnings/.venv/lib/python3.10/site-packages/airflow/example_dags/example_trigger_target_dag.py
[2023-08-05T12:04:16.249+0200] {processor.py:836} INFO - DAG(s) dict_keys(['example_trigger_target_dag']) retrieved from /Users/felipe.vasconcelos/repos/courses/python-learnings/.venv/lib/python3.10/site-packages/airflow/example_dags/example_trigger_target_dag.py
[2023-08-05T12:04:17.327+0200] {logging_mixin.py:150} INFO - [2023-08-05T12:04:17.326+0200] {dag.py:2742} INFO - Sync 1 DAGs
[2023-08-05T12:04:17.374+0200] {logging_mixin.py:150} INFO - [2023-08-05T12:04:17.374+0200] {dag.py:3504} INFO - Setting next_dagrun for example_trigger_target_dag to None, run_after=None
[2023-08-05T12:04:17.404+0200] {processor.py:179} INFO - Processing /Users/felipe.vasconcelos/repos/courses/python-learnings/.venv/lib/python3.10/site-packages/airflow/example_dags/example_trigger_target_dag.py took 1.287 seconds
