[2023-08-05T10:41:25.235+0200] {processor.py:157} INFO - Started process (PID=82640) to work on /Users/felipe.vasconcelos/repos/courses/python-learnings/.venv/lib/python3.10/site-packages/airflow/example_dags/example_branch_day_of_week_operator.py
[2023-08-05T10:41:25.241+0200] {processor.py:826} INFO - Processing file /Users/felipe.vasconcelos/repos/courses/python-learnings/.venv/lib/python3.10/site-packages/airflow/example_dags/example_branch_day_of_week_operator.py for tasks to queue
[2023-08-05T10:41:25.241+0200] {logging_mixin.py:150} INFO - [2023-08-05T10:41:25.241+0200] {dagbag.py:541} INFO - Filling up the DagBag from /Users/felipe.vasconcelos/repos/courses/python-learnings/.venv/lib/python3.10/site-packages/airflow/example_dags/example_branch_day_of_week_operator.py
[2023-08-05T10:41:25.275+0200] {processor.py:836} INFO - DAG(s) dict_keys(['example_weekday_branch_operator']) retrieved from /Users/felipe.vasconcelos/repos/courses/python-learnings/.venv/lib/python3.10/site-packages/airflow/example_dags/example_branch_day_of_week_operator.py
[2023-08-05T10:41:26.198+0200] {logging_mixin.py:150} INFO - [2023-08-05T10:41:26.198+0200] {manager.py:504} INFO - Created Permission View: can read on DAG:example_weekday_branch_operator
[2023-08-05T10:41:26.211+0200] {logging_mixin.py:150} INFO - [2023-08-05T10:41:26.211+0200] {manager.py:504} INFO - Created Permission View: can edit on DAG:example_weekday_branch_operator
[2023-08-05T10:41:26.219+0200] {logging_mixin.py:150} INFO - [2023-08-05T10:41:26.219+0200] {manager.py:504} INFO - Created Permission View: can delete on DAG:example_weekday_branch_operator
[2023-08-05T10:41:26.234+0200] {logging_mixin.py:150} INFO - [2023-08-05T10:41:26.233+0200] {dag.py:2742} INFO - Sync 1 DAGs
[2023-08-05T10:41:26.245+0200] {logging_mixin.py:150} INFO - [2023-08-05T10:41:26.245+0200] {dag.py:2763} INFO - Creating ORM DAG for example_weekday_branch_operator
[2023-08-05T10:41:26.260+0200] {logging_mixin.py:150} INFO - [2023-08-05T10:41:26.260+0200] {dag.py:3504} INFO - Setting next_dagrun for example_weekday_branch_operator to 2023-08-04T00:00:00+00:00, run_after=2023-08-05T00:00:00+00:00
[2023-08-05T10:41:26.292+0200] {processor.py:179} INFO - Processing /Users/felipe.vasconcelos/repos/courses/python-learnings/.venv/lib/python3.10/site-packages/airflow/example_dags/example_branch_day_of_week_operator.py took 1.059 seconds
[2023-08-05T10:47:43.307+0200] {processor.py:157} INFO - Started process (PID=82850) to work on /Users/felipe.vasconcelos/repos/courses/python-learnings/.venv/lib/python3.10/site-packages/airflow/example_dags/example_branch_day_of_week_operator.py
[2023-08-05T10:47:43.313+0200] {processor.py:826} INFO - Processing file /Users/felipe.vasconcelos/repos/courses/python-learnings/.venv/lib/python3.10/site-packages/airflow/example_dags/example_branch_day_of_week_operator.py for tasks to queue
[2023-08-05T10:47:43.314+0200] {logging_mixin.py:150} INFO - [2023-08-05T10:47:43.314+0200] {dagbag.py:541} INFO - Filling up the DagBag from /Users/felipe.vasconcelos/repos/courses/python-learnings/.venv/lib/python3.10/site-packages/airflow/example_dags/example_branch_day_of_week_operator.py
[2023-08-05T10:47:43.347+0200] {processor.py:836} INFO - DAG(s) dict_keys(['example_weekday_branch_operator']) retrieved from /Users/felipe.vasconcelos/repos/courses/python-learnings/.venv/lib/python3.10/site-packages/airflow/example_dags/example_branch_day_of_week_operator.py
[2023-08-05T10:47:44.043+0200] {logging_mixin.py:150} INFO - [2023-08-05T10:47:44.043+0200] {dag.py:2742} INFO - Sync 1 DAGs
[2023-08-05T10:47:44.061+0200] {logging_mixin.py:150} INFO - [2023-08-05T10:47:44.061+0200] {dag.py:3504} INFO - Setting next_dagrun for example_weekday_branch_operator to 2023-08-04T00:00:00+00:00, run_after=2023-08-05T00:00:00+00:00
[2023-08-05T10:47:44.081+0200] {processor.py:179} INFO - Processing /Users/felipe.vasconcelos/repos/courses/python-learnings/.venv/lib/python3.10/site-packages/airflow/example_dags/example_branch_day_of_week_operator.py took 0.775 seconds
[2023-08-05T10:52:13.018+0200] {processor.py:157} INFO - Started process (PID=82976) to work on /Users/felipe.vasconcelos/repos/courses/python-learnings/.venv/lib/python3.10/site-packages/airflow/example_dags/example_branch_day_of_week_operator.py
[2023-08-05T10:52:13.026+0200] {processor.py:826} INFO - Processing file /Users/felipe.vasconcelos/repos/courses/python-learnings/.venv/lib/python3.10/site-packages/airflow/example_dags/example_branch_day_of_week_operator.py for tasks to queue
[2023-08-05T10:52:13.027+0200] {logging_mixin.py:150} INFO - [2023-08-05T10:52:13.027+0200] {dagbag.py:541} INFO - Filling up the DagBag from /Users/felipe.vasconcelos/repos/courses/python-learnings/.venv/lib/python3.10/site-packages/airflow/example_dags/example_branch_day_of_week_operator.py
[2023-08-05T10:52:13.091+0200] {processor.py:836} INFO - DAG(s) dict_keys(['example_weekday_branch_operator']) retrieved from /Users/felipe.vasconcelos/repos/courses/python-learnings/.venv/lib/python3.10/site-packages/airflow/example_dags/example_branch_day_of_week_operator.py
[2023-08-05T10:52:13.774+0200] {logging_mixin.py:150} INFO - [2023-08-05T10:52:13.774+0200] {dag.py:2742} INFO - Sync 1 DAGs
[2023-08-05T10:52:13.792+0200] {logging_mixin.py:150} INFO - [2023-08-05T10:52:13.792+0200] {dag.py:3504} INFO - Setting next_dagrun for example_weekday_branch_operator to 2023-08-04T00:00:00+00:00, run_after=2023-08-05T00:00:00+00:00
[2023-08-05T10:52:13.811+0200] {processor.py:179} INFO - Processing /Users/felipe.vasconcelos/repos/courses/python-learnings/.venv/lib/python3.10/site-packages/airflow/example_dags/example_branch_day_of_week_operator.py took 0.794 seconds
[2023-08-05T10:56:37.767+0200] {processor.py:157} INFO - Started process (PID=83094) to work on /Users/felipe.vasconcelos/repos/courses/python-learnings/.venv/lib/python3.10/site-packages/airflow/example_dags/example_branch_day_of_week_operator.py
[2023-08-05T10:56:37.773+0200] {processor.py:826} INFO - Processing file /Users/felipe.vasconcelos/repos/courses/python-learnings/.venv/lib/python3.10/site-packages/airflow/example_dags/example_branch_day_of_week_operator.py for tasks to queue
[2023-08-05T10:56:37.774+0200] {logging_mixin.py:150} INFO - [2023-08-05T10:56:37.774+0200] {dagbag.py:541} INFO - Filling up the DagBag from /Users/felipe.vasconcelos/repos/courses/python-learnings/.venv/lib/python3.10/site-packages/airflow/example_dags/example_branch_day_of_week_operator.py
[2023-08-05T10:56:37.807+0200] {processor.py:836} INFO - DAG(s) dict_keys(['example_weekday_branch_operator']) retrieved from /Users/felipe.vasconcelos/repos/courses/python-learnings/.venv/lib/python3.10/site-packages/airflow/example_dags/example_branch_day_of_week_operator.py
[2023-08-05T10:56:38.587+0200] {logging_mixin.py:150} INFO - [2023-08-05T10:56:38.587+0200] {dag.py:2742} INFO - Sync 1 DAGs
[2023-08-05T10:56:38.607+0200] {logging_mixin.py:150} INFO - [2023-08-05T10:56:38.607+0200] {dag.py:3504} INFO - Setting next_dagrun for example_weekday_branch_operator to 2023-08-04T00:00:00+00:00, run_after=2023-08-05T00:00:00+00:00
[2023-08-05T10:56:38.631+0200] {processor.py:179} INFO - Processing /Users/felipe.vasconcelos/repos/courses/python-learnings/.venv/lib/python3.10/site-packages/airflow/example_dags/example_branch_day_of_week_operator.py took 0.865 seconds
[2023-08-05T11:13:10.493+0200] {processor.py:157} INFO - Started process (PID=83288) to work on /Users/felipe.vasconcelos/repos/courses/python-learnings/.venv/lib/python3.10/site-packages/airflow/example_dags/example_branch_day_of_week_operator.py
[2023-08-05T11:13:10.499+0200] {processor.py:826} INFO - Processing file /Users/felipe.vasconcelos/repos/courses/python-learnings/.venv/lib/python3.10/site-packages/airflow/example_dags/example_branch_day_of_week_operator.py for tasks to queue
[2023-08-05T11:13:10.500+0200] {logging_mixin.py:150} INFO - [2023-08-05T11:13:10.500+0200] {dagbag.py:541} INFO - Filling up the DagBag from /Users/felipe.vasconcelos/repos/courses/python-learnings/.venv/lib/python3.10/site-packages/airflow/example_dags/example_branch_day_of_week_operator.py
[2023-08-05T11:13:10.535+0200] {processor.py:836} INFO - DAG(s) dict_keys(['example_weekday_branch_operator']) retrieved from /Users/felipe.vasconcelos/repos/courses/python-learnings/.venv/lib/python3.10/site-packages/airflow/example_dags/example_branch_day_of_week_operator.py
[2023-08-05T11:13:11.232+0200] {logging_mixin.py:150} INFO - [2023-08-05T11:13:11.232+0200] {dag.py:2742} INFO - Sync 1 DAGs
[2023-08-05T11:13:11.250+0200] {logging_mixin.py:150} INFO - [2023-08-05T11:13:11.250+0200] {dag.py:3504} INFO - Setting next_dagrun for example_weekday_branch_operator to 2023-08-04T00:00:00+00:00, run_after=2023-08-05T00:00:00+00:00
[2023-08-05T11:13:11.268+0200] {processor.py:179} INFO - Processing /Users/felipe.vasconcelos/repos/courses/python-learnings/.venv/lib/python3.10/site-packages/airflow/example_dags/example_branch_day_of_week_operator.py took 0.776 seconds
[2023-08-05T11:17:28.893+0200] {processor.py:157} INFO - Started process (PID=83411) to work on /Users/felipe.vasconcelos/repos/courses/python-learnings/.venv/lib/python3.10/site-packages/airflow/example_dags/example_branch_day_of_week_operator.py
[2023-08-05T11:17:28.900+0200] {processor.py:826} INFO - Processing file /Users/felipe.vasconcelos/repos/courses/python-learnings/.venv/lib/python3.10/site-packages/airflow/example_dags/example_branch_day_of_week_operator.py for tasks to queue
[2023-08-05T11:17:28.901+0200] {logging_mixin.py:150} INFO - [2023-08-05T11:17:28.901+0200] {dagbag.py:541} INFO - Filling up the DagBag from /Users/felipe.vasconcelos/repos/courses/python-learnings/.venv/lib/python3.10/site-packages/airflow/example_dags/example_branch_day_of_week_operator.py
[2023-08-05T11:17:28.930+0200] {processor.py:836} INFO - DAG(s) dict_keys(['example_weekday_branch_operator']) retrieved from /Users/felipe.vasconcelos/repos/courses/python-learnings/.venv/lib/python3.10/site-packages/airflow/example_dags/example_branch_day_of_week_operator.py
[2023-08-05T11:17:29.701+0200] {logging_mixin.py:150} INFO - [2023-08-05T11:17:29.701+0200] {dag.py:2742} INFO - Sync 1 DAGs
[2023-08-05T11:17:29.721+0200] {logging_mixin.py:150} INFO - [2023-08-05T11:17:29.721+0200] {dag.py:3504} INFO - Setting next_dagrun for example_weekday_branch_operator to 2023-08-04T00:00:00+00:00, run_after=2023-08-05T00:00:00+00:00
[2023-08-05T11:17:29.740+0200] {processor.py:179} INFO - Processing /Users/felipe.vasconcelos/repos/courses/python-learnings/.venv/lib/python3.10/site-packages/airflow/example_dags/example_branch_day_of_week_operator.py took 0.847 seconds
[2023-08-05T11:22:04.570+0200] {processor.py:157} INFO - Started process (PID=83548) to work on /Users/felipe.vasconcelos/repos/courses/python-learnings/.venv/lib/python3.10/site-packages/airflow/example_dags/example_branch_day_of_week_operator.py
[2023-08-05T11:22:04.576+0200] {processor.py:826} INFO - Processing file /Users/felipe.vasconcelos/repos/courses/python-learnings/.venv/lib/python3.10/site-packages/airflow/example_dags/example_branch_day_of_week_operator.py for tasks to queue
[2023-08-05T11:22:04.577+0200] {logging_mixin.py:150} INFO - [2023-08-05T11:22:04.577+0200] {dagbag.py:541} INFO - Filling up the DagBag from /Users/felipe.vasconcelos/repos/courses/python-learnings/.venv/lib/python3.10/site-packages/airflow/example_dags/example_branch_day_of_week_operator.py
[2023-08-05T11:22:04.607+0200] {processor.py:836} INFO - DAG(s) dict_keys(['example_weekday_branch_operator']) retrieved from /Users/felipe.vasconcelos/repos/courses/python-learnings/.venv/lib/python3.10/site-packages/airflow/example_dags/example_branch_day_of_week_operator.py
[2023-08-05T11:22:05.510+0200] {logging_mixin.py:150} INFO - [2023-08-05T11:22:05.510+0200] {dag.py:2742} INFO - Sync 1 DAGs
[2023-08-05T11:22:05.532+0200] {logging_mixin.py:150} INFO - [2023-08-05T11:22:05.531+0200] {dag.py:3504} INFO - Setting next_dagrun for example_weekday_branch_operator to 2023-08-04T00:00:00+00:00, run_after=2023-08-05T00:00:00+00:00
[2023-08-05T11:22:05.556+0200] {processor.py:179} INFO - Processing /Users/felipe.vasconcelos/repos/courses/python-learnings/.venv/lib/python3.10/site-packages/airflow/example_dags/example_branch_day_of_week_operator.py took 0.988 seconds
[2023-08-05T11:26:30.637+0200] {processor.py:157} INFO - Started process (PID=83659) to work on /Users/felipe.vasconcelos/repos/courses/python-learnings/.venv/lib/python3.10/site-packages/airflow/example_dags/example_branch_day_of_week_operator.py
[2023-08-05T11:26:30.643+0200] {processor.py:826} INFO - Processing file /Users/felipe.vasconcelos/repos/courses/python-learnings/.venv/lib/python3.10/site-packages/airflow/example_dags/example_branch_day_of_week_operator.py for tasks to queue
[2023-08-05T11:26:30.644+0200] {logging_mixin.py:150} INFO - [2023-08-05T11:26:30.644+0200] {dagbag.py:541} INFO - Filling up the DagBag from /Users/felipe.vasconcelos/repos/courses/python-learnings/.venv/lib/python3.10/site-packages/airflow/example_dags/example_branch_day_of_week_operator.py
[2023-08-05T11:26:30.677+0200] {processor.py:836} INFO - DAG(s) dict_keys(['example_weekday_branch_operator']) retrieved from /Users/felipe.vasconcelos/repos/courses/python-learnings/.venv/lib/python3.10/site-packages/airflow/example_dags/example_branch_day_of_week_operator.py
[2023-08-05T11:26:31.432+0200] {logging_mixin.py:150} INFO - [2023-08-05T11:26:31.432+0200] {dag.py:2742} INFO - Sync 1 DAGs
[2023-08-05T11:26:31.450+0200] {logging_mixin.py:150} INFO - [2023-08-05T11:26:31.450+0200] {dag.py:3504} INFO - Setting next_dagrun for example_weekday_branch_operator to 2023-08-04T00:00:00+00:00, run_after=2023-08-05T00:00:00+00:00
[2023-08-05T11:26:31.472+0200] {processor.py:179} INFO - Processing /Users/felipe.vasconcelos/repos/courses/python-learnings/.venv/lib/python3.10/site-packages/airflow/example_dags/example_branch_day_of_week_operator.py took 0.836 seconds
[2023-08-05T11:31:33.579+0200] {processor.py:157} INFO - Started process (PID=83797) to work on /Users/felipe.vasconcelos/repos/courses/python-learnings/.venv/lib/python3.10/site-packages/airflow/example_dags/example_branch_day_of_week_operator.py
[2023-08-05T11:31:33.586+0200] {processor.py:826} INFO - Processing file /Users/felipe.vasconcelos/repos/courses/python-learnings/.venv/lib/python3.10/site-packages/airflow/example_dags/example_branch_day_of_week_operator.py for tasks to queue
[2023-08-05T11:31:33.587+0200] {logging_mixin.py:150} INFO - [2023-08-05T11:31:33.586+0200] {dagbag.py:541} INFO - Filling up the DagBag from /Users/felipe.vasconcelos/repos/courses/python-learnings/.venv/lib/python3.10/site-packages/airflow/example_dags/example_branch_day_of_week_operator.py
[2023-08-05T11:31:33.624+0200] {processor.py:836} INFO - DAG(s) dict_keys(['example_weekday_branch_operator']) retrieved from /Users/felipe.vasconcelos/repos/courses/python-learnings/.venv/lib/python3.10/site-packages/airflow/example_dags/example_branch_day_of_week_operator.py
[2023-08-05T11:31:34.495+0200] {logging_mixin.py:150} INFO - [2023-08-05T11:31:34.494+0200] {dag.py:2742} INFO - Sync 1 DAGs
[2023-08-05T11:31:34.516+0200] {logging_mixin.py:150} INFO - [2023-08-05T11:31:34.516+0200] {dag.py:3504} INFO - Setting next_dagrun for example_weekday_branch_operator to 2023-08-04T00:00:00+00:00, run_after=2023-08-05T00:00:00+00:00
[2023-08-05T11:31:34.540+0200] {processor.py:179} INFO - Processing /Users/felipe.vasconcelos/repos/courses/python-learnings/.venv/lib/python3.10/site-packages/airflow/example_dags/example_branch_day_of_week_operator.py took 0.963 seconds
[2023-08-05T11:36:36.343+0200] {processor.py:157} INFO - Started process (PID=83973) to work on /Users/felipe.vasconcelos/repos/courses/python-learnings/.venv/lib/python3.10/site-packages/airflow/example_dags/example_branch_day_of_week_operator.py
[2023-08-05T11:36:36.353+0200] {processor.py:826} INFO - Processing file /Users/felipe.vasconcelos/repos/courses/python-learnings/.venv/lib/python3.10/site-packages/airflow/example_dags/example_branch_day_of_week_operator.py for tasks to queue
[2023-08-05T11:36:36.355+0200] {logging_mixin.py:150} INFO - [2023-08-05T11:36:36.355+0200] {dagbag.py:541} INFO - Filling up the DagBag from /Users/felipe.vasconcelos/repos/courses/python-learnings/.venv/lib/python3.10/site-packages/airflow/example_dags/example_branch_day_of_week_operator.py
[2023-08-05T11:36:36.391+0200] {processor.py:836} INFO - DAG(s) dict_keys(['example_weekday_branch_operator']) retrieved from /Users/felipe.vasconcelos/repos/courses/python-learnings/.venv/lib/python3.10/site-packages/airflow/example_dags/example_branch_day_of_week_operator.py
[2023-08-05T11:36:37.512+0200] {logging_mixin.py:150} INFO - [2023-08-05T11:36:37.511+0200] {dag.py:2742} INFO - Sync 1 DAGs
[2023-08-05T11:36:37.533+0200] {logging_mixin.py:150} INFO - [2023-08-05T11:36:37.533+0200] {dag.py:3504} INFO - Setting next_dagrun for example_weekday_branch_operator to 2023-08-04T00:00:00+00:00, run_after=2023-08-05T00:00:00+00:00
[2023-08-05T11:36:37.553+0200] {processor.py:179} INFO - Processing /Users/felipe.vasconcelos/repos/courses/python-learnings/.venv/lib/python3.10/site-packages/airflow/example_dags/example_branch_day_of_week_operator.py took 1.212 seconds
[2023-08-05T11:40:56.509+0200] {processor.py:157} INFO - Started process (PID=84101) to work on /Users/felipe.vasconcelos/repos/courses/python-learnings/.venv/lib/python3.10/site-packages/airflow/example_dags/example_branch_day_of_week_operator.py
[2023-08-05T11:40:56.515+0200] {processor.py:826} INFO - Processing file /Users/felipe.vasconcelos/repos/courses/python-learnings/.venv/lib/python3.10/site-packages/airflow/example_dags/example_branch_day_of_week_operator.py for tasks to queue
[2023-08-05T11:40:56.516+0200] {logging_mixin.py:150} INFO - [2023-08-05T11:40:56.515+0200] {dagbag.py:541} INFO - Filling up the DagBag from /Users/felipe.vasconcelos/repos/courses/python-learnings/.venv/lib/python3.10/site-packages/airflow/example_dags/example_branch_day_of_week_operator.py
[2023-08-05T11:40:56.552+0200] {processor.py:836} INFO - DAG(s) dict_keys(['example_weekday_branch_operator']) retrieved from /Users/felipe.vasconcelos/repos/courses/python-learnings/.venv/lib/python3.10/site-packages/airflow/example_dags/example_branch_day_of_week_operator.py
[2023-08-05T11:40:57.414+0200] {logging_mixin.py:150} INFO - [2023-08-05T11:40:57.414+0200] {dag.py:2742} INFO - Sync 1 DAGs
[2023-08-05T11:40:57.434+0200] {logging_mixin.py:150} INFO - [2023-08-05T11:40:57.434+0200] {dag.py:3504} INFO - Setting next_dagrun for example_weekday_branch_operator to 2023-08-04T00:00:00+00:00, run_after=2023-08-05T00:00:00+00:00
[2023-08-05T11:40:57.455+0200] {processor.py:179} INFO - Processing /Users/felipe.vasconcelos/repos/courses/python-learnings/.venv/lib/python3.10/site-packages/airflow/example_dags/example_branch_day_of_week_operator.py took 0.947 seconds
[2023-08-05T11:45:09.304+0200] {processor.py:157} INFO - Started process (PID=84222) to work on /Users/felipe.vasconcelos/repos/courses/python-learnings/.venv/lib/python3.10/site-packages/airflow/example_dags/example_branch_day_of_week_operator.py
[2023-08-05T11:45:09.310+0200] {processor.py:826} INFO - Processing file /Users/felipe.vasconcelos/repos/courses/python-learnings/.venv/lib/python3.10/site-packages/airflow/example_dags/example_branch_day_of_week_operator.py for tasks to queue
[2023-08-05T11:45:09.311+0200] {logging_mixin.py:150} INFO - [2023-08-05T11:45:09.311+0200] {dagbag.py:541} INFO - Filling up the DagBag from /Users/felipe.vasconcelos/repos/courses/python-learnings/.venv/lib/python3.10/site-packages/airflow/example_dags/example_branch_day_of_week_operator.py
[2023-08-05T11:45:09.352+0200] {processor.py:836} INFO - DAG(s) dict_keys(['example_weekday_branch_operator']) retrieved from /Users/felipe.vasconcelos/repos/courses/python-learnings/.venv/lib/python3.10/site-packages/airflow/example_dags/example_branch_day_of_week_operator.py
[2023-08-05T11:45:10.052+0200] {logging_mixin.py:150} INFO - [2023-08-05T11:45:10.052+0200] {dag.py:2742} INFO - Sync 1 DAGs
[2023-08-05T11:45:10.070+0200] {logging_mixin.py:150} INFO - [2023-08-05T11:45:10.069+0200] {dag.py:3504} INFO - Setting next_dagrun for example_weekday_branch_operator to 2023-08-04T00:00:00+00:00, run_after=2023-08-05T00:00:00+00:00
[2023-08-05T11:45:10.089+0200] {processor.py:179} INFO - Processing /Users/felipe.vasconcelos/repos/courses/python-learnings/.venv/lib/python3.10/site-packages/airflow/example_dags/example_branch_day_of_week_operator.py took 0.787 seconds
[2023-08-05T11:50:30.385+0200] {processor.py:157} INFO - Started process (PID=84409) to work on /Users/felipe.vasconcelos/repos/courses/python-learnings/.venv/lib/python3.10/site-packages/airflow/example_dags/example_branch_day_of_week_operator.py
[2023-08-05T11:50:30.392+0200] {processor.py:826} INFO - Processing file /Users/felipe.vasconcelos/repos/courses/python-learnings/.venv/lib/python3.10/site-packages/airflow/example_dags/example_branch_day_of_week_operator.py for tasks to queue
[2023-08-05T11:50:30.393+0200] {logging_mixin.py:150} INFO - [2023-08-05T11:50:30.392+0200] {dagbag.py:541} INFO - Filling up the DagBag from /Users/felipe.vasconcelos/repos/courses/python-learnings/.venv/lib/python3.10/site-packages/airflow/example_dags/example_branch_day_of_week_operator.py
[2023-08-05T11:50:30.421+0200] {processor.py:836} INFO - DAG(s) dict_keys(['example_weekday_branch_operator']) retrieved from /Users/felipe.vasconcelos/repos/courses/python-learnings/.venv/lib/python3.10/site-packages/airflow/example_dags/example_branch_day_of_week_operator.py
[2023-08-05T11:50:31.142+0200] {logging_mixin.py:150} INFO - [2023-08-05T11:50:31.141+0200] {dag.py:2742} INFO - Sync 1 DAGs
[2023-08-05T11:50:31.162+0200] {logging_mixin.py:150} INFO - [2023-08-05T11:50:31.161+0200] {dag.py:3504} INFO - Setting next_dagrun for example_weekday_branch_operator to 2023-08-04T00:00:00+00:00, run_after=2023-08-05T00:00:00+00:00
[2023-08-05T11:50:31.182+0200] {processor.py:179} INFO - Processing /Users/felipe.vasconcelos/repos/courses/python-learnings/.venv/lib/python3.10/site-packages/airflow/example_dags/example_branch_day_of_week_operator.py took 0.798 seconds
[2023-08-05T11:54:47.204+0200] {processor.py:157} INFO - Started process (PID=84533) to work on /Users/felipe.vasconcelos/repos/courses/python-learnings/.venv/lib/python3.10/site-packages/airflow/example_dags/example_branch_day_of_week_operator.py
[2023-08-05T11:54:47.211+0200] {processor.py:826} INFO - Processing file /Users/felipe.vasconcelos/repos/courses/python-learnings/.venv/lib/python3.10/site-packages/airflow/example_dags/example_branch_day_of_week_operator.py for tasks to queue
[2023-08-05T11:54:47.212+0200] {logging_mixin.py:150} INFO - [2023-08-05T11:54:47.211+0200] {dagbag.py:541} INFO - Filling up the DagBag from /Users/felipe.vasconcelos/repos/courses/python-learnings/.venv/lib/python3.10/site-packages/airflow/example_dags/example_branch_day_of_week_operator.py
[2023-08-05T11:54:47.242+0200] {processor.py:836} INFO - DAG(s) dict_keys(['example_weekday_branch_operator']) retrieved from /Users/felipe.vasconcelos/repos/courses/python-learnings/.venv/lib/python3.10/site-packages/airflow/example_dags/example_branch_day_of_week_operator.py
[2023-08-05T11:54:47.929+0200] {logging_mixin.py:150} INFO - [2023-08-05T11:54:47.929+0200] {dag.py:2742} INFO - Sync 1 DAGs
[2023-08-05T11:54:47.947+0200] {logging_mixin.py:150} INFO - [2023-08-05T11:54:47.947+0200] {dag.py:3504} INFO - Setting next_dagrun for example_weekday_branch_operator to 2023-08-04T00:00:00+00:00, run_after=2023-08-05T00:00:00+00:00
[2023-08-05T11:54:47.967+0200] {processor.py:179} INFO - Processing /Users/felipe.vasconcelos/repos/courses/python-learnings/.venv/lib/python3.10/site-packages/airflow/example_dags/example_branch_day_of_week_operator.py took 0.763 seconds
[2023-08-05T11:59:11.498+0200] {processor.py:157} INFO - Started process (PID=84658) to work on /Users/felipe.vasconcelos/repos/courses/python-learnings/.venv/lib/python3.10/site-packages/airflow/example_dags/example_branch_day_of_week_operator.py
[2023-08-05T11:59:11.504+0200] {processor.py:826} INFO - Processing file /Users/felipe.vasconcelos/repos/courses/python-learnings/.venv/lib/python3.10/site-packages/airflow/example_dags/example_branch_day_of_week_operator.py for tasks to queue
[2023-08-05T11:59:11.505+0200] {logging_mixin.py:150} INFO - [2023-08-05T11:59:11.505+0200] {dagbag.py:541} INFO - Filling up the DagBag from /Users/felipe.vasconcelos/repos/courses/python-learnings/.venv/lib/python3.10/site-packages/airflow/example_dags/example_branch_day_of_week_operator.py
[2023-08-05T11:59:11.549+0200] {processor.py:836} INFO - DAG(s) dict_keys(['example_weekday_branch_operator']) retrieved from /Users/felipe.vasconcelos/repos/courses/python-learnings/.venv/lib/python3.10/site-packages/airflow/example_dags/example_branch_day_of_week_operator.py
[2023-08-05T11:59:12.873+0200] {logging_mixin.py:150} INFO - [2023-08-05T11:59:12.873+0200] {dag.py:2742} INFO - Sync 1 DAGs
[2023-08-05T11:59:12.893+0200] {logging_mixin.py:150} INFO - [2023-08-05T11:59:12.893+0200] {dag.py:3504} INFO - Setting next_dagrun for example_weekday_branch_operator to 2023-08-04T00:00:00+00:00, run_after=2023-08-05T00:00:00+00:00
[2023-08-05T11:59:12.917+0200] {processor.py:179} INFO - Processing /Users/felipe.vasconcelos/repos/courses/python-learnings/.venv/lib/python3.10/site-packages/airflow/example_dags/example_branch_day_of_week_operator.py took 1.420 seconds
