[2023-08-05T10:39:57.737+0200] {processor.py:157} INFO - Started process (PID=82601) to work on /Users/felipe.vasconcelos/repos/courses/python-learnings/.venv/lib/python3.10/site-packages/airflow/example_dags/example_sensors.py
[2023-08-05T10:39:57.742+0200] {processor.py:826} INFO - Processing file /Users/felipe.vasconcelos/repos/courses/python-learnings/.venv/lib/python3.10/site-packages/airflow/example_dags/example_sensors.py for tasks to queue
[2023-08-05T10:39:57.743+0200] {logging_mixin.py:150} INFO - [2023-08-05T10:39:57.743+0200] {dagbag.py:541} INFO - Filling up the DagBag from /Users/felipe.vasconcelos/repos/courses/python-learnings/.venv/lib/python3.10/site-packages/airflow/example_dags/example_sensors.py
[2023-08-05T10:39:57.783+0200] {processor.py:836} INFO - DAG(s) dict_keys(['example_sensors']) retrieved from /Users/felipe.vasconcelos/repos/courses/python-learnings/.venv/lib/python3.10/site-packages/airflow/example_dags/example_sensors.py
[2023-08-05T10:39:58.800+0200] {logging_mixin.py:150} INFO - [2023-08-05T10:39:58.799+0200] {manager.py:504} INFO - Created Permission View: can read on DAG:example_sensors
[2023-08-05T10:39:58.810+0200] {logging_mixin.py:150} INFO - [2023-08-05T10:39:58.810+0200] {manager.py:504} INFO - Created Permission View: can delete on DAG:example_sensors
[2023-08-05T10:39:58.818+0200] {logging_mixin.py:150} INFO - [2023-08-05T10:39:58.818+0200] {manager.py:504} INFO - Created Permission View: can edit on DAG:example_sensors
[2023-08-05T10:39:58.832+0200] {logging_mixin.py:150} INFO - [2023-08-05T10:39:58.832+0200] {dag.py:2742} INFO - Sync 1 DAGs
[2023-08-05T10:39:58.843+0200] {logging_mixin.py:150} INFO - [2023-08-05T10:39:58.843+0200] {dag.py:2763} INFO - Creating ORM DAG for example_sensors
[2023-08-05T10:39:58.852+0200] {logging_mixin.py:150} INFO - [2023-08-05T10:39:58.852+0200] {dag.py:3504} INFO - Setting next_dagrun for example_sensors to None, run_after=None
[2023-08-05T10:39:58.873+0200] {processor.py:179} INFO - Processing /Users/felipe.vasconcelos/repos/courses/python-learnings/.venv/lib/python3.10/site-packages/airflow/example_dags/example_sensors.py took 1.137 seconds
[2023-08-05T10:43:15.695+0200] {processor.py:157} INFO - Started process (PID=82682) to work on /Users/felipe.vasconcelos/repos/courses/python-learnings/.venv/lib/python3.10/site-packages/airflow/example_dags/example_sensors.py
[2023-08-05T10:43:15.705+0200] {processor.py:826} INFO - Processing file /Users/felipe.vasconcelos/repos/courses/python-learnings/.venv/lib/python3.10/site-packages/airflow/example_dags/example_sensors.py for tasks to queue
[2023-08-05T10:43:15.707+0200] {logging_mixin.py:150} INFO - [2023-08-05T10:43:15.706+0200] {dagbag.py:541} INFO - Filling up the DagBag from /Users/felipe.vasconcelos/repos/courses/python-learnings/.venv/lib/python3.10/site-packages/airflow/example_dags/example_sensors.py
[2023-08-05T10:43:15.809+0200] {processor.py:836} INFO - DAG(s) dict_keys(['example_sensors']) retrieved from /Users/felipe.vasconcelos/repos/courses/python-learnings/.venv/lib/python3.10/site-packages/airflow/example_dags/example_sensors.py
[2023-08-05T10:43:17.143+0200] {logging_mixin.py:150} INFO - [2023-08-05T10:43:17.143+0200] {dag.py:2742} INFO - Sync 1 DAGs
[2023-08-05T10:43:17.174+0200] {logging_mixin.py:150} INFO - [2023-08-05T10:43:17.173+0200] {dag.py:3504} INFO - Setting next_dagrun for example_sensors to None, run_after=None
[2023-08-05T10:43:17.206+0200] {processor.py:179} INFO - Processing /Users/felipe.vasconcelos/repos/courses/python-learnings/.venv/lib/python3.10/site-packages/airflow/example_dags/example_sensors.py took 1.513 seconds
[2023-08-05T10:46:54.957+0200] {processor.py:157} INFO - Started process (PID=82830) to work on /Users/felipe.vasconcelos/repos/courses/python-learnings/.venv/lib/python3.10/site-packages/airflow/example_dags/example_sensors.py
[2023-08-05T10:46:54.963+0200] {processor.py:826} INFO - Processing file /Users/felipe.vasconcelos/repos/courses/python-learnings/.venv/lib/python3.10/site-packages/airflow/example_dags/example_sensors.py for tasks to queue
[2023-08-05T10:46:54.964+0200] {logging_mixin.py:150} INFO - [2023-08-05T10:46:54.964+0200] {dagbag.py:541} INFO - Filling up the DagBag from /Users/felipe.vasconcelos/repos/courses/python-learnings/.venv/lib/python3.10/site-packages/airflow/example_dags/example_sensors.py
[2023-08-05T10:46:55.008+0200] {processor.py:836} INFO - DAG(s) dict_keys(['example_sensors']) retrieved from /Users/felipe.vasconcelos/repos/courses/python-learnings/.venv/lib/python3.10/site-packages/airflow/example_dags/example_sensors.py
[2023-08-05T10:46:55.783+0200] {logging_mixin.py:150} INFO - [2023-08-05T10:46:55.783+0200] {dag.py:2742} INFO - Sync 1 DAGs
[2023-08-05T10:46:55.801+0200] {logging_mixin.py:150} INFO - [2023-08-05T10:46:55.800+0200] {dag.py:3504} INFO - Setting next_dagrun for example_sensors to None, run_after=None
[2023-08-05T10:46:55.823+0200] {processor.py:179} INFO - Processing /Users/felipe.vasconcelos/repos/courses/python-learnings/.venv/lib/python3.10/site-packages/airflow/example_dags/example_sensors.py took 0.868 seconds
[2023-08-05T10:49:03.515+0200] {processor.py:157} INFO - Started process (PID=82884) to work on /Users/felipe.vasconcelos/repos/courses/python-learnings/.venv/lib/python3.10/site-packages/airflow/example_dags/example_sensors.py
[2023-08-05T10:49:03.522+0200] {processor.py:826} INFO - Processing file /Users/felipe.vasconcelos/repos/courses/python-learnings/.venv/lib/python3.10/site-packages/airflow/example_dags/example_sensors.py for tasks to queue
[2023-08-05T10:49:03.523+0200] {logging_mixin.py:150} INFO - [2023-08-05T10:49:03.523+0200] {dagbag.py:541} INFO - Filling up the DagBag from /Users/felipe.vasconcelos/repos/courses/python-learnings/.venv/lib/python3.10/site-packages/airflow/example_dags/example_sensors.py
[2023-08-05T10:49:03.571+0200] {processor.py:836} INFO - DAG(s) dict_keys(['example_sensors']) retrieved from /Users/felipe.vasconcelos/repos/courses/python-learnings/.venv/lib/python3.10/site-packages/airflow/example_dags/example_sensors.py
[2023-08-05T10:49:04.316+0200] {logging_mixin.py:150} INFO - [2023-08-05T10:49:04.315+0200] {dag.py:2742} INFO - Sync 1 DAGs
[2023-08-05T10:49:04.334+0200] {logging_mixin.py:150} INFO - [2023-08-05T10:49:04.334+0200] {dag.py:3504} INFO - Setting next_dagrun for example_sensors to None, run_after=None
[2023-08-05T10:49:04.357+0200] {processor.py:179} INFO - Processing /Users/felipe.vasconcelos/repos/courses/python-learnings/.venv/lib/python3.10/site-packages/airflow/example_dags/example_sensors.py took 0.843 seconds
[2023-08-05T10:51:26.976+0200] {processor.py:157} INFO - Started process (PID=82958) to work on /Users/felipe.vasconcelos/repos/courses/python-learnings/.venv/lib/python3.10/site-packages/airflow/example_dags/example_sensors.py
[2023-08-05T10:51:26.983+0200] {processor.py:826} INFO - Processing file /Users/felipe.vasconcelos/repos/courses/python-learnings/.venv/lib/python3.10/site-packages/airflow/example_dags/example_sensors.py for tasks to queue
[2023-08-05T10:51:26.984+0200] {logging_mixin.py:150} INFO - [2023-08-05T10:51:26.984+0200] {dagbag.py:541} INFO - Filling up the DagBag from /Users/felipe.vasconcelos/repos/courses/python-learnings/.venv/lib/python3.10/site-packages/airflow/example_dags/example_sensors.py
[2023-08-05T10:51:27.029+0200] {processor.py:836} INFO - DAG(s) dict_keys(['example_sensors']) retrieved from /Users/felipe.vasconcelos/repos/courses/python-learnings/.venv/lib/python3.10/site-packages/airflow/example_dags/example_sensors.py
[2023-08-05T10:51:27.796+0200] {logging_mixin.py:150} INFO - [2023-08-05T10:51:27.795+0200] {dag.py:2742} INFO - Sync 1 DAGs
[2023-08-05T10:51:27.813+0200] {logging_mixin.py:150} INFO - [2023-08-05T10:51:27.813+0200] {dag.py:3504} INFO - Setting next_dagrun for example_sensors to None, run_after=None
[2023-08-05T10:51:27.835+0200] {processor.py:179} INFO - Processing /Users/felipe.vasconcelos/repos/courses/python-learnings/.venv/lib/python3.10/site-packages/airflow/example_dags/example_sensors.py took 0.860 seconds
[2023-08-05T10:53:38.132+0200] {processor.py:157} INFO - Started process (PID=83012) to work on /Users/felipe.vasconcelos/repos/courses/python-learnings/.venv/lib/python3.10/site-packages/airflow/example_dags/example_sensors.py
[2023-08-05T10:53:38.138+0200] {processor.py:826} INFO - Processing file /Users/felipe.vasconcelos/repos/courses/python-learnings/.venv/lib/python3.10/site-packages/airflow/example_dags/example_sensors.py for tasks to queue
[2023-08-05T10:53:38.139+0200] {logging_mixin.py:150} INFO - [2023-08-05T10:53:38.139+0200] {dagbag.py:541} INFO - Filling up the DagBag from /Users/felipe.vasconcelos/repos/courses/python-learnings/.venv/lib/python3.10/site-packages/airflow/example_dags/example_sensors.py
[2023-08-05T10:53:38.182+0200] {processor.py:836} INFO - DAG(s) dict_keys(['example_sensors']) retrieved from /Users/felipe.vasconcelos/repos/courses/python-learnings/.venv/lib/python3.10/site-packages/airflow/example_dags/example_sensors.py
[2023-08-05T10:53:38.924+0200] {logging_mixin.py:150} INFO - [2023-08-05T10:53:38.924+0200] {dag.py:2742} INFO - Sync 1 DAGs
[2023-08-05T10:53:38.941+0200] {logging_mixin.py:150} INFO - [2023-08-05T10:53:38.940+0200] {dag.py:3504} INFO - Setting next_dagrun for example_sensors to None, run_after=None
[2023-08-05T10:53:38.963+0200] {processor.py:179} INFO - Processing /Users/felipe.vasconcelos/repos/courses/python-learnings/.venv/lib/python3.10/site-packages/airflow/example_dags/example_sensors.py took 0.832 seconds
[2023-08-05T10:55:54.555+0200] {processor.py:157} INFO - Started process (PID=83076) to work on /Users/felipe.vasconcelos/repos/courses/python-learnings/.venv/lib/python3.10/site-packages/airflow/example_dags/example_sensors.py
[2023-08-05T10:55:54.562+0200] {processor.py:826} INFO - Processing file /Users/felipe.vasconcelos/repos/courses/python-learnings/.venv/lib/python3.10/site-packages/airflow/example_dags/example_sensors.py for tasks to queue
[2023-08-05T10:55:54.563+0200] {logging_mixin.py:150} INFO - [2023-08-05T10:55:54.563+0200] {dagbag.py:541} INFO - Filling up the DagBag from /Users/felipe.vasconcelos/repos/courses/python-learnings/.venv/lib/python3.10/site-packages/airflow/example_dags/example_sensors.py
[2023-08-05T10:55:54.611+0200] {processor.py:836} INFO - DAG(s) dict_keys(['example_sensors']) retrieved from /Users/felipe.vasconcelos/repos/courses/python-learnings/.venv/lib/python3.10/site-packages/airflow/example_dags/example_sensors.py
[2023-08-05T10:55:55.339+0200] {logging_mixin.py:150} INFO - [2023-08-05T10:55:55.339+0200] {dag.py:2742} INFO - Sync 1 DAGs
[2023-08-05T10:55:55.355+0200] {logging_mixin.py:150} INFO - [2023-08-05T10:55:55.355+0200] {dag.py:3504} INFO - Setting next_dagrun for example_sensors to None, run_after=None
[2023-08-05T10:55:55.376+0200] {processor.py:179} INFO - Processing /Users/felipe.vasconcelos/repos/courses/python-learnings/.venv/lib/python3.10/site-packages/airflow/example_dags/example_sensors.py took 0.821 seconds
[2023-08-05T10:58:00.377+0200] {processor.py:157} INFO - Started process (PID=83140) to work on /Users/felipe.vasconcelos/repos/courses/python-learnings/.venv/lib/python3.10/site-packages/airflow/example_dags/example_sensors.py
[2023-08-05T10:58:00.383+0200] {processor.py:826} INFO - Processing file /Users/felipe.vasconcelos/repos/courses/python-learnings/.venv/lib/python3.10/site-packages/airflow/example_dags/example_sensors.py for tasks to queue
[2023-08-05T10:58:00.384+0200] {logging_mixin.py:150} INFO - [2023-08-05T10:58:00.384+0200] {dagbag.py:541} INFO - Filling up the DagBag from /Users/felipe.vasconcelos/repos/courses/python-learnings/.venv/lib/python3.10/site-packages/airflow/example_dags/example_sensors.py
[2023-08-05T10:58:00.432+0200] {processor.py:836} INFO - DAG(s) dict_keys(['example_sensors']) retrieved from /Users/felipe.vasconcelos/repos/courses/python-learnings/.venv/lib/python3.10/site-packages/airflow/example_dags/example_sensors.py
[2023-08-05T10:58:01.239+0200] {logging_mixin.py:150} INFO - [2023-08-05T10:58:01.239+0200] {dag.py:2742} INFO - Sync 1 DAGs
[2023-08-05T10:58:01.258+0200] {logging_mixin.py:150} INFO - [2023-08-05T10:58:01.258+0200] {dag.py:3504} INFO - Setting next_dagrun for example_sensors to None, run_after=None
[2023-08-05T10:58:01.283+0200] {processor.py:179} INFO - Processing /Users/felipe.vasconcelos/repos/courses/python-learnings/.venv/lib/python3.10/site-packages/airflow/example_dags/example_sensors.py took 0.907 seconds
[2023-08-05T11:12:26.982+0200] {processor.py:157} INFO - Started process (PID=83271) to work on /Users/felipe.vasconcelos/repos/courses/python-learnings/.venv/lib/python3.10/site-packages/airflow/example_dags/example_sensors.py
[2023-08-05T11:12:26.989+0200] {processor.py:826} INFO - Processing file /Users/felipe.vasconcelos/repos/courses/python-learnings/.venv/lib/python3.10/site-packages/airflow/example_dags/example_sensors.py for tasks to queue
[2023-08-05T11:12:26.990+0200] {logging_mixin.py:150} INFO - [2023-08-05T11:12:26.989+0200] {dagbag.py:541} INFO - Filling up the DagBag from /Users/felipe.vasconcelos/repos/courses/python-learnings/.venv/lib/python3.10/site-packages/airflow/example_dags/example_sensors.py
[2023-08-05T11:12:27.033+0200] {processor.py:836} INFO - DAG(s) dict_keys(['example_sensors']) retrieved from /Users/felipe.vasconcelos/repos/courses/python-learnings/.venv/lib/python3.10/site-packages/airflow/example_dags/example_sensors.py
[2023-08-05T11:12:27.739+0200] {logging_mixin.py:150} INFO - [2023-08-05T11:12:27.739+0200] {dag.py:2742} INFO - Sync 1 DAGs
[2023-08-05T11:12:27.756+0200] {logging_mixin.py:150} INFO - [2023-08-05T11:12:27.756+0200] {dag.py:3504} INFO - Setting next_dagrun for example_sensors to None, run_after=None
[2023-08-05T11:12:27.781+0200] {processor.py:179} INFO - Processing /Users/felipe.vasconcelos/repos/courses/python-learnings/.venv/lib/python3.10/site-packages/airflow/example_dags/example_sensors.py took 0.800 seconds
[2023-08-05T11:14:43.938+0200] {processor.py:157} INFO - Started process (PID=83337) to work on /Users/felipe.vasconcelos/repos/courses/python-learnings/.venv/lib/python3.10/site-packages/airflow/example_dags/example_sensors.py
[2023-08-05T11:14:43.945+0200] {processor.py:826} INFO - Processing file /Users/felipe.vasconcelos/repos/courses/python-learnings/.venv/lib/python3.10/site-packages/airflow/example_dags/example_sensors.py for tasks to queue
[2023-08-05T11:14:43.946+0200] {logging_mixin.py:150} INFO - [2023-08-05T11:14:43.945+0200] {dagbag.py:541} INFO - Filling up the DagBag from /Users/felipe.vasconcelos/repos/courses/python-learnings/.venv/lib/python3.10/site-packages/airflow/example_dags/example_sensors.py
[2023-08-05T11:14:43.985+0200] {processor.py:836} INFO - DAG(s) dict_keys(['example_sensors']) retrieved from /Users/felipe.vasconcelos/repos/courses/python-learnings/.venv/lib/python3.10/site-packages/airflow/example_dags/example_sensors.py
[2023-08-05T11:14:45.055+0200] {logging_mixin.py:150} INFO - [2023-08-05T11:14:45.055+0200] {dag.py:2742} INFO - Sync 1 DAGs
[2023-08-05T11:14:45.073+0200] {logging_mixin.py:150} INFO - [2023-08-05T11:14:45.073+0200] {dag.py:3504} INFO - Setting next_dagrun for example_sensors to None, run_after=None
[2023-08-05T11:14:45.095+0200] {processor.py:179} INFO - Processing /Users/felipe.vasconcelos/repos/courses/python-learnings/.venv/lib/python3.10/site-packages/airflow/example_dags/example_sensors.py took 1.157 seconds
[2023-08-05T11:16:45.688+0200] {processor.py:157} INFO - Started process (PID=83393) to work on /Users/felipe.vasconcelos/repos/courses/python-learnings/.venv/lib/python3.10/site-packages/airflow/example_dags/example_sensors.py
[2023-08-05T11:16:45.695+0200] {processor.py:826} INFO - Processing file /Users/felipe.vasconcelos/repos/courses/python-learnings/.venv/lib/python3.10/site-packages/airflow/example_dags/example_sensors.py for tasks to queue
[2023-08-05T11:16:45.696+0200] {logging_mixin.py:150} INFO - [2023-08-05T11:16:45.696+0200] {dagbag.py:541} INFO - Filling up the DagBag from /Users/felipe.vasconcelos/repos/courses/python-learnings/.venv/lib/python3.10/site-packages/airflow/example_dags/example_sensors.py
[2023-08-05T11:16:45.743+0200] {processor.py:836} INFO - DAG(s) dict_keys(['example_sensors']) retrieved from /Users/felipe.vasconcelos/repos/courses/python-learnings/.venv/lib/python3.10/site-packages/airflow/example_dags/example_sensors.py
[2023-08-05T11:16:46.519+0200] {logging_mixin.py:150} INFO - [2023-08-05T11:16:46.519+0200] {dag.py:2742} INFO - Sync 1 DAGs
[2023-08-05T11:16:46.537+0200] {logging_mixin.py:150} INFO - [2023-08-05T11:16:46.537+0200] {dag.py:3504} INFO - Setting next_dagrun for example_sensors to None, run_after=None
[2023-08-05T11:16:46.562+0200] {processor.py:179} INFO - Processing /Users/felipe.vasconcelos/repos/courses/python-learnings/.venv/lib/python3.10/site-packages/airflow/example_dags/example_sensors.py took 0.875 seconds
[2023-08-05T11:18:54.235+0200] {processor.py:157} INFO - Started process (PID=83457) to work on /Users/felipe.vasconcelos/repos/courses/python-learnings/.venv/lib/python3.10/site-packages/airflow/example_dags/example_sensors.py
[2023-08-05T11:18:54.242+0200] {processor.py:826} INFO - Processing file /Users/felipe.vasconcelos/repos/courses/python-learnings/.venv/lib/python3.10/site-packages/airflow/example_dags/example_sensors.py for tasks to queue
[2023-08-05T11:18:54.243+0200] {logging_mixin.py:150} INFO - [2023-08-05T11:18:54.242+0200] {dagbag.py:541} INFO - Filling up the DagBag from /Users/felipe.vasconcelos/repos/courses/python-learnings/.venv/lib/python3.10/site-packages/airflow/example_dags/example_sensors.py
[2023-08-05T11:18:54.285+0200] {processor.py:836} INFO - DAG(s) dict_keys(['example_sensors']) retrieved from /Users/felipe.vasconcelos/repos/courses/python-learnings/.venv/lib/python3.10/site-packages/airflow/example_dags/example_sensors.py
[2023-08-05T11:18:55.110+0200] {logging_mixin.py:150} INFO - [2023-08-05T11:18:55.110+0200] {dag.py:2742} INFO - Sync 1 DAGs
[2023-08-05T11:18:55.126+0200] {logging_mixin.py:150} INFO - [2023-08-05T11:18:55.125+0200] {dag.py:3504} INFO - Setting next_dagrun for example_sensors to None, run_after=None
[2023-08-05T11:18:55.148+0200] {processor.py:179} INFO - Processing /Users/felipe.vasconcelos/repos/courses/python-learnings/.venv/lib/python3.10/site-packages/airflow/example_dags/example_sensors.py took 0.914 seconds
[2023-08-05T11:21:05.158+0200] {processor.py:157} INFO - Started process (PID=83512) to work on /Users/felipe.vasconcelos/repos/courses/python-learnings/.venv/lib/python3.10/site-packages/airflow/example_dags/example_sensors.py
[2023-08-05T11:21:05.165+0200] {processor.py:826} INFO - Processing file /Users/felipe.vasconcelos/repos/courses/python-learnings/.venv/lib/python3.10/site-packages/airflow/example_dags/example_sensors.py for tasks to queue
[2023-08-05T11:21:05.166+0200] {logging_mixin.py:150} INFO - [2023-08-05T11:21:05.165+0200] {dagbag.py:541} INFO - Filling up the DagBag from /Users/felipe.vasconcelos/repos/courses/python-learnings/.venv/lib/python3.10/site-packages/airflow/example_dags/example_sensors.py
[2023-08-05T11:21:05.210+0200] {processor.py:836} INFO - DAG(s) dict_keys(['example_sensors']) retrieved from /Users/felipe.vasconcelos/repos/courses/python-learnings/.venv/lib/python3.10/site-packages/airflow/example_dags/example_sensors.py
[2023-08-05T11:21:05.931+0200] {logging_mixin.py:150} INFO - [2023-08-05T11:21:05.931+0200] {dag.py:2742} INFO - Sync 1 DAGs
[2023-08-05T11:21:05.947+0200] {logging_mixin.py:150} INFO - [2023-08-05T11:21:05.947+0200] {dag.py:3504} INFO - Setting next_dagrun for example_sensors to None, run_after=None
[2023-08-05T11:21:05.969+0200] {processor.py:179} INFO - Processing /Users/felipe.vasconcelos/repos/courses/python-learnings/.venv/lib/python3.10/site-packages/airflow/example_dags/example_sensors.py took 0.812 seconds
[2023-08-05T11:23:36.377+0200] {processor.py:157} INFO - Started process (PID=83585) to work on /Users/felipe.vasconcelos/repos/courses/python-learnings/.venv/lib/python3.10/site-packages/airflow/example_dags/example_sensors.py
[2023-08-05T11:23:36.383+0200] {processor.py:826} INFO - Processing file /Users/felipe.vasconcelos/repos/courses/python-learnings/.venv/lib/python3.10/site-packages/airflow/example_dags/example_sensors.py for tasks to queue
[2023-08-05T11:23:36.384+0200] {logging_mixin.py:150} INFO - [2023-08-05T11:23:36.384+0200] {dagbag.py:541} INFO - Filling up the DagBag from /Users/felipe.vasconcelos/repos/courses/python-learnings/.venv/lib/python3.10/site-packages/airflow/example_dags/example_sensors.py
[2023-08-05T11:23:36.427+0200] {processor.py:836} INFO - DAG(s) dict_keys(['example_sensors']) retrieved from /Users/felipe.vasconcelos/repos/courses/python-learnings/.venv/lib/python3.10/site-packages/airflow/example_dags/example_sensors.py
[2023-08-05T11:23:37.157+0200] {logging_mixin.py:150} INFO - [2023-08-05T11:23:37.157+0200] {dag.py:2742} INFO - Sync 1 DAGs
[2023-08-05T11:23:37.174+0200] {logging_mixin.py:150} INFO - [2023-08-05T11:23:37.174+0200] {dag.py:3504} INFO - Setting next_dagrun for example_sensors to None, run_after=None
[2023-08-05T11:23:37.196+0200] {processor.py:179} INFO - Processing /Users/felipe.vasconcelos/repos/courses/python-learnings/.venv/lib/python3.10/site-packages/airflow/example_dags/example_sensors.py took 0.821 seconds
[2023-08-05T11:25:46.354+0200] {processor.py:157} INFO - Started process (PID=83639) to work on /Users/felipe.vasconcelos/repos/courses/python-learnings/.venv/lib/python3.10/site-packages/airflow/example_dags/example_sensors.py
[2023-08-05T11:25:46.360+0200] {processor.py:826} INFO - Processing file /Users/felipe.vasconcelos/repos/courses/python-learnings/.venv/lib/python3.10/site-packages/airflow/example_dags/example_sensors.py for tasks to queue
[2023-08-05T11:25:46.361+0200] {logging_mixin.py:150} INFO - [2023-08-05T11:25:46.361+0200] {dagbag.py:541} INFO - Filling up the DagBag from /Users/felipe.vasconcelos/repos/courses/python-learnings/.venv/lib/python3.10/site-packages/airflow/example_dags/example_sensors.py
[2023-08-05T11:25:46.404+0200] {processor.py:836} INFO - DAG(s) dict_keys(['example_sensors']) retrieved from /Users/felipe.vasconcelos/repos/courses/python-learnings/.venv/lib/python3.10/site-packages/airflow/example_dags/example_sensors.py
[2023-08-05T11:25:47.135+0200] {logging_mixin.py:150} INFO - [2023-08-05T11:25:47.135+0200] {dag.py:2742} INFO - Sync 1 DAGs
[2023-08-05T11:25:47.153+0200] {logging_mixin.py:150} INFO - [2023-08-05T11:25:47.153+0200] {dag.py:3504} INFO - Setting next_dagrun for example_sensors to None, run_after=None
[2023-08-05T11:25:47.181+0200] {processor.py:179} INFO - Processing /Users/felipe.vasconcelos/repos/courses/python-learnings/.venv/lib/python3.10/site-packages/airflow/example_dags/example_sensors.py took 0.828 seconds
[2023-08-05T11:28:02.273+0200] {processor.py:157} INFO - Started process (PID=83697) to work on /Users/felipe.vasconcelos/repos/courses/python-learnings/.venv/lib/python3.10/site-packages/airflow/example_dags/example_sensors.py
[2023-08-05T11:28:02.279+0200] {processor.py:826} INFO - Processing file /Users/felipe.vasconcelos/repos/courses/python-learnings/.venv/lib/python3.10/site-packages/airflow/example_dags/example_sensors.py for tasks to queue
[2023-08-05T11:28:02.280+0200] {logging_mixin.py:150} INFO - [2023-08-05T11:28:02.280+0200] {dagbag.py:541} INFO - Filling up the DagBag from /Users/felipe.vasconcelos/repos/courses/python-learnings/.venv/lib/python3.10/site-packages/airflow/example_dags/example_sensors.py
[2023-08-05T11:28:02.324+0200] {processor.py:836} INFO - DAG(s) dict_keys(['example_sensors']) retrieved from /Users/felipe.vasconcelos/repos/courses/python-learnings/.venv/lib/python3.10/site-packages/airflow/example_dags/example_sensors.py
[2023-08-05T11:28:03.052+0200] {logging_mixin.py:150} INFO - [2023-08-05T11:28:03.051+0200] {dag.py:2742} INFO - Sync 1 DAGs
[2023-08-05T11:28:03.067+0200] {logging_mixin.py:150} INFO - [2023-08-05T11:28:03.067+0200] {dag.py:3504} INFO - Setting next_dagrun for example_sensors to None, run_after=None
[2023-08-05T11:28:03.091+0200] {processor.py:179} INFO - Processing /Users/felipe.vasconcelos/repos/courses/python-learnings/.venv/lib/python3.10/site-packages/airflow/example_dags/example_sensors.py took 0.819 seconds
[2023-08-05T11:30:11.236+0200] {processor.py:157} INFO - Started process (PID=83754) to work on /Users/felipe.vasconcelos/repos/courses/python-learnings/.venv/lib/python3.10/site-packages/airflow/example_dags/example_sensors.py
[2023-08-05T11:30:11.243+0200] {processor.py:826} INFO - Processing file /Users/felipe.vasconcelos/repos/courses/python-learnings/.venv/lib/python3.10/site-packages/airflow/example_dags/example_sensors.py for tasks to queue
[2023-08-05T11:30:11.243+0200] {logging_mixin.py:150} INFO - [2023-08-05T11:30:11.243+0200] {dagbag.py:541} INFO - Filling up the DagBag from /Users/felipe.vasconcelos/repos/courses/python-learnings/.venv/lib/python3.10/site-packages/airflow/example_dags/example_sensors.py
[2023-08-05T11:30:11.284+0200] {processor.py:836} INFO - DAG(s) dict_keys(['example_sensors']) retrieved from /Users/felipe.vasconcelos/repos/courses/python-learnings/.venv/lib/python3.10/site-packages/airflow/example_dags/example_sensors.py
[2023-08-05T11:30:11.986+0200] {logging_mixin.py:150} INFO - [2023-08-05T11:30:11.986+0200] {dag.py:2742} INFO - Sync 1 DAGs
[2023-08-05T11:30:12.002+0200] {logging_mixin.py:150} INFO - [2023-08-05T11:30:12.002+0200] {dag.py:3504} INFO - Setting next_dagrun for example_sensors to None, run_after=None
[2023-08-05T11:30:12.028+0200] {processor.py:179} INFO - Processing /Users/felipe.vasconcelos/repos/courses/python-learnings/.venv/lib/python3.10/site-packages/airflow/example_dags/example_sensors.py took 0.793 seconds
[2023-08-05T11:33:26.664+0200] {processor.py:157} INFO - Started process (PID=83871) to work on /Users/felipe.vasconcelos/repos/courses/python-learnings/.venv/lib/python3.10/site-packages/airflow/example_dags/example_sensors.py
[2023-08-05T11:33:26.671+0200] {processor.py:826} INFO - Processing file /Users/felipe.vasconcelos/repos/courses/python-learnings/.venv/lib/python3.10/site-packages/airflow/example_dags/example_sensors.py for tasks to queue
[2023-08-05T11:33:26.672+0200] {logging_mixin.py:150} INFO - [2023-08-05T11:33:26.672+0200] {dagbag.py:541} INFO - Filling up the DagBag from /Users/felipe.vasconcelos/repos/courses/python-learnings/.venv/lib/python3.10/site-packages/airflow/example_dags/example_sensors.py
[2023-08-05T11:33:26.727+0200] {processor.py:836} INFO - DAG(s) dict_keys(['example_sensors']) retrieved from /Users/felipe.vasconcelos/repos/courses/python-learnings/.venv/lib/python3.10/site-packages/airflow/example_dags/example_sensors.py
[2023-08-05T11:33:27.556+0200] {logging_mixin.py:150} INFO - [2023-08-05T11:33:27.556+0200] {dag.py:2742} INFO - Sync 1 DAGs
[2023-08-05T11:33:27.575+0200] {logging_mixin.py:150} INFO - [2023-08-05T11:33:27.575+0200] {dag.py:3504} INFO - Setting next_dagrun for example_sensors to None, run_after=None
[2023-08-05T11:33:27.598+0200] {processor.py:179} INFO - Processing /Users/felipe.vasconcelos/repos/courses/python-learnings/.venv/lib/python3.10/site-packages/airflow/example_dags/example_sensors.py took 0.935 seconds
[2023-08-05T11:35:48.206+0200] {processor.py:157} INFO - Started process (PID=83942) to work on /Users/felipe.vasconcelos/repos/courses/python-learnings/.venv/lib/python3.10/site-packages/airflow/example_dags/example_sensors.py
[2023-08-05T11:35:48.212+0200] {processor.py:826} INFO - Processing file /Users/felipe.vasconcelos/repos/courses/python-learnings/.venv/lib/python3.10/site-packages/airflow/example_dags/example_sensors.py for tasks to queue
[2023-08-05T11:35:48.213+0200] {logging_mixin.py:150} INFO - [2023-08-05T11:35:48.213+0200] {dagbag.py:541} INFO - Filling up the DagBag from /Users/felipe.vasconcelos/repos/courses/python-learnings/.venv/lib/python3.10/site-packages/airflow/example_dags/example_sensors.py
[2023-08-05T11:35:48.263+0200] {processor.py:836} INFO - DAG(s) dict_keys(['example_sensors']) retrieved from /Users/felipe.vasconcelos/repos/courses/python-learnings/.venv/lib/python3.10/site-packages/airflow/example_dags/example_sensors.py
[2023-08-05T11:35:49.020+0200] {logging_mixin.py:150} INFO - [2023-08-05T11:35:49.020+0200] {dag.py:2742} INFO - Sync 1 DAGs
[2023-08-05T11:35:49.037+0200] {logging_mixin.py:150} INFO - [2023-08-05T11:35:49.037+0200] {dag.py:3504} INFO - Setting next_dagrun for example_sensors to None, run_after=None
[2023-08-05T11:35:49.057+0200] {processor.py:179} INFO - Processing /Users/felipe.vasconcelos/repos/courses/python-learnings/.venv/lib/python3.10/site-packages/airflow/example_dags/example_sensors.py took 0.853 seconds
[2023-08-05T11:37:57.249+0200] {processor.py:157} INFO - Started process (PID=84009) to work on /Users/felipe.vasconcelos/repos/courses/python-learnings/.venv/lib/python3.10/site-packages/airflow/example_dags/example_sensors.py
[2023-08-05T11:37:57.255+0200] {processor.py:826} INFO - Processing file /Users/felipe.vasconcelos/repos/courses/python-learnings/.venv/lib/python3.10/site-packages/airflow/example_dags/example_sensors.py for tasks to queue
[2023-08-05T11:37:57.256+0200] {logging_mixin.py:150} INFO - [2023-08-05T11:37:57.255+0200] {dagbag.py:541} INFO - Filling up the DagBag from /Users/felipe.vasconcelos/repos/courses/python-learnings/.venv/lib/python3.10/site-packages/airflow/example_dags/example_sensors.py
[2023-08-05T11:37:57.296+0200] {processor.py:836} INFO - DAG(s) dict_keys(['example_sensors']) retrieved from /Users/felipe.vasconcelos/repos/courses/python-learnings/.venv/lib/python3.10/site-packages/airflow/example_dags/example_sensors.py
[2023-08-05T11:37:58.261+0200] {logging_mixin.py:150} INFO - [2023-08-05T11:37:58.260+0200] {dag.py:2742} INFO - Sync 1 DAGs
[2023-08-05T11:37:58.281+0200] {logging_mixin.py:150} INFO - [2023-08-05T11:37:58.281+0200] {dag.py:3504} INFO - Setting next_dagrun for example_sensors to None, run_after=None
[2023-08-05T11:37:58.303+0200] {processor.py:179} INFO - Processing /Users/felipe.vasconcelos/repos/courses/python-learnings/.venv/lib/python3.10/site-packages/airflow/example_dags/example_sensors.py took 1.056 seconds
[2023-08-05T11:40:14.920+0200] {processor.py:157} INFO - Started process (PID=84076) to work on /Users/felipe.vasconcelos/repos/courses/python-learnings/.venv/lib/python3.10/site-packages/airflow/example_dags/example_sensors.py
[2023-08-05T11:40:14.928+0200] {processor.py:826} INFO - Processing file /Users/felipe.vasconcelos/repos/courses/python-learnings/.venv/lib/python3.10/site-packages/airflow/example_dags/example_sensors.py for tasks to queue
[2023-08-05T11:40:14.929+0200] {logging_mixin.py:150} INFO - [2023-08-05T11:40:14.929+0200] {dagbag.py:541} INFO - Filling up the DagBag from /Users/felipe.vasconcelos/repos/courses/python-learnings/.venv/lib/python3.10/site-packages/airflow/example_dags/example_sensors.py
[2023-08-05T11:40:14.977+0200] {processor.py:836} INFO - DAG(s) dict_keys(['example_sensors']) retrieved from /Users/felipe.vasconcelos/repos/courses/python-learnings/.venv/lib/python3.10/site-packages/airflow/example_dags/example_sensors.py
[2023-08-05T11:40:15.879+0200] {logging_mixin.py:150} INFO - [2023-08-05T11:40:15.879+0200] {dag.py:2742} INFO - Sync 1 DAGs
[2023-08-05T11:40:15.898+0200] {logging_mixin.py:150} INFO - [2023-08-05T11:40:15.898+0200] {dag.py:3504} INFO - Setting next_dagrun for example_sensors to None, run_after=None
[2023-08-05T11:40:15.922+0200] {processor.py:179} INFO - Processing /Users/felipe.vasconcelos/repos/courses/python-learnings/.venv/lib/python3.10/site-packages/airflow/example_dags/example_sensors.py took 1.003 seconds
[2023-08-05T11:42:23.999+0200] {processor.py:157} INFO - Started process (PID=84146) to work on /Users/felipe.vasconcelos/repos/courses/python-learnings/.venv/lib/python3.10/site-packages/airflow/example_dags/example_sensors.py
[2023-08-05T11:42:24.006+0200] {processor.py:826} INFO - Processing file /Users/felipe.vasconcelos/repos/courses/python-learnings/.venv/lib/python3.10/site-packages/airflow/example_dags/example_sensors.py for tasks to queue
[2023-08-05T11:42:24.007+0200] {logging_mixin.py:150} INFO - [2023-08-05T11:42:24.007+0200] {dagbag.py:541} INFO - Filling up the DagBag from /Users/felipe.vasconcelos/repos/courses/python-learnings/.venv/lib/python3.10/site-packages/airflow/example_dags/example_sensors.py
[2023-08-05T11:42:24.053+0200] {processor.py:836} INFO - DAG(s) dict_keys(['example_sensors']) retrieved from /Users/felipe.vasconcelos/repos/courses/python-learnings/.venv/lib/python3.10/site-packages/airflow/example_dags/example_sensors.py
[2023-08-05T11:42:24.955+0200] {logging_mixin.py:150} INFO - [2023-08-05T11:42:24.954+0200] {dag.py:2742} INFO - Sync 1 DAGs
[2023-08-05T11:42:24.971+0200] {logging_mixin.py:150} INFO - [2023-08-05T11:42:24.970+0200] {dag.py:3504} INFO - Setting next_dagrun for example_sensors to None, run_after=None
[2023-08-05T11:42:24.993+0200] {processor.py:179} INFO - Processing /Users/felipe.vasconcelos/repos/courses/python-learnings/.venv/lib/python3.10/site-packages/airflow/example_dags/example_sensors.py took 0.995 seconds
[2023-08-05T11:44:30.375+0200] {processor.py:157} INFO - Started process (PID=84206) to work on /Users/felipe.vasconcelos/repos/courses/python-learnings/.venv/lib/python3.10/site-packages/airflow/example_dags/example_sensors.py
[2023-08-05T11:44:30.382+0200] {processor.py:826} INFO - Processing file /Users/felipe.vasconcelos/repos/courses/python-learnings/.venv/lib/python3.10/site-packages/airflow/example_dags/example_sensors.py for tasks to queue
[2023-08-05T11:44:30.383+0200] {logging_mixin.py:150} INFO - [2023-08-05T11:44:30.382+0200] {dagbag.py:541} INFO - Filling up the DagBag from /Users/felipe.vasconcelos/repos/courses/python-learnings/.venv/lib/python3.10/site-packages/airflow/example_dags/example_sensors.py
[2023-08-05T11:44:30.426+0200] {processor.py:836} INFO - DAG(s) dict_keys(['example_sensors']) retrieved from /Users/felipe.vasconcelos/repos/courses/python-learnings/.venv/lib/python3.10/site-packages/airflow/example_dags/example_sensors.py
[2023-08-05T11:44:31.132+0200] {logging_mixin.py:150} INFO - [2023-08-05T11:44:31.132+0200] {dag.py:2742} INFO - Sync 1 DAGs
[2023-08-05T11:44:31.149+0200] {logging_mixin.py:150} INFO - [2023-08-05T11:44:31.149+0200] {dag.py:3504} INFO - Setting next_dagrun for example_sensors to None, run_after=None
[2023-08-05T11:44:31.170+0200] {processor.py:179} INFO - Processing /Users/felipe.vasconcelos/repos/courses/python-learnings/.venv/lib/python3.10/site-packages/airflow/example_dags/example_sensors.py took 0.795 seconds
[2023-08-05T11:46:38.822+0200] {processor.py:157} INFO - Started process (PID=84266) to work on /Users/felipe.vasconcelos/repos/courses/python-learnings/.venv/lib/python3.10/site-packages/airflow/example_dags/example_sensors.py
[2023-08-05T11:46:38.832+0200] {processor.py:826} INFO - Processing file /Users/felipe.vasconcelos/repos/courses/python-learnings/.venv/lib/python3.10/site-packages/airflow/example_dags/example_sensors.py for tasks to queue
[2023-08-05T11:46:38.834+0200] {logging_mixin.py:150} INFO - [2023-08-05T11:46:38.833+0200] {dagbag.py:541} INFO - Filling up the DagBag from /Users/felipe.vasconcelos/repos/courses/python-learnings/.venv/lib/python3.10/site-packages/airflow/example_dags/example_sensors.py
[2023-08-05T11:46:38.896+0200] {processor.py:836} INFO - DAG(s) dict_keys(['example_sensors']) retrieved from /Users/felipe.vasconcelos/repos/courses/python-learnings/.venv/lib/python3.10/site-packages/airflow/example_dags/example_sensors.py
[2023-08-05T11:46:40.070+0200] {logging_mixin.py:150} INFO - [2023-08-05T11:46:40.069+0200] {dag.py:2742} INFO - Sync 1 DAGs
[2023-08-05T11:46:40.097+0200] {logging_mixin.py:150} INFO - [2023-08-05T11:46:40.097+0200] {dag.py:3504} INFO - Setting next_dagrun for example_sensors to None, run_after=None
[2023-08-05T11:46:40.243+0200] {processor.py:179} INFO - Processing /Users/felipe.vasconcelos/repos/courses/python-learnings/.venv/lib/python3.10/site-packages/airflow/example_dags/example_sensors.py took 1.423 seconds
[2023-08-05T11:49:39.908+0200] {processor.py:157} INFO - Started process (PID=84388) to work on /Users/felipe.vasconcelos/repos/courses/python-learnings/.venv/lib/python3.10/site-packages/airflow/example_dags/example_sensors.py
[2023-08-05T11:49:39.918+0200] {processor.py:826} INFO - Processing file /Users/felipe.vasconcelos/repos/courses/python-learnings/.venv/lib/python3.10/site-packages/airflow/example_dags/example_sensors.py for tasks to queue
[2023-08-05T11:49:39.918+0200] {logging_mixin.py:150} INFO - [2023-08-05T11:49:39.918+0200] {dagbag.py:541} INFO - Filling up the DagBag from /Users/felipe.vasconcelos/repos/courses/python-learnings/.venv/lib/python3.10/site-packages/airflow/example_dags/example_sensors.py
[2023-08-05T11:49:39.970+0200] {processor.py:836} INFO - DAG(s) dict_keys(['example_sensors']) retrieved from /Users/felipe.vasconcelos/repos/courses/python-learnings/.venv/lib/python3.10/site-packages/airflow/example_dags/example_sensors.py
[2023-08-05T11:49:42.076+0200] {logging_mixin.py:150} INFO - [2023-08-05T11:49:42.075+0200] {dag.py:2742} INFO - Sync 1 DAGs
[2023-08-05T11:49:42.109+0200] {logging_mixin.py:150} INFO - [2023-08-05T11:49:42.108+0200] {dag.py:3504} INFO - Setting next_dagrun for example_sensors to None, run_after=None
[2023-08-05T11:49:42.147+0200] {processor.py:179} INFO - Processing /Users/felipe.vasconcelos/repos/courses/python-learnings/.venv/lib/python3.10/site-packages/airflow/example_dags/example_sensors.py took 2.240 seconds
[2023-08-05T11:51:57.932+0200] {processor.py:157} INFO - Started process (PID=84448) to work on /Users/felipe.vasconcelos/repos/courses/python-learnings/.venv/lib/python3.10/site-packages/airflow/example_dags/example_sensors.py
[2023-08-05T11:51:57.939+0200] {processor.py:826} INFO - Processing file /Users/felipe.vasconcelos/repos/courses/python-learnings/.venv/lib/python3.10/site-packages/airflow/example_dags/example_sensors.py for tasks to queue
[2023-08-05T11:51:57.940+0200] {logging_mixin.py:150} INFO - [2023-08-05T11:51:57.940+0200] {dagbag.py:541} INFO - Filling up the DagBag from /Users/felipe.vasconcelos/repos/courses/python-learnings/.venv/lib/python3.10/site-packages/airflow/example_dags/example_sensors.py
[2023-08-05T11:51:57.986+0200] {processor.py:836} INFO - DAG(s) dict_keys(['example_sensors']) retrieved from /Users/felipe.vasconcelos/repos/courses/python-learnings/.venv/lib/python3.10/site-packages/airflow/example_dags/example_sensors.py
[2023-08-05T11:51:58.691+0200] {logging_mixin.py:150} INFO - [2023-08-05T11:51:58.691+0200] {dag.py:2742} INFO - Sync 1 DAGs
[2023-08-05T11:51:58.708+0200] {logging_mixin.py:150} INFO - [2023-08-05T11:51:58.708+0200] {dag.py:3504} INFO - Setting next_dagrun for example_sensors to None, run_after=None
[2023-08-05T11:51:58.730+0200] {processor.py:179} INFO - Processing /Users/felipe.vasconcelos/repos/courses/python-learnings/.venv/lib/python3.10/site-packages/airflow/example_dags/example_sensors.py took 0.799 seconds
[2023-08-05T11:54:01.558+0200] {processor.py:157} INFO - Started process (PID=84503) to work on /Users/felipe.vasconcelos/repos/courses/python-learnings/.venv/lib/python3.10/site-packages/airflow/example_dags/example_sensors.py
[2023-08-05T11:54:01.566+0200] {processor.py:826} INFO - Processing file /Users/felipe.vasconcelos/repos/courses/python-learnings/.venv/lib/python3.10/site-packages/airflow/example_dags/example_sensors.py for tasks to queue
[2023-08-05T11:54:01.567+0200] {logging_mixin.py:150} INFO - [2023-08-05T11:54:01.566+0200] {dagbag.py:541} INFO - Filling up the DagBag from /Users/felipe.vasconcelos/repos/courses/python-learnings/.venv/lib/python3.10/site-packages/airflow/example_dags/example_sensors.py
[2023-08-05T11:54:01.609+0200] {processor.py:836} INFO - DAG(s) dict_keys(['example_sensors']) retrieved from /Users/felipe.vasconcelos/repos/courses/python-learnings/.venv/lib/python3.10/site-packages/airflow/example_dags/example_sensors.py
[2023-08-05T11:54:02.334+0200] {logging_mixin.py:150} INFO - [2023-08-05T11:54:02.334+0200] {dag.py:2742} INFO - Sync 1 DAGs
[2023-08-05T11:54:02.351+0200] {logging_mixin.py:150} INFO - [2023-08-05T11:54:02.351+0200] {dag.py:3504} INFO - Setting next_dagrun for example_sensors to None, run_after=None
[2023-08-05T11:54:02.373+0200] {processor.py:179} INFO - Processing /Users/felipe.vasconcelos/repos/courses/python-learnings/.venv/lib/python3.10/site-packages/airflow/example_dags/example_sensors.py took 0.816 seconds
[2023-08-05T11:56:08.939+0200] {processor.py:157} INFO - Started process (PID=84569) to work on /Users/felipe.vasconcelos/repos/courses/python-learnings/.venv/lib/python3.10/site-packages/airflow/example_dags/example_sensors.py
[2023-08-05T11:56:08.944+0200] {processor.py:826} INFO - Processing file /Users/felipe.vasconcelos/repos/courses/python-learnings/.venv/lib/python3.10/site-packages/airflow/example_dags/example_sensors.py for tasks to queue
[2023-08-05T11:56:08.945+0200] {logging_mixin.py:150} INFO - [2023-08-05T11:56:08.944+0200] {dagbag.py:541} INFO - Filling up the DagBag from /Users/felipe.vasconcelos/repos/courses/python-learnings/.venv/lib/python3.10/site-packages/airflow/example_dags/example_sensors.py
[2023-08-05T11:56:08.983+0200] {processor.py:836} INFO - DAG(s) dict_keys(['example_sensors']) retrieved from /Users/felipe.vasconcelos/repos/courses/python-learnings/.venv/lib/python3.10/site-packages/airflow/example_dags/example_sensors.py
[2023-08-05T11:56:09.703+0200] {logging_mixin.py:150} INFO - [2023-08-05T11:56:09.702+0200] {dag.py:2742} INFO - Sync 1 DAGs
[2023-08-05T11:56:09.718+0200] {logging_mixin.py:150} INFO - [2023-08-05T11:56:09.718+0200] {dag.py:3504} INFO - Setting next_dagrun for example_sensors to None, run_after=None
[2023-08-05T11:56:09.739+0200] {processor.py:179} INFO - Processing /Users/felipe.vasconcelos/repos/courses/python-learnings/.venv/lib/python3.10/site-packages/airflow/example_dags/example_sensors.py took 0.801 seconds
[2023-08-05T11:58:16.765+0200] {processor.py:157} INFO - Started process (PID=84635) to work on /Users/felipe.vasconcelos/repos/courses/python-learnings/.venv/lib/python3.10/site-packages/airflow/example_dags/example_sensors.py
[2023-08-05T11:58:16.771+0200] {processor.py:826} INFO - Processing file /Users/felipe.vasconcelos/repos/courses/python-learnings/.venv/lib/python3.10/site-packages/airflow/example_dags/example_sensors.py for tasks to queue
[2023-08-05T11:58:16.772+0200] {logging_mixin.py:150} INFO - [2023-08-05T11:58:16.772+0200] {dagbag.py:541} INFO - Filling up the DagBag from /Users/felipe.vasconcelos/repos/courses/python-learnings/.venv/lib/python3.10/site-packages/airflow/example_dags/example_sensors.py
[2023-08-05T11:58:16.817+0200] {processor.py:836} INFO - DAG(s) dict_keys(['example_sensors']) retrieved from /Users/felipe.vasconcelos/repos/courses/python-learnings/.venv/lib/python3.10/site-packages/airflow/example_dags/example_sensors.py
[2023-08-05T11:58:17.548+0200] {logging_mixin.py:150} INFO - [2023-08-05T11:58:17.548+0200] {dag.py:2742} INFO - Sync 1 DAGs
[2023-08-05T11:58:17.569+0200] {logging_mixin.py:150} INFO - [2023-08-05T11:58:17.568+0200] {dag.py:3504} INFO - Setting next_dagrun for example_sensors to None, run_after=None
[2023-08-05T11:58:17.592+0200] {processor.py:179} INFO - Processing /Users/felipe.vasconcelos/repos/courses/python-learnings/.venv/lib/python3.10/site-packages/airflow/example_dags/example_sensors.py took 0.828 seconds
[2023-08-05T12:01:48.234+0200] {processor.py:157} INFO - Started process (PID=84780) to work on /Users/felipe.vasconcelos/repos/courses/python-learnings/.venv/lib/python3.10/site-packages/airflow/example_dags/example_sensors.py
[2023-08-05T12:01:48.241+0200] {processor.py:826} INFO - Processing file /Users/felipe.vasconcelos/repos/courses/python-learnings/.venv/lib/python3.10/site-packages/airflow/example_dags/example_sensors.py for tasks to queue
[2023-08-05T12:01:48.242+0200] {logging_mixin.py:150} INFO - [2023-08-05T12:01:48.241+0200] {dagbag.py:541} INFO - Filling up the DagBag from /Users/felipe.vasconcelos/repos/courses/python-learnings/.venv/lib/python3.10/site-packages/airflow/example_dags/example_sensors.py
[2023-08-05T12:01:48.288+0200] {processor.py:836} INFO - DAG(s) dict_keys(['example_sensors']) retrieved from /Users/felipe.vasconcelos/repos/courses/python-learnings/.venv/lib/python3.10/site-packages/airflow/example_dags/example_sensors.py
[2023-08-05T12:01:49.068+0200] {logging_mixin.py:150} INFO - [2023-08-05T12:01:49.068+0200] {dag.py:2742} INFO - Sync 1 DAGs
[2023-08-05T12:01:49.085+0200] {logging_mixin.py:150} INFO - [2023-08-05T12:01:49.085+0200] {dag.py:3504} INFO - Setting next_dagrun for example_sensors to None, run_after=None
[2023-08-05T12:01:49.113+0200] {processor.py:179} INFO - Processing /Users/felipe.vasconcelos/repos/courses/python-learnings/.venv/lib/python3.10/site-packages/airflow/example_dags/example_sensors.py took 0.880 seconds
