[2023-08-05T10:39:31.197+0200] {processor.py:157} INFO - Started process (PID=82592) to work on /Users/felipe.vasconcelos/repos/courses/python-learnings/.venv/lib/python3.10/site-packages/airflow/example_dags/example_subdag_operator.py
[2023-08-05T10:39:31.203+0200] {processor.py:826} INFO - Processing file /Users/felipe.vasconcelos/repos/courses/python-learnings/.venv/lib/python3.10/site-packages/airflow/example_dags/example_subdag_operator.py for tasks to queue
[2023-08-05T10:39:31.204+0200] {logging_mixin.py:150} INFO - [2023-08-05T10:39:31.203+0200] {dagbag.py:541} INFO - Filling up the DagBag from /Users/felipe.vasconcelos/repos/courses/python-learnings/.venv/lib/python3.10/site-packages/airflow/example_dags/example_subdag_operator.py
[2023-08-05T10:39:32.139+0200] {processor.py:836} INFO - DAG(s) dict_keys(['example_subdag_operator.section-1', 'example_subdag_operator.section-2', 'example_subdag_operator']) retrieved from /Users/felipe.vasconcelos/repos/courses/python-learnings/.venv/lib/python3.10/site-packages/airflow/example_dags/example_subdag_operator.py
[2023-08-05T10:39:32.295+0200] {logging_mixin.py:150} INFO - [2023-08-05T10:39:32.295+0200] {manager.py:504} INFO - Created Permission View: can edit on DAG:example_subdag_operator
[2023-08-05T10:39:32.307+0200] {logging_mixin.py:150} INFO - [2023-08-05T10:39:32.307+0200] {manager.py:504} INFO - Created Permission View: can read on DAG:example_subdag_operator
[2023-08-05T10:39:32.316+0200] {logging_mixin.py:150} INFO - [2023-08-05T10:39:32.316+0200] {manager.py:504} INFO - Created Permission View: can delete on DAG:example_subdag_operator
[2023-08-05T10:39:32.333+0200] {logging_mixin.py:150} INFO - [2023-08-05T10:39:32.332+0200] {dag.py:2742} INFO - Sync 3 DAGs
[2023-08-05T10:39:32.346+0200] {logging_mixin.py:150} INFO - [2023-08-05T10:39:32.346+0200] {dag.py:2763} INFO - Creating ORM DAG for example_subdag_operator
[2023-08-05T10:39:32.347+0200] {logging_mixin.py:150} INFO - [2023-08-05T10:39:32.347+0200] {dag.py:2763} INFO - Creating ORM DAG for example_subdag_operator.section-1
[2023-08-05T10:39:32.349+0200] {logging_mixin.py:150} INFO - [2023-08-05T10:39:32.349+0200] {dag.py:2763} INFO - Creating ORM DAG for example_subdag_operator.section-2
[2023-08-05T10:39:32.359+0200] {logging_mixin.py:150} INFO - [2023-08-05T10:39:32.359+0200] {dag.py:3504} INFO - Setting next_dagrun for example_subdag_operator to 2022-01-01T00:00:00+00:00, run_after=2022-01-01T00:00:00+00:00
[2023-08-05T10:39:32.360+0200] {logging_mixin.py:150} INFO - [2023-08-05T10:39:32.360+0200] {dag.py:3504} INFO - Setting next_dagrun for example_subdag_operator.section-1 to None, run_after=None
[2023-08-05T10:39:32.360+0200] {logging_mixin.py:150} INFO - [2023-08-05T10:39:32.360+0200] {dag.py:3504} INFO - Setting next_dagrun for example_subdag_operator.section-2 to None, run_after=None
[2023-08-05T10:39:32.372+0200] {logging_mixin.py:150} INFO - [2023-08-05T10:39:32.371+0200] {dag.py:2742} INFO - Sync 2 DAGs
[2023-08-05T10:39:32.377+0200] {logging_mixin.py:150} INFO - [2023-08-05T10:39:32.377+0200] {dag.py:3504} INFO - Setting next_dagrun for example_subdag_operator.section-1 to None, run_after=None
[2023-08-05T10:39:32.381+0200] {logging_mixin.py:150} INFO - [2023-08-05T10:39:32.381+0200] {dag.py:3504} INFO - Setting next_dagrun for example_subdag_operator.section-2 to None, run_after=None
[2023-08-05T10:39:32.408+0200] {processor.py:179} INFO - Processing /Users/felipe.vasconcelos/repos/courses/python-learnings/.venv/lib/python3.10/site-packages/airflow/example_dags/example_subdag_operator.py took 1.212 seconds
[2023-08-05T10:42:31.443+0200] {processor.py:157} INFO - Started process (PID=82669) to work on /Users/felipe.vasconcelos/repos/courses/python-learnings/.venv/lib/python3.10/site-packages/airflow/example_dags/example_subdag_operator.py
[2023-08-05T10:42:31.452+0200] {processor.py:826} INFO - Processing file /Users/felipe.vasconcelos/repos/courses/python-learnings/.venv/lib/python3.10/site-packages/airflow/example_dags/example_subdag_operator.py for tasks to queue
[2023-08-05T10:42:31.453+0200] {logging_mixin.py:150} INFO - [2023-08-05T10:42:31.453+0200] {dagbag.py:541} INFO - Filling up the DagBag from /Users/felipe.vasconcelos/repos/courses/python-learnings/.venv/lib/python3.10/site-packages/airflow/example_dags/example_subdag_operator.py
[2023-08-05T10:42:32.886+0200] {processor.py:836} INFO - DAG(s) dict_keys(['example_subdag_operator.section-1', 'example_subdag_operator.section-2', 'example_subdag_operator']) retrieved from /Users/felipe.vasconcelos/repos/courses/python-learnings/.venv/lib/python3.10/site-packages/airflow/example_dags/example_subdag_operator.py
[2023-08-05T10:42:32.968+0200] {logging_mixin.py:150} INFO - [2023-08-05T10:42:32.967+0200] {dag.py:2742} INFO - Sync 3 DAGs
[2023-08-05T10:42:33.001+0200] {logging_mixin.py:150} INFO - [2023-08-05T10:42:33.001+0200] {dag.py:3504} INFO - Setting next_dagrun for example_subdag_operator to 2022-01-01T00:00:00+00:00, run_after=2022-01-01T00:00:00+00:00
[2023-08-05T10:42:33.006+0200] {logging_mixin.py:150} INFO - [2023-08-05T10:42:33.006+0200] {dag.py:3504} INFO - Setting next_dagrun for example_subdag_operator.section-1 to None, run_after=None
[2023-08-05T10:42:33.008+0200] {logging_mixin.py:150} INFO - [2023-08-05T10:42:33.007+0200] {dag.py:3504} INFO - Setting next_dagrun for example_subdag_operator.section-2 to None, run_after=None
[2023-08-05T10:42:33.016+0200] {logging_mixin.py:150} INFO - [2023-08-05T10:42:33.016+0200] {dag.py:2742} INFO - Sync 2 DAGs
[2023-08-05T10:42:33.022+0200] {logging_mixin.py:150} INFO - [2023-08-05T10:42:33.022+0200] {dag.py:3504} INFO - Setting next_dagrun for example_subdag_operator.section-1 to None, run_after=None
[2023-08-05T10:42:33.023+0200] {logging_mixin.py:150} INFO - [2023-08-05T10:42:33.023+0200] {dag.py:3504} INFO - Setting next_dagrun for example_subdag_operator.section-2 to None, run_after=None
[2023-08-05T10:42:33.047+0200] {processor.py:179} INFO - Processing /Users/felipe.vasconcelos/repos/courses/python-learnings/.venv/lib/python3.10/site-packages/airflow/example_dags/example_subdag_operator.py took 1.605 seconds
[2023-08-05T10:46:19.170+0200] {processor.py:157} INFO - Started process (PID=82801) to work on /Users/felipe.vasconcelos/repos/courses/python-learnings/.venv/lib/python3.10/site-packages/airflow/example_dags/example_subdag_operator.py
[2023-08-05T10:46:19.177+0200] {processor.py:826} INFO - Processing file /Users/felipe.vasconcelos/repos/courses/python-learnings/.venv/lib/python3.10/site-packages/airflow/example_dags/example_subdag_operator.py for tasks to queue
[2023-08-05T10:46:19.178+0200] {logging_mixin.py:150} INFO - [2023-08-05T10:46:19.178+0200] {dagbag.py:541} INFO - Filling up the DagBag from /Users/felipe.vasconcelos/repos/courses/python-learnings/.venv/lib/python3.10/site-packages/airflow/example_dags/example_subdag_operator.py
[2023-08-05T10:46:20.322+0200] {processor.py:836} INFO - DAG(s) dict_keys(['example_subdag_operator.section-1', 'example_subdag_operator.section-2', 'example_subdag_operator']) retrieved from /Users/felipe.vasconcelos/repos/courses/python-learnings/.venv/lib/python3.10/site-packages/airflow/example_dags/example_subdag_operator.py
[2023-08-05T10:46:20.391+0200] {logging_mixin.py:150} INFO - [2023-08-05T10:46:20.391+0200] {dag.py:2742} INFO - Sync 3 DAGs
[2023-08-05T10:46:20.414+0200] {logging_mixin.py:150} INFO - [2023-08-05T10:46:20.414+0200] {dag.py:3504} INFO - Setting next_dagrun for example_subdag_operator to 2022-01-01T00:00:00+00:00, run_after=2022-01-01T00:00:00+00:00
[2023-08-05T10:46:20.421+0200] {logging_mixin.py:150} INFO - [2023-08-05T10:46:20.421+0200] {dag.py:3504} INFO - Setting next_dagrun for example_subdag_operator.section-1 to None, run_after=None
[2023-08-05T10:46:20.422+0200] {logging_mixin.py:150} INFO - [2023-08-05T10:46:20.422+0200] {dag.py:3504} INFO - Setting next_dagrun for example_subdag_operator.section-2 to None, run_after=None
[2023-08-05T10:46:20.431+0200] {logging_mixin.py:150} INFO - [2023-08-05T10:46:20.430+0200] {dag.py:2742} INFO - Sync 2 DAGs
[2023-08-05T10:46:20.440+0200] {logging_mixin.py:150} INFO - [2023-08-05T10:46:20.439+0200] {dag.py:3504} INFO - Setting next_dagrun for example_subdag_operator.section-1 to None, run_after=None
[2023-08-05T10:46:20.441+0200] {logging_mixin.py:150} INFO - [2023-08-05T10:46:20.440+0200] {dag.py:3504} INFO - Setting next_dagrun for example_subdag_operator.section-2 to None, run_after=None
[2023-08-05T10:46:20.465+0200] {processor.py:179} INFO - Processing /Users/felipe.vasconcelos/repos/courses/python-learnings/.venv/lib/python3.10/site-packages/airflow/example_dags/example_subdag_operator.py took 1.296 seconds
[2023-08-05T10:48:40.334+0200] {processor.py:157} INFO - Started process (PID=82874) to work on /Users/felipe.vasconcelos/repos/courses/python-learnings/.venv/lib/python3.10/site-packages/airflow/example_dags/example_subdag_operator.py
[2023-08-05T10:48:40.341+0200] {processor.py:826} INFO - Processing file /Users/felipe.vasconcelos/repos/courses/python-learnings/.venv/lib/python3.10/site-packages/airflow/example_dags/example_subdag_operator.py for tasks to queue
[2023-08-05T10:48:40.342+0200] {logging_mixin.py:150} INFO - [2023-08-05T10:48:40.342+0200] {dagbag.py:541} INFO - Filling up the DagBag from /Users/felipe.vasconcelos/repos/courses/python-learnings/.venv/lib/python3.10/site-packages/airflow/example_dags/example_subdag_operator.py
[2023-08-05T10:48:41.068+0200] {processor.py:836} INFO - DAG(s) dict_keys(['example_subdag_operator.section-1', 'example_subdag_operator.section-2', 'example_subdag_operator']) retrieved from /Users/felipe.vasconcelos/repos/courses/python-learnings/.venv/lib/python3.10/site-packages/airflow/example_dags/example_subdag_operator.py
[2023-08-05T10:48:41.110+0200] {logging_mixin.py:150} INFO - [2023-08-05T10:48:41.110+0200] {dag.py:2742} INFO - Sync 3 DAGs
[2023-08-05T10:48:41.127+0200] {logging_mixin.py:150} INFO - [2023-08-05T10:48:41.127+0200] {dag.py:3504} INFO - Setting next_dagrun for example_subdag_operator to 2022-01-01T00:00:00+00:00, run_after=2022-01-01T00:00:00+00:00
[2023-08-05T10:48:41.130+0200] {logging_mixin.py:150} INFO - [2023-08-05T10:48:41.129+0200] {dag.py:3504} INFO - Setting next_dagrun for example_subdag_operator.section-1 to None, run_after=None
[2023-08-05T10:48:41.130+0200] {logging_mixin.py:150} INFO - [2023-08-05T10:48:41.130+0200] {dag.py:3504} INFO - Setting next_dagrun for example_subdag_operator.section-2 to None, run_after=None
[2023-08-05T10:48:41.136+0200] {logging_mixin.py:150} INFO - [2023-08-05T10:48:41.136+0200] {dag.py:2742} INFO - Sync 2 DAGs
[2023-08-05T10:48:41.140+0200] {logging_mixin.py:150} INFO - [2023-08-05T10:48:41.140+0200] {dag.py:3504} INFO - Setting next_dagrun for example_subdag_operator.section-1 to None, run_after=None
[2023-08-05T10:48:41.140+0200] {logging_mixin.py:150} INFO - [2023-08-05T10:48:41.140+0200] {dag.py:3504} INFO - Setting next_dagrun for example_subdag_operator.section-2 to None, run_after=None
[2023-08-05T10:48:41.157+0200] {processor.py:179} INFO - Processing /Users/felipe.vasconcelos/repos/courses/python-learnings/.venv/lib/python3.10/site-packages/airflow/example_dags/example_subdag_operator.py took 0.824 seconds
[2023-08-05T10:51:00.073+0200] {processor.py:157} INFO - Started process (PID=82937) to work on /Users/felipe.vasconcelos/repos/courses/python-learnings/.venv/lib/python3.10/site-packages/airflow/example_dags/example_subdag_operator.py
[2023-08-05T10:51:00.080+0200] {processor.py:826} INFO - Processing file /Users/felipe.vasconcelos/repos/courses/python-learnings/.venv/lib/python3.10/site-packages/airflow/example_dags/example_subdag_operator.py for tasks to queue
[2023-08-05T10:51:00.081+0200] {logging_mixin.py:150} INFO - [2023-08-05T10:51:00.081+0200] {dagbag.py:541} INFO - Filling up the DagBag from /Users/felipe.vasconcelos/repos/courses/python-learnings/.venv/lib/python3.10/site-packages/airflow/example_dags/example_subdag_operator.py
[2023-08-05T10:51:00.793+0200] {processor.py:836} INFO - DAG(s) dict_keys(['example_subdag_operator.section-1', 'example_subdag_operator.section-2', 'example_subdag_operator']) retrieved from /Users/felipe.vasconcelos/repos/courses/python-learnings/.venv/lib/python3.10/site-packages/airflow/example_dags/example_subdag_operator.py
[2023-08-05T10:51:00.836+0200] {logging_mixin.py:150} INFO - [2023-08-05T10:51:00.835+0200] {dag.py:2742} INFO - Sync 3 DAGs
[2023-08-05T10:51:00.852+0200] {logging_mixin.py:150} INFO - [2023-08-05T10:51:00.852+0200] {dag.py:3504} INFO - Setting next_dagrun for example_subdag_operator to 2022-01-01T00:00:00+00:00, run_after=2022-01-01T00:00:00+00:00
[2023-08-05T10:51:00.855+0200] {logging_mixin.py:150} INFO - [2023-08-05T10:51:00.855+0200] {dag.py:3504} INFO - Setting next_dagrun for example_subdag_operator.section-1 to None, run_after=None
[2023-08-05T10:51:00.856+0200] {logging_mixin.py:150} INFO - [2023-08-05T10:51:00.856+0200] {dag.py:3504} INFO - Setting next_dagrun for example_subdag_operator.section-2 to None, run_after=None
[2023-08-05T10:51:00.862+0200] {logging_mixin.py:150} INFO - [2023-08-05T10:51:00.862+0200] {dag.py:2742} INFO - Sync 2 DAGs
[2023-08-05T10:51:00.869+0200] {logging_mixin.py:150} INFO - [2023-08-05T10:51:00.869+0200] {dag.py:3504} INFO - Setting next_dagrun for example_subdag_operator.section-1 to None, run_after=None
[2023-08-05T10:51:00.869+0200] {logging_mixin.py:150} INFO - [2023-08-05T10:51:00.869+0200] {dag.py:3504} INFO - Setting next_dagrun for example_subdag_operator.section-2 to None, run_after=None
[2023-08-05T10:51:00.892+0200] {processor.py:179} INFO - Processing /Users/felipe.vasconcelos/repos/courses/python-learnings/.venv/lib/python3.10/site-packages/airflow/example_dags/example_subdag_operator.py took 0.820 seconds
[2023-08-05T10:53:15.488+0200] {processor.py:157} INFO - Started process (PID=83002) to work on /Users/felipe.vasconcelos/repos/courses/python-learnings/.venv/lib/python3.10/site-packages/airflow/example_dags/example_subdag_operator.py
[2023-08-05T10:53:15.494+0200] {processor.py:826} INFO - Processing file /Users/felipe.vasconcelos/repos/courses/python-learnings/.venv/lib/python3.10/site-packages/airflow/example_dags/example_subdag_operator.py for tasks to queue
[2023-08-05T10:53:15.495+0200] {logging_mixin.py:150} INFO - [2023-08-05T10:53:15.495+0200] {dagbag.py:541} INFO - Filling up the DagBag from /Users/felipe.vasconcelos/repos/courses/python-learnings/.venv/lib/python3.10/site-packages/airflow/example_dags/example_subdag_operator.py
[2023-08-05T10:53:16.227+0200] {processor.py:836} INFO - DAG(s) dict_keys(['example_subdag_operator.section-1', 'example_subdag_operator.section-2', 'example_subdag_operator']) retrieved from /Users/felipe.vasconcelos/repos/courses/python-learnings/.venv/lib/python3.10/site-packages/airflow/example_dags/example_subdag_operator.py
[2023-08-05T10:53:16.271+0200] {logging_mixin.py:150} INFO - [2023-08-05T10:53:16.270+0200] {dag.py:2742} INFO - Sync 3 DAGs
[2023-08-05T10:53:16.288+0200] {logging_mixin.py:150} INFO - [2023-08-05T10:53:16.288+0200] {dag.py:3504} INFO - Setting next_dagrun for example_subdag_operator to 2022-01-01T00:00:00+00:00, run_after=2022-01-01T00:00:00+00:00
[2023-08-05T10:53:16.290+0200] {logging_mixin.py:150} INFO - [2023-08-05T10:53:16.290+0200] {dag.py:3504} INFO - Setting next_dagrun for example_subdag_operator.section-1 to None, run_after=None
[2023-08-05T10:53:16.291+0200] {logging_mixin.py:150} INFO - [2023-08-05T10:53:16.291+0200] {dag.py:3504} INFO - Setting next_dagrun for example_subdag_operator.section-2 to None, run_after=None
[2023-08-05T10:53:16.297+0200] {logging_mixin.py:150} INFO - [2023-08-05T10:53:16.296+0200] {dag.py:2742} INFO - Sync 2 DAGs
[2023-08-05T10:53:16.301+0200] {logging_mixin.py:150} INFO - [2023-08-05T10:53:16.300+0200] {dag.py:3504} INFO - Setting next_dagrun for example_subdag_operator.section-1 to None, run_after=None
[2023-08-05T10:53:16.301+0200] {logging_mixin.py:150} INFO - [2023-08-05T10:53:16.301+0200] {dag.py:3504} INFO - Setting next_dagrun for example_subdag_operator.section-2 to None, run_after=None
[2023-08-05T10:53:16.317+0200] {processor.py:179} INFO - Processing /Users/felipe.vasconcelos/repos/courses/python-learnings/.venv/lib/python3.10/site-packages/airflow/example_dags/example_subdag_operator.py took 0.830 seconds
[2023-08-05T10:55:30.790+0200] {processor.py:157} INFO - Started process (PID=83067) to work on /Users/felipe.vasconcelos/repos/courses/python-learnings/.venv/lib/python3.10/site-packages/airflow/example_dags/example_subdag_operator.py
[2023-08-05T10:55:30.796+0200] {processor.py:826} INFO - Processing file /Users/felipe.vasconcelos/repos/courses/python-learnings/.venv/lib/python3.10/site-packages/airflow/example_dags/example_subdag_operator.py for tasks to queue
[2023-08-05T10:55:30.797+0200] {logging_mixin.py:150} INFO - [2023-08-05T10:55:30.797+0200] {dagbag.py:541} INFO - Filling up the DagBag from /Users/felipe.vasconcelos/repos/courses/python-learnings/.venv/lib/python3.10/site-packages/airflow/example_dags/example_subdag_operator.py
[2023-08-05T10:55:31.691+0200] {processor.py:836} INFO - DAG(s) dict_keys(['example_subdag_operator.section-1', 'example_subdag_operator.section-2', 'example_subdag_operator']) retrieved from /Users/felipe.vasconcelos/repos/courses/python-learnings/.venv/lib/python3.10/site-packages/airflow/example_dags/example_subdag_operator.py
[2023-08-05T10:55:31.738+0200] {logging_mixin.py:150} INFO - [2023-08-05T10:55:31.738+0200] {dag.py:2742} INFO - Sync 3 DAGs
[2023-08-05T10:55:31.758+0200] {logging_mixin.py:150} INFO - [2023-08-05T10:55:31.758+0200] {dag.py:3504} INFO - Setting next_dagrun for example_subdag_operator to 2022-01-01T00:00:00+00:00, run_after=2022-01-01T00:00:00+00:00
[2023-08-05T10:55:31.761+0200] {logging_mixin.py:150} INFO - [2023-08-05T10:55:31.760+0200] {dag.py:3504} INFO - Setting next_dagrun for example_subdag_operator.section-1 to None, run_after=None
[2023-08-05T10:55:31.762+0200] {logging_mixin.py:150} INFO - [2023-08-05T10:55:31.762+0200] {dag.py:3504} INFO - Setting next_dagrun for example_subdag_operator.section-2 to None, run_after=None
[2023-08-05T10:55:31.767+0200] {logging_mixin.py:150} INFO - [2023-08-05T10:55:31.767+0200] {dag.py:2742} INFO - Sync 2 DAGs
[2023-08-05T10:55:31.771+0200] {logging_mixin.py:150} INFO - [2023-08-05T10:55:31.771+0200] {dag.py:3504} INFO - Setting next_dagrun for example_subdag_operator.section-1 to None, run_after=None
[2023-08-05T10:55:31.772+0200] {logging_mixin.py:150} INFO - [2023-08-05T10:55:31.771+0200] {dag.py:3504} INFO - Setting next_dagrun for example_subdag_operator.section-2 to None, run_after=None
[2023-08-05T10:55:31.788+0200] {processor.py:179} INFO - Processing /Users/felipe.vasconcelos/repos/courses/python-learnings/.venv/lib/python3.10/site-packages/airflow/example_dags/example_subdag_operator.py took 0.999 seconds
[2023-08-05T10:57:37.587+0200] {processor.py:157} INFO - Started process (PID=83131) to work on /Users/felipe.vasconcelos/repos/courses/python-learnings/.venv/lib/python3.10/site-packages/airflow/example_dags/example_subdag_operator.py
[2023-08-05T10:57:37.593+0200] {processor.py:826} INFO - Processing file /Users/felipe.vasconcelos/repos/courses/python-learnings/.venv/lib/python3.10/site-packages/airflow/example_dags/example_subdag_operator.py for tasks to queue
[2023-08-05T10:57:37.594+0200] {logging_mixin.py:150} INFO - [2023-08-05T10:57:37.593+0200] {dagbag.py:541} INFO - Filling up the DagBag from /Users/felipe.vasconcelos/repos/courses/python-learnings/.venv/lib/python3.10/site-packages/airflow/example_dags/example_subdag_operator.py
[2023-08-05T10:57:38.431+0200] {processor.py:836} INFO - DAG(s) dict_keys(['example_subdag_operator.section-1', 'example_subdag_operator.section-2', 'example_subdag_operator']) retrieved from /Users/felipe.vasconcelos/repos/courses/python-learnings/.venv/lib/python3.10/site-packages/airflow/example_dags/example_subdag_operator.py
[2023-08-05T10:57:38.482+0200] {logging_mixin.py:150} INFO - [2023-08-05T10:57:38.481+0200] {dag.py:2742} INFO - Sync 3 DAGs
[2023-08-05T10:57:38.499+0200] {logging_mixin.py:150} INFO - [2023-08-05T10:57:38.499+0200] {dag.py:3504} INFO - Setting next_dagrun for example_subdag_operator to 2022-01-01T00:00:00+00:00, run_after=2022-01-01T00:00:00+00:00
[2023-08-05T10:57:38.502+0200] {logging_mixin.py:150} INFO - [2023-08-05T10:57:38.502+0200] {dag.py:3504} INFO - Setting next_dagrun for example_subdag_operator.section-1 to None, run_after=None
[2023-08-05T10:57:38.503+0200] {logging_mixin.py:150} INFO - [2023-08-05T10:57:38.503+0200] {dag.py:3504} INFO - Setting next_dagrun for example_subdag_operator.section-2 to None, run_after=None
[2023-08-05T10:57:38.508+0200] {logging_mixin.py:150} INFO - [2023-08-05T10:57:38.508+0200] {dag.py:2742} INFO - Sync 2 DAGs
[2023-08-05T10:57:38.513+0200] {logging_mixin.py:150} INFO - [2023-08-05T10:57:38.512+0200] {dag.py:3504} INFO - Setting next_dagrun for example_subdag_operator.section-1 to None, run_after=None
[2023-08-05T10:57:38.513+0200] {logging_mixin.py:150} INFO - [2023-08-05T10:57:38.513+0200] {dag.py:3504} INFO - Setting next_dagrun for example_subdag_operator.section-2 to None, run_after=None
[2023-08-05T10:57:38.530+0200] {processor.py:179} INFO - Processing /Users/felipe.vasconcelos/repos/courses/python-learnings/.venv/lib/python3.10/site-packages/airflow/example_dags/example_subdag_operator.py took 0.944 seconds
[2023-08-05T11:11:59.110+0200] {processor.py:157} INFO - Started process (PID=83258) to work on /Users/felipe.vasconcelos/repos/courses/python-learnings/.venv/lib/python3.10/site-packages/airflow/example_dags/example_subdag_operator.py
[2023-08-05T11:11:59.124+0200] {processor.py:826} INFO - Processing file /Users/felipe.vasconcelos/repos/courses/python-learnings/.venv/lib/python3.10/site-packages/airflow/example_dags/example_subdag_operator.py for tasks to queue
[2023-08-05T11:11:59.125+0200] {logging_mixin.py:150} INFO - [2023-08-05T11:11:59.124+0200] {dagbag.py:541} INFO - Filling up the DagBag from /Users/felipe.vasconcelos/repos/courses/python-learnings/.venv/lib/python3.10/site-packages/airflow/example_dags/example_subdag_operator.py
[2023-08-05T11:12:00.643+0200] {processor.py:836} INFO - DAG(s) dict_keys(['example_subdag_operator.section-1', 'example_subdag_operator.section-2', 'example_subdag_operator']) retrieved from /Users/felipe.vasconcelos/repos/courses/python-learnings/.venv/lib/python3.10/site-packages/airflow/example_dags/example_subdag_operator.py
[2023-08-05T11:12:00.865+0200] {logging_mixin.py:150} INFO - [2023-08-05T11:12:00.865+0200] {dag.py:2742} INFO - Sync 3 DAGs
[2023-08-05T11:12:00.897+0200] {logging_mixin.py:150} INFO - [2023-08-05T11:12:00.896+0200] {dag.py:3504} INFO - Setting next_dagrun for example_subdag_operator to 2022-01-01T00:00:00+00:00, run_after=2022-01-01T00:00:00+00:00
[2023-08-05T11:12:00.901+0200] {logging_mixin.py:150} INFO - [2023-08-05T11:12:00.901+0200] {dag.py:3504} INFO - Setting next_dagrun for example_subdag_operator.section-1 to None, run_after=None
[2023-08-05T11:12:00.902+0200] {logging_mixin.py:150} INFO - [2023-08-05T11:12:00.902+0200] {dag.py:3504} INFO - Setting next_dagrun for example_subdag_operator.section-2 to None, run_after=None
[2023-08-05T11:12:00.914+0200] {logging_mixin.py:150} INFO - [2023-08-05T11:12:00.913+0200] {dag.py:2742} INFO - Sync 2 DAGs
[2023-08-05T11:12:00.920+0200] {logging_mixin.py:150} INFO - [2023-08-05T11:12:00.920+0200] {dag.py:3504} INFO - Setting next_dagrun for example_subdag_operator.section-1 to None, run_after=None
[2023-08-05T11:12:00.921+0200] {logging_mixin.py:150} INFO - [2023-08-05T11:12:00.921+0200] {dag.py:3504} INFO - Setting next_dagrun for example_subdag_operator.section-2 to None, run_after=None
[2023-08-05T11:12:00.945+0200] {processor.py:179} INFO - Processing /Users/felipe.vasconcelos/repos/courses/python-learnings/.venv/lib/python3.10/site-packages/airflow/example_dags/example_subdag_operator.py took 1.837 seconds
[2023-08-05T11:14:17.947+0200] {processor.py:157} INFO - Started process (PID=83325) to work on /Users/felipe.vasconcelos/repos/courses/python-learnings/.venv/lib/python3.10/site-packages/airflow/example_dags/example_subdag_operator.py
[2023-08-05T11:14:17.953+0200] {processor.py:826} INFO - Processing file /Users/felipe.vasconcelos/repos/courses/python-learnings/.venv/lib/python3.10/site-packages/airflow/example_dags/example_subdag_operator.py for tasks to queue
[2023-08-05T11:14:17.954+0200] {logging_mixin.py:150} INFO - [2023-08-05T11:14:17.954+0200] {dagbag.py:541} INFO - Filling up the DagBag from /Users/felipe.vasconcelos/repos/courses/python-learnings/.venv/lib/python3.10/site-packages/airflow/example_dags/example_subdag_operator.py
[2023-08-05T11:14:19.919+0200] {processor.py:836} INFO - DAG(s) dict_keys(['example_subdag_operator.section-1', 'example_subdag_operator.section-2', 'example_subdag_operator']) retrieved from /Users/felipe.vasconcelos/repos/courses/python-learnings/.venv/lib/python3.10/site-packages/airflow/example_dags/example_subdag_operator.py
[2023-08-05T11:14:20.037+0200] {logging_mixin.py:150} INFO - [2023-08-05T11:14:20.037+0200] {dag.py:2742} INFO - Sync 3 DAGs
[2023-08-05T11:14:20.060+0200] {logging_mixin.py:150} INFO - [2023-08-05T11:14:20.059+0200] {dag.py:3504} INFO - Setting next_dagrun for example_subdag_operator to 2022-01-01T00:00:00+00:00, run_after=2022-01-01T00:00:00+00:00
[2023-08-05T11:14:20.063+0200] {logging_mixin.py:150} INFO - [2023-08-05T11:14:20.063+0200] {dag.py:3504} INFO - Setting next_dagrun for example_subdag_operator.section-1 to None, run_after=None
[2023-08-05T11:14:20.064+0200] {logging_mixin.py:150} INFO - [2023-08-05T11:14:20.064+0200] {dag.py:3504} INFO - Setting next_dagrun for example_subdag_operator.section-2 to None, run_after=None
[2023-08-05T11:14:20.071+0200] {logging_mixin.py:150} INFO - [2023-08-05T11:14:20.071+0200] {dag.py:2742} INFO - Sync 2 DAGs
[2023-08-05T11:14:20.077+0200] {logging_mixin.py:150} INFO - [2023-08-05T11:14:20.076+0200] {dag.py:3504} INFO - Setting next_dagrun for example_subdag_operator.section-1 to None, run_after=None
[2023-08-05T11:14:20.077+0200] {logging_mixin.py:150} INFO - [2023-08-05T11:14:20.077+0200] {dag.py:3504} INFO - Setting next_dagrun for example_subdag_operator.section-2 to None, run_after=None
[2023-08-05T11:14:20.095+0200] {processor.py:179} INFO - Processing /Users/felipe.vasconcelos/repos/courses/python-learnings/.venv/lib/python3.10/site-packages/airflow/example_dags/example_subdag_operator.py took 2.149 seconds
[2023-08-05T11:16:23.348+0200] {processor.py:157} INFO - Started process (PID=83383) to work on /Users/felipe.vasconcelos/repos/courses/python-learnings/.venv/lib/python3.10/site-packages/airflow/example_dags/example_subdag_operator.py
[2023-08-05T11:16:23.357+0200] {processor.py:826} INFO - Processing file /Users/felipe.vasconcelos/repos/courses/python-learnings/.venv/lib/python3.10/site-packages/airflow/example_dags/example_subdag_operator.py for tasks to queue
[2023-08-05T11:16:23.357+0200] {logging_mixin.py:150} INFO - [2023-08-05T11:16:23.357+0200] {dagbag.py:541} INFO - Filling up the DagBag from /Users/felipe.vasconcelos/repos/courses/python-learnings/.venv/lib/python3.10/site-packages/airflow/example_dags/example_subdag_operator.py
[2023-08-05T11:16:24.119+0200] {processor.py:836} INFO - DAG(s) dict_keys(['example_subdag_operator.section-1', 'example_subdag_operator.section-2', 'example_subdag_operator']) retrieved from /Users/felipe.vasconcelos/repos/courses/python-learnings/.venv/lib/python3.10/site-packages/airflow/example_dags/example_subdag_operator.py
[2023-08-05T11:16:24.165+0200] {logging_mixin.py:150} INFO - [2023-08-05T11:16:24.164+0200] {dag.py:2742} INFO - Sync 3 DAGs
[2023-08-05T11:16:24.189+0200] {logging_mixin.py:150} INFO - [2023-08-05T11:16:24.189+0200] {dag.py:3504} INFO - Setting next_dagrun for example_subdag_operator to 2022-01-01T00:00:00+00:00, run_after=2022-01-01T00:00:00+00:00
[2023-08-05T11:16:24.197+0200] {logging_mixin.py:150} INFO - [2023-08-05T11:16:24.197+0200] {dag.py:3504} INFO - Setting next_dagrun for example_subdag_operator.section-1 to None, run_after=None
[2023-08-05T11:16:24.207+0200] {logging_mixin.py:150} INFO - [2023-08-05T11:16:24.206+0200] {dag.py:3504} INFO - Setting next_dagrun for example_subdag_operator.section-2 to None, run_after=None
[2023-08-05T11:16:24.227+0200] {logging_mixin.py:150} INFO - [2023-08-05T11:16:24.227+0200] {dag.py:2742} INFO - Sync 2 DAGs
[2023-08-05T11:16:24.232+0200] {logging_mixin.py:150} INFO - [2023-08-05T11:16:24.232+0200] {dag.py:3504} INFO - Setting next_dagrun for example_subdag_operator.section-1 to None, run_after=None
[2023-08-05T11:16:24.233+0200] {logging_mixin.py:150} INFO - [2023-08-05T11:16:24.232+0200] {dag.py:3504} INFO - Setting next_dagrun for example_subdag_operator.section-2 to None, run_after=None
[2023-08-05T11:16:24.254+0200] {processor.py:179} INFO - Processing /Users/felipe.vasconcelos/repos/courses/python-learnings/.venv/lib/python3.10/site-packages/airflow/example_dags/example_subdag_operator.py took 0.907 seconds
[2023-08-05T11:18:30.843+0200] {processor.py:157} INFO - Started process (PID=83443) to work on /Users/felipe.vasconcelos/repos/courses/python-learnings/.venv/lib/python3.10/site-packages/airflow/example_dags/example_subdag_operator.py
[2023-08-05T11:18:30.850+0200] {processor.py:826} INFO - Processing file /Users/felipe.vasconcelos/repos/courses/python-learnings/.venv/lib/python3.10/site-packages/airflow/example_dags/example_subdag_operator.py for tasks to queue
[2023-08-05T11:18:30.851+0200] {logging_mixin.py:150} INFO - [2023-08-05T11:18:30.850+0200] {dagbag.py:541} INFO - Filling up the DagBag from /Users/felipe.vasconcelos/repos/courses/python-learnings/.venv/lib/python3.10/site-packages/airflow/example_dags/example_subdag_operator.py
[2023-08-05T11:18:31.578+0200] {processor.py:836} INFO - DAG(s) dict_keys(['example_subdag_operator.section-1', 'example_subdag_operator.section-2', 'example_subdag_operator']) retrieved from /Users/felipe.vasconcelos/repos/courses/python-learnings/.venv/lib/python3.10/site-packages/airflow/example_dags/example_subdag_operator.py
[2023-08-05T11:18:31.657+0200] {logging_mixin.py:150} INFO - [2023-08-05T11:18:31.657+0200] {dag.py:2742} INFO - Sync 3 DAGs
[2023-08-05T11:18:31.688+0200] {logging_mixin.py:150} INFO - [2023-08-05T11:18:31.688+0200] {dag.py:3504} INFO - Setting next_dagrun for example_subdag_operator to 2022-01-01T00:00:00+00:00, run_after=2022-01-01T00:00:00+00:00
[2023-08-05T11:18:31.694+0200] {logging_mixin.py:150} INFO - [2023-08-05T11:18:31.693+0200] {dag.py:3504} INFO - Setting next_dagrun for example_subdag_operator.section-1 to None, run_after=None
[2023-08-05T11:18:31.696+0200] {logging_mixin.py:150} INFO - [2023-08-05T11:18:31.696+0200] {dag.py:3504} INFO - Setting next_dagrun for example_subdag_operator.section-2 to None, run_after=None
[2023-08-05T11:18:31.707+0200] {logging_mixin.py:150} INFO - [2023-08-05T11:18:31.707+0200] {dag.py:2742} INFO - Sync 2 DAGs
[2023-08-05T11:18:31.713+0200] {logging_mixin.py:150} INFO - [2023-08-05T11:18:31.713+0200] {dag.py:3504} INFO - Setting next_dagrun for example_subdag_operator.section-1 to None, run_after=None
[2023-08-05T11:18:31.714+0200] {logging_mixin.py:150} INFO - [2023-08-05T11:18:31.714+0200] {dag.py:3504} INFO - Setting next_dagrun for example_subdag_operator.section-2 to None, run_after=None
[2023-08-05T11:18:31.738+0200] {processor.py:179} INFO - Processing /Users/felipe.vasconcelos/repos/courses/python-learnings/.venv/lib/python3.10/site-packages/airflow/example_dags/example_subdag_operator.py took 0.896 seconds
[2023-08-05T11:20:42.327+0200] {processor.py:157} INFO - Started process (PID=83502) to work on /Users/felipe.vasconcelos/repos/courses/python-learnings/.venv/lib/python3.10/site-packages/airflow/example_dags/example_subdag_operator.py
[2023-08-05T11:20:42.333+0200] {processor.py:826} INFO - Processing file /Users/felipe.vasconcelos/repos/courses/python-learnings/.venv/lib/python3.10/site-packages/airflow/example_dags/example_subdag_operator.py for tasks to queue
[2023-08-05T11:20:42.334+0200] {logging_mixin.py:150} INFO - [2023-08-05T11:20:42.334+0200] {dagbag.py:541} INFO - Filling up the DagBag from /Users/felipe.vasconcelos/repos/courses/python-learnings/.venv/lib/python3.10/site-packages/airflow/example_dags/example_subdag_operator.py
[2023-08-05T11:20:43.032+0200] {processor.py:836} INFO - DAG(s) dict_keys(['example_subdag_operator.section-1', 'example_subdag_operator.section-2', 'example_subdag_operator']) retrieved from /Users/felipe.vasconcelos/repos/courses/python-learnings/.venv/lib/python3.10/site-packages/airflow/example_dags/example_subdag_operator.py
[2023-08-05T11:20:43.073+0200] {logging_mixin.py:150} INFO - [2023-08-05T11:20:43.073+0200] {dag.py:2742} INFO - Sync 3 DAGs
[2023-08-05T11:20:43.089+0200] {logging_mixin.py:150} INFO - [2023-08-05T11:20:43.089+0200] {dag.py:3504} INFO - Setting next_dagrun for example_subdag_operator to 2022-01-01T00:00:00+00:00, run_after=2022-01-01T00:00:00+00:00
[2023-08-05T11:20:43.092+0200] {logging_mixin.py:150} INFO - [2023-08-05T11:20:43.092+0200] {dag.py:3504} INFO - Setting next_dagrun for example_subdag_operator.section-1 to None, run_after=None
[2023-08-05T11:20:43.093+0200] {logging_mixin.py:150} INFO - [2023-08-05T11:20:43.093+0200] {dag.py:3504} INFO - Setting next_dagrun for example_subdag_operator.section-2 to None, run_after=None
[2023-08-05T11:20:43.098+0200] {logging_mixin.py:150} INFO - [2023-08-05T11:20:43.098+0200] {dag.py:2742} INFO - Sync 2 DAGs
[2023-08-05T11:20:43.102+0200] {logging_mixin.py:150} INFO - [2023-08-05T11:20:43.102+0200] {dag.py:3504} INFO - Setting next_dagrun for example_subdag_operator.section-1 to None, run_after=None
[2023-08-05T11:20:43.103+0200] {logging_mixin.py:150} INFO - [2023-08-05T11:20:43.103+0200] {dag.py:3504} INFO - Setting next_dagrun for example_subdag_operator.section-2 to None, run_after=None
[2023-08-05T11:20:43.119+0200] {processor.py:179} INFO - Processing /Users/felipe.vasconcelos/repos/courses/python-learnings/.venv/lib/python3.10/site-packages/airflow/example_dags/example_subdag_operator.py took 0.793 seconds
[2023-08-05T11:23:07.814+0200] {processor.py:157} INFO - Started process (PID=83573) to work on /Users/felipe.vasconcelos/repos/courses/python-learnings/.venv/lib/python3.10/site-packages/airflow/example_dags/example_subdag_operator.py
[2023-08-05T11:23:07.820+0200] {processor.py:826} INFO - Processing file /Users/felipe.vasconcelos/repos/courses/python-learnings/.venv/lib/python3.10/site-packages/airflow/example_dags/example_subdag_operator.py for tasks to queue
[2023-08-05T11:23:07.821+0200] {logging_mixin.py:150} INFO - [2023-08-05T11:23:07.821+0200] {dagbag.py:541} INFO - Filling up the DagBag from /Users/felipe.vasconcelos/repos/courses/python-learnings/.venv/lib/python3.10/site-packages/airflow/example_dags/example_subdag_operator.py
[2023-08-05T11:23:08.526+0200] {processor.py:836} INFO - DAG(s) dict_keys(['example_subdag_operator.section-1', 'example_subdag_operator.section-2', 'example_subdag_operator']) retrieved from /Users/felipe.vasconcelos/repos/courses/python-learnings/.venv/lib/python3.10/site-packages/airflow/example_dags/example_subdag_operator.py
[2023-08-05T11:23:08.568+0200] {logging_mixin.py:150} INFO - [2023-08-05T11:23:08.568+0200] {dag.py:2742} INFO - Sync 3 DAGs
[2023-08-05T11:23:08.584+0200] {logging_mixin.py:150} INFO - [2023-08-05T11:23:08.584+0200] {dag.py:3504} INFO - Setting next_dagrun for example_subdag_operator to 2022-01-01T00:00:00+00:00, run_after=2022-01-01T00:00:00+00:00
[2023-08-05T11:23:08.587+0200] {logging_mixin.py:150} INFO - [2023-08-05T11:23:08.587+0200] {dag.py:3504} INFO - Setting next_dagrun for example_subdag_operator.section-1 to None, run_after=None
[2023-08-05T11:23:08.588+0200] {logging_mixin.py:150} INFO - [2023-08-05T11:23:08.588+0200] {dag.py:3504} INFO - Setting next_dagrun for example_subdag_operator.section-2 to None, run_after=None
[2023-08-05T11:23:08.594+0200] {logging_mixin.py:150} INFO - [2023-08-05T11:23:08.593+0200] {dag.py:2742} INFO - Sync 2 DAGs
[2023-08-05T11:23:08.598+0200] {logging_mixin.py:150} INFO - [2023-08-05T11:23:08.598+0200] {dag.py:3504} INFO - Setting next_dagrun for example_subdag_operator.section-1 to None, run_after=None
[2023-08-05T11:23:08.598+0200] {logging_mixin.py:150} INFO - [2023-08-05T11:23:08.598+0200] {dag.py:3504} INFO - Setting next_dagrun for example_subdag_operator.section-2 to None, run_after=None
[2023-08-05T11:23:08.614+0200] {processor.py:179} INFO - Processing /Users/felipe.vasconcelos/repos/courses/python-learnings/.venv/lib/python3.10/site-packages/airflow/example_dags/example_subdag_operator.py took 0.801 seconds
[2023-08-05T11:25:24.109+0200] {processor.py:157} INFO - Started process (PID=83630) to work on /Users/felipe.vasconcelos/repos/courses/python-learnings/.venv/lib/python3.10/site-packages/airflow/example_dags/example_subdag_operator.py
[2023-08-05T11:25:24.116+0200] {processor.py:826} INFO - Processing file /Users/felipe.vasconcelos/repos/courses/python-learnings/.venv/lib/python3.10/site-packages/airflow/example_dags/example_subdag_operator.py for tasks to queue
[2023-08-05T11:25:24.116+0200] {logging_mixin.py:150} INFO - [2023-08-05T11:25:24.116+0200] {dagbag.py:541} INFO - Filling up the DagBag from /Users/felipe.vasconcelos/repos/courses/python-learnings/.venv/lib/python3.10/site-packages/airflow/example_dags/example_subdag_operator.py
[2023-08-05T11:25:24.849+0200] {processor.py:836} INFO - DAG(s) dict_keys(['example_subdag_operator.section-1', 'example_subdag_operator.section-2', 'example_subdag_operator']) retrieved from /Users/felipe.vasconcelos/repos/courses/python-learnings/.venv/lib/python3.10/site-packages/airflow/example_dags/example_subdag_operator.py
[2023-08-05T11:25:24.893+0200] {logging_mixin.py:150} INFO - [2023-08-05T11:25:24.893+0200] {dag.py:2742} INFO - Sync 3 DAGs
[2023-08-05T11:25:24.911+0200] {logging_mixin.py:150} INFO - [2023-08-05T11:25:24.911+0200] {dag.py:3504} INFO - Setting next_dagrun for example_subdag_operator to 2022-01-01T00:00:00+00:00, run_after=2022-01-01T00:00:00+00:00
[2023-08-05T11:25:24.914+0200] {logging_mixin.py:150} INFO - [2023-08-05T11:25:24.914+0200] {dag.py:3504} INFO - Setting next_dagrun for example_subdag_operator.section-1 to None, run_after=None
[2023-08-05T11:25:24.915+0200] {logging_mixin.py:150} INFO - [2023-08-05T11:25:24.915+0200] {dag.py:3504} INFO - Setting next_dagrun for example_subdag_operator.section-2 to None, run_after=None
[2023-08-05T11:25:24.921+0200] {logging_mixin.py:150} INFO - [2023-08-05T11:25:24.921+0200] {dag.py:2742} INFO - Sync 2 DAGs
[2023-08-05T11:25:24.925+0200] {logging_mixin.py:150} INFO - [2023-08-05T11:25:24.925+0200] {dag.py:3504} INFO - Setting next_dagrun for example_subdag_operator.section-1 to None, run_after=None
[2023-08-05T11:25:24.925+0200] {logging_mixin.py:150} INFO - [2023-08-05T11:25:24.925+0200] {dag.py:3504} INFO - Setting next_dagrun for example_subdag_operator.section-2 to None, run_after=None
[2023-08-05T11:25:24.944+0200] {processor.py:179} INFO - Processing /Users/felipe.vasconcelos/repos/courses/python-learnings/.venv/lib/python3.10/site-packages/airflow/example_dags/example_subdag_operator.py took 0.836 seconds
[2023-08-05T11:27:38.992+0200] {processor.py:157} INFO - Started process (PID=83688) to work on /Users/felipe.vasconcelos/repos/courses/python-learnings/.venv/lib/python3.10/site-packages/airflow/example_dags/example_subdag_operator.py
[2023-08-05T11:27:38.998+0200] {processor.py:826} INFO - Processing file /Users/felipe.vasconcelos/repos/courses/python-learnings/.venv/lib/python3.10/site-packages/airflow/example_dags/example_subdag_operator.py for tasks to queue
[2023-08-05T11:27:38.999+0200] {logging_mixin.py:150} INFO - [2023-08-05T11:27:38.999+0200] {dagbag.py:541} INFO - Filling up the DagBag from /Users/felipe.vasconcelos/repos/courses/python-learnings/.venv/lib/python3.10/site-packages/airflow/example_dags/example_subdag_operator.py
[2023-08-05T11:27:39.727+0200] {processor.py:836} INFO - DAG(s) dict_keys(['example_subdag_operator.section-1', 'example_subdag_operator.section-2', 'example_subdag_operator']) retrieved from /Users/felipe.vasconcelos/repos/courses/python-learnings/.venv/lib/python3.10/site-packages/airflow/example_dags/example_subdag_operator.py
[2023-08-05T11:27:39.771+0200] {logging_mixin.py:150} INFO - [2023-08-05T11:27:39.771+0200] {dag.py:2742} INFO - Sync 3 DAGs
[2023-08-05T11:27:39.788+0200] {logging_mixin.py:150} INFO - [2023-08-05T11:27:39.788+0200] {dag.py:3504} INFO - Setting next_dagrun for example_subdag_operator to 2022-01-01T00:00:00+00:00, run_after=2022-01-01T00:00:00+00:00
[2023-08-05T11:27:39.791+0200] {logging_mixin.py:150} INFO - [2023-08-05T11:27:39.791+0200] {dag.py:3504} INFO - Setting next_dagrun for example_subdag_operator.section-1 to None, run_after=None
[2023-08-05T11:27:39.792+0200] {logging_mixin.py:150} INFO - [2023-08-05T11:27:39.792+0200] {dag.py:3504} INFO - Setting next_dagrun for example_subdag_operator.section-2 to None, run_after=None
[2023-08-05T11:27:39.797+0200] {logging_mixin.py:150} INFO - [2023-08-05T11:27:39.797+0200] {dag.py:2742} INFO - Sync 2 DAGs
[2023-08-05T11:27:39.801+0200] {logging_mixin.py:150} INFO - [2023-08-05T11:27:39.801+0200] {dag.py:3504} INFO - Setting next_dagrun for example_subdag_operator.section-1 to None, run_after=None
[2023-08-05T11:27:39.801+0200] {logging_mixin.py:150} INFO - [2023-08-05T11:27:39.801+0200] {dag.py:3504} INFO - Setting next_dagrun for example_subdag_operator.section-2 to None, run_after=None
[2023-08-05T11:27:39.818+0200] {processor.py:179} INFO - Processing /Users/felipe.vasconcelos/repos/courses/python-learnings/.venv/lib/python3.10/site-packages/airflow/example_dags/example_subdag_operator.py took 0.827 seconds
[2023-08-05T11:29:48.575+0200] {processor.py:157} INFO - Started process (PID=83744) to work on /Users/felipe.vasconcelos/repos/courses/python-learnings/.venv/lib/python3.10/site-packages/airflow/example_dags/example_subdag_operator.py
[2023-08-05T11:29:48.581+0200] {processor.py:826} INFO - Processing file /Users/felipe.vasconcelos/repos/courses/python-learnings/.venv/lib/python3.10/site-packages/airflow/example_dags/example_subdag_operator.py for tasks to queue
[2023-08-05T11:29:48.582+0200] {logging_mixin.py:150} INFO - [2023-08-05T11:29:48.582+0200] {dagbag.py:541} INFO - Filling up the DagBag from /Users/felipe.vasconcelos/repos/courses/python-learnings/.venv/lib/python3.10/site-packages/airflow/example_dags/example_subdag_operator.py
[2023-08-05T11:29:49.309+0200] {processor.py:836} INFO - DAG(s) dict_keys(['example_subdag_operator.section-1', 'example_subdag_operator.section-2', 'example_subdag_operator']) retrieved from /Users/felipe.vasconcelos/repos/courses/python-learnings/.venv/lib/python3.10/site-packages/airflow/example_dags/example_subdag_operator.py
[2023-08-05T11:29:49.355+0200] {logging_mixin.py:150} INFO - [2023-08-05T11:29:49.355+0200] {dag.py:2742} INFO - Sync 3 DAGs
[2023-08-05T11:29:49.373+0200] {logging_mixin.py:150} INFO - [2023-08-05T11:29:49.373+0200] {dag.py:3504} INFO - Setting next_dagrun for example_subdag_operator to 2022-01-01T00:00:00+00:00, run_after=2022-01-01T00:00:00+00:00
[2023-08-05T11:29:49.376+0200] {logging_mixin.py:150} INFO - [2023-08-05T11:29:49.376+0200] {dag.py:3504} INFO - Setting next_dagrun for example_subdag_operator.section-1 to None, run_after=None
[2023-08-05T11:29:49.377+0200] {logging_mixin.py:150} INFO - [2023-08-05T11:29:49.377+0200] {dag.py:3504} INFO - Setting next_dagrun for example_subdag_operator.section-2 to None, run_after=None
[2023-08-05T11:29:49.383+0200] {logging_mixin.py:150} INFO - [2023-08-05T11:29:49.383+0200] {dag.py:2742} INFO - Sync 2 DAGs
[2023-08-05T11:29:49.387+0200] {logging_mixin.py:150} INFO - [2023-08-05T11:29:49.387+0200] {dag.py:3504} INFO - Setting next_dagrun for example_subdag_operator.section-1 to None, run_after=None
[2023-08-05T11:29:49.387+0200] {logging_mixin.py:150} INFO - [2023-08-05T11:29:49.387+0200] {dag.py:3504} INFO - Setting next_dagrun for example_subdag_operator.section-2 to None, run_after=None
[2023-08-05T11:29:49.402+0200] {processor.py:179} INFO - Processing /Users/felipe.vasconcelos/repos/courses/python-learnings/.venv/lib/python3.10/site-packages/airflow/example_dags/example_subdag_operator.py took 0.829 seconds
[2023-08-05T11:32:52.180+0200] {processor.py:157} INFO - Started process (PID=83845) to work on /Users/felipe.vasconcelos/repos/courses/python-learnings/.venv/lib/python3.10/site-packages/airflow/example_dags/example_subdag_operator.py
[2023-08-05T11:32:52.186+0200] {processor.py:826} INFO - Processing file /Users/felipe.vasconcelos/repos/courses/python-learnings/.venv/lib/python3.10/site-packages/airflow/example_dags/example_subdag_operator.py for tasks to queue
[2023-08-05T11:32:52.187+0200] {logging_mixin.py:150} INFO - [2023-08-05T11:32:52.187+0200] {dagbag.py:541} INFO - Filling up the DagBag from /Users/felipe.vasconcelos/repos/courses/python-learnings/.venv/lib/python3.10/site-packages/airflow/example_dags/example_subdag_operator.py
[2023-08-05T11:32:52.927+0200] {processor.py:836} INFO - DAG(s) dict_keys(['example_subdag_operator.section-1', 'example_subdag_operator.section-2', 'example_subdag_operator']) retrieved from /Users/felipe.vasconcelos/repos/courses/python-learnings/.venv/lib/python3.10/site-packages/airflow/example_dags/example_subdag_operator.py
[2023-08-05T11:32:52.969+0200] {logging_mixin.py:150} INFO - [2023-08-05T11:32:52.969+0200] {dag.py:2742} INFO - Sync 3 DAGs
[2023-08-05T11:32:52.986+0200] {logging_mixin.py:150} INFO - [2023-08-05T11:32:52.985+0200] {dag.py:3504} INFO - Setting next_dagrun for example_subdag_operator to 2022-01-01T00:00:00+00:00, run_after=2022-01-01T00:00:00+00:00
[2023-08-05T11:32:52.989+0200] {logging_mixin.py:150} INFO - [2023-08-05T11:32:52.988+0200] {dag.py:3504} INFO - Setting next_dagrun for example_subdag_operator.section-1 to None, run_after=None
[2023-08-05T11:32:52.990+0200] {logging_mixin.py:150} INFO - [2023-08-05T11:32:52.989+0200] {dag.py:3504} INFO - Setting next_dagrun for example_subdag_operator.section-2 to None, run_after=None
[2023-08-05T11:32:52.995+0200] {logging_mixin.py:150} INFO - [2023-08-05T11:32:52.995+0200] {dag.py:2742} INFO - Sync 2 DAGs
[2023-08-05T11:32:52.999+0200] {logging_mixin.py:150} INFO - [2023-08-05T11:32:52.999+0200] {dag.py:3504} INFO - Setting next_dagrun for example_subdag_operator.section-1 to None, run_after=None
[2023-08-05T11:32:53.000+0200] {logging_mixin.py:150} INFO - [2023-08-05T11:32:53.000+0200] {dag.py:3504} INFO - Setting next_dagrun for example_subdag_operator.section-2 to None, run_after=None
[2023-08-05T11:32:53.016+0200] {processor.py:179} INFO - Processing /Users/felipe.vasconcelos/repos/courses/python-learnings/.venv/lib/python3.10/site-packages/airflow/example_dags/example_subdag_operator.py took 0.837 seconds
[2023-08-05T11:35:25.352+0200] {processor.py:157} INFO - Started process (PID=83933) to work on /Users/felipe.vasconcelos/repos/courses/python-learnings/.venv/lib/python3.10/site-packages/airflow/example_dags/example_subdag_operator.py
[2023-08-05T11:35:25.360+0200] {processor.py:826} INFO - Processing file /Users/felipe.vasconcelos/repos/courses/python-learnings/.venv/lib/python3.10/site-packages/airflow/example_dags/example_subdag_operator.py for tasks to queue
[2023-08-05T11:35:25.361+0200] {logging_mixin.py:150} INFO - [2023-08-05T11:35:25.361+0200] {dagbag.py:541} INFO - Filling up the DagBag from /Users/felipe.vasconcelos/repos/courses/python-learnings/.venv/lib/python3.10/site-packages/airflow/example_dags/example_subdag_operator.py
[2023-08-05T11:35:26.081+0200] {processor.py:836} INFO - DAG(s) dict_keys(['example_subdag_operator.section-1', 'example_subdag_operator.section-2', 'example_subdag_operator']) retrieved from /Users/felipe.vasconcelos/repos/courses/python-learnings/.venv/lib/python3.10/site-packages/airflow/example_dags/example_subdag_operator.py
[2023-08-05T11:35:26.150+0200] {logging_mixin.py:150} INFO - [2023-08-05T11:35:26.150+0200] {dag.py:2742} INFO - Sync 3 DAGs
[2023-08-05T11:35:26.169+0200] {logging_mixin.py:150} INFO - [2023-08-05T11:35:26.169+0200] {dag.py:3504} INFO - Setting next_dagrun for example_subdag_operator to 2022-01-01T00:00:00+00:00, run_after=2022-01-01T00:00:00+00:00
[2023-08-05T11:35:26.172+0200] {logging_mixin.py:150} INFO - [2023-08-05T11:35:26.172+0200] {dag.py:3504} INFO - Setting next_dagrun for example_subdag_operator.section-1 to None, run_after=None
[2023-08-05T11:35:26.173+0200] {logging_mixin.py:150} INFO - [2023-08-05T11:35:26.173+0200] {dag.py:3504} INFO - Setting next_dagrun for example_subdag_operator.section-2 to None, run_after=None
[2023-08-05T11:35:26.180+0200] {logging_mixin.py:150} INFO - [2023-08-05T11:35:26.179+0200] {dag.py:2742} INFO - Sync 2 DAGs
[2023-08-05T11:35:26.184+0200] {logging_mixin.py:150} INFO - [2023-08-05T11:35:26.184+0200] {dag.py:3504} INFO - Setting next_dagrun for example_subdag_operator.section-1 to None, run_after=None
[2023-08-05T11:35:26.184+0200] {logging_mixin.py:150} INFO - [2023-08-05T11:35:26.184+0200] {dag.py:3504} INFO - Setting next_dagrun for example_subdag_operator.section-2 to None, run_after=None
[2023-08-05T11:35:26.200+0200] {processor.py:179} INFO - Processing /Users/felipe.vasconcelos/repos/courses/python-learnings/.venv/lib/python3.10/site-packages/airflow/example_dags/example_subdag_operator.py took 0.848 seconds
[2023-08-05T11:37:36.703+0200] {processor.py:157} INFO - Started process (PID=84000) to work on /Users/felipe.vasconcelos/repos/courses/python-learnings/.venv/lib/python3.10/site-packages/airflow/example_dags/example_subdag_operator.py
[2023-08-05T11:37:36.709+0200] {processor.py:826} INFO - Processing file /Users/felipe.vasconcelos/repos/courses/python-learnings/.venv/lib/python3.10/site-packages/airflow/example_dags/example_subdag_operator.py for tasks to queue
[2023-08-05T11:37:36.710+0200] {logging_mixin.py:150} INFO - [2023-08-05T11:37:36.710+0200] {dagbag.py:541} INFO - Filling up the DagBag from /Users/felipe.vasconcelos/repos/courses/python-learnings/.venv/lib/python3.10/site-packages/airflow/example_dags/example_subdag_operator.py
[2023-08-05T11:37:37.423+0200] {processor.py:836} INFO - DAG(s) dict_keys(['example_subdag_operator.section-1', 'example_subdag_operator.section-2', 'example_subdag_operator']) retrieved from /Users/felipe.vasconcelos/repos/courses/python-learnings/.venv/lib/python3.10/site-packages/airflow/example_dags/example_subdag_operator.py
[2023-08-05T11:37:37.465+0200] {logging_mixin.py:150} INFO - [2023-08-05T11:37:37.465+0200] {dag.py:2742} INFO - Sync 3 DAGs
[2023-08-05T11:37:37.482+0200] {logging_mixin.py:150} INFO - [2023-08-05T11:37:37.482+0200] {dag.py:3504} INFO - Setting next_dagrun for example_subdag_operator to 2022-01-01T00:00:00+00:00, run_after=2022-01-01T00:00:00+00:00
[2023-08-05T11:37:37.485+0200] {logging_mixin.py:150} INFO - [2023-08-05T11:37:37.485+0200] {dag.py:3504} INFO - Setting next_dagrun for example_subdag_operator.section-1 to None, run_after=None
[2023-08-05T11:37:37.486+0200] {logging_mixin.py:150} INFO - [2023-08-05T11:37:37.486+0200] {dag.py:3504} INFO - Setting next_dagrun for example_subdag_operator.section-2 to None, run_after=None
[2023-08-05T11:37:37.491+0200] {logging_mixin.py:150} INFO - [2023-08-05T11:37:37.491+0200] {dag.py:2742} INFO - Sync 2 DAGs
[2023-08-05T11:37:37.495+0200] {logging_mixin.py:150} INFO - [2023-08-05T11:37:37.495+0200] {dag.py:3504} INFO - Setting next_dagrun for example_subdag_operator.section-1 to None, run_after=None
[2023-08-05T11:37:37.495+0200] {logging_mixin.py:150} INFO - [2023-08-05T11:37:37.495+0200] {dag.py:3504} INFO - Setting next_dagrun for example_subdag_operator.section-2 to None, run_after=None
[2023-08-05T11:37:37.511+0200] {processor.py:179} INFO - Processing /Users/felipe.vasconcelos/repos/courses/python-learnings/.venv/lib/python3.10/site-packages/airflow/example_dags/example_subdag_operator.py took 0.810 seconds
[2023-08-05T11:39:51.295+0200] {processor.py:157} INFO - Started process (PID=84067) to work on /Users/felipe.vasconcelos/repos/courses/python-learnings/.venv/lib/python3.10/site-packages/airflow/example_dags/example_subdag_operator.py
[2023-08-05T11:39:51.300+0200] {processor.py:826} INFO - Processing file /Users/felipe.vasconcelos/repos/courses/python-learnings/.venv/lib/python3.10/site-packages/airflow/example_dags/example_subdag_operator.py for tasks to queue
[2023-08-05T11:39:51.300+0200] {logging_mixin.py:150} INFO - [2023-08-05T11:39:51.300+0200] {dagbag.py:541} INFO - Filling up the DagBag from /Users/felipe.vasconcelos/repos/courses/python-learnings/.venv/lib/python3.10/site-packages/airflow/example_dags/example_subdag_operator.py
[2023-08-05T11:39:52.181+0200] {processor.py:836} INFO - DAG(s) dict_keys(['example_subdag_operator.section-1', 'example_subdag_operator.section-2', 'example_subdag_operator']) retrieved from /Users/felipe.vasconcelos/repos/courses/python-learnings/.venv/lib/python3.10/site-packages/airflow/example_dags/example_subdag_operator.py
[2023-08-05T11:39:52.224+0200] {logging_mixin.py:150} INFO - [2023-08-05T11:39:52.224+0200] {dag.py:2742} INFO - Sync 3 DAGs
[2023-08-05T11:39:52.240+0200] {logging_mixin.py:150} INFO - [2023-08-05T11:39:52.240+0200] {dag.py:3504} INFO - Setting next_dagrun for example_subdag_operator to 2022-01-01T00:00:00+00:00, run_after=2022-01-01T00:00:00+00:00
[2023-08-05T11:39:52.243+0200] {logging_mixin.py:150} INFO - [2023-08-05T11:39:52.243+0200] {dag.py:3504} INFO - Setting next_dagrun for example_subdag_operator.section-1 to None, run_after=None
[2023-08-05T11:39:52.244+0200] {logging_mixin.py:150} INFO - [2023-08-05T11:39:52.243+0200] {dag.py:3504} INFO - Setting next_dagrun for example_subdag_operator.section-2 to None, run_after=None
[2023-08-05T11:39:52.249+0200] {logging_mixin.py:150} INFO - [2023-08-05T11:39:52.249+0200] {dag.py:2742} INFO - Sync 2 DAGs
[2023-08-05T11:39:52.253+0200] {logging_mixin.py:150} INFO - [2023-08-05T11:39:52.253+0200] {dag.py:3504} INFO - Setting next_dagrun for example_subdag_operator.section-1 to None, run_after=None
[2023-08-05T11:39:52.253+0200] {logging_mixin.py:150} INFO - [2023-08-05T11:39:52.253+0200] {dag.py:3504} INFO - Setting next_dagrun for example_subdag_operator.section-2 to None, run_after=None
[2023-08-05T11:39:52.269+0200] {processor.py:179} INFO - Processing /Users/felipe.vasconcelos/repos/courses/python-learnings/.venv/lib/python3.10/site-packages/airflow/example_dags/example_subdag_operator.py took 0.976 seconds
[2023-08-05T11:41:58.543+0200] {processor.py:157} INFO - Started process (PID=84131) to work on /Users/felipe.vasconcelos/repos/courses/python-learnings/.venv/lib/python3.10/site-packages/airflow/example_dags/example_subdag_operator.py
[2023-08-05T11:41:58.551+0200] {processor.py:826} INFO - Processing file /Users/felipe.vasconcelos/repos/courses/python-learnings/.venv/lib/python3.10/site-packages/airflow/example_dags/example_subdag_operator.py for tasks to queue
[2023-08-05T11:41:58.551+0200] {logging_mixin.py:150} INFO - [2023-08-05T11:41:58.551+0200] {dagbag.py:541} INFO - Filling up the DagBag from /Users/felipe.vasconcelos/repos/courses/python-learnings/.venv/lib/python3.10/site-packages/airflow/example_dags/example_subdag_operator.py
[2023-08-05T11:41:59.771+0200] {processor.py:836} INFO - DAG(s) dict_keys(['example_subdag_operator.section-1', 'example_subdag_operator.section-2', 'example_subdag_operator']) retrieved from /Users/felipe.vasconcelos/repos/courses/python-learnings/.venv/lib/python3.10/site-packages/airflow/example_dags/example_subdag_operator.py
[2023-08-05T11:41:59.837+0200] {logging_mixin.py:150} INFO - [2023-08-05T11:41:59.837+0200] {dag.py:2742} INFO - Sync 3 DAGs
[2023-08-05T11:41:59.858+0200] {logging_mixin.py:150} INFO - [2023-08-05T11:41:59.858+0200] {dag.py:3504} INFO - Setting next_dagrun for example_subdag_operator to 2022-01-01T00:00:00+00:00, run_after=2022-01-01T00:00:00+00:00
[2023-08-05T11:41:59.862+0200] {logging_mixin.py:150} INFO - [2023-08-05T11:41:59.861+0200] {dag.py:3504} INFO - Setting next_dagrun for example_subdag_operator.section-1 to None, run_after=None
[2023-08-05T11:41:59.863+0200] {logging_mixin.py:150} INFO - [2023-08-05T11:41:59.863+0200] {dag.py:3504} INFO - Setting next_dagrun for example_subdag_operator.section-2 to None, run_after=None
[2023-08-05T11:41:59.878+0200] {logging_mixin.py:150} INFO - [2023-08-05T11:41:59.878+0200] {dag.py:2742} INFO - Sync 2 DAGs
[2023-08-05T11:41:59.884+0200] {logging_mixin.py:150} INFO - [2023-08-05T11:41:59.884+0200] {dag.py:3504} INFO - Setting next_dagrun for example_subdag_operator.section-1 to None, run_after=None
[2023-08-05T11:41:59.884+0200] {logging_mixin.py:150} INFO - [2023-08-05T11:41:59.884+0200] {dag.py:3504} INFO - Setting next_dagrun for example_subdag_operator.section-2 to None, run_after=None
[2023-08-05T11:41:59.910+0200] {processor.py:179} INFO - Processing /Users/felipe.vasconcelos/repos/courses/python-learnings/.venv/lib/python3.10/site-packages/airflow/example_dags/example_subdag_operator.py took 1.370 seconds
[2023-08-05T11:44:06.357+0200] {processor.py:157} INFO - Started process (PID=84190) to work on /Users/felipe.vasconcelos/repos/courses/python-learnings/.venv/lib/python3.10/site-packages/airflow/example_dags/example_subdag_operator.py
[2023-08-05T11:44:06.364+0200] {processor.py:826} INFO - Processing file /Users/felipe.vasconcelos/repos/courses/python-learnings/.venv/lib/python3.10/site-packages/airflow/example_dags/example_subdag_operator.py for tasks to queue
[2023-08-05T11:44:06.365+0200] {logging_mixin.py:150} INFO - [2023-08-05T11:44:06.364+0200] {dagbag.py:541} INFO - Filling up the DagBag from /Users/felipe.vasconcelos/repos/courses/python-learnings/.venv/lib/python3.10/site-packages/airflow/example_dags/example_subdag_operator.py
[2023-08-05T11:44:07.041+0200] {processor.py:836} INFO - DAG(s) dict_keys(['example_subdag_operator.section-1', 'example_subdag_operator.section-2', 'example_subdag_operator']) retrieved from /Users/felipe.vasconcelos/repos/courses/python-learnings/.venv/lib/python3.10/site-packages/airflow/example_dags/example_subdag_operator.py
[2023-08-05T11:44:07.083+0200] {logging_mixin.py:150} INFO - [2023-08-05T11:44:07.083+0200] {dag.py:2742} INFO - Sync 3 DAGs
[2023-08-05T11:44:07.100+0200] {logging_mixin.py:150} INFO - [2023-08-05T11:44:07.100+0200] {dag.py:3504} INFO - Setting next_dagrun for example_subdag_operator to 2022-01-01T00:00:00+00:00, run_after=2022-01-01T00:00:00+00:00
[2023-08-05T11:44:07.103+0200] {logging_mixin.py:150} INFO - [2023-08-05T11:44:07.103+0200] {dag.py:3504} INFO - Setting next_dagrun for example_subdag_operator.section-1 to None, run_after=None
[2023-08-05T11:44:07.104+0200] {logging_mixin.py:150} INFO - [2023-08-05T11:44:07.104+0200] {dag.py:3504} INFO - Setting next_dagrun for example_subdag_operator.section-2 to None, run_after=None
[2023-08-05T11:44:07.117+0200] {logging_mixin.py:150} INFO - [2023-08-05T11:44:07.117+0200] {dag.py:2742} INFO - Sync 2 DAGs
[2023-08-05T11:44:07.122+0200] {logging_mixin.py:150} INFO - [2023-08-05T11:44:07.122+0200] {dag.py:3504} INFO - Setting next_dagrun for example_subdag_operator.section-1 to None, run_after=None
[2023-08-05T11:44:07.123+0200] {logging_mixin.py:150} INFO - [2023-08-05T11:44:07.123+0200] {dag.py:3504} INFO - Setting next_dagrun for example_subdag_operator.section-2 to None, run_after=None
[2023-08-05T11:44:07.141+0200] {processor.py:179} INFO - Processing /Users/felipe.vasconcelos/repos/courses/python-learnings/.venv/lib/python3.10/site-packages/airflow/example_dags/example_subdag_operator.py took 0.784 seconds
[2023-08-05T11:46:12.064+0200] {processor.py:157} INFO - Started process (PID=84255) to work on /Users/felipe.vasconcelos/repos/courses/python-learnings/.venv/lib/python3.10/site-packages/airflow/example_dags/example_subdag_operator.py
[2023-08-05T11:46:12.070+0200] {processor.py:826} INFO - Processing file /Users/felipe.vasconcelos/repos/courses/python-learnings/.venv/lib/python3.10/site-packages/airflow/example_dags/example_subdag_operator.py for tasks to queue
[2023-08-05T11:46:12.071+0200] {logging_mixin.py:150} INFO - [2023-08-05T11:46:12.071+0200] {dagbag.py:541} INFO - Filling up the DagBag from /Users/felipe.vasconcelos/repos/courses/python-learnings/.venv/lib/python3.10/site-packages/airflow/example_dags/example_subdag_operator.py
[2023-08-05T11:46:12.802+0200] {processor.py:836} INFO - DAG(s) dict_keys(['example_subdag_operator.section-1', 'example_subdag_operator.section-2', 'example_subdag_operator']) retrieved from /Users/felipe.vasconcelos/repos/courses/python-learnings/.venv/lib/python3.10/site-packages/airflow/example_dags/example_subdag_operator.py
[2023-08-05T11:46:12.843+0200] {logging_mixin.py:150} INFO - [2023-08-05T11:46:12.843+0200] {dag.py:2742} INFO - Sync 3 DAGs
[2023-08-05T11:46:12.860+0200] {logging_mixin.py:150} INFO - [2023-08-05T11:46:12.860+0200] {dag.py:3504} INFO - Setting next_dagrun for example_subdag_operator to 2022-01-01T00:00:00+00:00, run_after=2022-01-01T00:00:00+00:00
[2023-08-05T11:46:12.862+0200] {logging_mixin.py:150} INFO - [2023-08-05T11:46:12.862+0200] {dag.py:3504} INFO - Setting next_dagrun for example_subdag_operator.section-1 to None, run_after=None
[2023-08-05T11:46:12.863+0200] {logging_mixin.py:150} INFO - [2023-08-05T11:46:12.863+0200] {dag.py:3504} INFO - Setting next_dagrun for example_subdag_operator.section-2 to None, run_after=None
[2023-08-05T11:46:12.868+0200] {logging_mixin.py:150} INFO - [2023-08-05T11:46:12.868+0200] {dag.py:2742} INFO - Sync 2 DAGs
[2023-08-05T11:46:12.872+0200] {logging_mixin.py:150} INFO - [2023-08-05T11:46:12.872+0200] {dag.py:3504} INFO - Setting next_dagrun for example_subdag_operator.section-1 to None, run_after=None
[2023-08-05T11:46:12.873+0200] {logging_mixin.py:150} INFO - [2023-08-05T11:46:12.873+0200] {dag.py:3504} INFO - Setting next_dagrun for example_subdag_operator.section-2 to None, run_after=None
[2023-08-05T11:46:12.888+0200] {processor.py:179} INFO - Processing /Users/felipe.vasconcelos/repos/courses/python-learnings/.venv/lib/python3.10/site-packages/airflow/example_dags/example_subdag_operator.py took 0.826 seconds
[2023-08-05T11:49:05.793+0200] {processor.py:157} INFO - Started process (PID=84367) to work on /Users/felipe.vasconcelos/repos/courses/python-learnings/.venv/lib/python3.10/site-packages/airflow/example_dags/example_subdag_operator.py
[2023-08-05T11:49:05.800+0200] {processor.py:826} INFO - Processing file /Users/felipe.vasconcelos/repos/courses/python-learnings/.venv/lib/python3.10/site-packages/airflow/example_dags/example_subdag_operator.py for tasks to queue
[2023-08-05T11:49:05.801+0200] {logging_mixin.py:150} INFO - [2023-08-05T11:49:05.801+0200] {dagbag.py:541} INFO - Filling up the DagBag from /Users/felipe.vasconcelos/repos/courses/python-learnings/.venv/lib/python3.10/site-packages/airflow/example_dags/example_subdag_operator.py
[2023-08-05T11:49:06.734+0200] {processor.py:836} INFO - DAG(s) dict_keys(['example_subdag_operator.section-1', 'example_subdag_operator.section-2', 'example_subdag_operator']) retrieved from /Users/felipe.vasconcelos/repos/courses/python-learnings/.venv/lib/python3.10/site-packages/airflow/example_dags/example_subdag_operator.py
[2023-08-05T11:49:06.835+0200] {logging_mixin.py:150} INFO - [2023-08-05T11:49:06.835+0200] {dag.py:2742} INFO - Sync 3 DAGs
[2023-08-05T11:49:06.879+0200] {logging_mixin.py:150} INFO - [2023-08-05T11:49:06.879+0200] {dag.py:3504} INFO - Setting next_dagrun for example_subdag_operator to 2022-01-01T00:00:00+00:00, run_after=2022-01-01T00:00:00+00:00
[2023-08-05T11:49:06.883+0200] {logging_mixin.py:150} INFO - [2023-08-05T11:49:06.883+0200] {dag.py:3504} INFO - Setting next_dagrun for example_subdag_operator.section-1 to None, run_after=None
[2023-08-05T11:49:06.885+0200] {logging_mixin.py:150} INFO - [2023-08-05T11:49:06.885+0200] {dag.py:3504} INFO - Setting next_dagrun for example_subdag_operator.section-2 to None, run_after=None
[2023-08-05T11:49:06.893+0200] {logging_mixin.py:150} INFO - [2023-08-05T11:49:06.893+0200] {dag.py:2742} INFO - Sync 2 DAGs
[2023-08-05T11:49:06.901+0200] {logging_mixin.py:150} INFO - [2023-08-05T11:49:06.900+0200] {dag.py:3504} INFO - Setting next_dagrun for example_subdag_operator.section-1 to None, run_after=None
[2023-08-05T11:49:06.901+0200] {logging_mixin.py:150} INFO - [2023-08-05T11:49:06.901+0200] {dag.py:3504} INFO - Setting next_dagrun for example_subdag_operator.section-2 to None, run_after=None
[2023-08-05T11:49:06.933+0200] {processor.py:179} INFO - Processing /Users/felipe.vasconcelos/repos/courses/python-learnings/.venv/lib/python3.10/site-packages/airflow/example_dags/example_subdag_operator.py took 1.141 seconds
[2023-08-05T11:51:29.355+0200] {processor.py:157} INFO - Started process (PID=84438) to work on /Users/felipe.vasconcelos/repos/courses/python-learnings/.venv/lib/python3.10/site-packages/airflow/example_dags/example_subdag_operator.py
[2023-08-05T11:51:29.363+0200] {processor.py:826} INFO - Processing file /Users/felipe.vasconcelos/repos/courses/python-learnings/.venv/lib/python3.10/site-packages/airflow/example_dags/example_subdag_operator.py for tasks to queue
[2023-08-05T11:51:29.364+0200] {logging_mixin.py:150} INFO - [2023-08-05T11:51:29.364+0200] {dagbag.py:541} INFO - Filling up the DagBag from /Users/felipe.vasconcelos/repos/courses/python-learnings/.venv/lib/python3.10/site-packages/airflow/example_dags/example_subdag_operator.py
[2023-08-05T11:51:30.971+0200] {processor.py:836} INFO - DAG(s) dict_keys(['example_subdag_operator.section-1', 'example_subdag_operator.section-2', 'example_subdag_operator']) retrieved from /Users/felipe.vasconcelos/repos/courses/python-learnings/.venv/lib/python3.10/site-packages/airflow/example_dags/example_subdag_operator.py
[2023-08-05T11:51:31.114+0200] {logging_mixin.py:150} INFO - [2023-08-05T11:51:31.099+0200] {dag.py:2742} INFO - Sync 3 DAGs
[2023-08-05T11:51:31.380+0200] {logging_mixin.py:150} INFO - [2023-08-05T11:51:31.380+0200] {dag.py:3504} INFO - Setting next_dagrun for example_subdag_operator to 2022-01-01T00:00:00+00:00, run_after=2022-01-01T00:00:00+00:00
[2023-08-05T11:51:31.386+0200] {logging_mixin.py:150} INFO - [2023-08-05T11:51:31.385+0200] {dag.py:3504} INFO - Setting next_dagrun for example_subdag_operator.section-1 to None, run_after=None
[2023-08-05T11:51:31.393+0200] {logging_mixin.py:150} INFO - [2023-08-05T11:51:31.393+0200] {dag.py:3504} INFO - Setting next_dagrun for example_subdag_operator.section-2 to None, run_after=None
[2023-08-05T11:51:31.418+0200] {logging_mixin.py:150} INFO - [2023-08-05T11:51:31.417+0200] {dag.py:2742} INFO - Sync 2 DAGs
[2023-08-05T11:51:31.428+0200] {logging_mixin.py:150} INFO - [2023-08-05T11:51:31.428+0200] {dag.py:3504} INFO - Setting next_dagrun for example_subdag_operator.section-1 to None, run_after=None
[2023-08-05T11:51:31.429+0200] {logging_mixin.py:150} INFO - [2023-08-05T11:51:31.428+0200] {dag.py:3504} INFO - Setting next_dagrun for example_subdag_operator.section-2 to None, run_after=None
[2023-08-05T11:51:31.455+0200] {processor.py:179} INFO - Processing /Users/felipe.vasconcelos/repos/courses/python-learnings/.venv/lib/python3.10/site-packages/airflow/example_dags/example_subdag_operator.py took 2.102 seconds
[2023-08-05T11:53:39.193+0200] {processor.py:157} INFO - Started process (PID=84494) to work on /Users/felipe.vasconcelos/repos/courses/python-learnings/.venv/lib/python3.10/site-packages/airflow/example_dags/example_subdag_operator.py
[2023-08-05T11:53:39.200+0200] {processor.py:826} INFO - Processing file /Users/felipe.vasconcelos/repos/courses/python-learnings/.venv/lib/python3.10/site-packages/airflow/example_dags/example_subdag_operator.py for tasks to queue
[2023-08-05T11:53:39.201+0200] {logging_mixin.py:150} INFO - [2023-08-05T11:53:39.201+0200] {dagbag.py:541} INFO - Filling up the DagBag from /Users/felipe.vasconcelos/repos/courses/python-learnings/.venv/lib/python3.10/site-packages/airflow/example_dags/example_subdag_operator.py
[2023-08-05T11:53:39.953+0200] {processor.py:836} INFO - DAG(s) dict_keys(['example_subdag_operator.section-1', 'example_subdag_operator.section-2', 'example_subdag_operator']) retrieved from /Users/felipe.vasconcelos/repos/courses/python-learnings/.venv/lib/python3.10/site-packages/airflow/example_dags/example_subdag_operator.py
[2023-08-05T11:53:40.002+0200] {logging_mixin.py:150} INFO - [2023-08-05T11:53:40.002+0200] {dag.py:2742} INFO - Sync 3 DAGs
[2023-08-05T11:53:40.020+0200] {logging_mixin.py:150} INFO - [2023-08-05T11:53:40.020+0200] {dag.py:3504} INFO - Setting next_dagrun for example_subdag_operator to 2022-01-01T00:00:00+00:00, run_after=2022-01-01T00:00:00+00:00
[2023-08-05T11:53:40.023+0200] {logging_mixin.py:150} INFO - [2023-08-05T11:53:40.023+0200] {dag.py:3504} INFO - Setting next_dagrun for example_subdag_operator.section-1 to None, run_after=None
[2023-08-05T11:53:40.024+0200] {logging_mixin.py:150} INFO - [2023-08-05T11:53:40.024+0200] {dag.py:3504} INFO - Setting next_dagrun for example_subdag_operator.section-2 to None, run_after=None
[2023-08-05T11:53:40.029+0200] {logging_mixin.py:150} INFO - [2023-08-05T11:53:40.029+0200] {dag.py:2742} INFO - Sync 2 DAGs
[2023-08-05T11:53:40.034+0200] {logging_mixin.py:150} INFO - [2023-08-05T11:53:40.034+0200] {dag.py:3504} INFO - Setting next_dagrun for example_subdag_operator.section-1 to None, run_after=None
[2023-08-05T11:53:40.035+0200] {logging_mixin.py:150} INFO - [2023-08-05T11:53:40.035+0200] {dag.py:3504} INFO - Setting next_dagrun for example_subdag_operator.section-2 to None, run_after=None
[2023-08-05T11:53:40.052+0200] {processor.py:179} INFO - Processing /Users/felipe.vasconcelos/repos/courses/python-learnings/.venv/lib/python3.10/site-packages/airflow/example_dags/example_subdag_operator.py took 0.860 seconds
[2023-08-05T11:55:46.807+0200] {processor.py:157} INFO - Started process (PID=84560) to work on /Users/felipe.vasconcelos/repos/courses/python-learnings/.venv/lib/python3.10/site-packages/airflow/example_dags/example_subdag_operator.py
[2023-08-05T11:55:46.813+0200] {processor.py:826} INFO - Processing file /Users/felipe.vasconcelos/repos/courses/python-learnings/.venv/lib/python3.10/site-packages/airflow/example_dags/example_subdag_operator.py for tasks to queue
[2023-08-05T11:55:46.814+0200] {logging_mixin.py:150} INFO - [2023-08-05T11:55:46.814+0200] {dagbag.py:541} INFO - Filling up the DagBag from /Users/felipe.vasconcelos/repos/courses/python-learnings/.venv/lib/python3.10/site-packages/airflow/example_dags/example_subdag_operator.py
[2023-08-05T11:55:47.550+0200] {processor.py:836} INFO - DAG(s) dict_keys(['example_subdag_operator.section-1', 'example_subdag_operator.section-2', 'example_subdag_operator']) retrieved from /Users/felipe.vasconcelos/repos/courses/python-learnings/.venv/lib/python3.10/site-packages/airflow/example_dags/example_subdag_operator.py
[2023-08-05T11:55:47.594+0200] {logging_mixin.py:150} INFO - [2023-08-05T11:55:47.593+0200] {dag.py:2742} INFO - Sync 3 DAGs
[2023-08-05T11:55:47.611+0200] {logging_mixin.py:150} INFO - [2023-08-05T11:55:47.610+0200] {dag.py:3504} INFO - Setting next_dagrun for example_subdag_operator to 2022-01-01T00:00:00+00:00, run_after=2022-01-01T00:00:00+00:00
[2023-08-05T11:55:47.613+0200] {logging_mixin.py:150} INFO - [2023-08-05T11:55:47.613+0200] {dag.py:3504} INFO - Setting next_dagrun for example_subdag_operator.section-1 to None, run_after=None
[2023-08-05T11:55:47.614+0200] {logging_mixin.py:150} INFO - [2023-08-05T11:55:47.614+0200] {dag.py:3504} INFO - Setting next_dagrun for example_subdag_operator.section-2 to None, run_after=None
[2023-08-05T11:55:47.620+0200] {logging_mixin.py:150} INFO - [2023-08-05T11:55:47.620+0200] {dag.py:2742} INFO - Sync 2 DAGs
[2023-08-05T11:55:47.624+0200] {logging_mixin.py:150} INFO - [2023-08-05T11:55:47.624+0200] {dag.py:3504} INFO - Setting next_dagrun for example_subdag_operator.section-1 to None, run_after=None
[2023-08-05T11:55:47.624+0200] {logging_mixin.py:150} INFO - [2023-08-05T11:55:47.624+0200] {dag.py:3504} INFO - Setting next_dagrun for example_subdag_operator.section-2 to None, run_after=None
[2023-08-05T11:55:47.639+0200] {processor.py:179} INFO - Processing /Users/felipe.vasconcelos/repos/courses/python-learnings/.venv/lib/python3.10/site-packages/airflow/example_dags/example_subdag_operator.py took 0.833 seconds
[2023-08-05T11:57:52.535+0200] {processor.py:157} INFO - Started process (PID=84624) to work on /Users/felipe.vasconcelos/repos/courses/python-learnings/.venv/lib/python3.10/site-packages/airflow/example_dags/example_subdag_operator.py
[2023-08-05T11:57:52.542+0200] {processor.py:826} INFO - Processing file /Users/felipe.vasconcelos/repos/courses/python-learnings/.venv/lib/python3.10/site-packages/airflow/example_dags/example_subdag_operator.py for tasks to queue
[2023-08-05T11:57:52.543+0200] {logging_mixin.py:150} INFO - [2023-08-05T11:57:52.542+0200] {dagbag.py:541} INFO - Filling up the DagBag from /Users/felipe.vasconcelos/repos/courses/python-learnings/.venv/lib/python3.10/site-packages/airflow/example_dags/example_subdag_operator.py
[2023-08-05T11:57:53.249+0200] {processor.py:836} INFO - DAG(s) dict_keys(['example_subdag_operator.section-1', 'example_subdag_operator.section-2', 'example_subdag_operator']) retrieved from /Users/felipe.vasconcelos/repos/courses/python-learnings/.venv/lib/python3.10/site-packages/airflow/example_dags/example_subdag_operator.py
[2023-08-05T11:57:53.293+0200] {logging_mixin.py:150} INFO - [2023-08-05T11:57:53.292+0200] {dag.py:2742} INFO - Sync 3 DAGs
[2023-08-05T11:57:53.309+0200] {logging_mixin.py:150} INFO - [2023-08-05T11:57:53.309+0200] {dag.py:3504} INFO - Setting next_dagrun for example_subdag_operator to 2022-01-01T00:00:00+00:00, run_after=2022-01-01T00:00:00+00:00
[2023-08-05T11:57:53.311+0200] {logging_mixin.py:150} INFO - [2023-08-05T11:57:53.311+0200] {dag.py:3504} INFO - Setting next_dagrun for example_subdag_operator.section-1 to None, run_after=None
[2023-08-05T11:57:53.312+0200] {logging_mixin.py:150} INFO - [2023-08-05T11:57:53.312+0200] {dag.py:3504} INFO - Setting next_dagrun for example_subdag_operator.section-2 to None, run_after=None
[2023-08-05T11:57:53.317+0200] {logging_mixin.py:150} INFO - [2023-08-05T11:57:53.317+0200] {dag.py:2742} INFO - Sync 2 DAGs
[2023-08-05T11:57:53.322+0200] {logging_mixin.py:150} INFO - [2023-08-05T11:57:53.322+0200] {dag.py:3504} INFO - Setting next_dagrun for example_subdag_operator.section-1 to None, run_after=None
[2023-08-05T11:57:53.322+0200] {logging_mixin.py:150} INFO - [2023-08-05T11:57:53.322+0200] {dag.py:3504} INFO - Setting next_dagrun for example_subdag_operator.section-2 to None, run_after=None
[2023-08-05T11:57:53.338+0200] {processor.py:179} INFO - Processing /Users/felipe.vasconcelos/repos/courses/python-learnings/.venv/lib/python3.10/site-packages/airflow/example_dags/example_subdag_operator.py took 0.804 seconds
[2023-08-05T12:01:13.415+0200] {processor.py:157} INFO - Started process (PID=84751) to work on /Users/felipe.vasconcelos/repos/courses/python-learnings/.venv/lib/python3.10/site-packages/airflow/example_dags/example_subdag_operator.py
[2023-08-05T12:01:13.421+0200] {processor.py:826} INFO - Processing file /Users/felipe.vasconcelos/repos/courses/python-learnings/.venv/lib/python3.10/site-packages/airflow/example_dags/example_subdag_operator.py for tasks to queue
[2023-08-05T12:01:13.422+0200] {logging_mixin.py:150} INFO - [2023-08-05T12:01:13.422+0200] {dagbag.py:541} INFO - Filling up the DagBag from /Users/felipe.vasconcelos/repos/courses/python-learnings/.venv/lib/python3.10/site-packages/airflow/example_dags/example_subdag_operator.py
[2023-08-05T12:01:14.558+0200] {processor.py:836} INFO - DAG(s) dict_keys(['example_subdag_operator.section-1', 'example_subdag_operator.section-2', 'example_subdag_operator']) retrieved from /Users/felipe.vasconcelos/repos/courses/python-learnings/.venv/lib/python3.10/site-packages/airflow/example_dags/example_subdag_operator.py
[2023-08-05T12:01:14.634+0200] {logging_mixin.py:150} INFO - [2023-08-05T12:01:14.633+0200] {dag.py:2742} INFO - Sync 3 DAGs
[2023-08-05T12:01:14.662+0200] {logging_mixin.py:150} INFO - [2023-08-05T12:01:14.662+0200] {dag.py:3504} INFO - Setting next_dagrun for example_subdag_operator to 2022-01-01T00:00:00+00:00, run_after=2022-01-01T00:00:00+00:00
[2023-08-05T12:01:14.666+0200] {logging_mixin.py:150} INFO - [2023-08-05T12:01:14.666+0200] {dag.py:3504} INFO - Setting next_dagrun for example_subdag_operator.section-1 to None, run_after=None
[2023-08-05T12:01:14.667+0200] {logging_mixin.py:150} INFO - [2023-08-05T12:01:14.667+0200] {dag.py:3504} INFO - Setting next_dagrun for example_subdag_operator.section-2 to None, run_after=None
[2023-08-05T12:01:14.676+0200] {logging_mixin.py:150} INFO - [2023-08-05T12:01:14.676+0200] {dag.py:2742} INFO - Sync 2 DAGs
[2023-08-05T12:01:14.688+0200] {logging_mixin.py:150} INFO - [2023-08-05T12:01:14.688+0200] {dag.py:3504} INFO - Setting next_dagrun for example_subdag_operator.section-1 to None, run_after=None
[2023-08-05T12:01:14.690+0200] {logging_mixin.py:150} INFO - [2023-08-05T12:01:14.689+0200] {dag.py:3504} INFO - Setting next_dagrun for example_subdag_operator.section-2 to None, run_after=None
[2023-08-05T12:01:14.718+0200] {processor.py:179} INFO - Processing /Users/felipe.vasconcelos/repos/courses/python-learnings/.venv/lib/python3.10/site-packages/airflow/example_dags/example_subdag_operator.py took 1.304 seconds
