[2023-08-05T10:38:31.965+0200] {processor.py:157} INFO - Started process (PID=82573) to work on /Users/felipe.vasconcelos/repos/courses/python-learnings/.venv/lib/python3.10/site-packages/airflow/example_dags/tutorial.py
[2023-08-05T10:38:31.972+0200] {processor.py:826} INFO - Processing file /Users/felipe.vasconcelos/repos/courses/python-learnings/.venv/lib/python3.10/site-packages/airflow/example_dags/tutorial.py for tasks to queue
[2023-08-05T10:38:31.975+0200] {logging_mixin.py:150} INFO - [2023-08-05T10:38:31.974+0200] {dagbag.py:541} INFO - Filling up the DagBag from /Users/felipe.vasconcelos/repos/courses/python-learnings/.venv/lib/python3.10/site-packages/airflow/example_dags/tutorial.py
[2023-08-05T10:38:32.033+0200] {processor.py:836} INFO - DAG(s) dict_keys(['tutorial']) retrieved from /Users/felipe.vasconcelos/repos/courses/python-learnings/.venv/lib/python3.10/site-packages/airflow/example_dags/tutorial.py
[2023-08-05T10:38:34.118+0200] {logging_mixin.py:150} INFO - [2023-08-05T10:38:34.117+0200] {manager.py:504} INFO - Created Permission View: can edit on DAG:tutorial
[2023-08-05T10:38:34.151+0200] {logging_mixin.py:150} INFO - [2023-08-05T10:38:34.151+0200] {manager.py:504} INFO - Created Permission View: can delete on DAG:tutorial
[2023-08-05T10:38:34.162+0200] {logging_mixin.py:150} INFO - [2023-08-05T10:38:34.162+0200] {manager.py:504} INFO - Created Permission View: can read on DAG:tutorial
[2023-08-05T10:38:34.190+0200] {logging_mixin.py:150} INFO - [2023-08-05T10:38:34.190+0200] {dag.py:2742} INFO - Sync 1 DAGs
[2023-08-05T10:38:34.217+0200] {logging_mixin.py:150} INFO - [2023-08-05T10:38:34.217+0200] {dag.py:2763} INFO - Creating ORM DAG for tutorial
[2023-08-05T10:38:34.242+0200] {logging_mixin.py:150} INFO - [2023-08-05T10:38:34.242+0200] {dag.py:3504} INFO - Setting next_dagrun for tutorial to 2023-08-04T08:38:34.241894+00:00, run_after=2023-08-05T08:38:34.241894+00:00
[2023-08-05T10:38:34.339+0200] {processor.py:179} INFO - Processing /Users/felipe.vasconcelos/repos/courses/python-learnings/.venv/lib/python3.10/site-packages/airflow/example_dags/tutorial.py took 2.376 seconds
[2023-08-05T10:41:59.780+0200] {processor.py:157} INFO - Started process (PID=82656) to work on /Users/felipe.vasconcelos/repos/courses/python-learnings/.venv/lib/python3.10/site-packages/airflow/example_dags/tutorial.py
[2023-08-05T10:41:59.786+0200] {processor.py:826} INFO - Processing file /Users/felipe.vasconcelos/repos/courses/python-learnings/.venv/lib/python3.10/site-packages/airflow/example_dags/tutorial.py for tasks to queue
[2023-08-05T10:41:59.787+0200] {logging_mixin.py:150} INFO - [2023-08-05T10:41:59.787+0200] {dagbag.py:541} INFO - Filling up the DagBag from /Users/felipe.vasconcelos/repos/courses/python-learnings/.venv/lib/python3.10/site-packages/airflow/example_dags/tutorial.py
[2023-08-05T10:41:59.812+0200] {processor.py:836} INFO - DAG(s) dict_keys(['tutorial']) retrieved from /Users/felipe.vasconcelos/repos/courses/python-learnings/.venv/lib/python3.10/site-packages/airflow/example_dags/tutorial.py
[2023-08-05T10:42:00.556+0200] {logging_mixin.py:150} INFO - [2023-08-05T10:42:00.556+0200] {dag.py:2742} INFO - Sync 1 DAGs
[2023-08-05T10:42:00.575+0200] {logging_mixin.py:150} INFO - [2023-08-05T10:42:00.575+0200] {dag.py:3504} INFO - Setting next_dagrun for tutorial to 2023-08-04T08:42:00.575508+00:00, run_after=2023-08-05T08:42:00.575508+00:00
[2023-08-05T10:42:00.597+0200] {processor.py:179} INFO - Processing /Users/felipe.vasconcelos/repos/courses/python-learnings/.venv/lib/python3.10/site-packages/airflow/example_dags/tutorial.py took 0.818 seconds
[2023-08-05T10:45:39.565+0200] {processor.py:157} INFO - Started process (PID=82767) to work on /Users/felipe.vasconcelos/repos/courses/python-learnings/.venv/lib/python3.10/site-packages/airflow/example_dags/tutorial.py
[2023-08-05T10:45:39.579+0200] {processor.py:826} INFO - Processing file /Users/felipe.vasconcelos/repos/courses/python-learnings/.venv/lib/python3.10/site-packages/airflow/example_dags/tutorial.py for tasks to queue
[2023-08-05T10:45:39.580+0200] {logging_mixin.py:150} INFO - [2023-08-05T10:45:39.579+0200] {dagbag.py:541} INFO - Filling up the DagBag from /Users/felipe.vasconcelos/repos/courses/python-learnings/.venv/lib/python3.10/site-packages/airflow/example_dags/tutorial.py
[2023-08-05T10:45:39.795+0200] {processor.py:836} INFO - DAG(s) dict_keys(['tutorial']) retrieved from /Users/felipe.vasconcelos/repos/courses/python-learnings/.venv/lib/python3.10/site-packages/airflow/example_dags/tutorial.py
[2023-08-05T10:45:41.013+0200] {logging_mixin.py:150} INFO - [2023-08-05T10:45:41.013+0200] {dag.py:2742} INFO - Sync 1 DAGs
[2023-08-05T10:45:41.040+0200] {logging_mixin.py:150} INFO - [2023-08-05T10:45:41.040+0200] {dag.py:3504} INFO - Setting next_dagrun for tutorial to 2023-08-04T08:45:41.039926+00:00, run_after=2023-08-05T08:45:41.039926+00:00
[2023-08-05T10:45:41.067+0200] {processor.py:179} INFO - Processing /Users/felipe.vasconcelos/repos/courses/python-learnings/.venv/lib/python3.10/site-packages/airflow/example_dags/tutorial.py took 1.510 seconds
[2023-08-05T10:48:15.797+0200] {processor.py:157} INFO - Started process (PID=82864) to work on /Users/felipe.vasconcelos/repos/courses/python-learnings/.venv/lib/python3.10/site-packages/airflow/example_dags/tutorial.py
[2023-08-05T10:48:15.804+0200] {processor.py:826} INFO - Processing file /Users/felipe.vasconcelos/repos/courses/python-learnings/.venv/lib/python3.10/site-packages/airflow/example_dags/tutorial.py for tasks to queue
[2023-08-05T10:48:15.805+0200] {logging_mixin.py:150} INFO - [2023-08-05T10:48:15.805+0200] {dagbag.py:541} INFO - Filling up the DagBag from /Users/felipe.vasconcelos/repos/courses/python-learnings/.venv/lib/python3.10/site-packages/airflow/example_dags/tutorial.py
[2023-08-05T10:48:15.834+0200] {processor.py:836} INFO - DAG(s) dict_keys(['tutorial']) retrieved from /Users/felipe.vasconcelos/repos/courses/python-learnings/.venv/lib/python3.10/site-packages/airflow/example_dags/tutorial.py
[2023-08-05T10:48:16.516+0200] {logging_mixin.py:150} INFO - [2023-08-05T10:48:16.516+0200] {dag.py:2742} INFO - Sync 1 DAGs
[2023-08-05T10:48:16.532+0200] {logging_mixin.py:150} INFO - [2023-08-05T10:48:16.532+0200] {dag.py:3504} INFO - Setting next_dagrun for tutorial to 2023-08-04T08:48:16.531970+00:00, run_after=2023-08-05T08:48:16.531970+00:00
[2023-08-05T10:48:16.552+0200] {processor.py:179} INFO - Processing /Users/felipe.vasconcelos/repos/courses/python-learnings/.venv/lib/python3.10/site-packages/airflow/example_dags/tutorial.py took 0.755 seconds
[2023-08-05T10:50:27.650+0200] {processor.py:157} INFO - Started process (PID=82924) to work on /Users/felipe.vasconcelos/repos/courses/python-learnings/.venv/lib/python3.10/site-packages/airflow/example_dags/tutorial.py
[2023-08-05T10:50:27.659+0200] {processor.py:826} INFO - Processing file /Users/felipe.vasconcelos/repos/courses/python-learnings/.venv/lib/python3.10/site-packages/airflow/example_dags/tutorial.py for tasks to queue
[2023-08-05T10:50:27.660+0200] {logging_mixin.py:150} INFO - [2023-08-05T10:50:27.660+0200] {dagbag.py:541} INFO - Filling up the DagBag from /Users/felipe.vasconcelos/repos/courses/python-learnings/.venv/lib/python3.10/site-packages/airflow/example_dags/tutorial.py
[2023-08-05T10:50:27.690+0200] {processor.py:836} INFO - DAG(s) dict_keys(['tutorial']) retrieved from /Users/felipe.vasconcelos/repos/courses/python-learnings/.venv/lib/python3.10/site-packages/airflow/example_dags/tutorial.py
[2023-08-05T10:50:28.386+0200] {logging_mixin.py:150} INFO - [2023-08-05T10:50:28.386+0200] {dag.py:2742} INFO - Sync 1 DAGs
[2023-08-05T10:50:28.402+0200] {logging_mixin.py:150} INFO - [2023-08-05T10:50:28.402+0200] {dag.py:3504} INFO - Setting next_dagrun for tutorial to 2023-08-04T08:50:28.402343+00:00, run_after=2023-08-05T08:50:28.402343+00:00
[2023-08-05T10:50:28.422+0200] {processor.py:179} INFO - Processing /Users/felipe.vasconcelos/repos/courses/python-learnings/.venv/lib/python3.10/site-packages/airflow/example_dags/tutorial.py took 0.774 seconds
[2023-08-05T10:52:47.148+0200] {processor.py:157} INFO - Started process (PID=82990) to work on /Users/felipe.vasconcelos/repos/courses/python-learnings/.venv/lib/python3.10/site-packages/airflow/example_dags/tutorial.py
[2023-08-05T10:52:47.155+0200] {processor.py:826} INFO - Processing file /Users/felipe.vasconcelos/repos/courses/python-learnings/.venv/lib/python3.10/site-packages/airflow/example_dags/tutorial.py for tasks to queue
[2023-08-05T10:52:47.156+0200] {logging_mixin.py:150} INFO - [2023-08-05T10:52:47.155+0200] {dagbag.py:541} INFO - Filling up the DagBag from /Users/felipe.vasconcelos/repos/courses/python-learnings/.venv/lib/python3.10/site-packages/airflow/example_dags/tutorial.py
[2023-08-05T10:52:47.182+0200] {processor.py:836} INFO - DAG(s) dict_keys(['tutorial']) retrieved from /Users/felipe.vasconcelos/repos/courses/python-learnings/.venv/lib/python3.10/site-packages/airflow/example_dags/tutorial.py
[2023-08-05T10:52:47.872+0200] {logging_mixin.py:150} INFO - [2023-08-05T10:52:47.872+0200] {dag.py:2742} INFO - Sync 1 DAGs
[2023-08-05T10:52:47.890+0200] {logging_mixin.py:150} INFO - [2023-08-05T10:52:47.890+0200] {dag.py:3504} INFO - Setting next_dagrun for tutorial to 2023-08-04T08:52:47.890267+00:00, run_after=2023-08-05T08:52:47.890267+00:00
[2023-08-05T10:52:47.910+0200] {processor.py:179} INFO - Processing /Users/felipe.vasconcelos/repos/courses/python-learnings/.venv/lib/python3.10/site-packages/airflow/example_dags/tutorial.py took 0.763 seconds
[2023-08-05T10:54:59.570+0200] {processor.py:157} INFO - Started process (PID=83047) to work on /Users/felipe.vasconcelos/repos/courses/python-learnings/.venv/lib/python3.10/site-packages/airflow/example_dags/tutorial.py
[2023-08-05T10:54:59.576+0200] {processor.py:826} INFO - Processing file /Users/felipe.vasconcelos/repos/courses/python-learnings/.venv/lib/python3.10/site-packages/airflow/example_dags/tutorial.py for tasks to queue
[2023-08-05T10:54:59.577+0200] {logging_mixin.py:150} INFO - [2023-08-05T10:54:59.577+0200] {dagbag.py:541} INFO - Filling up the DagBag from /Users/felipe.vasconcelos/repos/courses/python-learnings/.venv/lib/python3.10/site-packages/airflow/example_dags/tutorial.py
[2023-08-05T10:54:59.612+0200] {processor.py:836} INFO - DAG(s) dict_keys(['tutorial']) retrieved from /Users/felipe.vasconcelos/repos/courses/python-learnings/.venv/lib/python3.10/site-packages/airflow/example_dags/tutorial.py
[2023-08-05T10:55:00.343+0200] {logging_mixin.py:150} INFO - [2023-08-05T10:55:00.343+0200] {dag.py:2742} INFO - Sync 1 DAGs
[2023-08-05T10:55:00.359+0200] {logging_mixin.py:150} INFO - [2023-08-05T10:55:00.359+0200] {dag.py:3504} INFO - Setting next_dagrun for tutorial to 2023-08-04T08:55:00.359044+00:00, run_after=2023-08-05T08:55:00.359044+00:00
[2023-08-05T10:55:00.381+0200] {processor.py:179} INFO - Processing /Users/felipe.vasconcelos/repos/courses/python-learnings/.venv/lib/python3.10/site-packages/airflow/example_dags/tutorial.py took 0.812 seconds
[2023-08-05T10:57:10.334+0200] {processor.py:157} INFO - Started process (PID=83108) to work on /Users/felipe.vasconcelos/repos/courses/python-learnings/.venv/lib/python3.10/site-packages/airflow/example_dags/tutorial.py
[2023-08-05T10:57:10.343+0200] {processor.py:826} INFO - Processing file /Users/felipe.vasconcelos/repos/courses/python-learnings/.venv/lib/python3.10/site-packages/airflow/example_dags/tutorial.py for tasks to queue
[2023-08-05T10:57:10.344+0200] {logging_mixin.py:150} INFO - [2023-08-05T10:57:10.344+0200] {dagbag.py:541} INFO - Filling up the DagBag from /Users/felipe.vasconcelos/repos/courses/python-learnings/.venv/lib/python3.10/site-packages/airflow/example_dags/tutorial.py
[2023-08-05T10:57:10.373+0200] {processor.py:836} INFO - DAG(s) dict_keys(['tutorial']) retrieved from /Users/felipe.vasconcelos/repos/courses/python-learnings/.venv/lib/python3.10/site-packages/airflow/example_dags/tutorial.py
[2023-08-05T10:57:11.184+0200] {logging_mixin.py:150} INFO - [2023-08-05T10:57:11.183+0200] {dag.py:2742} INFO - Sync 1 DAGs
[2023-08-05T10:57:11.201+0200] {logging_mixin.py:150} INFO - [2023-08-05T10:57:11.200+0200] {dag.py:3504} INFO - Setting next_dagrun for tutorial to 2023-08-04T08:57:11.200839+00:00, run_after=2023-08-05T08:57:11.200839+00:00
[2023-08-05T10:57:11.223+0200] {processor.py:179} INFO - Processing /Users/felipe.vasconcelos/repos/courses/python-learnings/.venv/lib/python3.10/site-packages/airflow/example_dags/tutorial.py took 0.890 seconds
[2023-08-05T10:59:25.994+0200] {processor.py:157} INFO - Started process (PID=83176) to work on /Users/felipe.vasconcelos/repos/courses/python-learnings/.venv/lib/python3.10/site-packages/airflow/example_dags/tutorial.py
[2023-08-05T10:59:26.003+0200] {processor.py:826} INFO - Processing file /Users/felipe.vasconcelos/repos/courses/python-learnings/.venv/lib/python3.10/site-packages/airflow/example_dags/tutorial.py for tasks to queue
[2023-08-05T10:59:26.004+0200] {logging_mixin.py:150} INFO - [2023-08-05T10:59:26.004+0200] {dagbag.py:541} INFO - Filling up the DagBag from /Users/felipe.vasconcelos/repos/courses/python-learnings/.venv/lib/python3.10/site-packages/airflow/example_dags/tutorial.py
[2023-08-05T10:59:26.050+0200] {processor.py:836} INFO - DAG(s) dict_keys(['tutorial']) retrieved from /Users/felipe.vasconcelos/repos/courses/python-learnings/.venv/lib/python3.10/site-packages/airflow/example_dags/tutorial.py
[2023-08-05T10:59:28.904+0200] {logging_mixin.py:150} INFO - [2023-08-05T10:59:28.904+0200] {dag.py:2742} INFO - Sync 1 DAGs
[2023-08-05T10:59:28.921+0200] {logging_mixin.py:150} INFO - [2023-08-05T10:59:28.921+0200] {dag.py:3504} INFO - Setting next_dagrun for tutorial to 2023-08-04T08:59:28.921433+00:00, run_after=2023-08-05T08:59:28.921433+00:00
[2023-08-05T10:59:28.944+0200] {processor.py:179} INFO - Processing /Users/felipe.vasconcelos/repos/courses/python-learnings/.venv/lib/python3.10/site-packages/airflow/example_dags/tutorial.py took 2.953 seconds
[2023-08-05T11:13:50.908+0200] {processor.py:157} INFO - Started process (PID=83312) to work on /Users/felipe.vasconcelos/repos/courses/python-learnings/.venv/lib/python3.10/site-packages/airflow/example_dags/tutorial.py
[2023-08-05T11:13:50.922+0200] {processor.py:826} INFO - Processing file /Users/felipe.vasconcelos/repos/courses/python-learnings/.venv/lib/python3.10/site-packages/airflow/example_dags/tutorial.py for tasks to queue
[2023-08-05T11:13:50.924+0200] {logging_mixin.py:150} INFO - [2023-08-05T11:13:50.923+0200] {dagbag.py:541} INFO - Filling up the DagBag from /Users/felipe.vasconcelos/repos/courses/python-learnings/.venv/lib/python3.10/site-packages/airflow/example_dags/tutorial.py
[2023-08-05T11:13:50.986+0200] {processor.py:836} INFO - DAG(s) dict_keys(['tutorial']) retrieved from /Users/felipe.vasconcelos/repos/courses/python-learnings/.venv/lib/python3.10/site-packages/airflow/example_dags/tutorial.py
[2023-08-05T11:13:51.998+0200] {logging_mixin.py:150} INFO - [2023-08-05T11:13:51.998+0200] {dag.py:2742} INFO - Sync 1 DAGs
[2023-08-05T11:13:52.039+0200] {logging_mixin.py:150} INFO - [2023-08-05T11:13:52.039+0200] {dag.py:3504} INFO - Setting next_dagrun for tutorial to 2023-08-04T09:13:52.039300+00:00, run_after=2023-08-05T09:13:52.039300+00:00
[2023-08-05T11:13:52.117+0200] {processor.py:179} INFO - Processing /Users/felipe.vasconcelos/repos/courses/python-learnings/.venv/lib/python3.10/site-packages/airflow/example_dags/tutorial.py took 1.220 seconds
[2023-08-05T11:15:56.059+0200] {processor.py:157} INFO - Started process (PID=83371) to work on /Users/felipe.vasconcelos/repos/courses/python-learnings/.venv/lib/python3.10/site-packages/airflow/example_dags/tutorial.py
[2023-08-05T11:15:56.065+0200] {processor.py:826} INFO - Processing file /Users/felipe.vasconcelos/repos/courses/python-learnings/.venv/lib/python3.10/site-packages/airflow/example_dags/tutorial.py for tasks to queue
[2023-08-05T11:15:56.066+0200] {logging_mixin.py:150} INFO - [2023-08-05T11:15:56.065+0200] {dagbag.py:541} INFO - Filling up the DagBag from /Users/felipe.vasconcelos/repos/courses/python-learnings/.venv/lib/python3.10/site-packages/airflow/example_dags/tutorial.py
[2023-08-05T11:15:56.090+0200] {processor.py:836} INFO - DAG(s) dict_keys(['tutorial']) retrieved from /Users/felipe.vasconcelos/repos/courses/python-learnings/.venv/lib/python3.10/site-packages/airflow/example_dags/tutorial.py
[2023-08-05T11:15:56.820+0200] {logging_mixin.py:150} INFO - [2023-08-05T11:15:56.820+0200] {dag.py:2742} INFO - Sync 1 DAGs
[2023-08-05T11:15:56.836+0200] {logging_mixin.py:150} INFO - [2023-08-05T11:15:56.836+0200] {dag.py:3504} INFO - Setting next_dagrun for tutorial to 2023-08-04T09:15:56.836029+00:00, run_after=2023-08-05T09:15:56.836029+00:00
[2023-08-05T11:15:56.856+0200] {processor.py:179} INFO - Processing /Users/felipe.vasconcelos/repos/courses/python-learnings/.venv/lib/python3.10/site-packages/airflow/example_dags/tutorial.py took 0.799 seconds
[2023-08-05T11:18:02.536+0200] {processor.py:157} INFO - Started process (PID=83424) to work on /Users/felipe.vasconcelos/repos/courses/python-learnings/.venv/lib/python3.10/site-packages/airflow/example_dags/tutorial.py
[2023-08-05T11:18:02.545+0200] {processor.py:826} INFO - Processing file /Users/felipe.vasconcelos/repos/courses/python-learnings/.venv/lib/python3.10/site-packages/airflow/example_dags/tutorial.py for tasks to queue
[2023-08-05T11:18:02.546+0200] {logging_mixin.py:150} INFO - [2023-08-05T11:18:02.546+0200] {dagbag.py:541} INFO - Filling up the DagBag from /Users/felipe.vasconcelos/repos/courses/python-learnings/.venv/lib/python3.10/site-packages/airflow/example_dags/tutorial.py
[2023-08-05T11:18:02.580+0200] {processor.py:836} INFO - DAG(s) dict_keys(['tutorial']) retrieved from /Users/felipe.vasconcelos/repos/courses/python-learnings/.venv/lib/python3.10/site-packages/airflow/example_dags/tutorial.py
[2023-08-05T11:18:03.319+0200] {logging_mixin.py:150} INFO - [2023-08-05T11:18:03.318+0200] {dag.py:2742} INFO - Sync 1 DAGs
[2023-08-05T11:18:03.335+0200] {logging_mixin.py:150} INFO - [2023-08-05T11:18:03.334+0200] {dag.py:3504} INFO - Setting next_dagrun for tutorial to 2023-08-04T09:18:03.334782+00:00, run_after=2023-08-05T09:18:03.334782+00:00
[2023-08-05T11:18:03.360+0200] {processor.py:179} INFO - Processing /Users/felipe.vasconcelos/repos/courses/python-learnings/.venv/lib/python3.10/site-packages/airflow/example_dags/tutorial.py took 0.825 seconds
[2023-08-05T11:20:15.131+0200] {processor.py:157} INFO - Started process (PID=83490) to work on /Users/felipe.vasconcelos/repos/courses/python-learnings/.venv/lib/python3.10/site-packages/airflow/example_dags/tutorial.py
[2023-08-05T11:20:15.137+0200] {processor.py:826} INFO - Processing file /Users/felipe.vasconcelos/repos/courses/python-learnings/.venv/lib/python3.10/site-packages/airflow/example_dags/tutorial.py for tasks to queue
[2023-08-05T11:20:15.138+0200] {logging_mixin.py:150} INFO - [2023-08-05T11:20:15.138+0200] {dagbag.py:541} INFO - Filling up the DagBag from /Users/felipe.vasconcelos/repos/courses/python-learnings/.venv/lib/python3.10/site-packages/airflow/example_dags/tutorial.py
[2023-08-05T11:20:15.170+0200] {processor.py:836} INFO - DAG(s) dict_keys(['tutorial']) retrieved from /Users/felipe.vasconcelos/repos/courses/python-learnings/.venv/lib/python3.10/site-packages/airflow/example_dags/tutorial.py
[2023-08-05T11:20:15.966+0200] {logging_mixin.py:150} INFO - [2023-08-05T11:20:15.965+0200] {dag.py:2742} INFO - Sync 1 DAGs
[2023-08-05T11:20:15.982+0200] {logging_mixin.py:150} INFO - [2023-08-05T11:20:15.982+0200] {dag.py:3504} INFO - Setting next_dagrun for tutorial to 2023-08-04T09:20:15.981915+00:00, run_after=2023-08-05T09:20:15.981915+00:00
[2023-08-05T11:20:16.001+0200] {processor.py:179} INFO - Processing /Users/felipe.vasconcelos/repos/courses/python-learnings/.venv/lib/python3.10/site-packages/airflow/example_dags/tutorial.py took 0.871 seconds
[2023-08-05T11:22:41.091+0200] {processor.py:157} INFO - Started process (PID=83563) to work on /Users/felipe.vasconcelos/repos/courses/python-learnings/.venv/lib/python3.10/site-packages/airflow/example_dags/tutorial.py
[2023-08-05T11:22:41.098+0200] {processor.py:826} INFO - Processing file /Users/felipe.vasconcelos/repos/courses/python-learnings/.venv/lib/python3.10/site-packages/airflow/example_dags/tutorial.py for tasks to queue
[2023-08-05T11:22:41.099+0200] {logging_mixin.py:150} INFO - [2023-08-05T11:22:41.098+0200] {dagbag.py:541} INFO - Filling up the DagBag from /Users/felipe.vasconcelos/repos/courses/python-learnings/.venv/lib/python3.10/site-packages/airflow/example_dags/tutorial.py
[2023-08-05T11:22:41.126+0200] {processor.py:836} INFO - DAG(s) dict_keys(['tutorial']) retrieved from /Users/felipe.vasconcelos/repos/courses/python-learnings/.venv/lib/python3.10/site-packages/airflow/example_dags/tutorial.py
[2023-08-05T11:22:41.868+0200] {logging_mixin.py:150} INFO - [2023-08-05T11:22:41.868+0200] {dag.py:2742} INFO - Sync 1 DAGs
[2023-08-05T11:22:41.886+0200] {logging_mixin.py:150} INFO - [2023-08-05T11:22:41.886+0200] {dag.py:3504} INFO - Setting next_dagrun for tutorial to 2023-08-04T09:22:41.886143+00:00, run_after=2023-08-05T09:22:41.886143+00:00
[2023-08-05T11:22:41.907+0200] {processor.py:179} INFO - Processing /Users/felipe.vasconcelos/repos/courses/python-learnings/.venv/lib/python3.10/site-packages/airflow/example_dags/tutorial.py took 0.817 seconds
[2023-08-05T11:24:55.636+0200] {processor.py:157} INFO - Started process (PID=83616) to work on /Users/felipe.vasconcelos/repos/courses/python-learnings/.venv/lib/python3.10/site-packages/airflow/example_dags/tutorial.py
[2023-08-05T11:24:55.642+0200] {processor.py:826} INFO - Processing file /Users/felipe.vasconcelos/repos/courses/python-learnings/.venv/lib/python3.10/site-packages/airflow/example_dags/tutorial.py for tasks to queue
[2023-08-05T11:24:55.643+0200] {logging_mixin.py:150} INFO - [2023-08-05T11:24:55.643+0200] {dagbag.py:541} INFO - Filling up the DagBag from /Users/felipe.vasconcelos/repos/courses/python-learnings/.venv/lib/python3.10/site-packages/airflow/example_dags/tutorial.py
[2023-08-05T11:24:55.669+0200] {processor.py:836} INFO - DAG(s) dict_keys(['tutorial']) retrieved from /Users/felipe.vasconcelos/repos/courses/python-learnings/.venv/lib/python3.10/site-packages/airflow/example_dags/tutorial.py
[2023-08-05T11:24:56.372+0200] {logging_mixin.py:150} INFO - [2023-08-05T11:24:56.372+0200] {dag.py:2742} INFO - Sync 1 DAGs
[2023-08-05T11:24:56.390+0200] {logging_mixin.py:150} INFO - [2023-08-05T11:24:56.389+0200] {dag.py:3504} INFO - Setting next_dagrun for tutorial to 2023-08-04T09:24:56.389806+00:00, run_after=2023-08-05T09:24:56.389806+00:00
[2023-08-05T11:24:56.410+0200] {processor.py:179} INFO - Processing /Users/felipe.vasconcelos/repos/courses/python-learnings/.venv/lib/python3.10/site-packages/airflow/example_dags/tutorial.py took 0.775 seconds
[2023-08-05T11:27:08.137+0200] {processor.py:157} INFO - Started process (PID=83675) to work on /Users/felipe.vasconcelos/repos/courses/python-learnings/.venv/lib/python3.10/site-packages/airflow/example_dags/tutorial.py
[2023-08-05T11:27:08.148+0200] {processor.py:826} INFO - Processing file /Users/felipe.vasconcelos/repos/courses/python-learnings/.venv/lib/python3.10/site-packages/airflow/example_dags/tutorial.py for tasks to queue
[2023-08-05T11:27:08.149+0200] {logging_mixin.py:150} INFO - [2023-08-05T11:27:08.149+0200] {dagbag.py:541} INFO - Filling up the DagBag from /Users/felipe.vasconcelos/repos/courses/python-learnings/.venv/lib/python3.10/site-packages/airflow/example_dags/tutorial.py
[2023-08-05T11:27:08.202+0200] {processor.py:836} INFO - DAG(s) dict_keys(['tutorial']) retrieved from /Users/felipe.vasconcelos/repos/courses/python-learnings/.venv/lib/python3.10/site-packages/airflow/example_dags/tutorial.py
[2023-08-05T11:27:09.231+0200] {logging_mixin.py:150} INFO - [2023-08-05T11:27:09.230+0200] {dag.py:2742} INFO - Sync 1 DAGs
[2023-08-05T11:27:09.247+0200] {logging_mixin.py:150} INFO - [2023-08-05T11:27:09.247+0200] {dag.py:3504} INFO - Setting next_dagrun for tutorial to 2023-08-04T09:27:09.247010+00:00, run_after=2023-08-05T09:27:09.247010+00:00
[2023-08-05T11:27:09.268+0200] {processor.py:179} INFO - Processing /Users/felipe.vasconcelos/repos/courses/python-learnings/.venv/lib/python3.10/site-packages/airflow/example_dags/tutorial.py took 1.134 seconds
[2023-08-05T11:29:22.277+0200] {processor.py:157} INFO - Started process (PID=83732) to work on /Users/felipe.vasconcelos/repos/courses/python-learnings/.venv/lib/python3.10/site-packages/airflow/example_dags/tutorial.py
[2023-08-05T11:29:22.287+0200] {processor.py:826} INFO - Processing file /Users/felipe.vasconcelos/repos/courses/python-learnings/.venv/lib/python3.10/site-packages/airflow/example_dags/tutorial.py for tasks to queue
[2023-08-05T11:29:22.288+0200] {logging_mixin.py:150} INFO - [2023-08-05T11:29:22.288+0200] {dagbag.py:541} INFO - Filling up the DagBag from /Users/felipe.vasconcelos/repos/courses/python-learnings/.venv/lib/python3.10/site-packages/airflow/example_dags/tutorial.py
[2023-08-05T11:29:22.316+0200] {processor.py:836} INFO - DAG(s) dict_keys(['tutorial']) retrieved from /Users/felipe.vasconcelos/repos/courses/python-learnings/.venv/lib/python3.10/site-packages/airflow/example_dags/tutorial.py
[2023-08-05T11:29:23.066+0200] {logging_mixin.py:150} INFO - [2023-08-05T11:29:23.066+0200] {dag.py:2742} INFO - Sync 1 DAGs
[2023-08-05T11:29:23.083+0200] {logging_mixin.py:150} INFO - [2023-08-05T11:29:23.083+0200] {dag.py:3504} INFO - Setting next_dagrun for tutorial to 2023-08-04T09:29:23.082952+00:00, run_after=2023-08-05T09:29:23.082952+00:00
[2023-08-05T11:29:23.104+0200] {processor.py:179} INFO - Processing /Users/felipe.vasconcelos/repos/courses/python-learnings/.venv/lib/python3.10/site-packages/airflow/example_dags/tutorial.py took 0.828 seconds
[2023-08-05T11:32:16.005+0200] {processor.py:157} INFO - Started process (PID=83822) to work on /Users/felipe.vasconcelos/repos/courses/python-learnings/.venv/lib/python3.10/site-packages/airflow/example_dags/tutorial.py
[2023-08-05T11:32:16.014+0200] {processor.py:826} INFO - Processing file /Users/felipe.vasconcelos/repos/courses/python-learnings/.venv/lib/python3.10/site-packages/airflow/example_dags/tutorial.py for tasks to queue
[2023-08-05T11:32:16.016+0200] {logging_mixin.py:150} INFO - [2023-08-05T11:32:16.015+0200] {dagbag.py:541} INFO - Filling up the DagBag from /Users/felipe.vasconcelos/repos/courses/python-learnings/.venv/lib/python3.10/site-packages/airflow/example_dags/tutorial.py
[2023-08-05T11:32:16.064+0200] {processor.py:836} INFO - DAG(s) dict_keys(['tutorial']) retrieved from /Users/felipe.vasconcelos/repos/courses/python-learnings/.venv/lib/python3.10/site-packages/airflow/example_dags/tutorial.py
[2023-08-05T11:32:17.152+0200] {logging_mixin.py:150} INFO - [2023-08-05T11:32:17.152+0200] {dag.py:2742} INFO - Sync 1 DAGs
[2023-08-05T11:32:17.181+0200] {logging_mixin.py:150} INFO - [2023-08-05T11:32:17.181+0200] {dag.py:3504} INFO - Setting next_dagrun for tutorial to 2023-08-04T09:32:17.180889+00:00, run_after=2023-08-05T09:32:17.180889+00:00
[2023-08-05T11:32:17.213+0200] {processor.py:179} INFO - Processing /Users/felipe.vasconcelos/repos/courses/python-learnings/.venv/lib/python3.10/site-packages/airflow/example_dags/tutorial.py took 1.209 seconds
[2023-08-05T11:34:55.648+0200] {processor.py:157} INFO - Started process (PID=83918) to work on /Users/felipe.vasconcelos/repos/courses/python-learnings/.venv/lib/python3.10/site-packages/airflow/example_dags/tutorial.py
[2023-08-05T11:34:55.657+0200] {processor.py:826} INFO - Processing file /Users/felipe.vasconcelos/repos/courses/python-learnings/.venv/lib/python3.10/site-packages/airflow/example_dags/tutorial.py for tasks to queue
[2023-08-05T11:34:55.658+0200] {logging_mixin.py:150} INFO - [2023-08-05T11:34:55.658+0200] {dagbag.py:541} INFO - Filling up the DagBag from /Users/felipe.vasconcelos/repos/courses/python-learnings/.venv/lib/python3.10/site-packages/airflow/example_dags/tutorial.py
[2023-08-05T11:34:55.688+0200] {processor.py:836} INFO - DAG(s) dict_keys(['tutorial']) retrieved from /Users/felipe.vasconcelos/repos/courses/python-learnings/.venv/lib/python3.10/site-packages/airflow/example_dags/tutorial.py
[2023-08-05T11:34:56.431+0200] {logging_mixin.py:150} INFO - [2023-08-05T11:34:56.431+0200] {dag.py:2742} INFO - Sync 1 DAGs
[2023-08-05T11:34:56.448+0200] {logging_mixin.py:150} INFO - [2023-08-05T11:34:56.448+0200] {dag.py:3504} INFO - Setting next_dagrun for tutorial to 2023-08-04T09:34:56.447876+00:00, run_after=2023-08-05T09:34:56.447876+00:00
[2023-08-05T11:34:56.469+0200] {processor.py:179} INFO - Processing /Users/felipe.vasconcelos/repos/courses/python-learnings/.venv/lib/python3.10/site-packages/airflow/example_dags/tutorial.py took 0.822 seconds
[2023-08-05T11:37:10.244+0200] {processor.py:157} INFO - Started process (PID=83989) to work on /Users/felipe.vasconcelos/repos/courses/python-learnings/.venv/lib/python3.10/site-packages/airflow/example_dags/tutorial.py
[2023-08-05T11:37:10.250+0200] {processor.py:826} INFO - Processing file /Users/felipe.vasconcelos/repos/courses/python-learnings/.venv/lib/python3.10/site-packages/airflow/example_dags/tutorial.py for tasks to queue
[2023-08-05T11:37:10.251+0200] {logging_mixin.py:150} INFO - [2023-08-05T11:37:10.251+0200] {dagbag.py:541} INFO - Filling up the DagBag from /Users/felipe.vasconcelos/repos/courses/python-learnings/.venv/lib/python3.10/site-packages/airflow/example_dags/tutorial.py
[2023-08-05T11:37:10.278+0200] {processor.py:836} INFO - DAG(s) dict_keys(['tutorial']) retrieved from /Users/felipe.vasconcelos/repos/courses/python-learnings/.venv/lib/python3.10/site-packages/airflow/example_dags/tutorial.py
[2023-08-05T11:37:10.978+0200] {logging_mixin.py:150} INFO - [2023-08-05T11:37:10.977+0200] {dag.py:2742} INFO - Sync 1 DAGs
[2023-08-05T11:37:10.994+0200] {logging_mixin.py:150} INFO - [2023-08-05T11:37:10.994+0200] {dag.py:3504} INFO - Setting next_dagrun for tutorial to 2023-08-04T09:37:10.993903+00:00, run_after=2023-08-05T09:37:10.993903+00:00
[2023-08-05T11:37:11.013+0200] {processor.py:179} INFO - Processing /Users/felipe.vasconcelos/repos/courses/python-learnings/.venv/lib/python3.10/site-packages/airflow/example_dags/tutorial.py took 0.770 seconds
[2023-08-05T11:39:21.025+0200] {processor.py:157} INFO - Started process (PID=84049) to work on /Users/felipe.vasconcelos/repos/courses/python-learnings/.venv/lib/python3.10/site-packages/airflow/example_dags/tutorial.py
[2023-08-05T11:39:21.034+0200] {processor.py:826} INFO - Processing file /Users/felipe.vasconcelos/repos/courses/python-learnings/.venv/lib/python3.10/site-packages/airflow/example_dags/tutorial.py for tasks to queue
[2023-08-05T11:39:21.035+0200] {logging_mixin.py:150} INFO - [2023-08-05T11:39:21.035+0200] {dagbag.py:541} INFO - Filling up the DagBag from /Users/felipe.vasconcelos/repos/courses/python-learnings/.venv/lib/python3.10/site-packages/airflow/example_dags/tutorial.py
[2023-08-05T11:39:21.064+0200] {processor.py:836} INFO - DAG(s) dict_keys(['tutorial']) retrieved from /Users/felipe.vasconcelos/repos/courses/python-learnings/.venv/lib/python3.10/site-packages/airflow/example_dags/tutorial.py
[2023-08-05T11:39:22.487+0200] {logging_mixin.py:150} INFO - [2023-08-05T11:39:22.487+0200] {dag.py:2742} INFO - Sync 1 DAGs
[2023-08-05T11:39:22.520+0200] {logging_mixin.py:150} INFO - [2023-08-05T11:39:22.520+0200] {dag.py:3504} INFO - Setting next_dagrun for tutorial to 2023-08-04T09:39:22.520263+00:00, run_after=2023-08-05T09:39:22.520263+00:00
[2023-08-05T11:39:22.552+0200] {processor.py:179} INFO - Processing /Users/felipe.vasconcelos/repos/courses/python-learnings/.venv/lib/python3.10/site-packages/airflow/example_dags/tutorial.py took 1.528 seconds
[2023-08-05T11:41:31.442+0200] {processor.py:157} INFO - Started process (PID=84121) to work on /Users/felipe.vasconcelos/repos/courses/python-learnings/.venv/lib/python3.10/site-packages/airflow/example_dags/tutorial.py
[2023-08-05T11:41:31.449+0200] {processor.py:826} INFO - Processing file /Users/felipe.vasconcelos/repos/courses/python-learnings/.venv/lib/python3.10/site-packages/airflow/example_dags/tutorial.py for tasks to queue
[2023-08-05T11:41:31.450+0200] {logging_mixin.py:150} INFO - [2023-08-05T11:41:31.449+0200] {dagbag.py:541} INFO - Filling up the DagBag from /Users/felipe.vasconcelos/repos/courses/python-learnings/.venv/lib/python3.10/site-packages/airflow/example_dags/tutorial.py
[2023-08-05T11:41:31.476+0200] {processor.py:836} INFO - DAG(s) dict_keys(['tutorial']) retrieved from /Users/felipe.vasconcelos/repos/courses/python-learnings/.venv/lib/python3.10/site-packages/airflow/example_dags/tutorial.py
[2023-08-05T11:41:32.200+0200] {logging_mixin.py:150} INFO - [2023-08-05T11:41:32.200+0200] {dag.py:2742} INFO - Sync 1 DAGs
[2023-08-05T11:41:32.217+0200] {logging_mixin.py:150} INFO - [2023-08-05T11:41:32.217+0200] {dag.py:3504} INFO - Setting next_dagrun for tutorial to 2023-08-04T09:41:32.217260+00:00, run_after=2023-08-05T09:41:32.217260+00:00
[2023-08-05T11:41:32.240+0200] {processor.py:179} INFO - Processing /Users/felipe.vasconcelos/repos/courses/python-learnings/.venv/lib/python3.10/site-packages/airflow/example_dags/tutorial.py took 0.799 seconds
[2023-08-05T11:43:40.890+0200] {processor.py:157} INFO - Started process (PID=84177) to work on /Users/felipe.vasconcelos/repos/courses/python-learnings/.venv/lib/python3.10/site-packages/airflow/example_dags/tutorial.py
[2023-08-05T11:43:40.897+0200] {processor.py:826} INFO - Processing file /Users/felipe.vasconcelos/repos/courses/python-learnings/.venv/lib/python3.10/site-packages/airflow/example_dags/tutorial.py for tasks to queue
[2023-08-05T11:43:40.898+0200] {logging_mixin.py:150} INFO - [2023-08-05T11:43:40.897+0200] {dagbag.py:541} INFO - Filling up the DagBag from /Users/felipe.vasconcelos/repos/courses/python-learnings/.venv/lib/python3.10/site-packages/airflow/example_dags/tutorial.py
[2023-08-05T11:43:40.924+0200] {processor.py:836} INFO - DAG(s) dict_keys(['tutorial']) retrieved from /Users/felipe.vasconcelos/repos/courses/python-learnings/.venv/lib/python3.10/site-packages/airflow/example_dags/tutorial.py
[2023-08-05T11:43:41.672+0200] {logging_mixin.py:150} INFO - [2023-08-05T11:43:41.672+0200] {dag.py:2742} INFO - Sync 1 DAGs
[2023-08-05T11:43:41.688+0200] {logging_mixin.py:150} INFO - [2023-08-05T11:43:41.688+0200] {dag.py:3504} INFO - Setting next_dagrun for tutorial to 2023-08-04T09:43:41.688209+00:00, run_after=2023-08-05T09:43:41.688209+00:00
[2023-08-05T11:43:41.708+0200] {processor.py:179} INFO - Processing /Users/felipe.vasconcelos/repos/courses/python-learnings/.venv/lib/python3.10/site-packages/airflow/example_dags/tutorial.py took 0.819 seconds
[2023-08-05T11:45:46.452+0200] {processor.py:157} INFO - Started process (PID=84244) to work on /Users/felipe.vasconcelos/repos/courses/python-learnings/.venv/lib/python3.10/site-packages/airflow/example_dags/tutorial.py
[2023-08-05T11:45:46.460+0200] {processor.py:826} INFO - Processing file /Users/felipe.vasconcelos/repos/courses/python-learnings/.venv/lib/python3.10/site-packages/airflow/example_dags/tutorial.py for tasks to queue
[2023-08-05T11:45:46.461+0200] {logging_mixin.py:150} INFO - [2023-08-05T11:45:46.460+0200] {dagbag.py:541} INFO - Filling up the DagBag from /Users/felipe.vasconcelos/repos/courses/python-learnings/.venv/lib/python3.10/site-packages/airflow/example_dags/tutorial.py
[2023-08-05T11:45:46.489+0200] {processor.py:836} INFO - DAG(s) dict_keys(['tutorial']) retrieved from /Users/felipe.vasconcelos/repos/courses/python-learnings/.venv/lib/python3.10/site-packages/airflow/example_dags/tutorial.py
[2023-08-05T11:45:47.190+0200] {logging_mixin.py:150} INFO - [2023-08-05T11:45:47.190+0200] {dag.py:2742} INFO - Sync 1 DAGs
[2023-08-05T11:45:47.208+0200] {logging_mixin.py:150} INFO - [2023-08-05T11:45:47.208+0200] {dag.py:3504} INFO - Setting next_dagrun for tutorial to 2023-08-04T09:45:47.208546+00:00, run_after=2023-08-05T09:45:47.208546+00:00
[2023-08-05T11:45:47.228+0200] {processor.py:179} INFO - Processing /Users/felipe.vasconcelos/repos/courses/python-learnings/.venv/lib/python3.10/site-packages/airflow/example_dags/tutorial.py took 0.777 seconds
[2023-08-05T11:48:31.619+0200] {processor.py:157} INFO - Started process (PID=84343) to work on /Users/felipe.vasconcelos/repos/courses/python-learnings/.venv/lib/python3.10/site-packages/airflow/example_dags/tutorial.py
[2023-08-05T11:48:31.626+0200] {processor.py:826} INFO - Processing file /Users/felipe.vasconcelos/repos/courses/python-learnings/.venv/lib/python3.10/site-packages/airflow/example_dags/tutorial.py for tasks to queue
[2023-08-05T11:48:31.627+0200] {logging_mixin.py:150} INFO - [2023-08-05T11:48:31.627+0200] {dagbag.py:541} INFO - Filling up the DagBag from /Users/felipe.vasconcelos/repos/courses/python-learnings/.venv/lib/python3.10/site-packages/airflow/example_dags/tutorial.py
[2023-08-05T11:48:31.663+0200] {processor.py:836} INFO - DAG(s) dict_keys(['tutorial']) retrieved from /Users/felipe.vasconcelos/repos/courses/python-learnings/.venv/lib/python3.10/site-packages/airflow/example_dags/tutorial.py
[2023-08-05T11:48:32.468+0200] {logging_mixin.py:150} INFO - [2023-08-05T11:48:32.468+0200] {dag.py:2742} INFO - Sync 1 DAGs
[2023-08-05T11:48:32.485+0200] {logging_mixin.py:150} INFO - [2023-08-05T11:48:32.485+0200] {dag.py:3504} INFO - Setting next_dagrun for tutorial to 2023-08-04T09:48:32.485283+00:00, run_after=2023-08-05T09:48:32.485283+00:00
[2023-08-05T11:48:32.506+0200] {processor.py:179} INFO - Processing /Users/felipe.vasconcelos/repos/courses/python-learnings/.venv/lib/python3.10/site-packages/airflow/example_dags/tutorial.py took 0.889 seconds
[2023-08-05T11:50:59.930+0200] {processor.py:157} INFO - Started process (PID=84421) to work on /Users/felipe.vasconcelos/repos/courses/python-learnings/.venv/lib/python3.10/site-packages/airflow/example_dags/tutorial.py
[2023-08-05T11:50:59.935+0200] {processor.py:826} INFO - Processing file /Users/felipe.vasconcelos/repos/courses/python-learnings/.venv/lib/python3.10/site-packages/airflow/example_dags/tutorial.py for tasks to queue
[2023-08-05T11:50:59.936+0200] {logging_mixin.py:150} INFO - [2023-08-05T11:50:59.936+0200] {dagbag.py:541} INFO - Filling up the DagBag from /Users/felipe.vasconcelos/repos/courses/python-learnings/.venv/lib/python3.10/site-packages/airflow/example_dags/tutorial.py
[2023-08-05T11:50:59.960+0200] {processor.py:836} INFO - DAG(s) dict_keys(['tutorial']) retrieved from /Users/felipe.vasconcelos/repos/courses/python-learnings/.venv/lib/python3.10/site-packages/airflow/example_dags/tutorial.py
[2023-08-05T11:51:00.680+0200] {logging_mixin.py:150} INFO - [2023-08-05T11:51:00.679+0200] {dag.py:2742} INFO - Sync 1 DAGs
[2023-08-05T11:51:00.696+0200] {logging_mixin.py:150} INFO - [2023-08-05T11:51:00.696+0200] {dag.py:3504} INFO - Setting next_dagrun for tutorial to 2023-08-04T09:51:00.696036+00:00, run_after=2023-08-05T09:51:00.696036+00:00
[2023-08-05T11:51:00.717+0200] {processor.py:179} INFO - Processing /Users/felipe.vasconcelos/repos/courses/python-learnings/.venv/lib/python3.10/site-packages/airflow/example_dags/tutorial.py took 0.788 seconds
[2023-08-05T11:53:09.988+0200] {processor.py:157} INFO - Started process (PID=84480) to work on /Users/felipe.vasconcelos/repos/courses/python-learnings/.venv/lib/python3.10/site-packages/airflow/example_dags/tutorial.py
[2023-08-05T11:53:09.995+0200] {processor.py:826} INFO - Processing file /Users/felipe.vasconcelos/repos/courses/python-learnings/.venv/lib/python3.10/site-packages/airflow/example_dags/tutorial.py for tasks to queue
[2023-08-05T11:53:09.996+0200] {logging_mixin.py:150} INFO - [2023-08-05T11:53:09.996+0200] {dagbag.py:541} INFO - Filling up the DagBag from /Users/felipe.vasconcelos/repos/courses/python-learnings/.venv/lib/python3.10/site-packages/airflow/example_dags/tutorial.py
[2023-08-05T11:53:10.028+0200] {processor.py:836} INFO - DAG(s) dict_keys(['tutorial']) retrieved from /Users/felipe.vasconcelos/repos/courses/python-learnings/.venv/lib/python3.10/site-packages/airflow/example_dags/tutorial.py
[2023-08-05T11:53:10.735+0200] {logging_mixin.py:150} INFO - [2023-08-05T11:53:10.735+0200] {dag.py:2742} INFO - Sync 1 DAGs
[2023-08-05T11:53:10.752+0200] {logging_mixin.py:150} INFO - [2023-08-05T11:53:10.752+0200] {dag.py:3504} INFO - Setting next_dagrun for tutorial to 2023-08-04T09:53:10.752243+00:00, run_after=2023-08-05T09:53:10.752243+00:00
[2023-08-05T11:53:10.772+0200] {processor.py:179} INFO - Processing /Users/felipe.vasconcelos/repos/courses/python-learnings/.venv/lib/python3.10/site-packages/airflow/example_dags/tutorial.py took 0.785 seconds
[2023-08-05T11:55:21.435+0200] {processor.py:157} INFO - Started process (PID=84547) to work on /Users/felipe.vasconcelos/repos/courses/python-learnings/.venv/lib/python3.10/site-packages/airflow/example_dags/tutorial.py
[2023-08-05T11:55:21.441+0200] {processor.py:826} INFO - Processing file /Users/felipe.vasconcelos/repos/courses/python-learnings/.venv/lib/python3.10/site-packages/airflow/example_dags/tutorial.py for tasks to queue
[2023-08-05T11:55:21.442+0200] {logging_mixin.py:150} INFO - [2023-08-05T11:55:21.442+0200] {dagbag.py:541} INFO - Filling up the DagBag from /Users/felipe.vasconcelos/repos/courses/python-learnings/.venv/lib/python3.10/site-packages/airflow/example_dags/tutorial.py
[2023-08-05T11:55:21.466+0200] {processor.py:836} INFO - DAG(s) dict_keys(['tutorial']) retrieved from /Users/felipe.vasconcelos/repos/courses/python-learnings/.venv/lib/python3.10/site-packages/airflow/example_dags/tutorial.py
[2023-08-05T11:55:22.158+0200] {logging_mixin.py:150} INFO - [2023-08-05T11:55:22.158+0200] {dag.py:2742} INFO - Sync 1 DAGs
[2023-08-05T11:55:22.175+0200] {logging_mixin.py:150} INFO - [2023-08-05T11:55:22.175+0200] {dag.py:3504} INFO - Setting next_dagrun for tutorial to 2023-08-04T09:55:22.175506+00:00, run_after=2023-08-05T09:55:22.175506+00:00
[2023-08-05T11:55:22.194+0200] {processor.py:179} INFO - Processing /Users/felipe.vasconcelos/repos/courses/python-learnings/.venv/lib/python3.10/site-packages/airflow/example_dags/tutorial.py took 0.761 seconds
[2023-08-05T11:57:24.078+0200] {processor.py:157} INFO - Started process (PID=84612) to work on /Users/felipe.vasconcelos/repos/courses/python-learnings/.venv/lib/python3.10/site-packages/airflow/example_dags/tutorial.py
[2023-08-05T11:57:24.084+0200] {processor.py:826} INFO - Processing file /Users/felipe.vasconcelos/repos/courses/python-learnings/.venv/lib/python3.10/site-packages/airflow/example_dags/tutorial.py for tasks to queue
[2023-08-05T11:57:24.085+0200] {logging_mixin.py:150} INFO - [2023-08-05T11:57:24.085+0200] {dagbag.py:541} INFO - Filling up the DagBag from /Users/felipe.vasconcelos/repos/courses/python-learnings/.venv/lib/python3.10/site-packages/airflow/example_dags/tutorial.py
[2023-08-05T11:57:24.165+0200] {processor.py:836} INFO - DAG(s) dict_keys(['tutorial']) retrieved from /Users/felipe.vasconcelos/repos/courses/python-learnings/.venv/lib/python3.10/site-packages/airflow/example_dags/tutorial.py
[2023-08-05T11:57:25.149+0200] {logging_mixin.py:150} INFO - [2023-08-05T11:57:25.149+0200] {dag.py:2742} INFO - Sync 1 DAGs
[2023-08-05T11:57:25.196+0200] {logging_mixin.py:150} INFO - [2023-08-05T11:57:25.195+0200] {dag.py:3504} INFO - Setting next_dagrun for tutorial to 2023-08-04T09:57:25.195825+00:00, run_after=2023-08-05T09:57:25.195825+00:00
[2023-08-05T11:57:25.226+0200] {processor.py:179} INFO - Processing /Users/felipe.vasconcelos/repos/courses/python-learnings/.venv/lib/python3.10/site-packages/airflow/example_dags/tutorial.py took 1.149 seconds
[2023-08-05T12:00:03.420+0200] {processor.py:157} INFO - Started process (PID=84696) to work on /Users/felipe.vasconcelos/repos/courses/python-learnings/.venv/lib/python3.10/site-packages/airflow/example_dags/tutorial.py
[2023-08-05T12:00:03.428+0200] {processor.py:826} INFO - Processing file /Users/felipe.vasconcelos/repos/courses/python-learnings/.venv/lib/python3.10/site-packages/airflow/example_dags/tutorial.py for tasks to queue
[2023-08-05T12:00:03.429+0200] {logging_mixin.py:150} INFO - [2023-08-05T12:00:03.428+0200] {dagbag.py:541} INFO - Filling up the DagBag from /Users/felipe.vasconcelos/repos/courses/python-learnings/.venv/lib/python3.10/site-packages/airflow/example_dags/tutorial.py
[2023-08-05T12:00:03.455+0200] {processor.py:836} INFO - DAG(s) dict_keys(['tutorial']) retrieved from /Users/felipe.vasconcelos/repos/courses/python-learnings/.venv/lib/python3.10/site-packages/airflow/example_dags/tutorial.py
[2023-08-05T12:00:04.212+0200] {logging_mixin.py:150} INFO - [2023-08-05T12:00:04.212+0200] {dag.py:2742} INFO - Sync 1 DAGs
[2023-08-05T12:00:04.230+0200] {logging_mixin.py:150} INFO - [2023-08-05T12:00:04.230+0200] {dag.py:3504} INFO - Setting next_dagrun for tutorial to 2023-08-04T10:00:04.230604+00:00, run_after=2023-08-05T10:00:04.230604+00:00
[2023-08-05T12:00:04.251+0200] {processor.py:179} INFO - Processing /Users/felipe.vasconcelos/repos/courses/python-learnings/.venv/lib/python3.10/site-packages/airflow/example_dags/tutorial.py took 0.832 seconds
[2023-08-05T12:04:00.442+0200] {processor.py:157} INFO - Started process (PID=84864) to work on /Users/felipe.vasconcelos/repos/courses/python-learnings/.venv/lib/python3.10/site-packages/airflow/example_dags/tutorial.py
[2023-08-05T12:04:00.451+0200] {processor.py:826} INFO - Processing file /Users/felipe.vasconcelos/repos/courses/python-learnings/.venv/lib/python3.10/site-packages/airflow/example_dags/tutorial.py for tasks to queue
[2023-08-05T12:04:00.451+0200] {logging_mixin.py:150} INFO - [2023-08-05T12:04:00.451+0200] {dagbag.py:541} INFO - Filling up the DagBag from /Users/felipe.vasconcelos/repos/courses/python-learnings/.venv/lib/python3.10/site-packages/airflow/example_dags/tutorial.py
[2023-08-05T12:04:00.479+0200] {processor.py:836} INFO - DAG(s) dict_keys(['tutorial']) retrieved from /Users/felipe.vasconcelos/repos/courses/python-learnings/.venv/lib/python3.10/site-packages/airflow/example_dags/tutorial.py
[2023-08-05T12:04:02.963+0200] {logging_mixin.py:150} INFO - [2023-08-05T12:04:02.963+0200] {dag.py:2742} INFO - Sync 1 DAGs
[2023-08-05T12:04:02.982+0200] {logging_mixin.py:150} INFO - [2023-08-05T12:04:02.982+0200] {dag.py:3504} INFO - Setting next_dagrun for tutorial to 2023-08-04T10:04:02.982354+00:00, run_after=2023-08-05T10:04:02.982354+00:00
[2023-08-05T12:04:03.007+0200] {processor.py:179} INFO - Processing /Users/felipe.vasconcelos/repos/courses/python-learnings/.venv/lib/python3.10/site-packages/airflow/example_dags/tutorial.py took 2.566 seconds
