[2023-08-05T10:37:07.149+0200] {processor.py:157} INFO - Started process (PID=82547) to work on /Users/felipe.vasconcelos/repos/courses/python-learnings/.venv/lib/python3.10/site-packages/airflow/example_dags/tutorial_taskflow_api_virtualenv.py
[2023-08-05T10:37:07.157+0200] {processor.py:826} INFO - Processing file /Users/felipe.vasconcelos/repos/courses/python-learnings/.venv/lib/python3.10/site-packages/airflow/example_dags/tutorial_taskflow_api_virtualenv.py for tasks to queue
[2023-08-05T10:37:07.158+0200] {logging_mixin.py:150} INFO - [2023-08-05T10:37:07.157+0200] {dagbag.py:541} INFO - Filling up the DagBag from /Users/felipe.vasconcelos/repos/courses/python-learnings/.venv/lib/python3.10/site-packages/airflow/example_dags/tutorial_taskflow_api_virtualenv.py
[2023-08-05T10:37:07.296+0200] {processor.py:836} INFO - DAG(s) dict_keys(['tutorial_taskflow_api_virtualenv']) retrieved from /Users/felipe.vasconcelos/repos/courses/python-learnings/.venv/lib/python3.10/site-packages/airflow/example_dags/tutorial_taskflow_api_virtualenv.py
[2023-08-05T10:37:20.296+0200] {logging_mixin.py:150} INFO - [2023-08-05T10:37:20.296+0200] {manager.py:504} INFO - Created Permission View: can delete on DAG:tutorial_taskflow_api_virtualenv
[2023-08-05T10:37:20.356+0200] {logging_mixin.py:150} INFO - [2023-08-05T10:37:20.355+0200] {manager.py:504} INFO - Created Permission View: can read on DAG:tutorial_taskflow_api_virtualenv
[2023-08-05T10:37:20.395+0200] {logging_mixin.py:150} INFO - [2023-08-05T10:37:20.395+0200] {manager.py:504} INFO - Created Permission View: can edit on DAG:tutorial_taskflow_api_virtualenv
[2023-08-05T10:37:20.434+0200] {logging_mixin.py:150} INFO - [2023-08-05T10:37:20.433+0200] {dag.py:2742} INFO - Sync 1 DAGs
[2023-08-05T10:37:20.471+0200] {logging_mixin.py:150} INFO - [2023-08-05T10:37:20.471+0200] {dag.py:2763} INFO - Creating ORM DAG for tutorial_taskflow_api_virtualenv
[2023-08-05T10:37:20.503+0200] {logging_mixin.py:150} INFO - [2023-08-05T10:37:20.503+0200] {dag.py:3504} INFO - Setting next_dagrun for tutorial_taskflow_api_virtualenv to None, run_after=None
[2023-08-05T10:37:20.577+0200] {processor.py:179} INFO - Processing /Users/felipe.vasconcelos/repos/courses/python-learnings/.venv/lib/python3.10/site-packages/airflow/example_dags/tutorial_taskflow_api_virtualenv.py took 13.429 seconds
[2023-08-05T10:41:49.167+0200] {processor.py:157} INFO - Started process (PID=82651) to work on /Users/felipe.vasconcelos/repos/courses/python-learnings/.venv/lib/python3.10/site-packages/airflow/example_dags/tutorial_taskflow_api_virtualenv.py
[2023-08-05T10:41:49.173+0200] {processor.py:826} INFO - Processing file /Users/felipe.vasconcelos/repos/courses/python-learnings/.venv/lib/python3.10/site-packages/airflow/example_dags/tutorial_taskflow_api_virtualenv.py for tasks to queue
[2023-08-05T10:41:49.174+0200] {logging_mixin.py:150} INFO - [2023-08-05T10:41:49.174+0200] {dagbag.py:541} INFO - Filling up the DagBag from /Users/felipe.vasconcelos/repos/courses/python-learnings/.venv/lib/python3.10/site-packages/airflow/example_dags/tutorial_taskflow_api_virtualenv.py
[2023-08-05T10:41:49.240+0200] {processor.py:836} INFO - DAG(s) dict_keys(['tutorial_taskflow_api_virtualenv']) retrieved from /Users/felipe.vasconcelos/repos/courses/python-learnings/.venv/lib/python3.10/site-packages/airflow/example_dags/tutorial_taskflow_api_virtualenv.py
[2023-08-05T10:41:50.135+0200] {logging_mixin.py:150} INFO - [2023-08-05T10:41:50.135+0200] {dag.py:2742} INFO - Sync 1 DAGs
[2023-08-05T10:41:50.158+0200] {logging_mixin.py:150} INFO - [2023-08-05T10:41:50.157+0200] {dag.py:3504} INFO - Setting next_dagrun for tutorial_taskflow_api_virtualenv to None, run_after=None
[2023-08-05T10:41:50.180+0200] {processor.py:179} INFO - Processing /Users/felipe.vasconcelos/repos/courses/python-learnings/.venv/lib/python3.10/site-packages/airflow/example_dags/tutorial_taskflow_api_virtualenv.py took 1.014 seconds
[2023-08-05T10:45:19.024+0200] {processor.py:157} INFO - Started process (PID=82754) to work on /Users/felipe.vasconcelos/repos/courses/python-learnings/.venv/lib/python3.10/site-packages/airflow/example_dags/tutorial_taskflow_api_virtualenv.py
[2023-08-05T10:45:19.033+0200] {processor.py:826} INFO - Processing file /Users/felipe.vasconcelos/repos/courses/python-learnings/.venv/lib/python3.10/site-packages/airflow/example_dags/tutorial_taskflow_api_virtualenv.py for tasks to queue
[2023-08-05T10:45:19.035+0200] {logging_mixin.py:150} INFO - [2023-08-05T10:45:19.034+0200] {dagbag.py:541} INFO - Filling up the DagBag from /Users/felipe.vasconcelos/repos/courses/python-learnings/.venv/lib/python3.10/site-packages/airflow/example_dags/tutorial_taskflow_api_virtualenv.py
[2023-08-05T10:45:19.146+0200] {processor.py:836} INFO - DAG(s) dict_keys(['tutorial_taskflow_api_virtualenv']) retrieved from /Users/felipe.vasconcelos/repos/courses/python-learnings/.venv/lib/python3.10/site-packages/airflow/example_dags/tutorial_taskflow_api_virtualenv.py
[2023-08-05T10:45:21.310+0200] {logging_mixin.py:150} INFO - [2023-08-05T10:45:21.309+0200] {dag.py:2742} INFO - Sync 1 DAGs
[2023-08-05T10:45:21.355+0200] {logging_mixin.py:150} INFO - [2023-08-05T10:45:21.355+0200] {dag.py:3504} INFO - Setting next_dagrun for tutorial_taskflow_api_virtualenv to None, run_after=None
[2023-08-05T10:45:21.403+0200] {processor.py:179} INFO - Processing /Users/felipe.vasconcelos/repos/courses/python-learnings/.venv/lib/python3.10/site-packages/airflow/example_dags/tutorial_taskflow_api_virtualenv.py took 2.380 seconds
[2023-08-05T10:48:04.983+0200] {processor.py:157} INFO - Started process (PID=82859) to work on /Users/felipe.vasconcelos/repos/courses/python-learnings/.venv/lib/python3.10/site-packages/airflow/example_dags/tutorial_taskflow_api_virtualenv.py
[2023-08-05T10:48:04.989+0200] {processor.py:826} INFO - Processing file /Users/felipe.vasconcelos/repos/courses/python-learnings/.venv/lib/python3.10/site-packages/airflow/example_dags/tutorial_taskflow_api_virtualenv.py for tasks to queue
[2023-08-05T10:48:04.990+0200] {logging_mixin.py:150} INFO - [2023-08-05T10:48:04.990+0200] {dagbag.py:541} INFO - Filling up the DagBag from /Users/felipe.vasconcelos/repos/courses/python-learnings/.venv/lib/python3.10/site-packages/airflow/example_dags/tutorial_taskflow_api_virtualenv.py
[2023-08-05T10:48:05.084+0200] {processor.py:836} INFO - DAG(s) dict_keys(['tutorial_taskflow_api_virtualenv']) retrieved from /Users/felipe.vasconcelos/repos/courses/python-learnings/.venv/lib/python3.10/site-packages/airflow/example_dags/tutorial_taskflow_api_virtualenv.py
[2023-08-05T10:48:05.815+0200] {logging_mixin.py:150} INFO - [2023-08-05T10:48:05.815+0200] {dag.py:2742} INFO - Sync 1 DAGs
[2023-08-05T10:48:05.835+0200] {logging_mixin.py:150} INFO - [2023-08-05T10:48:05.835+0200] {dag.py:3504} INFO - Setting next_dagrun for tutorial_taskflow_api_virtualenv to None, run_after=None
[2023-08-05T10:48:05.856+0200] {processor.py:179} INFO - Processing /Users/felipe.vasconcelos/repos/courses/python-learnings/.venv/lib/python3.10/site-packages/airflow/example_dags/tutorial_taskflow_api_virtualenv.py took 0.874 seconds
[2023-08-05T10:50:16.852+0200] {processor.py:157} INFO - Started process (PID=82920) to work on /Users/felipe.vasconcelos/repos/courses/python-learnings/.venv/lib/python3.10/site-packages/airflow/example_dags/tutorial_taskflow_api_virtualenv.py
[2023-08-05T10:50:16.860+0200] {processor.py:826} INFO - Processing file /Users/felipe.vasconcelos/repos/courses/python-learnings/.venv/lib/python3.10/site-packages/airflow/example_dags/tutorial_taskflow_api_virtualenv.py for tasks to queue
[2023-08-05T10:50:16.861+0200] {logging_mixin.py:150} INFO - [2023-08-05T10:50:16.861+0200] {dagbag.py:541} INFO - Filling up the DagBag from /Users/felipe.vasconcelos/repos/courses/python-learnings/.venv/lib/python3.10/site-packages/airflow/example_dags/tutorial_taskflow_api_virtualenv.py
[2023-08-05T10:50:16.934+0200] {processor.py:836} INFO - DAG(s) dict_keys(['tutorial_taskflow_api_virtualenv']) retrieved from /Users/felipe.vasconcelos/repos/courses/python-learnings/.venv/lib/python3.10/site-packages/airflow/example_dags/tutorial_taskflow_api_virtualenv.py
[2023-08-05T10:50:17.629+0200] {logging_mixin.py:150} INFO - [2023-08-05T10:50:17.629+0200] {dag.py:2742} INFO - Sync 1 DAGs
[2023-08-05T10:50:17.645+0200] {logging_mixin.py:150} INFO - [2023-08-05T10:50:17.645+0200] {dag.py:3504} INFO - Setting next_dagrun for tutorial_taskflow_api_virtualenv to None, run_after=None
[2023-08-05T10:50:17.672+0200] {processor.py:179} INFO - Processing /Users/felipe.vasconcelos/repos/courses/python-learnings/.venv/lib/python3.10/site-packages/airflow/example_dags/tutorial_taskflow_api_virtualenv.py took 0.821 seconds
[2023-08-05T10:52:37.028+0200] {processor.py:157} INFO - Started process (PID=82986) to work on /Users/felipe.vasconcelos/repos/courses/python-learnings/.venv/lib/python3.10/site-packages/airflow/example_dags/tutorial_taskflow_api_virtualenv.py
[2023-08-05T10:52:37.035+0200] {processor.py:826} INFO - Processing file /Users/felipe.vasconcelos/repos/courses/python-learnings/.venv/lib/python3.10/site-packages/airflow/example_dags/tutorial_taskflow_api_virtualenv.py for tasks to queue
[2023-08-05T10:52:37.035+0200] {logging_mixin.py:150} INFO - [2023-08-05T10:52:37.035+0200] {dagbag.py:541} INFO - Filling up the DagBag from /Users/felipe.vasconcelos/repos/courses/python-learnings/.venv/lib/python3.10/site-packages/airflow/example_dags/tutorial_taskflow_api_virtualenv.py
[2023-08-05T10:52:37.094+0200] {processor.py:836} INFO - DAG(s) dict_keys(['tutorial_taskflow_api_virtualenv']) retrieved from /Users/felipe.vasconcelos/repos/courses/python-learnings/.venv/lib/python3.10/site-packages/airflow/example_dags/tutorial_taskflow_api_virtualenv.py
[2023-08-05T10:52:37.766+0200] {logging_mixin.py:150} INFO - [2023-08-05T10:52:37.766+0200] {dag.py:2742} INFO - Sync 1 DAGs
[2023-08-05T10:52:37.784+0200] {logging_mixin.py:150} INFO - [2023-08-05T10:52:37.783+0200] {dag.py:3504} INFO - Setting next_dagrun for tutorial_taskflow_api_virtualenv to None, run_after=None
[2023-08-05T10:52:37.803+0200] {processor.py:179} INFO - Processing /Users/felipe.vasconcelos/repos/courses/python-learnings/.venv/lib/python3.10/site-packages/airflow/example_dags/tutorial_taskflow_api_virtualenv.py took 0.776 seconds
[2023-08-05T10:54:49.196+0200] {processor.py:157} INFO - Started process (PID=83043) to work on /Users/felipe.vasconcelos/repos/courses/python-learnings/.venv/lib/python3.10/site-packages/airflow/example_dags/tutorial_taskflow_api_virtualenv.py
[2023-08-05T10:54:49.202+0200] {processor.py:826} INFO - Processing file /Users/felipe.vasconcelos/repos/courses/python-learnings/.venv/lib/python3.10/site-packages/airflow/example_dags/tutorial_taskflow_api_virtualenv.py for tasks to queue
[2023-08-05T10:54:49.203+0200] {logging_mixin.py:150} INFO - [2023-08-05T10:54:49.203+0200] {dagbag.py:541} INFO - Filling up the DagBag from /Users/felipe.vasconcelos/repos/courses/python-learnings/.venv/lib/python3.10/site-packages/airflow/example_dags/tutorial_taskflow_api_virtualenv.py
[2023-08-05T10:54:49.302+0200] {processor.py:836} INFO - DAG(s) dict_keys(['tutorial_taskflow_api_virtualenv']) retrieved from /Users/felipe.vasconcelos/repos/courses/python-learnings/.venv/lib/python3.10/site-packages/airflow/example_dags/tutorial_taskflow_api_virtualenv.py
[2023-08-05T10:54:50.047+0200] {logging_mixin.py:150} INFO - [2023-08-05T10:54:50.047+0200] {dag.py:2742} INFO - Sync 1 DAGs
[2023-08-05T10:54:50.071+0200] {logging_mixin.py:150} INFO - [2023-08-05T10:54:50.071+0200] {dag.py:3504} INFO - Setting next_dagrun for tutorial_taskflow_api_virtualenv to None, run_after=None
[2023-08-05T10:54:50.092+0200] {processor.py:179} INFO - Processing /Users/felipe.vasconcelos/repos/courses/python-learnings/.venv/lib/python3.10/site-packages/airflow/example_dags/tutorial_taskflow_api_virtualenv.py took 0.897 seconds
[2023-08-05T10:56:59.668+0200] {processor.py:157} INFO - Started process (PID=83105) to work on /Users/felipe.vasconcelos/repos/courses/python-learnings/.venv/lib/python3.10/site-packages/airflow/example_dags/tutorial_taskflow_api_virtualenv.py
[2023-08-05T10:56:59.673+0200] {processor.py:826} INFO - Processing file /Users/felipe.vasconcelos/repos/courses/python-learnings/.venv/lib/python3.10/site-packages/airflow/example_dags/tutorial_taskflow_api_virtualenv.py for tasks to queue
[2023-08-05T10:56:59.674+0200] {logging_mixin.py:150} INFO - [2023-08-05T10:56:59.674+0200] {dagbag.py:541} INFO - Filling up the DagBag from /Users/felipe.vasconcelos/repos/courses/python-learnings/.venv/lib/python3.10/site-packages/airflow/example_dags/tutorial_taskflow_api_virtualenv.py
[2023-08-05T10:56:59.767+0200] {processor.py:836} INFO - DAG(s) dict_keys(['tutorial_taskflow_api_virtualenv']) retrieved from /Users/felipe.vasconcelos/repos/courses/python-learnings/.venv/lib/python3.10/site-packages/airflow/example_dags/tutorial_taskflow_api_virtualenv.py
[2023-08-05T10:57:00.503+0200] {logging_mixin.py:150} INFO - [2023-08-05T10:57:00.503+0200] {dag.py:2742} INFO - Sync 1 DAGs
[2023-08-05T10:57:00.524+0200] {logging_mixin.py:150} INFO - [2023-08-05T10:57:00.524+0200] {dag.py:3504} INFO - Setting next_dagrun for tutorial_taskflow_api_virtualenv to None, run_after=None
[2023-08-05T10:57:00.547+0200] {processor.py:179} INFO - Processing /Users/felipe.vasconcelos/repos/courses/python-learnings/.venv/lib/python3.10/site-packages/airflow/example_dags/tutorial_taskflow_api_virtualenv.py took 0.881 seconds
[2023-08-05T10:59:14.718+0200] {processor.py:157} INFO - Started process (PID=83172) to work on /Users/felipe.vasconcelos/repos/courses/python-learnings/.venv/lib/python3.10/site-packages/airflow/example_dags/tutorial_taskflow_api_virtualenv.py
[2023-08-05T10:59:14.723+0200] {processor.py:826} INFO - Processing file /Users/felipe.vasconcelos/repos/courses/python-learnings/.venv/lib/python3.10/site-packages/airflow/example_dags/tutorial_taskflow_api_virtualenv.py for tasks to queue
[2023-08-05T10:59:14.724+0200] {logging_mixin.py:150} INFO - [2023-08-05T10:59:14.724+0200] {dagbag.py:541} INFO - Filling up the DagBag from /Users/felipe.vasconcelos/repos/courses/python-learnings/.venv/lib/python3.10/site-packages/airflow/example_dags/tutorial_taskflow_api_virtualenv.py
[2023-08-05T10:59:14.816+0200] {processor.py:836} INFO - DAG(s) dict_keys(['tutorial_taskflow_api_virtualenv']) retrieved from /Users/felipe.vasconcelos/repos/courses/python-learnings/.venv/lib/python3.10/site-packages/airflow/example_dags/tutorial_taskflow_api_virtualenv.py
[2023-08-05T10:59:15.548+0200] {logging_mixin.py:150} INFO - [2023-08-05T10:59:15.548+0200] {dag.py:2742} INFO - Sync 1 DAGs
[2023-08-05T10:59:15.568+0200] {logging_mixin.py:150} INFO - [2023-08-05T10:59:15.568+0200] {dag.py:3504} INFO - Setting next_dagrun for tutorial_taskflow_api_virtualenv to None, run_after=None
[2023-08-05T10:59:15.589+0200] {processor.py:179} INFO - Processing /Users/felipe.vasconcelos/repos/courses/python-learnings/.venv/lib/python3.10/site-packages/airflow/example_dags/tutorial_taskflow_api_virtualenv.py took 0.873 seconds
[2023-08-05T11:13:38.039+0200] {processor.py:157} INFO - Started process (PID=83308) to work on /Users/felipe.vasconcelos/repos/courses/python-learnings/.venv/lib/python3.10/site-packages/airflow/example_dags/tutorial_taskflow_api_virtualenv.py
[2023-08-05T11:13:38.045+0200] {processor.py:826} INFO - Processing file /Users/felipe.vasconcelos/repos/courses/python-learnings/.venv/lib/python3.10/site-packages/airflow/example_dags/tutorial_taskflow_api_virtualenv.py for tasks to queue
[2023-08-05T11:13:38.045+0200] {logging_mixin.py:150} INFO - [2023-08-05T11:13:38.045+0200] {dagbag.py:541} INFO - Filling up the DagBag from /Users/felipe.vasconcelos/repos/courses/python-learnings/.venv/lib/python3.10/site-packages/airflow/example_dags/tutorial_taskflow_api_virtualenv.py
[2023-08-05T11:13:38.135+0200] {processor.py:836} INFO - DAG(s) dict_keys(['tutorial_taskflow_api_virtualenv']) retrieved from /Users/felipe.vasconcelos/repos/courses/python-learnings/.venv/lib/python3.10/site-packages/airflow/example_dags/tutorial_taskflow_api_virtualenv.py
[2023-08-05T11:13:38.914+0200] {logging_mixin.py:150} INFO - [2023-08-05T11:13:38.913+0200] {dag.py:2742} INFO - Sync 1 DAGs
[2023-08-05T11:13:38.934+0200] {logging_mixin.py:150} INFO - [2023-08-05T11:13:38.933+0200] {dag.py:3504} INFO - Setting next_dagrun for tutorial_taskflow_api_virtualenv to None, run_after=None
[2023-08-05T11:13:38.955+0200] {processor.py:179} INFO - Processing /Users/felipe.vasconcelos/repos/courses/python-learnings/.venv/lib/python3.10/site-packages/airflow/example_dags/tutorial_taskflow_api_virtualenv.py took 0.917 seconds
[2023-08-05T11:15:47.151+0200] {processor.py:157} INFO - Started process (PID=83367) to work on /Users/felipe.vasconcelos/repos/courses/python-learnings/.venv/lib/python3.10/site-packages/airflow/example_dags/tutorial_taskflow_api_virtualenv.py
[2023-08-05T11:15:47.157+0200] {processor.py:826} INFO - Processing file /Users/felipe.vasconcelos/repos/courses/python-learnings/.venv/lib/python3.10/site-packages/airflow/example_dags/tutorial_taskflow_api_virtualenv.py for tasks to queue
[2023-08-05T11:15:47.158+0200] {logging_mixin.py:150} INFO - [2023-08-05T11:15:47.158+0200] {dagbag.py:541} INFO - Filling up the DagBag from /Users/felipe.vasconcelos/repos/courses/python-learnings/.venv/lib/python3.10/site-packages/airflow/example_dags/tutorial_taskflow_api_virtualenv.py
[2023-08-05T11:15:47.228+0200] {processor.py:836} INFO - DAG(s) dict_keys(['tutorial_taskflow_api_virtualenv']) retrieved from /Users/felipe.vasconcelos/repos/courses/python-learnings/.venv/lib/python3.10/site-packages/airflow/example_dags/tutorial_taskflow_api_virtualenv.py
[2023-08-05T11:15:47.916+0200] {logging_mixin.py:150} INFO - [2023-08-05T11:15:47.916+0200] {dag.py:2742} INFO - Sync 1 DAGs
[2023-08-05T11:15:47.934+0200] {logging_mixin.py:150} INFO - [2023-08-05T11:15:47.934+0200] {dag.py:3504} INFO - Setting next_dagrun for tutorial_taskflow_api_virtualenv to None, run_after=None
[2023-08-05T11:15:47.954+0200] {processor.py:179} INFO - Processing /Users/felipe.vasconcelos/repos/courses/python-learnings/.venv/lib/python3.10/site-packages/airflow/example_dags/tutorial_taskflow_api_virtualenv.py took 0.804 seconds
[2023-08-05T11:17:51.398+0200] {processor.py:157} INFO - Started process (PID=83420) to work on /Users/felipe.vasconcelos/repos/courses/python-learnings/.venv/lib/python3.10/site-packages/airflow/example_dags/tutorial_taskflow_api_virtualenv.py
[2023-08-05T11:17:51.407+0200] {processor.py:826} INFO - Processing file /Users/felipe.vasconcelos/repos/courses/python-learnings/.venv/lib/python3.10/site-packages/airflow/example_dags/tutorial_taskflow_api_virtualenv.py for tasks to queue
[2023-08-05T11:17:51.408+0200] {logging_mixin.py:150} INFO - [2023-08-05T11:17:51.408+0200] {dagbag.py:541} INFO - Filling up the DagBag from /Users/felipe.vasconcelos/repos/courses/python-learnings/.venv/lib/python3.10/site-packages/airflow/example_dags/tutorial_taskflow_api_virtualenv.py
[2023-08-05T11:17:51.492+0200] {processor.py:836} INFO - DAG(s) dict_keys(['tutorial_taskflow_api_virtualenv']) retrieved from /Users/felipe.vasconcelos/repos/courses/python-learnings/.venv/lib/python3.10/site-packages/airflow/example_dags/tutorial_taskflow_api_virtualenv.py
[2023-08-05T11:17:52.828+0200] {logging_mixin.py:150} INFO - [2023-08-05T11:17:52.828+0200] {dag.py:2742} INFO - Sync 1 DAGs
[2023-08-05T11:17:52.849+0200] {logging_mixin.py:150} INFO - [2023-08-05T11:17:52.849+0200] {dag.py:3504} INFO - Setting next_dagrun for tutorial_taskflow_api_virtualenv to None, run_after=None
[2023-08-05T11:17:52.871+0200] {processor.py:179} INFO - Processing /Users/felipe.vasconcelos/repos/courses/python-learnings/.venv/lib/python3.10/site-packages/airflow/example_dags/tutorial_taskflow_api_virtualenv.py took 1.474 seconds
[2023-08-05T11:20:04.165+0200] {processor.py:157} INFO - Started process (PID=83484) to work on /Users/felipe.vasconcelos/repos/courses/python-learnings/.venv/lib/python3.10/site-packages/airflow/example_dags/tutorial_taskflow_api_virtualenv.py
[2023-08-05T11:20:04.173+0200] {processor.py:826} INFO - Processing file /Users/felipe.vasconcelos/repos/courses/python-learnings/.venv/lib/python3.10/site-packages/airflow/example_dags/tutorial_taskflow_api_virtualenv.py for tasks to queue
[2023-08-05T11:20:04.174+0200] {logging_mixin.py:150} INFO - [2023-08-05T11:20:04.174+0200] {dagbag.py:541} INFO - Filling up the DagBag from /Users/felipe.vasconcelos/repos/courses/python-learnings/.venv/lib/python3.10/site-packages/airflow/example_dags/tutorial_taskflow_api_virtualenv.py
[2023-08-05T11:20:04.384+0200] {processor.py:836} INFO - DAG(s) dict_keys(['tutorial_taskflow_api_virtualenv']) retrieved from /Users/felipe.vasconcelos/repos/courses/python-learnings/.venv/lib/python3.10/site-packages/airflow/example_dags/tutorial_taskflow_api_virtualenv.py
[2023-08-05T11:20:05.472+0200] {logging_mixin.py:150} INFO - [2023-08-05T11:20:05.472+0200] {dag.py:2742} INFO - Sync 1 DAGs
[2023-08-05T11:20:05.541+0200] {logging_mixin.py:150} INFO - [2023-08-05T11:20:05.541+0200] {dag.py:3504} INFO - Setting next_dagrun for tutorial_taskflow_api_virtualenv to None, run_after=None
[2023-08-05T11:20:05.567+0200] {processor.py:179} INFO - Processing /Users/felipe.vasconcelos/repos/courses/python-learnings/.venv/lib/python3.10/site-packages/airflow/example_dags/tutorial_taskflow_api_virtualenv.py took 1.404 seconds
[2023-08-05T11:22:30.631+0200] {processor.py:157} INFO - Started process (PID=83559) to work on /Users/felipe.vasconcelos/repos/courses/python-learnings/.venv/lib/python3.10/site-packages/airflow/example_dags/tutorial_taskflow_api_virtualenv.py
[2023-08-05T11:22:30.638+0200] {processor.py:826} INFO - Processing file /Users/felipe.vasconcelos/repos/courses/python-learnings/.venv/lib/python3.10/site-packages/airflow/example_dags/tutorial_taskflow_api_virtualenv.py for tasks to queue
[2023-08-05T11:22:30.638+0200] {logging_mixin.py:150} INFO - [2023-08-05T11:22:30.638+0200] {dagbag.py:541} INFO - Filling up the DagBag from /Users/felipe.vasconcelos/repos/courses/python-learnings/.venv/lib/python3.10/site-packages/airflow/example_dags/tutorial_taskflow_api_virtualenv.py
[2023-08-05T11:22:30.695+0200] {processor.py:836} INFO - DAG(s) dict_keys(['tutorial_taskflow_api_virtualenv']) retrieved from /Users/felipe.vasconcelos/repos/courses/python-learnings/.venv/lib/python3.10/site-packages/airflow/example_dags/tutorial_taskflow_api_virtualenv.py
[2023-08-05T11:22:31.512+0200] {logging_mixin.py:150} INFO - [2023-08-05T11:22:31.512+0200] {dag.py:2742} INFO - Sync 1 DAGs
[2023-08-05T11:22:31.533+0200] {logging_mixin.py:150} INFO - [2023-08-05T11:22:31.533+0200] {dag.py:3504} INFO - Setting next_dagrun for tutorial_taskflow_api_virtualenv to None, run_after=None
[2023-08-05T11:22:31.557+0200] {processor.py:179} INFO - Processing /Users/felipe.vasconcelos/repos/courses/python-learnings/.venv/lib/python3.10/site-packages/airflow/example_dags/tutorial_taskflow_api_virtualenv.py took 0.928 seconds
[2023-08-05T11:24:45.631+0200] {processor.py:157} INFO - Started process (PID=83612) to work on /Users/felipe.vasconcelos/repos/courses/python-learnings/.venv/lib/python3.10/site-packages/airflow/example_dags/tutorial_taskflow_api_virtualenv.py
[2023-08-05T11:24:45.638+0200] {processor.py:826} INFO - Processing file /Users/felipe.vasconcelos/repos/courses/python-learnings/.venv/lib/python3.10/site-packages/airflow/example_dags/tutorial_taskflow_api_virtualenv.py for tasks to queue
[2023-08-05T11:24:45.639+0200] {logging_mixin.py:150} INFO - [2023-08-05T11:24:45.639+0200] {dagbag.py:541} INFO - Filling up the DagBag from /Users/felipe.vasconcelos/repos/courses/python-learnings/.venv/lib/python3.10/site-packages/airflow/example_dags/tutorial_taskflow_api_virtualenv.py
[2023-08-05T11:24:45.699+0200] {processor.py:836} INFO - DAG(s) dict_keys(['tutorial_taskflow_api_virtualenv']) retrieved from /Users/felipe.vasconcelos/repos/courses/python-learnings/.venv/lib/python3.10/site-packages/airflow/example_dags/tutorial_taskflow_api_virtualenv.py
[2023-08-05T11:24:46.422+0200] {logging_mixin.py:150} INFO - [2023-08-05T11:24:46.421+0200] {dag.py:2742} INFO - Sync 1 DAGs
[2023-08-05T11:24:46.440+0200] {logging_mixin.py:150} INFO - [2023-08-05T11:24:46.439+0200] {dag.py:3504} INFO - Setting next_dagrun for tutorial_taskflow_api_virtualenv to None, run_after=None
[2023-08-05T11:24:46.460+0200] {processor.py:179} INFO - Processing /Users/felipe.vasconcelos/repos/courses/python-learnings/.venv/lib/python3.10/site-packages/airflow/example_dags/tutorial_taskflow_api_virtualenv.py took 0.830 seconds
[2023-08-05T11:26:53.145+0200] {processor.py:157} INFO - Started process (PID=83668) to work on /Users/felipe.vasconcelos/repos/courses/python-learnings/.venv/lib/python3.10/site-packages/airflow/example_dags/tutorial_taskflow_api_virtualenv.py
[2023-08-05T11:26:53.151+0200] {processor.py:826} INFO - Processing file /Users/felipe.vasconcelos/repos/courses/python-learnings/.venv/lib/python3.10/site-packages/airflow/example_dags/tutorial_taskflow_api_virtualenv.py for tasks to queue
[2023-08-05T11:26:53.152+0200] {logging_mixin.py:150} INFO - [2023-08-05T11:26:53.152+0200] {dagbag.py:541} INFO - Filling up the DagBag from /Users/felipe.vasconcelos/repos/courses/python-learnings/.venv/lib/python3.10/site-packages/airflow/example_dags/tutorial_taskflow_api_virtualenv.py
[2023-08-05T11:26:53.255+0200] {processor.py:836} INFO - DAG(s) dict_keys(['tutorial_taskflow_api_virtualenv']) retrieved from /Users/felipe.vasconcelos/repos/courses/python-learnings/.venv/lib/python3.10/site-packages/airflow/example_dags/tutorial_taskflow_api_virtualenv.py
[2023-08-05T11:26:54.084+0200] {logging_mixin.py:150} INFO - [2023-08-05T11:26:54.084+0200] {dag.py:2742} INFO - Sync 1 DAGs
[2023-08-05T11:26:54.106+0200] {logging_mixin.py:150} INFO - [2023-08-05T11:26:54.106+0200] {dag.py:3504} INFO - Setting next_dagrun for tutorial_taskflow_api_virtualenv to None, run_after=None
[2023-08-05T11:26:54.136+0200] {processor.py:179} INFO - Processing /Users/felipe.vasconcelos/repos/courses/python-learnings/.venv/lib/python3.10/site-packages/airflow/example_dags/tutorial_taskflow_api_virtualenv.py took 0.992 seconds
[2023-08-05T11:29:09.919+0200] {processor.py:157} INFO - Started process (PID=83726) to work on /Users/felipe.vasconcelos/repos/courses/python-learnings/.venv/lib/python3.10/site-packages/airflow/example_dags/tutorial_taskflow_api_virtualenv.py
[2023-08-05T11:29:09.925+0200] {processor.py:826} INFO - Processing file /Users/felipe.vasconcelos/repos/courses/python-learnings/.venv/lib/python3.10/site-packages/airflow/example_dags/tutorial_taskflow_api_virtualenv.py for tasks to queue
[2023-08-05T11:29:09.926+0200] {logging_mixin.py:150} INFO - [2023-08-05T11:29:09.926+0200] {dagbag.py:541} INFO - Filling up the DagBag from /Users/felipe.vasconcelos/repos/courses/python-learnings/.venv/lib/python3.10/site-packages/airflow/example_dags/tutorial_taskflow_api_virtualenv.py
[2023-08-05T11:29:10.001+0200] {processor.py:836} INFO - DAG(s) dict_keys(['tutorial_taskflow_api_virtualenv']) retrieved from /Users/felipe.vasconcelos/repos/courses/python-learnings/.venv/lib/python3.10/site-packages/airflow/example_dags/tutorial_taskflow_api_virtualenv.py
[2023-08-05T11:29:11.222+0200] {logging_mixin.py:150} INFO - [2023-08-05T11:29:11.222+0200] {dag.py:2742} INFO - Sync 1 DAGs
[2023-08-05T11:29:11.254+0200] {logging_mixin.py:150} INFO - [2023-08-05T11:29:11.253+0200] {dag.py:3504} INFO - Setting next_dagrun for tutorial_taskflow_api_virtualenv to None, run_after=None
[2023-08-05T11:29:11.319+0200] {processor.py:179} INFO - Processing /Users/felipe.vasconcelos/repos/courses/python-learnings/.venv/lib/python3.10/site-packages/airflow/example_dags/tutorial_taskflow_api_virtualenv.py took 1.401 seconds
[2023-08-05T11:32:02.661+0200] {processor.py:157} INFO - Started process (PID=83818) to work on /Users/felipe.vasconcelos/repos/courses/python-learnings/.venv/lib/python3.10/site-packages/airflow/example_dags/tutorial_taskflow_api_virtualenv.py
[2023-08-05T11:32:02.668+0200] {processor.py:826} INFO - Processing file /Users/felipe.vasconcelos/repos/courses/python-learnings/.venv/lib/python3.10/site-packages/airflow/example_dags/tutorial_taskflow_api_virtualenv.py for tasks to queue
[2023-08-05T11:32:02.668+0200] {logging_mixin.py:150} INFO - [2023-08-05T11:32:02.668+0200] {dagbag.py:541} INFO - Filling up the DagBag from /Users/felipe.vasconcelos/repos/courses/python-learnings/.venv/lib/python3.10/site-packages/airflow/example_dags/tutorial_taskflow_api_virtualenv.py
[2023-08-05T11:32:02.764+0200] {processor.py:836} INFO - DAG(s) dict_keys(['tutorial_taskflow_api_virtualenv']) retrieved from /Users/felipe.vasconcelos/repos/courses/python-learnings/.venv/lib/python3.10/site-packages/airflow/example_dags/tutorial_taskflow_api_virtualenv.py
[2023-08-05T11:32:03.726+0200] {logging_mixin.py:150} INFO - [2023-08-05T11:32:03.726+0200] {dag.py:2742} INFO - Sync 1 DAGs
[2023-08-05T11:32:03.754+0200] {logging_mixin.py:150} INFO - [2023-08-05T11:32:03.754+0200] {dag.py:3504} INFO - Setting next_dagrun for tutorial_taskflow_api_virtualenv to None, run_after=None
[2023-08-05T11:32:03.783+0200] {processor.py:179} INFO - Processing /Users/felipe.vasconcelos/repos/courses/python-learnings/.venv/lib/python3.10/site-packages/airflow/example_dags/tutorial_taskflow_api_virtualenv.py took 1.124 seconds
[2023-08-05T11:34:45.542+0200] {processor.py:157} INFO - Started process (PID=83914) to work on /Users/felipe.vasconcelos/repos/courses/python-learnings/.venv/lib/python3.10/site-packages/airflow/example_dags/tutorial_taskflow_api_virtualenv.py
[2023-08-05T11:34:45.549+0200] {processor.py:826} INFO - Processing file /Users/felipe.vasconcelos/repos/courses/python-learnings/.venv/lib/python3.10/site-packages/airflow/example_dags/tutorial_taskflow_api_virtualenv.py for tasks to queue
[2023-08-05T11:34:45.550+0200] {logging_mixin.py:150} INFO - [2023-08-05T11:34:45.549+0200] {dagbag.py:541} INFO - Filling up the DagBag from /Users/felipe.vasconcelos/repos/courses/python-learnings/.venv/lib/python3.10/site-packages/airflow/example_dags/tutorial_taskflow_api_virtualenv.py
[2023-08-05T11:34:45.629+0200] {processor.py:836} INFO - DAG(s) dict_keys(['tutorial_taskflow_api_virtualenv']) retrieved from /Users/felipe.vasconcelos/repos/courses/python-learnings/.venv/lib/python3.10/site-packages/airflow/example_dags/tutorial_taskflow_api_virtualenv.py
[2023-08-05T11:34:46.390+0200] {logging_mixin.py:150} INFO - [2023-08-05T11:34:46.390+0200] {dag.py:2742} INFO - Sync 1 DAGs
[2023-08-05T11:34:46.412+0200] {logging_mixin.py:150} INFO - [2023-08-05T11:34:46.412+0200] {dag.py:3504} INFO - Setting next_dagrun for tutorial_taskflow_api_virtualenv to None, run_after=None
[2023-08-05T11:34:46.437+0200] {processor.py:179} INFO - Processing /Users/felipe.vasconcelos/repos/courses/python-learnings/.venv/lib/python3.10/site-packages/airflow/example_dags/tutorial_taskflow_api_virtualenv.py took 0.897 seconds
[2023-08-05T11:37:00.218+0200] {processor.py:157} INFO - Started process (PID=83983) to work on /Users/felipe.vasconcelos/repos/courses/python-learnings/.venv/lib/python3.10/site-packages/airflow/example_dags/tutorial_taskflow_api_virtualenv.py
[2023-08-05T11:37:00.224+0200] {processor.py:826} INFO - Processing file /Users/felipe.vasconcelos/repos/courses/python-learnings/.venv/lib/python3.10/site-packages/airflow/example_dags/tutorial_taskflow_api_virtualenv.py for tasks to queue
[2023-08-05T11:37:00.225+0200] {logging_mixin.py:150} INFO - [2023-08-05T11:37:00.225+0200] {dagbag.py:541} INFO - Filling up the DagBag from /Users/felipe.vasconcelos/repos/courses/python-learnings/.venv/lib/python3.10/site-packages/airflow/example_dags/tutorial_taskflow_api_virtualenv.py
[2023-08-05T11:37:00.286+0200] {processor.py:836} INFO - DAG(s) dict_keys(['tutorial_taskflow_api_virtualenv']) retrieved from /Users/felipe.vasconcelos/repos/courses/python-learnings/.venv/lib/python3.10/site-packages/airflow/example_dags/tutorial_taskflow_api_virtualenv.py
[2023-08-05T11:37:01.005+0200] {logging_mixin.py:150} INFO - [2023-08-05T11:37:01.004+0200] {dag.py:2742} INFO - Sync 1 DAGs
[2023-08-05T11:37:01.022+0200] {logging_mixin.py:150} INFO - [2023-08-05T11:37:01.022+0200] {dag.py:3504} INFO - Setting next_dagrun for tutorial_taskflow_api_virtualenv to None, run_after=None
[2023-08-05T11:37:01.042+0200] {processor.py:179} INFO - Processing /Users/felipe.vasconcelos/repos/courses/python-learnings/.venv/lib/python3.10/site-packages/airflow/example_dags/tutorial_taskflow_api_virtualenv.py took 0.825 seconds
[2023-08-05T11:39:05.620+0200] {processor.py:157} INFO - Started process (PID=84043) to work on /Users/felipe.vasconcelos/repos/courses/python-learnings/.venv/lib/python3.10/site-packages/airflow/example_dags/tutorial_taskflow_api_virtualenv.py
[2023-08-05T11:39:05.625+0200] {processor.py:826} INFO - Processing file /Users/felipe.vasconcelos/repos/courses/python-learnings/.venv/lib/python3.10/site-packages/airflow/example_dags/tutorial_taskflow_api_virtualenv.py for tasks to queue
[2023-08-05T11:39:05.626+0200] {logging_mixin.py:150} INFO - [2023-08-05T11:39:05.626+0200] {dagbag.py:541} INFO - Filling up the DagBag from /Users/felipe.vasconcelos/repos/courses/python-learnings/.venv/lib/python3.10/site-packages/airflow/example_dags/tutorial_taskflow_api_virtualenv.py
[2023-08-05T11:39:05.681+0200] {processor.py:836} INFO - DAG(s) dict_keys(['tutorial_taskflow_api_virtualenv']) retrieved from /Users/felipe.vasconcelos/repos/courses/python-learnings/.venv/lib/python3.10/site-packages/airflow/example_dags/tutorial_taskflow_api_virtualenv.py
[2023-08-05T11:39:06.405+0200] {logging_mixin.py:150} INFO - [2023-08-05T11:39:06.405+0200] {dag.py:2742} INFO - Sync 1 DAGs
[2023-08-05T11:39:06.423+0200] {logging_mixin.py:150} INFO - [2023-08-05T11:39:06.422+0200] {dag.py:3504} INFO - Setting next_dagrun for tutorial_taskflow_api_virtualenv to None, run_after=None
[2023-08-05T11:39:06.442+0200] {processor.py:179} INFO - Processing /Users/felipe.vasconcelos/repos/courses/python-learnings/.venv/lib/python3.10/site-packages/airflow/example_dags/tutorial_taskflow_api_virtualenv.py took 0.823 seconds
[2023-08-05T11:41:20.717+0200] {processor.py:157} INFO - Started process (PID=84113) to work on /Users/felipe.vasconcelos/repos/courses/python-learnings/.venv/lib/python3.10/site-packages/airflow/example_dags/tutorial_taskflow_api_virtualenv.py
[2023-08-05T11:41:20.723+0200] {processor.py:826} INFO - Processing file /Users/felipe.vasconcelos/repos/courses/python-learnings/.venv/lib/python3.10/site-packages/airflow/example_dags/tutorial_taskflow_api_virtualenv.py for tasks to queue
[2023-08-05T11:41:20.724+0200] {logging_mixin.py:150} INFO - [2023-08-05T11:41:20.724+0200] {dagbag.py:541} INFO - Filling up the DagBag from /Users/felipe.vasconcelos/repos/courses/python-learnings/.venv/lib/python3.10/site-packages/airflow/example_dags/tutorial_taskflow_api_virtualenv.py
[2023-08-05T11:41:20.821+0200] {processor.py:836} INFO - DAG(s) dict_keys(['tutorial_taskflow_api_virtualenv']) retrieved from /Users/felipe.vasconcelos/repos/courses/python-learnings/.venv/lib/python3.10/site-packages/airflow/example_dags/tutorial_taskflow_api_virtualenv.py
[2023-08-05T11:41:21.638+0200] {logging_mixin.py:150} INFO - [2023-08-05T11:41:21.637+0200] {dag.py:2742} INFO - Sync 1 DAGs
[2023-08-05T11:41:21.658+0200] {logging_mixin.py:150} INFO - [2023-08-05T11:41:21.658+0200] {dag.py:3504} INFO - Setting next_dagrun for tutorial_taskflow_api_virtualenv to None, run_after=None
[2023-08-05T11:41:21.682+0200] {processor.py:179} INFO - Processing /Users/felipe.vasconcelos/repos/courses/python-learnings/.venv/lib/python3.10/site-packages/airflow/example_dags/tutorial_taskflow_api_virtualenv.py took 0.966 seconds
[2023-08-05T11:43:32.271+0200] {processor.py:157} INFO - Started process (PID=84174) to work on /Users/felipe.vasconcelos/repos/courses/python-learnings/.venv/lib/python3.10/site-packages/airflow/example_dags/tutorial_taskflow_api_virtualenv.py
[2023-08-05T11:43:32.277+0200] {processor.py:826} INFO - Processing file /Users/felipe.vasconcelos/repos/courses/python-learnings/.venv/lib/python3.10/site-packages/airflow/example_dags/tutorial_taskflow_api_virtualenv.py for tasks to queue
[2023-08-05T11:43:32.278+0200] {logging_mixin.py:150} INFO - [2023-08-05T11:43:32.278+0200] {dagbag.py:541} INFO - Filling up the DagBag from /Users/felipe.vasconcelos/repos/courses/python-learnings/.venv/lib/python3.10/site-packages/airflow/example_dags/tutorial_taskflow_api_virtualenv.py
[2023-08-05T11:43:32.341+0200] {processor.py:836} INFO - DAG(s) dict_keys(['tutorial_taskflow_api_virtualenv']) retrieved from /Users/felipe.vasconcelos/repos/courses/python-learnings/.venv/lib/python3.10/site-packages/airflow/example_dags/tutorial_taskflow_api_virtualenv.py
[2023-08-05T11:43:33.027+0200] {logging_mixin.py:150} INFO - [2023-08-05T11:43:33.027+0200] {dag.py:2742} INFO - Sync 1 DAGs
[2023-08-05T11:43:33.044+0200] {logging_mixin.py:150} INFO - [2023-08-05T11:43:33.044+0200] {dag.py:3504} INFO - Setting next_dagrun for tutorial_taskflow_api_virtualenv to None, run_after=None
[2023-08-05T11:43:33.062+0200] {processor.py:179} INFO - Processing /Users/felipe.vasconcelos/repos/courses/python-learnings/.venv/lib/python3.10/site-packages/airflow/example_dags/tutorial_taskflow_api_virtualenv.py took 0.792 seconds
[2023-08-05T11:45:35.971+0200] {processor.py:157} INFO - Started process (PID=84240) to work on /Users/felipe.vasconcelos/repos/courses/python-learnings/.venv/lib/python3.10/site-packages/airflow/example_dags/tutorial_taskflow_api_virtualenv.py
[2023-08-05T11:45:35.976+0200] {processor.py:826} INFO - Processing file /Users/felipe.vasconcelos/repos/courses/python-learnings/.venv/lib/python3.10/site-packages/airflow/example_dags/tutorial_taskflow_api_virtualenv.py for tasks to queue
[2023-08-05T11:45:35.977+0200] {logging_mixin.py:150} INFO - [2023-08-05T11:45:35.977+0200] {dagbag.py:541} INFO - Filling up the DagBag from /Users/felipe.vasconcelos/repos/courses/python-learnings/.venv/lib/python3.10/site-packages/airflow/example_dags/tutorial_taskflow_api_virtualenv.py
[2023-08-05T11:45:36.071+0200] {processor.py:836} INFO - DAG(s) dict_keys(['tutorial_taskflow_api_virtualenv']) retrieved from /Users/felipe.vasconcelos/repos/courses/python-learnings/.venv/lib/python3.10/site-packages/airflow/example_dags/tutorial_taskflow_api_virtualenv.py
[2023-08-05T11:45:36.822+0200] {logging_mixin.py:150} INFO - [2023-08-05T11:45:36.822+0200] {dag.py:2742} INFO - Sync 1 DAGs
[2023-08-05T11:45:36.839+0200] {logging_mixin.py:150} INFO - [2023-08-05T11:45:36.839+0200] {dag.py:3504} INFO - Setting next_dagrun for tutorial_taskflow_api_virtualenv to None, run_after=None
[2023-08-05T11:45:36.861+0200] {processor.py:179} INFO - Processing /Users/felipe.vasconcelos/repos/courses/python-learnings/.venv/lib/python3.10/site-packages/airflow/example_dags/tutorial_taskflow_api_virtualenv.py took 0.891 seconds
[2023-08-05T11:48:12.997+0200] {processor.py:157} INFO - Started process (PID=84332) to work on /Users/felipe.vasconcelos/repos/courses/python-learnings/.venv/lib/python3.10/site-packages/airflow/example_dags/tutorial_taskflow_api_virtualenv.py
[2023-08-05T11:48:13.004+0200] {processor.py:826} INFO - Processing file /Users/felipe.vasconcelos/repos/courses/python-learnings/.venv/lib/python3.10/site-packages/airflow/example_dags/tutorial_taskflow_api_virtualenv.py for tasks to queue
[2023-08-05T11:48:13.005+0200] {logging_mixin.py:150} INFO - [2023-08-05T11:48:13.004+0200] {dagbag.py:541} INFO - Filling up the DagBag from /Users/felipe.vasconcelos/repos/courses/python-learnings/.venv/lib/python3.10/site-packages/airflow/example_dags/tutorial_taskflow_api_virtualenv.py
[2023-08-05T11:48:13.093+0200] {processor.py:836} INFO - DAG(s) dict_keys(['tutorial_taskflow_api_virtualenv']) retrieved from /Users/felipe.vasconcelos/repos/courses/python-learnings/.venv/lib/python3.10/site-packages/airflow/example_dags/tutorial_taskflow_api_virtualenv.py
[2023-08-05T11:48:13.963+0200] {logging_mixin.py:150} INFO - [2023-08-05T11:48:13.963+0200] {dag.py:2742} INFO - Sync 1 DAGs
[2023-08-05T11:48:14.001+0200] {logging_mixin.py:150} INFO - [2023-08-05T11:48:14.001+0200] {dag.py:3504} INFO - Setting next_dagrun for tutorial_taskflow_api_virtualenv to None, run_after=None
[2023-08-05T11:48:14.403+0200] {processor.py:179} INFO - Processing /Users/felipe.vasconcelos/repos/courses/python-learnings/.venv/lib/python3.10/site-packages/airflow/example_dags/tutorial_taskflow_api_virtualenv.py took 1.407 seconds
[2023-08-05T11:50:51.542+0200] {processor.py:157} INFO - Started process (PID=84418) to work on /Users/felipe.vasconcelos/repos/courses/python-learnings/.venv/lib/python3.10/site-packages/airflow/example_dags/tutorial_taskflow_api_virtualenv.py
[2023-08-05T11:50:51.548+0200] {processor.py:826} INFO - Processing file /Users/felipe.vasconcelos/repos/courses/python-learnings/.venv/lib/python3.10/site-packages/airflow/example_dags/tutorial_taskflow_api_virtualenv.py for tasks to queue
[2023-08-05T11:50:51.549+0200] {logging_mixin.py:150} INFO - [2023-08-05T11:50:51.549+0200] {dagbag.py:541} INFO - Filling up the DagBag from /Users/felipe.vasconcelos/repos/courses/python-learnings/.venv/lib/python3.10/site-packages/airflow/example_dags/tutorial_taskflow_api_virtualenv.py
[2023-08-05T11:50:51.606+0200] {processor.py:836} INFO - DAG(s) dict_keys(['tutorial_taskflow_api_virtualenv']) retrieved from /Users/felipe.vasconcelos/repos/courses/python-learnings/.venv/lib/python3.10/site-packages/airflow/example_dags/tutorial_taskflow_api_virtualenv.py
[2023-08-05T11:50:52.285+0200] {logging_mixin.py:150} INFO - [2023-08-05T11:50:52.285+0200] {dag.py:2742} INFO - Sync 1 DAGs
[2023-08-05T11:50:52.303+0200] {logging_mixin.py:150} INFO - [2023-08-05T11:50:52.303+0200] {dag.py:3504} INFO - Setting next_dagrun for tutorial_taskflow_api_virtualenv to None, run_after=None
[2023-08-05T11:50:52.326+0200] {processor.py:179} INFO - Processing /Users/felipe.vasconcelos/repos/courses/python-learnings/.venv/lib/python3.10/site-packages/airflow/example_dags/tutorial_taskflow_api_virtualenv.py took 0.785 seconds
[2023-08-05T11:53:00.909+0200] {processor.py:157} INFO - Started process (PID=84476) to work on /Users/felipe.vasconcelos/repos/courses/python-learnings/.venv/lib/python3.10/site-packages/airflow/example_dags/tutorial_taskflow_api_virtualenv.py
[2023-08-05T11:53:00.915+0200] {processor.py:826} INFO - Processing file /Users/felipe.vasconcelos/repos/courses/python-learnings/.venv/lib/python3.10/site-packages/airflow/example_dags/tutorial_taskflow_api_virtualenv.py for tasks to queue
[2023-08-05T11:53:00.916+0200] {logging_mixin.py:150} INFO - [2023-08-05T11:53:00.916+0200] {dagbag.py:541} INFO - Filling up the DagBag from /Users/felipe.vasconcelos/repos/courses/python-learnings/.venv/lib/python3.10/site-packages/airflow/example_dags/tutorial_taskflow_api_virtualenv.py
[2023-08-05T11:53:01.028+0200] {processor.py:836} INFO - DAG(s) dict_keys(['tutorial_taskflow_api_virtualenv']) retrieved from /Users/felipe.vasconcelos/repos/courses/python-learnings/.venv/lib/python3.10/site-packages/airflow/example_dags/tutorial_taskflow_api_virtualenv.py
[2023-08-05T11:53:01.769+0200] {logging_mixin.py:150} INFO - [2023-08-05T11:53:01.769+0200] {dag.py:2742} INFO - Sync 1 DAGs
[2023-08-05T11:53:01.789+0200] {logging_mixin.py:150} INFO - [2023-08-05T11:53:01.789+0200] {dag.py:3504} INFO - Setting next_dagrun for tutorial_taskflow_api_virtualenv to None, run_after=None
[2023-08-05T11:53:01.811+0200] {processor.py:179} INFO - Processing /Users/felipe.vasconcelos/repos/courses/python-learnings/.venv/lib/python3.10/site-packages/airflow/example_dags/tutorial_taskflow_api_virtualenv.py took 0.904 seconds
[2023-08-05T11:55:11.235+0200] {processor.py:157} INFO - Started process (PID=84542) to work on /Users/felipe.vasconcelos/repos/courses/python-learnings/.venv/lib/python3.10/site-packages/airflow/example_dags/tutorial_taskflow_api_virtualenv.py
[2023-08-05T11:55:11.243+0200] {processor.py:826} INFO - Processing file /Users/felipe.vasconcelos/repos/courses/python-learnings/.venv/lib/python3.10/site-packages/airflow/example_dags/tutorial_taskflow_api_virtualenv.py for tasks to queue
[2023-08-05T11:55:11.244+0200] {logging_mixin.py:150} INFO - [2023-08-05T11:55:11.244+0200] {dagbag.py:541} INFO - Filling up the DagBag from /Users/felipe.vasconcelos/repos/courses/python-learnings/.venv/lib/python3.10/site-packages/airflow/example_dags/tutorial_taskflow_api_virtualenv.py
[2023-08-05T11:55:11.302+0200] {processor.py:836} INFO - DAG(s) dict_keys(['tutorial_taskflow_api_virtualenv']) retrieved from /Users/felipe.vasconcelos/repos/courses/python-learnings/.venv/lib/python3.10/site-packages/airflow/example_dags/tutorial_taskflow_api_virtualenv.py
[2023-08-05T11:55:12.205+0200] {logging_mixin.py:150} INFO - [2023-08-05T11:55:12.205+0200] {dag.py:2742} INFO - Sync 1 DAGs
[2023-08-05T11:55:12.237+0200] {logging_mixin.py:150} INFO - [2023-08-05T11:55:12.237+0200] {dag.py:3504} INFO - Setting next_dagrun for tutorial_taskflow_api_virtualenv to None, run_after=None
[2023-08-05T11:55:12.259+0200] {processor.py:179} INFO - Processing /Users/felipe.vasconcelos/repos/courses/python-learnings/.venv/lib/python3.10/site-packages/airflow/example_dags/tutorial_taskflow_api_virtualenv.py took 1.025 seconds
[2023-08-05T11:57:11.239+0200] {processor.py:157} INFO - Started process (PID=84602) to work on /Users/felipe.vasconcelos/repos/courses/python-learnings/.venv/lib/python3.10/site-packages/airflow/example_dags/tutorial_taskflow_api_virtualenv.py
[2023-08-05T11:57:11.245+0200] {processor.py:826} INFO - Processing file /Users/felipe.vasconcelos/repos/courses/python-learnings/.venv/lib/python3.10/site-packages/airflow/example_dags/tutorial_taskflow_api_virtualenv.py for tasks to queue
[2023-08-05T11:57:11.246+0200] {logging_mixin.py:150} INFO - [2023-08-05T11:57:11.246+0200] {dagbag.py:541} INFO - Filling up the DagBag from /Users/felipe.vasconcelos/repos/courses/python-learnings/.venv/lib/python3.10/site-packages/airflow/example_dags/tutorial_taskflow_api_virtualenv.py
[2023-08-05T11:57:11.344+0200] {processor.py:836} INFO - DAG(s) dict_keys(['tutorial_taskflow_api_virtualenv']) retrieved from /Users/felipe.vasconcelos/repos/courses/python-learnings/.venv/lib/python3.10/site-packages/airflow/example_dags/tutorial_taskflow_api_virtualenv.py
[2023-08-05T11:57:12.098+0200] {logging_mixin.py:150} INFO - [2023-08-05T11:57:12.098+0200] {dag.py:2742} INFO - Sync 1 DAGs
[2023-08-05T11:57:12.122+0200] {logging_mixin.py:150} INFO - [2023-08-05T11:57:12.122+0200] {dag.py:3504} INFO - Setting next_dagrun for tutorial_taskflow_api_virtualenv to None, run_after=None
[2023-08-05T11:57:12.144+0200] {processor.py:179} INFO - Processing /Users/felipe.vasconcelos/repos/courses/python-learnings/.venv/lib/python3.10/site-packages/airflow/example_dags/tutorial_taskflow_api_virtualenv.py took 0.906 seconds
[2023-08-05T11:59:49.107+0200] {processor.py:157} INFO - Started process (PID=84686) to work on /Users/felipe.vasconcelos/repos/courses/python-learnings/.venv/lib/python3.10/site-packages/airflow/example_dags/tutorial_taskflow_api_virtualenv.py
[2023-08-05T11:59:49.115+0200] {processor.py:826} INFO - Processing file /Users/felipe.vasconcelos/repos/courses/python-learnings/.venv/lib/python3.10/site-packages/airflow/example_dags/tutorial_taskflow_api_virtualenv.py for tasks to queue
[2023-08-05T11:59:49.116+0200] {logging_mixin.py:150} INFO - [2023-08-05T11:59:49.116+0200] {dagbag.py:541} INFO - Filling up the DagBag from /Users/felipe.vasconcelos/repos/courses/python-learnings/.venv/lib/python3.10/site-packages/airflow/example_dags/tutorial_taskflow_api_virtualenv.py
[2023-08-05T11:59:49.225+0200] {processor.py:836} INFO - DAG(s) dict_keys(['tutorial_taskflow_api_virtualenv']) retrieved from /Users/felipe.vasconcelos/repos/courses/python-learnings/.venv/lib/python3.10/site-packages/airflow/example_dags/tutorial_taskflow_api_virtualenv.py
[2023-08-05T11:59:50.903+0200] {logging_mixin.py:150} INFO - [2023-08-05T11:59:50.902+0200] {dag.py:2742} INFO - Sync 1 DAGs
[2023-08-05T11:59:50.939+0200] {logging_mixin.py:150} INFO - [2023-08-05T11:59:50.939+0200] {dag.py:3504} INFO - Setting next_dagrun for tutorial_taskflow_api_virtualenv to None, run_after=None
[2023-08-05T11:59:50.967+0200] {processor.py:179} INFO - Processing /Users/felipe.vasconcelos/repos/courses/python-learnings/.venv/lib/python3.10/site-packages/airflow/example_dags/tutorial_taskflow_api_virtualenv.py took 1.861 seconds
[2023-08-05T12:03:44.404+0200] {processor.py:157} INFO - Started process (PID=84854) to work on /Users/felipe.vasconcelos/repos/courses/python-learnings/.venv/lib/python3.10/site-packages/airflow/example_dags/tutorial_taskflow_api_virtualenv.py
[2023-08-05T12:03:44.418+0200] {processor.py:826} INFO - Processing file /Users/felipe.vasconcelos/repos/courses/python-learnings/.venv/lib/python3.10/site-packages/airflow/example_dags/tutorial_taskflow_api_virtualenv.py for tasks to queue
[2023-08-05T12:03:44.419+0200] {logging_mixin.py:150} INFO - [2023-08-05T12:03:44.419+0200] {dagbag.py:541} INFO - Filling up the DagBag from /Users/felipe.vasconcelos/repos/courses/python-learnings/.venv/lib/python3.10/site-packages/airflow/example_dags/tutorial_taskflow_api_virtualenv.py
[2023-08-05T12:03:44.525+0200] {processor.py:836} INFO - DAG(s) dict_keys(['tutorial_taskflow_api_virtualenv']) retrieved from /Users/felipe.vasconcelos/repos/courses/python-learnings/.venv/lib/python3.10/site-packages/airflow/example_dags/tutorial_taskflow_api_virtualenv.py
[2023-08-05T12:03:46.360+0200] {logging_mixin.py:150} INFO - [2023-08-05T12:03:46.359+0200] {dag.py:2742} INFO - Sync 1 DAGs
[2023-08-05T12:03:46.392+0200] {logging_mixin.py:150} INFO - [2023-08-05T12:03:46.392+0200] {dag.py:3504} INFO - Setting next_dagrun for tutorial_taskflow_api_virtualenv to None, run_after=None
[2023-08-05T12:03:46.425+0200] {processor.py:179} INFO - Processing /Users/felipe.vasconcelos/repos/courses/python-learnings/.venv/lib/python3.10/site-packages/airflow/example_dags/tutorial_taskflow_api_virtualenv.py took 2.022 seconds
