[2023-08-05T10:37:29.301+0200] {processor.py:157} INFO - Started process (PID=82562) to work on /Users/felipe.vasconcelos/repos/courses/python-learnings/.venv/lib/python3.10/site-packages/airflow/example_dags/tutorial_taskflow_api.py
[2023-08-05T10:37:29.313+0200] {processor.py:826} INFO - Processing file /Users/felipe.vasconcelos/repos/courses/python-learnings/.venv/lib/python3.10/site-packages/airflow/example_dags/tutorial_taskflow_api.py for tasks to queue
[2023-08-05T10:37:29.314+0200] {logging_mixin.py:150} INFO - [2023-08-05T10:37:29.314+0200] {dagbag.py:541} INFO - Filling up the DagBag from /Users/felipe.vasconcelos/repos/courses/python-learnings/.venv/lib/python3.10/site-packages/airflow/example_dags/tutorial_taskflow_api.py
[2023-08-05T10:37:29.600+0200] {processor.py:836} INFO - DAG(s) dict_keys(['tutorial_taskflow_api']) retrieved from /Users/felipe.vasconcelos/repos/courses/python-learnings/.venv/lib/python3.10/site-packages/airflow/example_dags/tutorial_taskflow_api.py
[2023-08-05T10:37:33.947+0200] {logging_mixin.py:150} INFO - [2023-08-05T10:37:33.947+0200] {manager.py:504} INFO - Created Permission View: can read on DAG:tutorial_taskflow_api
[2023-08-05T10:37:33.966+0200] {logging_mixin.py:150} INFO - [2023-08-05T10:37:33.965+0200] {manager.py:504} INFO - Created Permission View: can delete on DAG:tutorial_taskflow_api
[2023-08-05T10:37:33.983+0200] {logging_mixin.py:150} INFO - [2023-08-05T10:37:33.983+0200] {manager.py:504} INFO - Created Permission View: can edit on DAG:tutorial_taskflow_api
[2023-08-05T10:37:34.019+0200] {logging_mixin.py:150} INFO - [2023-08-05T10:37:34.019+0200] {dag.py:2742} INFO - Sync 1 DAGs
[2023-08-05T10:37:34.057+0200] {logging_mixin.py:150} INFO - [2023-08-05T10:37:34.056+0200] {dag.py:2763} INFO - Creating ORM DAG for tutorial_taskflow_api
[2023-08-05T10:37:34.169+0200] {logging_mixin.py:150} INFO - [2023-08-05T10:37:34.168+0200] {dag.py:3504} INFO - Setting next_dagrun for tutorial_taskflow_api to None, run_after=None
[2023-08-05T10:37:34.267+0200] {processor.py:179} INFO - Processing /Users/felipe.vasconcelos/repos/courses/python-learnings/.venv/lib/python3.10/site-packages/airflow/example_dags/tutorial_taskflow_api.py took 4.969 seconds
[2023-08-05T10:41:52.972+0200] {processor.py:157} INFO - Started process (PID=82654) to work on /Users/felipe.vasconcelos/repos/courses/python-learnings/.venv/lib/python3.10/site-packages/airflow/example_dags/tutorial_taskflow_api.py
[2023-08-05T10:41:52.978+0200] {processor.py:826} INFO - Processing file /Users/felipe.vasconcelos/repos/courses/python-learnings/.venv/lib/python3.10/site-packages/airflow/example_dags/tutorial_taskflow_api.py for tasks to queue
[2023-08-05T10:41:52.979+0200] {logging_mixin.py:150} INFO - [2023-08-05T10:41:52.979+0200] {dagbag.py:541} INFO - Filling up the DagBag from /Users/felipe.vasconcelos/repos/courses/python-learnings/.venv/lib/python3.10/site-packages/airflow/example_dags/tutorial_taskflow_api.py
[2023-08-05T10:41:53.041+0200] {processor.py:836} INFO - DAG(s) dict_keys(['tutorial_taskflow_api']) retrieved from /Users/felipe.vasconcelos/repos/courses/python-learnings/.venv/lib/python3.10/site-packages/airflow/example_dags/tutorial_taskflow_api.py
[2023-08-05T10:41:53.764+0200] {logging_mixin.py:150} INFO - [2023-08-05T10:41:53.764+0200] {dag.py:2742} INFO - Sync 1 DAGs
[2023-08-05T10:41:53.783+0200] {logging_mixin.py:150} INFO - [2023-08-05T10:41:53.782+0200] {dag.py:3504} INFO - Setting next_dagrun for tutorial_taskflow_api to None, run_after=None
[2023-08-05T10:41:53.801+0200] {processor.py:179} INFO - Processing /Users/felipe.vasconcelos/repos/courses/python-learnings/.venv/lib/python3.10/site-packages/airflow/example_dags/tutorial_taskflow_api.py took 0.831 seconds
[2023-08-05T10:45:26.776+0200] {processor.py:157} INFO - Started process (PID=82757) to work on /Users/felipe.vasconcelos/repos/courses/python-learnings/.venv/lib/python3.10/site-packages/airflow/example_dags/tutorial_taskflow_api.py
[2023-08-05T10:45:26.794+0200] {processor.py:826} INFO - Processing file /Users/felipe.vasconcelos/repos/courses/python-learnings/.venv/lib/python3.10/site-packages/airflow/example_dags/tutorial_taskflow_api.py for tasks to queue
[2023-08-05T10:45:26.795+0200] {logging_mixin.py:150} INFO - [2023-08-05T10:45:26.794+0200] {dagbag.py:541} INFO - Filling up the DagBag from /Users/felipe.vasconcelos/repos/courses/python-learnings/.venv/lib/python3.10/site-packages/airflow/example_dags/tutorial_taskflow_api.py
[2023-08-05T10:45:26.996+0200] {processor.py:836} INFO - DAG(s) dict_keys(['tutorial_taskflow_api']) retrieved from /Users/felipe.vasconcelos/repos/courses/python-learnings/.venv/lib/python3.10/site-packages/airflow/example_dags/tutorial_taskflow_api.py
[2023-08-05T10:45:29.741+0200] {logging_mixin.py:150} INFO - [2023-08-05T10:45:29.740+0200] {dag.py:2742} INFO - Sync 1 DAGs
[2023-08-05T10:45:29.786+0200] {logging_mixin.py:150} INFO - [2023-08-05T10:45:29.785+0200] {dag.py:3504} INFO - Setting next_dagrun for tutorial_taskflow_api to None, run_after=None
[2023-08-05T10:45:29.836+0200] {processor.py:179} INFO - Processing /Users/felipe.vasconcelos/repos/courses/python-learnings/.venv/lib/python3.10/site-packages/airflow/example_dags/tutorial_taskflow_api.py took 3.062 seconds
[2023-08-05T10:48:07.642+0200] {processor.py:157} INFO - Started process (PID=82860) to work on /Users/felipe.vasconcelos/repos/courses/python-learnings/.venv/lib/python3.10/site-packages/airflow/example_dags/tutorial_taskflow_api.py
[2023-08-05T10:48:07.828+0200] {processor.py:826} INFO - Processing file /Users/felipe.vasconcelos/repos/courses/python-learnings/.venv/lib/python3.10/site-packages/airflow/example_dags/tutorial_taskflow_api.py for tasks to queue
[2023-08-05T10:48:07.832+0200] {logging_mixin.py:150} INFO - [2023-08-05T10:48:07.831+0200] {dagbag.py:541} INFO - Filling up the DagBag from /Users/felipe.vasconcelos/repos/courses/python-learnings/.venv/lib/python3.10/site-packages/airflow/example_dags/tutorial_taskflow_api.py
[2023-08-05T10:48:08.672+0200] {processor.py:836} INFO - DAG(s) dict_keys(['tutorial_taskflow_api']) retrieved from /Users/felipe.vasconcelos/repos/courses/python-learnings/.venv/lib/python3.10/site-packages/airflow/example_dags/tutorial_taskflow_api.py
[2023-08-05T10:48:10.198+0200] {logging_mixin.py:150} INFO - [2023-08-05T10:48:10.198+0200] {dag.py:2742} INFO - Sync 1 DAGs
[2023-08-05T10:48:10.215+0200] {logging_mixin.py:150} INFO - [2023-08-05T10:48:10.215+0200] {dag.py:3504} INFO - Setting next_dagrun for tutorial_taskflow_api to None, run_after=None
[2023-08-05T10:48:10.238+0200] {processor.py:179} INFO - Processing /Users/felipe.vasconcelos/repos/courses/python-learnings/.venv/lib/python3.10/site-packages/airflow/example_dags/tutorial_taskflow_api.py took 2.597 seconds
[2023-08-05T10:50:20.285+0200] {processor.py:157} INFO - Started process (PID=82921) to work on /Users/felipe.vasconcelos/repos/courses/python-learnings/.venv/lib/python3.10/site-packages/airflow/example_dags/tutorial_taskflow_api.py
[2023-08-05T10:50:20.292+0200] {processor.py:826} INFO - Processing file /Users/felipe.vasconcelos/repos/courses/python-learnings/.venv/lib/python3.10/site-packages/airflow/example_dags/tutorial_taskflow_api.py for tasks to queue
[2023-08-05T10:50:20.293+0200] {logging_mixin.py:150} INFO - [2023-08-05T10:50:20.293+0200] {dagbag.py:541} INFO - Filling up the DagBag from /Users/felipe.vasconcelos/repos/courses/python-learnings/.venv/lib/python3.10/site-packages/airflow/example_dags/tutorial_taskflow_api.py
[2023-08-05T10:50:20.351+0200] {processor.py:836} INFO - DAG(s) dict_keys(['tutorial_taskflow_api']) retrieved from /Users/felipe.vasconcelos/repos/courses/python-learnings/.venv/lib/python3.10/site-packages/airflow/example_dags/tutorial_taskflow_api.py
[2023-08-05T10:50:21.462+0200] {logging_mixin.py:150} INFO - [2023-08-05T10:50:21.462+0200] {dag.py:2742} INFO - Sync 1 DAGs
[2023-08-05T10:50:21.487+0200] {logging_mixin.py:150} INFO - [2023-08-05T10:50:21.487+0200] {dag.py:3504} INFO - Setting next_dagrun for tutorial_taskflow_api to None, run_after=None
[2023-08-05T10:50:21.510+0200] {processor.py:179} INFO - Processing /Users/felipe.vasconcelos/repos/courses/python-learnings/.venv/lib/python3.10/site-packages/airflow/example_dags/tutorial_taskflow_api.py took 1.226 seconds
[2023-08-05T10:52:40.397+0200] {processor.py:157} INFO - Started process (PID=82987) to work on /Users/felipe.vasconcelos/repos/courses/python-learnings/.venv/lib/python3.10/site-packages/airflow/example_dags/tutorial_taskflow_api.py
[2023-08-05T10:52:40.404+0200] {processor.py:826} INFO - Processing file /Users/felipe.vasconcelos/repos/courses/python-learnings/.venv/lib/python3.10/site-packages/airflow/example_dags/tutorial_taskflow_api.py for tasks to queue
[2023-08-05T10:52:40.405+0200] {logging_mixin.py:150} INFO - [2023-08-05T10:52:40.404+0200] {dagbag.py:541} INFO - Filling up the DagBag from /Users/felipe.vasconcelos/repos/courses/python-learnings/.venv/lib/python3.10/site-packages/airflow/example_dags/tutorial_taskflow_api.py
[2023-08-05T10:52:40.462+0200] {processor.py:836} INFO - DAG(s) dict_keys(['tutorial_taskflow_api']) retrieved from /Users/felipe.vasconcelos/repos/courses/python-learnings/.venv/lib/python3.10/site-packages/airflow/example_dags/tutorial_taskflow_api.py
[2023-08-05T10:52:41.163+0200] {logging_mixin.py:150} INFO - [2023-08-05T10:52:41.163+0200] {dag.py:2742} INFO - Sync 1 DAGs
[2023-08-05T10:52:41.180+0200] {logging_mixin.py:150} INFO - [2023-08-05T10:52:41.180+0200] {dag.py:3504} INFO - Setting next_dagrun for tutorial_taskflow_api to None, run_after=None
[2023-08-05T10:52:41.200+0200] {processor.py:179} INFO - Processing /Users/felipe.vasconcelos/repos/courses/python-learnings/.venv/lib/python3.10/site-packages/airflow/example_dags/tutorial_taskflow_api.py took 0.803 seconds
[2023-08-05T10:54:52.709+0200] {processor.py:157} INFO - Started process (PID=83044) to work on /Users/felipe.vasconcelos/repos/courses/python-learnings/.venv/lib/python3.10/site-packages/airflow/example_dags/tutorial_taskflow_api.py
[2023-08-05T10:54:52.715+0200] {processor.py:826} INFO - Processing file /Users/felipe.vasconcelos/repos/courses/python-learnings/.venv/lib/python3.10/site-packages/airflow/example_dags/tutorial_taskflow_api.py for tasks to queue
[2023-08-05T10:54:52.716+0200] {logging_mixin.py:150} INFO - [2023-08-05T10:54:52.716+0200] {dagbag.py:541} INFO - Filling up the DagBag from /Users/felipe.vasconcelos/repos/courses/python-learnings/.venv/lib/python3.10/site-packages/airflow/example_dags/tutorial_taskflow_api.py
[2023-08-05T10:54:52.773+0200] {processor.py:836} INFO - DAG(s) dict_keys(['tutorial_taskflow_api']) retrieved from /Users/felipe.vasconcelos/repos/courses/python-learnings/.venv/lib/python3.10/site-packages/airflow/example_dags/tutorial_taskflow_api.py
[2023-08-05T10:54:53.454+0200] {logging_mixin.py:150} INFO - [2023-08-05T10:54:53.454+0200] {dag.py:2742} INFO - Sync 1 DAGs
[2023-08-05T10:54:53.471+0200] {logging_mixin.py:150} INFO - [2023-08-05T10:54:53.470+0200] {dag.py:3504} INFO - Setting next_dagrun for tutorial_taskflow_api to None, run_after=None
[2023-08-05T10:54:53.492+0200] {processor.py:179} INFO - Processing /Users/felipe.vasconcelos/repos/courses/python-learnings/.venv/lib/python3.10/site-packages/airflow/example_dags/tutorial_taskflow_api.py took 0.784 seconds
[2023-08-05T10:57:02.316+0200] {processor.py:157} INFO - Started process (PID=83106) to work on /Users/felipe.vasconcelos/repos/courses/python-learnings/.venv/lib/python3.10/site-packages/airflow/example_dags/tutorial_taskflow_api.py
[2023-08-05T10:57:02.322+0200] {processor.py:826} INFO - Processing file /Users/felipe.vasconcelos/repos/courses/python-learnings/.venv/lib/python3.10/site-packages/airflow/example_dags/tutorial_taskflow_api.py for tasks to queue
[2023-08-05T10:57:02.324+0200] {logging_mixin.py:150} INFO - [2023-08-05T10:57:02.324+0200] {dagbag.py:541} INFO - Filling up the DagBag from /Users/felipe.vasconcelos/repos/courses/python-learnings/.venv/lib/python3.10/site-packages/airflow/example_dags/tutorial_taskflow_api.py
[2023-08-05T10:57:02.399+0200] {processor.py:836} INFO - DAG(s) dict_keys(['tutorial_taskflow_api']) retrieved from /Users/felipe.vasconcelos/repos/courses/python-learnings/.venv/lib/python3.10/site-packages/airflow/example_dags/tutorial_taskflow_api.py
[2023-08-05T10:57:03.223+0200] {logging_mixin.py:150} INFO - [2023-08-05T10:57:03.223+0200] {dag.py:2742} INFO - Sync 1 DAGs
[2023-08-05T10:57:03.241+0200] {logging_mixin.py:150} INFO - [2023-08-05T10:57:03.241+0200] {dag.py:3504} INFO - Setting next_dagrun for tutorial_taskflow_api to None, run_after=None
[2023-08-05T10:57:03.262+0200] {processor.py:179} INFO - Processing /Users/felipe.vasconcelos/repos/courses/python-learnings/.venv/lib/python3.10/site-packages/airflow/example_dags/tutorial_taskflow_api.py took 0.947 seconds
[2023-08-05T10:59:18.083+0200] {processor.py:157} INFO - Started process (PID=83173) to work on /Users/felipe.vasconcelos/repos/courses/python-learnings/.venv/lib/python3.10/site-packages/airflow/example_dags/tutorial_taskflow_api.py
[2023-08-05T10:59:18.090+0200] {processor.py:826} INFO - Processing file /Users/felipe.vasconcelos/repos/courses/python-learnings/.venv/lib/python3.10/site-packages/airflow/example_dags/tutorial_taskflow_api.py for tasks to queue
[2023-08-05T10:59:18.091+0200] {logging_mixin.py:150} INFO - [2023-08-05T10:59:18.091+0200] {dagbag.py:541} INFO - Filling up the DagBag from /Users/felipe.vasconcelos/repos/courses/python-learnings/.venv/lib/python3.10/site-packages/airflow/example_dags/tutorial_taskflow_api.py
[2023-08-05T10:59:18.149+0200] {processor.py:836} INFO - DAG(s) dict_keys(['tutorial_taskflow_api']) retrieved from /Users/felipe.vasconcelos/repos/courses/python-learnings/.venv/lib/python3.10/site-packages/airflow/example_dags/tutorial_taskflow_api.py
[2023-08-05T10:59:19.066+0200] {logging_mixin.py:150} INFO - [2023-08-05T10:59:19.066+0200] {dag.py:2742} INFO - Sync 1 DAGs
[2023-08-05T10:59:19.086+0200] {logging_mixin.py:150} INFO - [2023-08-05T10:59:19.086+0200] {dag.py:3504} INFO - Setting next_dagrun for tutorial_taskflow_api to None, run_after=None
[2023-08-05T10:59:19.110+0200] {processor.py:179} INFO - Processing /Users/felipe.vasconcelos/repos/courses/python-learnings/.venv/lib/python3.10/site-packages/airflow/example_dags/tutorial_taskflow_api.py took 1.029 seconds
[2023-08-05T11:13:41.509+0200] {processor.py:157} INFO - Started process (PID=83309) to work on /Users/felipe.vasconcelos/repos/courses/python-learnings/.venv/lib/python3.10/site-packages/airflow/example_dags/tutorial_taskflow_api.py
[2023-08-05T11:13:41.516+0200] {processor.py:826} INFO - Processing file /Users/felipe.vasconcelos/repos/courses/python-learnings/.venv/lib/python3.10/site-packages/airflow/example_dags/tutorial_taskflow_api.py for tasks to queue
[2023-08-05T11:13:41.517+0200] {logging_mixin.py:150} INFO - [2023-08-05T11:13:41.517+0200] {dagbag.py:541} INFO - Filling up the DagBag from /Users/felipe.vasconcelos/repos/courses/python-learnings/.venv/lib/python3.10/site-packages/airflow/example_dags/tutorial_taskflow_api.py
[2023-08-05T11:13:41.574+0200] {processor.py:836} INFO - DAG(s) dict_keys(['tutorial_taskflow_api']) retrieved from /Users/felipe.vasconcelos/repos/courses/python-learnings/.venv/lib/python3.10/site-packages/airflow/example_dags/tutorial_taskflow_api.py
[2023-08-05T11:13:42.287+0200] {logging_mixin.py:150} INFO - [2023-08-05T11:13:42.287+0200] {dag.py:2742} INFO - Sync 1 DAGs
[2023-08-05T11:13:42.305+0200] {logging_mixin.py:150} INFO - [2023-08-05T11:13:42.304+0200] {dag.py:3504} INFO - Setting next_dagrun for tutorial_taskflow_api to None, run_after=None
[2023-08-05T11:13:42.324+0200] {processor.py:179} INFO - Processing /Users/felipe.vasconcelos/repos/courses/python-learnings/.venv/lib/python3.10/site-packages/airflow/example_dags/tutorial_taskflow_api.py took 0.816 seconds
[2023-08-05T11:15:50.488+0200] {processor.py:157} INFO - Started process (PID=83368) to work on /Users/felipe.vasconcelos/repos/courses/python-learnings/.venv/lib/python3.10/site-packages/airflow/example_dags/tutorial_taskflow_api.py
[2023-08-05T11:15:50.494+0200] {processor.py:826} INFO - Processing file /Users/felipe.vasconcelos/repos/courses/python-learnings/.venv/lib/python3.10/site-packages/airflow/example_dags/tutorial_taskflow_api.py for tasks to queue
[2023-08-05T11:15:50.495+0200] {logging_mixin.py:150} INFO - [2023-08-05T11:15:50.495+0200] {dagbag.py:541} INFO - Filling up the DagBag from /Users/felipe.vasconcelos/repos/courses/python-learnings/.venv/lib/python3.10/site-packages/airflow/example_dags/tutorial_taskflow_api.py
[2023-08-05T11:15:50.550+0200] {processor.py:836} INFO - DAG(s) dict_keys(['tutorial_taskflow_api']) retrieved from /Users/felipe.vasconcelos/repos/courses/python-learnings/.venv/lib/python3.10/site-packages/airflow/example_dags/tutorial_taskflow_api.py
[2023-08-05T11:15:51.243+0200] {logging_mixin.py:150} INFO - [2023-08-05T11:15:51.242+0200] {dag.py:2742} INFO - Sync 1 DAGs
[2023-08-05T11:15:51.260+0200] {logging_mixin.py:150} INFO - [2023-08-05T11:15:51.260+0200] {dag.py:3504} INFO - Setting next_dagrun for tutorial_taskflow_api to None, run_after=None
[2023-08-05T11:15:51.279+0200] {processor.py:179} INFO - Processing /Users/felipe.vasconcelos/repos/courses/python-learnings/.venv/lib/python3.10/site-packages/airflow/example_dags/tutorial_taskflow_api.py took 0.792 seconds
[2023-08-05T11:17:55.464+0200] {processor.py:157} INFO - Started process (PID=83421) to work on /Users/felipe.vasconcelos/repos/courses/python-learnings/.venv/lib/python3.10/site-packages/airflow/example_dags/tutorial_taskflow_api.py
[2023-08-05T11:17:55.471+0200] {processor.py:826} INFO - Processing file /Users/felipe.vasconcelos/repos/courses/python-learnings/.venv/lib/python3.10/site-packages/airflow/example_dags/tutorial_taskflow_api.py for tasks to queue
[2023-08-05T11:17:55.472+0200] {logging_mixin.py:150} INFO - [2023-08-05T11:17:55.471+0200] {dagbag.py:541} INFO - Filling up the DagBag from /Users/felipe.vasconcelos/repos/courses/python-learnings/.venv/lib/python3.10/site-packages/airflow/example_dags/tutorial_taskflow_api.py
[2023-08-05T11:17:55.536+0200] {processor.py:836} INFO - DAG(s) dict_keys(['tutorial_taskflow_api']) retrieved from /Users/felipe.vasconcelos/repos/courses/python-learnings/.venv/lib/python3.10/site-packages/airflow/example_dags/tutorial_taskflow_api.py
[2023-08-05T11:17:56.319+0200] {logging_mixin.py:150} INFO - [2023-08-05T11:17:56.319+0200] {dag.py:2742} INFO - Sync 1 DAGs
[2023-08-05T11:17:56.349+0200] {logging_mixin.py:150} INFO - [2023-08-05T11:17:56.349+0200] {dag.py:3504} INFO - Setting next_dagrun for tutorial_taskflow_api to None, run_after=None
[2023-08-05T11:17:56.371+0200] {processor.py:179} INFO - Processing /Users/felipe.vasconcelos/repos/courses/python-learnings/.venv/lib/python3.10/site-packages/airflow/example_dags/tutorial_taskflow_api.py took 0.907 seconds
[2023-08-05T11:20:08.209+0200] {processor.py:157} INFO - Started process (PID=83486) to work on /Users/felipe.vasconcelos/repos/courses/python-learnings/.venv/lib/python3.10/site-packages/airflow/example_dags/tutorial_taskflow_api.py
[2023-08-05T11:20:08.216+0200] {processor.py:826} INFO - Processing file /Users/felipe.vasconcelos/repos/courses/python-learnings/.venv/lib/python3.10/site-packages/airflow/example_dags/tutorial_taskflow_api.py for tasks to queue
[2023-08-05T11:20:08.217+0200] {logging_mixin.py:150} INFO - [2023-08-05T11:20:08.217+0200] {dagbag.py:541} INFO - Filling up the DagBag from /Users/felipe.vasconcelos/repos/courses/python-learnings/.venv/lib/python3.10/site-packages/airflow/example_dags/tutorial_taskflow_api.py
[2023-08-05T11:20:08.276+0200] {processor.py:836} INFO - DAG(s) dict_keys(['tutorial_taskflow_api']) retrieved from /Users/felipe.vasconcelos/repos/courses/python-learnings/.venv/lib/python3.10/site-packages/airflow/example_dags/tutorial_taskflow_api.py
[2023-08-05T11:20:08.987+0200] {logging_mixin.py:150} INFO - [2023-08-05T11:20:08.986+0200] {dag.py:2742} INFO - Sync 1 DAGs
[2023-08-05T11:20:09.004+0200] {logging_mixin.py:150} INFO - [2023-08-05T11:20:09.004+0200] {dag.py:3504} INFO - Setting next_dagrun for tutorial_taskflow_api to None, run_after=None
[2023-08-05T11:20:09.023+0200] {processor.py:179} INFO - Processing /Users/felipe.vasconcelos/repos/courses/python-learnings/.venv/lib/python3.10/site-packages/airflow/example_dags/tutorial_taskflow_api.py took 0.816 seconds
[2023-08-05T11:22:34.180+0200] {processor.py:157} INFO - Started process (PID=83560) to work on /Users/felipe.vasconcelos/repos/courses/python-learnings/.venv/lib/python3.10/site-packages/airflow/example_dags/tutorial_taskflow_api.py
[2023-08-05T11:22:34.187+0200] {processor.py:826} INFO - Processing file /Users/felipe.vasconcelos/repos/courses/python-learnings/.venv/lib/python3.10/site-packages/airflow/example_dags/tutorial_taskflow_api.py for tasks to queue
[2023-08-05T11:22:34.188+0200] {logging_mixin.py:150} INFO - [2023-08-05T11:22:34.188+0200] {dagbag.py:541} INFO - Filling up the DagBag from /Users/felipe.vasconcelos/repos/courses/python-learnings/.venv/lib/python3.10/site-packages/airflow/example_dags/tutorial_taskflow_api.py
[2023-08-05T11:22:34.308+0200] {processor.py:836} INFO - DAG(s) dict_keys(['tutorial_taskflow_api']) retrieved from /Users/felipe.vasconcelos/repos/courses/python-learnings/.venv/lib/python3.10/site-packages/airflow/example_dags/tutorial_taskflow_api.py
[2023-08-05T11:22:35.234+0200] {logging_mixin.py:150} INFO - [2023-08-05T11:22:35.233+0200] {dag.py:2742} INFO - Sync 1 DAGs
[2023-08-05T11:22:35.253+0200] {logging_mixin.py:150} INFO - [2023-08-05T11:22:35.253+0200] {dag.py:3504} INFO - Setting next_dagrun for tutorial_taskflow_api to None, run_after=None
[2023-08-05T11:22:35.273+0200] {processor.py:179} INFO - Processing /Users/felipe.vasconcelos/repos/courses/python-learnings/.venv/lib/python3.10/site-packages/airflow/example_dags/tutorial_taskflow_api.py took 1.095 seconds
[2023-08-05T11:24:48.967+0200] {processor.py:157} INFO - Started process (PID=83613) to work on /Users/felipe.vasconcelos/repos/courses/python-learnings/.venv/lib/python3.10/site-packages/airflow/example_dags/tutorial_taskflow_api.py
[2023-08-05T11:24:48.973+0200] {processor.py:826} INFO - Processing file /Users/felipe.vasconcelos/repos/courses/python-learnings/.venv/lib/python3.10/site-packages/airflow/example_dags/tutorial_taskflow_api.py for tasks to queue
[2023-08-05T11:24:48.974+0200] {logging_mixin.py:150} INFO - [2023-08-05T11:24:48.974+0200] {dagbag.py:541} INFO - Filling up the DagBag from /Users/felipe.vasconcelos/repos/courses/python-learnings/.venv/lib/python3.10/site-packages/airflow/example_dags/tutorial_taskflow_api.py
[2023-08-05T11:24:49.031+0200] {processor.py:836} INFO - DAG(s) dict_keys(['tutorial_taskflow_api']) retrieved from /Users/felipe.vasconcelos/repos/courses/python-learnings/.venv/lib/python3.10/site-packages/airflow/example_dags/tutorial_taskflow_api.py
[2023-08-05T11:24:49.738+0200] {logging_mixin.py:150} INFO - [2023-08-05T11:24:49.738+0200] {dag.py:2742} INFO - Sync 1 DAGs
[2023-08-05T11:24:49.757+0200] {logging_mixin.py:150} INFO - [2023-08-05T11:24:49.756+0200] {dag.py:3504} INFO - Setting next_dagrun for tutorial_taskflow_api to None, run_after=None
[2023-08-05T11:24:49.776+0200] {processor.py:179} INFO - Processing /Users/felipe.vasconcelos/repos/courses/python-learnings/.venv/lib/python3.10/site-packages/airflow/example_dags/tutorial_taskflow_api.py took 0.811 seconds
[2023-08-05T11:26:56.677+0200] {processor.py:157} INFO - Started process (PID=83672) to work on /Users/felipe.vasconcelos/repos/courses/python-learnings/.venv/lib/python3.10/site-packages/airflow/example_dags/tutorial_taskflow_api.py
[2023-08-05T11:26:56.684+0200] {processor.py:826} INFO - Processing file /Users/felipe.vasconcelos/repos/courses/python-learnings/.venv/lib/python3.10/site-packages/airflow/example_dags/tutorial_taskflow_api.py for tasks to queue
[2023-08-05T11:26:56.684+0200] {logging_mixin.py:150} INFO - [2023-08-05T11:26:56.684+0200] {dagbag.py:541} INFO - Filling up the DagBag from /Users/felipe.vasconcelos/repos/courses/python-learnings/.venv/lib/python3.10/site-packages/airflow/example_dags/tutorial_taskflow_api.py
[2023-08-05T11:26:56.742+0200] {processor.py:836} INFO - DAG(s) dict_keys(['tutorial_taskflow_api']) retrieved from /Users/felipe.vasconcelos/repos/courses/python-learnings/.venv/lib/python3.10/site-packages/airflow/example_dags/tutorial_taskflow_api.py
[2023-08-05T11:26:57.534+0200] {logging_mixin.py:150} INFO - [2023-08-05T11:26:57.534+0200] {dag.py:2742} INFO - Sync 1 DAGs
[2023-08-05T11:26:57.557+0200] {logging_mixin.py:150} INFO - [2023-08-05T11:26:57.556+0200] {dag.py:3504} INFO - Setting next_dagrun for tutorial_taskflow_api to None, run_after=None
[2023-08-05T11:26:57.581+0200] {processor.py:179} INFO - Processing /Users/felipe.vasconcelos/repos/courses/python-learnings/.venv/lib/python3.10/site-packages/airflow/example_dags/tutorial_taskflow_api.py took 0.905 seconds
[2023-08-05T11:29:15.233+0200] {processor.py:157} INFO - Started process (PID=83728) to work on /Users/felipe.vasconcelos/repos/courses/python-learnings/.venv/lib/python3.10/site-packages/airflow/example_dags/tutorial_taskflow_api.py
[2023-08-05T11:29:15.241+0200] {processor.py:826} INFO - Processing file /Users/felipe.vasconcelos/repos/courses/python-learnings/.venv/lib/python3.10/site-packages/airflow/example_dags/tutorial_taskflow_api.py for tasks to queue
[2023-08-05T11:29:15.242+0200] {logging_mixin.py:150} INFO - [2023-08-05T11:29:15.242+0200] {dagbag.py:541} INFO - Filling up the DagBag from /Users/felipe.vasconcelos/repos/courses/python-learnings/.venv/lib/python3.10/site-packages/airflow/example_dags/tutorial_taskflow_api.py
[2023-08-05T11:29:15.334+0200] {processor.py:836} INFO - DAG(s) dict_keys(['tutorial_taskflow_api']) retrieved from /Users/felipe.vasconcelos/repos/courses/python-learnings/.venv/lib/python3.10/site-packages/airflow/example_dags/tutorial_taskflow_api.py
[2023-08-05T11:29:16.193+0200] {logging_mixin.py:150} INFO - [2023-08-05T11:29:16.192+0200] {dag.py:2742} INFO - Sync 1 DAGs
[2023-08-05T11:29:16.213+0200] {logging_mixin.py:150} INFO - [2023-08-05T11:29:16.213+0200] {dag.py:3504} INFO - Setting next_dagrun for tutorial_taskflow_api to None, run_after=None
[2023-08-05T11:29:16.253+0200] {processor.py:179} INFO - Processing /Users/felipe.vasconcelos/repos/courses/python-learnings/.venv/lib/python3.10/site-packages/airflow/example_dags/tutorial_taskflow_api.py took 1.021 seconds
[2023-08-05T11:32:06.954+0200] {processor.py:157} INFO - Started process (PID=83819) to work on /Users/felipe.vasconcelos/repos/courses/python-learnings/.venv/lib/python3.10/site-packages/airflow/example_dags/tutorial_taskflow_api.py
[2023-08-05T11:32:06.962+0200] {processor.py:826} INFO - Processing file /Users/felipe.vasconcelos/repos/courses/python-learnings/.venv/lib/python3.10/site-packages/airflow/example_dags/tutorial_taskflow_api.py for tasks to queue
[2023-08-05T11:32:06.963+0200] {logging_mixin.py:150} INFO - [2023-08-05T11:32:06.963+0200] {dagbag.py:541} INFO - Filling up the DagBag from /Users/felipe.vasconcelos/repos/courses/python-learnings/.venv/lib/python3.10/site-packages/airflow/example_dags/tutorial_taskflow_api.py
[2023-08-05T11:32:07.049+0200] {processor.py:836} INFO - DAG(s) dict_keys(['tutorial_taskflow_api']) retrieved from /Users/felipe.vasconcelos/repos/courses/python-learnings/.venv/lib/python3.10/site-packages/airflow/example_dags/tutorial_taskflow_api.py
[2023-08-05T11:32:08.163+0200] {logging_mixin.py:150} INFO - [2023-08-05T11:32:08.160+0200] {dag.py:2742} INFO - Sync 1 DAGs
[2023-08-05T11:32:08.207+0200] {logging_mixin.py:150} INFO - [2023-08-05T11:32:08.207+0200] {dag.py:3504} INFO - Setting next_dagrun for tutorial_taskflow_api to None, run_after=None
[2023-08-05T11:32:08.241+0200] {processor.py:179} INFO - Processing /Users/felipe.vasconcelos/repos/courses/python-learnings/.venv/lib/python3.10/site-packages/airflow/example_dags/tutorial_taskflow_api.py took 1.289 seconds
[2023-08-05T11:34:48.909+0200] {processor.py:157} INFO - Started process (PID=83915) to work on /Users/felipe.vasconcelos/repos/courses/python-learnings/.venv/lib/python3.10/site-packages/airflow/example_dags/tutorial_taskflow_api.py
[2023-08-05T11:34:48.916+0200] {processor.py:826} INFO - Processing file /Users/felipe.vasconcelos/repos/courses/python-learnings/.venv/lib/python3.10/site-packages/airflow/example_dags/tutorial_taskflow_api.py for tasks to queue
[2023-08-05T11:34:48.917+0200] {logging_mixin.py:150} INFO - [2023-08-05T11:34:48.916+0200] {dagbag.py:541} INFO - Filling up the DagBag from /Users/felipe.vasconcelos/repos/courses/python-learnings/.venv/lib/python3.10/site-packages/airflow/example_dags/tutorial_taskflow_api.py
[2023-08-05T11:34:48.972+0200] {processor.py:836} INFO - DAG(s) dict_keys(['tutorial_taskflow_api']) retrieved from /Users/felipe.vasconcelos/repos/courses/python-learnings/.venv/lib/python3.10/site-packages/airflow/example_dags/tutorial_taskflow_api.py
[2023-08-05T11:34:49.708+0200] {logging_mixin.py:150} INFO - [2023-08-05T11:34:49.707+0200] {dag.py:2742} INFO - Sync 1 DAGs
[2023-08-05T11:34:49.725+0200] {logging_mixin.py:150} INFO - [2023-08-05T11:34:49.725+0200] {dag.py:3504} INFO - Setting next_dagrun for tutorial_taskflow_api to None, run_after=None
[2023-08-05T11:34:49.746+0200] {processor.py:179} INFO - Processing /Users/felipe.vasconcelos/repos/courses/python-learnings/.venv/lib/python3.10/site-packages/airflow/example_dags/tutorial_taskflow_api.py took 0.838 seconds
[2023-08-05T11:37:03.528+0200] {processor.py:157} INFO - Started process (PID=83986) to work on /Users/felipe.vasconcelos/repos/courses/python-learnings/.venv/lib/python3.10/site-packages/airflow/example_dags/tutorial_taskflow_api.py
[2023-08-05T11:37:03.535+0200] {processor.py:826} INFO - Processing file /Users/felipe.vasconcelos/repos/courses/python-learnings/.venv/lib/python3.10/site-packages/airflow/example_dags/tutorial_taskflow_api.py for tasks to queue
[2023-08-05T11:37:03.536+0200] {logging_mixin.py:150} INFO - [2023-08-05T11:37:03.536+0200] {dagbag.py:541} INFO - Filling up the DagBag from /Users/felipe.vasconcelos/repos/courses/python-learnings/.venv/lib/python3.10/site-packages/airflow/example_dags/tutorial_taskflow_api.py
[2023-08-05T11:37:03.640+0200] {processor.py:836} INFO - DAG(s) dict_keys(['tutorial_taskflow_api']) retrieved from /Users/felipe.vasconcelos/repos/courses/python-learnings/.venv/lib/python3.10/site-packages/airflow/example_dags/tutorial_taskflow_api.py
[2023-08-05T11:37:04.330+0200] {logging_mixin.py:150} INFO - [2023-08-05T11:37:04.329+0200] {dag.py:2742} INFO - Sync 1 DAGs
[2023-08-05T11:37:04.353+0200] {logging_mixin.py:150} INFO - [2023-08-05T11:37:04.353+0200] {dag.py:3504} INFO - Setting next_dagrun for tutorial_taskflow_api to None, run_after=None
[2023-08-05T11:37:04.382+0200] {processor.py:179} INFO - Processing /Users/felipe.vasconcelos/repos/courses/python-learnings/.venv/lib/python3.10/site-packages/airflow/example_dags/tutorial_taskflow_api.py took 0.855 seconds
[2023-08-05T11:39:08.983+0200] {processor.py:157} INFO - Started process (PID=84045) to work on /Users/felipe.vasconcelos/repos/courses/python-learnings/.venv/lib/python3.10/site-packages/airflow/example_dags/tutorial_taskflow_api.py
[2023-08-05T11:39:08.989+0200] {processor.py:826} INFO - Processing file /Users/felipe.vasconcelos/repos/courses/python-learnings/.venv/lib/python3.10/site-packages/airflow/example_dags/tutorial_taskflow_api.py for tasks to queue
[2023-08-05T11:39:08.990+0200] {logging_mixin.py:150} INFO - [2023-08-05T11:39:08.990+0200] {dagbag.py:541} INFO - Filling up the DagBag from /Users/felipe.vasconcelos/repos/courses/python-learnings/.venv/lib/python3.10/site-packages/airflow/example_dags/tutorial_taskflow_api.py
[2023-08-05T11:39:09.055+0200] {processor.py:836} INFO - DAG(s) dict_keys(['tutorial_taskflow_api']) retrieved from /Users/felipe.vasconcelos/repos/courses/python-learnings/.venv/lib/python3.10/site-packages/airflow/example_dags/tutorial_taskflow_api.py
[2023-08-05T11:39:09.866+0200] {logging_mixin.py:150} INFO - [2023-08-05T11:39:09.865+0200] {dag.py:2742} INFO - Sync 1 DAGs
[2023-08-05T11:39:09.883+0200] {logging_mixin.py:150} INFO - [2023-08-05T11:39:09.883+0200] {dag.py:3504} INFO - Setting next_dagrun for tutorial_taskflow_api to None, run_after=None
[2023-08-05T11:39:09.903+0200] {processor.py:179} INFO - Processing /Users/felipe.vasconcelos/repos/courses/python-learnings/.venv/lib/python3.10/site-packages/airflow/example_dags/tutorial_taskflow_api.py took 0.921 seconds
[2023-08-05T11:41:24.253+0200] {processor.py:157} INFO - Started process (PID=84118) to work on /Users/felipe.vasconcelos/repos/courses/python-learnings/.venv/lib/python3.10/site-packages/airflow/example_dags/tutorial_taskflow_api.py
[2023-08-05T11:41:24.260+0200] {processor.py:826} INFO - Processing file /Users/felipe.vasconcelos/repos/courses/python-learnings/.venv/lib/python3.10/site-packages/airflow/example_dags/tutorial_taskflow_api.py for tasks to queue
[2023-08-05T11:41:24.260+0200] {logging_mixin.py:150} INFO - [2023-08-05T11:41:24.260+0200] {dagbag.py:541} INFO - Filling up the DagBag from /Users/felipe.vasconcelos/repos/courses/python-learnings/.venv/lib/python3.10/site-packages/airflow/example_dags/tutorial_taskflow_api.py
[2023-08-05T11:41:24.320+0200] {processor.py:836} INFO - DAG(s) dict_keys(['tutorial_taskflow_api']) retrieved from /Users/felipe.vasconcelos/repos/courses/python-learnings/.venv/lib/python3.10/site-packages/airflow/example_dags/tutorial_taskflow_api.py
[2023-08-05T11:41:25.029+0200] {logging_mixin.py:150} INFO - [2023-08-05T11:41:25.028+0200] {dag.py:2742} INFO - Sync 1 DAGs
[2023-08-05T11:41:25.047+0200] {logging_mixin.py:150} INFO - [2023-08-05T11:41:25.046+0200] {dag.py:3504} INFO - Setting next_dagrun for tutorial_taskflow_api to None, run_after=None
[2023-08-05T11:41:25.067+0200] {processor.py:179} INFO - Processing /Users/felipe.vasconcelos/repos/courses/python-learnings/.venv/lib/python3.10/site-packages/airflow/example_dags/tutorial_taskflow_api.py took 0.815 seconds
[2023-08-05T11:43:34.857+0200] {processor.py:157} INFO - Started process (PID=84175) to work on /Users/felipe.vasconcelos/repos/courses/python-learnings/.venv/lib/python3.10/site-packages/airflow/example_dags/tutorial_taskflow_api.py
[2023-08-05T11:43:34.863+0200] {processor.py:826} INFO - Processing file /Users/felipe.vasconcelos/repos/courses/python-learnings/.venv/lib/python3.10/site-packages/airflow/example_dags/tutorial_taskflow_api.py for tasks to queue
[2023-08-05T11:43:34.864+0200] {logging_mixin.py:150} INFO - [2023-08-05T11:43:34.864+0200] {dagbag.py:541} INFO - Filling up the DagBag from /Users/felipe.vasconcelos/repos/courses/python-learnings/.venv/lib/python3.10/site-packages/airflow/example_dags/tutorial_taskflow_api.py
[2023-08-05T11:43:34.924+0200] {processor.py:836} INFO - DAG(s) dict_keys(['tutorial_taskflow_api']) retrieved from /Users/felipe.vasconcelos/repos/courses/python-learnings/.venv/lib/python3.10/site-packages/airflow/example_dags/tutorial_taskflow_api.py
[2023-08-05T11:43:35.632+0200] {logging_mixin.py:150} INFO - [2023-08-05T11:43:35.631+0200] {dag.py:2742} INFO - Sync 1 DAGs
[2023-08-05T11:43:35.649+0200] {logging_mixin.py:150} INFO - [2023-08-05T11:43:35.648+0200] {dag.py:3504} INFO - Setting next_dagrun for tutorial_taskflow_api to None, run_after=None
[2023-08-05T11:43:35.669+0200] {processor.py:179} INFO - Processing /Users/felipe.vasconcelos/repos/courses/python-learnings/.venv/lib/python3.10/site-packages/airflow/example_dags/tutorial_taskflow_api.py took 0.813 seconds
[2023-08-05T11:45:39.755+0200] {processor.py:157} INFO - Started process (PID=84241) to work on /Users/felipe.vasconcelos/repos/courses/python-learnings/.venv/lib/python3.10/site-packages/airflow/example_dags/tutorial_taskflow_api.py
[2023-08-05T11:45:39.761+0200] {processor.py:826} INFO - Processing file /Users/felipe.vasconcelos/repos/courses/python-learnings/.venv/lib/python3.10/site-packages/airflow/example_dags/tutorial_taskflow_api.py for tasks to queue
[2023-08-05T11:45:39.762+0200] {logging_mixin.py:150} INFO - [2023-08-05T11:45:39.762+0200] {dagbag.py:541} INFO - Filling up the DagBag from /Users/felipe.vasconcelos/repos/courses/python-learnings/.venv/lib/python3.10/site-packages/airflow/example_dags/tutorial_taskflow_api.py
[2023-08-05T11:45:39.900+0200] {processor.py:836} INFO - DAG(s) dict_keys(['tutorial_taskflow_api']) retrieved from /Users/felipe.vasconcelos/repos/courses/python-learnings/.venv/lib/python3.10/site-packages/airflow/example_dags/tutorial_taskflow_api.py
[2023-08-05T11:45:41.035+0200] {logging_mixin.py:150} INFO - [2023-08-05T11:45:41.034+0200] {dag.py:2742} INFO - Sync 1 DAGs
[2023-08-05T11:45:41.053+0200] {logging_mixin.py:150} INFO - [2023-08-05T11:45:41.052+0200] {dag.py:3504} INFO - Setting next_dagrun for tutorial_taskflow_api to None, run_after=None
[2023-08-05T11:45:41.073+0200] {processor.py:179} INFO - Processing /Users/felipe.vasconcelos/repos/courses/python-learnings/.venv/lib/python3.10/site-packages/airflow/example_dags/tutorial_taskflow_api.py took 1.319 seconds
[2023-08-05T11:48:21.949+0200] {processor.py:157} INFO - Started process (PID=84337) to work on /Users/felipe.vasconcelos/repos/courses/python-learnings/.venv/lib/python3.10/site-packages/airflow/example_dags/tutorial_taskflow_api.py
[2023-08-05T11:48:21.956+0200] {processor.py:826} INFO - Processing file /Users/felipe.vasconcelos/repos/courses/python-learnings/.venv/lib/python3.10/site-packages/airflow/example_dags/tutorial_taskflow_api.py for tasks to queue
[2023-08-05T11:48:21.957+0200] {logging_mixin.py:150} INFO - [2023-08-05T11:48:21.956+0200] {dagbag.py:541} INFO - Filling up the DagBag from /Users/felipe.vasconcelos/repos/courses/python-learnings/.venv/lib/python3.10/site-packages/airflow/example_dags/tutorial_taskflow_api.py
[2023-08-05T11:48:22.051+0200] {processor.py:836} INFO - DAG(s) dict_keys(['tutorial_taskflow_api']) retrieved from /Users/felipe.vasconcelos/repos/courses/python-learnings/.venv/lib/python3.10/site-packages/airflow/example_dags/tutorial_taskflow_api.py
[2023-08-05T11:48:22.930+0200] {logging_mixin.py:150} INFO - [2023-08-05T11:48:22.929+0200] {dag.py:2742} INFO - Sync 1 DAGs
[2023-08-05T11:48:22.950+0200] {logging_mixin.py:150} INFO - [2023-08-05T11:48:22.949+0200] {dag.py:3504} INFO - Setting next_dagrun for tutorial_taskflow_api to None, run_after=None
[2023-08-05T11:48:22.986+0200] {processor.py:179} INFO - Processing /Users/felipe.vasconcelos/repos/courses/python-learnings/.venv/lib/python3.10/site-packages/airflow/example_dags/tutorial_taskflow_api.py took 1.038 seconds
[2023-08-05T11:50:54.797+0200] {processor.py:157} INFO - Started process (PID=84419) to work on /Users/felipe.vasconcelos/repos/courses/python-learnings/.venv/lib/python3.10/site-packages/airflow/example_dags/tutorial_taskflow_api.py
[2023-08-05T11:50:54.801+0200] {processor.py:826} INFO - Processing file /Users/felipe.vasconcelos/repos/courses/python-learnings/.venv/lib/python3.10/site-packages/airflow/example_dags/tutorial_taskflow_api.py for tasks to queue
[2023-08-05T11:50:54.802+0200] {logging_mixin.py:150} INFO - [2023-08-05T11:50:54.802+0200] {dagbag.py:541} INFO - Filling up the DagBag from /Users/felipe.vasconcelos/repos/courses/python-learnings/.venv/lib/python3.10/site-packages/airflow/example_dags/tutorial_taskflow_api.py
[2023-08-05T11:50:54.856+0200] {processor.py:836} INFO - DAG(s) dict_keys(['tutorial_taskflow_api']) retrieved from /Users/felipe.vasconcelos/repos/courses/python-learnings/.venv/lib/python3.10/site-packages/airflow/example_dags/tutorial_taskflow_api.py
[2023-08-05T11:50:55.628+0200] {logging_mixin.py:150} INFO - [2023-08-05T11:50:55.628+0200] {dag.py:2742} INFO - Sync 1 DAGs
[2023-08-05T11:50:55.645+0200] {logging_mixin.py:150} INFO - [2023-08-05T11:50:55.645+0200] {dag.py:3504} INFO - Setting next_dagrun for tutorial_taskflow_api to None, run_after=None
[2023-08-05T11:50:55.666+0200] {processor.py:179} INFO - Processing /Users/felipe.vasconcelos/repos/courses/python-learnings/.venv/lib/python3.10/site-packages/airflow/example_dags/tutorial_taskflow_api.py took 0.871 seconds
[2023-08-05T11:53:04.293+0200] {processor.py:157} INFO - Started process (PID=84478) to work on /Users/felipe.vasconcelos/repos/courses/python-learnings/.venv/lib/python3.10/site-packages/airflow/example_dags/tutorial_taskflow_api.py
[2023-08-05T11:53:04.299+0200] {processor.py:826} INFO - Processing file /Users/felipe.vasconcelos/repos/courses/python-learnings/.venv/lib/python3.10/site-packages/airflow/example_dags/tutorial_taskflow_api.py for tasks to queue
[2023-08-05T11:53:04.300+0200] {logging_mixin.py:150} INFO - [2023-08-05T11:53:04.299+0200] {dagbag.py:541} INFO - Filling up the DagBag from /Users/felipe.vasconcelos/repos/courses/python-learnings/.venv/lib/python3.10/site-packages/airflow/example_dags/tutorial_taskflow_api.py
[2023-08-05T11:53:04.373+0200] {processor.py:836} INFO - DAG(s) dict_keys(['tutorial_taskflow_api']) retrieved from /Users/felipe.vasconcelos/repos/courses/python-learnings/.venv/lib/python3.10/site-packages/airflow/example_dags/tutorial_taskflow_api.py
[2023-08-05T11:53:05.083+0200] {logging_mixin.py:150} INFO - [2023-08-05T11:53:05.083+0200] {dag.py:2742} INFO - Sync 1 DAGs
[2023-08-05T11:53:05.110+0200] {logging_mixin.py:150} INFO - [2023-08-05T11:53:05.110+0200] {dag.py:3504} INFO - Setting next_dagrun for tutorial_taskflow_api to None, run_after=None
[2023-08-05T11:53:05.149+0200] {processor.py:179} INFO - Processing /Users/felipe.vasconcelos/repos/courses/python-learnings/.venv/lib/python3.10/site-packages/airflow/example_dags/tutorial_taskflow_api.py took 0.857 seconds
[2023-08-05T11:55:14.742+0200] {processor.py:157} INFO - Started process (PID=84544) to work on /Users/felipe.vasconcelos/repos/courses/python-learnings/.venv/lib/python3.10/site-packages/airflow/example_dags/tutorial_taskflow_api.py
[2023-08-05T11:55:14.750+0200] {processor.py:826} INFO - Processing file /Users/felipe.vasconcelos/repos/courses/python-learnings/.venv/lib/python3.10/site-packages/airflow/example_dags/tutorial_taskflow_api.py for tasks to queue
[2023-08-05T11:55:14.751+0200] {logging_mixin.py:150} INFO - [2023-08-05T11:55:14.750+0200] {dagbag.py:541} INFO - Filling up the DagBag from /Users/felipe.vasconcelos/repos/courses/python-learnings/.venv/lib/python3.10/site-packages/airflow/example_dags/tutorial_taskflow_api.py
[2023-08-05T11:55:14.808+0200] {processor.py:836} INFO - DAG(s) dict_keys(['tutorial_taskflow_api']) retrieved from /Users/felipe.vasconcelos/repos/courses/python-learnings/.venv/lib/python3.10/site-packages/airflow/example_dags/tutorial_taskflow_api.py
[2023-08-05T11:55:15.506+0200] {logging_mixin.py:150} INFO - [2023-08-05T11:55:15.506+0200] {dag.py:2742} INFO - Sync 1 DAGs
[2023-08-05T11:55:15.524+0200] {logging_mixin.py:150} INFO - [2023-08-05T11:55:15.524+0200] {dag.py:3504} INFO - Setting next_dagrun for tutorial_taskflow_api to None, run_after=None
[2023-08-05T11:55:15.543+0200] {processor.py:179} INFO - Processing /Users/felipe.vasconcelos/repos/courses/python-learnings/.venv/lib/python3.10/site-packages/airflow/example_dags/tutorial_taskflow_api.py took 0.802 seconds
[2023-08-05T11:57:14.736+0200] {processor.py:157} INFO - Started process (PID=84603) to work on /Users/felipe.vasconcelos/repos/courses/python-learnings/.venv/lib/python3.10/site-packages/airflow/example_dags/tutorial_taskflow_api.py
[2023-08-05T11:57:14.742+0200] {processor.py:826} INFO - Processing file /Users/felipe.vasconcelos/repos/courses/python-learnings/.venv/lib/python3.10/site-packages/airflow/example_dags/tutorial_taskflow_api.py for tasks to queue
[2023-08-05T11:57:14.743+0200] {logging_mixin.py:150} INFO - [2023-08-05T11:57:14.743+0200] {dagbag.py:541} INFO - Filling up the DagBag from /Users/felipe.vasconcelos/repos/courses/python-learnings/.venv/lib/python3.10/site-packages/airflow/example_dags/tutorial_taskflow_api.py
[2023-08-05T11:57:14.802+0200] {processor.py:836} INFO - DAG(s) dict_keys(['tutorial_taskflow_api']) retrieved from /Users/felipe.vasconcelos/repos/courses/python-learnings/.venv/lib/python3.10/site-packages/airflow/example_dags/tutorial_taskflow_api.py
[2023-08-05T11:57:15.512+0200] {logging_mixin.py:150} INFO - [2023-08-05T11:57:15.512+0200] {dag.py:2742} INFO - Sync 1 DAGs
[2023-08-05T11:57:15.530+0200] {logging_mixin.py:150} INFO - [2023-08-05T11:57:15.530+0200] {dag.py:3504} INFO - Setting next_dagrun for tutorial_taskflow_api to None, run_after=None
[2023-08-05T11:57:15.551+0200] {processor.py:179} INFO - Processing /Users/felipe.vasconcelos/repos/courses/python-learnings/.venv/lib/python3.10/site-packages/airflow/example_dags/tutorial_taskflow_api.py took 0.816 seconds
[2023-08-05T11:59:54.176+0200] {processor.py:157} INFO - Started process (PID=84687) to work on /Users/felipe.vasconcelos/repos/courses/python-learnings/.venv/lib/python3.10/site-packages/airflow/example_dags/tutorial_taskflow_api.py
[2023-08-05T11:59:54.183+0200] {processor.py:826} INFO - Processing file /Users/felipe.vasconcelos/repos/courses/python-learnings/.venv/lib/python3.10/site-packages/airflow/example_dags/tutorial_taskflow_api.py for tasks to queue
[2023-08-05T11:59:54.184+0200] {logging_mixin.py:150} INFO - [2023-08-05T11:59:54.184+0200] {dagbag.py:541} INFO - Filling up the DagBag from /Users/felipe.vasconcelos/repos/courses/python-learnings/.venv/lib/python3.10/site-packages/airflow/example_dags/tutorial_taskflow_api.py
[2023-08-05T11:59:54.246+0200] {processor.py:836} INFO - DAG(s) dict_keys(['tutorial_taskflow_api']) retrieved from /Users/felipe.vasconcelos/repos/courses/python-learnings/.venv/lib/python3.10/site-packages/airflow/example_dags/tutorial_taskflow_api.py
[2023-08-05T11:59:55.443+0200] {logging_mixin.py:150} INFO - [2023-08-05T11:59:55.443+0200] {dag.py:2742} INFO - Sync 1 DAGs
[2023-08-05T11:59:55.464+0200] {logging_mixin.py:150} INFO - [2023-08-05T11:59:55.463+0200] {dag.py:3504} INFO - Setting next_dagrun for tutorial_taskflow_api to None, run_after=None
[2023-08-05T11:59:55.486+0200] {processor.py:179} INFO - Processing /Users/felipe.vasconcelos/repos/courses/python-learnings/.venv/lib/python3.10/site-packages/airflow/example_dags/tutorial_taskflow_api.py took 1.311 seconds
[2023-08-05T12:03:49.919+0200] {processor.py:157} INFO - Started process (PID=84858) to work on /Users/felipe.vasconcelos/repos/courses/python-learnings/.venv/lib/python3.10/site-packages/airflow/example_dags/tutorial_taskflow_api.py
[2023-08-05T12:03:49.925+0200] {processor.py:826} INFO - Processing file /Users/felipe.vasconcelos/repos/courses/python-learnings/.venv/lib/python3.10/site-packages/airflow/example_dags/tutorial_taskflow_api.py for tasks to queue
[2023-08-05T12:03:49.926+0200] {logging_mixin.py:150} INFO - [2023-08-05T12:03:49.926+0200] {dagbag.py:541} INFO - Filling up the DagBag from /Users/felipe.vasconcelos/repos/courses/python-learnings/.venv/lib/python3.10/site-packages/airflow/example_dags/tutorial_taskflow_api.py
[2023-08-05T12:03:49.993+0200] {processor.py:836} INFO - DAG(s) dict_keys(['tutorial_taskflow_api']) retrieved from /Users/felipe.vasconcelos/repos/courses/python-learnings/.venv/lib/python3.10/site-packages/airflow/example_dags/tutorial_taskflow_api.py
[2023-08-05T12:03:51.097+0200] {logging_mixin.py:150} INFO - [2023-08-05T12:03:51.090+0200] {dag.py:2742} INFO - Sync 1 DAGs
[2023-08-05T12:03:51.192+0200] {logging_mixin.py:150} INFO - [2023-08-05T12:03:51.192+0200] {dag.py:3504} INFO - Setting next_dagrun for tutorial_taskflow_api to None, run_after=None
[2023-08-05T12:03:51.258+0200] {processor.py:179} INFO - Processing /Users/felipe.vasconcelos/repos/courses/python-learnings/.venv/lib/python3.10/site-packages/airflow/example_dags/tutorial_taskflow_api.py took 1.340 seconds
