[2023-08-05T10:37:41.367+0200] {processor.py:157} INFO - Started process (PID=82565) to work on /Users/felipe.vasconcelos/repos/courses/python-learnings/.venv/lib/python3.10/site-packages/airflow/example_dags/tutorial_dag.py
[2023-08-05T10:37:41.378+0200] {processor.py:826} INFO - Processing file /Users/felipe.vasconcelos/repos/courses/python-learnings/.venv/lib/python3.10/site-packages/airflow/example_dags/tutorial_dag.py for tasks to queue
[2023-08-05T10:37:41.379+0200] {logging_mixin.py:150} INFO - [2023-08-05T10:37:41.379+0200] {dagbag.py:541} INFO - Filling up the DagBag from /Users/felipe.vasconcelos/repos/courses/python-learnings/.venv/lib/python3.10/site-packages/airflow/example_dags/tutorial_dag.py
[2023-08-05T10:37:41.512+0200] {processor.py:836} INFO - DAG(s) dict_keys(['tutorial_dag']) retrieved from /Users/felipe.vasconcelos/repos/courses/python-learnings/.venv/lib/python3.10/site-packages/airflow/example_dags/tutorial_dag.py
[2023-08-05T10:38:22.479+0200] {logging_mixin.py:150} INFO - [2023-08-05T10:38:22.477+0200] {manager.py:504} INFO - Created Permission View: can read on DAG:tutorial_dag
[2023-08-05T10:38:22.507+0200] {logging_mixin.py:150} INFO - [2023-08-05T10:38:22.507+0200] {manager.py:504} INFO - Created Permission View: can edit on DAG:tutorial_dag
[2023-08-05T10:38:22.519+0200] {logging_mixin.py:150} INFO - [2023-08-05T10:38:22.519+0200] {manager.py:504} INFO - Created Permission View: can delete on DAG:tutorial_dag
[2023-08-05T10:38:22.547+0200] {logging_mixin.py:150} INFO - [2023-08-05T10:38:22.546+0200] {dag.py:2742} INFO - Sync 1 DAGs
[2023-08-05T10:38:22.986+0200] {logging_mixin.py:150} INFO - [2023-08-05T10:38:22.986+0200] {dag.py:2763} INFO - Creating ORM DAG for tutorial_dag
[2023-08-05T10:38:23.052+0200] {logging_mixin.py:150} INFO - [2023-08-05T10:38:23.051+0200] {dag.py:3504} INFO - Setting next_dagrun for tutorial_dag to None, run_after=None
[2023-08-05T10:38:23.318+0200] {processor.py:179} INFO - Processing /Users/felipe.vasconcelos/repos/courses/python-learnings/.venv/lib/python3.10/site-packages/airflow/example_dags/tutorial_dag.py took 41.952 seconds
[2023-08-05T10:41:56.458+0200] {processor.py:157} INFO - Started process (PID=82655) to work on /Users/felipe.vasconcelos/repos/courses/python-learnings/.venv/lib/python3.10/site-packages/airflow/example_dags/tutorial_dag.py
[2023-08-05T10:41:56.464+0200] {processor.py:826} INFO - Processing file /Users/felipe.vasconcelos/repos/courses/python-learnings/.venv/lib/python3.10/site-packages/airflow/example_dags/tutorial_dag.py for tasks to queue
[2023-08-05T10:41:56.465+0200] {logging_mixin.py:150} INFO - [2023-08-05T10:41:56.465+0200] {dagbag.py:541} INFO - Filling up the DagBag from /Users/felipe.vasconcelos/repos/courses/python-learnings/.venv/lib/python3.10/site-packages/airflow/example_dags/tutorial_dag.py
[2023-08-05T10:41:56.504+0200] {processor.py:836} INFO - DAG(s) dict_keys(['tutorial_dag']) retrieved from /Users/felipe.vasconcelos/repos/courses/python-learnings/.venv/lib/python3.10/site-packages/airflow/example_dags/tutorial_dag.py
[2023-08-05T10:41:57.232+0200] {logging_mixin.py:150} INFO - [2023-08-05T10:41:57.232+0200] {dag.py:2742} INFO - Sync 1 DAGs
[2023-08-05T10:41:57.250+0200] {logging_mixin.py:150} INFO - [2023-08-05T10:41:57.250+0200] {dag.py:3504} INFO - Setting next_dagrun for tutorial_dag to None, run_after=None
[2023-08-05T10:41:57.269+0200] {processor.py:179} INFO - Processing /Users/felipe.vasconcelos/repos/courses/python-learnings/.venv/lib/python3.10/site-packages/airflow/example_dags/tutorial_dag.py took 0.813 seconds
[2023-08-05T10:45:34.452+0200] {processor.py:157} INFO - Started process (PID=82762) to work on /Users/felipe.vasconcelos/repos/courses/python-learnings/.venv/lib/python3.10/site-packages/airflow/example_dags/tutorial_dag.py
[2023-08-05T10:45:34.459+0200] {processor.py:826} INFO - Processing file /Users/felipe.vasconcelos/repos/courses/python-learnings/.venv/lib/python3.10/site-packages/airflow/example_dags/tutorial_dag.py for tasks to queue
[2023-08-05T10:45:34.460+0200] {logging_mixin.py:150} INFO - [2023-08-05T10:45:34.459+0200] {dagbag.py:541} INFO - Filling up the DagBag from /Users/felipe.vasconcelos/repos/courses/python-learnings/.venv/lib/python3.10/site-packages/airflow/example_dags/tutorial_dag.py
[2023-08-05T10:45:34.520+0200] {processor.py:836} INFO - DAG(s) dict_keys(['tutorial_dag']) retrieved from /Users/felipe.vasconcelos/repos/courses/python-learnings/.venv/lib/python3.10/site-packages/airflow/example_dags/tutorial_dag.py
[2023-08-05T10:45:35.757+0200] {logging_mixin.py:150} INFO - [2023-08-05T10:45:35.757+0200] {dag.py:2742} INFO - Sync 1 DAGs
[2023-08-05T10:45:35.796+0200] {logging_mixin.py:150} INFO - [2023-08-05T10:45:35.796+0200] {dag.py:3504} INFO - Setting next_dagrun for tutorial_dag to None, run_after=None
[2023-08-05T10:45:35.828+0200] {processor.py:179} INFO - Processing /Users/felipe.vasconcelos/repos/courses/python-learnings/.venv/lib/python3.10/site-packages/airflow/example_dags/tutorial_dag.py took 1.377 seconds
[2023-08-05T10:48:12.545+0200] {processor.py:157} INFO - Started process (PID=82862) to work on /Users/felipe.vasconcelos/repos/courses/python-learnings/.venv/lib/python3.10/site-packages/airflow/example_dags/tutorial_dag.py
[2023-08-05T10:48:12.552+0200] {processor.py:826} INFO - Processing file /Users/felipe.vasconcelos/repos/courses/python-learnings/.venv/lib/python3.10/site-packages/airflow/example_dags/tutorial_dag.py for tasks to queue
[2023-08-05T10:48:12.553+0200] {logging_mixin.py:150} INFO - [2023-08-05T10:48:12.552+0200] {dagbag.py:541} INFO - Filling up the DagBag from /Users/felipe.vasconcelos/repos/courses/python-learnings/.venv/lib/python3.10/site-packages/airflow/example_dags/tutorial_dag.py
[2023-08-05T10:48:12.595+0200] {processor.py:836} INFO - DAG(s) dict_keys(['tutorial_dag']) retrieved from /Users/felipe.vasconcelos/repos/courses/python-learnings/.venv/lib/python3.10/site-packages/airflow/example_dags/tutorial_dag.py
[2023-08-05T10:48:13.289+0200] {logging_mixin.py:150} INFO - [2023-08-05T10:48:13.289+0200] {dag.py:2742} INFO - Sync 1 DAGs
[2023-08-05T10:48:13.307+0200] {logging_mixin.py:150} INFO - [2023-08-05T10:48:13.307+0200] {dag.py:3504} INFO - Setting next_dagrun for tutorial_dag to None, run_after=None
[2023-08-05T10:48:13.327+0200] {processor.py:179} INFO - Processing /Users/felipe.vasconcelos/repos/courses/python-learnings/.venv/lib/python3.10/site-packages/airflow/example_dags/tutorial_dag.py took 0.783 seconds
[2023-08-05T10:50:24.410+0200] {processor.py:157} INFO - Started process (PID=82923) to work on /Users/felipe.vasconcelos/repos/courses/python-learnings/.venv/lib/python3.10/site-packages/airflow/example_dags/tutorial_dag.py
[2023-08-05T10:50:24.416+0200] {processor.py:826} INFO - Processing file /Users/felipe.vasconcelos/repos/courses/python-learnings/.venv/lib/python3.10/site-packages/airflow/example_dags/tutorial_dag.py for tasks to queue
[2023-08-05T10:50:24.417+0200] {logging_mixin.py:150} INFO - [2023-08-05T10:50:24.416+0200] {dagbag.py:541} INFO - Filling up the DagBag from /Users/felipe.vasconcelos/repos/courses/python-learnings/.venv/lib/python3.10/site-packages/airflow/example_dags/tutorial_dag.py
[2023-08-05T10:50:24.454+0200] {processor.py:836} INFO - DAG(s) dict_keys(['tutorial_dag']) retrieved from /Users/felipe.vasconcelos/repos/courses/python-learnings/.venv/lib/python3.10/site-packages/airflow/example_dags/tutorial_dag.py
[2023-08-05T10:50:25.166+0200] {logging_mixin.py:150} INFO - [2023-08-05T10:50:25.166+0200] {dag.py:2742} INFO - Sync 1 DAGs
[2023-08-05T10:50:25.183+0200] {logging_mixin.py:150} INFO - [2023-08-05T10:50:25.183+0200] {dag.py:3504} INFO - Setting next_dagrun for tutorial_dag to None, run_after=None
[2023-08-05T10:50:25.202+0200] {processor.py:179} INFO - Processing /Users/felipe.vasconcelos/repos/courses/python-learnings/.venv/lib/python3.10/site-packages/airflow/example_dags/tutorial_dag.py took 0.793 seconds
[2023-08-05T10:52:43.699+0200] {processor.py:157} INFO - Started process (PID=82988) to work on /Users/felipe.vasconcelos/repos/courses/python-learnings/.venv/lib/python3.10/site-packages/airflow/example_dags/tutorial_dag.py
[2023-08-05T10:52:43.712+0200] {processor.py:826} INFO - Processing file /Users/felipe.vasconcelos/repos/courses/python-learnings/.venv/lib/python3.10/site-packages/airflow/example_dags/tutorial_dag.py for tasks to queue
[2023-08-05T10:52:43.713+0200] {logging_mixin.py:150} INFO - [2023-08-05T10:52:43.713+0200] {dagbag.py:541} INFO - Filling up the DagBag from /Users/felipe.vasconcelos/repos/courses/python-learnings/.venv/lib/python3.10/site-packages/airflow/example_dags/tutorial_dag.py
[2023-08-05T10:52:43.758+0200] {processor.py:836} INFO - DAG(s) dict_keys(['tutorial_dag']) retrieved from /Users/felipe.vasconcelos/repos/courses/python-learnings/.venv/lib/python3.10/site-packages/airflow/example_dags/tutorial_dag.py
[2023-08-05T10:52:44.516+0200] {logging_mixin.py:150} INFO - [2023-08-05T10:52:44.516+0200] {dag.py:2742} INFO - Sync 1 DAGs
[2023-08-05T10:52:44.536+0200] {logging_mixin.py:150} INFO - [2023-08-05T10:52:44.536+0200] {dag.py:3504} INFO - Setting next_dagrun for tutorial_dag to None, run_after=None
[2023-08-05T10:52:44.558+0200] {processor.py:179} INFO - Processing /Users/felipe.vasconcelos/repos/courses/python-learnings/.venv/lib/python3.10/site-packages/airflow/example_dags/tutorial_dag.py took 0.860 seconds
[2023-08-05T10:54:55.953+0200] {processor.py:157} INFO - Started process (PID=83045) to work on /Users/felipe.vasconcelos/repos/courses/python-learnings/.venv/lib/python3.10/site-packages/airflow/example_dags/tutorial_dag.py
[2023-08-05T10:54:55.960+0200] {processor.py:826} INFO - Processing file /Users/felipe.vasconcelos/repos/courses/python-learnings/.venv/lib/python3.10/site-packages/airflow/example_dags/tutorial_dag.py for tasks to queue
[2023-08-05T10:54:55.961+0200] {logging_mixin.py:150} INFO - [2023-08-05T10:54:55.961+0200] {dagbag.py:541} INFO - Filling up the DagBag from /Users/felipe.vasconcelos/repos/courses/python-learnings/.venv/lib/python3.10/site-packages/airflow/example_dags/tutorial_dag.py
[2023-08-05T10:54:55.999+0200] {processor.py:836} INFO - DAG(s) dict_keys(['tutorial_dag']) retrieved from /Users/felipe.vasconcelos/repos/courses/python-learnings/.venv/lib/python3.10/site-packages/airflow/example_dags/tutorial_dag.py
[2023-08-05T10:54:56.750+0200] {logging_mixin.py:150} INFO - [2023-08-05T10:54:56.749+0200] {dag.py:2742} INFO - Sync 1 DAGs
[2023-08-05T10:54:56.767+0200] {logging_mixin.py:150} INFO - [2023-08-05T10:54:56.766+0200] {dag.py:3504} INFO - Setting next_dagrun for tutorial_dag to None, run_after=None
[2023-08-05T10:54:56.787+0200] {processor.py:179} INFO - Processing /Users/felipe.vasconcelos/repos/courses/python-learnings/.venv/lib/python3.10/site-packages/airflow/example_dags/tutorial_dag.py took 0.835 seconds
[2023-08-05T10:57:05.188+0200] {processor.py:157} INFO - Started process (PID=83107) to work on /Users/felipe.vasconcelos/repos/courses/python-learnings/.venv/lib/python3.10/site-packages/airflow/example_dags/tutorial_dag.py
[2023-08-05T10:57:05.194+0200] {processor.py:826} INFO - Processing file /Users/felipe.vasconcelos/repos/courses/python-learnings/.venv/lib/python3.10/site-packages/airflow/example_dags/tutorial_dag.py for tasks to queue
[2023-08-05T10:57:05.195+0200] {logging_mixin.py:150} INFO - [2023-08-05T10:57:05.194+0200] {dagbag.py:541} INFO - Filling up the DagBag from /Users/felipe.vasconcelos/repos/courses/python-learnings/.venv/lib/python3.10/site-packages/airflow/example_dags/tutorial_dag.py
[2023-08-05T10:57:05.233+0200] {processor.py:836} INFO - DAG(s) dict_keys(['tutorial_dag']) retrieved from /Users/felipe.vasconcelos/repos/courses/python-learnings/.venv/lib/python3.10/site-packages/airflow/example_dags/tutorial_dag.py
[2023-08-05T10:57:05.972+0200] {logging_mixin.py:150} INFO - [2023-08-05T10:57:05.971+0200] {dag.py:2742} INFO - Sync 1 DAGs
[2023-08-05T10:57:05.989+0200] {logging_mixin.py:150} INFO - [2023-08-05T10:57:05.989+0200] {dag.py:3504} INFO - Setting next_dagrun for tutorial_dag to None, run_after=None
[2023-08-05T10:57:06.010+0200] {processor.py:179} INFO - Processing /Users/felipe.vasconcelos/repos/courses/python-learnings/.venv/lib/python3.10/site-packages/airflow/example_dags/tutorial_dag.py took 0.824 seconds
[2023-08-05T10:59:21.034+0200] {processor.py:157} INFO - Started process (PID=83174) to work on /Users/felipe.vasconcelos/repos/courses/python-learnings/.venv/lib/python3.10/site-packages/airflow/example_dags/tutorial_dag.py
[2023-08-05T10:59:21.040+0200] {processor.py:826} INFO - Processing file /Users/felipe.vasconcelos/repos/courses/python-learnings/.venv/lib/python3.10/site-packages/airflow/example_dags/tutorial_dag.py for tasks to queue
[2023-08-05T10:59:21.041+0200] {logging_mixin.py:150} INFO - [2023-08-05T10:59:21.041+0200] {dagbag.py:541} INFO - Filling up the DagBag from /Users/felipe.vasconcelos/repos/courses/python-learnings/.venv/lib/python3.10/site-packages/airflow/example_dags/tutorial_dag.py
[2023-08-05T10:59:21.086+0200] {processor.py:836} INFO - DAG(s) dict_keys(['tutorial_dag']) retrieved from /Users/felipe.vasconcelos/repos/courses/python-learnings/.venv/lib/python3.10/site-packages/airflow/example_dags/tutorial_dag.py
[2023-08-05T10:59:21.871+0200] {logging_mixin.py:150} INFO - [2023-08-05T10:59:21.871+0200] {dag.py:2742} INFO - Sync 1 DAGs
[2023-08-05T10:59:21.893+0200] {logging_mixin.py:150} INFO - [2023-08-05T10:59:21.893+0200] {dag.py:3504} INFO - Setting next_dagrun for tutorial_dag to None, run_after=None
[2023-08-05T10:59:21.914+0200] {processor.py:179} INFO - Processing /Users/felipe.vasconcelos/repos/courses/python-learnings/.venv/lib/python3.10/site-packages/airflow/example_dags/tutorial_dag.py took 0.882 seconds
[2023-08-05T11:13:45.481+0200] {processor.py:157} INFO - Started process (PID=83311) to work on /Users/felipe.vasconcelos/repos/courses/python-learnings/.venv/lib/python3.10/site-packages/airflow/example_dags/tutorial_dag.py
[2023-08-05T11:13:45.488+0200] {processor.py:826} INFO - Processing file /Users/felipe.vasconcelos/repos/courses/python-learnings/.venv/lib/python3.10/site-packages/airflow/example_dags/tutorial_dag.py for tasks to queue
[2023-08-05T11:13:45.489+0200] {logging_mixin.py:150} INFO - [2023-08-05T11:13:45.489+0200] {dagbag.py:541} INFO - Filling up the DagBag from /Users/felipe.vasconcelos/repos/courses/python-learnings/.venv/lib/python3.10/site-packages/airflow/example_dags/tutorial_dag.py
[2023-08-05T11:13:45.530+0200] {processor.py:836} INFO - DAG(s) dict_keys(['tutorial_dag']) retrieved from /Users/felipe.vasconcelos/repos/courses/python-learnings/.venv/lib/python3.10/site-packages/airflow/example_dags/tutorial_dag.py
[2023-08-05T11:13:46.300+0200] {logging_mixin.py:150} INFO - [2023-08-05T11:13:46.300+0200] {dag.py:2742} INFO - Sync 1 DAGs
[2023-08-05T11:13:46.318+0200] {logging_mixin.py:150} INFO - [2023-08-05T11:13:46.318+0200] {dag.py:3504} INFO - Setting next_dagrun for tutorial_dag to None, run_after=None
[2023-08-05T11:13:46.341+0200] {processor.py:179} INFO - Processing /Users/felipe.vasconcelos/repos/courses/python-learnings/.venv/lib/python3.10/site-packages/airflow/example_dags/tutorial_dag.py took 0.861 seconds
[2023-08-05T11:15:53.048+0200] {processor.py:157} INFO - Started process (PID=83369) to work on /Users/felipe.vasconcelos/repos/courses/python-learnings/.venv/lib/python3.10/site-packages/airflow/example_dags/tutorial_dag.py
[2023-08-05T11:15:53.055+0200] {processor.py:826} INFO - Processing file /Users/felipe.vasconcelos/repos/courses/python-learnings/.venv/lib/python3.10/site-packages/airflow/example_dags/tutorial_dag.py for tasks to queue
[2023-08-05T11:15:53.055+0200] {logging_mixin.py:150} INFO - [2023-08-05T11:15:53.055+0200] {dagbag.py:541} INFO - Filling up the DagBag from /Users/felipe.vasconcelos/repos/courses/python-learnings/.venv/lib/python3.10/site-packages/airflow/example_dags/tutorial_dag.py
[2023-08-05T11:15:53.092+0200] {processor.py:836} INFO - DAG(s) dict_keys(['tutorial_dag']) retrieved from /Users/felipe.vasconcelos/repos/courses/python-learnings/.venv/lib/python3.10/site-packages/airflow/example_dags/tutorial_dag.py
[2023-08-05T11:15:53.814+0200] {logging_mixin.py:150} INFO - [2023-08-05T11:15:53.814+0200] {dag.py:2742} INFO - Sync 1 DAGs
[2023-08-05T11:15:53.832+0200] {logging_mixin.py:150} INFO - [2023-08-05T11:15:53.831+0200] {dag.py:3504} INFO - Setting next_dagrun for tutorial_dag to None, run_after=None
[2023-08-05T11:15:53.850+0200] {processor.py:179} INFO - Processing /Users/felipe.vasconcelos/repos/courses/python-learnings/.venv/lib/python3.10/site-packages/airflow/example_dags/tutorial_dag.py took 0.803 seconds
[2023-08-05T11:17:58.864+0200] {processor.py:157} INFO - Started process (PID=83423) to work on /Users/felipe.vasconcelos/repos/courses/python-learnings/.venv/lib/python3.10/site-packages/airflow/example_dags/tutorial_dag.py
[2023-08-05T11:17:58.871+0200] {processor.py:826} INFO - Processing file /Users/felipe.vasconcelos/repos/courses/python-learnings/.venv/lib/python3.10/site-packages/airflow/example_dags/tutorial_dag.py for tasks to queue
[2023-08-05T11:17:58.872+0200] {logging_mixin.py:150} INFO - [2023-08-05T11:17:58.871+0200] {dagbag.py:541} INFO - Filling up the DagBag from /Users/felipe.vasconcelos/repos/courses/python-learnings/.venv/lib/python3.10/site-packages/airflow/example_dags/tutorial_dag.py
[2023-08-05T11:17:58.911+0200] {processor.py:836} INFO - DAG(s) dict_keys(['tutorial_dag']) retrieved from /Users/felipe.vasconcelos/repos/courses/python-learnings/.venv/lib/python3.10/site-packages/airflow/example_dags/tutorial_dag.py
[2023-08-05T11:17:59.719+0200] {logging_mixin.py:150} INFO - [2023-08-05T11:17:59.718+0200] {dag.py:2742} INFO - Sync 1 DAGs
[2023-08-05T11:17:59.737+0200] {logging_mixin.py:150} INFO - [2023-08-05T11:17:59.737+0200] {dag.py:3504} INFO - Setting next_dagrun for tutorial_dag to None, run_after=None
[2023-08-05T11:17:59.757+0200] {processor.py:179} INFO - Processing /Users/felipe.vasconcelos/repos/courses/python-learnings/.venv/lib/python3.10/site-packages/airflow/example_dags/tutorial_dag.py took 0.894 seconds
[2023-08-05T11:20:11.463+0200] {processor.py:157} INFO - Started process (PID=83487) to work on /Users/felipe.vasconcelos/repos/courses/python-learnings/.venv/lib/python3.10/site-packages/airflow/example_dags/tutorial_dag.py
[2023-08-05T11:20:11.470+0200] {processor.py:826} INFO - Processing file /Users/felipe.vasconcelos/repos/courses/python-learnings/.venv/lib/python3.10/site-packages/airflow/example_dags/tutorial_dag.py for tasks to queue
[2023-08-05T11:20:11.470+0200] {logging_mixin.py:150} INFO - [2023-08-05T11:20:11.470+0200] {dagbag.py:541} INFO - Filling up the DagBag from /Users/felipe.vasconcelos/repos/courses/python-learnings/.venv/lib/python3.10/site-packages/airflow/example_dags/tutorial_dag.py
[2023-08-05T11:20:11.508+0200] {processor.py:836} INFO - DAG(s) dict_keys(['tutorial_dag']) retrieved from /Users/felipe.vasconcelos/repos/courses/python-learnings/.venv/lib/python3.10/site-packages/airflow/example_dags/tutorial_dag.py
[2023-08-05T11:20:12.225+0200] {logging_mixin.py:150} INFO - [2023-08-05T11:20:12.224+0200] {dag.py:2742} INFO - Sync 1 DAGs
[2023-08-05T11:20:12.246+0200] {logging_mixin.py:150} INFO - [2023-08-05T11:20:12.246+0200] {dag.py:3504} INFO - Setting next_dagrun for tutorial_dag to None, run_after=None
[2023-08-05T11:20:12.292+0200] {processor.py:179} INFO - Processing /Users/felipe.vasconcelos/repos/courses/python-learnings/.venv/lib/python3.10/site-packages/airflow/example_dags/tutorial_dag.py took 0.829 seconds
[2023-08-05T11:22:37.789+0200] {processor.py:157} INFO - Started process (PID=83561) to work on /Users/felipe.vasconcelos/repos/courses/python-learnings/.venv/lib/python3.10/site-packages/airflow/example_dags/tutorial_dag.py
[2023-08-05T11:22:37.795+0200] {processor.py:826} INFO - Processing file /Users/felipe.vasconcelos/repos/courses/python-learnings/.venv/lib/python3.10/site-packages/airflow/example_dags/tutorial_dag.py for tasks to queue
[2023-08-05T11:22:37.796+0200] {logging_mixin.py:150} INFO - [2023-08-05T11:22:37.796+0200] {dagbag.py:541} INFO - Filling up the DagBag from /Users/felipe.vasconcelos/repos/courses/python-learnings/.venv/lib/python3.10/site-packages/airflow/example_dags/tutorial_dag.py
[2023-08-05T11:22:37.837+0200] {processor.py:836} INFO - DAG(s) dict_keys(['tutorial_dag']) retrieved from /Users/felipe.vasconcelos/repos/courses/python-learnings/.venv/lib/python3.10/site-packages/airflow/example_dags/tutorial_dag.py
[2023-08-05T11:22:38.577+0200] {logging_mixin.py:150} INFO - [2023-08-05T11:22:38.576+0200] {dag.py:2742} INFO - Sync 1 DAGs
[2023-08-05T11:22:38.594+0200] {logging_mixin.py:150} INFO - [2023-08-05T11:22:38.594+0200] {dag.py:3504} INFO - Setting next_dagrun for tutorial_dag to None, run_after=None
[2023-08-05T11:22:38.616+0200] {processor.py:179} INFO - Processing /Users/felipe.vasconcelos/repos/courses/python-learnings/.venv/lib/python3.10/site-packages/airflow/example_dags/tutorial_dag.py took 0.829 seconds
[2023-08-05T11:24:52.341+0200] {processor.py:157} INFO - Started process (PID=83615) to work on /Users/felipe.vasconcelos/repos/courses/python-learnings/.venv/lib/python3.10/site-packages/airflow/example_dags/tutorial_dag.py
[2023-08-05T11:24:52.347+0200] {processor.py:826} INFO - Processing file /Users/felipe.vasconcelos/repos/courses/python-learnings/.venv/lib/python3.10/site-packages/airflow/example_dags/tutorial_dag.py for tasks to queue
[2023-08-05T11:24:52.349+0200] {logging_mixin.py:150} INFO - [2023-08-05T11:24:52.348+0200] {dagbag.py:541} INFO - Filling up the DagBag from /Users/felipe.vasconcelos/repos/courses/python-learnings/.venv/lib/python3.10/site-packages/airflow/example_dags/tutorial_dag.py
[2023-08-05T11:24:52.388+0200] {processor.py:836} INFO - DAG(s) dict_keys(['tutorial_dag']) retrieved from /Users/felipe.vasconcelos/repos/courses/python-learnings/.venv/lib/python3.10/site-packages/airflow/example_dags/tutorial_dag.py
[2023-08-05T11:24:53.075+0200] {logging_mixin.py:150} INFO - [2023-08-05T11:24:53.075+0200] {dag.py:2742} INFO - Sync 1 DAGs
[2023-08-05T11:24:53.093+0200] {logging_mixin.py:150} INFO - [2023-08-05T11:24:53.093+0200] {dag.py:3504} INFO - Setting next_dagrun for tutorial_dag to None, run_after=None
[2023-08-05T11:24:53.114+0200] {processor.py:179} INFO - Processing /Users/felipe.vasconcelos/repos/courses/python-learnings/.venv/lib/python3.10/site-packages/airflow/example_dags/tutorial_dag.py took 0.774 seconds
[2023-08-05T11:27:00.203+0200] {processor.py:157} INFO - Started process (PID=83673) to work on /Users/felipe.vasconcelos/repos/courses/python-learnings/.venv/lib/python3.10/site-packages/airflow/example_dags/tutorial_dag.py
[2023-08-05T11:27:00.209+0200] {processor.py:826} INFO - Processing file /Users/felipe.vasconcelos/repos/courses/python-learnings/.venv/lib/python3.10/site-packages/airflow/example_dags/tutorial_dag.py for tasks to queue
[2023-08-05T11:27:00.210+0200] {logging_mixin.py:150} INFO - [2023-08-05T11:27:00.210+0200] {dagbag.py:541} INFO - Filling up the DagBag from /Users/felipe.vasconcelos/repos/courses/python-learnings/.venv/lib/python3.10/site-packages/airflow/example_dags/tutorial_dag.py
[2023-08-05T11:27:00.252+0200] {processor.py:836} INFO - DAG(s) dict_keys(['tutorial_dag']) retrieved from /Users/felipe.vasconcelos/repos/courses/python-learnings/.venv/lib/python3.10/site-packages/airflow/example_dags/tutorial_dag.py
[2023-08-05T11:27:01.862+0200] {logging_mixin.py:150} INFO - [2023-08-05T11:27:01.861+0200] {dag.py:2742} INFO - Sync 1 DAGs
[2023-08-05T11:27:01.897+0200] {logging_mixin.py:150} INFO - [2023-08-05T11:27:01.896+0200] {dag.py:3504} INFO - Setting next_dagrun for tutorial_dag to None, run_after=None
[2023-08-05T11:27:01.934+0200] {processor.py:179} INFO - Processing /Users/felipe.vasconcelos/repos/courses/python-learnings/.venv/lib/python3.10/site-packages/airflow/example_dags/tutorial_dag.py took 1.732 seconds
[2023-08-05T11:29:18.754+0200] {processor.py:157} INFO - Started process (PID=83730) to work on /Users/felipe.vasconcelos/repos/courses/python-learnings/.venv/lib/python3.10/site-packages/airflow/example_dags/tutorial_dag.py
[2023-08-05T11:29:18.814+0200] {processor.py:826} INFO - Processing file /Users/felipe.vasconcelos/repos/courses/python-learnings/.venv/lib/python3.10/site-packages/airflow/example_dags/tutorial_dag.py for tasks to queue
[2023-08-05T11:29:18.817+0200] {logging_mixin.py:150} INFO - [2023-08-05T11:29:18.815+0200] {dagbag.py:541} INFO - Filling up the DagBag from /Users/felipe.vasconcelos/repos/courses/python-learnings/.venv/lib/python3.10/site-packages/airflow/example_dags/tutorial_dag.py
[2023-08-05T11:29:18.922+0200] {processor.py:836} INFO - DAG(s) dict_keys(['tutorial_dag']) retrieved from /Users/felipe.vasconcelos/repos/courses/python-learnings/.venv/lib/python3.10/site-packages/airflow/example_dags/tutorial_dag.py
[2023-08-05T11:29:20.245+0200] {logging_mixin.py:150} INFO - [2023-08-05T11:29:20.244+0200] {dag.py:2742} INFO - Sync 1 DAGs
[2023-08-05T11:29:20.270+0200] {logging_mixin.py:150} INFO - [2023-08-05T11:29:20.270+0200] {dag.py:3504} INFO - Setting next_dagrun for tutorial_dag to None, run_after=None
[2023-08-05T11:29:20.293+0200] {processor.py:179} INFO - Processing /Users/felipe.vasconcelos/repos/courses/python-learnings/.venv/lib/python3.10/site-packages/airflow/example_dags/tutorial_dag.py took 1.542 seconds
[2023-08-05T11:32:10.994+0200] {processor.py:157} INFO - Started process (PID=83821) to work on /Users/felipe.vasconcelos/repos/courses/python-learnings/.venv/lib/python3.10/site-packages/airflow/example_dags/tutorial_dag.py
[2023-08-05T11:32:11.001+0200] {processor.py:826} INFO - Processing file /Users/felipe.vasconcelos/repos/courses/python-learnings/.venv/lib/python3.10/site-packages/airflow/example_dags/tutorial_dag.py for tasks to queue
[2023-08-05T11:32:11.002+0200] {logging_mixin.py:150} INFO - [2023-08-05T11:32:11.002+0200] {dagbag.py:541} INFO - Filling up the DagBag from /Users/felipe.vasconcelos/repos/courses/python-learnings/.venv/lib/python3.10/site-packages/airflow/example_dags/tutorial_dag.py
[2023-08-05T11:32:11.057+0200] {processor.py:836} INFO - DAG(s) dict_keys(['tutorial_dag']) retrieved from /Users/felipe.vasconcelos/repos/courses/python-learnings/.venv/lib/python3.10/site-packages/airflow/example_dags/tutorial_dag.py
[2023-08-05T11:32:12.134+0200] {logging_mixin.py:150} INFO - [2023-08-05T11:32:12.134+0200] {dag.py:2742} INFO - Sync 1 DAGs
[2023-08-05T11:32:12.164+0200] {logging_mixin.py:150} INFO - [2023-08-05T11:32:12.164+0200] {dag.py:3504} INFO - Setting next_dagrun for tutorial_dag to None, run_after=None
[2023-08-05T11:32:12.194+0200] {processor.py:179} INFO - Processing /Users/felipe.vasconcelos/repos/courses/python-learnings/.venv/lib/python3.10/site-packages/airflow/example_dags/tutorial_dag.py took 1.202 seconds
[2023-08-05T11:34:52.294+0200] {processor.py:157} INFO - Started process (PID=83916) to work on /Users/felipe.vasconcelos/repos/courses/python-learnings/.venv/lib/python3.10/site-packages/airflow/example_dags/tutorial_dag.py
[2023-08-05T11:34:52.301+0200] {processor.py:826} INFO - Processing file /Users/felipe.vasconcelos/repos/courses/python-learnings/.venv/lib/python3.10/site-packages/airflow/example_dags/tutorial_dag.py for tasks to queue
[2023-08-05T11:34:52.302+0200] {logging_mixin.py:150} INFO - [2023-08-05T11:34:52.302+0200] {dagbag.py:541} INFO - Filling up the DagBag from /Users/felipe.vasconcelos/repos/courses/python-learnings/.venv/lib/python3.10/site-packages/airflow/example_dags/tutorial_dag.py
[2023-08-05T11:34:52.340+0200] {processor.py:836} INFO - DAG(s) dict_keys(['tutorial_dag']) retrieved from /Users/felipe.vasconcelos/repos/courses/python-learnings/.venv/lib/python3.10/site-packages/airflow/example_dags/tutorial_dag.py
[2023-08-05T11:34:53.018+0200] {logging_mixin.py:150} INFO - [2023-08-05T11:34:53.018+0200] {dag.py:2742} INFO - Sync 1 DAGs
[2023-08-05T11:34:53.036+0200] {logging_mixin.py:150} INFO - [2023-08-05T11:34:53.036+0200] {dag.py:3504} INFO - Setting next_dagrun for tutorial_dag to None, run_after=None
[2023-08-05T11:34:53.055+0200] {processor.py:179} INFO - Processing /Users/felipe.vasconcelos/repos/courses/python-learnings/.venv/lib/python3.10/site-packages/airflow/example_dags/tutorial_dag.py took 0.762 seconds
[2023-08-05T11:37:07.002+0200] {processor.py:157} INFO - Started process (PID=83988) to work on /Users/felipe.vasconcelos/repos/courses/python-learnings/.venv/lib/python3.10/site-packages/airflow/example_dags/tutorial_dag.py
[2023-08-05T11:37:07.009+0200] {processor.py:826} INFO - Processing file /Users/felipe.vasconcelos/repos/courses/python-learnings/.venv/lib/python3.10/site-packages/airflow/example_dags/tutorial_dag.py for tasks to queue
[2023-08-05T11:37:07.010+0200] {logging_mixin.py:150} INFO - [2023-08-05T11:37:07.010+0200] {dagbag.py:541} INFO - Filling up the DagBag from /Users/felipe.vasconcelos/repos/courses/python-learnings/.venv/lib/python3.10/site-packages/airflow/example_dags/tutorial_dag.py
[2023-08-05T11:37:07.050+0200] {processor.py:836} INFO - DAG(s) dict_keys(['tutorial_dag']) retrieved from /Users/felipe.vasconcelos/repos/courses/python-learnings/.venv/lib/python3.10/site-packages/airflow/example_dags/tutorial_dag.py
[2023-08-05T11:37:07.748+0200] {logging_mixin.py:150} INFO - [2023-08-05T11:37:07.748+0200] {dag.py:2742} INFO - Sync 1 DAGs
[2023-08-05T11:37:07.765+0200] {logging_mixin.py:150} INFO - [2023-08-05T11:37:07.764+0200] {dag.py:3504} INFO - Setting next_dagrun for tutorial_dag to None, run_after=None
[2023-08-05T11:37:07.784+0200] {processor.py:179} INFO - Processing /Users/felipe.vasconcelos/repos/courses/python-learnings/.venv/lib/python3.10/site-packages/airflow/example_dags/tutorial_dag.py took 0.782 seconds
[2023-08-05T11:39:14.023+0200] {processor.py:157} INFO - Started process (PID=84047) to work on /Users/felipe.vasconcelos/repos/courses/python-learnings/.venv/lib/python3.10/site-packages/airflow/example_dags/tutorial_dag.py
[2023-08-05T11:39:14.033+0200] {processor.py:826} INFO - Processing file /Users/felipe.vasconcelos/repos/courses/python-learnings/.venv/lib/python3.10/site-packages/airflow/example_dags/tutorial_dag.py for tasks to queue
[2023-08-05T11:39:14.033+0200] {logging_mixin.py:150} INFO - [2023-08-05T11:39:14.033+0200] {dagbag.py:541} INFO - Filling up the DagBag from /Users/felipe.vasconcelos/repos/courses/python-learnings/.venv/lib/python3.10/site-packages/airflow/example_dags/tutorial_dag.py
[2023-08-05T11:39:14.095+0200] {processor.py:836} INFO - DAG(s) dict_keys(['tutorial_dag']) retrieved from /Users/felipe.vasconcelos/repos/courses/python-learnings/.venv/lib/python3.10/site-packages/airflow/example_dags/tutorial_dag.py
[2023-08-05T11:39:17.259+0200] {logging_mixin.py:150} INFO - [2023-08-05T11:39:17.257+0200] {dag.py:2742} INFO - Sync 1 DAGs
[2023-08-05T11:39:17.293+0200] {logging_mixin.py:150} INFO - [2023-08-05T11:39:17.292+0200] {dag.py:3504} INFO - Setting next_dagrun for tutorial_dag to None, run_after=None
[2023-08-05T11:39:17.319+0200] {processor.py:179} INFO - Processing /Users/felipe.vasconcelos/repos/courses/python-learnings/.venv/lib/python3.10/site-packages/airflow/example_dags/tutorial_dag.py took 3.300 seconds
[2023-08-05T11:41:27.526+0200] {processor.py:157} INFO - Started process (PID=84119) to work on /Users/felipe.vasconcelos/repos/courses/python-learnings/.venv/lib/python3.10/site-packages/airflow/example_dags/tutorial_dag.py
[2023-08-05T11:41:27.532+0200] {processor.py:826} INFO - Processing file /Users/felipe.vasconcelos/repos/courses/python-learnings/.venv/lib/python3.10/site-packages/airflow/example_dags/tutorial_dag.py for tasks to queue
[2023-08-05T11:41:27.533+0200] {logging_mixin.py:150} INFO - [2023-08-05T11:41:27.533+0200] {dagbag.py:541} INFO - Filling up the DagBag from /Users/felipe.vasconcelos/repos/courses/python-learnings/.venv/lib/python3.10/site-packages/airflow/example_dags/tutorial_dag.py
[2023-08-05T11:41:27.574+0200] {processor.py:836} INFO - DAG(s) dict_keys(['tutorial_dag']) retrieved from /Users/felipe.vasconcelos/repos/courses/python-learnings/.venv/lib/python3.10/site-packages/airflow/example_dags/tutorial_dag.py
[2023-08-05T11:41:28.572+0200] {logging_mixin.py:150} INFO - [2023-08-05T11:41:28.572+0200] {dag.py:2742} INFO - Sync 1 DAGs
[2023-08-05T11:41:28.605+0200] {logging_mixin.py:150} INFO - [2023-08-05T11:41:28.605+0200] {dag.py:3504} INFO - Setting next_dagrun for tutorial_dag to None, run_after=None
[2023-08-05T11:41:28.632+0200] {processor.py:179} INFO - Processing /Users/felipe.vasconcelos/repos/courses/python-learnings/.venv/lib/python3.10/site-packages/airflow/example_dags/tutorial_dag.py took 1.107 seconds
[2023-08-05T11:43:37.405+0200] {processor.py:157} INFO - Started process (PID=84176) to work on /Users/felipe.vasconcelos/repos/courses/python-learnings/.venv/lib/python3.10/site-packages/airflow/example_dags/tutorial_dag.py
[2023-08-05T11:43:37.411+0200] {processor.py:826} INFO - Processing file /Users/felipe.vasconcelos/repos/courses/python-learnings/.venv/lib/python3.10/site-packages/airflow/example_dags/tutorial_dag.py for tasks to queue
[2023-08-05T11:43:37.412+0200] {logging_mixin.py:150} INFO - [2023-08-05T11:43:37.412+0200] {dagbag.py:541} INFO - Filling up the DagBag from /Users/felipe.vasconcelos/repos/courses/python-learnings/.venv/lib/python3.10/site-packages/airflow/example_dags/tutorial_dag.py
[2023-08-05T11:43:37.451+0200] {processor.py:836} INFO - DAG(s) dict_keys(['tutorial_dag']) retrieved from /Users/felipe.vasconcelos/repos/courses/python-learnings/.venv/lib/python3.10/site-packages/airflow/example_dags/tutorial_dag.py
[2023-08-05T11:43:38.268+0200] {logging_mixin.py:150} INFO - [2023-08-05T11:43:38.268+0200] {dag.py:2742} INFO - Sync 1 DAGs
[2023-08-05T11:43:38.286+0200] {logging_mixin.py:150} INFO - [2023-08-05T11:43:38.286+0200] {dag.py:3504} INFO - Setting next_dagrun for tutorial_dag to None, run_after=None
[2023-08-05T11:43:38.305+0200] {processor.py:179} INFO - Processing /Users/felipe.vasconcelos/repos/courses/python-learnings/.venv/lib/python3.10/site-packages/airflow/example_dags/tutorial_dag.py took 0.901 seconds
[2023-08-05T11:45:43.976+0200] {processor.py:157} INFO - Started process (PID=84242) to work on /Users/felipe.vasconcelos/repos/courses/python-learnings/.venv/lib/python3.10/site-packages/airflow/example_dags/tutorial_dag.py
[2023-08-05T11:45:43.982+0200] {processor.py:826} INFO - Processing file /Users/felipe.vasconcelos/repos/courses/python-learnings/.venv/lib/python3.10/site-packages/airflow/example_dags/tutorial_dag.py for tasks to queue
[2023-08-05T11:45:43.983+0200] {logging_mixin.py:150} INFO - [2023-08-05T11:45:43.982+0200] {dagbag.py:541} INFO - Filling up the DagBag from /Users/felipe.vasconcelos/repos/courses/python-learnings/.venv/lib/python3.10/site-packages/airflow/example_dags/tutorial_dag.py
[2023-08-05T11:45:44.028+0200] {processor.py:836} INFO - DAG(s) dict_keys(['tutorial_dag']) retrieved from /Users/felipe.vasconcelos/repos/courses/python-learnings/.venv/lib/python3.10/site-packages/airflow/example_dags/tutorial_dag.py
[2023-08-05T11:45:44.825+0200] {logging_mixin.py:150} INFO - [2023-08-05T11:45:44.825+0200] {dag.py:2742} INFO - Sync 1 DAGs
[2023-08-05T11:45:44.844+0200] {logging_mixin.py:150} INFO - [2023-08-05T11:45:44.843+0200] {dag.py:3504} INFO - Setting next_dagrun for tutorial_dag to None, run_after=None
[2023-08-05T11:45:44.864+0200] {processor.py:179} INFO - Processing /Users/felipe.vasconcelos/repos/courses/python-learnings/.venv/lib/python3.10/site-packages/airflow/example_dags/tutorial_dag.py took 0.889 seconds
[2023-08-05T11:48:26.006+0200] {processor.py:157} INFO - Started process (PID=84341) to work on /Users/felipe.vasconcelos/repos/courses/python-learnings/.venv/lib/python3.10/site-packages/airflow/example_dags/tutorial_dag.py
[2023-08-05T11:48:26.013+0200] {processor.py:826} INFO - Processing file /Users/felipe.vasconcelos/repos/courses/python-learnings/.venv/lib/python3.10/site-packages/airflow/example_dags/tutorial_dag.py for tasks to queue
[2023-08-05T11:48:26.014+0200] {logging_mixin.py:150} INFO - [2023-08-05T11:48:26.013+0200] {dagbag.py:541} INFO - Filling up the DagBag from /Users/felipe.vasconcelos/repos/courses/python-learnings/.venv/lib/python3.10/site-packages/airflow/example_dags/tutorial_dag.py
[2023-08-05T11:48:26.069+0200] {processor.py:836} INFO - DAG(s) dict_keys(['tutorial_dag']) retrieved from /Users/felipe.vasconcelos/repos/courses/python-learnings/.venv/lib/python3.10/site-packages/airflow/example_dags/tutorial_dag.py
[2023-08-05T11:48:27.955+0200] {logging_mixin.py:150} INFO - [2023-08-05T11:48:27.954+0200] {dag.py:2742} INFO - Sync 1 DAGs
[2023-08-05T11:48:28.001+0200] {logging_mixin.py:150} INFO - [2023-08-05T11:48:28.001+0200] {dag.py:3504} INFO - Setting next_dagrun for tutorial_dag to None, run_after=None
[2023-08-05T11:48:28.046+0200] {processor.py:179} INFO - Processing /Users/felipe.vasconcelos/repos/courses/python-learnings/.venv/lib/python3.10/site-packages/airflow/example_dags/tutorial_dag.py took 2.041 seconds
[2023-08-05T11:50:57.367+0200] {processor.py:157} INFO - Started process (PID=84420) to work on /Users/felipe.vasconcelos/repos/courses/python-learnings/.venv/lib/python3.10/site-packages/airflow/example_dags/tutorial_dag.py
[2023-08-05T11:50:57.372+0200] {processor.py:826} INFO - Processing file /Users/felipe.vasconcelos/repos/courses/python-learnings/.venv/lib/python3.10/site-packages/airflow/example_dags/tutorial_dag.py for tasks to queue
[2023-08-05T11:50:57.373+0200] {logging_mixin.py:150} INFO - [2023-08-05T11:50:57.373+0200] {dagbag.py:541} INFO - Filling up the DagBag from /Users/felipe.vasconcelos/repos/courses/python-learnings/.venv/lib/python3.10/site-packages/airflow/example_dags/tutorial_dag.py
[2023-08-05T11:50:57.409+0200] {processor.py:836} INFO - DAG(s) dict_keys(['tutorial_dag']) retrieved from /Users/felipe.vasconcelos/repos/courses/python-learnings/.venv/lib/python3.10/site-packages/airflow/example_dags/tutorial_dag.py
[2023-08-05T11:50:58.097+0200] {logging_mixin.py:150} INFO - [2023-08-05T11:50:58.096+0200] {dag.py:2742} INFO - Sync 1 DAGs
[2023-08-05T11:50:58.117+0200] {logging_mixin.py:150} INFO - [2023-08-05T11:50:58.117+0200] {dag.py:3504} INFO - Setting next_dagrun for tutorial_dag to None, run_after=None
[2023-08-05T11:50:58.137+0200] {processor.py:179} INFO - Processing /Users/felipe.vasconcelos/repos/courses/python-learnings/.venv/lib/python3.10/site-packages/airflow/example_dags/tutorial_dag.py took 0.771 seconds
[2023-08-05T11:53:06.670+0200] {processor.py:157} INFO - Started process (PID=84479) to work on /Users/felipe.vasconcelos/repos/courses/python-learnings/.venv/lib/python3.10/site-packages/airflow/example_dags/tutorial_dag.py
[2023-08-05T11:53:06.677+0200] {processor.py:826} INFO - Processing file /Users/felipe.vasconcelos/repos/courses/python-learnings/.venv/lib/python3.10/site-packages/airflow/example_dags/tutorial_dag.py for tasks to queue
[2023-08-05T11:53:06.678+0200] {logging_mixin.py:150} INFO - [2023-08-05T11:53:06.678+0200] {dagbag.py:541} INFO - Filling up the DagBag from /Users/felipe.vasconcelos/repos/courses/python-learnings/.venv/lib/python3.10/site-packages/airflow/example_dags/tutorial_dag.py
[2023-08-05T11:53:06.717+0200] {processor.py:836} INFO - DAG(s) dict_keys(['tutorial_dag']) retrieved from /Users/felipe.vasconcelos/repos/courses/python-learnings/.venv/lib/python3.10/site-packages/airflow/example_dags/tutorial_dag.py
[2023-08-05T11:53:07.455+0200] {logging_mixin.py:150} INFO - [2023-08-05T11:53:07.454+0200] {dag.py:2742} INFO - Sync 1 DAGs
[2023-08-05T11:53:07.473+0200] {logging_mixin.py:150} INFO - [2023-08-05T11:53:07.472+0200] {dag.py:3504} INFO - Setting next_dagrun for tutorial_dag to None, run_after=None
[2023-08-05T11:53:07.492+0200] {processor.py:179} INFO - Processing /Users/felipe.vasconcelos/repos/courses/python-learnings/.venv/lib/python3.10/site-packages/airflow/example_dags/tutorial_dag.py took 0.823 seconds
[2023-08-05T11:55:18.072+0200] {processor.py:157} INFO - Started process (PID=84545) to work on /Users/felipe.vasconcelos/repos/courses/python-learnings/.venv/lib/python3.10/site-packages/airflow/example_dags/tutorial_dag.py
[2023-08-05T11:55:18.078+0200] {processor.py:826} INFO - Processing file /Users/felipe.vasconcelos/repos/courses/python-learnings/.venv/lib/python3.10/site-packages/airflow/example_dags/tutorial_dag.py for tasks to queue
[2023-08-05T11:55:18.079+0200] {logging_mixin.py:150} INFO - [2023-08-05T11:55:18.079+0200] {dagbag.py:541} INFO - Filling up the DagBag from /Users/felipe.vasconcelos/repos/courses/python-learnings/.venv/lib/python3.10/site-packages/airflow/example_dags/tutorial_dag.py
[2023-08-05T11:55:18.553+0200] {processor.py:836} INFO - DAG(s) dict_keys(['tutorial_dag']) retrieved from /Users/felipe.vasconcelos/repos/courses/python-learnings/.venv/lib/python3.10/site-packages/airflow/example_dags/tutorial_dag.py
[2023-08-05T11:55:19.747+0200] {logging_mixin.py:150} INFO - [2023-08-05T11:55:19.746+0200] {dag.py:2742} INFO - Sync 1 DAGs
[2023-08-05T11:55:19.765+0200] {logging_mixin.py:150} INFO - [2023-08-05T11:55:19.764+0200] {dag.py:3504} INFO - Setting next_dagrun for tutorial_dag to None, run_after=None
[2023-08-05T11:55:19.783+0200] {processor.py:179} INFO - Processing /Users/felipe.vasconcelos/repos/courses/python-learnings/.venv/lib/python3.10/site-packages/airflow/example_dags/tutorial_dag.py took 1.712 seconds
[2023-08-05T11:57:18.094+0200] {processor.py:157} INFO - Started process (PID=84605) to work on /Users/felipe.vasconcelos/repos/courses/python-learnings/.venv/lib/python3.10/site-packages/airflow/example_dags/tutorial_dag.py
[2023-08-05T11:57:18.756+0200] {processor.py:826} INFO - Processing file /Users/felipe.vasconcelos/repos/courses/python-learnings/.venv/lib/python3.10/site-packages/airflow/example_dags/tutorial_dag.py for tasks to queue
[2023-08-05T11:57:18.758+0200] {logging_mixin.py:150} INFO - [2023-08-05T11:57:18.758+0200] {dagbag.py:541} INFO - Filling up the DagBag from /Users/felipe.vasconcelos/repos/courses/python-learnings/.venv/lib/python3.10/site-packages/airflow/example_dags/tutorial_dag.py
[2023-08-05T11:57:19.305+0200] {processor.py:836} INFO - DAG(s) dict_keys(['tutorial_dag']) retrieved from /Users/felipe.vasconcelos/repos/courses/python-learnings/.venv/lib/python3.10/site-packages/airflow/example_dags/tutorial_dag.py
[2023-08-05T11:57:21.025+0200] {logging_mixin.py:150} INFO - [2023-08-05T11:57:21.024+0200] {dag.py:2742} INFO - Sync 1 DAGs
[2023-08-05T11:57:21.056+0200] {logging_mixin.py:150} INFO - [2023-08-05T11:57:21.055+0200] {dag.py:3504} INFO - Setting next_dagrun for tutorial_dag to None, run_after=None
[2023-08-05T11:57:21.093+0200] {processor.py:179} INFO - Processing /Users/felipe.vasconcelos/repos/courses/python-learnings/.venv/lib/python3.10/site-packages/airflow/example_dags/tutorial_dag.py took 3.000 seconds
[2023-08-05T11:59:58.634+0200] {processor.py:157} INFO - Started process (PID=84691) to work on /Users/felipe.vasconcelos/repos/courses/python-learnings/.venv/lib/python3.10/site-packages/airflow/example_dags/tutorial_dag.py
[2023-08-05T11:59:58.642+0200] {processor.py:826} INFO - Processing file /Users/felipe.vasconcelos/repos/courses/python-learnings/.venv/lib/python3.10/site-packages/airflow/example_dags/tutorial_dag.py for tasks to queue
[2023-08-05T11:59:58.643+0200] {logging_mixin.py:150} INFO - [2023-08-05T11:59:58.643+0200] {dagbag.py:541} INFO - Filling up the DagBag from /Users/felipe.vasconcelos/repos/courses/python-learnings/.venv/lib/python3.10/site-packages/airflow/example_dags/tutorial_dag.py
[2023-08-05T11:59:58.683+0200] {processor.py:836} INFO - DAG(s) dict_keys(['tutorial_dag']) retrieved from /Users/felipe.vasconcelos/repos/courses/python-learnings/.venv/lib/python3.10/site-packages/airflow/example_dags/tutorial_dag.py
[2023-08-05T11:59:59.723+0200] {logging_mixin.py:150} INFO - [2023-08-05T11:59:59.723+0200] {dag.py:2742} INFO - Sync 1 DAGs
[2023-08-05T11:59:59.752+0200] {logging_mixin.py:150} INFO - [2023-08-05T11:59:59.751+0200] {dag.py:3504} INFO - Setting next_dagrun for tutorial_dag to None, run_after=None
[2023-08-05T11:59:59.776+0200] {processor.py:179} INFO - Processing /Users/felipe.vasconcelos/repos/courses/python-learnings/.venv/lib/python3.10/site-packages/airflow/example_dags/tutorial_dag.py took 1.143 seconds
[2023-08-05T12:03:54.258+0200] {processor.py:157} INFO - Started process (PID=84863) to work on /Users/felipe.vasconcelos/repos/courses/python-learnings/.venv/lib/python3.10/site-packages/airflow/example_dags/tutorial_dag.py
[2023-08-05T12:03:54.264+0200] {processor.py:826} INFO - Processing file /Users/felipe.vasconcelos/repos/courses/python-learnings/.venv/lib/python3.10/site-packages/airflow/example_dags/tutorial_dag.py for tasks to queue
[2023-08-05T12:03:54.265+0200] {logging_mixin.py:150} INFO - [2023-08-05T12:03:54.265+0200] {dagbag.py:541} INFO - Filling up the DagBag from /Users/felipe.vasconcelos/repos/courses/python-learnings/.venv/lib/python3.10/site-packages/airflow/example_dags/tutorial_dag.py
[2023-08-05T12:03:54.318+0200] {processor.py:836} INFO - DAG(s) dict_keys(['tutorial_dag']) retrieved from /Users/felipe.vasconcelos/repos/courses/python-learnings/.venv/lib/python3.10/site-packages/airflow/example_dags/tutorial_dag.py
[2023-08-05T12:03:55.764+0200] {logging_mixin.py:150} INFO - [2023-08-05T12:03:55.763+0200] {dag.py:2742} INFO - Sync 1 DAGs
[2023-08-05T12:03:55.886+0200] {logging_mixin.py:150} INFO - [2023-08-05T12:03:55.886+0200] {dag.py:3504} INFO - Setting next_dagrun for tutorial_dag to None, run_after=None
[2023-08-05T12:03:55.960+0200] {processor.py:179} INFO - Processing /Users/felipe.vasconcelos/repos/courses/python-learnings/.venv/lib/python3.10/site-packages/airflow/example_dags/tutorial_dag.py took 1.703 seconds
